0001_0011_0008_0044_0044.jpg 1 11 8 44 44
0002_0008_0038_0052_0052.jpg 1 8 38 52 52
0003_0005_0038_0053_0053.jpg 1 5 38 53 53
0004_0042_0045_0025_0025.jpg 1 42 45 25 25
0005_0019_0027_0051_0051.jpg 1 19 27 51 51
0006_0021_0039_0025_0025.jpg 1 21 39 25 25
0007_0009_0018_0063_0063.jpg 1 9 18 63 63
0008_0047_0007_0037_0037.jpg 1 47 7 37 37
0009_0056_0045_0026_0026.jpg 1 56 45 26 26
0010_0044_0007_0045_0045.jpg 1 44 7 45 45
0011_0021_0018_0064_0064.jpg 1 21 18 64 64
0012_0030_0032_0056_0056.jpg 1 30 32 56 56
0013_0021_0009_0066_0066.jpg 1 21 9 66 66
0014_0009_0033_0052_0052.jpg 1 9 33 52 52
0015_0032_0021_0059_0059.jpg 1 32 21 59 59
0016_0056_0018_0037_0037.jpg 1 56 18 37 37
0017_0018_0017_0045_0045.jpg 1 18 17 45 45
0018_0031_0015_0042_0042.jpg 1 31 15 42 42
0019_0029_0017_0053_0053.jpg 1 29 17 53 53
0020_0025_0023_0058_0058.jpg 1 25 23 58 58
0021_0015_0041_0029_0029.jpg 1 15 41 29 29
0022_0033_0031_0059_0059.jpg 1 33 31 59 59
0023_0013_0026_0060_0060.jpg 1 13 26 60 60
0024_0009_0007_0032_0032.jpg 1 9 7 32 32
0025_0042_0037_0041_0041.jpg 1 42 37 41 41
0026_0021_0020_0065_0065.jpg 1 21 20 65 65
0027_0027_0024_0061_0061.jpg 1 27 24 61 61
0028_0035_0049_0034_0034.jpg 1 35 49 34 34
0029_0005_0029_0055_0055.jpg 1 5 29 55 55
0030_0010_0020_0067_0067.jpg 1 10 20 67 67
0031_0006_0008_0065_0065.jpg 1 6 8 65 65
0032_0012_0033_0055_0055.jpg 1 12 33 55 55
0033_0017_0018_0056_0056.jpg 1 17 18 56 56
0034_0013_0033_0037_0037.jpg 1 13 33 37 37
0035_0048_0039_0034_0034.jpg 1 48 39 34 34
0036_0065_0020_0026_0026.jpg 1 65 20 26 26
0037_0012_0018_0039_0039.jpg 1 12 18 39 39
0038_0015_0024_0031_0031.jpg 1 15 24 31 31
0039_0020_0018_0057_0057.jpg 1 20 18 57 57
0040_0035_0005_0051_0051.jpg 1 35 5 51 51
0041_0021_0040_0025_0025.jpg 1 21 40 25 25
0042_0047_0065_0024_0024.jpg 1 47 65 24 24
0043_0014_0038_0034_0034.jpg 1 14 38 34 34
0044_0016_0010_0068_0068.jpg 1 16 10 68 68
0045_0037_0008_0049_0049.jpg 1 37 8 49 49
0046_0007_0012_0059_0059.jpg 1 7 12 59 59
0047_0015_0017_0065_0065.jpg 1 15 17 65 65
0048_0046_0007_0034_0034.jpg 1 46 7 34 34
0049_0013_0053_0036_0036.jpg 1 13 53 36 36
0050_0022_0009_0036_0036.jpg 1 22 9 36 36
0051_0024_0031_0063_0063.jpg 1 24 31 63 63
0052_0023_0027_0060_0060.jpg 1 23 27 60 60
0053_0016_0011_0059_0059.jpg 1 16 11 59 59
0054_0026_0018_0050_0050.jpg 1 26 18 50 50
0055_0010_0030_0047_0047.jpg 1 10 30 47 47
0056_0031_0010_0041_0041.jpg 1 31 10 41 41
0057_0034_0014_0059_0059.jpg 1 34 14 59 59
0058_0023_0020_0060_0060.jpg 1 23 20 60 60
0059_0017_0016_0065_0065.jpg 1 17 16 65 65
0060_0054_0050_0030_0030.jpg 1 54 50 30 30
0061_0011_0025_0064_0064.jpg 1 11 25 64 64
0062_0037_0016_0042_0042.jpg 1 37 16 42 42
0063_0043_0005_0048_0048.jpg 1 43 5 48 48
0064_0014_0043_0045_0045.jpg 1 14 43 45 45
0065_0026_0023_0052_0052.jpg 1 26 23 52 52
0066_0019_0050_0028_0028.jpg 1 19 50 28 28
0067_0054_0009_0029_0029.jpg 1 54 9 29 29
0068_0043_0025_0050_0050.jpg 1 43 25 50 50
0069_0022_0038_0049_0049.jpg 1 22 38 49 49
0070_0026_0031_0064_0064.jpg 1 26 31 64 64
0071_0032_0029_0029_0029.jpg 1 32 29 29 29
0072_0047_0049_0032_0032.jpg 1 47 49 32 32
0073_0012_0031_0063_0063.jpg 1 12 31 63 63
0074_0021_0039_0045_0045.jpg 1 21 39 45 45
0075_0014_0013_0037_0037.jpg 1 14 13 37 37
0076_0046_0043_0045_0045.jpg 1 46 43 45 45
0077_0060_0037_0032_0032.jpg 1 60 37 32 32
0078_0048_0028_0036_0036.jpg 1 48 28 36 36
0079_0034_0021_0061_0061.jpg 1 34 21 61 61
0080_0018_0032_0048_0048.jpg 1 18 32 48 48
0081_0033_0020_0051_0051.jpg 1 33 20 51 51
0082_0018_0025_0029_0029.jpg 1 18 25 29 29
0083_0034_0011_0060_0060.jpg 1 34 11 60 60
0084_0045_0045_0045_0045.jpg 1 45 45 45 45
0085_0006_0007_0043_0043.jpg 1 6 7 43 43
0086_0011_0014_0058_0058.jpg 1 11 14 58 58
0087_0007_0018_0060_0060.jpg 1 7 18 60 60
0088_0024_0018_0051_0051.jpg 1 24 18 51 51
0089_0057_0037_0029_0029.jpg 1 57 37 29 29
0090_0005_0022_0059_0059.jpg 1 5 22 59 59
0091_0031_0030_0048_0048.jpg 1 31 30 48 48
0092_0031_0016_0038_0038.jpg 1 31 16 38 38
0093_0023_0026_0052_0052.jpg 1 23 26 52 52
0094_0049_0037_0043_0043.jpg 1 49 37 43 43
0095_0039_0006_0045_0045.jpg 1 39 6 45 45
0096_0046_0044_0042_0042.jpg 1 46 44 42 42
0097_0034_0039_0042_0042.jpg 1 34 39 42 42
0098_0042_0025_0028_0028.jpg 1 42 25 28 28
0099_0035_0017_0033_0033.jpg 1 35 17 33 33
0100_0037_0018_0024_0024.jpg 1 37 18 24 24
0101_0018_0022_0065_0065.jpg 1 18 22 65 65
0102_0040_0047_0031_0031.jpg 1 40 47 31 31
0103_0022_0006_0059_0059.jpg 1 22 6 59 59
0104_0056_0028_0025_0025.jpg 1 56 28 25 25
0105_0019_0041_0043_0043.jpg 1 19 41 43 43
0106_0024_0034_0048_0048.jpg 1 24 34 48 48
0107_0031_0013_0056_0056.jpg 1 31 13 56 56
0108_0028_0038_0054_0054.jpg 1 28 38 54 54
0109_0028_0016_0057_0057.jpg 1 28 16 57 57
0110_0015_0007_0033_0033.jpg 1 15 7 33 33
0111_0059_0029_0028_0028.jpg 1 59 29 28 28
0112_0033_0027_0047_0047.jpg 1 33 27 47 47
0113_0025_0007_0054_0054.jpg 1 25 7 54 54
0114_0009_0007_0043_0043.jpg 1 9 7 43 43
0115_0022_0008_0054_0054.jpg 1 22 8 54 54
0116_0050_0023_0043_0043.jpg 1 50 23 43 43
0117_0010_0028_0052_0052.jpg 1 10 28 52 52
0118_0049_0026_0037_0037.jpg 1 49 26 37 37
0119_0035_0025_0043_0043.jpg 1 35 25 43 43
0120_0025_0032_0061_0061.jpg 1 25 32 61 61
0121_0026_0030_0041_0041.jpg 1 26 30 41 41
0122_0044_0023_0049_0049.jpg 1 44 23 49 49
0123_0017_0012_0054_0054.jpg 1 17 12 54 54
0124_0012_0024_0042_0042.jpg 1 12 24 42 42
0125_0032_0033_0033_0033.jpg 1 32 33 33 33
0126_0027_0022_0057_0057.jpg 1 27 22 57 57
0127_0020_0008_0068_0068.jpg 1 20 8 68 68
0128_0007_0007_0067_0067.jpg 1 7 7 67 67
0129_0014_0043_0034_0034.jpg 1 14 43 34 34
0130_0009_0043_0032_0032.jpg 1 9 43 32 32
0131_0059_0042_0027_0027.jpg 1 59 42 27 27
0132_0017_0014_0068_0068.jpg 1 17 14 68 68
0133_0049_0032_0043_0043.jpg 1 49 32 43 43
0134_0040_0011_0050_0050.jpg 1 40 11 50 50
0135_0030_0042_0045_0045.jpg 1 30 42 45 45
0136_0034_0026_0044_0044.jpg 1 34 26 44 44
0137_0015_0034_0025_0025.jpg 1 15 34 25 25
0138_0022_0021_0064_0064.jpg 1 22 21 64 64
0139_0024_0020_0067_0067.jpg 1 24 20 67 67
0140_0011_0009_0041_0041.jpg 1 11 9 41 41
0141_0061_0026_0025_0025.jpg 1 61 26 25 25
0142_0035_0050_0040_0040.jpg 1 35 50 40 40
0143_0007_0020_0063_0063.jpg 1 7 20 63 63
0144_0026_0015_0036_0036.jpg 1 26 15 36 36
0145_0033_0042_0051_0051.jpg 1 33 42 51 51
0146_0048_0035_0030_0030.jpg 1 48 35 30 30
0147_0017_0008_0069_0069.jpg 1 17 8 69 69
0148_0050_0025_0031_0031.jpg 1 50 25 31 31
0149_0011_0048_0045_0045.jpg 1 11 48 45 45
0150_0029_0006_0051_0051.jpg 1 29 6 51 51
0151_0046_0043_0038_0038.jpg 1 46 43 38 38
0152_0012_0030_0050_0050.jpg 1 12 30 50 50
0153_0016_0006_0057_0057.jpg 1 16 6 57 57
0154_0016_0019_0055_0055.jpg 1 16 19 55 55
0155_0024_0023_0068_0068.jpg 1 24 23 68 68
0156_0032_0032_0060_0060.jpg 1 32 32 60 60
0157_0007_0007_0043_0043.jpg 1 7 7 43 43
0158_0056_0020_0034_0034.jpg 1 56 20 34 34
0159_0010_0013_0031_0031.jpg 1 10 13 31 31
0160_0032_0034_0027_0027.jpg 1 32 34 27 27
0161_0040_0030_0044_0044.jpg 1 40 30 44 44
0162_0046_0008_0045_0045.jpg 1 46 8 45 45
0163_0010_0039_0026_0026.jpg 1 10 39 26 26
0164_0021_0041_0051_0051.jpg 1 21 41 51 51
0165_0031_0015_0034_0034.jpg 1 31 15 34 34
0166_0062_0034_0025_0025.jpg 1 62 34 25 25
0167_0028_0009_0026_0026.jpg 1 28 9 26 26
0168_0041_0022_0052_0052.jpg 1 41 22 52 52
0169_0022_0013_0049_0049.jpg 1 22 13 49 49
0170_0042_0028_0047_0047.jpg 1 42 28 47 47
0171_0013_0007_0035_0035.jpg 1 13 7 35 35
0172_0048_0018_0032_0032.jpg 1 48 18 32 32
0173_0030_0048_0044_0044.jpg 1 30 48 44 44
0174_0012_0023_0037_0037.jpg 1 12 23 37 37
0175_0034_0023_0057_0057.jpg 1 34 23 57 57
0176_0019_0020_0069_0069.jpg 1 19 20 69 69
0177_0034_0036_0049_0049.jpg 1 34 36 49 49
0178_0008_0037_0045_0045.jpg 1 8 37 45 45
0179_0037_0008_0050_0050.jpg 1 37 8 50 50
0180_0043_0044_0043_0043.jpg 1 43 44 43 43
0181_0030_0015_0058_0058.jpg 1 30 15 58 58
0182_0035_0035_0030_0030.jpg 1 35 35 30 30
0183_0028_0034_0060_0060.jpg 1 28 34 60 60
0184_0040_0007_0038_0038.jpg 1 40 7 38 38
0185_0017_0063_0026_0026.jpg 1 17 63 26 26
0186_0006_0011_0064_0064.jpg 1 6 11 64 64
0187_0046_0029_0027_0027.jpg 1 46 29 27 27
0188_0051_0054_0033_0033.jpg 1 51 54 33 33
0189_0027_0031_0056_0056.jpg 1 27 31 56 56
0190_0008_0020_0039_0039.jpg 1 8 20 39 39
0191_0029_0022_0065_0065.jpg 1 29 22 65 65
0192_0025_0043_0046_0046.jpg 1 25 43 46 46
0193_0011_0043_0041_0041.jpg 1 11 43 41 41
0194_0042_0014_0051_0051.jpg 1 42 14 51 51
0195_0020_0059_0029_0029.jpg 1 20 59 29 29
0196_0013_0033_0043_0043.jpg 1 13 33 43 43
0197_0027_0026_0052_0052.jpg 1 27 26 52 52
0198_0022_0030_0049_0049.jpg 1 22 30 49 49
0199_0005_0014_0050_0050.jpg 1 5 14 50 50
0200_0019_0017_0052_0052.jpg 1 19 17 52 52
0201_0030_0023_0051_0051.jpg 1 30 23 51 51
0202_0033_0007_0048_0048.jpg 1 33 7 48 48
0203_0045_0009_0044_0044.jpg 1 45 9 44 44
0204_0024_0058_0029_0029.jpg 1 24 58 29 29
0205_0018_0036_0045_0045.jpg 1 18 36 45 45
0206_0024_0013_0059_0059.jpg 1 24 13 59 59
0207_0007_0045_0046_0046.jpg 1 7 45 46 46
0208_0020_0010_0025_0025.jpg 1 20 10 25 25
0209_0018_0007_0064_0064.jpg 1 18 7 64 64
0210_0036_0057_0031_0031.jpg 1 36 57 31 31
0211_0056_0013_0032_0032.jpg 1 56 13 32 32
0212_0030_0036_0051_0051.jpg 1 30 36 51 51
0213_0017_0012_0059_0059.jpg 1 17 12 59 59
0214_0032_0026_0062_0062.jpg 1 32 26 62 62
0215_0044_0015_0044_0044.jpg 1 44 15 44 44
0216_0037_0013_0049_0049.jpg 1 37 13 49 49
0217_0003_0008_0065_0065.jpg 1 3 8 65 65
0218_0018_0016_0056_0056.jpg 1 18 16 56 56
0219_0032_0007_0040_0040.jpg 1 32 7 40 40
0220_0041_0020_0041_0041.jpg 1 41 20 41 41
0221_0018_0015_0068_0068.jpg 1 18 15 68 68
0222_0054_0041_0032_0032.jpg 1 54 41 32 32
0223_0042_0036_0040_0040.jpg 1 42 36 40 40
0224_0033_0009_0053_0053.jpg 1 33 9 53 53
0225_0012_0024_0058_0058.jpg 1 12 24 58 58
0226_0018_0011_0057_0057.jpg 1 18 11 57 57
0227_0017_0035_0057_0057.jpg 1 17 35 57 57
0228_0032_0042_0041_0041.jpg 1 32 42 41 41
0229_0011_0027_0060_0060.jpg 1 11 27 60 60
0230_0016_0025_0068_0068.jpg 1 16 25 68 68
0231_0015_0014_0057_0057.jpg 1 15 14 57 57
0232_0015_0006_0048_0048.jpg 1 15 6 48 48
0233_0048_0055_0036_0036.jpg 1 48 55 36 36
0234_0038_0025_0034_0034.jpg 1 38 25 34 34
0235_0036_0042_0047_0047.jpg 1 36 42 47 47
0236_0015_0029_0063_0063.jpg 1 15 29 63 63
0237_0019_0019_0060_0060.jpg 1 19 19 60 60
0238_0004_0018_0069_0069.jpg 1 4 18 69 69
0239_0032_0022_0041_0041.jpg 1 32 22 41 41
0240_0009_0010_0035_0035.jpg 1 9 10 35 35
0241_0010_0041_0027_0027.jpg 1 10 41 27 27
0242_0027_0006_0040_0040.jpg 1 27 6 40 40
0243_0046_0054_0027_0027.jpg 1 46 54 27 27
0244_0019_0011_0069_0069.jpg 1 19 11 69 69
0245_0020_0003_0067_0067.jpg 1 20 3 67 67
0246_0034_0030_0056_0056.jpg 1 34 30 56 56
0247_0008_0036_0052_0052.jpg 1 8 36 52 52
0248_0017_0011_0038_0038.jpg 1 17 11 38 38
0249_0031_0032_0044_0044.jpg 1 31 32 44 44
0250_0019_0043_0031_0031.jpg 1 19 43 31 31
0251_0016_0006_0067_0067.jpg 1 16 6 67 67
0252_0032_0038_0055_0055.jpg 1 32 38 55 55
0253_0022_0016_0068_0068.jpg 1 22 16 68 68
0254_0024_0010_0051_0051.jpg 1 24 10 51 51
0255_0016_0016_0054_0054.jpg 1 16 16 54 54
0256_0024_0016_0039_0039.jpg 1 24 16 39 39
0257_0023_0009_0061_0061.jpg 1 23 9 61 61
0258_0020_0027_0031_0031.jpg 1 20 27 31 31
0259_0031_0031_0054_0054.jpg 1 31 31 54 54
0260_0036_0043_0028_0028.jpg 1 36 43 28 28
0261_0035_0027_0032_0032.jpg 1 35 27 32 32
0262_0012_0029_0036_0036.jpg 1 12 29 36 36
0263_0051_0059_0024_0024.jpg 1 51 59 24 24
0264_0047_0059_0028_0028.jpg 1 47 59 28 28
0265_0007_0044_0050_0050.jpg 1 7 44 50 50
0266_0053_0049_0035_0035.jpg 1 53 49 35 35
0267_0022_0016_0064_0064.jpg 1 22 16 64 64
0268_0048_0055_0028_0028.jpg 1 48 55 28 28
0269_0006_0047_0042_0042.jpg 1 6 47 42 42
0270_0012_0039_0040_0040.jpg 1 12 39 40 40
0271_0017_0024_0035_0035.jpg 1 17 24 35 35
0272_0014_0006_0067_0067.jpg 1 14 6 67 67
0273_0055_0014_0026_0026.jpg 1 55 14 26 26
0274_0028_0008_0058_0058.jpg 1 28 8 58 58
0275_0051_0025_0040_0040.jpg 1 51 25 40 40
0276_0051_0052_0036_0036.jpg 1 51 52 36 36
0277_0020_0028_0059_0059.jpg 1 20 28 59 59
0278_0024_0028_0057_0057.jpg 1 24 28 57 57
0279_0005_0036_0046_0046.jpg 1 5 36 46 46
0280_0011_0040_0034_0034.jpg 1 11 40 34 34
0281_0017_0021_0051_0051.jpg 1 17 21 51 51
0282_0010_0051_0034_0034.jpg 1 10 51 34 34
0283_0007_0008_0064_0064.jpg 1 7 8 64 64
0284_0018_0034_0062_0062.jpg 1 18 34 62 62
0285_0019_0018_0066_0066.jpg 1 19 18 66 66
0286_0011_0025_0052_0052.jpg 1 11 25 52 52
0287_0009_0030_0061_0061.jpg 1 9 30 61 61
0288_0018_0021_0035_0035.jpg 1 18 21 35 35
0289_0042_0009_0037_0037.jpg 1 42 9 37 37
0290_0039_0050_0037_0037.jpg 1 39 50 37 37
0291_0059_0059_0028_0028.jpg 1 59 59 28 28
0292_0013_0043_0046_0046.jpg 1 13 43 46 46
0293_0016_0015_0055_0055.jpg 1 16 15 55 55
0294_0019_0027_0059_0059.jpg 1 19 27 59 59
0295_0004_0011_0066_0066.jpg 1 4 11 66 66
0296_0045_0006_0038_0038.jpg 1 45 6 38 38
0297_0038_0014_0040_0040.jpg 1 38 14 40 40
0298_0010_0019_0065_0065.jpg 1 10 19 65 65
0299_0034_0036_0052_0052.jpg 1 34 36 52 52
0300_0023_0007_0063_0063.jpg 1 23 7 63 63
0301_0020_0012_0058_0058.jpg 1 20 12 58 58
0302_0010_0031_0057_0057.jpg 1 10 31 57 57
0303_0011_0041_0032_0032.jpg 1 11 41 32 32
0304_0022_0005_0046_0046.jpg 1 22 5 46 46
0305_0009_0017_0045_0045.jpg 1 9 17 45 45
0306_0055_0057_0026_0026.jpg 1 55 57 26 26
0307_0032_0007_0060_0060.jpg 1 32 7 60 60
0308_0005_0028_0061_0061.jpg 1 5 28 61 61
0309_0023_0028_0064_0064.jpg 1 23 28 64 64
0310_0032_0017_0053_0053.jpg 1 32 17 53 53
0311_0024_0059_0030_0030.jpg 1 24 59 30 30
0312_0017_0016_0064_0064.jpg 1 17 16 64 64
0313_0010_0013_0053_0053.jpg 1 10 13 53 53
0314_0022_0007_0054_0054.jpg 1 22 7 54 54
0315_0008_0062_0028_0028.jpg 1 8 62 28 28
0316_0011_0059_0033_0033.jpg 1 11 59 33 33
0317_0034_0033_0048_0048.jpg 1 34 33 48 48
0318_0015_0009_0044_0044.jpg 1 15 9 44 44
0319_0012_0007_0053_0053.jpg 1 12 7 53 53
0320_0023_0047_0036_0036.jpg 1 23 47 36 36
0321_0013_0051_0035_0035.jpg 1 13 51 35 35
0322_0023_0021_0050_0050.jpg 1 23 21 50 50
0323_0032_0017_0025_0025.jpg 1 32 17 25 25
0324_0050_0034_0041_0041.jpg 1 50 34 41 41
0325_0009_0007_0036_0036.jpg 1 9 7 36 36
0326_0029_0011_0062_0062.jpg 1 29 11 62 62
0327_0024_0026_0040_0040.jpg 1 24 26 40 40
0328_0017_0062_0029_0029.jpg 1 17 62 29 29
0329_0033_0066_0025_0025.jpg 1 33 66 25 25
0330_0026_0029_0061_0061.jpg 1 26 29 61 61
0331_0047_0025_0039_0039.jpg 1 47 25 39 39
0332_0036_0022_0029_0029.jpg 1 36 22 29 29
0333_0009_0012_0044_0044.jpg 1 9 12 44 44
0334_0057_0025_0031_0031.jpg 1 57 25 31 31
0335_0039_0029_0055_0055.jpg 1 39 29 55 55
0336_0008_0027_0026_0026.jpg 1 8 27 26 26
0337_0013_0008_0027_0027.jpg 1 13 8 27 27
0338_0010_0018_0049_0049.jpg 1 10 18 49 49
0339_0021_0028_0065_0065.jpg 1 21 28 65 65
0340_0018_0021_0066_0066.jpg 1 18 21 66 66
0341_0026_0036_0049_0049.jpg 1 26 36 49 49
0342_0012_0018_0067_0067.jpg 1 12 18 67 67
0343_0022_0035_0053_0053.jpg 1 22 35 53 53
0344_0026_0046_0034_0034.jpg 1 26 46 34 34
0345_0039_0023_0037_0037.jpg 1 39 23 37 37
0346_0015_0036_0052_0052.jpg 1 15 36 52 52
0347_0017_0013_0054_0054.jpg 1 17 13 54 54
0348_0024_0014_0050_0050.jpg 1 24 14 50 50
0349_0046_0037_0041_0041.jpg 1 46 37 41 41
0350_0052_0019_0041_0041.jpg 1 52 19 41 41
0351_0031_0013_0054_0054.jpg 1 31 13 54 54
0352_0034_0036_0053_0053.jpg 1 34 36 53 53
0353_0014_0059_0024_0024.jpg 1 14 59 24 24
0354_0008_0022_0047_0047.jpg 1 8 22 47 47
0355_0003_0005_0067_0067.jpg 1 3 5 67 67
0356_0019_0007_0069_0069.jpg 1 19 7 69 69
0357_0010_0009_0057_0057.jpg 1 10 9 57 57
0358_0017_0031_0025_0025.jpg 1 17 31 25 25
0359_0036_0020_0033_0033.jpg 1 36 20 33 33
0360_0036_0033_0050_0050.jpg 1 36 33 50 50
0361_0018_0009_0063_0063.jpg 1 18 9 63 63
0362_0007_0026_0057_0057.jpg 1 7 26 57 57
0363_0022_0018_0042_0042.jpg 1 22 18 42 42
0364_0030_0015_0056_0056.jpg 1 30 15 56 56
0365_0008_0022_0046_0046.jpg 1 8 22 46 46
0366_0055_0010_0030_0030.jpg 1 55 10 30 30
0367_0010_0020_0055_0055.jpg 1 10 20 55 55
0368_0005_0026_0048_0048.jpg 1 5 26 48 48
0369_0030_0020_0057_0057.jpg 1 30 20 57 57
0370_0031_0023_0060_0060.jpg 1 31 23 60 60
0371_0045_0051_0037_0037.jpg 1 45 51 37 37
0372_0017_0006_0064_0064.jpg 1 17 6 64 64
0373_0040_0044_0039_0039.jpg 1 40 44 39 39
0374_0024_0020_0068_0068.jpg 1 24 20 68 68
0375_0024_0008_0030_0030.jpg 1 24 8 30 30
0376_0034_0049_0042_0042.jpg 1 34 49 42 42
0377_0027_0039_0026_0026.jpg 1 27 39 26 26
0378_0033_0006_0043_0043.jpg 1 33 6 43 43
0379_0017_0016_0069_0069.jpg 1 17 16 69 69
0380_0024_0012_0064_0064.jpg 1 24 12 64 64
0381_0017_0027_0061_0061.jpg 1 17 27 61 61
0382_0014_0016_0066_0066.jpg 1 14 16 66 66
0383_0054_0027_0026_0026.jpg 1 54 27 26 26
0384_0019_0025_0055_0055.jpg 1 19 25 55 55
0385_0027_0027_0025_0025.jpg 1 27 27 25 25
0386_0030_0039_0050_0050.jpg 1 30 39 50 50
0387_0012_0010_0025_0025.jpg 1 12 10 25 25
0388_0008_0038_0054_0054.jpg 1 8 38 54 54
0389_0040_0015_0046_0046.jpg 1 40 15 46 46
0390_0030_0014_0066_0066.jpg 1 30 14 66 66
0391_0044_0018_0032_0032.jpg 1 44 18 32 32
0392_0054_0022_0033_0033.jpg 1 54 22 33 33
0393_0015_0016_0049_0049.jpg 1 15 16 49 49
0394_0037_0011_0054_0054.jpg 1 37 11 54 54
0395_0029_0009_0028_0028.jpg 1 29 9 28 28
0396_0008_0013_0058_0058.jpg 1 8 13 58 58
0397_0007_0004_0058_0058.jpg 1 7 4 58 58
0398_0043_0039_0041_0041.jpg 1 43 39 41 41
0399_0029_0022_0038_0038.jpg 1 29 22 38 38
0400_0034_0022_0058_0058.jpg 1 34 22 58 58
0401_0023_0016_0062_0062.jpg 1 23 16 62 62
0402_0025_0011_0055_0055.jpg 1 25 11 55 55
0403_0029_0030_0043_0043.jpg 1 29 30 43 43
0404_0010_0010_0067_0067.jpg 1 10 10 67 67
0405_0019_0025_0049_0049.jpg 1 19 25 49 49
0406_0038_0011_0047_0047.jpg 1 38 11 47 47
0407_0029_0026_0056_0056.jpg 1 29 26 56 56
0408_0025_0030_0036_0036.jpg 1 25 30 36 36
0409_0011_0030_0058_0058.jpg 1 11 30 58 58
0410_0056_0015_0036_0036.jpg 1 56 15 36 36
0411_0036_0029_0034_0034.jpg 1 36 29 34 34
0412_0025_0012_0059_0059.jpg 1 25 12 59 59
0413_0047_0034_0029_0029.jpg 1 47 34 29 29
0414_0020_0010_0033_0033.jpg 1 20 10 33 33
0415_0048_0047_0034_0034.jpg 1 48 47 34 34
0416_0024_0038_0038_0038.jpg 1 24 38 38 38
0417_0008_0012_0032_0032.jpg 1 8 12 32 32
0418_0021_0009_0069_0069.jpg 1 21 9 69 69
0419_0020_0044_0027_0027.jpg 1 20 44 27 27
0420_0004_0012_0063_0063.jpg 1 4 12 63 63
0421_0014_0023_0058_0058.jpg 1 14 23 58 58
0422_0015_0045_0035_0035.jpg 1 15 45 35 35
0423_0018_0006_0041_0041.jpg 1 18 6 41 41
0424_0032_0016_0045_0045.jpg 1 32 16 45 45
0425_0022_0017_0057_0057.jpg 1 22 17 57 57
0426_0032_0026_0036_0036.jpg 1 32 26 36 36
0427_0056_0010_0031_0031.jpg 1 56 10 31 31
0428_0031_0015_0052_0052.jpg 1 31 15 52 52
0429_0022_0031_0065_0065.jpg 1 22 31 65 65
0430_0041_0043_0030_0030.jpg 1 41 43 30 30
0431_0066_0028_0024_0024.jpg 1 66 28 24 24
0432_0037_0024_0056_0056.jpg 1 37 24 56 56
0433_0039_0033_0051_0051.jpg 1 39 33 51 51
0434_0009_0031_0041_0041.jpg 1 9 31 41 41
0435_0017_0012_0039_0039.jpg 1 17 12 39 39
0436_0020_0010_0065_0065.jpg 1 20 10 65 65
0437_0014_0032_0057_0057.jpg 1 14 32 57 57
0438_0019_0023_0069_0069.jpg 1 19 23 69 69
0439_0023_0011_0063_0063.jpg 1 23 11 63 63
0440_0025_0029_0061_0061.jpg 1 25 29 61 61
0441_0024_0029_0048_0048.jpg 1 24 29 48 48
0442_0010_0021_0057_0057.jpg 1 10 21 57 57
0443_0061_0027_0029_0029.jpg 1 61 27 29 29
0444_0039_0021_0055_0055.jpg 1 39 21 55 55
0445_0055_0043_0034_0034.jpg 1 55 43 34 34
0446_0012_0055_0029_0029.jpg 1 12 55 29 29
0447_0016_0036_0047_0047.jpg 1 16 36 47 47
0448_0032_0041_0037_0037.jpg 1 32 41 37 37
0449_0057_0012_0026_0026.jpg 1 57 12 26 26
0450_0019_0023_0068_0068.jpg 1 19 23 68 68
0451_0025_0024_0057_0057.jpg 1 25 24 57 57
0452_0024_0026_0068_0068.jpg 1 24 26 68 68
0453_0009_0011_0057_0057.jpg 1 9 11 57 57
0454_0014_0019_0068_0068.jpg 1 14 19 68 68
0455_0005_0021_0061_0061.jpg 1 5 21 61 61
0456_0014_0038_0038_0038.jpg 1 14 38 38 38
0457_0016_0024_0051_0051.jpg 1 16 24 51 51
0458_0035_0023_0052_0052.jpg 1 35 23 52 52
0459_0049_0039_0041_0041.jpg 1 49 39 41 41
0460_0022_0044_0046_0046.jpg 1 22 44 46 46
0461_0006_0013_0058_0058.jpg 1 6 13 58 58
0462_0042_0034_0025_0025.jpg 1 42 34 25 25
0463_0010_0027_0051_0051.jpg 1 10 27 51 51
0464_0020_0014_0028_0028.jpg 1 20 14 28 28
0465_0005_0027_0065_0065.jpg 1 5 27 65 65
0466_0053_0014_0027_0027.jpg 1 53 14 27 27
0467_0025_0016_0041_0041.jpg 1 25 16 41 41
0468_0005_0011_0066_0066.jpg 1 5 11 66 66
0469_0040_0014_0048_0048.jpg 1 40 14 48 48
0470_0048_0013_0024_0024.jpg 1 48 13 24 24
0471_0018_0016_0044_0044.jpg 1 18 16 44 44
0472_0006_0033_0050_0050.jpg 1 6 33 50 50
0473_0014_0007_0064_0064.jpg 1 14 7 64 64
0474_0033_0043_0044_0044.jpg 1 33 43 44 44
0475_0034_0018_0059_0059.jpg 1 34 18 59 59
0476_0020_0017_0029_0029.jpg 1 20 17 29 29
0477_0019_0058_0026_0026.jpg 1 19 58 26 26
0478_0031_0046_0037_0037.jpg 1 31 46 37 37
0479_0014_0008_0069_0069.jpg 1 14 8 69 69
0480_0055_0008_0030_0030.jpg 1 55 8 30 30
0481_0011_0031_0055_0055.jpg 1 11 31 55 55
0482_0015_0016_0068_0068.jpg 1 15 16 68 68
0483_0013_0021_0051_0051.jpg 1 13 21 51 51
0484_0028_0031_0054_0054.jpg 1 28 31 54 54
0485_0008_0007_0053_0053.jpg 1 8 7 53 53
0486_0027_0040_0034_0034.jpg 1 27 40 34 34
0487_0041_0038_0046_0046.jpg 1 41 38 46 46
0488_0045_0012_0044_0044.jpg 1 45 12 44 44
0489_0032_0029_0063_0063.jpg 1 32 29 63 63
0490_0017_0031_0059_0059.jpg 1 17 31 59 59
0491_0061_0049_0032_0032.jpg 1 61 49 32 32
0492_0024_0029_0060_0060.jpg 1 24 29 60 60
0493_0028_0025_0051_0051.jpg 1 28 25 51 51
0494_0045_0041_0036_0036.jpg 1 45 41 36 36
0495_0013_0006_0056_0056.jpg 1 13 6 56 56
0496_0028_0018_0064_0064.jpg 1 28 18 64 64
0497_0057_0023_0027_0027.jpg 1 57 23 27 27
0498_0021_0050_0033_0033.jpg 1 21 50 33 33
0499_0021_0008_0051_0051.jpg 1 21 8 51 51
0500_0016_0006_0052_0052.jpg 1 16 6 52 52
0501_0026_0044_0049_0049.jpg 1 26 44 49 49
0502_0014_0040_0033_0033.jpg 1 14 40 33 33
0503_0014_0009_0057_0057.jpg 1 14 9 57 57
0504_0011_0034_0055_0055.jpg 1 11 34 55 55
0505_0044_0035_0048_0048.jpg 1 44 35 48 48
0506_0018_0009_0030_0030.jpg 1 18 9 30 30
0507_0039_0032_0038_0038.jpg 1 39 32 38 38
0508_0033_0015_0057_0057.jpg 1 33 15 57 57
0509_0024_0035_0039_0039.jpg 1 24 35 39 39
0510_0018_0005_0061_0061.jpg 1 18 5 61 61
0511_0021_0017_0041_0041.jpg 1 21 17 41 41
0512_0041_0026_0030_0030.jpg 1 41 26 30 30
0513_0009_0011_0069_0069.jpg 1 9 11 69 69
0514_0040_0028_0046_0046.jpg 1 40 28 46 46
0515_0017_0053_0040_0040.jpg 1 17 53 40 40
0516_0012_0020_0055_0055.jpg 1 12 20 55 55
0517_0016_0019_0036_0036.jpg 1 16 19 36 36
0518_0027_0020_0065_0065.jpg 1 27 20 65 65
0519_0035_0024_0058_0058.jpg 1 35 24 58 58
0520_0020_0032_0043_0043.jpg 1 20 32 43 43
0521_0017_0016_0069_0069.jpg 1 17 16 69 69
0522_0033_0015_0048_0048.jpg 1 33 15 48 48
0523_0034_0016_0061_0061.jpg 1 34 16 61 61
0524_0015_0018_0067_0067.jpg 1 15 18 67 67
0525_0013_0018_0045_0045.jpg 1 13 18 45 45
0526_0005_0009_0061_0061.jpg 1 5 9 61 61
0527_0023_0007_0042_0042.jpg 1 23 7 42 42
0528_0026_0020_0066_0066.jpg 1 26 20 66 66
0529_0021_0021_0057_0057.jpg 1 21 21 57 57
0530_0017_0017_0069_0069.jpg 1 17 17 69 69
0531_0031_0019_0043_0043.jpg 1 31 19 43 43
0532_0030_0020_0062_0062.jpg 1 30 20 62 62
0533_0025_0018_0059_0059.jpg 1 25 18 59 59
0534_0007_0007_0041_0041.jpg 1 7 7 41 41
0535_0011_0007_0069_0069.jpg 1 11 7 69 69
0536_0026_0012_0034_0034.jpg 1 26 12 34 34
0537_0032_0010_0032_0032.jpg 1 32 10 32 32
0538_0053_0045_0040_0040.jpg 1 53 45 40 40
0539_0014_0018_0033_0033.jpg 1 14 18 33 33
0540_0035_0043_0027_0027.jpg 1 35 43 27 27
0541_0014_0044_0035_0035.jpg 1 14 44 35 35
0542_0034_0020_0054_0054.jpg 1 34 20 54 54
0543_0021_0007_0056_0056.jpg 1 21 7 56 56
0544_0057_0014_0024_0024.jpg 1 57 14 24 24
0545_0028_0024_0059_0059.jpg 1 28 24 59 59
0546_0011_0025_0054_0054.jpg 1 11 25 54 54
0547_0027_0008_0060_0060.jpg 1 27 8 60 60
0548_0033_0025_0057_0057.jpg 1 33 25 57 57
0549_0027_0007_0062_0062.jpg 1 27 7 62 62
0550_0009_0005_0049_0049.jpg 1 9 5 49 49
0551_0032_0021_0061_0061.jpg 1 32 21 61 61
0552_0010_0016_0068_0068.jpg 1 10 16 68 68
0553_0025_0048_0045_0045.jpg 1 25 48 45 45
0554_0023_0033_0051_0051.jpg 1 23 33 51 51
0555_0004_0023_0068_0068.jpg 1 4 23 68 68
0556_0031_0017_0056_0056.jpg 1 31 17 56 56
0557_0021_0045_0041_0041.jpg 1 21 45 41 41
0558_0014_0018_0055_0055.jpg 1 14 18 55 55
0559_0007_0040_0034_0034.jpg 1 7 40 34 34
0560_0027_0029_0065_0065.jpg 1 27 29 65 65
0561_0024_0021_0066_0066.jpg 1 24 21 66 66
0562_0008_0018_0034_0034.jpg 1 8 18 34 34
0563_0022_0014_0062_0062.jpg 1 22 14 62 62
0564_0029_0031_0058_0058.jpg 1 29 31 58 58
0565_0034_0043_0027_0027.jpg 1 34 43 27 27
0566_0022_0036_0038_0038.jpg 1 22 36 38 38
0567_0039_0039_0044_0044.jpg 1 39 39 44 44
0568_0005_0027_0069_0069.jpg 1 5 27 69 69
0569_0044_0031_0032_0032.jpg 1 44 31 32 32
0570_0007_0013_0048_0048.jpg 1 7 13 48 48
0571_0017_0029_0063_0063.jpg 1 17 29 63 63
0572_0045_0028_0048_0048.jpg 1 45 28 48 48
0573_0032_0007_0048_0048.jpg 1 32 7 48 48
0574_0041_0011_0030_0030.jpg 1 41 11 30 30
0575_0014_0014_0046_0046.jpg 1 14 14 46 46
0576_0031_0024_0037_0037.jpg 1 31 24 37 37
0577_0049_0018_0042_0042.jpg 1 49 18 42 42
0578_0005_0021_0041_0041.jpg 1 5 21 41 41
0579_0031_0032_0059_0059.jpg 1 31 32 59 59
0580_0046_0028_0044_0044.jpg 1 46 28 44 44
0581_0012_0022_0052_0052.jpg 1 12 22 52 52
0582_0007_0040_0046_0046.jpg 1 7 40 46 46
0583_0027_0011_0054_0054.jpg 1 27 11 54 54
0584_0010_0048_0044_0044.jpg 1 10 48 44 44
0585_0027_0006_0058_0058.jpg 1 27 6 58 58
0586_0048_0049_0038_0038.jpg 1 48 49 38 38
0587_0011_0029_0050_0050.jpg 1 11 29 50 50
0588_0021_0011_0060_0060.jpg 1 21 11 60 60
0589_0023_0017_0026_0026.jpg 1 23 17 26 26
0590_0008_0016_0059_0059.jpg 1 8 16 59 59
0591_0016_0016_0066_0066.jpg 1 16 16 66 66
0592_0046_0039_0036_0036.jpg 1 46 39 36 36
0593_0037_0012_0035_0035.jpg 1 37 12 35 35
0594_0008_0011_0043_0043.jpg 1 8 11 43 43
0595_0013_0018_0046_0046.jpg 1 13 18 46 46
0596_0013_0033_0059_0059.jpg 1 13 33 59 59
0597_0032_0022_0064_0064.jpg 1 32 22 64 64
0598_0008_0045_0027_0027.jpg 1 8 45 27 27
0599_0045_0059_0029_0029.jpg 1 45 59 29 29
0600_0022_0025_0067_0067.jpg 1 22 25 67 67
0601_0040_0024_0038_0038.jpg 1 40 24 38 38
0602_0037_0011_0043_0043.jpg 1 37 11 43 43
0603_0019_0032_0026_0026.jpg 1 19 32 26 26
0604_0014_0018_0030_0030.jpg 1 14 18 30 30
0605_0008_0024_0068_0068.jpg 1 8 24 68 68
0606_0066_0053_0024_0024.jpg 1 66 53 24 24
0607_0032_0018_0051_0051.jpg 1 32 18 51 51
0608_0026_0017_0069_0069.jpg 1 26 17 69 69
0609_0026_0035_0058_0058.jpg 1 26 35 58 58
0610_0043_0034_0036_0036.jpg 1 43 34 36 36
0611_0033_0033_0050_0050.jpg 1 33 33 50 50
0612_0020_0028_0041_0041.jpg 1 20 28 41 41
0613_0015_0026_0055_0055.jpg 1 15 26 55 55
0614_0025_0036_0036_0036.jpg 1 25 36 36 36
0615_0029_0049_0040_0040.jpg 1 29 49 40 40
0616_0039_0053_0036_0036.jpg 1 39 53 36 36
0617_0028_0009_0037_0037.jpg 1 28 9 37 37
0618_0028_0007_0035_0035.jpg 1 28 7 35 35
0619_0064_0039_0025_0025.jpg 1 64 39 25 25
0620_0014_0038_0051_0051.jpg 1 14 38 51 51
0621_0018_0009_0062_0062.jpg 1 18 9 62 62
0622_0011_0017_0062_0062.jpg 1 11 17 62 62
0623_0054_0038_0033_0033.jpg 1 54 38 33 33
0624_0025_0025_0060_0060.jpg 1 25 25 60 60
0625_0039_0033_0050_0050.jpg 1 39 33 50 50
0626_0012_0016_0067_0067.jpg 1 12 16 67 67
0627_0013_0029_0052_0052.jpg 1 13 29 52 52
0628_0020_0010_0067_0067.jpg 1 20 10 67 67
0629_0016_0017_0049_0049.jpg 1 16 17 49 49
0630_0018_0015_0054_0054.jpg 1 18 15 54 54
0631_0035_0032_0036_0036.jpg 1 35 32 36 36
0632_0028_0036_0054_0054.jpg 1 28 36 54 54
0633_0024_0047_0030_0030.jpg 1 24 47 30 30
0634_0056_0009_0028_0028.jpg 1 56 9 28 28
0635_0014_0011_0069_0069.jpg 1 14 11 69 69
0636_0022_0011_0063_0063.jpg 1 22 11 63 63
0637_0011_0024_0030_0030.jpg 1 11 24 30 30
0638_0036_0011_0047_0047.jpg 1 36 11 47 47
0639_0009_0051_0039_0039.jpg 1 9 51 39 39
0640_0019_0032_0060_0060.jpg 1 19 32 60 60
0641_0037_0027_0039_0039.jpg 1 37 27 39 39
0642_0036_0015_0037_0037.jpg 1 36 15 37 37
0643_0033_0026_0060_0060.jpg 1 33 26 60 60
0644_0042_0025_0040_0040.jpg 1 42 25 40 40
0645_0011_0011_0068_0068.jpg 1 11 11 68 68
0646_0006_0013_0050_0050.jpg 1 6 13 50 50
0647_0033_0031_0045_0045.jpg 1 33 31 45 45
0648_0041_0008_0048_0048.jpg 1 41 8 48 48
0649_0023_0007_0046_0046.jpg 1 23 7 46 46
0650_0047_0024_0039_0039.jpg 1 47 24 39 39
0651_0061_0046_0026_0026.jpg 1 61 46 26 26
0652_0028_0037_0047_0047.jpg 1 28 37 47 47
0653_0025_0046_0040_0040.jpg 1 25 46 40 40
0654_0024_0026_0067_0067.jpg 1 24 26 67 67
0655_0026_0008_0045_0045.jpg 1 26 8 45 45
0656_0049_0024_0033_0033.jpg 1 49 24 33 33
0657_0043_0025_0024_0024.jpg 1 43 25 24 24
0658_0036_0032_0059_0059.jpg 1 36 32 59 59
0659_0024_0026_0058_0058.jpg 1 24 26 58 58
0660_0034_0023_0058_0058.jpg 1 34 23 58 58
0661_0007_0022_0056_0056.jpg 1 7 22 56 56
0662_0028_0055_0026_0026.jpg 1 28 55 26 26
0663_0031_0005_0048_0048.jpg 1 31 5 48 48
0664_0011_0013_0060_0060.jpg 1 11 13 60 60
0665_0030_0020_0041_0041.jpg 1 30 20 41 41
0666_0024_0043_0043_0043.jpg 1 24 43 43 43
0667_0005_0041_0045_0045.jpg 1 5 41 45 45
0668_0038_0009_0052_0052.jpg 1 38 9 52 52
0669_0030_0027_0066_0066.jpg 1 30 27 66 66
0670_0039_0031_0038_0038.jpg 1 39 31 38 38
0671_0025_0011_0068_0068.jpg 1 25 11 68 68
0672_0023_0006_0057_0057.jpg 1 23 6 57 57
0673_0020_0029_0064_0064.jpg 1 20 29 64 64
0674_0026_0037_0042_0042.jpg 1 26 37 42 42
0675_0025_0028_0044_0044.jpg 1 25 28 44 44
0676_0032_0046_0033_0033.jpg 1 32 46 33 33
0677_0012_0025_0056_0056.jpg 1 12 25 56 56
0678_0016_0004_0068_0068.jpg 1 16 4 68 68
0679_0017_0017_0065_0065.jpg 1 17 17 65 65
0680_0007_0020_0065_0065.jpg 1 7 20 65 65
0681_0017_0009_0029_0029.jpg 1 17 9 29 29
0682_0030_0044_0028_0028.jpg 1 30 44 28 28
0683_0035_0015_0036_0036.jpg 1 35 15 36 36
0684_0026_0025_0064_0064.jpg 1 26 25 64 64
0685_0013_0034_0034_0034.jpg 1 13 34 34 34
0686_0010_0005_0061_0061.jpg 1 10 5 61 61
0687_0013_0049_0032_0032.jpg 1 13 49 32 32
0688_0022_0019_0066_0066.jpg 1 22 19 66 66
0689_0034_0013_0039_0039.jpg 1 34 13 39 39
0690_0043_0045_0044_0044.jpg 1 43 45 44 44
0691_0064_0044_0027_0027.jpg 1 64 44 27 27
0692_0025_0054_0037_0037.jpg 1 25 54 37 37
0693_0013_0023_0061_0061.jpg 1 13 23 61 61
0694_0030_0058_0027_0027.jpg 1 30 58 27 27
0695_0031_0059_0033_0033.jpg 1 31 59 33 33
0696_0005_0026_0069_0069.jpg 1 5 26 69 69
0697_0019_0021_0069_0069.jpg 1 19 21 69 69
0698_0028_0014_0057_0057.jpg 1 28 14 57 57
0699_0013_0039_0026_0026.jpg 1 13 39 26 26
0700_0025_0013_0035_0035.jpg 1 25 13 35 35
0701_0023_0054_0026_0026.jpg 1 23 54 26 26
0702_0017_0025_0037_0037.jpg 1 17 25 37 37
0703_0021_0026_0040_0040.jpg 1 21 26 40 40
0704_0042_0039_0047_0047.jpg 1 42 39 47 47
0705_0027_0046_0038_0038.jpg 1 27 46 38 38
0706_0021_0027_0055_0055.jpg 1 21 27 55 55
0707_0009_0028_0062_0062.jpg 1 9 28 62 62
0708_0015_0006_0067_0067.jpg 1 15 6 67 67
0709_0014_0020_0047_0047.jpg 1 14 20 47 47
0710_0039_0019_0046_0046.jpg 1 39 19 46 46
0711_0021_0023_0064_0064.jpg 1 21 23 64 64
0712_0014_0014_0065_0065.jpg 1 14 14 65 65
0713_0046_0062_0027_0027.jpg 1 46 62 27 27
0714_0036_0033_0054_0054.jpg 1 36 33 54 54
0715_0048_0055_0030_0030.jpg 1 48 55 30 30
0716_0305_0032_0150_0150.jpg 1 305 32 150 150
0717_0043_0023_0026_0026.jpg 1 43 23 26 26
0718_0017_0026_0068_0068.jpg 1 17 26 68 68
0719_0019_0013_0060_0060.jpg 1 19 13 60 60
0720_0028_0006_0068_0068.jpg 1 28 6 68 68
0721_0014_0022_0061_0061.jpg 1 14 22 61 61
0722_0015_0036_0041_0041.jpg 1 15 36 41 41
0723_0030_0023_0025_0025.jpg 1 30 23 25 25
0724_0026_0025_0044_0044.jpg 1 26 25 44 44
0725_0013_0019_0055_0055.jpg 1 13 19 55 55
0726_0007_0007_0066_0066.jpg 1 7 7 66 66
0727_0028_0043_0025_0025.jpg 1 28 43 25 25
0728_0017_0048_0036_0036.jpg 1 17 48 36 36
0729_0044_0021_0047_0047.jpg 1 44 21 47 47
0730_0052_0012_0034_0034.jpg 1 52 12 34 34
0731_0027_0019_0039_0039.jpg 1 27 19 39 39
0732_0009_0016_0063_0063.jpg 1 9 16 63 63
0733_0051_0039_0036_0036.jpg 1 51 39 36 36
0734_0006_0019_0067_0067.jpg 1 6 19 67 67
0735_0047_0040_0026_0026.jpg 1 47 40 26 26
0736_0038_0043_0043_0043.jpg 1 38 43 43 43
0737_0024_0009_0040_0040.jpg 1 24 9 40 40
0738_0024_0042_0049_0049.jpg 1 24 42 49 49
0739_0034_0014_0059_0059.jpg 1 34 14 59 59
0740_0027_0035_0049_0049.jpg 1 27 35 49 49
0741_0019_0030_0028_0028.jpg 1 19 30 28 28
0742_0005_0017_0062_0062.jpg 1 5 17 62 62
0743_0034_0025_0060_0060.jpg 1 34 25 60 60
0744_0045_0010_0035_0035.jpg 1 45 10 35 35
0745_0024_0016_0056_0056.jpg 1 24 16 56 56
0746_0020_0019_0069_0069.jpg 1 20 19 69 69
0747_0027_0025_0069_0069.jpg 1 27 25 69 69
0748_0017_0029_0033_0033.jpg 1 17 29 33 33
0749_0031_0032_0039_0039.jpg 1 31 32 39 39
0750_0034_0035_0044_0044.jpg 1 34 35 44 44
0751_0019_0022_0037_0037.jpg 1 19 22 37 37
0752_0053_0038_0038_0038.jpg 1 53 38 38 38
0753_0052_0022_0031_0031.jpg 1 52 22 31 31
0754_0014_0005_0050_0050.jpg 1 14 5 50 50
0755_0018_0006_0049_0049.jpg 1 18 6 49 49
0756_0037_0034_0030_0030.jpg 1 37 34 30 30
0757_0023_0030_0054_0054.jpg 1 23 30 54 54
0758_0014_0040_0038_0038.jpg 1 14 40 38 38
0759_0027_0037_0040_0040.jpg 1 27 37 40 40
0760_0029_0013_0061_0061.jpg 1 29 13 61 61
0761_0023_0038_0057_0057.jpg 1 23 38 57 57
0762_0009_0009_0055_0055.jpg 1 9 9 55 55
0763_0009_0008_0069_0069.jpg 1 9 8 69 69
0764_0035_0044_0032_0032.jpg 1 35 44 32 32
0765_0034_0035_0045_0045.jpg 1 34 35 45 45
0766_0013_0010_0045_0045.jpg 1 13 10 45 45
0767_0052_0044_0042_0042.jpg 1 52 44 42 42
0768_0046_0042_0028_0028.jpg 1 46 42 28 28
0769_0050_0054_0033_0033.jpg 1 50 54 33 33
0770_0003_0013_0069_0069.jpg 1 3 13 69 69
0771_0023_0021_0057_0057.jpg 1 23 21 57 57
0772_0045_0039_0044_0044.jpg 1 45 39 44 44
0773_0012_0009_0050_0050.jpg 1 12 9 50 50
0774_0008_0048_0034_0034.jpg 1 8 48 34 34
0775_0041_0012_0049_0049.jpg 1 41 12 49 49
0776_0034_0026_0056_0056.jpg 1 34 26 56 56
0777_0018_0034_0029_0029.jpg 1 18 34 29 29
0778_0035_0041_0054_0054.jpg 1 35 41 54 54
0779_0015_0012_0059_0059.jpg 1 15 12 59 59
0780_0013_0003_0068_0068.jpg 1 13 3 68 68
0781_0025_0013_0051_0051.jpg 1 25 13 51 51
0782_0020_0008_0058_0058.jpg 1 20 8 58 58
0783_0042_0043_0028_0028.jpg 1 42 43 28 28
0784_0014_0038_0041_0041.jpg 1 14 38 41 41
0785_0045_0018_0042_0042.jpg 1 45 18 42 42
0786_0012_0020_0068_0068.jpg 1 12 20 68 68
0787_0016_0021_0062_0062.jpg 1 16 21 62 62
0788_0011_0019_0042_0042.jpg 1 11 19 42 42
0789_0014_0006_0040_0040.jpg 1 14 6 40 40
0790_0026_0030_0060_0060.jpg 1 26 30 60 60
0791_0016_0033_0048_0048.jpg 1 16 33 48 48
0792_0024_0012_0053_0053.jpg 1 24 12 53 53
0793_0022_0017_0067_0067.jpg 1 22 17 67 67
0794_0019_0004_0056_0056.jpg 1 19 4 56 56
0795_0005_0007_0052_0052.jpg 1 5 7 52 52
0796_0024_0004_0065_0065.jpg 1 24 4 65 65
0797_0007_0010_0060_0060.jpg 1 7 10 60 60
0798_0030_0007_0066_0066.jpg 1 30 7 66 66
0799_0011_0005_0057_0057.jpg 1 11 5 57 57
0800_0011_0030_0044_0044.jpg 1 11 30 44 44
