0001_0009_0035_0057_0057.jpg 1 9 35 57 57
0002_0034_0024_0061_0061.jpg 1 34 24 61 61
0003_0012_0042_0045_0045.jpg 1 12 42 45 45
0004_0046_0048_0024_0024.jpg 1 46 48 24 24
0005_0008_0003_0066_0066.jpg 1 8 3 66 66
0006_0009_0058_0029_0029.jpg 1 9 58 29 29
0007_0047_0016_0031_0031.jpg 1 47 16 31 31
0008_0013_0014_0039_0039.jpg 1 13 14 39 39
0009_0049_0025_0027_0027.jpg 1 49 25 27 27
0010_0010_0006_0044_0044.jpg 1 10 6 44 44
0011_0014_0051_0024_0024.jpg 1 14 51 24 24
0012_0050_0017_0032_0032.jpg 1 50 17 32 32
0013_0009_0037_0054_0054.jpg 1 9 37 54 54
0014_0033_0007_0032_0032.jpg 1 33 7 32 32
0015_0030_0043_0043_0043.jpg 1 30 43 43 43
0016_0036_0025_0048_0048.jpg 1 36 25 48 48
0017_0060_0042_0024_0024.jpg 1 60 42 24 24
0018_0037_0015_0043_0043.jpg 1 37 15 43 43
0019_0026_0054_0037_0037.jpg 1 26 54 37 37
0020_0029_0008_0057_0057.jpg 1 29 8 57 57
0021_0021_0049_0024_0024.jpg 1 21 49 24 24
0022_0015_0014_0063_0063.jpg 1 15 14 63 63
0023_0009_0055_0024_0024.jpg 1 9 55 24 24
0024_0052_0012_0025_0025.jpg 1 52 12 25 25
0025_0034_0019_0048_0048.jpg 1 34 19 48 48
0026_0019_0022_0069_0069.jpg 1 19 22 69 69
0027_0023_0017_0064_0064.jpg 1 23 17 64 64
0028_0016_0007_0054_0054.jpg 1 16 7 54 54
0029_0039_0026_0035_0035.jpg 1 39 26 35 35
0030_0021_0034_0061_0061.jpg 1 21 34 61 61
0031_0021_0010_0048_0048.jpg 1 21 10 48 48
0032_0030_0044_0044_0044.jpg 1 30 44 44 44
0033_0027_0014_0052_0052.jpg 1 27 14 52 52
0034_0020_0024_0048_0048.jpg 1 20 24 48 48
0035_0006_0009_0044_0044.jpg 1 6 9 44 44
0036_0043_0008_0048_0048.jpg 1 43 8 48 48
0037_0007_0012_0060_0060.jpg 1 7 12 60 60
0038_0030_0034_0031_0031.jpg 1 30 34 31 31
0039_0022_0035_0044_0044.jpg 1 22 35 44 44
0040_0039_0022_0035_0035.jpg 1 39 22 35 35
0041_0011_0031_0043_0043.jpg 1 11 31 43 43
0042_0008_0024_0064_0064.jpg 1 8 24 64 64
0043_0015_0050_0038_0038.jpg 1 15 50 38 38
0044_0039_0026_0045_0045.jpg 1 39 26 45 45
0045_0013_0012_0058_0058.jpg 1 13 12 58 58
0046_0028_0030_0051_0051.jpg 1 28 30 51 51
0047_0022_0020_0045_0045.jpg 1 22 20 45 45
0048_0019_0007_0052_0052.jpg 1 19 7 52 52
0049_0028_0029_0067_0067.jpg 1 28 29 67 67
0050_0035_0032_0050_0050.jpg 1 35 32 50 50
0051_0013_0049_0024_0024.jpg 1 13 49 24 24
0052_0009_0042_0030_0030.jpg 1 9 42 30 30
0053_0017_0051_0040_0040.jpg 1 17 51 40 40
0054_0048_0059_0025_0025.jpg 1 48 59 25 25
0055_0009_0023_0063_0063.jpg 1 9 23 63 63
0056_0041_0006_0054_0054.jpg 1 41 6 54 54
0057_0005_0022_0064_0064.jpg 1 5 22 64 64
0058_0025_0054_0034_0034.jpg 1 25 54 34 34
0059_0036_0027_0055_0055.jpg 1 36 27 55 55
0060_0030_0011_0031_0031.jpg 1 30 11 31 31
0061_0006_0004_0064_0064.jpg 1 6 4 64 64
0062_0016_0040_0037_0037.jpg 1 16 40 37 37
0063_0027_0053_0030_0030.jpg 1 27 53 30 30
0064_0041_0029_0052_0052.jpg 1 41 29 52 52
0065_0025_0018_0047_0047.jpg 1 25 18 47 47
0066_0013_0028_0064_0064.jpg 1 13 28 64 64
0067_0036_0016_0043_0043.jpg 1 36 16 43 43
0068_0026_0005_0046_0046.jpg 1 26 5 46 46
0069_0038_0014_0028_0028.jpg 1 38 14 28 28
0070_0040_0014_0054_0054.jpg 1 40 14 54 54
0071_0015_0037_0037_0037.jpg 1 15 37 37 37
0072_0041_0047_0036_0036.jpg 1 41 47 36 36
0073_0016_0050_0028_0028.jpg 1 16 50 28 28
0074_0019_0033_0048_0048.jpg 1 19 33 48 48
0075_0040_0045_0040_0040.jpg 1 40 45 40 40
0076_0033_0040_0044_0044.jpg 1 33 40 44 44
0077_0038_0041_0028_0028.jpg 1 38 41 28 28
0078_0033_0005_0051_0051.jpg 1 33 5 51 51
0079_0018_0012_0066_0066.jpg 1 18 12 66 66
0080_0025_0017_0040_0040.jpg 1 25 17 40 40
0081_0025_0021_0027_0027.jpg 1 25 21 27 27
0082_0049_0023_0031_0031.jpg 1 49 23 31 31
0083_0008_0041_0052_0052.jpg 1 8 41 52 52
0084_0046_0042_0028_0028.jpg 1 46 42 28 28
0085_0010_0019_0066_0066.jpg 1 10 19 66 66
0086_0013_0025_0055_0055.jpg 1 13 25 55 55
0087_0043_0042_0047_0047.jpg 1 43 42 47 47
0088_0026_0025_0049_0049.jpg 1 26 25 49 49
0089_0029_0020_0060_0060.jpg 1 29 20 60 60
0090_0047_0024_0043_0043.jpg 1 47 24 43 43
0091_0012_0017_0068_0068.jpg 1 12 17 68 68
0092_0028_0025_0035_0035.jpg 1 28 25 35 35
0093_0007_0037_0032_0032.jpg 1 7 37 32 32
0094_0022_0041_0031_0031.jpg 1 22 41 31 31
0095_0011_0018_0061_0061.jpg 1 11 18 61 61
0096_0020_0024_0058_0058.jpg 1 20 24 58 58
0097_0044_0010_0035_0035.jpg 1 44 10 35 35
0098_0008_0024_0039_0039.jpg 1 8 24 39 39
0099_0015_0046_0032_0032.jpg 1 15 46 32 32
0100_0047_0015_0038_0038.jpg 1 47 15 38 38
0101_0023_0008_0063_0063.jpg 1 23 8 63 63
0102_0029_0035_0056_0056.jpg 1 29 35 56 56
0103_0028_0004_0055_0055.jpg 1 28 4 55 55
0104_0010_0029_0062_0062.jpg 1 10 29 62 62
0105_0020_0030_0031_0031.jpg 1 20 30 31 31
0106_0009_0015_0068_0068.jpg 1 9 15 68 68
0107_0055_0008_0036_0036.jpg 1 55 8 36 36
0108_0028_0024_0030_0030.jpg 1 28 24 30 30
0109_0007_0018_0056_0056.jpg 1 7 18 56 56
0110_0009_0021_0033_0033.jpg 1 9 21 33 33
0111_0010_0041_0047_0047.jpg 1 10 41 47 47
0112_0029_0016_0045_0045.jpg 1 29 16 45 45
0113_0033_0030_0060_0060.jpg 1 33 30 60 60
0114_0017_0031_0063_0063.jpg 1 17 31 63 63
0115_0026_0016_0064_0064.jpg 1 26 16 64 64
0116_0035_0040_0045_0045.jpg 1 35 40 45 45
0117_0006_0032_0052_0052.jpg 1 6 32 52 52
0118_0019_0012_0044_0044.jpg 1 19 12 44 44
0119_0012_0044_0025_0025.jpg 1 12 44 25 25
0120_0019_0025_0067_0067.jpg 1 19 25 67 67
0121_0030_0043_0046_0046.jpg 1 30 43 46 46
0122_0041_0046_0047_0047.jpg 1 41 46 47 47
0123_0008_0029_0063_0063.jpg 1 8 29 63 63
0124_0010_0017_0067_0067.jpg 1 10 17 67 67
0125_0021_0008_0032_0032.jpg 1 21 8 32 32
0126_0041_0013_0024_0024.jpg 1 41 13 24 24
0127_0025_0058_0024_0024.jpg 1 25 58 24 24
0128_0024_0026_0069_0069.jpg 1 24 26 69 69
0129_0011_0012_0061_0061.jpg 1 11 12 61 61
0130_0031_0021_0045_0045.jpg 1 31 21 45 45
0131_0031_0031_0065_0065.jpg 1 31 31 65 65
0132_0043_0051_0031_0031.jpg 1 43 51 31 31
0133_0011_0031_0049_0049.jpg 1 11 31 49 49
0134_0026_0044_0048_0048.jpg 1 26 44 48 48
0135_0042_0043_0037_0037.jpg 1 42 43 37 37
0136_0020_0049_0044_0044.jpg 1 20 49 44 44
0137_0045_0058_0028_0028.jpg 1 45 58 28 28
0138_0018_0016_0067_0067.jpg 1 18 16 67 67
0139_0022_0017_0054_0054.jpg 1 22 17 54 54
0140_0032_0023_0048_0048.jpg 1 32 23 48 48
0141_0057_0054_0033_0033.jpg 1 57 54 33 33
0142_0040_0018_0051_0051.jpg 1 40 18 51 51
0143_0008_0018_0065_0065.jpg 1 8 18 65 65
0144_0042_0015_0049_0049.jpg 1 42 15 49 49
0145_0021_0036_0036_0036.jpg 1 21 36 36 36
0146_0023_0027_0045_0045.jpg 1 23 27 45 45
0147_0020_0008_0066_0066.jpg 1 20 8 66 66
0148_0031_0005_0061_0061.jpg 1 31 5 61 61
0149_0012_0035_0054_0054.jpg 1 12 35 54 54
0150_0017_0026_0048_0048.jpg 1 17 26 48 48
0151_0024_0019_0048_0048.jpg 1 24 19 48 48
0152_0006_0021_0065_0065.jpg 1 6 21 65 65
0153_0056_0021_0030_0030.jpg 1 56 21 30 30
0154_0037_0019_0039_0039.jpg 1 37 19 39 39
0155_0004_0019_0055_0055.jpg 1 4 19 55 55
0156_0045_0030_0032_0032.jpg 1 45 30 32 32
0157_0016_0011_0064_0064.jpg 1 16 11 64 64
0158_0036_0030_0033_0033.jpg 1 36 30 33 33
0159_0035_0040_0040_0040.jpg 1 35 40 40 40
0160_0053_0065_0025_0025.jpg 1 53 65 25 25
0161_0048_0037_0038_0038.jpg 1 48 37 38 38
0162_0012_0033_0031_0031.jpg 1 12 33 31 31
0163_0013_0035_0059_0059.jpg 1 13 35 59 59
0164_0023_0008_0064_0064.jpg 1 23 8 64 64
0165_0026_0025_0059_0059.jpg 1 26 25 59 59
0166_0025_0009_0056_0056.jpg 1 25 9 56 56
0167_0015_0018_0050_0050.jpg 1 15 18 50 50
0168_0035_0034_0056_0056.jpg 1 35 34 56 56
0169_0040_0029_0027_0027.jpg 1 40 29 27 27
0170_0038_0039_0033_0033.jpg 1 38 39 33 33
0171_0039_0018_0049_0049.jpg 1 39 18 49 49
0172_0033_0013_0044_0044.jpg 1 33 13 44 44
0173_0018_0044_0031_0031.jpg 1 18 44 31 31
0174_0015_0011_0058_0058.jpg 1 15 11 58 58
0175_0031_0025_0044_0044.jpg 1 31 25 44 44
0176_0013_0037_0049_0049.jpg 1 13 37 49 49
0177_0032_0013_0051_0051.jpg 1 32 13 51 51
0178_0043_0028_0045_0045.jpg 1 43 28 45 45
0179_0054_0065_0024_0024.jpg 1 54 65 24 24
0180_0052_0020_0033_0033.jpg 1 52 20 33 33
0181_0020_0041_0047_0047.jpg 1 20 41 47 47
0182_0025_0019_0050_0050.jpg 1 25 19 50 50
0183_0011_0033_0055_0055.jpg 1 11 33 55 55
0184_0042_0050_0028_0028.jpg 1 42 50 28 28
0185_0032_0017_0042_0042.jpg 1 32 17 42 42
0186_0031_0010_0036_0036.jpg 1 31 10 36 36
0187_0005_0025_0060_0060.jpg 1 5 25 60 60
0188_0020_0036_0046_0046.jpg 1 20 36 46 46
0189_0013_0036_0027_0027.jpg 1 13 36 27 27
0190_0009_0009_0069_0069.jpg 1 9 9 69 69
0191_0026_0023_0067_0067.jpg 1 26 23 67 67
0192_0021_0008_0035_0035.jpg 1 21 8 35 35
0193_0024_0011_0069_0069.jpg 1 24 11 69 69
0194_0026_0004_0067_0067.jpg 1 26 4 67 67
0195_0006_0010_0035_0035.jpg 1 6 10 35 35
0196_0015_0052_0032_0032.jpg 1 15 52 32 32
0197_0022_0024_0029_0029.jpg 1 22 24 29 29
0198_0036_0010_0055_0055.jpg 1 36 10 55 55
0199_0030_0011_0052_0052.jpg 1 30 11 52 52
0200_0035_0028_0060_0060.jpg 1 35 28 60 60
0201_0045_0054_0026_0026.jpg 1 45 54 26 26
0202_0039_0005_0052_0052.jpg 1 39 5 52 52
0203_0048_0038_0024_0024.jpg 1 48 38 24 24
0204_0012_0011_0054_0054.jpg 1 12 11 54 54
0205_0025_0033_0051_0051.jpg 1 25 33 51 51
0206_0009_0009_0065_0065.jpg 1 9 9 65 65
0207_0016_0022_0026_0026.jpg 1 16 22 26 26
0208_0045_0009_0048_0048.jpg 1 45 9 48 48
0209_0025_0042_0052_0052.jpg 1 25 42 52 52
0210_0012_0015_0069_0069.jpg 1 12 15 69 69
0211_0040_0018_0043_0043.jpg 1 40 18 43 43
0212_0040_0008_0053_0053.jpg 1 40 8 53 53
0213_0013_0027_0030_0030.jpg 1 13 27 30 30
0214_0023_0033_0042_0042.jpg 1 23 33 42 42
0215_0033_0048_0044_0044.jpg 1 33 48 44 44
0216_0021_0028_0061_0061.jpg 1 21 28 61 61
0217_0049_0040_0042_0042.jpg 1 49 40 42 42
0218_0007_0024_0056_0056.jpg 1 7 24 56 56
0219_0026_0014_0061_0061.jpg 1 26 14 61 61
0220_0017_0022_0046_0046.jpg 1 17 22 46 46
0221_0011_0036_0051_0051.jpg 1 11 36 51 51
0222_0030_0044_0037_0037.jpg 1 30 44 37 37
0223_0005_0040_0051_0051.jpg 1 5 40 51 51
0224_0028_0024_0057_0057.jpg 1 28 24 57 57
0225_0033_0006_0051_0051.jpg 1 33 6 51 51
0226_0023_0019_0042_0042.jpg 1 23 19 42 42
0227_0029_0025_0040_0040.jpg 1 29 25 40 40
0228_0022_0029_0062_0062.jpg 1 22 29 62 62
0229_0020_0034_0026_0026.jpg 1 20 34 26 26
0230_0005_0033_0051_0051.jpg 1 5 33 51 51
0231_0031_0025_0047_0047.jpg 1 31 25 47 47
0232_0044_0011_0037_0037.jpg 1 44 11 37 37
0233_0032_0020_0035_0035.jpg 1 32 20 35 35
0234_0023_0022_0052_0052.jpg 1 23 22 52 52
0235_0013_0017_0027_0027.jpg 1 13 17 27 27
0236_0011_0038_0033_0033.jpg 1 11 38 33 33
0237_0015_0042_0047_0047.jpg 1 15 42 47 47
0238_0041_0021_0027_0027.jpg 1 41 21 27 27
0239_0055_0052_0030_0030.jpg 1 55 52 30 30
0240_0023_0007_0060_0060.jpg 1 23 7 60 60
0241_0041_0018_0049_0049.jpg 1 41 18 49 49
0242_0061_0023_0029_0029.jpg 1 61 23 29 29
0243_0006_0027_0052_0052.jpg 1 6 27 52 52
0244_0011_0007_0039_0039.jpg 1 11 7 39 39
0245_0035_0029_0046_0046.jpg 1 35 29 46 46
0246_0006_0023_0040_0040.jpg 1 6 23 40 40
0247_0021_0028_0065_0065.jpg 1 21 28 65 65
0248_0041_0034_0024_0024.jpg 1 41 34 24 24
0249_0028_0020_0046_0046.jpg 1 28 20 46 46
0250_0027_0029_0058_0058.jpg 1 27 29 58 58
0251_0047_0026_0029_0029.jpg 1 47 26 29 29
0252_0038_0035_0029_0029.jpg 1 38 35 29 29
0253_0020_0028_0062_0062.jpg 1 20 28 62 62
0254_0032_0054_0027_0027.jpg 1 32 54 27 27
0255_0041_0032_0054_0054.jpg 1 41 32 54 54
0256_0046_0008_0046_0046.jpg 1 46 8 46 46
0257_0007_0005_0066_0066.jpg 1 7 5 66 66
0258_0030_0003_0064_0064.jpg 1 30 3 64 64
0259_0009_0022_0050_0050.jpg 1 9 22 50 50
0260_0022_0010_0034_0034.jpg 1 22 10 34 34
0261_0006_0007_0053_0053.jpg 1 6 7 53 53
0262_0046_0008_0041_0041.jpg 1 46 8 41 41
0263_0006_0018_0066_0066.jpg 1 6 18 66 66
0264_0034_0039_0054_0054.jpg 1 34 39 54 54
0265_0008_0021_0054_0054.jpg 1 8 21 54 54
0266_0013_0011_0055_0055.jpg 1 13 11 55 55
0267_0025_0026_0052_0052.jpg 1 25 26 52 52
0268_0035_0007_0057_0057.jpg 1 35 7 57 57
0269_0038_0026_0029_0029.jpg 1 38 26 29 29
0270_0028_0022_0045_0045.jpg 1 28 22 45 45
0271_0036_0054_0036_0036.jpg 1 36 54 36 36
0272_0048_0015_0044_0044.jpg 1 48 15 44 44
0273_0044_0015_0037_0037.jpg 1 44 15 37 37
0274_0020_0054_0025_0025.jpg 1 20 54 25 25
0275_0027_0016_0062_0062.jpg 1 27 16 62 62
0276_0038_0017_0036_0036.jpg 1 38 17 36 36
0277_0025_0033_0040_0040.jpg 1 25 33 40 40
0278_0028_0025_0043_0043.jpg 1 28 25 43 43
0279_0059_0058_0032_0032.jpg 1 59 58 32 32
0280_0004_0030_0064_0064.jpg 1 4 30 64 64
0281_0063_0045_0026_0026.jpg 1 63 45 26 26
0282_0026_0031_0028_0028.jpg 1 26 31 28 28
0283_0025_0049_0040_0040.jpg 1 25 49 40 40
0284_0014_0021_0026_0026.jpg 1 14 21 26 26
0285_0033_0014_0057_0057.jpg 1 33 14 57 57
0286_0009_0014_0069_0069.jpg 1 9 14 69 69
0287_0024_0061_0026_0026.jpg 1 24 61 26 26
0288_0029_0028_0049_0049.jpg 1 29 28 49 49
0289_0032_0054_0029_0029.jpg 1 32 54 29 29
0290_0011_0029_0040_0040.jpg 1 11 29 40 40
0291_0007_0028_0063_0063.jpg 1 7 28 63 63
0292_0025_0009_0034_0034.jpg 1 25 9 34 34
0293_0031_0045_0041_0041.jpg 1 31 45 41 41
0294_0027_0027_0043_0043.jpg 1 27 27 43 43
0295_0015_0030_0059_0059.jpg 1 15 30 59 59
0296_0017_0015_0045_0045.jpg 1 17 15 45 45
0297_0022_0008_0066_0066.jpg 1 22 8 66 66
0298_0029_0033_0057_0057.jpg 1 29 33 57 57
0299_0042_0020_0030_0030.jpg 1 42 20 30 30
0300_0032_0032_0046_0046.jpg 1 32 32 46 46
0301_0020_0013_0067_0067.jpg 1 20 13 67 67
0302_0020_0012_0031_0031.jpg 1 20 12 31 31
0303_0010_0027_0064_0064.jpg 1 10 27 64 64
0304_0010_0029_0028_0028.jpg 1 10 29 28 28
0305_0051_0061_0027_0027.jpg 1 51 61 27 27
0306_0017_0039_0042_0042.jpg 1 17 39 42 42
0307_0015_0016_0050_0050.jpg 1 15 16 50 50
0308_0015_0026_0069_0069.jpg 1 15 26 69 69
0309_0028_0037_0051_0051.jpg 1 28 37 51 51
0310_0028_0012_0055_0055.jpg 1 28 12 55 55
0311_0044_0040_0029_0029.jpg 1 44 40 29 29
0312_0025_0039_0036_0036.jpg 1 25 39 36 36
0313_0014_0010_0057_0057.jpg 1 14 10 57 57
0314_0021_0032_0048_0048.jpg 1 21 32 48 48
0315_0026_0013_0059_0059.jpg 1 26 13 59 59
0316_0020_0030_0047_0047.jpg 1 20 30 47 47
0317_0013_0016_0069_0069.jpg 1 13 16 69 69
0318_0034_0036_0040_0040.jpg 1 34 36 40 40
0319_0050_0043_0040_0040.jpg 1 50 43 40 40
0320_0044_0024_0042_0042.jpg 1 44 24 42 42
0321_0026_0043_0046_0046.jpg 1 26 43 46 46
0322_0048_0011_0033_0033.jpg 1 48 11 33 33
0323_0020_0035_0061_0061.jpg 1 20 35 61 61
0324_0034_0050_0029_0029.jpg 1 34 50 29 29
0325_0014_0013_0045_0045.jpg 1 14 13 45 45
0326_0030_0004_0060_0060.jpg 1 30 4 60 60
0327_0017_0055_0027_0027.jpg 1 17 55 27 27
0328_0007_0054_0034_0034.jpg 1 7 54 34 34
0329_0027_0036_0045_0045.jpg 1 27 36 45 45
0330_0027_0006_0060_0060.jpg 1 27 6 60 60
0331_0006_0032_0035_0035.jpg 1 6 32 35 35
0332_0034_0049_0028_0028.jpg 1 34 49 28 28
0333_0009_0015_0068_0068.jpg 1 9 15 68 68
0334_0021_0006_0047_0047.jpg 1 21 6 47 47
0335_0017_0059_0032_0032.jpg 1 17 59 32 32
0336_0047_0014_0032_0032.jpg 1 47 14 32 32
0337_0009_0050_0027_0027.jpg 1 9 50 27 27
0338_0026_0004_0055_0055.jpg 1 26 4 55 55
0339_0017_0011_0052_0052.jpg 1 17 11 52 52
0340_0044_0015_0036_0036.jpg 1 44 15 36 36
0341_0028_0008_0049_0049.jpg 1 28 8 49 49
0342_0041_0038_0041_0041.jpg 1 41 38 41 41
0343_0016_0008_0027_0027.jpg 1 16 8 27 27
0344_0055_0047_0027_0027.jpg 1 55 47 27 27
0345_0028_0031_0032_0032.jpg 1 28 31 32 32
0346_0004_0007_0053_0053.jpg 1 4 7 53 53
0347_0021_0021_0039_0039.jpg 1 21 21 39 39
0348_0007_0023_0067_0067.jpg 1 7 23 67 67
0349_0022_0020_0069_0069.jpg 1 22 20 69 69
0350_0029_0013_0062_0062.jpg 1 29 13 62 62
0351_0012_0017_0026_0026.jpg 1 12 17 26 26
0352_0006_0009_0064_0064.jpg 1 6 9 64 64
0353_0023_0048_0027_0027.jpg 1 23 48 27 27
0354_0012_0013_0069_0069.jpg 1 12 13 69 69
0355_0007_0021_0061_0061.jpg 1 7 21 61 61
0356_0019_0019_0061_0061.jpg 1 19 19 61 61
0357_0012_0019_0035_0035.jpg 1 12 19 35 35
0358_0028_0009_0067_0067.jpg 1 28 9 67 67
0359_0049_0030_0043_0043.jpg 1 49 30 43 43
0360_0018_0005_0067_0067.jpg 1 18 5 67 67
0361_0031_0035_0049_0049.jpg 1 31 35 49 49
0362_0034_0015_0025_0025.jpg 1 34 15 25 25
0363_0005_0016_0054_0054.jpg 1 5 16 54 54
0364_0032_0015_0059_0059.jpg 1 32 15 59 59
0365_0019_0052_0025_0025.jpg 1 19 52 25 25
0366_0055_0031_0036_0036.jpg 1 55 31 36 36
0367_0010_0029_0059_0059.jpg 1 10 29 59 59
0368_0029_0018_0062_0062.jpg 1 29 18 62 62
0369_0008_0025_0038_0038.jpg 1 8 25 38 38
0370_0048_0031_0030_0030.jpg 1 48 31 30 30
0371_0016_0024_0060_0060.jpg 1 16 24 60 60
0372_0034_0007_0047_0047.jpg 1 34 7 47 47
0373_0062_0021_0030_0030.jpg 1 62 21 30 30
0374_0057_0018_0027_0027.jpg 1 57 18 27 27
0375_0060_0014_0031_0031.jpg 1 60 14 31 31
0376_0031_0025_0052_0052.jpg 1 31 25 52 52
0377_0008_0023_0068_0068.jpg 1 8 23 68 68
0378_0015_0006_0053_0053.jpg 1 15 6 53 53
0379_0062_0045_0030_0030.jpg 1 62 45 30 30
0380_0029_0005_0049_0049.jpg 1 29 5 49 49
0381_0018_0014_0039_0039.jpg 1 18 14 39 39
0382_0047_0044_0044_0044.jpg 1 47 44 44 44
0383_0040_0016_0030_0030.jpg 1 40 16 30 30
0384_0012_0005_0067_0067.jpg 1 12 5 67 67
0385_0034_0026_0036_0036.jpg 1 34 26 36 36
0386_0011_0009_0066_0066.jpg 1 11 9 66 66
0387_0012_0040_0024_0024.jpg 1 12 40 24 24
0388_0023_0024_0052_0052.jpg 1 23 24 52 52
0389_0052_0060_0032_0032.jpg 1 52 60 32 32
0390_0005_0009_0069_0069.jpg 1 5 9 69 69
0391_0006_0032_0042_0042.jpg 1 6 32 42 42
0392_0064_0035_0026_0026.jpg 1 64 35 26 26
0393_0036_0034_0036_0036.jpg 1 36 34 36 36
0394_0011_0045_0029_0029.jpg 1 11 45 29 29
0395_0045_0044_0025_0025.jpg 1 45 44 25 25
0396_0026_0035_0036_0036.jpg 1 26 35 36 36
0397_0040_0043_0047_0047.jpg 1 40 43 47 47
0398_0023_0020_0063_0063.jpg 1 23 20 63 63
0399_0031_0032_0056_0056.jpg 1 31 32 56 56
0400_0023_0025_0039_0039.jpg 1 23 25 39 39
0401_0007_0009_0039_0039.jpg 1 7 9 39 39
0402_0019_0012_0055_0055.jpg 1 19 12 55 55
0403_0017_0042_0049_0049.jpg 1 17 42 49 49
0404_0017_0024_0039_0039.jpg 1 17 24 39 39
0405_0043_0022_0043_0043.jpg 1 43 22 43 43
0406_0040_0019_0048_0048.jpg 1 40 19 48 48
0407_0018_0007_0051_0051.jpg 1 18 7 51 51
0408_0007_0015_0066_0066.jpg 1 7 15 66 66
0409_0014_0028_0066_0066.jpg 1 14 28 66 66
0410_0044_0055_0036_0036.jpg 1 44 55 36 36
0411_0024_0010_0037_0037.jpg 1 24 10 37 37
0412_0025_0044_0034_0034.jpg 1 25 44 34 34
0413_0021_0031_0033_0033.jpg 1 21 31 33 33
0414_0037_0006_0048_0048.jpg 1 37 6 48 48
0415_0010_0039_0050_0050.jpg 1 10 39 50 50
0416_0022_0019_0054_0054.jpg 1 22 19 54 54
0417_0007_0018_0050_0050.jpg 1 7 18 50 50
0418_0029_0021_0032_0032.jpg 1 29 21 32 32
0419_0057_0031_0036_0036.jpg 1 57 31 36 36
0420_0025_0017_0050_0050.jpg 1 25 17 50 50
0421_0024_0015_0068_0068.jpg 1 24 15 68 68
0422_0018_0010_0065_0065.jpg 1 18 10 65 65
0423_0043_0033_0048_0048.jpg 1 43 33 48 48
0424_0035_0026_0047_0047.jpg 1 35 26 47 47
0425_0033_0034_0061_0061.jpg 1 33 34 61 61
0426_0049_0050_0025_0025.jpg 1 49 50 25 25
0427_0017_0030_0062_0062.jpg 1 17 30 62 62
0428_0052_0018_0027_0027.jpg 1 52 18 27 27
0429_0011_0017_0031_0031.jpg 1 11 17 31 31
0430_0038_0027_0050_0050.jpg 1 38 27 50 50
0431_0027_0027_0034_0034.jpg 1 27 27 34 34
0432_0044_0049_0042_0042.jpg 1 44 49 42 42
0433_0021_0005_0051_0051.jpg 1 21 5 51 51
0434_0034_0034_0042_0042.jpg 1 34 34 42 42
0435_0014_0024_0055_0055.jpg 1 14 24 55 55
0436_0022_0023_0069_0069.jpg 1 22 23 69 69
0437_0050_0053_0029_0029.jpg 1 50 53 29 29
0438_0024_0026_0060_0060.jpg 1 24 26 60 60
0439_0014_0005_0057_0057.jpg 1 14 5 57 57
0440_0029_0017_0054_0054.jpg 1 29 17 54 54
0441_0036_0041_0047_0047.jpg 1 36 41 47 47
0442_0019_0035_0048_0048.jpg 1 19 35 48 48
0443_0060_0037_0025_0025.jpg 1 60 37 25 25
0444_0028_0007_0053_0053.jpg 1 28 7 53 53
0445_0045_0039_0029_0029.jpg 1 45 39 29 29
0446_0015_0011_0060_0060.jpg 1 15 11 60 60
0447_0029_0032_0056_0056.jpg 1 29 32 56 56
0448_0011_0047_0040_0040.jpg 1 11 47 40 40
0449_0023_0039_0027_0027.jpg 1 23 39 27 27
0450_0010_0007_0067_0067.jpg 1 10 7 67 67
0451_0023_0032_0056_0056.jpg 1 23 32 56 56
0452_0029_0029_0058_0058.jpg 1 29 29 58 58
0453_0054_0060_0028_0028.jpg 1 54 60 28 28
0454_0030_0008_0026_0026.jpg 1 30 8 26 26
0455_0023_0056_0035_0035.jpg 1 23 56 35 35
0456_0054_0021_0033_0033.jpg 1 54 21 33 33
0457_0026_0048_0030_0030.jpg 1 26 48 30 30
0458_0027_0022_0050_0050.jpg 1 27 22 50 50
0459_0018_0030_0060_0060.jpg 1 18 30 60 60
0460_0006_0007_0048_0048.jpg 1 6 7 48 48
0461_0032_0028_0041_0041.jpg 1 32 28 41 41
0462_0008_0019_0034_0034.jpg 1 8 19 34 34
0463_0026_0012_0061_0061.jpg 1 26 12 61 61
0464_0008_0053_0032_0032.jpg 1 8 53 32 32
0465_0015_0023_0066_0066.jpg 1 15 23 66 66
0466_0049_0036_0041_0041.jpg 1 49 36 41 41
0467_0047_0059_0031_0031.jpg 1 47 59 31 31
0468_0035_0042_0049_0049.jpg 1 35 42 49 49
0469_0034_0020_0037_0037.jpg 1 34 20 37 37
0470_0016_0029_0036_0036.jpg 1 16 29 36 36
0471_0046_0035_0040_0040.jpg 1 46 35 40 40
0472_0051_0044_0041_0041.jpg 1 51 44 41 41
0473_0014_0036_0050_0050.jpg 1 14 36 50 50
0474_0011_0065_0026_0026.jpg 1 11 65 26 26
0475_0006_0015_0048_0048.jpg 1 6 15 48 48
0476_0027_0013_0066_0066.jpg 1 27 13 66 66
0477_0017_0019_0057_0057.jpg 1 17 19 57 57
0478_0031_0008_0063_0063.jpg 1 31 8 63 63
0479_0038_0020_0038_0038.jpg 1 38 20 38 38
0480_0041_0032_0054_0054.jpg 1 41 32 54 54
0481_0007_0028_0064_0064.jpg 1 7 28 64 64
0482_0028_0008_0068_0068.jpg 1 28 8 68 68
0483_0011_0047_0028_0028.jpg 1 11 47 28 28
0484_0018_0027_0057_0057.jpg 1 18 27 57 57
0485_0008_0034_0060_0060.jpg 1 8 34 60 60
0486_0043_0029_0041_0041.jpg 1 43 29 41 41
0487_0008_0016_0069_0069.jpg 1 8 16 69 69
0488_0031_0009_0058_0058.jpg 1 31 9 58 58
0489_0026_0009_0056_0056.jpg 1 26 9 56 56
0490_0030_0058_0026_0026.jpg 1 30 58 26 26
0491_0026_0007_0063_0063.jpg 1 26 7 63 63
0492_0029_0025_0046_0046.jpg 1 29 25 46 46
0493_0034_0019_0061_0061.jpg 1 34 19 61 61
0494_0045_0022_0046_0046.jpg 1 45 22 46 46
0495_0009_0007_0046_0046.jpg 1 9 7 46 46
0496_0036_0022_0030_0030.jpg 1 36 22 30 30
0497_0031_0019_0048_0048.jpg 1 31 19 48 48
0498_0006_0039_0042_0042.jpg 1 6 39 42 42
0499_0036_0040_0039_0039.jpg 1 36 40 39 39
0500_0017_0040_0039_0039.jpg 1 17 40 39 39
0501_0034_0015_0057_0057.jpg 1 34 15 57 57
0502_0028_0020_0063_0063.jpg 1 28 20 63 63
0503_0028_0016_0064_0064.jpg 1 28 16 64 64
0504_0027_0022_0032_0032.jpg 1 27 22 32 32
0505_0018_0025_0064_0064.jpg 1 18 25 64 64
0506_0034_0022_0028_0028.jpg 1 34 22 28 28
0507_0028_0039_0051_0051.jpg 1 28 39 51 51
0508_0019_0016_0035_0035.jpg 1 19 16 35 35
0509_0047_0023_0024_0024.jpg 1 47 23 24 24
0510_0038_0025_0057_0057.jpg 1 38 25 57 57
0511_0028_0024_0041_0041.jpg 1 28 24 41 41
0512_0020_0024_0038_0038.jpg 1 20 24 38 38
0513_0053_0051_0031_0031.jpg 1 53 51 31 31
0514_0032_0015_0047_0047.jpg 1 32 15 47 47
0515_0030_0014_0052_0052.jpg 1 30 14 52 52
0516_0033_0016_0047_0047.jpg 1 33 16 47 47
0517_0029_0044_0038_0038.jpg 1 29 44 38 38
0518_0039_0021_0035_0035.jpg 1 39 21 35 35
0519_0034_0032_0036_0036.jpg 1 34 32 36 36
0520_0020_0015_0061_0061.jpg 1 20 15 61 61
0521_0016_0014_0060_0060.jpg 1 16 14 60 60
0522_0041_0013_0052_0052.jpg 1 41 13 52 52
0523_0035_0034_0057_0057.jpg 1 35 34 57 57
0524_0036_0032_0042_0042.jpg 1 36 32 42 42
0525_0037_0042_0042_0042.jpg 1 37 42 42 42
0526_0021_0019_0064_0064.jpg 1 21 19 64 64
0527_0023_0026_0055_0055.jpg 1 23 26 55 55
0528_0010_0017_0066_0066.jpg 1 10 17 66 66
0529_0048_0010_0045_0045.jpg 1 48 10 45 45
0530_0010_0010_0064_0064.jpg 1 10 10 64 64
0531_0015_0036_0055_0055.jpg 1 15 36 55 55
0532_0005_0015_0050_0050.jpg 1 5 15 50 50
0533_0033_0059_0034_0034.jpg 1 33 59 34 34
0534_0008_0010_0067_0067.jpg 1 8 10 67 67
0535_0026_0006_0069_0069.jpg 1 26 6 69 69
0536_0048_0010_0028_0028.jpg 1 48 10 28 28
0537_0007_0025_0054_0054.jpg 1 7 25 54 54
0538_0018_0019_0062_0062.jpg 1 18 19 62 62
0539_0050_0055_0037_0037.jpg 1 50 55 37 37
0540_0014_0024_0025_0025.jpg 1 14 24 25 25
0541_0010_0029_0044_0044.jpg 1 10 29 44 44
0542_0028_0040_0054_0054.jpg 1 28 40 54 54
0543_0012_0035_0050_0050.jpg 1 12 35 50 50
0544_0021_0029_0049_0049.jpg 1 21 29 49 49
0545_0015_0046_0036_0036.jpg 1 15 46 36 36
0546_0045_0035_0038_0038.jpg 1 45 35 38 38
0547_0026_0033_0062_0062.jpg 1 26 33 62 62
0548_0018_0027_0049_0049.jpg 1 18 27 49 49
0549_0039_0035_0049_0049.jpg 1 39 35 49 49
0550_0011_0013_0069_0069.jpg 1 11 13 69 69
0551_0012_0010_0064_0064.jpg 1 12 10 64 64
0552_0030_0007_0065_0065.jpg 1 30 7 65 65
0553_0032_0056_0034_0034.jpg 1 32 56 34 34
0554_0038_0005_0057_0057.jpg 1 38 5 57 57
0555_0009_0016_0063_0063.jpg 1 9 16 63 63
0556_0008_0040_0041_0041.jpg 1 8 40 41 41
0557_0024_0010_0060_0060.jpg 1 24 10 60 60
0558_0053_0052_0027_0027.jpg 1 53 52 27 27
0559_0017_0004_0068_0068.jpg 1 17 4 68 68
0560_0027_0012_0068_0068.jpg 1 27 12 68 68
0561_0011_0005_0060_0060.jpg 1 11 5 60 60
0562_0018_0030_0035_0035.jpg 1 18 30 35 35
0563_0019_0015_0046_0046.jpg 1 19 15 46 46
0564_0051_0020_0032_0032.jpg 1 51 20 32 32
0565_0021_0028_0050_0050.jpg 1 21 28 50 50
0566_0022_0014_0056_0056.jpg 1 22 14 56 56
0567_0028_0007_0033_0033.jpg 1 28 7 33 33
0568_0032_0008_0044_0044.jpg 1 32 8 44 44
0569_0030_0022_0038_0038.jpg 1 30 22 38 38
0570_0023_0017_0037_0037.jpg 1 23 17 37 37
0571_0006_0026_0037_0037.jpg 1 6 26 37 37
0572_0040_0032_0047_0047.jpg 1 40 32 47 47
0573_0035_0033_0043_0043.jpg 1 35 33 43 43
0574_0019_0028_0040_0040.jpg 1 19 28 40 40
0575_0018_0019_0024_0024.jpg 1 18 19 24 24
0576_0023_0027_0061_0061.jpg 1 23 27 61 61
0577_0038_0021_0026_0026.jpg 1 38 21 26 26
0578_0021_0030_0056_0056.jpg 1 21 30 56 56
0579_0016_0005_0044_0044.jpg 1 16 5 44 44
0580_0033_0052_0030_0030.jpg 1 33 52 30 30
0581_0012_0026_0037_0037.jpg 1 12 26 37 37
0582_0007_0023_0066_0066.jpg 1 7 23 66 66
0583_0029_0048_0042_0042.jpg 1 29 48 42 42
0584_0045_0017_0034_0034.jpg 1 45 17 34 34
0585_0054_0048_0033_0033.jpg 1 54 48 33 33
0586_0010_0028_0029_0029.jpg 1 10 28 29 29
0587_0022_0046_0047_0047.jpg 1 22 46 47 47
0588_0023_0020_0056_0056.jpg 1 23 20 56 56
0589_0021_0012_0050_0050.jpg 1 21 12 50 50
0590_0032_0055_0035_0035.jpg 1 32 55 35 35
0591_0061_0011_0030_0030.jpg 1 61 11 30 30
0592_0031_0007_0052_0052.jpg 1 31 7 52 52
0593_0039_0032_0056_0056.jpg 1 39 32 56 56
0594_0043_0047_0036_0036.jpg 1 43 47 36 36
0595_0016_0009_0049_0049.jpg 1 16 9 49 49
0596_0006_0042_0040_0040.jpg 1 6 42 40 40
0597_0034_0048_0040_0040.jpg 1 34 48 40 40
0598_0018_0034_0057_0057.jpg 1 18 34 57 57
0599_0030_0020_0058_0058.jpg 1 30 20 58 58
0600_0035_0042_0046_0046.jpg 1 35 42 46 46
0601_0020_0029_0067_0067.jpg 1 20 29 67 67
0602_0012_0012_0068_0068.jpg 1 12 12 68 68
0603_0029_0020_0028_0028.jpg 1 29 20 28 28
0604_0051_0046_0040_0040.jpg 1 51 46 40 40
0605_0004_0012_0066_0066.jpg 1 4 12 66 66
0606_0036_0046_0043_0043.jpg 1 36 46 43 43
0607_0012_0024_0042_0042.jpg 1 12 24 42 42
0608_0025_0004_0061_0061.jpg 1 25 4 61 61
0609_0050_0063_0028_0028.jpg 1 50 63 28 28
0610_0016_0039_0053_0053.jpg 1 16 39 53 53
0611_0013_0027_0057_0057.jpg 1 13 27 57 57
0612_0040_0038_0052_0052.jpg 1 40 38 52 52
0613_0043_0030_0048_0048.jpg 1 43 30 48 48
0614_0026_0019_0068_0068.jpg 1 26 19 68 68
0615_0004_0010_0062_0062.jpg 1 4 10 62 62
0616_0012_0022_0063_0063.jpg 1 12 22 63 63
0617_0023_0005_0067_0067.jpg 1 23 5 67 67
0618_0006_0034_0036_0036.jpg 1 6 34 36 36
0619_0050_0011_0042_0042.jpg 1 50 11 42 42
0620_0039_0035_0032_0032.jpg 1 39 35 32 32
0621_0032_0008_0053_0053.jpg 1 32 8 53 53
0622_0059_0024_0033_0033.jpg 1 59 24 33 33
0623_0022_0012_0069_0069.jpg 1 22 12 69 69
0624_0057_0023_0034_0034.jpg 1 57 23 34 34
0625_0048_0044_0030_0030.jpg 1 48 44 30 30
0626_0052_0044_0037_0037.jpg 1 52 44 37 37
0627_0018_0007_0044_0044.jpg 1 18 7 44 44
0628_0019_0015_0062_0062.jpg 1 19 15 62 62
0629_0004_0024_0064_0064.jpg 1 4 24 64 64
0630_0013_0015_0061_0061.jpg 1 13 15 61 61
0631_0059_0044_0033_0033.jpg 1 59 44 33 33
0632_0047_0045_0045_0045.jpg 1 47 45 45 45
0633_0059_0023_0024_0024.jpg 1 59 23 24 24
0634_0058_0061_0028_0028.jpg 1 58 61 28 28
0635_0030_0008_0040_0040.jpg 1 30 8 40 40
0636_0030_0012_0050_0050.jpg 1 30 12 50 50
0637_0009_0007_0062_0062.jpg 1 9 7 62 62
0638_0006_0047_0042_0042.jpg 1 6 47 42 42
0639_0010_0036_0032_0032.jpg 1 10 36 32 32
0640_0049_0044_0025_0025.jpg 1 49 44 25 25
0641_0016_0019_0032_0032.jpg 1 16 19 32 32
0642_0044_0032_0043_0043.jpg 1 44 32 43 43
0643_0023_0004_0068_0068.jpg 1 23 4 68 68
0644_0024_0043_0036_0036.jpg 1 24 43 36 36
0645_0052_0034_0041_0041.jpg 1 52 34 41 41
0646_0004_0007_0060_0060.jpg 1 4 7 60 60
0647_0028_0018_0052_0052.jpg 1 28 18 52 52
0648_0014_0022_0066_0066.jpg 1 14 22 66 66
0649_0015_0020_0066_0066.jpg 1 15 20 66 66
0650_0018_0017_0054_0054.jpg 1 18 17 54 54
0651_0047_0054_0027_0027.jpg 1 47 54 27 27
0652_0027_0008_0067_0067.jpg 1 27 8 67 67
0653_0036_0010_0043_0043.jpg 1 36 10 43 43
0654_0023_0023_0062_0062.jpg 1 23 23 62 62
0655_0018_0043_0044_0044.jpg 1 18 43 44 44
0656_0019_0047_0036_0036.jpg 1 19 47 36 36
0657_0012_0019_0042_0042.jpg 1 12 19 42 42
0658_0056_0051_0033_0033.jpg 1 56 51 33 33
0659_0027_0026_0056_0056.jpg 1 27 26 56 56
0660_0027_0059_0028_0028.jpg 1 27 59 28 28
0661_0025_0007_0066_0066.jpg 1 25 7 66 66
0662_0004_0023_0066_0066.jpg 1 4 23 66 66
0663_0033_0024_0060_0060.jpg 1 33 24 60 60
0664_0015_0016_0064_0064.jpg 1 15 16 64 64
0665_0039_0050_0026_0026.jpg 1 39 50 26 26
0666_0008_0023_0043_0043.jpg 1 8 23 43 43
0667_0009_0024_0064_0064.jpg 1 9 24 64 64
0668_0010_0022_0066_0066.jpg 1 10 22 66 66
0669_0042_0018_0042_0042.jpg 1 42 18 42 42
0670_0021_0026_0041_0041.jpg 1 21 26 41 41
0671_0033_0033_0048_0048.jpg 1 33 33 48 48
0672_0056_0009_0025_0025.jpg 1 56 9 25 25
0673_0053_0041_0027_0027.jpg 1 53 41 27 27
0674_0038_0010_0027_0027.jpg 1 38 10 27 27
0675_0025_0049_0024_0024.jpg 1 25 49 24 24
0676_0007_0004_0063_0063.jpg 1 7 4 63 63
0677_0030_0039_0049_0049.jpg 1 30 39 49 49
0678_0023_0019_0061_0061.jpg 1 23 19 61 61
0679_0008_0056_0024_0024.jpg 1 8 56 24 24
0680_0025_0042_0043_0043.jpg 1 25 42 43 43
0681_0014_0052_0041_0041.jpg 1 14 52 41 41
0682_0042_0056_0031_0031.jpg 1 42 56 31 31
0683_0053_0053_0026_0026.jpg 1 53 53 26 26
0684_0020_0009_0052_0052.jpg 1 20 9 52 52
0685_0032_0024_0064_0064.jpg 1 32 24 64 64
0686_0021_0028_0061_0061.jpg 1 21 28 61 61
0687_0006_0023_0060_0060.jpg 1 6 23 60 60
0688_0025_0023_0064_0064.jpg 1 25 23 64 64
0689_0012_0015_0057_0057.jpg 1 12 15 57 57
0690_0025_0040_0049_0049.jpg 1 25 40 49 49
0691_0009_0051_0038_0038.jpg 1 9 51 38 38
0692_0015_0024_0065_0065.jpg 1 15 24 65 65
0693_0019_0027_0028_0028.jpg 1 19 27 28 28
0694_0035_0007_0029_0029.jpg 1 35 7 29 29
0695_0029_0020_0036_0036.jpg 1 29 20 36 36
0696_0022_0048_0044_0044.jpg 1 22 48 44 44
0697_0021_0014_0059_0059.jpg 1 21 14 59 59
0698_0037_0015_0043_0043.jpg 1 37 15 43 43
0699_0017_0036_0035_0035.jpg 1 17 36 35 35
0700_0045_0057_0032_0032.jpg 1 45 57 32 32
0701_0029_0026_0059_0059.jpg 1 29 26 59 59
0702_0018_0027_0041_0041.jpg 1 18 27 41 41
0703_0013_0010_0028_0028.jpg 1 13 10 28 28
0704_0049_0044_0044_0044.jpg 1 49 44 44 44
0705_0040_0006_0055_0055.jpg 1 40 6 55 55
0706_0026_0016_0069_0069.jpg 1 26 16 69 69
0707_0024_0018_0026_0026.jpg 1 24 18 26 26
0708_0033_0022_0053_0053.jpg 1 33 22 53 53
0709_0037_0044_0049_0049.jpg 1 37 44 49 49
0710_0015_0016_0067_0067.jpg 1 15 16 67 67
0711_0010_0019_0057_0057.jpg 1 10 19 57 57
0712_0041_0036_0043_0043.jpg 1 41 36 43 43
0713_0024_0028_0046_0046.jpg 1 24 28 46 46
0714_0040_0039_0029_0029.jpg 1 40 39 29 29
0715_0037_0062_0030_0030.jpg 1 37 62 30 30
0716_0036_0020_0032_0032.jpg 1 36 20 32 32
0717_0023_0007_0024_0024.jpg 1 23 7 24 24
0718_0024_0006_0067_0067.jpg 1 24 6 67 67
0719_0019_0004_0063_0063.jpg 1 19 4 63 63
0720_0035_0012_0043_0043.jpg 1 35 12 43 43
0721_0042_0014_0037_0037.jpg 1 42 14 37 37
0722_0010_0022_0054_0054.jpg 1 10 22 54 54
0723_0014_0019_0052_0052.jpg 1 14 19 52 52
0724_0029_0021_0050_0050.jpg 1 29 21 50 50
0725_0008_0038_0046_0046.jpg 1 8 38 46 46
0726_0029_0038_0030_0030.jpg 1 29 38 30 30
0727_0034_0027_0055_0055.jpg 1 34 27 55 55
0728_0019_0043_0051_0051.jpg 1 19 43 51 51
0729_0221_0085_0028_0028.jpg 1 221 85 28 28
0730_0041_0012_0043_0043.jpg 1 41 12 43 43
0731_0004_0038_0056_0056.jpg 1 4 38 56 56
0732_0056_0021_0036_0036.jpg 1 56 21 36 36
0733_0022_0034_0042_0042.jpg 1 22 34 42 42
0734_0005_0004_0064_0064.jpg 1 5 4 64 64
0735_0030_0031_0062_0062.jpg 1 30 31 62 62
0736_0060_0012_0028_0028.jpg 1 60 12 28 28
0737_0029_0015_0050_0050.jpg 1 29 15 50 50
0738_0065_0046_0024_0024.jpg 1 65 46 24 24
0739_0005_0025_0057_0057.jpg 1 5 25 57 57
0740_0028_0005_0048_0048.jpg 1 28 5 48 48
0741_0041_0017_0031_0031.jpg 1 41 17 31 31
0742_0009_0027_0061_0061.jpg 1 9 27 61 61
0743_0006_0028_0057_0057.jpg 1 6 28 57 57
0744_0004_0031_0056_0056.jpg 1 4 31 56 56
0745_0033_0035_0055_0055.jpg 1 33 35 55 55
0746_0006_0007_0042_0042.jpg 1 6 7 42 42
0747_0023_0023_0061_0061.jpg 1 23 23 61 61
0748_0016_0018_0054_0054.jpg 1 16 18 54 54
0749_0027_0029_0050_0050.jpg 1 27 29 50 50
0750_0033_0055_0026_0026.jpg 1 33 55 26 26
0751_0032_0052_0037_0037.jpg 1 32 52 37 37
0752_0005_0039_0051_0051.jpg 1 5 39 51 51
0753_0042_0024_0029_0029.jpg 1 42 24 29 29
0754_0023_0005_0067_0067.jpg 1 23 5 67 67
0755_0015_0010_0065_0065.jpg 1 15 10 65 65
0756_0007_0021_0051_0051.jpg 1 7 21 51 51
0757_0029_0033_0034_0034.jpg 1 29 33 34 34
0758_0005_0009_0064_0064.jpg 1 5 9 64 64
0759_0012_0010_0055_0055.jpg 1 12 10 55 55
0760_0011_0018_0065_0065.jpg 1 11 18 65 65
0761_0058_0037_0028_0028.jpg 1 58 37 28 28
0762_0020_0029_0049_0049.jpg 1 20 29 49 49
0763_0007_0024_0054_0054.jpg 1 7 24 54 54
0764_0016_0051_0040_0040.jpg 1 16 51 40 40
0765_0011_0004_0063_0063.jpg 1 11 4 63 63
0766_0020_0034_0030_0030.jpg 1 20 34 30 30
0767_0019_0052_0041_0041.jpg 1 19 52 41 41
0768_0032_0038_0047_0047.jpg 1 32 38 47 47
0769_0052_0014_0027_0027.jpg 1 52 14 27 27
0770_0011_0004_0063_0063.jpg 1 11 4 63 63
0771_0024_0014_0052_0052.jpg 1 24 14 52 52
0772_0020_0019_0060_0060.jpg 1 20 19 60 60
0773_0009_0009_0048_0048.jpg 1 9 9 48 48
0774_0016_0047_0037_0037.jpg 1 16 47 37 37
0775_0018_0026_0028_0028.jpg 1 18 26 28 28
0776_0015_0030_0051_0051.jpg 1 15 30 51 51
0777_0027_0019_0061_0061.jpg 1 27 19 61 61
0778_0037_0014_0048_0048.jpg 1 37 14 48 48
0779_0020_0053_0035_0035.jpg 1 20 53 35 35
0780_0033_0033_0051_0051.jpg 1 33 33 51 51
0781_0016_0014_0033_0033.jpg 1 16 14 33 33
0782_0052_0056_0030_0030.jpg 1 52 56 30 30
0783_0017_0040_0027_0027.jpg 1 17 40 27 27
0784_0027_0033_0043_0043.jpg 1 27 33 43 43
0785_0037_0011_0055_0055.jpg 1 37 11 55 55
0786_0043_0039_0050_0050.jpg 1 43 39 50 50
0787_0007_0005_0066_0066.jpg 1 7 5 66 66
0788_0055_0039_0034_0034.jpg 1 55 39 34 34
0789_0031_0023_0028_0028.jpg 1 31 23 28 28
0790_0008_0009_0044_0044.jpg 1 8 9 44 44
0791_0012_0020_0059_0059.jpg 1 12 20 59 59
0792_0048_0061_0025_0025.jpg 1 48 61 25 25
0793_0022_0029_0059_0059.jpg 1 22 29 59 59
0794_0023_0025_0069_0069.jpg 1 23 25 69 69
0795_0024_0027_0066_0066.jpg 1 24 27 66 66
0796_0010_0032_0052_0052.jpg 1 10 32 52 52
0797_0025_0024_0058_0058.jpg 1 25 24 58 58
0798_0042_0024_0025_0025.jpg 1 42 24 25 25
0799_0024_0004_0059_0059.jpg 1 24 4 59 59
0800_0027_0013_0067_0067.jpg 1 27 13 67 67
0801_0011_0068_0024_0024.jpg 1 11 68 24 24
0802_0051_0055_0036_0036.jpg 1 51 55 36 36
0803_0047_0040_0046_0046.jpg 1 47 40 46 46
0804_0043_0040_0046_0046.jpg 1 43 40 46 46
0805_0018_0007_0069_0069.jpg 1 18 7 69 69
0806_0032_0009_0036_0036.jpg 1 32 9 36 36
0807_0008_0034_0040_0040.jpg 1 8 34 40 40
0808_0008_0036_0034_0034.jpg 1 8 36 34 34
0809_0022_0041_0048_0048.jpg 1 22 41 48 48
0810_0026_0019_0063_0063.jpg 1 26 19 63 63
0811_0048_0045_0025_0025.jpg 1 48 45 25 25
0812_0034_0049_0031_0031.jpg 1 34 49 31 31
0813_0036_0033_0054_0054.jpg 1 36 33 54 54
0814_0012_0015_0062_0062.jpg 1 12 15 62 62
0815_0027_0039_0045_0045.jpg 1 27 39 45 45
0816_0011_0028_0052_0052.jpg 1 11 28 52 52
0817_0036_0035_0039_0039.jpg 1 36 35 39 39
0818_0030_0008_0028_0028.jpg 1 30 8 28 28
0819_0028_0034_0029_0029.jpg 1 28 34 29 29
0820_0023_0017_0067_0067.jpg 1 23 17 67 67
0821_0027_0059_0032_0032.jpg 1 27 59 32 32
0822_0056_0008_0033_0033.jpg 1 56 8 33 33
0823_0048_0036_0040_0040.jpg 1 48 36 40 40
0824_0037_0044_0049_0049.jpg 1 37 44 49 49
0825_0033_0041_0039_0039.jpg 1 33 41 39 39
0826_0037_0010_0043_0043.jpg 1 37 10 43 43
0827_0007_0025_0059_0059.jpg 1 7 25 59 59
0828_0006_0028_0061_0061.jpg 1 6 28 61 61
0829_0041_0052_0024_0024.jpg 1 41 52 24 24
0830_0026_0029_0065_0065.jpg 1 26 29 65 65
0831_0015_0010_0051_0051.jpg 1 15 10 51 51
0832_0044_0052_0035_0035.jpg 1 44 52 35 35
0833_0037_0022_0055_0055.jpg 1 37 22 55 55
0834_0027_0049_0045_0045.jpg 1 27 49 45 45
0835_0021_0040_0036_0036.jpg 1 21 40 36 36
0836_0024_0015_0069_0069.jpg 1 24 15 69 69
0837_0029_0018_0044_0044.jpg 1 29 18 44 44
0838_0008_0048_0044_0044.jpg 1 8 48 44 44
0839_0026_0025_0056_0056.jpg 1 26 25 56 56
0840_0026_0017_0065_0065.jpg 1 26 17 65 65
0841_0019_0034_0040_0040.jpg 1 19 34 40 40
0842_0046_0047_0038_0038.jpg 1 46 47 38 38
0843_0036_0042_0051_0051.jpg 1 36 42 51 51
0844_0007_0010_0024_0024.jpg 1 7 10 24 24
0845_0050_0040_0039_0039.jpg 1 50 40 39 39
0846_0016_0013_0050_0050.jpg 1 16 13 50 50
0847_0059_0009_0031_0031.jpg 1 59 9 31 31
0848_0013_0021_0067_0067.jpg 1 13 21 67 67
0849_0029_0030_0048_0048.jpg 1 29 30 48 48
0850_0020_0014_0065_0065.jpg 1 20 14 65 65
0851_0024_0005_0059_0059.jpg 1 24 5 59 59
0852_0020_0028_0062_0062.jpg 1 20 28 62 62
0853_0050_0024_0035_0035.jpg 1 50 24 35 35
0854_0007_0011_0061_0061.jpg 1 7 11 61 61
0855_0019_0049_0035_0035.jpg 1 19 49 35 35
0856_0022_0030_0066_0066.jpg 1 22 30 66 66
0857_0025_0014_0041_0041.jpg 1 25 14 41 41
0858_0046_0052_0036_0036.jpg 1 46 52 36 36
0859_0036_0038_0052_0052.jpg 1 36 38 52 52
0860_0063_0019_0026_0026.jpg 1 63 19 26 26
0861_0037_0040_0051_0051.jpg 1 37 40 51 51
0862_0059_0047_0027_0027.jpg 1 59 47 27 27
0863_0042_0048_0037_0037.jpg 1 42 48 37 37
0864_0023_0028_0067_0067.jpg 1 23 28 67 67
0865_0029_0009_0040_0040.jpg 1 29 9 40 40
0866_0013_0047_0032_0032.jpg 1 13 47 32 32
0867_0014_0011_0050_0050.jpg 1 14 11 50 50
0868_0010_0042_0047_0047.jpg 1 10 42 47 47
0869_0022_0007_0041_0041.jpg 1 22 7 41 41
0870_0005_0011_0052_0052.jpg 1 5 11 52 52
0871_0053_0024_0039_0039.jpg 1 53 24 39 39
0872_0039_0010_0045_0045.jpg 1 39 10 45 45
0873_0027_0041_0050_0050.jpg 1 27 41 50 50
0874_0014_0017_0059_0059.jpg 1 14 17 59 59
0875_0041_0019_0051_0051.jpg 1 41 19 51 51
0876_0022_0019_0025_0025.jpg 1 22 19 25 25
0877_0019_0035_0043_0043.jpg 1 19 35 43 43
0878_0009_0020_0035_0035.jpg 1 9 20 35 35
0879_0046_0019_0042_0042.jpg 1 46 19 42 42
0880_0023_0050_0030_0030.jpg 1 23 50 30 30
0881_0040_0036_0050_0050.jpg 1 40 36 50 50
0882_0013_0012_0058_0058.jpg 1 13 12 58 58
0883_0053_0047_0036_0036.jpg 1 53 47 36 36
0884_0010_0017_0059_0059.jpg 1 10 17 59 59
0885_0016_0031_0059_0059.jpg 1 16 31 59 59
0886_0012_0026_0069_0069.jpg 1 12 26 69 69
0887_0056_0026_0031_0031.jpg 1 56 26 31 31
0888_0019_0019_0044_0044.jpg 1 19 19 44 44
0889_0009_0015_0047_0047.jpg 1 9 15 47 47
0890_0004_0016_0065_0065.jpg 1 4 16 65 65
0891_0043_0009_0051_0051.jpg 1 43 9 51 51
0892_0007_0018_0062_0062.jpg 1 7 18 62 62
0893_0056_0052_0033_0033.jpg 1 56 52 33 33
0894_0054_0057_0031_0031.jpg 1 54 57 31 31
0895_0007_0031_0036_0036.jpg 1 7 31 36 36
0896_0049_0014_0025_0025.jpg 1 49 14 25 25
0897_0037_0033_0047_0047.jpg 1 37 33 47 47
0898_0042_0044_0031_0031.jpg 1 42 44 31 31
0899_0028_0025_0058_0058.jpg 1 28 25 58 58
0900_0022_0024_0040_0040.jpg 1 22 24 40 40
0901_0008_0024_0064_0064.jpg 1 8 24 64 64
0902_0004_0037_0057_0057.jpg 1 4 37 57 57
0903_0041_0030_0036_0036.jpg 1 41 30 36 36
0904_0012_0035_0038_0038.jpg 1 12 35 38 38
0905_0034_0007_0059_0059.jpg 1 34 7 59 59
0906_0020_0024_0057_0057.jpg 1 20 24 57 57
0907_0023_0012_0057_0057.jpg 1 23 12 57 57
0908_0017_0053_0036_0036.jpg 1 17 53 36 36
0909_0054_0044_0033_0033.jpg 1 54 44 33 33
0910_0009_0011_0027_0027.jpg 1 9 11 27 27
0911_0039_0048_0024_0024.jpg 1 39 48 24 24
0912_0039_0024_0045_0045.jpg 1 39 24 45 45
0913_0032_0042_0052_0052.jpg 1 32 42 52 52
0914_0012_0032_0035_0035.jpg 1 12 32 35 35
0915_0023_0040_0039_0039.jpg 1 23 40 39 39
0916_0051_0021_0025_0025.jpg 1 51 21 25 25
0917_0038_0026_0045_0045.jpg 1 38 26 45 45
0918_0020_0045_0044_0044.jpg 1 20 45 44 44
0919_0014_0040_0040_0040.jpg 1 14 40 40 40
0920_0026_0022_0036_0036.jpg 1 26 22 36 36
0921_0006_0007_0067_0067.jpg 1 6 7 67 67
0922_0026_0024_0050_0050.jpg 1 26 24 50 50
0923_0028_0006_0036_0036.jpg 1 28 6 36 36
0924_0044_0056_0032_0032.jpg 1 44 56 32 32
0925_0004_0019_0065_0065.jpg 1 4 19 65 65
0926_0006_0022_0068_0068.jpg 1 6 22 68 68
0927_0028_0017_0034_0034.jpg 1 28 17 34 34
0928_0004_0006_0062_0062.jpg 1 4 6 62 62
0929_0009_0006_0055_0055.jpg 1 9 6 55 55
0930_0030_0016_0031_0031.jpg 1 30 16 31 31
0931_0029_0034_0048_0048.jpg 1 29 34 48 48
0932_0043_0022_0048_0048.jpg 1 43 22 48 48
0933_0029_0008_0046_0046.jpg 1 29 8 46 46
0934_0031_0027_0062_0062.jpg 1 31 27 62 62
0935_0017_0020_0067_0067.jpg 1 17 20 67 67
0936_0014_0023_0066_0066.jpg 1 14 23 66 66
0937_0044_0033_0039_0039.jpg 1 44 33 39 39
0938_0019_0008_0061_0061.jpg 1 19 8 61 61
0939_0017_0020_0053_0053.jpg 1 17 20 53 53
0940_0031_0011_0027_0027.jpg 1 31 11 27 27
0941_0013_0026_0056_0056.jpg 1 13 26 56 56
0942_0012_0026_0034_0034.jpg 1 12 26 34 34
0943_0012_0010_0064_0064.jpg 1 12 10 64 64
0944_0014_0017_0038_0038.jpg 1 14 17 38 38
0945_0014_0040_0054_0054.jpg 1 14 40 54 54
0946_0018_0019_0067_0067.jpg 1 18 19 67 67
0947_0033_0044_0029_0029.jpg 1 33 44 29 29
0948_0042_0022_0048_0048.jpg 1 42 22 48 48
0949_0020_0017_0063_0063.jpg 1 20 17 63 63
0950_0021_0012_0068_0068.jpg 1 21 12 68 68
0951_0029_0029_0035_0035.jpg 1 29 29 35 35
0952_0018_0057_0033_0033.jpg 1 18 57 33 33
0953_0016_0004_0062_0062.jpg 1 16 4 62 62
0954_0015_0044_0029_0029.jpg 1 15 44 29 29
0955_0027_0044_0045_0045.jpg 1 27 44 45 45
0956_0006_0020_0068_0068.jpg 1 6 20 68 68
0957_0030_0038_0048_0048.jpg 1 30 38 48 48
0958_0005_0021_0061_0061.jpg 1 5 21 61 61
0959_0028_0029_0030_0030.jpg 1 28 29 30 30
0960_0058_0050_0028_0028.jpg 1 58 50 28 28
0961_0047_0019_0037_0037.jpg 1 47 19 37 37
0962_0040_0041_0034_0034.jpg 1 40 41 34 34
0963_0026_0019_0059_0059.jpg 1 26 19 59 59
0964_0008_0019_0031_0031.jpg 1 8 19 31 31
0965_0027_0026_0062_0062.jpg 1 27 26 62 62
0966_0021_0011_0049_0049.jpg 1 21 11 49 49
0967_0017_0018_0069_0069.jpg 1 17 18 69 69
0968_0056_0038_0027_0027.jpg 1 56 38 27 27
0969_0028_0011_0037_0037.jpg 1 28 11 37 37
0970_0015_0046_0040_0040.jpg 1 15 46 40 40
0971_0030_0040_0024_0024.jpg 1 30 40 24 24
0972_0010_0043_0049_0049.jpg 1 10 43 49 49
0973_0035_0021_0054_0054.jpg 1 35 21 54 54
0974_0019_0042_0048_0048.jpg 1 19 42 48 48
0975_0019_0029_0064_0064.jpg 1 19 29 64 64
0976_0030_0014_0041_0041.jpg 1 30 14 41 41
0977_0033_0023_0033_0033.jpg 1 33 23 33 33
0978_0041_0048_0039_0039.jpg 1 41 48 39 39
0979_0015_0027_0058_0058.jpg 1 15 27 58 58
0980_0042_0033_0025_0025.jpg 1 42 33 25 25
0981_0034_0008_0040_0040.jpg 1 34 8 40 40
0982_0008_0038_0024_0024.jpg 1 8 38 24 24
0983_0057_0035_0031_0031.jpg 1 57 35 31 31
0984_0039_0014_0030_0030.jpg 1 39 14 30 30
0985_0004_0024_0063_0063.jpg 1 4 24 63 63
0986_0005_0029_0058_0058.jpg 1 5 29 58 58
0987_0037_0034_0037_0037.jpg 1 37 34 37 37
0988_0007_0042_0035_0035.jpg 1 7 42 35 35
0989_0021_0027_0066_0066.jpg 1 21 27 66 66
0990_0045_0007_0036_0036.jpg 1 45 7 36 36
0991_0014_0008_0057_0057.jpg 1 14 8 57 57
0992_0043_0018_0033_0033.jpg 1 43 18 33 33
0993_0027_0007_0055_0055.jpg 1 27 7 55 55
0994_0030_0036_0036_0036.jpg 1 30 36 36 36
0995_0036_0047_0033_0033.jpg 1 36 47 33 33
0996_0039_0027_0049_0049.jpg 1 39 27 49 49
0997_0017_0032_0064_0064.jpg 1 17 32 64 64
0998_0053_0052_0029_0029.jpg 1 53 52 29 29
0999_0044_0045_0041_0041.jpg 1 44 45 41 41
1000_0011_0022_0061_0061.jpg 1 11 22 61 61
1001_0049_0042_0024_0024.jpg 1 49 42 24 24
1002_0019_0039_0056_0056.jpg 1 19 39 56 56
1003_0007_0021_0067_0067.jpg 1 7 21 67 67
1004_0044_0021_0038_0038.jpg 1 44 21 38 38
1005_0021_0053_0035_0035.jpg 1 21 53 35 35
1006_0014_0035_0059_0059.jpg 1 14 35 59 59
1007_0011_0012_0052_0052.jpg 1 11 12 52 52
1008_0021_0022_0045_0045.jpg 1 21 22 45 45
1009_0009_0038_0030_0030.jpg 1 9 38 30 30
1010_0020_0020_0064_0064.jpg 1 20 20 64 64
1011_0027_0023_0033_0033.jpg 1 27 23 33 33
1012_0048_0031_0026_0026.jpg 1 48 31 26 26
1013_0010_0023_0039_0039.jpg 1 10 23 39 39
1014_0031_0010_0061_0061.jpg 1 31 10 61 61
1015_0013_0021_0043_0043.jpg 1 13 21 43 43
1016_0014_0009_0061_0061.jpg 1 14 9 61 61
1017_0011_0041_0038_0038.jpg 1 11 41 38 38
1018_0037_0035_0053_0053.jpg 1 37 35 53 53
1019_0008_0031_0029_0029.jpg 1 8 31 29 29
1020_0007_0026_0031_0031.jpg 1 7 26 31 31
1021_0048_0020_0034_0034.jpg 1 48 20 34 34
1022_0022_0016_0057_0057.jpg 1 22 16 57 57
1023_0010_0005_0066_0066.jpg 1 10 5 66 66
1024_0016_0018_0058_0058.jpg 1 16 18 58 58
1025_0034_0029_0056_0056.jpg 1 34 29 56 56
1026_0004_0031_0054_0054.jpg 1 4 31 54 54
1027_0039_0054_0026_0026.jpg 1 39 54 26 26
1028_0012_0012_0043_0043.jpg 1 12 12 43 43
1029_0006_0034_0059_0059.jpg 1 6 34 59 59
1030_0025_0038_0052_0052.jpg 1 25 38 52 52
1031_0007_0034_0047_0047.jpg 1 7 34 47 47
1032_0006_0008_0058_0058.jpg 1 6 8 58 58
1033_0019_0031_0062_0062.jpg 1 19 31 62 62
1034_0044_0027_0031_0031.jpg 1 44 27 31 31
1035_0052_0021_0036_0036.jpg 1 52 21 36 36
1036_0031_0053_0028_0028.jpg 1 31 53 28 28
1037_0016_0040_0042_0042.jpg 1 16 40 42 42
1038_0042_0023_0040_0040.jpg 1 42 23 40 40
1039_0008_0024_0050_0050.jpg 1 8 24 50 50
1040_0015_0010_0061_0061.jpg 1 15 10 61 61
1041_0039_0019_0049_0049.jpg 1 39 19 49 49
1042_0011_0052_0032_0032.jpg 1 11 52 32 32
1043_0044_0017_0033_0033.jpg 1 44 17 33 33
1044_0003_0020_0068_0068.jpg 1 3 20 68 68
1045_0006_0012_0050_0050.jpg 1 6 12 50 50
1046_0022_0022_0058_0058.jpg 1 22 22 58 58
1047_0004_0032_0061_0061.jpg 1 4 32 61 61
1048_0032_0048_0039_0039.jpg 1 32 48 39 39
1049_0053_0054_0032_0032.jpg 1 53 54 32 32
1050_0056_0044_0031_0031.jpg 1 56 44 31 31
1051_0054_0025_0036_0036.jpg 1 54 25 36 36
1052_0008_0016_0036_0036.jpg 1 8 16 36 36
1053_0021_0004_0066_0066.jpg 1 21 4 66 66
1054_0062_0032_0029_0029.jpg 1 62 32 29 29
1055_0016_0011_0039_0039.jpg 1 16 11 39 39
1056_0015_0035_0054_0054.jpg 1 15 35 54 54
1057_0009_0051_0028_0028.jpg 1 9 51 28 28
1058_0050_0024_0038_0038.jpg 1 50 24 38 38
1059_0033_0015_0033_0033.jpg 1 33 15 33 33
1060_0030_0044_0024_0024.jpg 1 30 44 24 24
1061_0035_0054_0031_0031.jpg 1 35 54 31 31
1062_0028_0020_0062_0062.jpg 1 28 20 62 62
1063_0061_0013_0032_0032.jpg 1 61 13 32 32
1064_0039_0030_0047_0047.jpg 1 39 30 47 47
1065_0021_0011_0044_0044.jpg 1 21 11 44 44
1066_0048_0057_0033_0033.jpg 1 48 57 33 33
1067_0015_0017_0052_0052.jpg 1 15 17 52 52
1068_0052_0014_0041_0041.jpg 1 52 14 41 41
1069_0016_0019_0061_0061.jpg 1 16 19 61 61
1070_0006_0022_0067_0067.jpg 1 6 22 67 67
1071_0027_0012_0032_0032.jpg 1 27 12 32 32
1072_0039_0053_0030_0030.jpg 1 39 53 30 30
1073_0050_0059_0029_0029.jpg 1 50 59 29 29
1074_0014_0010_0069_0069.jpg 1 14 10 69 69
1075_0050_0016_0035_0035.jpg 1 50 16 35 35
1076_0035_0035_0055_0055.jpg 1 35 35 55 55
1077_0035_0016_0047_0047.jpg 1 35 16 47 47
1078_0011_0039_0052_0052.jpg 1 11 39 52 52
1079_0028_0009_0064_0064.jpg 1 28 9 64 64
1080_0018_0017_0061_0061.jpg 1 18 17 61 61
1081_0010_0011_0055_0055.jpg 1 10 11 55 55
1082_0015_0031_0064_0064.jpg 1 15 31 64 64
1083_0020_0016_0053_0053.jpg 1 20 16 53 53
1084_0026_0029_0054_0054.jpg 1 26 29 54 54
1085_0011_0048_0037_0037.jpg 1 11 48 37 37
1086_0058_0047_0025_0025.jpg 1 58 47 25 25
1087_0003_0017_0069_0069.jpg 1 3 17 69 69
1088_0048_0048_0026_0026.jpg 1 48 48 26 26
1089_0015_0034_0056_0056.jpg 1 15 34 56 56
1090_0025_0042_0025_0025.jpg 1 25 42 25 25
1091_0041_0016_0050_0050.jpg 1 41 16 50 50
1092_0038_0016_0028_0028.jpg 1 38 16 28 28
1093_0051_0045_0030_0030.jpg 1 51 45 30 30
1094_0012_0029_0037_0037.jpg 1 12 29 37 37
1095_0007_0030_0056_0056.jpg 1 7 30 56 56
1096_0027_0027_0068_0068.jpg 1 27 27 68 68
1097_0054_0059_0030_0030.jpg 1 54 59 30 30
1098_0041_0011_0054_0054.jpg 1 41 11 54 54
1099_0032_0045_0026_0026.jpg 1 32 45 26 26
1100_0055_0052_0024_0024.jpg 1 55 52 24 24
1101_0013_0025_0066_0066.jpg 1 13 25 66 66
1102_0025_0016_0026_0026.jpg 1 25 16 26 26
1103_0029_0034_0057_0057.jpg 1 29 34 57 57
1104_0009_0008_0053_0053.jpg 1 9 8 53 53
1105_0005_0024_0069_0069.jpg 1 5 24 69 69
1106_0016_0015_0063_0063.jpg 1 16 15 63 63
1107_0008_0043_0045_0045.jpg 1 8 43 45 45
1108_0018_0023_0051_0051.jpg 1 18 23 51 51
1109_0059_0040_0029_0029.jpg 1 59 40 29 29
1110_0011_0030_0040_0040.jpg 1 11 30 40 40
1111_0021_0006_0053_0053.jpg 1 21 6 53 53
1112_0027_0007_0038_0038.jpg 1 27 7 38 38
1113_0005_0014_0048_0048.jpg 1 5 14 48 48
1114_0052_0057_0025_0025.jpg 1 52 57 25 25
1115_0017_0006_0064_0064.jpg 1 17 6 64 64
1116_0006_0008_0065_0065.jpg 1 6 8 65 65
1117_0014_0005_0058_0058.jpg 1 14 5 58 58
1118_0036_0012_0057_0057.jpg 1 36 12 57 57
1119_0011_0014_0063_0063.jpg 1 11 14 63 63
1120_0024_0020_0069_0069.jpg 1 24 20 69 69
1121_0017_0043_0031_0031.jpg 1 17 43 31 31
1122_0038_0021_0042_0042.jpg 1 38 21 42 42
1123_0013_0020_0069_0069.jpg 1 13 20 69 69
1124_0017_0024_0067_0067.jpg 1 17 24 67 67
1125_0016_0025_0066_0066.jpg 1 16 25 66 66
1126_0036_0015_0057_0057.jpg 1 36 15 57 57
1127_0020_0014_0039_0039.jpg 1 20 14 39 39
1128_0018_0010_0029_0029.jpg 1 18 10 29 29
1129_0040_0030_0045_0045.jpg 1 40 30 45 45
1130_0057_0044_0025_0025.jpg 1 57 44 25 25
1131_0019_0035_0052_0052.jpg 1 19 35 52 52
1132_0038_0009_0055_0055.jpg 1 38 9 55 55
1133_0029_0028_0047_0047.jpg 1 29 28 47 47
1134_0049_0051_0041_0041.jpg 1 49 51 41 41
1135_0033_0042_0041_0041.jpg 1 33 42 41 41
1136_0040_0061_0025_0025.jpg 1 40 61 25 25
1137_0006_0036_0057_0057.jpg 1 6 36 57 57
1138_0014_0012_0067_0067.jpg 1 14 12 67 67
1139_0020_0034_0049_0049.jpg 1 20 34 49 49
1140_0030_0022_0026_0026.jpg 1 30 22 26 26
1141_0020_0030_0029_0029.jpg 1 20 30 29 29
1142_0049_0014_0025_0025.jpg 1 49 14 25 25
1143_0040_0014_0024_0024.jpg 1 40 14 24 24
1144_0029_0038_0046_0046.jpg 1 29 38 46 46
1145_0014_0023_0042_0042.jpg 1 14 23 42 42
1146_0022_0024_0050_0050.jpg 1 22 24 50 50
1147_0034_0013_0059_0059.jpg 1 34 13 59 59
1148_0013_0008_0025_0025.jpg 1 13 8 25 25
1149_0037_0052_0031_0031.jpg 1 37 52 31 31
1150_0016_0031_0062_0062.jpg 1 16 31 62 62
1151_0027_0021_0062_0062.jpg 1 27 21 62 62
1152_0017_0028_0048_0048.jpg 1 17 28 48 48
1153_0011_0032_0056_0056.jpg 1 11 32 56 56
1154_0029_0026_0061_0061.jpg 1 29 26 61 61
1155_0027_0032_0058_0058.jpg 1 27 32 58 58
1156_0032_0050_0029_0029.jpg 1 32 50 29 29
1157_0025_0037_0049_0049.jpg 1 25 37 49 49
1158_0043_0035_0024_0024.jpg 1 43 35 24 24
1159_0007_0047_0036_0036.jpg 1 7 47 36 36
1160_0024_0048_0024_0024.jpg 1 24 48 24 24
1161_0008_0016_0048_0048.jpg 1 8 16 48 48
1162_0028_0024_0059_0059.jpg 1 28 24 59 59
1163_0010_0028_0061_0061.jpg 1 10 28 61 61
1164_0004_0021_0056_0056.jpg 1 4 21 56 56
1165_0008_0006_0068_0068.jpg 1 8 6 68 68
1166_0041_0015_0036_0036.jpg 1 41 15 36 36
1167_0035_0024_0031_0031.jpg 1 35 24 31 31
1168_0046_0031_0043_0043.jpg 1 46 31 43 43
1169_0023_0009_0030_0030.jpg 1 23 9 30 30
1170_0019_0011_0027_0027.jpg 1 19 11 27 27
1171_0016_0041_0038_0038.jpg 1 16 41 38 38
1172_0012_0024_0050_0050.jpg 1 12 24 50 50
1173_0041_0046_0025_0025.jpg 1 41 46 25 25
1174_0042_0024_0046_0046.jpg 1 42 24 46 46
1175_0011_0018_0065_0065.jpg 1 11 18 65 65
1176_0033_0015_0038_0038.jpg 1 33 15 38 38
1177_0029_0037_0057_0057.jpg 1 29 37 57 57
1178_0028_0017_0067_0067.jpg 1 28 17 67 67
1179_0012_0026_0069_0069.jpg 1 12 26 69 69
1180_0012_0013_0027_0027.jpg 1 12 13 27 27
1181_0034_0033_0060_0060.jpg 1 34 33 60 60
1182_0046_0018_0041_0041.jpg 1 46 18 41 41
1183_0027_0030_0063_0063.jpg 1 27 30 63 63
1184_0056_0035_0030_0030.jpg 1 56 35 30 30
1185_0042_0054_0039_0039.jpg 1 42 54 39 39
1186_0017_0017_0063_0063.jpg 1 17 17 63 63
1187_0009_0013_0069_0069.jpg 1 9 13 69 69
1188_0040_0026_0049_0049.jpg 1 40 26 49 49
1189_0031_0032_0041_0041.jpg 1 31 32 41 41
1190_0035_0037_0031_0031.jpg 1 35 37 31 31
1191_0042_0016_0032_0032.jpg 1 42 16 32 32
1192_0011_0022_0056_0056.jpg 1 11 22 56 56
1193_0011_0011_0065_0065.jpg 1 11 11 65 65
1194_0033_0046_0043_0043.jpg 1 33 46 43 43
1195_0029_0020_0033_0033.jpg 1 29 20 33 33
1196_0043_0032_0035_0035.jpg 1 43 32 35 35
1197_0022_0007_0039_0039.jpg 1 22 7 39 39
1198_0008_0010_0065_0065.jpg 1 8 10 65 65
1199_0019_0020_0060_0060.jpg 1 19 20 60 60
1200_0046_0063_0029_0029.jpg 1 46 63 29 29
1201_0009_0011_0067_0067.jpg 1 9 11 67 67
1202_0010_0010_0069_0069.jpg 1 10 10 69 69
1203_0016_0016_0067_0067.jpg 1 16 16 67 67
1204_0019_0026_0057_0057.jpg 1 19 26 57 57
1205_0020_0009_0028_0028.jpg 1 20 9 28 28
1206_0052_0060_0029_0029.jpg 1 52 60 29 29
1207_0012_0011_0056_0056.jpg 1 12 11 56 56
1208_0033_0026_0047_0047.jpg 1 33 26 47 47
1209_0017_0019_0061_0061.jpg 1 17 19 61 61
1210_0019_0060_0031_0031.jpg 1 19 60 31 31
1211_0014_0011_0045_0045.jpg 1 14 11 45 45
1212_0007_0010_0054_0054.jpg 1 7 10 54 54
1213_0005_0006_0051_0051.jpg 1 5 6 51 51
1214_0025_0026_0044_0044.jpg 1 25 26 44 44
1215_0007_0018_0051_0051.jpg 1 7 18 51 51
1216_0032_0014_0029_0029.jpg 1 32 14 29 29
1217_0043_0045_0035_0035.jpg 1 43 45 35 35
1218_0030_0007_0038_0038.jpg 1 30 7 38 38
1219_0011_0015_0066_0066.jpg 1 11 15 66 66
1220_0031_0023_0063_0063.jpg 1 31 23 63 63
1221_0011_0018_0067_0067.jpg 1 11 18 67 67
1222_0011_0010_0052_0052.jpg 1 11 10 52 52
1223_0008_0026_0063_0063.jpg 1 8 26 63 63
1224_0054_0041_0030_0030.jpg 1 54 41 30 30
1225_0016_0021_0042_0042.jpg 1 16 21 42 42
1226_0017_0020_0043_0043.jpg 1 17 20 43 43
1227_0026_0022_0068_0068.jpg 1 26 22 68 68
1228_0007_0028_0053_0053.jpg 1 7 28 53 53
1229_0028_0027_0066_0066.jpg 1 28 27 66 66
1230_0006_0010_0060_0060.jpg 1 6 10 60 60
1231_0004_0016_0064_0064.jpg 1 4 16 64 64
1232_0021_0019_0061_0061.jpg 1 21 19 61 61
1233_0019_0012_0061_0061.jpg 1 19 12 61 61
1234_0015_0025_0067_0067.jpg 1 15 25 67 67
1235_0010_0011_0055_0055.jpg 1 10 11 55 55
1236_0003_0018_0069_0069.jpg 1 3 18 69 69
1237_0025_0010_0048_0048.jpg 1 25 10 48 48
1238_0048_0021_0043_0043.jpg 1 48 21 43 43
1239_0010_0040_0037_0037.jpg 1 10 40 37 37
1240_0006_0008_0056_0056.jpg 1 6 8 56 56
1241_0014_0018_0069_0069.jpg 1 14 18 69 69
1242_0033_0027_0026_0026.jpg 1 33 27 26 26
1243_0019_0013_0048_0048.jpg 1 19 13 48 48
1244_0018_0014_0049_0049.jpg 1 18 14 49 49
1245_0025_0022_0060_0060.jpg 1 25 22 60 60
1246_0035_0018_0039_0039.jpg 1 35 18 39 39
1247_0021_0054_0036_0036.jpg 1 21 54 36 36
1248_0048_0008_0036_0036.jpg 1 48 8 36 36
1249_0015_0027_0057_0057.jpg 1 15 27 57 57
1250_0047_0015_0045_0045.jpg 1 47 15 45 45
1251_0048_0023_0043_0043.jpg 1 48 23 43 43
1252_0006_0022_0047_0047.jpg 1 6 22 47 47
1253_0021_0010_0024_0024.jpg 1 21 10 24 24
1254_0032_0033_0060_0060.jpg 1 32 33 60 60
1255_0022_0036_0056_0056.jpg 1 22 36 56 56
1256_0008_0022_0054_0054.jpg 1 8 22 54 54
1257_0013_0041_0031_0031.jpg 1 13 41 31 31
1258_0036_0052_0041_0041.jpg 1 36 52 41 41
1259_0031_0040_0038_0038.jpg 1 31 40 38 38
1260_0025_0044_0050_0050.jpg 1 25 44 50 50
1261_0013_0049_0035_0035.jpg 1 13 49 35 35
1262_0027_0036_0049_0049.jpg 1 27 36 49 49
1263_0028_0020_0056_0056.jpg 1 28 20 56 56
1264_0033_0022_0058_0058.jpg 1 33 22 58 58
1265_0014_0010_0048_0048.jpg 1 14 10 48 48
1266_0017_0033_0062_0062.jpg 1 17 33 62 62
1267_0012_0034_0056_0056.jpg 1 12 34 56 56
1268_0019_0042_0051_0051.jpg 1 19 42 51 51
1269_0025_0026_0062_0062.jpg 1 25 26 62 62
1270_0030_0021_0065_0065.jpg 1 30 21 65 65
1271_0053_0067_0024_0024.jpg 1 53 67 24 24
1272_0042_0021_0040_0040.jpg 1 42 21 40 40
1273_0045_0032_0038_0038.jpg 1 45 32 38 38
1274_0028_0022_0067_0067.jpg 1 28 22 67 67
1275_0045_0047_0045_0045.jpg 1 45 47 45 45
1276_0006_0008_0067_0067.jpg 1 6 8 67 67
1277_0012_0035_0027_0027.jpg 1 12 35 27 27
1278_0053_0026_0035_0035.jpg 1 53 26 35 35
1279_0035_0028_0058_0058.jpg 1 35 28 58 58
1280_0038_0038_0032_0032.jpg 1 38 38 32 32
1281_0010_0032_0051_0051.jpg 1 10 32 51 51
1282_0025_0029_0031_0031.jpg 1 25 29 31 31
1283_0023_0027_0048_0048.jpg 1 23 27 48 48
1284_0030_0021_0032_0032.jpg 1 30 21 32 32
1285_0051_0045_0037_0037.jpg 1 51 45 37 37
1286_0035_0028_0048_0048.jpg 1 35 28 48 48
1287_0044_0050_0039_0039.jpg 1 44 50 39 39
1288_0033_0014_0042_0042.jpg 1 33 14 42 42
1289_0043_0007_0041_0041.jpg 1 43 7 41 41
1290_0017_0053_0029_0029.jpg 1 17 53 29 29
1291_0022_0007_0067_0067.jpg 1 22 7 67 67
1292_0026_0030_0055_0055.jpg 1 26 30 55 55
1293_0009_0026_0042_0042.jpg 1 9 26 42 42
1294_0004_0024_0062_0062.jpg 1 4 24 62 62
1295_0019_0021_0050_0050.jpg 1 19 21 50 50
1296_0023_0013_0042_0042.jpg 1 23 13 42 42
1297_0043_0024_0031_0031.jpg 1 43 24 31 31
1298_0009_0010_0068_0068.jpg 1 9 10 68 68
1299_0042_0016_0030_0030.jpg 1 42 16 30 30
1300_0041_0035_0054_0054.jpg 1 41 35 54 54
1301_0014_0055_0030_0030.jpg 1 14 55 30 30
1302_0032_0022_0053_0053.jpg 1 32 22 53 53
1303_0029_0029_0039_0039.jpg 1 29 29 39 39
1304_0026_0020_0067_0067.jpg 1 26 20 67 67
1305_0022_0007_0060_0060.jpg 1 22 7 60 60
1306_0028_0009_0064_0064.jpg 1 28 9 64 64
1307_0023_0021_0042_0042.jpg 1 23 21 42 42
1308_0024_0024_0063_0063.jpg 1 24 24 63 63
1309_0062_0057_0030_0030.jpg 1 62 57 30 30
1310_0019_0014_0056_0056.jpg 1 19 14 56 56
1311_0058_0052_0033_0033.jpg 1 58 52 33 33
1312_0028_0004_0064_0064.jpg 1 28 4 64 64
1313_0031_0026_0041_0041.jpg 1 31 26 41 41
1314_0050_0019_0032_0032.jpg 1 50 19 32 32
1315_0027_0019_0066_0066.jpg 1 27 19 66 66
1316_0045_0025_0031_0031.jpg 1 45 25 31 31
1317_0014_0055_0038_0038.jpg 1 14 55 38 38
1318_0011_0023_0049_0049.jpg 1 11 23 49 49
1319_0009_0008_0063_0063.jpg 1 9 8 63 63
1320_0038_0039_0047_0047.jpg 1 38 39 47 47
1321_0008_0012_0056_0056.jpg 1 8 12 56 56
1322_0014_0021_0047_0047.jpg 1 14 21 47 47
1323_0028_0004_0059_0059.jpg 1 28 4 59 59
1324_0018_0009_0066_0066.jpg 1 18 9 66 66
1325_0006_0012_0059_0059.jpg 1 6 12 59 59
1326_0026_0008_0034_0034.jpg 1 26 8 34 34
1327_0026_0009_0027_0027.jpg 1 26 9 27 27
1328_0043_0034_0028_0028.jpg 1 43 34 28 28
1329_0027_0012_0043_0043.jpg 1 27 12 43 43
1330_0031_0035_0060_0060.jpg 1 31 35 60 60
1331_0027_0038_0055_0055.jpg 1 27 38 55 55
1332_0043_0025_0047_0047.jpg 1 43 25 47 47
1333_0038_0033_0030_0030.jpg 1 38 33 30 30
1334_0048_0020_0039_0039.jpg 1 48 20 39 39
1335_0021_0012_0056_0056.jpg 1 21 12 56 56
1336_0039_0022_0029_0029.jpg 1 39 22 29 29
1337_0039_0021_0051_0051.jpg 1 39 21 51 51
1338_0014_0022_0028_0028.jpg 1 14 22 28 28
1339_0044_0054_0030_0030.jpg 1 44 54 30 30
1340_0022_0031_0062_0062.jpg 1 22 31 62 62
1341_0011_0038_0042_0042.jpg 1 11 38 42 42
1342_0032_0010_0050_0050.jpg 1 32 10 50 50
1343_0064_0032_0026_0026.jpg 1 64 32 26 26
1344_0037_0018_0032_0032.jpg 1 37 18 32 32
1345_0034_0053_0037_0037.jpg 1 34 53 37 37
1346_0016_0006_0066_0066.jpg 1 16 6 66 66
1347_0015_0016_0063_0063.jpg 1 15 16 63 63
1348_0025_0044_0046_0046.jpg 1 25 44 46 46
1349_0025_0014_0032_0032.jpg 1 25 14 32 32
1350_0034_0052_0038_0038.jpg 1 34 52 38 38
1351_0016_0014_0029_0029.jpg 1 16 14 29 29
1352_0032_0041_0043_0043.jpg 1 32 41 43 43
1353_0019_0014_0061_0061.jpg 1 19 14 61 61
1354_0042_0031_0042_0042.jpg 1 42 31 42 42
1355_0023_0015_0058_0058.jpg 1 23 15 58 58
1356_0014_0030_0058_0058.jpg 1 14 30 58 58
1357_0022_0011_0047_0047.jpg 1 22 11 47 47
1358_0021_0013_0041_0041.jpg 1 21 13 41 41
1359_0060_0061_0024_0024.jpg 1 60 61 24 24
1360_0044_0031_0025_0025.jpg 1 44 31 25 25
1361_0015_0012_0059_0059.jpg 1 15 12 59 59
1362_0023_0022_0051_0051.jpg 1 23 22 51 51
1363_0007_0026_0053_0053.jpg 1 7 26 53 53
1364_0033_0032_0048_0048.jpg 1 33 32 48 48
1365_0023_0011_0054_0054.jpg 1 23 11 54 54
1366_0005_0024_0056_0056.jpg 1 5 24 56 56
1367_0014_0022_0061_0061.jpg 1 14 22 61 61
1368_0008_0024_0064_0064.jpg 1 8 24 64 64
1369_0039_0013_0055_0055.jpg 1 39 13 55 55
1370_0021_0055_0033_0033.jpg 1 21 55 33 33
1371_0025_0025_0066_0066.jpg 1 25 25 66 66
1372_0031_0009_0050_0050.jpg 1 31 9 50 50
1373_0037_0054_0026_0026.jpg 1 37 54 26 26
1374_0048_0040_0041_0041.jpg 1 48 40 41 41
1375_0020_0053_0036_0036.jpg 1 20 53 36 36
1376_0048_0008_0032_0032.jpg 1 48 8 32 32
1377_0006_0014_0050_0050.jpg 1 6 14 50 50
1378_0037_0030_0046_0046.jpg 1 37 30 46 46
1379_0041_0045_0034_0034.jpg 1 41 45 34 34
1380_0028_0019_0064_0064.jpg 1 28 19 64 64
1381_0042_0056_0031_0031.jpg 1 42 56 31 31
1382_0044_0012_0033_0033.jpg 1 44 12 33 33
1383_0065_0054_0024_0024.jpg 1 65 54 24 24
1384_0006_0018_0064_0064.jpg 1 6 18 64 64
1385_0033_0011_0040_0040.jpg 1 33 11 40 40
1386_0023_0035_0040_0040.jpg 1 23 35 40 40
1387_0036_0027_0051_0051.jpg 1 36 27 51 51
1388_0032_0034_0055_0055.jpg 1 32 34 55 55
1389_0045_0052_0041_0041.jpg 1 45 52 41 41
1390_0007_0029_0065_0065.jpg 1 7 29 65 65
1391_0006_0035_0057_0057.jpg 1 6 35 57 57
1392_0013_0009_0060_0060.jpg 1 13 9 60 60
1393_0020_0028_0044_0044.jpg 1 20 28 44 44
1394_0008_0025_0032_0032.jpg 1 8 25 32 32
1395_0003_0020_0066_0066.jpg 1 3 20 66 66
1396_0006_0006_0044_0044.jpg 1 6 6 44 44
1397_0035_0006_0049_0049.jpg 1 35 6 49 49
1398_0056_0019_0034_0034.jpg 1 56 19 34 34
1399_0058_0020_0030_0030.jpg 1 58 20 30 30
1400_0017_0038_0046_0046.jpg 1 17 38 46 46
1401_0031_0017_0043_0043.jpg 1 31 17 43 43
1402_0008_0021_0068_0068.jpg 1 8 21 68 68
1403_0033_0044_0034_0034.jpg 1 33 44 34 34
1404_0039_0019_0050_0050.jpg 1 39 19 50 50
1405_0019_0031_0062_0062.jpg 1 19 31 62 62
1406_0030_0027_0058_0058.jpg 1 30 27 58 58
1407_0044_0033_0046_0046.jpg 1 44 33 46 46
1408_0029_0021_0052_0052.jpg 1 29 21 52 52
1409_0012_0020_0051_0051.jpg 1 12 20 51 51
1410_0053_0044_0037_0037.jpg 1 53 44 37 37
1411_0023_0019_0062_0062.jpg 1 23 19 62 62
1412_0040_0013_0045_0045.jpg 1 40 13 45 45
1413_0011_0029_0034_0034.jpg 1 11 29 34 34
1414_0042_0029_0031_0031.jpg 1 42 29 31 31
1415_0003_0022_0065_0065.jpg 1 3 22 65 65
1416_0005_0021_0063_0063.jpg 1 5 21 63 63
1417_0027_0039_0041_0041.jpg 1 27 39 41 41
1418_0029_0018_0062_0062.jpg 1 29 18 62 62
1419_0014_0026_0059_0059.jpg 1 14 26 59 59
1420_0022_0020_0058_0058.jpg 1 22 20 58 58
1421_0023_0021_0033_0033.jpg 1 23 21 33 33
1422_0036_0007_0042_0042.jpg 1 36 7 42 42
1423_0039_0034_0050_0050.jpg 1 39 34 50 50
1424_0024_0005_0069_0069.jpg 1 24 5 69 69
1425_0007_0017_0051_0051.jpg 1 7 17 51 51
1426_0008_0044_0043_0043.jpg 1 8 44 43 43
1427_0037_0021_0041_0041.jpg 1 37 21 41 41
1428_0028_0024_0063_0063.jpg 1 28 24 63 63
1429_0014_0036_0054_0054.jpg 1 14 36 54 54
1430_0024_0032_0035_0035.jpg 1 24 32 35 35
1431_0013_0033_0035_0035.jpg 1 13 33 35 35
1432_0003_0006_0066_0066.jpg 1 3 6 66 66
1433_0006_0013_0061_0061.jpg 1 6 13 61 61
1434_0037_0033_0041_0041.jpg 1 37 33 41 41
1435_0045_0034_0043_0043.jpg 1 45 34 43 43
1436_0005_0025_0064_0064.jpg 1 5 25 64 64
1437_0021_0033_0060_0060.jpg 1 21 33 60 60
1438_0035_0049_0044_0044.jpg 1 35 49 44 44
1439_0006_0019_0067_0067.jpg 1 6 19 67 67
1440_0026_0016_0065_0065.jpg 1 26 16 65 65
1441_0023_0006_0067_0067.jpg 1 23 6 67 67
1442_0014_0014_0048_0048.jpg 1 14 14 48 48
1443_0031_0026_0050_0050.jpg 1 31 26 50 50
1444_0027_0034_0035_0035.jpg 1 27 34 35 35
1445_0003_0006_0068_0068.jpg 1 3 6 68 68
1446_0061_0040_0029_0029.jpg 1 61 40 29 29
1447_0041_0038_0047_0047.jpg 1 41 38 47 47
1448_0018_0032_0061_0061.jpg 1 18 32 61 61
1449_0040_0042_0039_0039.jpg 1 40 42 39 39
1450_0014_0033_0043_0043.jpg 1 14 33 43 43
1451_0050_0028_0039_0039.jpg 1 50 28 39 39
1452_0024_0005_0060_0060.jpg 1 24 5 60 60
1453_0008_0029_0050_0050.jpg 1 8 29 50 50
1454_0033_0024_0035_0035.jpg 1 33 24 35 35
1455_0025_0014_0053_0053.jpg 1 25 14 53 53
1456_0025_0042_0050_0050.jpg 1 25 42 50 50
1457_0007_0043_0040_0040.jpg 1 7 43 40 40
1458_0016_0032_0037_0037.jpg 1 16 32 37 37
1459_0019_0035_0026_0026.jpg 1 19 35 26 26
1460_0045_0030_0032_0032.jpg 1 45 30 32 32
1461_0051_0014_0028_0028.jpg 1 51 14 28 28
1462_0020_0023_0037_0037.jpg 1 20 23 37 37
1463_0035_0043_0042_0042.jpg 1 35 43 42 42
1464_0060_0066_0024_0024.jpg 1 60 66 24 24
1465_0007_0021_0068_0068.jpg 1 7 21 68 68
1466_0036_0053_0024_0024.jpg 1 36 53 24 24
1467_0005_0032_0059_0059.jpg 1 5 32 59 59
1468_0013_0009_0065_0065.jpg 1 13 9 65 65
1469_0021_0011_0060_0060.jpg 1 21 11 60 60
1470_0022_0025_0033_0033.jpg 1 22 25 33 33
1471_0018_0006_0062_0062.jpg 1 18 6 62 62
1472_0032_0031_0025_0025.jpg 1 32 31 25 25
1473_0010_0009_0024_0024.jpg 1 10 9 24 24
1474_0030_0004_0063_0063.jpg 1 30 4 63 63
1475_0041_0019_0042_0042.jpg 1 41 19 42 42
1476_0018_0017_0069_0069.jpg 1 18 17 69 69
1477_0017_0042_0029_0029.jpg 1 17 42 29 29
1478_0058_0009_0032_0032.jpg 1 58 9 32 32
1479_0034_0011_0049_0049.jpg 1 34 11 49 49
1480_0025_0017_0067_0067.jpg 1 25 17 67 67
1481_0028_0021_0064_0064.jpg 1 28 21 64 64
1482_0006_0005_0061_0061.jpg 1 6 5 61 61
1483_0014_0026_0059_0059.jpg 1 14 26 59 59
1484_0012_0007_0066_0066.jpg 1 12 7 66 66
1485_0062_0022_0029_0029.jpg 1 62 22 29 29
1486_0031_0016_0036_0036.jpg 1 31 16 36 36
1487_0017_0012_0063_0063.jpg 1 17 12 63 63
1488_0008_0004_0059_0059.jpg 1 8 4 59 59
1489_0051_0026_0038_0038.jpg 1 51 26 38 38
1490_0011_0009_0035_0035.jpg 1 11 9 35 35
1491_0008_0034_0042_0042.jpg 1 8 34 42 42
1492_0011_0043_0024_0024.jpg 1 11 43 24 24
1493_0043_0038_0049_0049.jpg 1 43 38 49 49
1494_0040_0010_0048_0048.jpg 1 40 10 48 48
1495_0014_0055_0033_0033.jpg 1 14 55 33 33
1496_0013_0009_0068_0068.jpg 1 13 9 68 68
1497_0025_0038_0038_0038.jpg 1 25 38 38 38
1498_0052_0048_0024_0024.jpg 1 52 48 24 24
1499_0026_0026_0044_0044.jpg 1 26 26 44 44
1500_0064_0058_0024_0024.jpg 1 64 58 24 24
1501_0013_0006_0050_0050.jpg 1 13 6 50 50
1502_0026_0010_0061_0061.jpg 1 26 10 61 61
1503_0014_0013_0048_0048.jpg 1 14 13 48 48
1504_0011_0012_0065_0065.jpg 1 11 12 65 65
1505_0036_0038_0053_0053.jpg 1 36 38 53 53
1506_0016_0007_0046_0046.jpg 1 16 7 46 46
1507_0007_0027_0066_0066.jpg 1 7 27 66 66
1508_0017_0016_0035_0035.jpg 1 17 16 35 35
1509_0057_0028_0024_0024.jpg 1 57 28 24 24
1510_0025_0023_0067_0067.jpg 1 25 23 67 67
1511_0020_0034_0051_0051.jpg 1 20 34 51 51
1512_0039_0027_0042_0042.jpg 1 39 27 42 42
1513_0013_0014_0068_0068.jpg 1 13 14 68 68
1514_0048_0048_0025_0025.jpg 1 48 48 25 25
1515_0029_0025_0037_0037.jpg 1 29 25 37 37
1516_0012_0006_0048_0048.jpg 1 12 6 48 48
1517_0006_0007_0064_0064.jpg 1 6 7 64 64
1518_0022_0029_0065_0065.jpg 1 22 29 65 65
1519_0030_0041_0041_0041.jpg 1 30 41 41 41
1520_0037_0028_0037_0037.jpg 1 37 28 37 37
1521_0028_0021_0054_0054.jpg 1 28 21 54 54
1522_0032_0040_0029_0029.jpg 1 32 40 29 29
1523_0009_0030_0038_0038.jpg 1 9 30 38 38
1524_0026_0016_0063_0063.jpg 1 26 16 63 63
1525_0047_0046_0036_0036.jpg 1 47 46 36 36
1526_0021_0023_0067_0067.jpg 1 21 23 67 67
1527_0039_0005_0056_0056.jpg 1 39 5 56 56
1528_0034_0052_0041_0041.jpg 1 34 52 41 41
1529_0020_0035_0053_0053.jpg 1 20 35 53 53
1530_0045_0022_0048_0048.jpg 1 45 22 48 48
1531_0004_0003_0062_0062.jpg 1 4 3 62 62
1532_0003_0019_0065_0065.jpg 1 3 19 65 65
1533_0054_0032_0028_0028.jpg 1 54 32 28 28
1534_0032_0033_0042_0042.jpg 1 32 33 42 42
1535_0009_0022_0055_0055.jpg 1 9 22 55 55
1536_0020_0006_0047_0047.jpg 1 20 6 47 47
1537_0032_0022_0039_0039.jpg 1 32 22 39 39
1538_0006_0028_0056_0056.jpg 1 6 28 56 56
1539_0005_0039_0045_0045.jpg 1 5 39 45 45
1540_0017_0018_0052_0052.jpg 1 17 18 52 52
1541_0019_0015_0067_0067.jpg 1 19 15 67 67
1542_0020_0027_0034_0034.jpg 1 20 27 34 34
1543_0030_0026_0058_0058.jpg 1 30 26 58 58
1544_0044_0054_0037_0037.jpg 1 44 54 37 37
1545_0029_0054_0035_0035.jpg 1 29 54 35 35
1546_0030_0052_0041_0041.jpg 1 30 52 41 41
1547_0028_0018_0064_0064.jpg 1 28 18 64 64
1548_0026_0010_0063_0063.jpg 1 26 10 63 63
1549_0032_0013_0060_0060.jpg 1 32 13 60 60
1550_0027_0017_0050_0050.jpg 1 27 17 50 50
1551_0023_0027_0067_0067.jpg 1 23 27 67 67
1552_0020_0029_0055_0055.jpg 1 20 29 55 55
1553_0026_0029_0034_0034.jpg 1 26 29 34 34
1554_0013_0006_0067_0067.jpg 1 13 6 67 67
1555_0063_0013_0027_0027.jpg 1 63 13 27 27
1556_0055_0043_0036_0036.jpg 1 55 43 36 36
1557_0036_0019_0037_0037.jpg 1 36 19 37 37
1558_0038_0028_0052_0052.jpg 1 38 28 52 52
1559_0038_0049_0038_0038.jpg 1 38 49 38 38
1560_0047_0041_0034_0034.jpg 1 47 41 34 34
1561_0007_0022_0068_0068.jpg 1 7 22 68 68
1562_0026_0005_0065_0065.jpg 1 26 5 65 65
1563_0048_0047_0034_0034.jpg 1 48 47 34 34
1564_0005_0012_0063_0063.jpg 1 5 12 63 63
1565_0034_0027_0057_0057.jpg 1 34 27 57 57
1566_0014_0018_0053_0053.jpg 1 14 18 53 53
1567_0008_0030_0049_0049.jpg 1 8 30 49 49
1568_0014_0014_0024_0024.jpg 1 14 14 24 24
1569_0050_0029_0025_0025.jpg 1 50 29 25 25
1570_0029_0012_0028_0028.jpg 1 29 12 28 28
1571_0043_0043_0044_0044.jpg 1 43 43 44 44
1572_0035_0026_0027_0027.jpg 1 35 26 27 27
1573_0016_0016_0062_0062.jpg 1 16 16 62 62
1574_0053_0019_0030_0030.jpg 1 53 19 30 30
1575_0052_0065_0026_0026.jpg 1 52 65 26 26
1576_0042_0011_0034_0034.jpg 1 42 11 34 34
1577_0050_0010_0043_0043.jpg 1 50 10 43 43
1578_0020_0024_0069_0069.jpg 1 20 24 69 69
1579_0015_0035_0045_0045.jpg 1 15 35 45 45
1580_0019_0020_0054_0054.jpg 1 19 20 54 54
1581_0011_0029_0036_0036.jpg 1 11 29 36 36
1582_0045_0018_0029_0029.jpg 1 45 18 29 29
1583_0019_0008_0066_0066.jpg 1 19 8 66 66
1584_0005_0024_0051_0051.jpg 1 5 24 51 51
1585_0056_0027_0032_0032.jpg 1 56 27 32 32
1586_0050_0051_0037_0037.jpg 1 50 51 37 37
1587_0043_0026_0032_0032.jpg 1 43 26 32 32
1588_0040_0020_0046_0046.jpg 1 40 20 46 46
1589_0023_0029_0060_0060.jpg 1 23 29 60 60
1590_0010_0043_0045_0045.jpg 1 10 43 45 45
1591_0008_0035_0056_0056.jpg 1 8 35 56 56
1592_0054_0022_0032_0032.jpg 1 54 22 32 32
1593_0026_0011_0066_0066.jpg 1 26 11 66 66
1594_0037_0021_0033_0033.jpg 1 37 21 33 33
1595_0012_0012_0068_0068.jpg 1 12 12 68 68
1596_0021_0024_0066_0066.jpg 1 21 24 66 66
1597_0032_0042_0028_0028.jpg 1 32 42 28 28
1598_0020_0012_0067_0067.jpg 1 20 12 67 67
1599_0046_0044_0026_0026.jpg 1 46 44 26 26
1600_0036_0024_0054_0054.jpg 1 36 24 54 54
1601_0009_0032_0060_0060.jpg 1 9 32 60 60
1602_0035_0020_0026_0026.jpg 1 35 20 26 26
1603_0032_0014_0062_0062.jpg 1 32 14 62 62
1604_0035_0012_0057_0057.jpg 1 35 12 57 57
1605_0047_0039_0035_0035.jpg 1 47 39 35 35
1606_0018_0005_0050_0050.jpg 1 18 5 50 50
1607_0010_0039_0054_0054.jpg 1 10 39 54 54
1608_0008_0016_0055_0055.jpg 1 8 16 55 55
1609_0010_0018_0066_0066.jpg 1 10 18 66 66
1610_0017_0036_0053_0053.jpg 1 17 36 53 53
1611_0017_0042_0045_0045.jpg 1 17 42 45 45
1612_0009_0021_0050_0050.jpg 1 9 21 50 50
1613_0044_0023_0032_0032.jpg 1 44 23 32 32
1614_0049_0022_0028_0028.jpg 1 49 22 28 28
1615_0016_0020_0057_0057.jpg 1 16 20 57 57
1616_0026_0015_0036_0036.jpg 1 26 15 36 36
1617_0006_0006_0060_0060.jpg 1 6 6 60 60
1618_0046_0007_0043_0043.jpg 1 46 7 43 43
1619_0027_0054_0025_0025.jpg 1 27 54 25 25
1620_0038_0052_0026_0026.jpg 1 38 52 26 26
1621_0049_0038_0030_0030.jpg 1 49 38 30 30
1622_0055_0038_0029_0029.jpg 1 55 38 29 29
1623_0026_0034_0044_0044.jpg 1 26 34 44 44
1624_0042_0018_0049_0049.jpg 1 42 18 49 49
1625_0042_0019_0033_0033.jpg 1 42 19 33 33
1626_0020_0023_0045_0045.jpg 1 20 23 45 45
1627_0024_0016_0057_0057.jpg 1 24 16 57 57
1628_0026_0021_0039_0039.jpg 1 26 21 39 39
1629_0011_0049_0031_0031.jpg 1 11 49 31 31
1630_0026_0025_0057_0057.jpg 1 26 25 57 57
1631_0010_0030_0058_0058.jpg 1 10 30 58 58
1632_0023_0007_0024_0024.jpg 1 23 7 24 24
1633_0016_0035_0056_0056.jpg 1 16 35 56 56
1634_0011_0042_0032_0032.jpg 1 11 42 32 32
1635_0028_0052_0031_0031.jpg 1 28 52 31 31
1636_0063_0057_0024_0024.jpg 1 63 57 24 24
1637_0018_0026_0066_0066.jpg 1 18 26 66 66
1638_0023_0005_0069_0069.jpg 1 23 5 69 69
1639_0013_0037_0025_0025.jpg 1 13 37 25 25
1640_0029_0056_0027_0027.jpg 1 29 56 27 27
1641_0009_0006_0060_0060.jpg 1 9 6 60 60
1642_0005_0024_0065_0065.jpg 1 5 24 65 65
1643_0013_0006_0067_0067.jpg 1 13 6 67 67
1644_0005_0039_0055_0055.jpg 1 5 39 55 55
1645_0037_0031_0052_0052.jpg 1 37 31 52 52
1646_0044_0040_0050_0050.jpg 1 44 40 50 50
1647_0009_0020_0041_0041.jpg 1 9 20 41 41
1648_0030_0028_0064_0064.jpg 1 30 28 64 64
1649_0064_0011_0024_0024.jpg 1 64 11 24 24
1650_0063_0036_0024_0024.jpg 1 63 36 24 24
1651_0031_0041_0038_0038.jpg 1 31 41 38 38
1652_0029_0031_0058_0058.jpg 1 29 31 58 58
1653_0039_0033_0040_0040.jpg 1 39 33 40 40
1654_0007_0034_0061_0061.jpg 1 7 34 61 61
1655_0026_0033_0050_0050.jpg 1 26 33 50 50
1656_0006_0022_0063_0063.jpg 1 6 22 63 63
1657_0018_0028_0044_0044.jpg 1 18 28 44 44
1658_0042_0010_0037_0037.jpg 1 42 10 37 37
1659_0024_0009_0061_0061.jpg 1 24 9 61 61
1660_0036_0016_0059_0059.jpg 1 36 16 59 59
1661_0023_0005_0053_0053.jpg 1 23 5 53 53
1662_0025_0059_0033_0033.jpg 1 25 59 33 33
1663_0009_0035_0058_0058.jpg 1 9 35 58 58
1664_0022_0036_0058_0058.jpg 1 22 36 58 58
1665_0016_0014_0068_0068.jpg 1 16 14 68 68
1666_0015_0030_0060_0060.jpg 1 15 30 60 60
1667_0020_0033_0061_0061.jpg 1 20 33 61 61
1668_0028_0019_0060_0060.jpg 1 28 19 60 60
1669_0025_0032_0044_0044.jpg 1 25 32 44 44
1670_0065_0059_0025_0025.jpg 1 65 59 25 25
1671_0014_0058_0034_0034.jpg 1 14 58 34 34
1672_0031_0018_0050_0050.jpg 1 31 18 50 50
1673_0009_0037_0035_0035.jpg 1 9 37 35 35
1674_0018_0060_0026_0026.jpg 1 18 60 26 26
1675_0032_0012_0038_0038.jpg 1 32 12 38 38
1676_0032_0023_0037_0037.jpg 1 32 23 37 37
1677_0033_0056_0035_0035.jpg 1 33 56 35 35
1678_0059_0019_0032_0032.jpg 1 59 19 32 32
1679_0029_0049_0033_0033.jpg 1 29 49 33 33
1680_0022_0014_0055_0055.jpg 1 22 14 55 55
1681_0024_0011_0054_0054.jpg 1 24 11 54 54
1682_0048_0031_0024_0024.jpg 1 48 31 24 24
1683_0027_0037_0028_0028.jpg 1 27 37 28 28
1684_0007_0005_0067_0067.jpg 1 7 5 67 67
1685_0037_0032_0050_0050.jpg 1 37 32 50 50
1686_0030_0017_0050_0050.jpg 1 30 17 50 50
1687_0030_0031_0060_0060.jpg 1 30 31 60 60
1688_0023_0038_0050_0050.jpg 1 23 38 50 50
1689_0007_0019_0038_0038.jpg 1 7 19 38 38
1690_0005_0041_0051_0051.jpg 1 5 41 51 51
1691_0054_0047_0035_0035.jpg 1 54 47 35 35
1692_0019_0015_0030_0030.jpg 1 19 15 30 30
1693_0021_0011_0036_0036.jpg 1 21 11 36 36
1694_0012_0018_0065_0065.jpg 1 12 18 65 65
1695_0031_0031_0061_0061.jpg 1 31 31 61 61
1696_0047_0031_0036_0036.jpg 1 47 31 36 36
1697_0042_0011_0052_0052.jpg 1 42 11 52 52
1698_0033_0021_0025_0025.jpg 1 33 21 25 25
1699_0040_0035_0035_0035.jpg 1 40 35 35 35
1700_0015_0005_0043_0043.jpg 1 15 5 43 43
1701_0014_0013_0047_0047.jpg 1 14 13 47 47
1702_0027_0005_0063_0063.jpg 1 27 5 63 63
1703_0055_0019_0026_0026.jpg 1 55 19 26 26
1704_0012_0031_0063_0063.jpg 1 12 31 63 63
1705_0028_0022_0044_0044.jpg 1 28 22 44 44
1706_0032_0030_0029_0029.jpg 1 32 30 29 29
1707_0012_0032_0056_0056.jpg 1 12 32 56 56
1708_0026_0016_0067_0067.jpg 1 26 16 67 67
1709_0063_0058_0026_0026.jpg 1 63 58 26 26
1710_0010_0050_0036_0036.jpg 1 10 50 36 36
1711_0027_0004_0063_0063.jpg 1 27 4 63 63
1712_0009_0051_0040_0040.jpg 1 9 51 40 40
1713_0015_0019_0032_0032.jpg 1 15 19 32 32
1714_0007_0013_0068_0068.jpg 1 7 13 68 68
1715_0005_0013_0068_0068.jpg 1 5 13 68 68
1716_0042_0028_0051_0051.jpg 1 42 28 51 51
1717_0008_0017_0045_0045.jpg 1 8 17 45 45
1718_0019_0012_0062_0062.jpg 1 19 12 62 62
1719_0025_0031_0048_0048.jpg 1 25 31 48 48
1720_0036_0008_0042_0042.jpg 1 36 8 42 42
1721_0020_0024_0058_0058.jpg 1 20 24 58 58
1722_0025_0010_0062_0062.jpg 1 25 10 62 62
1723_0037_0013_0040_0040.jpg 1 37 13 40 40
1724_0043_0010_0030_0030.jpg 1 43 10 30 30
1725_0028_0018_0034_0034.jpg 1 28 18 34 34
1726_0048_0046_0041_0041.jpg 1 48 46 41 41
1727_0043_0026_0026_0026.jpg 1 43 26 26 26
1728_0020_0019_0067_0067.jpg 1 20 19 67 67
1729_0028_0013_0067_0067.jpg 1 28 13 67 67
1730_0015_0014_0054_0054.jpg 1 15 14 54 54
1731_0010_0015_0049_0049.jpg 1 10 15 49 49
1732_0021_0036_0051_0051.jpg 1 21 36 51 51
1733_0011_0047_0040_0040.jpg 1 11 47 40 40
1734_0037_0026_0039_0039.jpg 1 37 26 39 39
1735_0051_0014_0038_0038.jpg 1 51 14 38 38
1736_0011_0028_0054_0054.jpg 1 11 28 54 54
1737_0010_0043_0028_0028.jpg 1 10 43 28 28
1738_0018_0005_0057_0057.jpg 1 18 5 57 57
1739_0007_0008_0066_0066.jpg 1 7 8 66 66
1740_0026_0019_0032_0032.jpg 1 26 19 32 32
1741_0042_0026_0029_0029.jpg 1 42 26 29 29
1742_0054_0031_0036_0036.jpg 1 54 31 36 36
1743_0042_0029_0047_0047.jpg 1 42 29 47 47
1744_0009_0010_0067_0067.jpg 1 9 10 67 67
1745_0025_0011_0068_0068.jpg 1 25 11 68 68
1746_0034_0029_0035_0035.jpg 1 34 29 35 35
1747_0024_0027_0061_0061.jpg 1 24 27 61 61
1748_0015_0032_0063_0063.jpg 1 15 32 63 63
1749_0035_0020_0059_0059.jpg 1 35 20 59 59
1750_0009_0013_0058_0058.jpg 1 9 13 58 58
1751_0004_0024_0063_0063.jpg 1 4 24 63 63
1752_0029_0010_0055_0055.jpg 1 29 10 55 55
1753_0029_0005_0065_0065.jpg 1 29 5 65 65
1754_0010_0014_0056_0056.jpg 1 10 14 56 56
1755_0014_0023_0055_0055.jpg 1 14 23 55 55
1756_0063_0015_0024_0024.jpg 1 63 15 24 24
1757_0007_0038_0042_0042.jpg 1 7 38 42 42
1758_0017_0019_0069_0069.jpg 1 17 19 69 69
1759_0031_0004_0063_0063.jpg 1 31 4 63 63
1760_0036_0012_0056_0056.jpg 1 36 12 56 56
1761_0029_0062_0028_0028.jpg 1 29 62 28 28
1762_0034_0055_0035_0035.jpg 1 34 55 35 35
1763_0023_0037_0042_0042.jpg 1 23 37 42 42
1764_0053_0063_0027_0027.jpg 1 53 63 27 27
1765_0017_0037_0040_0040.jpg 1 17 37 40 40
1766_0029_0006_0041_0041.jpg 1 29 6 41 41
1767_0022_0039_0038_0038.jpg 1 22 39 38 38
1768_0027_0010_0050_0050.jpg 1 27 10 50 50
1769_0016_0030_0054_0054.jpg 1 16 30 54 54
1770_0012_0048_0042_0042.jpg 1 12 48 42 42
1771_0012_0007_0061_0061.jpg 1 12 7 61 61
1772_0035_0053_0031_0031.jpg 1 35 53 31 31
1773_0022_0028_0055_0055.jpg 1 22 28 55 55
1774_0039_0031_0027_0027.jpg 1 39 31 27 27
1775_0058_0048_0029_0029.jpg 1 58 48 29 29
1776_0017_0021_0046_0046.jpg 1 17 21 46 46
1777_0032_0023_0025_0025.jpg 1 32 23 25 25
1778_0054_0059_0027_0027.jpg 1 54 59 27 27
1779_0026_0006_0062_0062.jpg 1 26 6 62 62
1780_0004_0007_0064_0064.jpg 1 4 7 64 64
1781_0020_0008_0052_0052.jpg 1 20 8 52 52
1782_0032_0015_0030_0030.jpg 1 32 15 30 30
1783_0015_0017_0059_0059.jpg 1 15 17 59 59
1784_0029_0016_0051_0051.jpg 1 29 16 51 51
1785_0008_0025_0046_0046.jpg 1 8 25 46 46
1786_0006_0030_0048_0048.jpg 1 6 30 48 48
1787_0025_0036_0031_0031.jpg 1 25 36 31 31
1788_0046_0032_0037_0037.jpg 1 46 32 37 37
1789_0053_0020_0034_0034.jpg 1 53 20 34 34
1790_0018_0020_0024_0024.jpg 1 18 20 24 24
1791_0055_0044_0034_0034.jpg 1 55 44 34 34
1792_0026_0006_0059_0059.jpg 1 26 6 59 59
1793_0036_0017_0052_0052.jpg 1 36 17 52 52
1794_0014_0005_0056_0056.jpg 1 14 5 56 56
1795_0015_0016_0058_0058.jpg 1 15 16 58 58
1796_0014_0027_0068_0068.jpg 1 14 27 68 68
1797_0011_0007_0052_0052.jpg 1 11 7 52 52
1798_0020_0035_0056_0056.jpg 1 20 35 56 56
1799_0032_0017_0049_0049.jpg 1 32 17 49 49
1800_0021_0034_0047_0047.jpg 1 21 34 47 47
1801_0013_0005_0069_0069.jpg 1 13 5 69 69
1802_0043_0045_0040_0040.jpg 1 43 45 40 40
1803_0052_0059_0032_0032.jpg 1 52 59 32 32
1804_0020_0010_0063_0063.jpg 1 20 10 63 63
1805_0003_0013_0067_0067.jpg 1 3 13 67 67
1806_0030_0050_0024_0024.jpg 1 30 50 24 24
1807_0025_0012_0061_0061.jpg 1 25 12 61 61
1808_0041_0013_0034_0034.jpg 1 41 13 34 34
1809_0008_0005_0050_0050.jpg 1 8 5 50 50
1810_0013_0029_0031_0031.jpg 1 13 29 31 31
1811_0027_0035_0049_0049.jpg 1 27 35 49 49
1812_0044_0027_0027_0027.jpg 1 44 27 27 27
1813_0034_0045_0024_0024.jpg 1 34 45 24 24
1814_0064_0049_0024_0024.jpg 1 64 49 24 24
1815_0009_0047_0033_0033.jpg 1 9 47 33 33
1816_0006_0020_0066_0066.jpg 1 6 20 66 66
1817_0015_0028_0065_0065.jpg 1 15 28 65 65
1818_0011_0012_0049_0049.jpg 1 11 12 49 49
1819_0009_0016_0065_0065.jpg 1 9 16 65 65
1820_0015_0012_0069_0069.jpg 1 15 12 69 69
1821_0045_0019_0035_0035.jpg 1 45 19 35 35
1822_0033_0009_0054_0054.jpg 1 33 9 54 54
1823_0031_0005_0064_0064.jpg 1 31 5 64 64
1824_0027_0027_0026_0026.jpg 1 27 27 26 26
1825_0039_0033_0043_0043.jpg 1 39 33 43 43
1826_0025_0013_0057_0057.jpg 1 25 13 57 57
1827_0039_0046_0031_0031.jpg 1 39 46 31 31
1828_0025_0022_0034_0034.jpg 1 25 22 34 34
1829_0021_0019_0052_0052.jpg 1 21 19 52 52
1830_0062_0008_0024_0024.jpg 1 62 8 24 24
1831_0031_0015_0058_0058.jpg 1 31 15 58 58
1832_0043_0007_0038_0038.jpg 1 43 7 38 38
1833_0007_0011_0068_0068.jpg 1 7 11 68 68
1834_0021_0030_0064_0064.jpg 1 21 30 64 64
1835_0029_0012_0056_0056.jpg 1 29 12 56 56
1836_0029_0026_0064_0064.jpg 1 29 26 64 64
1837_0047_0045_0044_0044.jpg 1 47 45 44 44
1838_0047_0026_0025_0025.jpg 1 47 26 25 25
1839_0033_0017_0049_0049.jpg 1 33 17 49 49
1840_0025_0024_0067_0067.jpg 1 25 24 67 67
1841_0007_0038_0042_0042.jpg 1 7 38 42 42
1842_0018_0023_0046_0046.jpg 1 18 23 46 46
1843_0034_0019_0044_0044.jpg 1 34 19 44 44
1844_0031_0027_0048_0048.jpg 1 31 27 48 48
1845_0045_0026_0044_0044.jpg 1 45 26 44 44
1846_0047_0046_0041_0041.jpg 1 47 46 41 41
1847_0049_0022_0044_0044.jpg 1 49 22 44 44
1848_0030_0032_0058_0058.jpg 1 30 32 58 58
1849_0031_0010_0065_0065.jpg 1 31 10 65 65
1850_0018_0010_0068_0068.jpg 1 18 10 68 68
1851_0036_0006_0055_0055.jpg 1 36 6 55 55
1852_0031_0043_0027_0027.jpg 1 31 43 27 27
1853_0014_0023_0061_0061.jpg 1 14 23 61 61
1854_0046_0020_0025_0025.jpg 1 46 20 25 25
1855_0048_0040_0045_0045.jpg 1 48 40 45 45
1856_0008_0020_0066_0066.jpg 1 8 20 66 66
1857_0034_0012_0057_0057.jpg 1 34 12 57 57
1858_0009_0038_0034_0034.jpg 1 9 38 34 34
1859_0031_0021_0057_0057.jpg 1 31 21 57 57
1860_0042_0019_0042_0042.jpg 1 42 19 42 42
1861_0009_0049_0039_0039.jpg 1 9 49 39 39
1862_0031_0013_0065_0065.jpg 1 31 13 65 65
1863_0007_0026_0060_0060.jpg 1 7 26 60 60
1864_0039_0013_0053_0053.jpg 1 39 13 53 53
1865_0036_0009_0054_0054.jpg 1 36 9 54 54
1866_0015_0005_0066_0066.jpg 1 15 5 66 66
1867_0037_0021_0044_0044.jpg 1 37 21 44 44
1868_0012_0030_0047_0047.jpg 1 12 30 47 47
1869_0008_0040_0050_0050.jpg 1 8 40 50 50
1870_0022_0031_0052_0052.jpg 1 22 31 52 52
1871_0016_0028_0032_0032.jpg 1 16 28 32 32
1872_0018_0045_0035_0035.jpg 1 18 45 35 35
1873_0041_0028_0034_0034.jpg 1 41 28 34 34
1874_0055_0054_0037_0037.jpg 1 55 54 37 37
1875_0036_0028_0052_0052.jpg 1 36 28 52 52
1876_0012_0016_0045_0045.jpg 1 12 16 45 45
1877_0023_0016_0069_0069.jpg 1 23 16 69 69
1878_0040_0047_0037_0037.jpg 1 40 47 37 37
1879_0017_0005_0064_0064.jpg 1 17 5 64 64
1880_0045_0014_0036_0036.jpg 1 45 14 36 36
1881_0009_0047_0029_0029.jpg 1 9 47 29 29
1882_0017_0030_0059_0059.jpg 1 17 30 59 59
1883_0041_0022_0048_0048.jpg 1 41 22 48 48
1884_0030_0024_0063_0063.jpg 1 30 24 63 63
1885_0006_0019_0059_0059.jpg 1 6 19 59 59
1886_0017_0018_0062_0062.jpg 1 17 18 62 62
1887_0005_0026_0046_0046.jpg 1 5 26 46 46
1888_0028_0027_0058_0058.jpg 1 28 27 58 58
1889_0036_0050_0042_0042.jpg 1 36 50 42 42
1890_0016_0042_0042_0042.jpg 1 16 42 42 42
1891_0022_0045_0049_0049.jpg 1 22 45 49 49
1892_0054_0056_0035_0035.jpg 1 54 56 35 35
1893_0009_0024_0028_0028.jpg 1 9 24 28 28
1894_0008_0029_0032_0032.jpg 1 8 29 32 32
1895_0019_0054_0031_0031.jpg 1 19 54 31 31
1896_0008_0023_0068_0068.jpg 1 8 23 68 68
1897_0012_0044_0045_0045.jpg 1 12 44 45 45
1898_0027_0029_0066_0066.jpg 1 27 29 66 66
1899_0021_0044_0044_0044.jpg 1 21 44 44 44
1900_0024_0012_0062_0062.jpg 1 24 12 62 62
1901_0013_0030_0035_0035.jpg 1 13 30 35 35
1902_0047_0023_0035_0035.jpg 1 47 23 35 35
1903_0037_0041_0041_0041.jpg 1 37 41 41 41
1904_0024_0030_0066_0066.jpg 1 24 30 66 66
1905_0037_0008_0038_0038.jpg 1 37 8 38 38
1906_0028_0008_0038_0038.jpg 1 28 8 38 38
1907_0038_0019_0029_0029.jpg 1 38 19 29 29
1908_0034_0038_0036_0036.jpg 1 34 38 36 36
1909_0021_0007_0037_0037.jpg 1 21 7 37 37
1910_0013_0018_0026_0026.jpg 1 13 18 26 26
1911_0007_0018_0066_0066.jpg 1 7 18 66 66
1912_0028_0021_0058_0058.jpg 1 28 21 58 58
1913_0026_0044_0046_0046.jpg 1 26 44 46 46
1914_0029_0017_0061_0061.jpg 1 29 17 61 61
1915_0035_0044_0035_0035.jpg 1 35 44 35 35
1916_0031_0037_0049_0049.jpg 1 31 37 49 49
1917_0015_0010_0032_0032.jpg 1 15 10 32 32
1918_0010_0006_0064_0064.jpg 1 10 6 64 64
1919_0024_0027_0057_0057.jpg 1 24 27 57 57
1920_0050_0028_0031_0031.jpg 1 50 28 31 31
1921_0025_0053_0031_0031.jpg 1 25 53 31 31
1922_0023_0025_0065_0065.jpg 1 23 25 65 65
1923_0009_0011_0054_0054.jpg 1 9 11 54 54
1924_0033_0024_0025_0025.jpg 1 33 24 25 25
1925_0015_0056_0024_0024.jpg 1 15 56 24 24
1926_0029_0007_0052_0052.jpg 1 29 7 52 52
1927_0026_0008_0069_0069.jpg 1 26 8 69 69
1928_0011_0060_0033_0033.jpg 1 11 60 33 33
1929_0019_0028_0052_0052.jpg 1 19 28 52 52
1930_0055_0036_0033_0033.jpg 1 55 36 33 33
1931_0054_0019_0030_0030.jpg 1 54 19 30 30
1932_0032_0023_0048_0048.jpg 1 32 23 48 48
1933_0012_0033_0051_0051.jpg 1 12 33 51 51
1934_0009_0006_0060_0060.jpg 1 9 6 60 60
1935_0028_0047_0039_0039.jpg 1 28 47 39 39
1936_0015_0018_0065_0065.jpg 1 15 18 65 65
1937_0022_0035_0060_0060.jpg 1 22 35 60 60
1938_0025_0022_0027_0027.jpg 1 25 22 27 27
1939_0024_0018_0036_0036.jpg 1 24 18 36 36
1940_0017_0010_0057_0057.jpg 1 17 10 57 57
1941_0029_0025_0056_0056.jpg 1 29 25 56 56
1942_0046_0030_0031_0031.jpg 1 46 30 31 31
1943_0012_0036_0047_0047.jpg 1 12 36 47 47
1944_0014_0044_0045_0045.jpg 1 14 44 45 45
1945_0050_0028_0037_0037.jpg 1 50 28 37 37
1946_0014_0015_0036_0036.jpg 1 14 15 36 36
1947_0047_0008_0045_0045.jpg 1 47 8 45 45
1948_0022_0012_0025_0025.jpg 1 22 12 25 25
1949_0043_0046_0035_0035.jpg 1 43 46 35 35
1950_0025_0033_0056_0056.jpg 1 25 33 56 56
