0001_0030_0030_0065_0065.jpg 1 30 30 65 65
0002_0013_0021_0061_0061.jpg 1 13 21 61 61
0003_0007_0007_0046_0046.jpg 1 7 7 46 46
0004_0044_0017_0030_0030.jpg 1 44 17 30 30
0005_0009_0007_0068_0068.jpg 1 9 7 68 68
0006_0033_0021_0034_0034.jpg 1 33 21 34 34
0007_0012_0025_0042_0042.jpg 1 12 25 42 42
0008_0055_0043_0036_0036.jpg 1 55 43 36 36
0009_0005_0022_0051_0051.jpg 1 5 22 51 51
0010_0024_0023_0067_0067.jpg 1 24 23 67 67
0011_0015_0005_0066_0066.jpg 1 15 5 66 66
0012_0030_0015_0054_0054.jpg 1 30 15 54 54
0013_0019_0025_0048_0048.jpg 1 19 25 48 48
0014_0040_0010_0053_0053.jpg 1 40 10 53 53
0015_0011_0020_0061_0061.jpg 1 11 20 61 61
0016_0044_0056_0026_0026.jpg 1 44 56 26 26
0017_0010_0017_0069_0069.jpg 1 10 17 69 69
0018_0054_0045_0036_0036.jpg 1 54 45 36 36
0019_0018_0043_0047_0047.jpg 1 18 43 47 47
0020_0027_0016_0040_0040.jpg 1 27 16 40 40
0021_0032_0018_0057_0057.jpg 1 32 18 57 57
0022_0032_0052_0024_0024.jpg 1 32 52 24 24
0023_0007_0012_0065_0065.jpg 1 7 12 65 65
0024_0026_0044_0050_0050.jpg 1 26 44 50 50
0025_0027_0011_0061_0061.jpg 1 27 11 61 61
0026_0021_0015_0064_0064.jpg 1 21 15 64 64
0027_0044_0005_0050_0050.jpg 1 44 5 50 50
0028_0030_0020_0037_0037.jpg 1 30 20 37 37
0029_0014_0022_0049_0049.jpg 1 14 22 49 49
0030_0029_0006_0034_0034.jpg 1 29 6 34 34
0031_0019_0007_0041_0041.jpg 1 19 7 41 41
0032_0027_0027_0063_0063.jpg 1 27 27 63 63
0033_0019_0013_0067_0067.jpg 1 19 13 67 67
0034_0052_0048_0026_0026.jpg 1 52 48 26 26
0035_0014_0015_0066_0066.jpg 1 14 15 66 66
0036_0051_0021_0027_0027.jpg 1 51 21 27 27
0037_0009_0019_0053_0053.jpg 1 9 19 53 53
0038_0010_0006_0060_0060.jpg 1 10 6 60 60
0039_0024_0016_0050_0050.jpg 1 24 16 50 50
0040_0058_0021_0029_0029.jpg 1 58 21 29 29
0041_0023_0026_0059_0059.jpg 1 23 26 59 59
0042_0008_0026_0044_0044.jpg 1 8 26 44 44
0043_0042_0030_0038_0038.jpg 1 42 30 38 38
0044_0031_0033_0040_0040.jpg 1 31 33 40 40
0045_0032_0047_0031_0031.jpg 1 32 47 31 31
0046_0050_0029_0038_0038.jpg 1 50 29 38 38
0047_0035_0029_0024_0024.jpg 1 35 29 24 24
0048_0022_0033_0034_0034.jpg 1 22 33 34 34
0049_0039_0010_0035_0035.jpg 1 39 10 35 35
0050_0045_0007_0029_0029.jpg 1 45 7 29 29
0051_0028_0040_0051_0051.jpg 1 28 40 51 51
0052_0026_0030_0025_0025.jpg 1 26 30 25 25
0053_0008_0026_0061_0061.jpg 1 8 26 61 61
0054_0022_0058_0026_0026.jpg 1 22 58 26 26
0055_0041_0024_0037_0037.jpg 1 41 24 37 37
0056_0030_0022_0061_0061.jpg 1 30 22 61 61
0057_0015_0010_0065_0065.jpg 1 15 10 65 65
0058_0021_0053_0027_0027.jpg 1 21 53 27 27
0059_0039_0033_0030_0030.jpg 1 39 33 30 30
0060_0034_0041_0052_0052.jpg 1 34 41 52 52
0061_0012_0020_0059_0059.jpg 1 12 20 59 59
0062_0013_0029_0056_0056.jpg 1 13 29 56 56
0063_0038_0049_0034_0034.jpg 1 38 49 34 34
0064_0053_0026_0030_0030.jpg 1 53 26 30 30
0065_0029_0035_0054_0054.jpg 1 29 35 54 54
0066_0032_0026_0024_0024.jpg 1 32 26 24 24
0067_0007_0031_0028_0028.jpg 1 7 31 28 28
0068_0005_0028_0050_0050.jpg 1 5 28 50 50
0069_0034_0011_0052_0052.jpg 1 34 11 52 52
0070_0031_0064_0024_0024.jpg 1 31 64 24 24
0071_0041_0040_0051_0051.jpg 1 41 40 51 51
0072_0031_0020_0035_0035.jpg 1 31 20 35 35
0073_0007_0011_0045_0045.jpg 1 7 11 45 45
0074_0045_0028_0032_0032.jpg 1 45 28 32 32
0075_0012_0040_0055_0055.jpg 1 12 40 55 55
0076_0020_0023_0068_0068.jpg 1 20 23 68 68
0077_0042_0040_0044_0044.jpg 1 42 40 44 44
0078_0017_0044_0041_0041.jpg 1 17 44 41 41
0079_0011_0037_0033_0033.jpg 1 11 37 33 33
0080_0011_0055_0031_0031.jpg 1 11 55 31 31
0081_0036_0010_0039_0039.jpg 1 36 10 39 39
0082_0011_0037_0042_0042.jpg 1 11 37 42 42
0083_0056_0039_0030_0030.jpg 1 56 39 30 30
0084_0036_0014_0049_0049.jpg 1 36 14 49 49
0085_0033_0021_0061_0061.jpg 1 33 21 61 61
0086_0031_0007_0061_0061.jpg 1 31 7 61 61
0087_0008_0030_0066_0066.jpg 1 8 30 66 66
0088_0010_0037_0051_0051.jpg 1 10 37 51 51
0089_0028_0019_0057_0057.jpg 1 28 19 57 57
0090_0009_0003_0069_0069.jpg 1 9 3 69 69
0091_0033_0034_0058_0058.jpg 1 33 34 58 58
0092_0007_0038_0033_0033.jpg 1 7 38 33 33
0093_0014_0027_0068_0068.jpg 1 14 27 68 68
0094_0011_0013_0063_0063.jpg 1 11 13 63 63
0095_0016_0026_0054_0054.jpg 1 16 26 54 54
0096_0010_0009_0062_0062.jpg 1 10 9 62 62
0097_0016_0005_0058_0058.jpg 1 16 5 58 58
0098_0032_0028_0047_0047.jpg 1 32 28 47 47
0099_0022_0060_0032_0032.jpg 1 22 60 32 32
0100_0033_0010_0059_0059.jpg 1 33 10 59 59
0101_0007_0021_0058_0058.jpg 1 7 21 58 58
0102_0026_0018_0048_0048.jpg 1 26 18 48 48
0103_0032_0064_0027_0027.jpg 1 32 64 27 27
0104_0039_0010_0054_0054.jpg 1 39 10 54 54
0105_0050_0037_0042_0042.jpg 1 50 37 42 42
0106_0163_0086_0162_0162.jpg 1 163 86 162 162
0107_0055_0051_0034_0034.jpg 1 55 51 34 34
0108_0057_0020_0028_0028.jpg 1 57 20 28 28
0109_0035_0018_0060_0060.jpg 1 35 18 60 60
0110_0051_0031_0027_0027.jpg 1 51 31 27 27
0111_0028_0030_0026_0026.jpg 1 28 30 26 26
0112_0013_0044_0045_0045.jpg 1 13 44 45 45
0113_0014_0063_0026_0026.jpg 1 14 63 26 26
0114_0037_0012_0031_0031.jpg 1 37 12 31 31
0115_0005_0005_0068_0068.jpg 1 5 5 68 68
0116_0039_0055_0025_0025.jpg 1 39 55 25 25
0117_0055_0017_0036_0036.jpg 1 55 17 36 36
0118_0021_0035_0039_0039.jpg 1 21 35 39 39
0119_0007_0005_0067_0067.jpg 1 7 5 67 67
0120_0050_0038_0039_0039.jpg 1 50 38 39 39
0121_0025_0023_0056_0056.jpg 1 25 23 56 56
0122_0038_0040_0055_0055.jpg 1 38 40 55 55
0123_0021_0041_0050_0050.jpg 1 21 41 50 50
0124_0026_0020_0052_0052.jpg 1 26 20 52 52
0125_0015_0054_0039_0039.jpg 1 15 54 39 39
0126_0065_0059_0027_0027.jpg 1 65 59 27 27
0127_0009_0018_0064_0064.jpg 1 9 18 64 64
0128_0017_0032_0057_0057.jpg 1 17 32 57 57
0129_0015_0011_0060_0060.jpg 1 15 11 60 60
0130_0032_0031_0047_0047.jpg 1 32 31 47 47
0131_0012_0021_0046_0046.jpg 1 12 21 46 46
0132_0053_0033_0040_0040.jpg 1 53 33 40 40
0133_0027_0039_0027_0027.jpg 1 27 39 27 27
0134_0051_0053_0024_0024.jpg 1 51 53 24 24
0135_0021_0007_0066_0066.jpg 1 21 7 66 66
0136_0011_0010_0065_0065.jpg 1 11 10 65 65
0137_0028_0045_0041_0041.jpg 1 28 45 41 41
0138_0025_0025_0045_0045.jpg 1 25 25 45 45
0139_0012_0031_0027_0027.jpg 1 12 31 27 27
0140_0039_0020_0032_0032.jpg 1 39 20 32 32
0141_0012_0041_0035_0035.jpg 1 12 41 35 35
0142_0031_0034_0046_0046.jpg 1 31 34 46 46
0143_0029_0013_0063_0063.jpg 1 29 13 63 63
0144_0052_0011_0037_0037.jpg 1 52 11 37 37
0145_0019_0038_0051_0051.jpg 1 19 38 51 51
0146_0005_0021_0057_0057.jpg 1 5 21 57 57
0147_0005_0022_0056_0056.jpg 1 5 22 56 56
0148_0008_0032_0056_0056.jpg 1 8 32 56 56
0149_0025_0008_0068_0068.jpg 1 25 8 68 68
0150_0025_0012_0065_0065.jpg 1 25 12 65 65
0151_0039_0041_0048_0048.jpg 1 39 41 48 48
0152_0026_0026_0059_0059.jpg 1 26 26 59 59
0153_0008_0016_0069_0069.jpg 1 8 16 69 69
0154_0020_0061_0024_0024.jpg 1 20 61 24 24
0155_0021_0021_0058_0058.jpg 1 21 21 58 58
0156_0020_0006_0052_0052.jpg 1 20 6 52 52
0157_0006_0020_0057_0057.jpg 1 6 20 57 57
0158_0055_0012_0032_0032.jpg 1 55 12 32 32
0159_0037_0019_0051_0051.jpg 1 37 19 51 51
0160_0012_0038_0027_0027.jpg 1 12 38 27 27
0161_0022_0024_0059_0059.jpg 1 22 24 59 59
0162_0014_0041_0034_0034.jpg 1 14 41 34 34
0163_0043_0036_0044_0044.jpg 1 43 36 44 44
0164_0034_0016_0050_0050.jpg 1 34 16 50 50
0165_0038_0025_0047_0047.jpg 1 38 25 47 47
0166_0033_0031_0055_0055.jpg 1 33 31 55 55
0167_0046_0045_0041_0041.jpg 1 46 45 41 41
0168_0045_0039_0043_0043.jpg 1 45 39 43 43
0169_0027_0021_0060_0060.jpg 1 27 21 60 60
0170_0035_0021_0042_0042.jpg 1 35 21 42 42
0171_0018_0013_0058_0058.jpg 1 18 13 58 58
0172_0037_0021_0046_0046.jpg 1 37 21 46 46
0173_0057_0055_0032_0032.jpg 1 57 55 32 32
0174_0007_0030_0048_0048.jpg 1 7 30 48 48
0175_0021_0040_0048_0048.jpg 1 21 40 48 48
0176_0013_0032_0064_0064.jpg 1 13 32 64 64
0177_0017_0037_0052_0052.jpg 1 17 37 52 52
0178_0041_0018_0050_0050.jpg 1 41 18 50 50
0179_0045_0019_0040_0040.jpg 1 45 19 40 40
0180_0039_0041_0031_0031.jpg 1 39 41 31 31
0181_0027_0014_0057_0057.jpg 1 27 14 57 57
0182_0059_0023_0025_0025.jpg 1 59 23 25 25
0183_0035_0007_0059_0059.jpg 1 35 7 59 59
0184_0015_0025_0056_0056.jpg 1 15 25 56 56
0185_0046_0060_0029_0029.jpg 1 46 60 29 29
0186_0006_0017_0057_0057.jpg 1 6 17 57 57
0187_0008_0006_0065_0065.jpg 1 8 6 65 65
0188_0016_0031_0061_0061.jpg 1 16 31 61 61
0189_0010_0022_0063_0063.jpg 1 10 22 63 63
0190_0041_0010_0052_0052.jpg 1 41 10 52 52
0191_0035_0005_0057_0057.jpg 1 35 5 57 57
0192_0029_0051_0036_0036.jpg 1 29 51 36 36
0193_0029_0019_0067_0067.jpg 1 29 19 67 67
0194_0015_0024_0050_0050.jpg 1 15 24 50 50
0195_0023_0022_0068_0068.jpg 1 23 22 68 68
0196_0011_0011_0061_0061.jpg 1 11 11 61 61
0197_0038_0051_0031_0031.jpg 1 38 51 31 31
0198_0042_0042_0037_0037.jpg 1 42 42 37 37
0199_0029_0029_0039_0039.jpg 1 29 29 39 39
0200_0012_0042_0050_0050.jpg 1 12 42 50 50
0201_0038_0013_0037_0037.jpg 1 38 13 37 37
0202_0020_0021_0063_0063.jpg 1 20 21 63 63
0203_0043_0043_0046_0046.jpg 1 43 43 46 46
0204_0032_0037_0054_0054.jpg 1 32 37 54 54
0205_0012_0015_0024_0024.jpg 1 12 15 24 24
0206_0020_0009_0062_0062.jpg 1 20 9 62 62
0207_0030_0050_0030_0030.jpg 1 30 50 30 30
0208_0038_0035_0040_0040.jpg 1 38 35 40 40
0209_0021_0006_0040_0040.jpg 1 21 6 40 40
0210_0015_0016_0053_0053.jpg 1 15 16 53 53
0211_0010_0025_0063_0063.jpg 1 10 25 63 63
0212_0012_0018_0054_0054.jpg 1 12 18 54 54
0213_0041_0010_0032_0032.jpg 1 41 10 32 32
0214_0024_0039_0040_0040.jpg 1 24 39 40 40
0215_0023_0028_0067_0067.jpg 1 23 28 67 67
0216_0007_0042_0052_0052.jpg 1 7 42 52 52
0217_0019_0043_0046_0046.jpg 1 19 43 46 46
0218_0027_0026_0057_0057.jpg 1 27 26 57 57
0219_0029_0027_0061_0061.jpg 1 29 27 61 61
0220_0008_0027_0055_0055.jpg 1 8 27 55 55
0221_0004_0016_0061_0061.jpg 1 4 16 61 61
0222_0065_0044_0025_0025.jpg 1 65 44 25 25
0223_0019_0016_0040_0040.jpg 1 19 16 40 40
0224_0045_0012_0042_0042.jpg 1 45 12 42 42
0225_0038_0024_0055_0055.jpg 1 38 24 55 55
0226_0038_0023_0031_0031.jpg 1 38 23 31 31
0227_0022_0015_0056_0056.jpg 1 22 15 56 56
0228_0025_0025_0044_0044.jpg 1 25 25 44 44
0229_0027_0041_0044_0044.jpg 1 27 41 44 44
0230_0008_0022_0066_0066.jpg 1 8 22 66 66
0231_0028_0026_0065_0065.jpg 1 28 26 65 65
0232_0011_0022_0044_0044.jpg 1 11 22 44 44
0233_0012_0016_0043_0043.jpg 1 12 16 43 43
0234_0049_0058_0026_0026.jpg 1 49 58 26 26
0235_0060_0064_0027_0027.jpg 1 60 64 27 27
0236_0006_0019_0068_0068.jpg 1 6 19 68 68
0237_0019_0026_0065_0065.jpg 1 19 26 65 65
0238_0037_0037_0042_0042.jpg 1 37 37 42 42
0239_0017_0015_0067_0067.jpg 1 17 15 67 67
0240_0045_0017_0048_0048.jpg 1 45 17 48 48
0241_0036_0014_0030_0030.jpg 1 36 14 30 30
0242_0026_0054_0037_0037.jpg 1 26 54 37 37
0243_0010_0045_0034_0034.jpg 1 10 45 34 34
0244_0015_0016_0045_0045.jpg 1 15 16 45 45
0245_0019_0022_0045_0045.jpg 1 19 22 45 45
0246_0025_0024_0038_0038.jpg 1 25 24 38 38
0247_0029_0008_0041_0041.jpg 1 29 8 41 41
0248_0028_0047_0031_0031.jpg 1 28 47 31 31
0249_0037_0042_0038_0038.jpg 1 37 42 38 38
0250_0023_0012_0062_0062.jpg 1 23 12 62 62
0251_0011_0013_0036_0036.jpg 1 11 13 36 36
0252_0014_0015_0062_0062.jpg 1 14 15 62 62
0253_0012_0012_0068_0068.jpg 1 12 12 68 68
0254_0024_0028_0059_0059.jpg 1 24 28 59 59
0255_0013_0012_0056_0056.jpg 1 13 12 56 56
0256_0013_0027_0050_0050.jpg 1 13 27 50 50
0257_0062_0034_0024_0024.jpg 1 62 34 24 24
0258_0011_0017_0067_0067.jpg 1 11 17 67 67
0259_0024_0010_0047_0047.jpg 1 24 10 47 47
0260_0015_0062_0024_0024.jpg 1 15 62 24 24
0261_0010_0010_0045_0045.jpg 1 10 10 45 45
0262_0035_0034_0048_0048.jpg 1 35 34 48 48
0263_0043_0046_0042_0042.jpg 1 43 46 42 42
0264_0020_0027_0063_0063.jpg 1 20 27 63 63
0265_0009_0009_0027_0027.jpg 1 9 9 27 27
0266_0060_0045_0032_0032.jpg 1 60 45 32 32
0267_0052_0056_0033_0033.jpg 1 52 56 33 33
0268_0017_0013_0047_0047.jpg 1 17 13 47 47
0269_0018_0043_0038_0038.jpg 1 18 43 38 38
0270_0007_0022_0051_0051.jpg 1 7 22 51 51
0271_0039_0033_0046_0046.jpg 1 39 33 46 46
0272_0062_0053_0027_0027.jpg 1 62 53 27 27
0273_0013_0005_0062_0062.jpg 1 13 5 62 62
0274_0022_0027_0035_0035.jpg 1 22 27 35 35
0275_0010_0018_0047_0047.jpg 1 10 18 47 47
0276_0045_0009_0047_0047.jpg 1 45 9 47 47
0277_0022_0030_0026_0026.jpg 1 22 30 26 26
0278_0048_0025_0038_0038.jpg 1 48 25 38 38
0279_0015_0047_0033_0033.jpg 1 15 47 33 33
0280_0016_0016_0038_0038.jpg 1 16 16 38 38
0281_0045_0022_0031_0031.jpg 1 45 22 31 31
0282_0026_0025_0064_0064.jpg 1 26 25 64 64
0283_0017_0025_0045_0045.jpg 1 17 25 45 45
0284_0013_0059_0025_0025.jpg 1 13 59 25 25
0285_0010_0014_0054_0054.jpg 1 10 14 54 54
0286_0020_0020_0069_0069.jpg 1 20 20 69 69
0287_0035_0040_0052_0052.jpg 1 35 40 52 52
0288_0020_0020_0067_0067.jpg 1 20 20 67 67
0289_0017_0010_0068_0068.jpg 1 17 10 68 68
0290_0048_0036_0030_0030.jpg 1 48 36 30 30
0291_0029_0030_0051_0051.jpg 1 29 30 51 51
0292_0028_0017_0066_0066.jpg 1 28 17 66 66
0293_0021_0028_0044_0044.jpg 1 21 28 44 44
0294_0021_0022_0031_0031.jpg 1 21 22 31 31
0295_0018_0024_0030_0030.jpg 1 18 24 30 30
0296_0037_0027_0045_0045.jpg 1 37 27 45 45
0297_0027_0018_0059_0059.jpg 1 27 18 59 59
0298_0020_0008_0059_0059.jpg 1 20 8 59 59
0299_0006_0005_0063_0063.jpg 1 6 5 63 63
0300_0035_0004_0059_0059.jpg 1 35 4 59 59
0301_0038_0008_0037_0037.jpg 1 38 8 37 37
0302_0035_0022_0032_0032.jpg 1 35 22 32 32
0303_0047_0015_0041_0041.jpg 1 47 15 41 41
0304_0045_0037_0038_0038.jpg 1 45 37 38 38
0305_0030_0027_0044_0044.jpg 1 30 27 44 44
0306_0039_0019_0051_0051.jpg 1 39 19 51 51
0307_0025_0010_0045_0045.jpg 1 25 10 45 45
0308_0015_0010_0060_0060.jpg 1 15 10 60 60
0309_0023_0037_0055_0055.jpg 1 23 37 55 55
0310_0016_0021_0043_0043.jpg 1 16 21 43 43
0311_0043_0020_0049_0049.jpg 1 43 20 49 49
0312_0041_0045_0047_0047.jpg 1 41 45 47 47
0313_0022_0015_0066_0066.jpg 1 22 15 66 66
0314_0004_0007_0052_0052.jpg 1 4 7 52 52
0315_0028_0018_0038_0038.jpg 1 28 18 38 38
0316_0034_0047_0045_0045.jpg 1 34 47 45 45
0317_0005_0005_0062_0062.jpg 1 5 5 62 62
0318_0020_0045_0045_0045.jpg 1 20 45 45 45
0319_0023_0035_0060_0060.jpg 1 23 35 60 60
0320_0021_0030_0024_0024.jpg 1 21 30 24 24
0321_0039_0008_0055_0055.jpg 1 39 8 55 55
0322_0021_0031_0030_0030.jpg 1 21 31 30 30
0323_0006_0036_0040_0040.jpg 1 6 36 40 40
0324_0056_0061_0024_0024.jpg 1 56 61 24 24
0325_0040_0059_0032_0032.jpg 1 40 59 32 32
0326_0007_0027_0062_0062.jpg 1 7 27 62 62
0327_0009_0013_0045_0045.jpg 1 9 13 45 45
0328_0009_0010_0042_0042.jpg 1 9 10 42 42
0329_0051_0007_0035_0035.jpg 1 51 7 35 35
0330_0020_0043_0039_0039.jpg 1 20 43 39 39
0331_0038_0029_0026_0026.jpg 1 38 29 26 26
0332_0031_0017_0056_0056.jpg 1 31 17 56 56
0333_0011_0028_0053_0053.jpg 1 11 28 53 53
0334_0027_0035_0034_0034.jpg 1 27 35 34 34
0335_0055_0060_0031_0031.jpg 1 55 60 31 31
0336_0046_0044_0041_0041.jpg 1 46 44 41 41
0337_0021_0011_0033_0033.jpg 1 21 11 33 33
0338_0021_0004_0065_0065.jpg 1 21 4 65 65
0339_0025_0027_0032_0032.jpg 1 25 27 32 32
0340_0017_0014_0054_0054.jpg 1 17 14 54 54
0341_0017_0006_0053_0053.jpg 1 17 6 53 53
0342_0012_0036_0050_0050.jpg 1 12 36 50 50
0343_0027_0024_0061_0061.jpg 1 27 24 61 61
0344_0026_0026_0068_0068.jpg 1 26 26 68 68
0345_0011_0019_0053_0053.jpg 1 11 19 53 53
0346_0026_0026_0066_0066.jpg 1 26 26 66 66
0347_0016_0011_0058_0058.jpg 1 16 11 58 58
0348_0006_0025_0049_0049.jpg 1 6 25 49 49
0349_0032_0021_0057_0057.jpg 1 32 21 57 57
0350_0052_0033_0040_0040.jpg 1 52 33 40 40
0351_0030_0010_0065_0065.jpg 1 30 10 65 65
0352_0006_0032_0054_0054.jpg 1 6 32 54 54
0353_0030_0023_0063_0063.jpg 1 30 23 63 63
0354_0011_0032_0027_0027.jpg 1 11 32 27 27
0355_0024_0021_0055_0055.jpg 1 24 21 55 55
0356_0029_0033_0049_0049.jpg 1 29 33 49 49
0357_0017_0010_0067_0067.jpg 1 17 10 67 67
0358_0018_0026_0052_0052.jpg 1 18 26 52 52
0359_0031_0031_0065_0065.jpg 1 31 31 65 65
0360_0016_0014_0053_0053.jpg 1 16 14 53 53
0361_0006_0015_0061_0061.jpg 1 6 15 61 61
0362_0025_0013_0045_0045.jpg 1 25 13 45 45
0363_0031_0028_0030_0030.jpg 1 31 28 30 30
0364_0023_0010_0027_0027.jpg 1 23 10 27 27
0365_0015_0035_0046_0046.jpg 1 15 35 46 46
0366_0024_0049_0038_0038.jpg 1 24 49 38 38
0367_0049_0022_0031_0031.jpg 1 49 22 31 31
0368_0006_0041_0052_0052.jpg 1 6 41 52 52
0369_0018_0030_0046_0046.jpg 1 18 30 46 46
0370_0023_0033_0052_0052.jpg 1 23 33 52 52
0371_0007_0025_0051_0051.jpg 1 7 25 51 51
0372_0043_0018_0029_0029.jpg 1 43 18 29 29
0373_0025_0029_0035_0035.jpg 1 25 29 35 35
0374_0058_0020_0027_0027.jpg 1 58 20 27 27
0375_0017_0051_0030_0030.jpg 1 17 51 30 30
0376_0056_0031_0030_0030.jpg 1 56 31 30 30
0377_0056_0039_0032_0032.jpg 1 56 39 32 32
0378_0016_0016_0052_0052.jpg 1 16 16 52 52
0379_0027_0033_0058_0058.jpg 1 27 33 58 58
0380_0012_0030_0043_0043.jpg 1 12 30 43 43
0381_0029_0013_0059_0059.jpg 1 29 13 59 59
0382_0009_0029_0048_0048.jpg 1 9 29 48 48
0383_0039_0037_0044_0044.jpg 1 39 37 44 44
0384_0021_0041_0044_0044.jpg 1 21 41 44 44
0385_0015_0004_0061_0061.jpg 1 15 4 61 61
0386_0014_0040_0028_0028.jpg 1 14 40 28 28
0387_0029_0020_0066_0066.jpg 1 29 20 66 66
0388_0057_0016_0024_0024.jpg 1 57 16 24 24
0389_0010_0022_0069_0069.jpg 1 10 22 69 69
0390_0033_0021_0044_0044.jpg 1 33 21 44 44
0391_0012_0016_0064_0064.jpg 1 12 16 64 64
0392_0036_0026_0059_0059.jpg 1 36 26 59 59
0393_0022_0043_0031_0031.jpg 1 22 43 31 31
0394_0010_0007_0034_0034.jpg 1 10 7 34 34
0395_0012_0005_0054_0054.jpg 1 12 5 54 54
0396_0044_0042_0048_0048.jpg 1 44 42 48 48
0397_0005_0021_0063_0063.jpg 1 5 21 63 63
0398_0014_0009_0067_0067.jpg 1 14 9 67 67
0399_0017_0022_0063_0063.jpg 1 17 22 63 63
0400_0016_0052_0040_0040.jpg 1 16 52 40 40
0401_0025_0023_0027_0027.jpg 1 25 23 27 27
0402_0037_0014_0051_0051.jpg 1 37 14 51 51
0403_0015_0021_0041_0041.jpg 1 15 21 41 41
0404_0045_0019_0032_0032.jpg 1 45 19 32 32
0405_0019_0045_0048_0048.jpg 1 19 45 48 48
0406_0007_0012_0069_0069.jpg 1 7 12 69 69
0407_0011_0024_0050_0050.jpg 1 11 24 50 50
0408_0009_0065_0024_0024.jpg 1 9 65 24 24
0409_0031_0045_0034_0034.jpg 1 31 45 34 34
0410_0006_0024_0044_0044.jpg 1 6 24 44 44
0411_0023_0019_0029_0029.jpg 1 23 19 29 29
0412_0027_0015_0051_0051.jpg 1 27 15 51 51
0413_0045_0023_0024_0024.jpg 1 45 23 24 24
0414_0013_0033_0028_0028.jpg 1 13 33 28 28
0415_0014_0010_0049_0049.jpg 1 14 10 49 49
0416_0019_0004_0067_0067.jpg 1 19 4 67 67
0417_0015_0019_0060_0060.jpg 1 15 19 60 60
0418_0013_0016_0060_0060.jpg 1 13 16 60 60
0419_0041_0048_0028_0028.jpg 1 41 48 28 28
0420_0038_0017_0047_0047.jpg 1 38 17 47 47
0421_0021_0007_0064_0064.jpg 1 21 7 64 64
0422_0028_0025_0045_0045.jpg 1 28 25 45 45
0423_0008_0032_0057_0057.jpg 1 8 32 57 57
0424_0005_0019_0047_0047.jpg 1 5 19 47 47
0425_0039_0023_0047_0047.jpg 1 39 23 47 47
0426_0008_0017_0053_0053.jpg 1 8 17 53 53
0427_0022_0050_0038_0038.jpg 1 22 50 38 38
0428_0033_0019_0056_0056.jpg 1 33 19 56 56
0429_0005_0020_0057_0057.jpg 1 5 20 57 57
0430_0009_0020_0028_0028.jpg 1 9 20 28 28
0431_0055_0010_0034_0034.jpg 1 55 10 34 34
0432_0048_0052_0027_0027.jpg 1 48 52 27 27
0433_0058_0008_0029_0029.jpg 1 58 8 29 29
0434_0019_0025_0067_0067.jpg 1 19 25 67 67
0435_0008_0005_0068_0068.jpg 1 8 5 68 68
0436_0028_0031_0062_0062.jpg 1 28 31 62 62
0437_0042_0019_0026_0026.jpg 1 42 19 26 26
0438_0007_0030_0048_0048.jpg 1 7 30 48 48
0439_0019_0010_0069_0069.jpg 1 19 10 69 69
0440_0006_0007_0067_0067.jpg 1 6 7 67 67
0441_0010_0051_0033_0033.jpg 1 10 51 33 33
0442_0005_0028_0043_0043.jpg 1 5 28 43 43
0443_0026_0013_0057_0057.jpg 1 26 13 57 57
0444_0018_0057_0025_0025.jpg 1 18 57 25 25
0445_0054_0036_0035_0035.jpg 1 54 36 35 35
0446_0007_0013_0044_0044.jpg 1 7 13 44 44
0447_0038_0011_0027_0027.jpg 1 38 11 27 27
0448_0027_0025_0061_0061.jpg 1 27 25 61 61
0449_0039_0021_0052_0052.jpg 1 39 21 52 52
0450_0043_0036_0036_0036.jpg 1 43 36 36 36
0451_0005_0031_0062_0062.jpg 1 5 31 62 62
0452_0021_0011_0026_0026.jpg 1 21 11 26 26
0453_0009_0017_0068_0068.jpg 1 9 17 68 68
0454_0009_0032_0064_0064.jpg 1 9 32 64 64
0455_0016_0021_0053_0053.jpg 1 16 21 53 53
0456_0048_0048_0039_0039.jpg 1 48 48 39 39
0457_0028_0005_0061_0061.jpg 1 28 5 61 61
0458_0031_0029_0059_0059.jpg 1 31 29 59 59
0459_0025_0031_0058_0058.jpg 1 25 31 58 58
0460_0014_0011_0051_0051.jpg 1 14 11 51 51
0461_0003_0012_0067_0067.jpg 1 3 12 67 67
0462_0004_0012_0064_0064.jpg 1 4 12 64 64
0463_0042_0057_0024_0024.jpg 1 42 57 24 24
0464_0008_0036_0034_0034.jpg 1 8 36 34 34
0465_0044_0055_0033_0033.jpg 1 44 55 33 33
0466_0008_0006_0066_0066.jpg 1 8 6 66 66
0467_0028_0020_0063_0063.jpg 1 28 20 63 63
0468_0013_0043_0049_0049.jpg 1 13 43 49 49
0469_0009_0009_0069_0069.jpg 1 9 9 69 69
0470_0014_0019_0069_0069.jpg 1 14 19 69 69
0471_0009_0016_0069_0069.jpg 1 9 16 69 69
0472_0031_0037_0049_0049.jpg 1 31 37 49 49
0473_0054_0043_0034_0034.jpg 1 54 43 34 34
0474_0018_0015_0068_0068.jpg 1 18 15 68 68
0475_0020_0039_0026_0026.jpg 1 20 39 26 26
0476_0049_0033_0044_0044.jpg 1 49 33 44 44
0477_0024_0019_0063_0063.jpg 1 24 19 63 63
0478_0032_0011_0051_0051.jpg 1 32 11 51 51
0479_0029_0029_0067_0067.jpg 1 29 29 67 67
0480_0013_0004_0067_0067.jpg 1 13 4 67 67
0481_0048_0010_0025_0025.jpg 1 48 10 25 25
0482_0026_0015_0069_0069.jpg 1 26 15 69 69
0483_0043_0064_0026_0026.jpg 1 43 64 26 26
0484_0032_0027_0044_0044.jpg 1 32 27 44 44
0485_0041_0008_0049_0049.jpg 1 41 8 49 49
0486_0024_0016_0068_0068.jpg 1 24 16 68 68
0487_0026_0044_0041_0041.jpg 1 26 44 41 41
0488_0018_0008_0061_0061.jpg 1 18 8 61 61
0489_0027_0008_0038_0038.jpg 1 27 8 38 38
0490_0012_0038_0041_0041.jpg 1 12 38 41 41
0491_0057_0035_0024_0024.jpg 1 57 35 24 24
0492_0034_0032_0058_0058.jpg 1 34 32 58 58
0493_0052_0007_0031_0031.jpg 1 52 7 31 31
0494_0007_0010_0067_0067.jpg 1 7 10 67 67
0495_0011_0024_0036_0036.jpg 1 11 24 36 36
0496_0057_0049_0036_0036.jpg 1 57 49 36 36
0497_0025_0046_0038_0038.jpg 1 25 46 38 38
0498_0024_0055_0038_0038.jpg 1 24 55 38 38
0499_0016_0031_0058_0058.jpg 1 16 31 58 58
0500_0055_0029_0034_0034.jpg 1 55 29 34 34
0501_0007_0011_0060_0060.jpg 1 7 11 60 60
0502_0023_0058_0032_0032.jpg 1 23 58 32 32
0503_0034_0018_0054_0054.jpg 1 34 18 54 54
0504_0019_0024_0061_0061.jpg 1 19 24 61 61
0505_0052_0033_0033_0033.jpg 1 52 33 33 33
0506_0020_0011_0062_0062.jpg 1 20 11 62 62
0507_0026_0020_0043_0043.jpg 1 26 20 43 43
0508_0026_0042_0040_0040.jpg 1 26 42 40 40
0509_0039_0035_0039_0039.jpg 1 39 35 39 39
0510_0019_0021_0065_0065.jpg 1 19 21 65 65
0511_0009_0017_0052_0052.jpg 1 9 17 52 52
0512_0025_0024_0042_0042.jpg 1 25 24 42 42
0513_0056_0024_0029_0029.jpg 1 56 24 29 29
0514_0012_0020_0036_0036.jpg 1 12 20 36 36
0515_0032_0020_0046_0046.jpg 1 32 20 46 46
0516_0049_0046_0042_0042.jpg 1 49 46 42 42
0517_0045_0042_0041_0041.jpg 1 45 42 41 41
0518_0015_0030_0036_0036.jpg 1 15 30 36 36
0519_0043_0042_0035_0035.jpg 1 43 42 35 35
0520_0033_0030_0057_0057.jpg 1 33 30 57 57
0521_0033_0035_0051_0051.jpg 1 33 35 51 51
0522_0003_0023_0066_0066.jpg 1 3 23 66 66
0523_0004_0022_0066_0066.jpg 1 4 22 66 66
0524_0047_0044_0040_0040.jpg 1 47 44 40 40
0525_0054_0030_0038_0038.jpg 1 54 30 38 38
0526_0010_0019_0058_0058.jpg 1 10 19 58 58
0527_0023_0015_0055_0055.jpg 1 23 15 55 55
0528_0009_0013_0048_0048.jpg 1 9 13 48 48
0529_0021_0009_0058_0058.jpg 1 21 9 58 58
0530_0014_0027_0054_0054.jpg 1 14 27 54 54
0531_0039_0004_0054_0054.jpg 1 39 4 54 54
0532_0024_0030_0059_0059.jpg 1 24 30 59 59
0533_0047_0011_0045_0045.jpg 1 47 11 45 45
0534_0039_0040_0032_0032.jpg 1 39 40 32 32
0535_0026_0006_0037_0037.jpg 1 26 6 37 37
0536_0057_0020_0035_0035.jpg 1 57 20 35 35
0537_0007_0010_0066_0066.jpg 1 7 10 66 66
0538_0020_0023_0052_0052.jpg 1 20 23 52 52
0539_0025_0024_0065_0065.jpg 1 25 24 65 65
0540_0019_0031_0032_0032.jpg 1 19 31 32 32
0541_0018_0042_0035_0035.jpg 1 18 42 35 35
0542_0032_0028_0051_0051.jpg 1 32 28 51 51
0543_0004_0010_0062_0062.jpg 1 4 10 62 62
0544_0047_0044_0039_0039.jpg 1 47 44 39 39
0545_0013_0014_0068_0068.jpg 1 13 14 68 68
0546_0008_0009_0063_0063.jpg 1 8 9 63 63
0547_0022_0031_0053_0053.jpg 1 22 31 53 53
0548_0053_0036_0039_0039.jpg 1 53 36 39 39
0549_0017_0040_0051_0051.jpg 1 17 40 51 51
0550_0049_0038_0026_0026.jpg 1 49 38 26 26
0551_0008_0006_0064_0064.jpg 1 8 6 64 64
0552_0031_0010_0050_0050.jpg 1 31 10 50 50
0553_0029_0006_0047_0047.jpg 1 29 6 47 47
0554_0015_0015_0035_0035.jpg 1 15 15 35 35
0555_0014_0011_0048_0048.jpg 1 14 11 48 48
0556_0033_0029_0062_0062.jpg 1 33 29 62 62
0557_0015_0029_0056_0056.jpg 1 15 29 56 56
0558_0025_0035_0060_0060.jpg 1 25 35 60 60
0559_0054_0034_0036_0036.jpg 1 54 34 36 36
0560_0037_0037_0056_0056.jpg 1 37 37 56 56
0561_0009_0029_0050_0050.jpg 1 9 29 50 50
0562_0008_0053_0038_0038.jpg 1 8 53 38 38
0563_0019_0007_0041_0041.jpg 1 19 7 41 41
0564_0014_0042_0035_0035.jpg 1 14 42 35 35
0565_0018_0048_0042_0042.jpg 1 18 48 42 42
0566_0024_0019_0064_0064.jpg 1 24 19 64 64
0567_0012_0031_0054_0054.jpg 1 12 31 54 54
0568_0018_0052_0038_0038.jpg 1 18 52 38 38
0569_0009_0035_0058_0058.jpg 1 9 35 58 58
0570_0013_0031_0060_0060.jpg 1 13 31 60 60
0571_0013_0034_0052_0052.jpg 1 13 34 52 52
0572_0032_0037_0040_0040.jpg 1 32 37 40 40
0573_0039_0006_0047_0047.jpg 1 39 6 47 47
0574_0029_0032_0033_0033.jpg 1 29 32 33 33
0575_0010_0034_0055_0055.jpg 1 10 34 55 55
0576_0021_0009_0063_0063.jpg 1 21 9 63 63
0577_0030_0015_0045_0045.jpg 1 30 15 45 45
0578_0010_0022_0060_0060.jpg 1 10 22 60 60
0579_0041_0020_0050_0050.jpg 1 41 20 50 50
0580_0053_0053_0032_0032.jpg 1 53 53 32 32
0581_0023_0025_0069_0069.jpg 1 23 25 69 69
0582_0049_0047_0045_0045.jpg 1 49 47 45 45
0583_0037_0047_0036_0036.jpg 1 37 47 36 36
0584_0021_0036_0053_0053.jpg 1 21 36 53 53
0585_0009_0026_0045_0045.jpg 1 9 26 45 45
0586_0055_0059_0031_0031.jpg 1 55 59 31 31
0587_0014_0011_0066_0066.jpg 1 14 11 66 66
0588_0012_0015_0047_0047.jpg 1 12 15 47 47
0589_0043_0054_0038_0038.jpg 1 43 54 38 38
0590_0017_0024_0055_0055.jpg 1 17 24 55 55
0591_0035_0030_0046_0046.jpg 1 35 30 46 46
0592_0046_0034_0029_0029.jpg 1 46 34 29 29
0593_0053_0018_0027_0027.jpg 1 53 18 27 27
0594_0044_0034_0024_0024.jpg 1 44 34 24 24
0595_0045_0015_0026_0026.jpg 1 45 15 26 26
0596_0027_0015_0039_0039.jpg 1 27 15 39 39
0597_0023_0006_0067_0067.jpg 1 23 6 67 67
0598_0048_0020_0030_0030.jpg 1 48 20 30 30
0599_0030_0036_0030_0030.jpg 1 30 36 30 30
0600_0041_0008_0053_0053.jpg 1 41 8 53 53
0601_0024_0010_0067_0067.jpg 1 24 10 67 67
0602_0057_0052_0028_0028.jpg 1 57 52 28 28
0603_0048_0014_0039_0039.jpg 1 48 14 39 39
0604_0030_0017_0066_0066.jpg 1 30 17 66 66
0605_0042_0043_0050_0050.jpg 1 42 43 50 50
0606_0024_0014_0057_0057.jpg 1 24 14 57 57
0607_0040_0014_0047_0047.jpg 1 40 14 47 47
0608_0039_0019_0043_0043.jpg 1 39 19 43 43
0609_0023_0010_0038_0038.jpg 1 23 10 38 38
0610_0053_0041_0024_0024.jpg 1 53 41 24 24
0611_0022_0037_0049_0049.jpg 1 22 37 49 49
0612_0046_0020_0045_0045.jpg 1 46 20 45 45
0613_0015_0047_0031_0031.jpg 1 15 47 31 31
0614_0055_0057_0034_0034.jpg 1 55 57 34 34
0615_0024_0024_0060_0060.jpg 1 24 24 60 60
0616_0036_0033_0051_0051.jpg 1 36 33 51 51
0617_0015_0033_0038_0038.jpg 1 15 33 38 38
0618_0025_0036_0055_0055.jpg 1 25 36 55 55
0619_0032_0033_0056_0056.jpg 1 32 33 56 56
0620_0010_0023_0051_0051.jpg 1 10 23 51 51
0621_0013_0007_0049_0049.jpg 1 13 7 49 49
0622_0027_0021_0053_0053.jpg 1 27 21 53 53
0623_0005_0026_0049_0049.jpg 1 5 26 49 49
0624_0027_0015_0058_0058.jpg 1 27 15 58 58
0625_0010_0049_0036_0036.jpg 1 10 49 36 36
0626_0014_0012_0043_0043.jpg 1 14 12 43 43
0627_0006_0026_0037_0037.jpg 1 6 26 37 37
0628_0030_0016_0065_0065.jpg 1 30 16 65 65
0629_0044_0053_0039_0039.jpg 1 44 53 39 39
0630_0027_0049_0039_0039.jpg 1 27 49 39 39
0631_0050_0018_0024_0024.jpg 1 50 18 24 24
0632_0013_0040_0037_0037.jpg 1 13 40 37 37
0633_0005_0010_0056_0056.jpg 1 5 10 56 56
0634_0019_0011_0050_0050.jpg 1 19 11 50 50
0635_0015_0031_0045_0045.jpg 1 15 31 45 45
0636_0013_0032_0032_0032.jpg 1 13 32 32 32
0637_0030_0018_0042_0042.jpg 1 30 18 42 42
0638_0005_0032_0049_0049.jpg 1 5 32 49 49
0639_0031_0033_0061_0061.jpg 1 31 33 61 61
0640_0025_0042_0036_0036.jpg 1 25 42 36 36
0641_0031_0043_0050_0050.jpg 1 31 43 50 50
0642_0045_0044_0047_0047.jpg 1 45 44 47 47
0643_0040_0013_0050_0050.jpg 1 40 13 50 50
0644_0027_0010_0058_0058.jpg 1 27 10 58 58
0645_0022_0014_0057_0057.jpg 1 22 14 57 57
0646_0048_0039_0039_0039.jpg 1 48 39 39 39
0647_0024_0029_0060_0060.jpg 1 24 29 60 60
0648_0008_0041_0041_0041.jpg 1 8 41 41 41
0649_0037_0031_0037_0037.jpg 1 37 31 37 37
0650_0040_0019_0041_0041.jpg 1 40 19 41 41
0651_0053_0012_0039_0039.jpg 1 53 12 39 39
0652_0031_0032_0051_0051.jpg 1 31 32 51 51
0653_0031_0017_0062_0062.jpg 1 31 17 62 62
0654_0013_0008_0069_0069.jpg 1 13 8 69 69
0655_0025_0026_0069_0069.jpg 1 25 26 69 69
0656_0031_0007_0036_0036.jpg 1 31 7 36 36
0657_0033_0042_0048_0048.jpg 1 33 42 48 48
0658_0057_0008_0035_0035.jpg 1 57 8 35 35
0659_0013_0011_0062_0062.jpg 1 13 11 62 62
0660_0028_0005_0048_0048.jpg 1 28 5 48 48
0661_0010_0030_0055_0055.jpg 1 10 30 55 55
0662_0030_0017_0065_0065.jpg 1 30 17 65 65
0663_0036_0045_0038_0038.jpg 1 36 45 38 38
0664_0027_0018_0040_0040.jpg 1 27 18 40 40
0665_0034_0015_0053_0053.jpg 1 34 15 53 53
0666_0055_0040_0030_0030.jpg 1 55 40 30 30
0667_0025_0016_0032_0032.jpg 1 25 16 32 32
0668_0010_0029_0050_0050.jpg 1 10 29 50 50
0669_0019_0049_0043_0043.jpg 1 19 49 43 43
0670_0026_0008_0027_0027.jpg 1 26 8 27 27
0671_0040_0036_0041_0041.jpg 1 40 36 41 41
0672_0017_0009_0055_0055.jpg 1 17 9 55 55
0673_0038_0011_0047_0047.jpg 1 38 11 47 47
0674_0015_0034_0055_0055.jpg 1 15 34 55 55
0675_0025_0038_0033_0033.jpg 1 25 38 33 33
0676_0027_0026_0062_0062.jpg 1 27 26 62 62
0677_0016_0006_0046_0046.jpg 1 16 6 46 46
0678_0007_0023_0063_0063.jpg 1 7 23 63 63
0679_0038_0024_0044_0044.jpg 1 38 24 44 44
0680_0038_0005_0052_0052.jpg 1 38 5 52 52
0681_0026_0036_0033_0033.jpg 1 26 36 33 33
0682_0050_0052_0038_0038.jpg 1 50 52 38 38
0683_0037_0033_0055_0055.jpg 1 37 33 55 55
0684_0042_0029_0025_0025.jpg 1 42 29 25 25
0685_0011_0022_0057_0057.jpg 1 11 22 57 57
0686_0059_0036_0028_0028.jpg 1 59 36 28 28
0687_0004_0014_0063_0063.jpg 1 4 14 63 63
0688_0025_0021_0042_0042.jpg 1 25 21 42 42
0689_0018_0042_0032_0032.jpg 1 18 42 32 32
0690_0035_0029_0057_0057.jpg 1 35 29 57 57
0691_0062_0031_0027_0027.jpg 1 62 31 27 27
0692_0022_0052_0041_0041.jpg 1 22 52 41 41
0693_0053_0024_0031_0031.jpg 1 53 24 31 31
0694_0021_0018_0032_0032.jpg 1 21 18 32 32
0695_0010_0029_0024_0024.jpg 1 10 29 24 24
0696_0015_0026_0048_0048.jpg 1 15 26 48 48
0697_0027_0041_0027_0027.jpg 1 27 41 27 27
0698_0008_0003_0065_0065.jpg 1 8 3 65 65
0699_0020_0020_0028_0028.jpg 1 20 20 28 28
0700_0014_0048_0046_0046.jpg 1 14 48 46 46
0701_0056_0049_0026_0026.jpg 1 56 49 26 26
0702_0010_0023_0064_0064.jpg 1 10 23 64 64
0703_0053_0038_0026_0026.jpg 1 53 38 26 26
0704_0029_0008_0049_0049.jpg 1 29 8 49 49
0705_0028_0039_0027_0027.jpg 1 28 39 27 27
0706_0012_0046_0035_0035.jpg 1 12 46 35 35
0707_0044_0045_0045_0045.jpg 1 44 45 45 45
0708_0039_0012_0043_0043.jpg 1 39 12 43 43
0709_0022_0008_0027_0027.jpg 1 22 8 27 27
0710_0020_0032_0060_0060.jpg 1 20 32 60 60
0711_0036_0027_0056_0056.jpg 1 36 27 56 56
0712_0004_0009_0069_0069.jpg 1 4 9 69 69
0713_0030_0024_0038_0038.jpg 1 30 24 38 38
0714_0031_0043_0049_0049.jpg 1 31 43 49 49
0715_0028_0010_0056_0056.jpg 1 28 10 56 56
0716_0010_0023_0068_0068.jpg 1 10 23 68 68
0717_0037_0025_0030_0030.jpg 1 37 25 30 30
0718_0060_0033_0026_0026.jpg 1 60 33 26 26
0719_0014_0019_0054_0054.jpg 1 14 19 54 54
0720_0027_0008_0056_0056.jpg 1 27 8 56 56
0721_0026_0006_0058_0058.jpg 1 26 6 58 58
0722_0027_0023_0065_0065.jpg 1 27 23 65 65
0723_0008_0022_0061_0061.jpg 1 8 22 61 61
0724_0017_0026_0067_0067.jpg 1 17 26 67 67
0725_0009_0010_0066_0066.jpg 1 9 10 66 66
0726_0039_0007_0039_0039.jpg 1 39 7 39 39
0727_0028_0044_0041_0041.jpg 1 28 44 41 41
0728_0038_0009_0044_0044.jpg 1 38 9 44 44
0729_0038_0007_0044_0044.jpg 1 38 7 44 44
0730_0006_0055_0037_0037.jpg 1 6 55 37 37
0731_0015_0018_0041_0041.jpg 1 15 18 41 41
0732_0036_0027_0059_0059.jpg 1 36 27 59 59
0733_0051_0065_0026_0026.jpg 1 51 65 26 26
0734_0029_0007_0039_0039.jpg 1 29 7 39 39
0735_0030_0042_0039_0039.jpg 1 30 42 39 39
0736_0042_0053_0037_0037.jpg 1 42 53 37 37
0737_0023_0024_0063_0063.jpg 1 23 24 63 63
0738_0032_0051_0040_0040.jpg 1 32 51 40 40
0739_0018_0008_0044_0044.jpg 1 18 8 44 44
0740_0031_0034_0050_0050.jpg 1 31 34 50 50
0741_0026_0049_0045_0045.jpg 1 26 49 45 45
0742_0016_0038_0046_0046.jpg 1 16 38 46 46
0743_0028_0007_0058_0058.jpg 1 28 7 58 58
0744_0027_0015_0058_0058.jpg 1 27 15 58 58
0745_0030_0021_0024_0024.jpg 1 30 21 24 24
0746_0017_0032_0048_0048.jpg 1 17 32 48 48
0747_0035_0059_0030_0030.jpg 1 35 59 30 30
0748_0004_0010_0060_0060.jpg 1 4 10 60 60
0749_0010_0014_0057_0057.jpg 1 10 14 57 57
0750_0037_0026_0044_0044.jpg 1 37 26 44 44
0751_0012_0003_0069_0069.jpg 1 12 3 69 69
0752_0006_0047_0033_0033.jpg 1 6 47 33 33
0753_0008_0032_0049_0049.jpg 1 8 32 49 49
0754_0005_0026_0065_0065.jpg 1 5 26 65 65
0755_0033_0043_0047_0047.jpg 1 33 43 47 47
0756_0013_0064_0028_0028.jpg 1 13 64 28 28
0757_0012_0046_0043_0043.jpg 1 12 46 43 43
0758_0013_0019_0060_0060.jpg 1 13 19 60 60
0759_0034_0043_0029_0029.jpg 1 34 43 29 29
0760_0010_0031_0027_0027.jpg 1 10 31 27 27
0761_0019_0045_0048_0048.jpg 1 19 45 48 48
0762_0040_0024_0049_0049.jpg 1 40 24 49 49
0763_0006_0031_0042_0042.jpg 1 6 31 42 42
0764_0051_0045_0043_0043.jpg 1 51 45 43 43
0765_0004_0013_0061_0061.jpg 1 4 13 61 61
0766_0057_0013_0035_0035.jpg 1 57 13 35 35
0767_0027_0010_0063_0063.jpg 1 27 10 63 63
0768_0054_0043_0031_0031.jpg 1 54 43 31 31
0769_0019_0029_0030_0030.jpg 1 19 29 30 30
0770_0035_0036_0025_0025.jpg 1 35 36 25 25
0771_0010_0041_0050_0050.jpg 1 10 41 50 50
0772_0015_0026_0060_0060.jpg 1 15 26 60 60
0773_0018_0013_0033_0033.jpg 1 18 13 33 33
0774_0016_0016_0036_0036.jpg 1 16 16 36 36
0775_0013_0027_0066_0066.jpg 1 13 27 66 66
0776_0021_0025_0041_0041.jpg 1 21 25 41 41
0777_0018_0012_0035_0035.jpg 1 18 12 35 35
0778_0038_0044_0030_0030.jpg 1 38 44 30 30
0779_0008_0024_0055_0055.jpg 1 8 24 55 55
0780_0011_0039_0035_0035.jpg 1 11 39 35 35
0781_0022_0019_0067_0067.jpg 1 22 19 67 67
0782_0022_0031_0064_0064.jpg 1 22 31 64 64
0783_0021_0011_0056_0056.jpg 1 21 11 56 56
0784_0004_0021_0060_0060.jpg 1 4 21 60 60
0785_0035_0013_0054_0054.jpg 1 35 13 54 54
0786_0019_0018_0037_0037.jpg 1 19 18 37 37
0787_0010_0025_0062_0062.jpg 1 10 25 62 62
0788_0018_0006_0060_0060.jpg 1 18 6 60 60
0789_0030_0034_0060_0060.jpg 1 30 34 60 60
0790_0018_0027_0067_0067.jpg 1 18 27 67 67
0791_0005_0020_0065_0065.jpg 1 5 20 65 65
0792_0007_0019_0065_0065.jpg 1 7 19 65 65
0793_0007_0030_0052_0052.jpg 1 7 30 52 52
0794_0026_0062_0028_0028.jpg 1 26 62 28 28
0795_0040_0029_0042_0042.jpg 1 40 29 42 42
0796_0031_0008_0060_0060.jpg 1 31 8 60 60
0797_0015_0024_0051_0051.jpg 1 15 24 51 51
0798_0009_0032_0027_0027.jpg 1 9 32 27 27
0799_0030_0038_0054_0054.jpg 1 30 38 54 54
0800_0040_0037_0051_0051.jpg 1 40 37 51 51
0801_0021_0010_0056_0056.jpg 1 21 10 56 56
0802_0011_0034_0045_0045.jpg 1 11 34 45 45
0803_0022_0026_0054_0054.jpg 1 22 26 54 54
0804_0011_0051_0026_0026.jpg 1 11 51 26 26
0805_0031_0013_0051_0051.jpg 1 31 13 51 51
0806_0062_0037_0025_0025.jpg 1 62 37 25 25
0807_0018_0026_0061_0061.jpg 1 18 26 61 61
0808_0046_0041_0037_0037.jpg 1 46 41 37 37
0809_0053_0059_0032_0032.jpg 1 53 59 32 32
0810_0017_0012_0069_0069.jpg 1 17 12 69 69
0811_0026_0017_0060_0060.jpg 1 26 17 60 60
0812_0012_0035_0044_0044.jpg 1 12 35 44 44
0813_0023_0040_0051_0051.jpg 1 23 40 51 51
0814_0027_0030_0048_0048.jpg 1 27 30 48 48
0815_0005_0020_0058_0058.jpg 1 5 20 58 58
0816_0033_0013_0060_0060.jpg 1 33 13 60 60
0817_0024_0031_0040_0040.jpg 1 24 31 40 40
0818_0010_0021_0068_0068.jpg 1 10 21 68 68
0819_0009_0007_0057_0057.jpg 1 9 7 57 57
0820_0027_0032_0053_0053.jpg 1 27 32 53 53
0821_0017_0024_0052_0052.jpg 1 17 24 52 52
0822_0020_0031_0040_0040.jpg 1 20 31 40 40
0823_0028_0007_0064_0064.jpg 1 28 7 64 64
0824_0013_0007_0067_0067.jpg 1 13 7 67 67
0825_0012_0026_0024_0024.jpg 1 12 26 24 24
0826_0024_0019_0054_0054.jpg 1 24 19 54 54
0827_0013_0024_0027_0027.jpg 1 13 24 27 27
0828_0013_0016_0028_0028.jpg 1 13 16 28 28
0829_0008_0033_0054_0054.jpg 1 8 33 54 54
0830_0047_0051_0036_0036.jpg 1 47 51 36 36
0831_0017_0044_0029_0029.jpg 1 17 44 29 29
0832_0028_0012_0031_0031.jpg 1 28 12 31 31
0833_0008_0011_0058_0058.jpg 1 8 11 58 58
0834_0005_0029_0054_0054.jpg 1 5 29 54 54
0835_0030_0035_0059_0059.jpg 1 30 35 59 59
0836_0007_0034_0045_0045.jpg 1 7 34 45 45
0837_0013_0041_0024_0024.jpg 1 13 41 24 24
0838_0023_0039_0027_0027.jpg 1 23 39 27 27
0839_0054_0036_0034_0034.jpg 1 54 36 34 34
0840_0018_0057_0030_0030.jpg 1 18 57 30 30
0841_0029_0055_0036_0036.jpg 1 29 55 36 36
0842_0028_0006_0050_0050.jpg 1 28 6 50 50
0843_0051_0040_0036_0036.jpg 1 51 40 36 36
0844_0010_0049_0042_0042.jpg 1 10 49 42 42
0845_0009_0004_0065_0065.jpg 1 9 4 65 65
0846_0028_0028_0067_0067.jpg 1 28 28 67 67
0847_0036_0028_0037_0037.jpg 1 36 28 37 37
0848_0037_0039_0033_0033.jpg 1 37 39 33 33
0849_0007_0016_0062_0062.jpg 1 7 16 62 62
0850_0048_0020_0038_0038.jpg 1 48 20 38 38
0851_0029_0048_0044_0044.jpg 1 29 48 44 44
0852_0026_0033_0056_0056.jpg 1 26 33 56 56
0853_0043_0050_0031_0031.jpg 1 43 50 31 31
0854_0053_0055_0025_0025.jpg 1 53 55 25 25
0855_0031_0049_0044_0044.jpg 1 31 49 44 44
0856_0062_0017_0027_0027.jpg 1 62 17 27 27
0857_0015_0022_0059_0059.jpg 1 15 22 59 59
0858_0045_0048_0030_0030.jpg 1 45 48 30 30
0859_0027_0038_0044_0044.jpg 1 27 38 44 44
0860_0027_0014_0064_0064.jpg 1 27 14 64 64
0861_0010_0054_0038_0038.jpg 1 10 54 38 38
0862_0015_0014_0062_0062.jpg 1 15 14 62 62
0863_0023_0010_0066_0066.jpg 1 23 10 66 66
0864_0050_0035_0032_0032.jpg 1 50 35 32 32
0865_0018_0015_0047_0047.jpg 1 18 15 47 47
0866_0028_0011_0046_0046.jpg 1 28 11 46 46
0867_0037_0034_0056_0056.jpg 1 37 34 56 56
0868_0029_0032_0026_0026.jpg 1 29 32 26 26
0869_0020_0019_0054_0054.jpg 1 20 19 54 54
0870_0031_0026_0063_0063.jpg 1 31 26 63 63
0871_0033_0017_0045_0045.jpg 1 33 17 45 45
0872_0041_0016_0048_0048.jpg 1 41 16 48 48
0873_0020_0020_0066_0066.jpg 1 20 20 66 66
0874_0048_0056_0026_0026.jpg 1 48 56 26 26
0875_0016_0027_0038_0038.jpg 1 16 27 38 38
0876_0028_0004_0066_0066.jpg 1 28 4 66 66
0877_0016_0014_0057_0057.jpg 1 16 14 57 57
0878_0008_0023_0062_0062.jpg 1 8 23 62 62
0879_0008_0015_0068_0068.jpg 1 8 15 68 68
0880_0023_0029_0049_0049.jpg 1 23 29 49 49
0881_0039_0012_0051_0051.jpg 1 39 12 51 51
0882_0013_0008_0054_0054.jpg 1 13 8 54 54
0883_0009_0044_0039_0039.jpg 1 9 44 39 39
0884_0030_0024_0066_0066.jpg 1 30 24 66 66
0885_0020_0044_0026_0026.jpg 1 20 44 26 26
0886_0014_0025_0064_0064.jpg 1 14 25 64 64
0887_0039_0022_0054_0054.jpg 1 39 22 54 54
0888_0021_0045_0037_0037.jpg 1 21 45 37 37
0889_0015_0017_0066_0066.jpg 1 15 17 66 66
0890_0049_0017_0024_0024.jpg 1 49 17 24 24
0891_0011_0023_0058_0058.jpg 1 11 23 58 58
0892_0024_0013_0058_0058.jpg 1 24 13 58 58
0893_0020_0016_0067_0067.jpg 1 20 16 67 67
0894_0022_0015_0061_0061.jpg 1 22 15 61 61
0895_0035_0020_0055_0055.jpg 1 35 20 55 55
0896_0024_0007_0067_0067.jpg 1 24 7 67 67
0897_0007_0021_0063_0063.jpg 1 7 21 63 63
0898_0015_0027_0031_0031.jpg 1 15 27 31 31
0899_0017_0017_0060_0060.jpg 1 17 17 60 60
0900_0010_0038_0031_0031.jpg 1 10 38 31 31
0901_0023_0023_0047_0047.jpg 1 23 23 47 47
0902_0024_0036_0055_0055.jpg 1 24 36 55 55
0903_0048_0047_0024_0024.jpg 1 48 47 24 24
0904_0015_0046_0030_0030.jpg 1 15 46 30 30
0905_0015_0020_0054_0054.jpg 1 15 20 54 54
0906_0034_0015_0037_0037.jpg 1 34 15 37 37
0907_0035_0025_0044_0044.jpg 1 35 25 44 44
0908_0020_0028_0061_0061.jpg 1 20 28 61 61
0909_0039_0015_0028_0028.jpg 1 39 15 28 28
0910_0021_0022_0055_0055.jpg 1 21 22 55 55
0911_0016_0006_0056_0056.jpg 1 16 6 56 56
0912_0021_0051_0032_0032.jpg 1 21 51 32 32
0913_0023_0033_0030_0030.jpg 1 23 33 30 30
0914_0020_0038_0055_0055.jpg 1 20 38 55 55
0915_0006_0007_0058_0058.jpg 1 6 7 58 58
0916_0026_0011_0061_0061.jpg 1 26 11 61 61
0917_0005_0047_0047_0047.jpg 1 5 47 47 47
0918_0046_0041_0047_0047.jpg 1 46 41 47 47
0919_0022_0012_0062_0062.jpg 1 22 12 62 62
0920_0005_0013_0065_0065.jpg 1 5 13 65 65
0921_0021_0019_0028_0028.jpg 1 21 19 28 28
0922_0019_0033_0061_0061.jpg 1 19 33 61 61
0923_0045_0047_0024_0024.jpg 1 45 47 24 24
0924_0017_0012_0068_0068.jpg 1 17 12 68 68
0925_0022_0020_0062_0062.jpg 1 22 20 62 62
0926_0017_0008_0061_0061.jpg 1 17 8 61 61
0927_0030_0038_0036_0036.jpg 1 30 38 36 36
0928_0028_0016_0052_0052.jpg 1 28 16 52 52
0929_0039_0017_0039_0039.jpg 1 39 17 39 39
0930_0021_0029_0026_0026.jpg 1 21 29 26 26
0931_0009_0036_0038_0038.jpg 1 9 36 38 38
0932_0014_0022_0066_0066.jpg 1 14 22 66 66
0933_0009_0017_0069_0069.jpg 1 9 17 69 69
0934_0009_0041_0048_0048.jpg 1 9 41 48 48
0935_0025_0028_0051_0051.jpg 1 25 28 51 51
0936_0007_0034_0043_0043.jpg 1 7 34 43 43
0937_0034_0058_0031_0031.jpg 1 34 58 31 31
0938_0008_0059_0031_0031.jpg 1 8 59 31 31
0939_0009_0031_0057_0057.jpg 1 9 31 57 57
0940_0041_0046_0046_0046.jpg 1 41 46 46 46
0941_0030_0015_0032_0032.jpg 1 30 15 32 32
0942_0005_0019_0061_0061.jpg 1 5 19 61 61
0943_0010_0034_0061_0061.jpg 1 10 34 61 61
0944_0031_0026_0052_0052.jpg 1 31 26 52 52
0945_0004_0015_0062_0062.jpg 1 4 15 62 62
0946_0026_0028_0041_0041.jpg 1 26 28 41 41
0947_0017_0041_0033_0033.jpg 1 17 41 33 33
0948_0029_0060_0026_0026.jpg 1 29 60 26 26
0949_0018_0028_0041_0041.jpg 1 18 28 41 41
0950_0008_0036_0056_0056.jpg 1 8 36 56 56
0951_0014_0043_0027_0027.jpg 1 14 43 27 27
0952_0032_0015_0052_0052.jpg 1 32 15 52 52
0953_0027_0033_0055_0055.jpg 1 27 33 55 55
0954_0023_0014_0057_0057.jpg 1 23 14 57 57
0955_0027_0027_0069_0069.jpg 1 27 27 69 69
0956_0048_0017_0041_0041.jpg 1 48 17 41 41
0957_0024_0011_0069_0069.jpg 1 24 11 69 69
0958_0009_0003_0069_0069.jpg 1 9 3 69 69
0959_0062_0015_0028_0028.jpg 1 62 15 28 28
0960_0026_0020_0066_0066.jpg 1 26 20 66 66
0961_0038_0048_0046_0046.jpg 1 38 48 46 46
0962_0011_0029_0061_0061.jpg 1 11 29 61 61
0963_0007_0021_0040_0040.jpg 1 7 21 40 40
0964_0018_0009_0067_0067.jpg 1 18 9 67 67
0965_0028_0013_0067_0067.jpg 1 28 13 67 67
0966_0026_0007_0060_0060.jpg 1 26 7 60 60
0967_0010_0039_0035_0035.jpg 1 10 39 35 35
0968_0028_0017_0042_0042.jpg 1 28 17 42 42
0969_0056_0029_0024_0024.jpg 1 56 29 24 24
0970_0032_0060_0027_0027.jpg 1 32 60 27 27
0971_0008_0050_0044_0044.jpg 1 8 50 44 44
0972_0041_0012_0031_0031.jpg 1 41 12 31 31
0973_0036_0042_0029_0029.jpg 1 36 42 29 29
0974_0024_0023_0053_0053.jpg 1 24 23 53 53
0975_0025_0015_0058_0058.jpg 1 25 15 58 58
0976_0020_0005_0059_0059.jpg 1 20 5 59 59
0977_0037_0005_0057_0057.jpg 1 37 5 57 57
0978_0036_0010_0024_0024.jpg 1 36 10 24 24
0979_0047_0037_0046_0046.jpg 1 47 37 46 46
0980_0011_0014_0058_0058.jpg 1 11 14 58 58
0981_0048_0010_0024_0024.jpg 1 48 10 24 24
0982_0017_0041_0041_0041.jpg 1 17 41 41 41
0983_0033_0049_0037_0037.jpg 1 33 49 37 37
0984_0052_0065_0024_0024.jpg 1 52 65 24 24
0985_0039_0015_0054_0054.jpg 1 39 15 54 54
0986_0015_0039_0055_0055.jpg 1 15 39 55 55
0987_0036_0026_0043_0043.jpg 1 36 26 43 43
0988_0006_0012_0054_0054.jpg 1 6 12 54 54
0989_0026_0025_0055_0055.jpg 1 26 25 55 55
0990_0013_0052_0032_0032.jpg 1 13 52 32 32
0991_0013_0021_0060_0060.jpg 1 13 21 60 60
0992_0029_0017_0038_0038.jpg 1 29 17 38 38
0993_0037_0034_0058_0058.jpg 1 37 34 58 58
0994_0035_0029_0028_0028.jpg 1 35 29 28 28
0995_0011_0023_0067_0067.jpg 1 11 23 67 67
0996_0032_0036_0059_0059.jpg 1 32 36 59 59
0997_0012_0021_0038_0038.jpg 1 12 21 38 38
0998_0033_0017_0024_0024.jpg 1 33 17 24 24
0999_0031_0010_0038_0038.jpg 1 31 10 38 38
1000_0029_0024_0035_0035.jpg 1 29 24 35 35
1001_0006_0027_0067_0067.jpg 1 6 27 67 67
1002_0006_0020_0062_0062.jpg 1 6 20 62 62
1003_0015_0022_0039_0039.jpg 1 15 22 39 39
1004_0032_0031_0055_0055.jpg 1 32 31 55 55
1005_0060_0038_0027_0027.jpg 1 60 38 27 27
1006_0007_0024_0057_0057.jpg 1 7 24 57 57
1007_0040_0031_0040_0040.jpg 1 40 31 40 40
1008_0054_0042_0038_0038.jpg 1 54 42 38 38
1009_0028_0023_0048_0048.jpg 1 28 23 48 48
1010_0050_0036_0034_0034.jpg 1 50 36 34 34
1011_0023_0026_0044_0044.jpg 1 23 26 44 44
1012_0035_0054_0031_0031.jpg 1 35 54 31 31
1013_0032_0027_0054_0054.jpg 1 32 27 54 54
1014_0038_0018_0051_0051.jpg 1 38 18 51 51
1015_0019_0031_0034_0034.jpg 1 19 31 34 34
1016_0027_0006_0055_0055.jpg 1 27 6 55 55
1017_0040_0011_0045_0045.jpg 1 40 11 45 45
1018_0037_0008_0047_0047.jpg 1 37 8 47 47
1019_0015_0024_0054_0054.jpg 1 15 24 54 54
1020_0042_0028_0033_0033.jpg 1 42 28 33 33
1021_0015_0044_0045_0045.jpg 1 15 44 45 45
1022_0028_0010_0066_0066.jpg 1 28 10 66 66
1023_0058_0053_0029_0029.jpg 1 58 53 29 29
1024_0024_0026_0065_0065.jpg 1 24 26 65 65
1025_0027_0053_0030_0030.jpg 1 27 53 30 30
1026_0021_0011_0049_0049.jpg 1 21 11 49 49
1027_0027_0034_0062_0062.jpg 1 27 34 62 62
1028_0029_0017_0062_0062.jpg 1 29 17 62 62
1029_0053_0040_0032_0032.jpg 1 53 40 32 32
1030_0039_0049_0037_0037.jpg 1 39 49 37 37
1031_0029_0015_0067_0067.jpg 1 29 15 67 67
1032_0015_0026_0047_0047.jpg 1 15 26 47 47
1033_0061_0061_0030_0030.jpg 1 61 61 30 30
1034_0009_0019_0051_0051.jpg 1 9 19 51 51
1035_0004_0023_0060_0060.jpg 1 4 23 60 60
1036_0014_0042_0046_0046.jpg 1 14 42 46 46
1037_0018_0042_0052_0052.jpg 1 18 42 52 52
1038_0049_0026_0038_0038.jpg 1 49 26 38 38
1039_0053_0041_0037_0037.jpg 1 53 41 37 37
1040_0028_0020_0056_0056.jpg 1 28 20 56 56
1041_0062_0061_0027_0027.jpg 1 62 61 27 27
1042_0013_0027_0055_0055.jpg 1 13 27 55 55
1043_0026_0037_0031_0031.jpg 1 26 37 31 31
1044_0019_0045_0030_0030.jpg 1 19 45 30 30
1045_0022_0023_0061_0061.jpg 1 22 23 61 61
1046_0057_0056_0032_0032.jpg 1 57 56 32 32
1047_0027_0014_0062_0062.jpg 1 27 14 62 62
1048_0017_0029_0055_0055.jpg 1 17 29 55 55
1049_0017_0015_0057_0057.jpg 1 17 15 57 57
1050_0014_0009_0041_0041.jpg 1 14 9 41 41
1051_0022_0011_0067_0067.jpg 1 22 11 67 67
1052_0006_0018_0066_0066.jpg 1 6 18 66 66
1053_0018_0014_0059_0059.jpg 1 18 14 59 59
1054_0012_0050_0039_0039.jpg 1 12 50 39 39
1055_0030_0030_0032_0032.jpg 1 30 30 32 32
1056_0027_0004_0068_0068.jpg 1 27 4 68 68
1057_0010_0006_0069_0069.jpg 1 10 6 69 69
1058_0039_0026_0046_0046.jpg 1 39 26 46 46
1059_0016_0004_0065_0065.jpg 1 16 4 65 65
1060_0027_0035_0027_0027.jpg 1 27 35 27 27
1061_0025_0027_0068_0068.jpg 1 25 27 68 68
1062_0040_0035_0045_0045.jpg 1 40 35 45 45
1063_0018_0014_0050_0050.jpg 1 18 14 50 50
1064_0019_0022_0042_0042.jpg 1 19 22 42 42
1065_0030_0048_0044_0044.jpg 1 30 48 44 44
1066_0006_0007_0069_0069.jpg 1 6 7 69 69
1067_0014_0037_0057_0057.jpg 1 14 37 57 57
1068_0011_0013_0061_0061.jpg 1 11 13 61 61
1069_0021_0012_0051_0051.jpg 1 21 12 51 51
1070_0051_0046_0034_0034.jpg 1 51 46 34 34
1071_0034_0023_0050_0050.jpg 1 34 23 50 50
1072_0007_0028_0065_0065.jpg 1 7 28 65 65
1073_0015_0024_0048_0048.jpg 1 15 24 48 48
1074_0049_0025_0039_0039.jpg 1 49 25 39 39
1075_0043_0022_0048_0048.jpg 1 43 22 48 48
1076_0007_0025_0051_0051.jpg 1 7 25 51 51
1077_0027_0007_0064_0064.jpg 1 27 7 64 64
1078_0021_0050_0035_0035.jpg 1 21 50 35 35
1079_0011_0046_0024_0024.jpg 1 11 46 24 24
1080_0054_0039_0033_0033.jpg 1 54 39 33 33
1081_0041_0019_0039_0039.jpg 1 41 19 39 39
1082_0039_0033_0034_0034.jpg 1 39 33 34 34
1083_0007_0011_0052_0052.jpg 1 7 11 52 52
1084_0045_0067_0024_0024.jpg 1 45 67 24 24
1085_0010_0030_0066_0066.jpg 1 10 30 66 66
1086_0004_0008_0069_0069.jpg 1 4 8 69 69
1087_0017_0039_0039_0039.jpg 1 17 39 39 39
1088_0023_0025_0062_0062.jpg 1 23 25 62 62
1089_0005_0008_0058_0058.jpg 1 5 8 58 58
1090_0011_0003_0068_0068.jpg 1 11 3 68 68
1091_0006_0021_0068_0068.jpg 1 6 21 68 68
1092_0023_0037_0054_0054.jpg 1 23 37 54 54
1093_0043_0040_0043_0043.jpg 1 43 40 43 43
1094_0028_0018_0068_0068.jpg 1 28 18 68 68
1095_0037_0027_0043_0043.jpg 1 37 27 43 43
1096_0030_0015_0058_0058.jpg 1 30 15 58 58
1097_0043_0032_0030_0030.jpg 1 43 32 30 30
1098_0019_0011_0059_0059.jpg 1 19 11 59 59
1099_0025_0030_0064_0064.jpg 1 25 30 64 64
1100_0037_0034_0048_0048.jpg 1 37 34 48 48
1101_0019_0011_0052_0052.jpg 1 19 11 52 52
1102_0029_0029_0032_0032.jpg 1 29 29 32 32
1103_0008_0011_0067_0067.jpg 1 8 11 67 67
1104_0023_0044_0046_0046.jpg 1 23 44 46 46
1105_0034_0018_0059_0059.jpg 1 34 18 59 59
1106_0032_0045_0042_0042.jpg 1 32 45 42 42
1107_0006_0012_0056_0056.jpg 1 6 12 56 56
1108_0006_0036_0039_0039.jpg 1 6 36 39 39
1109_0024_0007_0047_0047.jpg 1 24 7 47 47
1110_0029_0010_0058_0058.jpg 1 29 10 58 58
1111_0033_0006_0060_0060.jpg 1 33 6 60 60
1112_0024_0014_0054_0054.jpg 1 24 14 54 54
1113_0005_0013_0059_0059.jpg 1 5 13 59 59
1114_0040_0013_0041_0041.jpg 1 40 13 41 41
1115_0006_0013_0043_0043.jpg 1 6 13 43 43
1116_0063_0049_0024_0024.jpg 1 63 49 24 24
1117_0027_0013_0036_0036.jpg 1 27 13 36 36
1118_0030_0019_0065_0065.jpg 1 30 19 65 65
1119_0009_0030_0033_0033.jpg 1 9 30 33 33
1120_0011_0040_0052_0052.jpg 1 11 40 52 52
1121_0042_0047_0041_0041.jpg 1 42 47 41 41
1122_0047_0052_0026_0026.jpg 1 47 52 26 26
1123_0021_0023_0055_0055.jpg 1 21 23 55 55
1124_0008_0003_0065_0065.jpg 1 8 3 65 65
1125_0005_0008_0066_0066.jpg 1 5 8 66 66
1126_0014_0022_0055_0055.jpg 1 14 22 55 55
1127_0006_0034_0049_0049.jpg 1 6 34 49 49
1128_0036_0049_0043_0043.jpg 1 36 49 43 43
1129_0051_0048_0039_0039.jpg 1 51 48 39 39
1130_0051_0035_0029_0029.jpg 1 51 35 29 29
1131_0018_0033_0048_0048.jpg 1 18 33 48 48
1132_0032_0025_0035_0035.jpg 1 32 25 35 35
1133_0015_0024_0067_0067.jpg 1 15 24 67 67
1134_0056_0022_0025_0025.jpg 1 56 22 25 25
1135_0028_0036_0050_0050.jpg 1 28 36 50 50
1136_0024_0046_0025_0025.jpg 1 24 46 25 25
1137_0026_0013_0068_0068.jpg 1 26 13 68 68
1138_0021_0042_0033_0033.jpg 1 21 42 33 33
1139_0041_0027_0033_0033.jpg 1 41 27 33 33
1140_0039_0044_0044_0044.jpg 1 39 44 44 44
1141_0031_0032_0032_0032.jpg 1 31 32 32 32
1142_0041_0025_0048_0048.jpg 1 41 25 48 48
1143_0024_0037_0057_0057.jpg 1 24 37 57 57
1144_0048_0046_0041_0041.jpg 1 48 46 41 41
1145_0034_0024_0061_0061.jpg 1 34 24 61 61
1146_0016_0019_0045_0045.jpg 1 16 19 45 45
1147_0045_0039_0039_0039.jpg 1 45 39 39 39
1148_0047_0051_0025_0025.jpg 1 47 51 25 25
1149_0016_0046_0039_0039.jpg 1 16 46 39 39
1150_0058_0038_0034_0034.jpg 1 58 38 34 34
1151_0034_0015_0059_0059.jpg 1 34 15 59 59
1152_0011_0034_0061_0061.jpg 1 11 34 61 61
1153_0039_0013_0043_0043.jpg 1 39 13 43 43
1154_0024_0008_0047_0047.jpg 1 24 8 47 47
1155_0043_0009_0048_0048.jpg 1 43 9 48 48
1156_0016_0014_0034_0034.jpg 1 16 14 34 34
1157_0029_0038_0035_0035.jpg 1 29 38 35 35
1158_0008_0007_0068_0068.jpg 1 8 7 68 68
1159_0010_0029_0040_0040.jpg 1 10 29 40 40
1160_0043_0013_0050_0050.jpg 1 43 13 50 50
1161_0028_0048_0028_0028.jpg 1 28 48 28 28
1162_0030_0040_0043_0043.jpg 1 30 40 43 43
1163_0005_0030_0048_0048.jpg 1 5 30 48 48
1164_0061_0036_0030_0030.jpg 1 61 36 30 30
1165_0040_0009_0042_0042.jpg 1 40 9 42 42
1166_0019_0019_0058_0058.jpg 1 19 19 58 58
1167_0046_0016_0032_0032.jpg 1 46 16 32 32
1168_0049_0018_0034_0034.jpg 1 49 18 34 34
1169_0042_0032_0031_0031.jpg 1 42 32 31 31
1170_0021_0006_0065_0065.jpg 1 21 6 65 65
1171_0012_0019_0029_0029.jpg 1 12 19 29 29
1172_0025_0015_0046_0046.jpg 1 25 15 46 46
1173_0008_0012_0027_0027.jpg 1 8 12 27 27
1174_0016_0013_0063_0063.jpg 1 16 13 63 63
1175_0044_0028_0025_0025.jpg 1 44 28 25 25
1176_0035_0012_0043_0043.jpg 1 35 12 43 43
1177_0019_0026_0068_0068.jpg 1 19 26 68 68
1178_0013_0022_0063_0063.jpg 1 13 22 63 63
1179_0016_0017_0066_0066.jpg 1 16 17 66 66
1180_0009_0022_0053_0053.jpg 1 9 22 53 53
1181_0027_0017_0048_0048.jpg 1 27 17 48 48
1182_0058_0039_0033_0033.jpg 1 58 39 33 33
1183_0013_0049_0039_0039.jpg 1 13 49 39 39
1184_0040_0009_0041_0041.jpg 1 40 9 41 41
1185_0066_0045_0026_0026.jpg 1 66 45 26 26
1186_0022_0032_0046_0046.jpg 1 22 32 46 46
1187_0058_0013_0032_0032.jpg 1 58 13 32 32
1188_0013_0018_0054_0054.jpg 1 13 18 54 54
1189_0031_0006_0041_0041.jpg 1 31 6 41 41
1190_0034_0006_0059_0059.jpg 1 34 6 59 59
1191_0034_0019_0049_0049.jpg 1 34 19 49 49
1192_0008_0012_0049_0049.jpg 1 8 12 49 49
1193_0043_0034_0046_0046.jpg 1 43 34 46 46
1194_0017_0033_0059_0059.jpg 1 17 33 59 59
1195_0011_0038_0044_0044.jpg 1 11 38 44 44
1196_0031_0043_0051_0051.jpg 1 31 43 51 51
1197_0021_0026_0062_0062.jpg 1 21 26 62 62
1198_0008_0005_0047_0047.jpg 1 8 5 47 47
1199_0013_0007_0029_0029.jpg 1 13 7 29 29
1200_0025_0017_0033_0033.jpg 1 25 17 33 33
1201_0057_0041_0035_0035.jpg 1 57 41 35 35
1202_0020_0011_0057_0057.jpg 1 20 11 57 57
1203_0041_0022_0029_0029.jpg 1 41 22 29 29
1204_0014_0033_0039_0039.jpg 1 14 33 39 39
1205_0031_0030_0059_0059.jpg 1 31 30 59 59
1206_0035_0045_0042_0042.jpg 1 35 45 42 42
1207_0019_0024_0050_0050.jpg 1 19 24 50 50
1208_0007_0007_0066_0066.jpg 1 7 7 66 66
1209_0003_0022_0068_0068.jpg 1 3 22 68 68
1210_0019_0009_0040_0040.jpg 1 19 9 40 40
1211_0051_0040_0038_0038.jpg 1 51 40 38 38
1212_0025_0009_0041_0041.jpg 1 25 9 41 41
1213_0008_0037_0051_0051.jpg 1 8 37 51 51
1214_0043_0027_0038_0038.jpg 1 43 27 38 38
1215_0021_0025_0067_0067.jpg 1 21 25 67 67
1216_0011_0028_0050_0050.jpg 1 11 28 50 50
1217_0040_0035_0040_0040.jpg 1 40 35 40 40
1218_0008_0030_0038_0038.jpg 1 8 30 38 38
1219_0012_0020_0055_0055.jpg 1 12 20 55 55
1220_0005_0004_0062_0062.jpg 1 5 4 62 62
1221_0034_0028_0057_0057.jpg 1 34 28 57 57
1222_0039_0014_0056_0056.jpg 1 39 14 56 56
1223_0018_0036_0049_0049.jpg 1 18 36 49 49
1224_0018_0038_0053_0053.jpg 1 18 38 53 53
1225_0046_0018_0040_0040.jpg 1 46 18 40 40
1226_0012_0031_0033_0033.jpg 1 12 31 33 33
1227_0022_0018_0039_0039.jpg 1 22 18 39 39
1228_0011_0062_0028_0028.jpg 1 11 62 28 28
1229_0029_0055_0035_0035.jpg 1 29 55 35 35
1230_0038_0017_0049_0049.jpg 1 38 17 49 49
1231_0011_0058_0034_0034.jpg 1 11 58 34 34
1232_0005_0022_0068_0068.jpg 1 5 22 68 68
1233_0013_0005_0061_0061.jpg 1 13 5 61 61
1234_0045_0015_0045_0045.jpg 1 45 15 45 45
1235_0040_0022_0050_0050.jpg 1 40 22 50 50
1236_0017_0026_0052_0052.jpg 1 17 26 52 52
1237_0034_0036_0055_0055.jpg 1 34 36 55 55
1238_0026_0035_0043_0043.jpg 1 26 35 43 43
1239_0024_0024_0039_0039.jpg 1 24 24 39 39
1240_0031_0032_0028_0028.jpg 1 31 32 28 28
1241_0010_0005_0053_0053.jpg 1 10 5 53 53
1242_0013_0029_0052_0052.jpg 1 13 29 52 52
1243_0012_0019_0067_0067.jpg 1 12 19 67 67
1244_0017_0039_0048_0048.jpg 1 17 39 48 48
1245_0034_0035_0047_0047.jpg 1 34 35 47 47
1246_0005_0039_0054_0054.jpg 1 5 39 54 54
1247_0026_0011_0059_0059.jpg 1 26 11 59 59
1248_0010_0032_0028_0028.jpg 1 10 32 28 28
1249_0016_0012_0044_0044.jpg 1 16 12 44 44
1250_0011_0032_0024_0024.jpg 1 11 32 24 24
1251_0031_0044_0046_0046.jpg 1 31 44 46 46
1252_0032_0016_0055_0055.jpg 1 32 16 55 55
1253_0009_0016_0060_0060.jpg 1 9 16 60 60
1254_0008_0012_0025_0025.jpg 1 8 12 25 25
1255_0014_0015_0034_0034.jpg 1 14 15 34 34
1256_0043_0055_0029_0029.jpg 1 43 55 29 29
1257_0041_0021_0042_0042.jpg 1 41 21 42 42
1258_0007_0027_0068_0068.jpg 1 7 27 68 68
1259_0015_0028_0034_0034.jpg 1 15 28 34 34
1260_0019_0015_0035_0035.jpg 1 19 15 35 35
1261_0017_0029_0033_0033.jpg 1 17 29 33 33
1262_0021_0020_0068_0068.jpg 1 21 20 68 68
1263_0027_0012_0026_0026.jpg 1 27 12 26 26
1264_0053_0051_0024_0024.jpg 1 53 51 24 24
1265_0039_0022_0035_0035.jpg 1 39 22 35 35
1266_0054_0028_0039_0039.jpg 1 54 28 39 39
1267_0036_0018_0059_0059.jpg 1 36 18 59 59
1268_0038_0026_0050_0050.jpg 1 38 26 50 50
1269_0023_0018_0050_0050.jpg 1 23 18 50 50
1270_0031_0023_0060_0060.jpg 1 31 23 60 60
1271_0004_0014_0060_0060.jpg 1 4 14 60 60
1272_0064_0053_0028_0028.jpg 1 64 53 28 28
1273_0027_0028_0060_0060.jpg 1 27 28 60 60
1274_0024_0028_0029_0029.jpg 1 24 28 29 29
1275_0013_0026_0048_0048.jpg 1 13 26 48 48
1276_0028_0005_0061_0061.jpg 1 28 5 61 61
1277_0009_0023_0024_0024.jpg 1 9 23 24 24
1278_0034_0028_0055_0055.jpg 1 34 28 55 55
1279_0007_0009_0041_0041.jpg 1 7 9 41 41
1280_0046_0043_0036_0036.jpg 1 46 43 36 36
1281_0034_0034_0049_0049.jpg 1 34 34 49 49
1282_0015_0019_0052_0052.jpg 1 15 19 52 52
1283_0012_0053_0034_0034.jpg 1 12 53 34 34
1284_0015_0016_0064_0064.jpg 1 15 16 64 64
1285_0018_0015_0069_0069.jpg 1 18 15 69 69
1286_0014_0025_0060_0060.jpg 1 14 25 60 60
1287_0014_0058_0030_0030.jpg 1 14 58 30 30
1288_0013_0018_0063_0063.jpg 1 13 18 63 63
1289_0038_0025_0031_0031.jpg 1 38 25 31 31
1290_0025_0023_0067_0067.jpg 1 25 23 67 67
1291_0038_0008_0046_0046.jpg 1 38 8 46 46
1292_0028_0027_0043_0043.jpg 1 28 27 43 43
1293_0021_0015_0042_0042.jpg 1 21 15 42 42
1294_0042_0008_0048_0048.jpg 1 42 8 48 48
1295_0027_0046_0028_0028.jpg 1 27 46 28 28
1296_0057_0062_0025_0025.jpg 1 57 62 25 25
1297_0040_0017_0049_0049.jpg 1 40 17 49 49
1298_0007_0028_0055_0055.jpg 1 7 28 55 55
1299_0021_0019_0066_0066.jpg 1 21 19 66 66
1300_0010_0033_0060_0060.jpg 1 10 33 60 60
1301_0041_0055_0026_0026.jpg 1 41 55 26 26
1302_0007_0033_0061_0061.jpg 1 7 33 61 61
1303_0027_0012_0056_0056.jpg 1 27 12 56 56
1304_0016_0011_0052_0052.jpg 1 16 11 52 52
1305_0020_0036_0058_0058.jpg 1 20 36 58 58
1306_0049_0051_0030_0030.jpg 1 49 51 30 30
1307_0024_0044_0026_0026.jpg 1 24 44 26 26
1308_0049_0010_0032_0032.jpg 1 49 10 32 32
1309_0013_0021_0044_0044.jpg 1 13 21 44 44
1310_0053_0013_0038_0038.jpg 1 53 13 38 38
1311_0014_0027_0065_0065.jpg 1 14 27 65 65
1312_0024_0022_0051_0051.jpg 1 24 22 51 51
1313_0006_0030_0058_0058.jpg 1 6 30 58 58
1314_0008_0027_0051_0051.jpg 1 8 27 51 51
1315_0050_0039_0040_0040.jpg 1 50 39 40 40
1316_0010_0007_0035_0035.jpg 1 10 7 35 35
1317_0006_0017_0050_0050.jpg 1 6 17 50 50
1318_0020_0028_0061_0061.jpg 1 20 28 61 61
1319_0007_0038_0026_0026.jpg 1 7 38 26 26
1320_0042_0055_0033_0033.jpg 1 42 55 33 33
1321_0037_0023_0039_0039.jpg 1 37 23 39 39
1322_0024_0032_0031_0031.jpg 1 24 32 31 31
1323_0028_0032_0055_0055.jpg 1 28 32 55 55
1324_0026_0029_0065_0065.jpg 1 26 29 65 65
1325_0017_0034_0024_0024.jpg 1 17 34 24 24
1326_0021_0048_0035_0035.jpg 1 21 48 35 35
1327_0046_0026_0041_0041.jpg 1 46 26 41 41
1328_0008_0022_0047_0047.jpg 1 8 22 47 47
1329_0009_0050_0026_0026.jpg 1 9 50 26 26
1330_0016_0046_0047_0047.jpg 1 16 46 47 47
1331_0008_0021_0063_0063.jpg 1 8 21 63 63
1332_0025_0031_0043_0043.jpg 1 25 31 43 43
1333_0025_0047_0038_0038.jpg 1 25 47 38 38
1334_0013_0035_0050_0050.jpg 1 13 35 50 50
1335_0007_0007_0066_0066.jpg 1 7 7 66 66
1336_0010_0038_0034_0034.jpg 1 10 38 34 34
1337_0010_0020_0043_0043.jpg 1 10 20 43 43
1338_0014_0005_0051_0051.jpg 1 14 5 51 51
1339_0044_0052_0041_0041.jpg 1 44 52 41 41
1340_0038_0041_0043_0043.jpg 1 38 41 43 43
1341_0051_0046_0033_0033.jpg 1 51 46 33 33
1342_0041_0053_0025_0025.jpg 1 41 53 25 25
1343_0006_0035_0048_0048.jpg 1 6 35 48 48
1344_0039_0025_0055_0055.jpg 1 39 25 55 55
1345_0052_0022_0039_0039.jpg 1 52 22 39 39
1346_0035_0026_0058_0058.jpg 1 35 26 58 58
1347_0009_0040_0042_0042.jpg 1 9 40 42 42
1348_0007_0014_0069_0069.jpg 1 7 14 69 69
1349_0016_0022_0058_0058.jpg 1 16 22 58 58
1350_0028_0009_0037_0037.jpg 1 28 9 37 37
1351_0014_0028_0039_0039.jpg 1 14 28 39 39
1352_0006_0024_0049_0049.jpg 1 6 24 49 49
1353_0023_0016_0046_0046.jpg 1 23 16 46 46
1354_0008_0049_0030_0030.jpg 1 8 49 30 30
1355_0021_0021_0041_0041.jpg 1 21 21 41 41
1356_0043_0040_0048_0048.jpg 1 43 40 48 48
1357_0004_0011_0059_0059.jpg 1 4 11 59 59
1358_0015_0047_0030_0030.jpg 1 15 47 30 30
1359_0023_0013_0066_0066.jpg 1 23 13 66 66
1360_0025_0007_0062_0062.jpg 1 25 7 62 62
1361_0016_0014_0063_0063.jpg 1 16 14 63 63
1362_0027_0018_0064_0064.jpg 1 27 18 64 64
1363_0007_0034_0056_0056.jpg 1 7 34 56 56
1364_0011_0011_0027_0027.jpg 1 11 11 27 27
1365_0028_0014_0053_0053.jpg 1 28 14 53 53
1366_0022_0024_0040_0040.jpg 1 22 24 40 40
1367_0034_0034_0051_0051.jpg 1 34 34 51 51
1368_0021_0006_0052_0052.jpg 1 21 6 52 52
1369_0016_0039_0038_0038.jpg 1 16 39 38 38
1370_0014_0037_0053_0053.jpg 1 14 37 53 53
1371_0012_0039_0046_0046.jpg 1 12 39 46 46
1372_0019_0022_0063_0063.jpg 1 19 22 63 63
1373_0035_0019_0034_0034.jpg 1 35 19 34 34
1374_0028_0039_0050_0050.jpg 1 28 39 50 50
1375_0061_0032_0030_0030.jpg 1 61 32 30 30
1376_0014_0045_0033_0033.jpg 1 14 45 33 33
1377_0007_0018_0061_0061.jpg 1 7 18 61 61
1378_0017_0022_0048_0048.jpg 1 17 22 48 48
1379_0005_0013_0047_0047.jpg 1 5 13 47 47
1380_0039_0014_0029_0029.jpg 1 39 14 29 29
1381_0020_0022_0053_0053.jpg 1 20 22 53 53
1382_0042_0006_0045_0045.jpg 1 42 6 45 45
1383_0056_0026_0028_0028.jpg 1 56 26 28 28
1384_0043_0032_0050_0050.jpg 1 43 32 50 50
1385_0026_0019_0052_0052.jpg 1 26 19 52 52
1386_0026_0004_0060_0060.jpg 1 26 4 60 60
1387_0006_0036_0046_0046.jpg 1 6 36 46 46
1388_0056_0027_0032_0032.jpg 1 56 27 32 32
1389_0027_0023_0024_0024.jpg 1 27 23 24 24
1390_0061_0043_0024_0024.jpg 1 61 43 24 24
1391_0023_0014_0035_0035.jpg 1 23 14 35 35
1392_0023_0045_0044_0044.jpg 1 23 45 44 44
1393_0026_0043_0033_0033.jpg 1 26 43 33 33
1394_0011_0005_0066_0066.jpg 1 11 5 66 66
1395_0014_0018_0040_0040.jpg 1 14 18 40 40
1396_0030_0008_0043_0043.jpg 1 30 8 43 43
1397_0018_0019_0068_0068.jpg 1 18 19 68 68
1398_0019_0019_0041_0041.jpg 1 19 19 41 41
1399_0017_0025_0056_0056.jpg 1 17 25 56 56
1400_0039_0010_0025_0025.jpg 1 39 10 25 25
1401_0035_0034_0051_0051.jpg 1 35 34 51 51
1402_0023_0054_0029_0029.jpg 1 23 54 29 29
1403_0030_0025_0062_0062.jpg 1 30 25 62 62
1404_0019_0017_0058_0058.jpg 1 19 17 58 58
1405_0041_0065_0027_0027.jpg 1 41 65 27 27
1406_0047_0056_0036_0036.jpg 1 47 56 36 36
1407_0007_0016_0064_0064.jpg 1 7 16 64 64
1408_0046_0054_0034_0034.jpg 1 46 54 34 34
1409_0011_0027_0059_0059.jpg 1 11 27 59 59
1410_0035_0033_0054_0054.jpg 1 35 33 54 54
1411_0005_0018_0048_0048.jpg 1 5 18 48 48
1412_0011_0037_0051_0051.jpg 1 11 37 51 51
1413_0007_0007_0041_0041.jpg 1 7 7 41 41
1414_0011_0021_0050_0050.jpg 1 11 21 50 50
1415_0004_0036_0059_0059.jpg 1 4 36 59 59
1416_0029_0042_0042_0042.jpg 1 29 42 42 42
1417_0022_0012_0047_0047.jpg 1 22 12 47 47
1418_0016_0006_0065_0065.jpg 1 16 6 65 65
1419_0025_0036_0056_0056.jpg 1 25 36 56 56
1420_0025_0044_0047_0047.jpg 1 25 44 47 47
1421_0028_0008_0065_0065.jpg 1 28 8 65 65
1422_0013_0035_0055_0055.jpg 1 13 35 55 55
1423_0021_0027_0063_0063.jpg 1 21 27 63 63
1424_0018_0026_0034_0034.jpg 1 18 26 34 34
1425_0015_0023_0030_0030.jpg 1 15 23 30 30
1426_0014_0022_0064_0064.jpg 1 14 22 64 64
1427_0053_0033_0025_0025.jpg 1 53 33 25 25
1428_0034_0013_0047_0047.jpg 1 34 13 47 47
1429_0016_0019_0053_0053.jpg 1 16 19 53 53
1430_0051_0035_0029_0029.jpg 1 51 35 29 29
1431_0018_0027_0059_0059.jpg 1 18 27 59 59
1432_0012_0045_0044_0044.jpg 1 12 45 44 44
1433_0041_0015_0047_0047.jpg 1 41 15 47 47
1434_0035_0025_0038_0038.jpg 1 35 25 38 38
1435_0040_0040_0027_0027.jpg 1 40 40 27 27
1436_0025_0023_0043_0043.jpg 1 25 23 43 43
1437_0017_0044_0051_0051.jpg 1 17 44 51 51
1438_0014_0024_0059_0059.jpg 1 14 24 59 59
1439_0014_0038_0051_0051.jpg 1 14 38 51 51
1440_0013_0036_0042_0042.jpg 1 13 36 42 42
1441_0019_0025_0067_0067.jpg 1 19 25 67 67
1442_0023_0018_0063_0063.jpg 1 23 18 63 63
1443_0025_0008_0032_0032.jpg 1 25 8 32 32
1444_0009_0012_0030_0030.jpg 1 9 12 30 30
1445_0028_0041_0043_0043.jpg 1 28 41 43 43
1446_0050_0020_0034_0034.jpg 1 50 20 34 34
1447_0031_0021_0055_0055.jpg 1 31 21 55 55
1448_0006_0029_0044_0044.jpg 1 6 29 44 44
1449_0040_0008_0048_0048.jpg 1 40 8 48 48
1450_0005_0032_0052_0052.jpg 1 5 32 52 52
1451_0009_0035_0056_0056.jpg 1 9 35 56 56
1452_0016_0021_0067_0067.jpg 1 16 21 67 67
1453_0007_0012_0054_0054.jpg 1 7 12 54 54
1454_0018_0015_0047_0047.jpg 1 18 15 47 47
1455_0062_0036_0027_0027.jpg 1 62 36 27 27
1456_0011_0024_0069_0069.jpg 1 11 24 69 69
1457_0055_0034_0034_0034.jpg 1 55 34 34 34
1458_0032_0017_0063_0063.jpg 1 32 17 63 63
1459_0053_0035_0039_0039.jpg 1 53 35 39 39
1460_0014_0048_0039_0039.jpg 1 14 48 39 39
1461_0021_0004_0057_0057.jpg 1 21 4 57 57
1462_0009_0019_0065_0065.jpg 1 9 19 65 65
1463_0063_0013_0028_0028.jpg 1 63 13 28 28
1464_0032_0049_0030_0030.jpg 1 32 49 30 30
1465_0014_0016_0055_0055.jpg 1 14 16 55 55
1466_0038_0043_0036_0036.jpg 1 38 43 36 36
1467_0021_0030_0047_0047.jpg 1 21 30 47 47
1468_0022_0022_0069_0069.jpg 1 22 22 69 69
1469_0021_0034_0031_0031.jpg 1 21 34 31 31
1470_0010_0012_0059_0059.jpg 1 10 12 59 59
1471_0024_0011_0029_0029.jpg 1 24 11 29 29
1472_0029_0016_0058_0058.jpg 1 29 16 58 58
1473_0030_0060_0026_0026.jpg 1 30 60 26 26
1474_0006_0039_0054_0054.jpg 1 6 39 54 54
1475_0031_0025_0044_0044.jpg 1 31 25 44 44
1476_0058_0047_0030_0030.jpg 1 58 47 30 30
1477_0057_0027_0031_0031.jpg 1 57 27 31 31
1478_0043_0015_0032_0032.jpg 1 43 15 32 32
1479_0022_0007_0051_0051.jpg 1 22 7 51 51
1480_0029_0030_0047_0047.jpg 1 29 30 47 47
1481_0021_0029_0036_0036.jpg 1 21 29 36 36
1482_0019_0025_0029_0029.jpg 1 19 25 29 29
1483_0053_0042_0027_0027.jpg 1 53 42 27 27
1484_0018_0027_0052_0052.jpg 1 18 27 52 52
1485_0005_0023_0068_0068.jpg 1 5 23 68 68
1486_0013_0006_0058_0058.jpg 1 13 6 58 58
1487_0013_0026_0052_0052.jpg 1 13 26 52 52
1488_0052_0040_0028_0028.jpg 1 52 40 28 28
1489_0045_0036_0026_0026.jpg 1 45 36 26 26
1490_0062_0050_0024_0024.jpg 1 62 50 24 24
1491_0015_0030_0061_0061.jpg 1 15 30 61 61
1492_0013_0042_0024_0024.jpg 1 13 42 24 24
1493_0024_0005_0069_0069.jpg 1 24 5 69 69
1494_0004_0007_0067_0067.jpg 1 4 7 67 67
1495_0017_0062_0025_0025.jpg 1 17 62 25 25
1496_0040_0007_0048_0048.jpg 1 40 7 48 48
1497_0024_0037_0044_0044.jpg 1 24 37 44 44
1498_0036_0029_0050_0050.jpg 1 36 29 50 50
1499_0008_0032_0040_0040.jpg 1 8 32 40 40
1500_0007_0029_0045_0045.jpg 1 7 29 45 45
1501_0016_0030_0056_0056.jpg 1 16 30 56 56
1502_0015_0049_0045_0045.jpg 1 15 49 45 45
1503_0019_0012_0052_0052.jpg 1 19 12 52 52
1504_0022_0033_0051_0051.jpg 1 22 33 51 51
1505_0018_0012_0058_0058.jpg 1 18 12 58 58
1506_0024_0017_0043_0043.jpg 1 24 17 43 43
1507_0019_0024_0064_0064.jpg 1 19 24 64 64
1508_0010_0012_0060_0060.jpg 1 10 12 60 60
1509_0049_0025_0027_0027.jpg 1 49 25 27 27
1510_0012_0037_0025_0025.jpg 1 12 37 25 25
1511_0005_0023_0053_0053.jpg 1 5 23 53 53
1512_0005_0031_0048_0048.jpg 1 5 31 48 48
1513_0030_0037_0045_0045.jpg 1 30 37 45 45
1514_0034_0043_0029_0029.jpg 1 34 43 29 29
1515_0016_0025_0040_0040.jpg 1 16 25 40 40
1516_0017_0057_0027_0027.jpg 1 17 57 27 27
1517_0029_0023_0057_0057.jpg 1 29 23 57 57
1518_0024_0020_0061_0061.jpg 1 24 20 61 61
1519_0039_0041_0035_0035.jpg 1 39 41 35 35
1520_0012_0028_0059_0059.jpg 1 12 28 59 59
1521_0035_0030_0057_0057.jpg 1 35 30 57 57
1522_0014_0006_0043_0043.jpg 1 14 6 43 43
1523_0040_0011_0025_0025.jpg 1 40 11 25 25
1524_0045_0020_0034_0034.jpg 1 45 20 34 34
1525_0020_0042_0053_0053.jpg 1 20 42 53 53
1526_0007_0051_0032_0032.jpg 1 7 51 32 32
1527_0011_0018_0053_0053.jpg 1 11 18 53 53
1528_0016_0018_0040_0040.jpg 1 16 18 40 40
1529_0039_0048_0038_0038.jpg 1 39 48 38 38
1530_0033_0009_0025_0025.jpg 1 33 9 25 25
1531_0033_0006_0056_0056.jpg 1 33 6 56 56
1532_0007_0053_0033_0033.jpg 1 7 53 33 33
1533_0031_0034_0042_0042.jpg 1 31 34 42 42
1534_0038_0030_0051_0051.jpg 1 38 30 51 51
1535_0022_0032_0064_0064.jpg 1 22 32 64 64
1536_0041_0025_0044_0044.jpg 1 41 25 44 44
1537_0024_0038_0056_0056.jpg 1 24 38 56 56
1538_0040_0045_0047_0047.jpg 1 40 45 47 47
1539_0057_0043_0027_0027.jpg 1 57 43 27 27
1540_0045_0043_0048_0048.jpg 1 45 43 48 48
1541_0023_0008_0055_0055.jpg 1 23 8 55 55
1542_0031_0027_0041_0041.jpg 1 31 27 41 41
1543_0024_0039_0050_0050.jpg 1 24 39 50 50
1544_0111_0120_0080_0080.jpg 1 111 120 80 80
1545_0046_0006_0047_0047.jpg 1 46 6 47 47
1546_0040_0022_0028_0028.jpg 1 40 22 28 28
1547_0060_0044_0025_0025.jpg 1 60 44 25 25
1548_0037_0046_0047_0047.jpg 1 37 46 47 47
1549_0012_0056_0026_0026.jpg 1 12 56 26 26
1550_0024_0021_0047_0047.jpg 1 24 21 47 47
1551_0020_0017_0068_0068.jpg 1 20 17 68 68
1552_0017_0015_0060_0060.jpg 1 17 15 60 60
1553_0016_0015_0063_0063.jpg 1 16 15 63 63
1554_0034_0042_0051_0051.jpg 1 34 42 51 51
1555_0031_0038_0049_0049.jpg 1 31 38 49 49
1556_0058_0062_0027_0027.jpg 1 58 62 27 27
1557_0049_0020_0040_0040.jpg 1 49 20 40 40
1558_0049_0016_0036_0036.jpg 1 49 16 36 36
1559_0010_0019_0040_0040.jpg 1 10 19 40 40
1560_0017_0016_0051_0051.jpg 1 17 16 51 51
1561_0011_0017_0048_0048.jpg 1 11 17 48 48
1562_0008_0023_0036_0036.jpg 1 8 23 36 36
1563_0040_0015_0033_0033.jpg 1 40 15 33 33
1564_0004_0020_0065_0065.jpg 1 4 20 65 65
1565_0013_0031_0063_0063.jpg 1 13 31 63 63
1566_0029_0040_0027_0027.jpg 1 29 40 27 27
1567_0028_0016_0061_0061.jpg 1 28 16 61 61
1568_0027_0006_0063_0063.jpg 1 27 6 63 63
1569_0046_0046_0031_0031.jpg 1 46 46 31 31
1570_0038_0051_0038_0038.jpg 1 38 51 38 38
1571_0040_0036_0045_0045.jpg 1 40 36 45 45
1572_0005_0008_0065_0065.jpg 1 5 8 65 65
1573_0042_0008_0044_0044.jpg 1 42 8 44 44
1574_0028_0016_0066_0066.jpg 1 28 16 66 66
1575_0021_0029_0050_0050.jpg 1 21 29 50 50
1576_0036_0007_0056_0056.jpg 1 36 7 56 56
1577_0020_0019_0054_0054.jpg 1 20 19 54 54
1578_0038_0025_0028_0028.jpg 1 38 25 28 28
1579_0028_0020_0065_0065.jpg 1 28 20 65 65
1580_0028_0024_0038_0038.jpg 1 28 24 38 38
1581_0040_0012_0038_0038.jpg 1 40 12 38 38
1582_0022_0035_0046_0046.jpg 1 22 35 46 46
1583_0037_0018_0053_0053.jpg 1 37 18 53 53
1584_0037_0021_0031_0031.jpg 1 37 21 31 31
1585_0037_0010_0033_0033.jpg 1 37 10 33 33
1586_0032_0036_0037_0037.jpg 1 32 36 37 37
1587_0046_0028_0037_0037.jpg 1 46 28 37 37
1588_0055_0018_0025_0025.jpg 1 55 18 25 25
1589_0033_0008_0055_0055.jpg 1 33 8 55 55
1590_0009_0027_0062_0062.jpg 1 9 27 62 62
1591_0052_0006_0037_0037.jpg 1 52 6 37 37
1592_0066_0039_0024_0024.jpg 1 66 39 24 24
1593_0047_0028_0046_0046.jpg 1 47 28 46 46
1594_0011_0026_0065_0065.jpg 1 11 26 65 65
1595_0008_0029_0065_0065.jpg 1 8 29 65 65
1596_0026_0011_0069_0069.jpg 1 26 11 69 69
1597_0014_0024_0054_0054.jpg 1 14 24 54 54
1598_0060_0025_0029_0029.jpg 1 60 25 29 29
1599_0024_0037_0031_0031.jpg 1 24 37 31 31
1600_0020_0017_0053_0053.jpg 1 20 17 53 53
1601_0044_0050_0042_0042.jpg 1 44 50 42 42
1602_0004_0004_0061_0061.jpg 1 4 4 61 61
1603_0019_0033_0059_0059.jpg 1 19 33 59 59
1604_0034_0011_0054_0054.jpg 1 34 11 54 54
1605_0017_0016_0061_0061.jpg 1 17 16 61 61
1606_0037_0038_0035_0035.jpg 1 37 38 35 35
1607_0026_0008_0044_0044.jpg 1 26 8 44 44
1608_0005_0009_0067_0067.jpg 1 5 9 67 67
1609_0008_0006_0063_0063.jpg 1 8 6 63 63
1610_0035_0026_0030_0030.jpg 1 35 26 30 30
1611_0056_0036_0027_0027.jpg 1 56 36 27 27
1612_0031_0021_0055_0055.jpg 1 31 21 55 55
1613_0022_0014_0056_0056.jpg 1 22 14 56 56
1614_0034_0031_0058_0058.jpg 1 34 31 58 58
1615_0005_0020_0060_0060.jpg 1 5 20 60 60
1616_0023_0007_0026_0026.jpg 1 23 7 26 26
1617_0056_0007_0036_0036.jpg 1 56 7 36 36
1618_0022_0011_0058_0058.jpg 1 22 11 58 58
1619_0003_0005_0069_0069.jpg 1 3 5 69 69
1620_0035_0010_0044_0044.jpg 1 35 10 44 44
1621_0012_0044_0027_0027.jpg 1 12 44 27 27
1622_0058_0059_0033_0033.jpg 1 58 59 33 33
1623_0036_0027_0049_0049.jpg 1 36 27 49 49
1624_0019_0017_0069_0069.jpg 1 19 17 69 69
1625_0047_0059_0034_0034.jpg 1 47 59 34 34
1626_0012_0006_0044_0044.jpg 1 12 6 44 44
1627_0040_0024_0045_0045.jpg 1 40 24 45 45
1628_0005_0026_0064_0064.jpg 1 5 26 64 64
1629_0027_0025_0064_0064.jpg 1 27 25 64 64
1630_0050_0055_0027_0027.jpg 1 50 55 27 27
1631_0050_0038_0026_0026.jpg 1 50 38 26 26
1632_0006_0040_0046_0046.jpg 1 6 40 46 46
1633_0036_0017_0026_0026.jpg 1 36 17 26 26
1634_0045_0037_0033_0033.jpg 1 45 37 33 33
1635_0017_0028_0045_0045.jpg 1 17 28 45 45
1636_0010_0025_0058_0058.jpg 1 10 25 58 58
1637_0017_0026_0043_0043.jpg 1 17 26 43 43
1638_0040_0035_0034_0034.jpg 1 40 35 34 34
1639_0050_0018_0033_0033.jpg 1 50 18 33 33
1640_0008_0031_0065_0065.jpg 1 8 31 65 65
1641_0029_0045_0041_0041.jpg 1 29 45 41 41
1642_0047_0048_0039_0039.jpg 1 47 48 39 39
1643_0026_0004_0053_0053.jpg 1 26 4 53 53
1644_0017_0044_0024_0024.jpg 1 17 44 24 24
1645_0023_0024_0066_0066.jpg 1 23 24 66 66
1646_0052_0019_0041_0041.jpg 1 52 19 41 41
1647_0046_0007_0046_0046.jpg 1 46 7 46 46
1648_0033_0031_0060_0060.jpg 1 33 31 60 60
1649_0045_0013_0047_0047.jpg 1 45 13 47 47
1650_0035_0041_0044_0044.jpg 1 35 41 44 44
1651_0020_0026_0067_0067.jpg 1 20 26 67 67
1652_0009_0022_0068_0068.jpg 1 9 22 68 68
1653_0016_0015_0042_0042.jpg 1 16 15 42 42
1654_0023_0003_0068_0068.jpg 1 23 3 68 68
1655_0027_0025_0041_0041.jpg 1 27 25 41 41
1656_0013_0039_0054_0054.jpg 1 13 39 54 54
1657_0047_0017_0027_0027.jpg 1 47 17 27 27
1658_0006_0039_0052_0052.jpg 1 6 39 52 52
1659_0022_0013_0046_0046.jpg 1 22 13 46 46
1660_0015_0020_0057_0057.jpg 1 15 20 57 57
1661_0035_0013_0059_0059.jpg 1 35 13 59 59
1662_0049_0035_0043_0043.jpg 1 49 35 43 43
1663_0033_0031_0061_0061.jpg 1 33 31 61 61
1664_0017_0020_0065_0065.jpg 1 17 20 65 65
1665_0025_0010_0066_0066.jpg 1 25 10 66 66
1666_0026_0004_0069_0069.jpg 1 26 4 69 69
1667_0044_0049_0039_0039.jpg 1 44 49 39 39
1668_0024_0014_0063_0063.jpg 1 24 14 63 63
1669_0029_0016_0041_0041.jpg 1 29 16 41 41
1670_0014_0020_0048_0048.jpg 1 14 20 48 48
1671_0024_0034_0050_0050.jpg 1 24 34 50 50
1672_0030_0021_0028_0028.jpg 1 30 21 28 28
1673_0032_0022_0025_0025.jpg 1 32 22 25 25
1674_0037_0024_0043_0043.jpg 1 37 24 43 43
1675_0017_0045_0029_0029.jpg 1 17 45 29 29
1676_0018_0015_0045_0045.jpg 1 18 15 45 45
1677_0013_0009_0057_0057.jpg 1 13 9 57 57
1678_0007_0008_0045_0045.jpg 1 7 8 45 45
1679_0041_0032_0036_0036.jpg 1 41 32 36 36
1680_0019_0012_0064_0064.jpg 1 19 12 64 64
1681_0009_0042_0030_0030.jpg 1 9 42 30 30
1682_0024_0043_0035_0035.jpg 1 24 43 35 35
1683_0019_0062_0027_0027.jpg 1 19 62 27 27
1684_0012_0040_0029_0029.jpg 1 12 40 29 29
1685_0047_0058_0032_0032.jpg 1 47 58 32 32
1686_0027_0005_0068_0068.jpg 1 27 5 68 68
1687_0028_0046_0041_0041.jpg 1 28 46 41 41
1688_0015_0010_0054_0054.jpg 1 15 10 54 54
1689_0038_0012_0055_0055.jpg 1 38 12 55 55
1690_0006_0016_0046_0046.jpg 1 6 16 46 46
1691_0023_0004_0069_0069.jpg 1 23 4 69 69
1692_0039_0010_0030_0030.jpg 1 39 10 30 30
1693_0026_0025_0037_0037.jpg 1 26 25 37 37
1694_0029_0006_0067_0067.jpg 1 29 6 67 67
1695_0011_0019_0037_0037.jpg 1 11 19 37 37
1696_0026_0024_0066_0066.jpg 1 26 24 66 66
1697_0022_0049_0044_0044.jpg 1 22 49 44 44
1698_0020_0032_0026_0026.jpg 1 20 32 26 26
1699_0006_0015_0065_0065.jpg 1 6 15 65 65
1700_0033_0006_0055_0055.jpg 1 33 6 55 55
1701_0027_0030_0041_0041.jpg 1 27 30 41 41
1702_0048_0042_0045_0045.jpg 1 48 42 45 45
1703_0012_0015_0065_0065.jpg 1 12 15 65 65
1704_0018_0042_0041_0041.jpg 1 18 42 41 41
1705_0032_0011_0043_0043.jpg 1 32 11 43 43
1706_0003_0031_0061_0061.jpg 1 3 31 61 61
1707_0052_0020_0039_0039.jpg 1 52 20 39 39
1708_0039_0016_0035_0035.jpg 1 39 16 35 35
1709_0014_0012_0042_0042.jpg 1 14 12 42 42
1710_0006_0032_0054_0054.jpg 1 6 32 54 54
1711_0020_0025_0054_0054.jpg 1 20 25 54 54
1712_0039_0039_0051_0051.jpg 1 39 39 51 51
1713_0018_0027_0038_0038.jpg 1 18 27 38 38
1714_0017_0034_0047_0047.jpg 1 17 34 47 47
1715_0032_0022_0056_0056.jpg 1 32 22 56 56
1716_0008_0012_0065_0065.jpg 1 8 12 65 65
1717_0025_0019_0058_0058.jpg 1 25 19 58 58
1718_0041_0016_0041_0041.jpg 1 41 16 41 41
1719_0015_0015_0064_0064.jpg 1 15 15 64 64
1720_0014_0008_0069_0069.jpg 1 14 8 69 69
1721_0034_0038_0056_0056.jpg 1 34 38 56 56
1722_0040_0012_0047_0047.jpg 1 40 12 47 47
1723_0015_0008_0068_0068.jpg 1 15 8 68 68
1724_0029_0012_0050_0050.jpg 1 29 12 50 50
1725_0023_0020_0052_0052.jpg 1 23 20 52 52
1726_0060_0034_0026_0026.jpg 1 60 34 26 26
1727_0045_0009_0033_0033.jpg 1 45 9 33 33
1728_0038_0013_0048_0048.jpg 1 38 13 48 48
1729_0028_0004_0065_0065.jpg 1 28 4 65 65
1730_0027_0034_0041_0041.jpg 1 27 34 41 41
1731_0049_0015_0027_0027.jpg 1 49 15 27 27
1732_0032_0025_0037_0037.jpg 1 32 25 37 37
1733_0028_0029_0053_0053.jpg 1 28 29 53 53
1734_0050_0031_0042_0042.jpg 1 50 31 42 42
1735_0050_0031_0043_0043.jpg 1 50 31 43 43
1736_0004_0006_0053_0053.jpg 1 4 6 53 53
1737_0035_0035_0024_0024.jpg 1 35 35 24 24
1738_0047_0033_0046_0046.jpg 1 47 33 46 46
1739_0031_0038_0038_0038.jpg 1 31 38 38 38
1740_0016_0046_0048_0048.jpg 1 16 46 48 48
1741_0040_0031_0048_0048.jpg 1 40 31 48 48
1742_0054_0041_0031_0031.jpg 1 54 41 31 31
1743_0063_0042_0024_0024.jpg 1 63 42 24 24
1744_0013_0036_0055_0055.jpg 1 13 36 55 55
1745_0049_0042_0044_0044.jpg 1 49 42 44 44
1746_0023_0026_0067_0067.jpg 1 23 26 67 67
1747_0026_0046_0048_0048.jpg 1 26 46 48 48
1748_0037_0052_0026_0026.jpg 1 37 52 26 26
1749_0008_0025_0057_0057.jpg 1 8 25 57 57
1750_0022_0020_0058_0058.jpg 1 22 20 58 58
1751_0011_0053_0040_0040.jpg 1 11 53 40 40
1752_0011_0043_0034_0034.jpg 1 11 43 34 34
1753_0010_0031_0048_0048.jpg 1 10 31 48 48
1754_0037_0054_0038_0038.jpg 1 37 54 38 38
1755_0013_0026_0057_0057.jpg 1 13 26 57 57
1756_0026_0037_0053_0053.jpg 1 26 37 53 53
1757_0029_0033_0035_0035.jpg 1 29 33 35 35
1758_0039_0025_0054_0054.jpg 1 39 25 54 54
1759_0045_0023_0037_0037.jpg 1 45 23 37 37
1760_0049_0008_0025_0025.jpg 1 49 8 25 25
1761_0031_0031_0024_0024.jpg 1 31 31 24 24
1762_0010_0035_0030_0030.jpg 1 10 35 30 30
1763_0058_0026_0031_0031.jpg 1 58 26 31 31
1764_0019_0028_0047_0047.jpg 1 19 28 47 47
1765_0006_0004_0068_0068.jpg 1 6 4 68 68
1766_0015_0021_0053_0053.jpg 1 15 21 53 53
1767_0039_0020_0052_0052.jpg 1 39 20 52 52
1768_0020_0003_0065_0065.jpg 1 20 3 65 65
1769_0039_0021_0031_0031.jpg 1 39 21 31 31
1770_0053_0016_0036_0036.jpg 1 53 16 36 36
1771_0021_0008_0039_0039.jpg 1 21 8 39 39
1772_0021_0035_0052_0052.jpg 1 21 35 52 52
1773_0009_0029_0061_0061.jpg 1 9 29 61 61
1774_0047_0045_0046_0046.jpg 1 47 45 46 46
1775_0032_0005_0049_0049.jpg 1 32 5 49 49
1776_0012_0035_0053_0053.jpg 1 12 35 53 53
1777_0032_0020_0052_0052.jpg 1 32 20 52 52
1778_0047_0019_0031_0031.jpg 1 47 19 31 31
1779_0035_0011_0040_0040.jpg 1 35 11 40 40
1780_0038_0036_0036_0036.jpg 1 38 36 36 36
1781_0016_0010_0065_0065.jpg 1 16 10 65 65
1782_0017_0038_0044_0044.jpg 1 17 38 44 44
1783_0036_0018_0030_0030.jpg 1 36 18 30 30
1784_0014_0013_0064_0064.jpg 1 14 13 64 64
1785_0012_0020_0025_0025.jpg 1 12 20 25 25
1786_0029_0020_0050_0050.jpg 1 29 20 50 50
1787_0034_0033_0036_0036.jpg 1 34 33 36 36
1788_0017_0049_0034_0034.jpg 1 17 49 34 34
1789_0033_0008_0024_0024.jpg 1 33 8 24 24
1790_0028_0026_0041_0041.jpg 1 28 26 41 41
1791_0022_0010_0052_0052.jpg 1 22 10 52 52
1792_0056_0056_0024_0024.jpg 1 56 56 24 24
1793_0058_0031_0024_0024.jpg 1 58 31 24 24
1794_0015_0025_0067_0067.jpg 1 15 25 67 67
1795_0032_0014_0061_0061.jpg 1 32 14 61 61
1796_0019_0034_0047_0047.jpg 1 19 34 47 47
1797_0013_0028_0059_0059.jpg 1 13 28 59 59
1798_0010_0010_0059_0059.jpg 1 10 10 59 59
1799_0024_0052_0040_0040.jpg 1 24 52 40 40
1800_0026_0015_0047_0047.jpg 1 26 15 47 47
1801_0012_0014_0059_0059.jpg 1 12 14 59 59
1802_0041_0032_0037_0037.jpg 1 41 32 37 37
1803_0025_0006_0040_0040.jpg 1 25 6 40 40
1804_0024_0013_0068_0068.jpg 1 24 13 68 68
1805_0029_0007_0056_0056.jpg 1 29 7 56 56
1806_0013_0012_0034_0034.jpg 1 13 12 34 34
1807_0040_0029_0030_0030.jpg 1 40 29 30 30
1808_0039_0035_0049_0049.jpg 1 39 35 49 49
1809_0011_0003_0068_0068.jpg 1 11 3 68 68
1810_0038_0025_0036_0036.jpg 1 38 25 36 36
1811_0022_0030_0048_0048.jpg 1 22 30 48 48
1812_0037_0029_0036_0036.jpg 1 37 29 36 36
1813_0012_0039_0053_0053.jpg 1 12 39 53 53
1814_0053_0034_0025_0025.jpg 1 53 34 25 25
1815_0054_0032_0030_0030.jpg 1 54 32 30 30
1816_0032_0021_0051_0051.jpg 1 32 21 51 51
1817_0031_0021_0064_0064.jpg 1 31 21 64 64
1818_0005_0006_0061_0061.jpg 1 5 6 61 61
1819_0013_0015_0034_0034.jpg 1 13 15 34 34
1820_0011_0040_0049_0049.jpg 1 11 40 49 49
1821_0013_0027_0051_0051.jpg 1 13 27 51 51
1822_0043_0041_0039_0039.jpg 1 43 41 39 39
1823_0005_0028_0062_0062.jpg 1 5 28 62 62
1824_0030_0015_0028_0028.jpg 1 30 15 28 28
1825_0031_0012_0038_0038.jpg 1 31 12 38 38
1826_0035_0043_0050_0050.jpg 1 35 43 50 50
1827_0044_0010_0032_0032.jpg 1 44 10 32 32
1828_0050_0043_0041_0041.jpg 1 50 43 41 41
1829_0007_0028_0062_0062.jpg 1 7 28 62 62
1830_0016_0036_0052_0052.jpg 1 16 36 52 52
1831_0035_0039_0054_0054.jpg 1 35 39 54 54
1832_0028_0008_0064_0064.jpg 1 28 8 64 64
1833_0012_0034_0055_0055.jpg 1 12 34 55 55
1834_0005_0017_0045_0045.jpg 1 5 17 45 45
1835_0026_0027_0055_0055.jpg 1 26 27 55 55
1836_0023_0053_0024_0024.jpg 1 23 53 24 24
1837_0024_0014_0061_0061.jpg 1 24 14 61 61
1838_0054_0029_0031_0031.jpg 1 54 29 31 31
1839_0010_0018_0062_0062.jpg 1 10 18 62 62
1840_0017_0011_0036_0036.jpg 1 17 11 36 36
1841_0022_0007_0025_0025.jpg 1 22 7 25 25
1842_0055_0045_0034_0034.jpg 1 55 45 34 34
1843_0063_0047_0027_0027.jpg 1 63 47 27 27
1844_0046_0023_0036_0036.jpg 1 46 23 36 36
1845_0060_0019_0030_0030.jpg 1 60 19 30 30
1846_0019_0017_0068_0068.jpg 1 19 17 68 68
1847_0041_0024_0042_0042.jpg 1 41 24 42 42
1848_0006_0016_0055_0055.jpg 1 6 16 55 55
1849_0017_0043_0033_0033.jpg 1 17 43 33 33
1850_0017_0033_0035_0035.jpg 1 17 33 35 35
1851_0034_0028_0059_0059.jpg 1 34 28 59 59
1852_0046_0043_0024_0024.jpg 1 46 43 24 24
1853_0025_0027_0039_0039.jpg 1 25 27 39 39
1854_0021_0014_0040_0040.jpg 1 21 14 40 40
1855_0005_0009_0053_0053.jpg 1 5 9 53 53
1856_0043_0017_0038_0038.jpg 1 43 17 38 38
1857_0015_0047_0039_0039.jpg 1 15 47 39 39
1858_0026_0011_0051_0051.jpg 1 26 11 51 51
1859_0004_0022_0067_0067.jpg 1 4 22 67 67
1860_0034_0023_0046_0046.jpg 1 34 23 46 46
1861_0054_0006_0038_0038.jpg 1 54 6 38 38
1862_0023_0016_0068_0068.jpg 1 23 16 68 68
1863_0008_0004_0067_0067.jpg 1 8 4 67 67
1864_0027_0034_0030_0030.jpg 1 27 34 30 30
1865_0014_0024_0052_0052.jpg 1 14 24 52 52
1866_0029_0052_0030_0030.jpg 1 29 52 30 30
1867_0043_0015_0040_0040.jpg 1 43 15 40 40
1868_0020_0028_0060_0060.jpg 1 20 28 60 60
1869_0012_0016_0049_0049.jpg 1 12 16 49 49
1870_0036_0062_0028_0028.jpg 1 36 62 28 28
1871_0009_0021_0051_0051.jpg 1 9 21 51 51
1872_0014_0025_0064_0064.jpg 1 14 25 64 64
1873_0025_0011_0031_0031.jpg 1 25 11 31 31
1874_0058_0049_0034_0034.jpg 1 58 49 34 34
1875_0013_0008_0059_0059.jpg 1 13 8 59 59
1876_0050_0008_0030_0030.jpg 1 50 8 30 30
1877_0041_0039_0047_0047.jpg 1 41 39 47 47
1878_0035_0056_0037_0037.jpg 1 35 56 37 37
1879_0051_0038_0034_0034.jpg 1 51 38 34 34
1880_0024_0015_0069_0069.jpg 1 24 15 69 69
1881_0039_0007_0040_0040.jpg 1 39 7 40 40
1882_0013_0011_0069_0069.jpg 1 13 11 69 69
1883_0030_0019_0056_0056.jpg 1 30 19 56 56
1884_0050_0016_0026_0026.jpg 1 50 16 26 26
1885_0039_0032_0024_0024.jpg 1 39 32 24 24
1886_0005_0022_0069_0069.jpg 1 5 22 69 69
1887_0033_0008_0045_0045.jpg 1 33 8 45 45
1888_0040_0059_0028_0028.jpg 1 40 59 28 28
1889_0004_0013_0056_0056.jpg 1 4 13 56 56
1890_0031_0064_0027_0027.jpg 1 31 64 27 27
1891_0048_0014_0043_0043.jpg 1 48 14 43 43
1892_0015_0035_0048_0048.jpg 1 15 35 48 48
1893_0021_0043_0046_0046.jpg 1 21 43 46 46
1894_0036_0031_0038_0038.jpg 1 36 31 38 38
1895_0045_0009_0041_0041.jpg 1 45 9 41 41
1896_0019_0006_0065_0065.jpg 1 19 6 65 65
1897_0030_0026_0046_0046.jpg 1 30 26 46 46
1898_0042_0020_0045_0045.jpg 1 42 20 45 45
1899_0007_0029_0064_0064.jpg 1 7 29 64 64
1900_0013_0016_0036_0036.jpg 1 13 16 36 36
1901_0024_0026_0069_0069.jpg 1 24 26 69 69
1902_0037_0041_0034_0034.jpg 1 37 41 34 34
1903_0045_0015_0029_0029.jpg 1 45 15 29 29
1904_0012_0038_0034_0034.jpg 1 12 38 34 34
1905_0033_0024_0061_0061.jpg 1 33 24 61 61
1906_0006_0018_0060_0060.jpg 1 6 18 60 60
1907_0022_0031_0060_0060.jpg 1 22 31 60 60
1908_0040_0040_0045_0045.jpg 1 40 40 45 45
1909_0033_0014_0029_0029.jpg 1 33 14 29 29
1910_0017_0015_0050_0050.jpg 1 17 15 50 50
1911_0027_0010_0044_0044.jpg 1 27 10 44 44
1912_0021_0020_0054_0054.jpg 1 21 20 54 54
1913_0040_0021_0047_0047.jpg 1 40 21 47 47
1914_0029_0017_0057_0057.jpg 1 29 17 57 57
1915_0009_0005_0054_0054.jpg 1 9 5 54 54
1916_0027_0004_0069_0069.jpg 1 27 4 69 69
1917_0009_0026_0035_0035.jpg 1 9 26 35 35
1918_0008_0024_0065_0065.jpg 1 8 24 65 65
1919_0009_0010_0049_0049.jpg 1 9 10 49 49
1920_0008_0025_0025_0025.jpg 1 8 25 25 25
1921_0024_0021_0064_0064.jpg 1 24 21 64 64
1922_0008_0023_0060_0060.jpg 1 8 23 60 60
1923_0018_0022_0038_0038.jpg 1 18 22 38 38
1924_0043_0013_0038_0038.jpg 1 43 13 38 38
1925_0025_0022_0052_0052.jpg 1 25 22 52 52
1926_0011_0038_0045_0045.jpg 1 11 38 45 45
1927_0023_0047_0029_0029.jpg 1 23 47 29 29
1928_0018_0007_0058_0058.jpg 1 18 7 58 58
1929_0018_0042_0033_0033.jpg 1 18 42 33 33
1930_0014_0043_0038_0038.jpg 1 14 43 38 38
1931_0034_0050_0034_0034.jpg 1 34 50 34 34
1932_0022_0027_0063_0063.jpg 1 22 27 63 63
1933_0017_0021_0064_0064.jpg 1 17 21 64 64
1934_0021_0012_0060_0060.jpg 1 21 12 60 60
1935_0036_0021_0037_0037.jpg 1 36 21 37 37
1936_0013_0041_0053_0053.jpg 1 13 41 53 53
1937_0027_0022_0065_0065.jpg 1 27 22 65 65
1938_0037_0036_0040_0040.jpg 1 37 36 40 40
1939_0031_0037_0040_0040.jpg 1 31 37 40 40
1940_0033_0008_0034_0034.jpg 1 33 8 34 34
1941_0019_0023_0025_0025.jpg 1 19 23 25 25
1942_0011_0010_0067_0067.jpg 1 11 10 67 67
1943_0036_0046_0042_0042.jpg 1 36 46 42 42
1944_0046_0010_0039_0039.jpg 1 46 10 39 39
1945_0029_0014_0063_0063.jpg 1 29 14 63 63
1946_0025_0026_0045_0045.jpg 1 25 26 45 45
1947_0030_0053_0027_0027.jpg 1 30 53 27 27
1948_0009_0013_0038_0038.jpg 1 9 13 38 38
1949_0021_0017_0067_0067.jpg 1 21 17 67 67
1950_0008_0029_0067_0067.jpg 1 8 29 67 67
