0001_0023_0033_0046_0046.jpg 1 23 33 46 46
0002_0036_0007_0050_0050.jpg 1 36 7 50 50
0003_0051_0016_0027_0027.jpg 1 51 16 27 27
0004_0044_0030_0032_0032.jpg 1 44 30 32 32
0005_0016_0021_0052_0052.jpg 1 16 21 52 52
0006_0050_0025_0032_0032.jpg 1 50 25 32 32
0007_0017_0018_0041_0041.jpg 1 17 18 41 41
0008_0023_0036_0055_0055.jpg 1 23 36 55 55
0009_0009_0047_0026_0026.jpg 1 9 47 26 26
0010_0028_0011_0067_0067.jpg 1 28 11 67 67
0011_0060_0029_0024_0024.jpg 1 60 29 24 24
0012_0044_0026_0025_0025.jpg 1 44 26 25 25
0013_0019_0037_0046_0046.jpg 1 19 37 46 46
0014_0022_0008_0051_0051.jpg 1 22 8 51 51
0015_0017_0026_0068_0068.jpg 1 17 26 68 68
0016_0064_0040_0026_0026.jpg 1 64 40 26 26
0017_0018_0008_0028_0028.jpg 1 18 8 28 28
0018_0044_0014_0044_0044.jpg 1 44 14 44 44
0019_0007_0038_0047_0047.jpg 1 7 38 47 47
0020_0055_0041_0025_0025.jpg 1 55 41 25 25
0021_0041_0024_0040_0040.jpg 1 41 24 40 40
0022_0029_0004_0066_0066.jpg 1 29 4 66 66
0023_0005_0020_0052_0052.jpg 1 5 20 52 52
0024_0024_0013_0055_0055.jpg 1 24 13 55 55
0025_0035_0017_0059_0059.jpg 1 35 17 59 59
0026_0041_0034_0038_0038.jpg 1 41 34 38 38
0027_0029_0046_0039_0039.jpg 1 29 46 39 39
0028_0022_0027_0064_0064.jpg 1 22 27 64 64
0029_0019_0008_0055_0055.jpg 1 19 8 55 55
0030_0059_0041_0026_0026.jpg 1 59 41 26 26
0031_0003_0012_0069_0069.jpg 1 3 12 69 69
0032_0022_0005_0052_0052.jpg 1 22 5 52 52
0033_0013_0036_0042_0042.jpg 1 13 36 42 42
0034_0028_0006_0036_0036.jpg 1 28 6 36 36
0035_0018_0019_0057_0057.jpg 1 18 19 57 57
0036_0018_0015_0064_0064.jpg 1 18 15 64 64
0037_0005_0021_0064_0064.jpg 1 5 21 64 64
0038_0013_0023_0053_0053.jpg 1 13 23 53 53
0039_0013_0044_0039_0039.jpg 1 13 44 39 39
0040_0014_0006_0068_0068.jpg 1 14 6 68 68
0041_0010_0017_0048_0048.jpg 1 10 17 48 48
0042_0023_0006_0052_0052.jpg 1 23 6 52 52
0043_0005_0024_0057_0057.jpg 1 5 24 57 57
0044_0028_0057_0031_0031.jpg 1 28 57 31 31
0045_0029_0046_0048_0048.jpg 1 29 46 48 48
0046_0024_0030_0062_0062.jpg 1 24 30 62 62
0047_0017_0028_0065_0065.jpg 1 17 28 65 65
0048_0033_0024_0052_0052.jpg 1 33 24 52 52
0049_0030_0023_0063_0063.jpg 1 30 23 63 63
0050_0057_0032_0033_0033.jpg 1 57 32 33 33
0051_0032_0025_0058_0058.jpg 1 32 25 58 58
0052_0050_0027_0039_0039.jpg 1 50 27 39 39
0053_0041_0033_0048_0048.jpg 1 41 33 48 48
0054_0032_0034_0038_0038.jpg 1 32 34 38 38
0055_0009_0019_0043_0043.jpg 1 9 19 43 43
0056_0010_0022_0039_0039.jpg 1 10 22 39 39
0057_0019_0037_0053_0053.jpg 1 19 37 53 53
0058_0028_0026_0059_0059.jpg 1 28 26 59 59
0059_0009_0010_0069_0069.jpg 1 9 10 69 69
0060_0017_0044_0029_0029.jpg 1 17 44 29 29
0061_0039_0021_0051_0051.jpg 1 39 21 51 51
0062_0020_0003_0068_0068.jpg 1 20 3 68 68
0063_0044_0015_0045_0045.jpg 1 44 15 45 45
0064_0015_0045_0045_0045.jpg 1 15 45 45 45
0065_0007_0030_0057_0057.jpg 1 7 30 57 57
0066_0012_0006_0059_0059.jpg 1 12 6 59 59
0067_0023_0005_0054_0054.jpg 1 23 5 54 54
0068_0054_0048_0026_0026.jpg 1 54 48 26 26
0069_0017_0006_0063_0063.jpg 1 17 6 63 63
0070_0025_0022_0051_0051.jpg 1 25 22 51 51
0071_0019_0026_0063_0063.jpg 1 19 26 63 63
0072_0027_0039_0027_0027.jpg 1 27 39 27 27
0073_0035_0049_0024_0024.jpg 1 35 49 24 24
0074_0012_0031_0058_0058.jpg 1 12 31 58 58
0075_0015_0048_0034_0034.jpg 1 15 48 34 34
0076_0015_0013_0039_0039.jpg 1 15 13 39 39
0077_0042_0019_0047_0047.jpg 1 42 19 47 47
0078_0021_0010_0055_0055.jpg 1 21 10 55 55
0079_0024_0020_0056_0056.jpg 1 24 20 56 56
0080_0023_0024_0025_0025.jpg 1 23 24 25 25
0081_0053_0019_0030_0030.jpg 1 53 19 30 30
0082_0020_0008_0062_0062.jpg 1 20 8 62 62
0083_0037_0022_0037_0037.jpg 1 37 22 37 37
0084_0010_0022_0068_0068.jpg 1 10 22 68 68
0085_0022_0012_0033_0033.jpg 1 22 12 33 33
0086_0017_0055_0032_0032.jpg 1 17 55 32 32
0087_0009_0029_0061_0061.jpg 1 9 29 61 61
0088_0054_0035_0030_0030.jpg 1 54 35 30 30
0089_0014_0010_0063_0063.jpg 1 14 10 63 63
0090_0018_0031_0061_0061.jpg 1 18 31 61 61
0091_0024_0053_0036_0036.jpg 1 24 53 36 36
0092_0050_0057_0026_0026.jpg 1 50 57 26 26
0093_0004_0007_0063_0063.jpg 1 4 7 63 63
0094_0045_0006_0048_0048.jpg 1 45 6 48 48
0095_0012_0027_0067_0067.jpg 1 12 27 67 67
0096_0012_0034_0057_0057.jpg 1 12 34 57 57
0097_0012_0019_0028_0028.jpg 1 12 19 28 28
0098_0019_0020_0040_0040.jpg 1 19 20 40 40
0099_0019_0004_0068_0068.jpg 1 19 4 68 68
0100_0032_0041_0052_0052.jpg 1 32 41 52 52
0101_0009_0008_0027_0027.jpg 1 9 8 27 27
0102_0034_0022_0052_0052.jpg 1 34 22 52 52
0103_0037_0034_0041_0041.jpg 1 37 34 41 41
0104_0019_0025_0059_0059.jpg 1 19 25 59 59
0105_0023_0028_0056_0056.jpg 1 23 28 56 56
0106_0059_0049_0027_0027.jpg 1 59 49 27 27
0107_0053_0038_0039_0039.jpg 1 53 38 39 39
0108_0049_0018_0035_0035.jpg 1 49 18 35 35
0109_0014_0036_0031_0031.jpg 1 14 36 31 31
0110_0042_0015_0043_0043.jpg 1 42 15 43 43
0111_0030_0034_0057_0057.jpg 1 30 34 57 57
0112_0019_0010_0055_0055.jpg 1 19 10 55 55
0113_0036_0057_0031_0031.jpg 1 36 57 31 31
0114_0029_0014_0029_0029.jpg 1 29 14 29 29
0115_0022_0017_0040_0040.jpg 1 22 17 40 40
0116_0005_0042_0048_0048.jpg 1 5 42 48 48
0117_0038_0053_0039_0039.jpg 1 38 53 39 39
0118_0009_0050_0040_0040.jpg 1 9 50 40 40
0119_0025_0007_0066_0066.jpg 1 25 7 66 66
0120_0032_0024_0060_0060.jpg 1 32 24 60 60
0121_0007_0046_0036_0036.jpg 1 7 46 36 36
0122_0031_0044_0050_0050.jpg 1 31 44 50 50
0123_0016_0065_0027_0027.jpg 1 16 65 27 27
0124_0049_0025_0028_0028.jpg 1 49 25 28 28
0125_0016_0010_0055_0055.jpg 1 16 10 55 55
0126_0046_0043_0032_0032.jpg 1 46 43 32 32
0127_0019_0014_0048_0048.jpg 1 19 14 48 48
0128_0036_0010_0059_0059.jpg 1 36 10 59 59
0129_0017_0048_0042_0042.jpg 1 17 48 42 42
0130_0029_0025_0043_0043.jpg 1 29 25 43 43
0131_0010_0020_0028_0028.jpg 1 10 20 28 28
0132_0038_0008_0050_0050.jpg 1 38 8 50 50
0133_0020_0014_0061_0061.jpg 1 20 14 61 61
0134_0013_0012_0067_0067.jpg 1 13 12 67 67
0135_0005_0015_0068_0068.jpg 1 5 15 68 68
0136_0021_0009_0053_0053.jpg 1 21 9 53 53
0137_0026_0031_0064_0064.jpg 1 26 31 64 64
0138_0013_0030_0055_0055.jpg 1 13 30 55 55
0139_0028_0050_0034_0034.jpg 1 28 50 34 34
0140_0007_0017_0064_0064.jpg 1 7 17 64 64
0141_0019_0050_0028_0028.jpg 1 19 50 28 28
0142_0046_0013_0037_0037.jpg 1 46 13 37 37
0143_0049_0043_0025_0025.jpg 1 49 43 25 25
0144_0034_0025_0038_0038.jpg 1 34 25 38 38
0145_0007_0053_0034_0034.jpg 1 7 53 34 34
0146_0048_0020_0043_0043.jpg 1 48 20 43 43
0147_0020_0037_0041_0041.jpg 1 20 37 41 41
0148_0020_0017_0066_0066.jpg 1 20 17 66 66
0149_0015_0025_0063_0063.jpg 1 15 25 63 63
0150_0037_0023_0055_0055.jpg 1 37 23 55 55
0151_0011_0012_0034_0034.jpg 1 11 12 34 34
0152_0013_0006_0067_0067.jpg 1 13 6 67 67
0153_0021_0009_0036_0036.jpg 1 21 9 36 36
0154_0007_0024_0063_0063.jpg 1 7 24 63 63
0155_0019_0017_0053_0053.jpg 1 19 17 53 53
0156_0027_0039_0034_0034.jpg 1 27 39 34 34
0157_0035_0051_0030_0030.jpg 1 35 51 30 30
0158_0013_0055_0027_0027.jpg 1 13 55 27 27
0159_0028_0011_0028_0028.jpg 1 28 11 28 28
0160_0009_0010_0047_0047.jpg 1 9 10 47 47
0161_0038_0044_0026_0026.jpg 1 38 44 26 26
0162_0021_0007_0062_0062.jpg 1 21 7 62 62
0163_0008_0019_0030_0030.jpg 1 8 19 30 30
0164_0045_0033_0042_0042.jpg 1 45 33 42 42
0165_0027_0042_0031_0031.jpg 1 27 42 31 31
0166_0011_0006_0043_0043.jpg 1 11 6 43 43
0167_0025_0038_0043_0043.jpg 1 25 38 43 43
0168_0020_0010_0048_0048.jpg 1 20 10 48 48
0169_0014_0019_0064_0064.jpg 1 14 19 64 64
0170_0056_0029_0036_0036.jpg 1 56 29 36 36
0171_0049_0011_0040_0040.jpg 1 49 11 40 40
0172_0021_0027_0045_0045.jpg 1 21 27 45 45
0173_0054_0007_0024_0024.jpg 1 54 7 24 24
0174_0020_0022_0069_0069.jpg 1 20 22 69 69
0175_0025_0036_0057_0057.jpg 1 25 36 57 57
0176_0043_0052_0032_0032.jpg 1 43 52 32 32
0177_0031_0047_0038_0038.jpg 1 31 47 38 38
0178_0011_0011_0062_0062.jpg 1 11 11 62 62
0179_0010_0049_0031_0031.jpg 1 10 49 31 31
0180_0048_0009_0036_0036.jpg 1 48 9 36 36
0181_0020_0025_0064_0064.jpg 1 20 25 64 64
0182_0031_0014_0060_0060.jpg 1 31 14 60 60
0183_0024_0027_0058_0058.jpg 1 24 27 58 58
0184_0008_0017_0057_0057.jpg 1 8 17 57 57
0185_0064_0055_0025_0025.jpg 1 64 55 25 25
0186_0036_0037_0058_0058.jpg 1 36 37 58 58
0187_0007_0004_0067_0067.jpg 1 7 4 67 67
0188_0019_0031_0048_0048.jpg 1 19 31 48 48
0189_0046_0019_0024_0024.jpg 1 46 19 24 24
0190_0054_0033_0038_0038.jpg 1 54 33 38 38
0191_0011_0011_0067_0067.jpg 1 11 11 67 67
0192_0026_0004_0057_0057.jpg 1 26 4 57 57
0193_0040_0034_0048_0048.jpg 1 40 34 48 48
0194_0036_0006_0049_0049.jpg 1 36 6 49 49
0195_0025_0013_0050_0050.jpg 1 25 13 50 50
0196_0019_0010_0033_0033.jpg 1 19 10 33 33
0197_0036_0023_0050_0050.jpg 1 36 23 50 50
0198_0009_0022_0054_0054.jpg 1 9 22 54 54
0199_0012_0024_0041_0041.jpg 1 12 24 41 41
0200_0012_0019_0048_0048.jpg 1 12 19 48 48
0201_0028_0007_0053_0053.jpg 1 28 7 53 53
0202_0006_0014_0055_0055.jpg 1 6 14 55 55
0203_0024_0043_0037_0037.jpg 1 24 43 37 37
0204_0030_0015_0064_0064.jpg 1 30 15 64 64
0205_0034_0023_0057_0057.jpg 1 34 23 57 57
0206_0035_0053_0030_0030.jpg 1 35 53 30 30
0207_0039_0017_0054_0054.jpg 1 39 17 54 54
0208_0065_0066_0025_0025.jpg 1 65 66 25 25
0209_0018_0036_0043_0043.jpg 1 18 36 43 43
0210_0010_0035_0030_0030.jpg 1 10 35 30 30
0211_0042_0039_0038_0038.jpg 1 42 39 38 38
0212_0021_0017_0065_0065.jpg 1 21 17 65 65
0213_0013_0018_0069_0069.jpg 1 13 18 69 69
0214_0012_0051_0037_0037.jpg 1 12 51 37 37
0215_0023_0044_0049_0049.jpg 1 23 44 49 49
0216_0018_0025_0045_0045.jpg 1 18 25 45 45
0217_0027_0020_0058_0058.jpg 1 27 20 58 58
0218_0011_0051_0038_0038.jpg 1 11 51 38 38
0219_0011_0027_0056_0056.jpg 1 11 27 56 56
0220_0028_0013_0046_0046.jpg 1 28 13 46 46
0221_0032_0004_0057_0057.jpg 1 32 4 57 57
0222_0037_0020_0050_0050.jpg 1 37 20 50 50
0223_0016_0014_0042_0042.jpg 1 16 14 42 42
0224_0026_0007_0045_0045.jpg 1 26 7 45 45
0225_0029_0031_0038_0038.jpg 1 29 31 38 38
0226_0042_0024_0051_0051.jpg 1 42 24 51 51
0227_0004_0005_0061_0061.jpg 1 4 5 61 61
0228_0040_0016_0045_0045.jpg 1 40 16 45 45
0229_0005_0032_0057_0057.jpg 1 5 32 57 57
0230_0004_0016_0064_0064.jpg 1 4 16 64 64
0231_0048_0057_0028_0028.jpg 1 48 57 28 28
0232_0019_0027_0044_0044.jpg 1 19 27 44 44
0233_0014_0041_0047_0047.jpg 1 14 41 47 47
0234_0036_0027_0040_0040.jpg 1 36 27 40 40
0235_0006_0020_0063_0063.jpg 1 6 20 63 63
0236_0046_0056_0029_0029.jpg 1 46 56 29 29
0237_0030_0048_0029_0029.jpg 1 30 48 29 29
0238_0048_0044_0031_0031.jpg 1 48 44 31 31
0239_0021_0024_0067_0067.jpg 1 21 24 67 67
0240_0029_0027_0066_0066.jpg 1 29 27 66 66
0241_0034_0037_0024_0024.jpg 1 34 37 24 24
0242_0017_0006_0062_0062.jpg 1 17 6 62 62
0243_0037_0054_0033_0033.jpg 1 37 54 33 33
0244_0029_0009_0056_0056.jpg 1 29 9 56 56
0245_0011_0057_0030_0030.jpg 1 11 57 30 30
0246_0021_0036_0048_0048.jpg 1 21 36 48 48
0247_0027_0019_0064_0064.jpg 1 27 19 64 64
0248_0011_0010_0065_0065.jpg 1 11 10 65 65
0249_0031_0015_0062_0062.jpg 1 31 15 62 62
0250_0052_0041_0027_0027.jpg 1 52 41 27 27
0251_0010_0014_0026_0026.jpg 1 10 14 26 26
0252_0043_0042_0024_0024.jpg 1 43 42 24 24
0253_0042_0008_0052_0052.jpg 1 42 8 52 52
0254_0029_0033_0049_0049.jpg 1 29 33 49 49
0255_0046_0039_0028_0028.jpg 1 46 39 28 28
0256_0041_0009_0047_0047.jpg 1 41 9 47 47
0257_0021_0021_0041_0041.jpg 1 21 21 41 41
0258_0019_0005_0069_0069.jpg 1 19 5 69 69
0259_0003_0012_0065_0065.jpg 1 3 12 65 65
0260_0034_0043_0043_0043.jpg 1 34 43 43 43
0261_0026_0018_0063_0063.jpg 1 26 18 63 63
0262_0025_0005_0044_0044.jpg 1 25 5 44 44
0263_0016_0031_0046_0046.jpg 1 16 31 46 46
0264_0007_0006_0051_0051.jpg 1 7 6 51 51
0265_0016_0018_0037_0037.jpg 1 16 18 37 37
0266_0021_0007_0067_0067.jpg 1 21 7 67 67
0267_0010_0057_0030_0030.jpg 1 10 57 30 30
0268_0043_0019_0038_0038.jpg 1 43 19 38 38
0269_0023_0053_0037_0037.jpg 1 23 53 37 37
0270_0031_0009_0043_0043.jpg 1 31 9 43 43
0271_0008_0023_0046_0046.jpg 1 8 23 46 46
0272_0025_0028_0068_0068.jpg 1 25 28 68 68
0273_0051_0026_0040_0040.jpg 1 51 26 40 40
0274_0021_0018_0068_0068.jpg 1 21 18 68 68
0275_0013_0011_0057_0057.jpg 1 13 11 57 57
0276_0027_0021_0066_0066.jpg 1 27 21 66 66
0277_0046_0060_0032_0032.jpg 1 46 60 32 32
0278_0038_0010_0050_0050.jpg 1 38 10 50 50
0279_0022_0009_0063_0063.jpg 1 22 9 63 63
0280_0032_0017_0059_0059.jpg 1 32 17 59 59
0281_0031_0030_0063_0063.jpg 1 31 30 63 63
0282_0017_0033_0052_0052.jpg 1 17 33 52 52
0283_0024_0008_0040_0040.jpg 1 24 8 40 40
0284_0029_0013_0066_0066.jpg 1 29 13 66 66
0285_0045_0043_0026_0026.jpg 1 45 43 26 26
0286_0029_0023_0067_0067.jpg 1 29 23 67 67
0287_0026_0022_0069_0069.jpg 1 26 22 69 69
0288_0021_0032_0041_0041.jpg 1 21 32 41 41
0289_0011_0035_0047_0047.jpg 1 11 35 47 47
0290_0050_0044_0027_0027.jpg 1 50 44 27 27
0291_0016_0014_0062_0062.jpg 1 16 14 62 62
0292_0052_0043_0036_0036.jpg 1 52 43 36 36
0293_0026_0017_0069_0069.jpg 1 26 17 69 69
0294_0042_0023_0047_0047.jpg 1 42 23 47 47
0295_0023_0037_0034_0034.jpg 1 23 37 34 34
0296_0023_0033_0031_0031.jpg 1 23 33 31 31
0297_0012_0006_0063_0063.jpg 1 12 6 63 63
0298_0015_0010_0067_0067.jpg 1 15 10 67 67
0299_0018_0016_0054_0054.jpg 1 18 16 54 54
0300_0055_0039_0027_0027.jpg 1 55 39 27 27
0301_0026_0014_0065_0065.jpg 1 26 14 65 65
0302_0058_0042_0033_0033.jpg 1 58 42 33 33
0303_0014_0007_0051_0051.jpg 1 14 7 51 51
0304_0024_0009_0067_0067.jpg 1 24 9 67 67
0305_0033_0043_0030_0030.jpg 1 33 43 30 30
0306_0017_0026_0066_0066.jpg 1 17 26 66 66
0307_0030_0023_0055_0055.jpg 1 30 23 55 55
0308_0010_0039_0050_0050.jpg 1 10 39 50 50
0309_0016_0027_0049_0049.jpg 1 16 27 49 49
0310_0005_0031_0063_0063.jpg 1 5 31 63 63
0311_0035_0037_0048_0048.jpg 1 35 37 48 48
0312_0021_0036_0038_0038.jpg 1 21 36 38 38
0313_0024_0026_0050_0050.jpg 1 24 26 50 50
0314_0010_0019_0044_0044.jpg 1 10 19 44 44
0315_0021_0024_0056_0056.jpg 1 21 24 56 56
0316_0031_0049_0037_0037.jpg 1 31 49 37 37
0317_0027_0019_0024_0024.jpg 1 27 19 24 24
0318_0043_0024_0030_0030.jpg 1 43 24 30 30
0319_0018_0019_0058_0058.jpg 1 18 19 58 58
0320_0028_0050_0035_0035.jpg 1 28 50 35 35
0321_0044_0054_0038_0038.jpg 1 44 54 38 38
0322_0020_0035_0030_0030.jpg 1 20 35 30 30
0323_0047_0013_0035_0035.jpg 1 47 13 35 35
0324_0015_0006_0060_0060.jpg 1 15 6 60 60
0325_0007_0028_0062_0062.jpg 1 7 28 62 62
0326_0009_0014_0047_0047.jpg 1 9 14 47 47
0327_0051_0044_0039_0039.jpg 1 51 44 39 39
0328_0025_0011_0067_0067.jpg 1 25 11 67 67
0329_0015_0008_0033_0033.jpg 1 15 8 33 33
0330_0017_0037_0042_0042.jpg 1 17 37 42 42
0331_0021_0034_0051_0051.jpg 1 21 34 51 51
0332_0018_0060_0028_0028.jpg 1 18 60 28 28
0333_0045_0019_0049_0049.jpg 1 45 19 49 49
0334_0011_0023_0024_0024.jpg 1 11 23 24 24
0335_0024_0031_0056_0056.jpg 1 24 31 56 56
0336_0024_0026_0043_0043.jpg 1 24 26 43 43
0337_0004_0028_0068_0068.jpg 1 4 28 68 68
0338_0012_0021_0050_0050.jpg 1 12 21 50 50
0339_0031_0031_0062_0062.jpg 1 31 31 62 62
0340_0031_0012_0031_0031.jpg 1 31 12 31 31
0341_0015_0050_0034_0034.jpg 1 15 50 34 34
0342_0020_0027_0068_0068.jpg 1 20 27 68 68
0343_0008_0023_0030_0030.jpg 1 8 23 30 30
0344_0033_0035_0046_0046.jpg 1 33 35 46 46
0345_0007_0020_0060_0060.jpg 1 7 20 60 60
0346_0020_0030_0066_0066.jpg 1 20 30 66 66
0347_0030_0028_0065_0065.jpg 1 30 28 65 65
0348_0046_0012_0047_0047.jpg 1 46 12 47 47
0349_0022_0026_0064_0064.jpg 1 22 26 64 64
0350_0028_0011_0062_0062.jpg 1 28 11 62 62
0351_0009_0029_0061_0061.jpg 1 9 29 61 61
0352_0030_0019_0064_0064.jpg 1 30 19 64 64
0353_0016_0008_0050_0050.jpg 1 16 8 50 50
0354_0029_0024_0052_0052.jpg 1 29 24 52 52
0355_0021_0016_0056_0056.jpg 1 21 16 56 56
0356_0018_0029_0033_0033.jpg 1 18 29 33 33
0357_0025_0048_0025_0025.jpg 1 25 48 25 25
0358_0045_0049_0043_0043.jpg 1 45 49 43 43
0359_0014_0016_0035_0035.jpg 1 14 16 35 35
0360_0026_0042_0040_0040.jpg 1 26 42 40 40
0361_0008_0018_0032_0032.jpg 1 8 18 32 32
0362_0018_0032_0030_0030.jpg 1 18 32 30 30
0363_0031_0019_0060_0060.jpg 1 31 19 60 60
0364_0042_0044_0032_0032.jpg 1 42 44 32 32
0365_0022_0005_0049_0049.jpg 1 22 5 49 49
0366_0031_0026_0056_0056.jpg 1 31 26 56 56
0367_0026_0024_0067_0067.jpg 1 26 24 67 67
0368_0021_0024_0068_0068.jpg 1 21 24 68 68
0369_0009_0040_0027_0027.jpg 1 9 40 27 27
0370_0013_0036_0059_0059.jpg 1 13 36 59 59
0371_0015_0016_0046_0046.jpg 1 15 16 46 46
0372_0038_0040_0053_0053.jpg 1 38 40 53 53
0373_0051_0025_0032_0032.jpg 1 51 25 32 32
0374_0007_0026_0064_0064.jpg 1 7 26 64 64
0375_0016_0038_0030_0030.jpg 1 16 38 30 30
0376_0061_0018_0030_0030.jpg 1 61 18 30 30
0377_0051_0040_0031_0031.jpg 1 51 40 31 31
0378_0063_0049_0025_0025.jpg 1 63 49 25 25
0379_0007_0028_0043_0043.jpg 1 7 28 43 43
0380_0041_0052_0035_0035.jpg 1 41 52 35 35
0381_0016_0024_0067_0067.jpg 1 16 24 67 67
0382_0043_0010_0051_0051.jpg 1 43 10 51 51
0383_0004_0013_0058_0058.jpg 1 4 13 58 58
0384_0044_0007_0037_0037.jpg 1 44 7 37 37
0385_0050_0033_0028_0028.jpg 1 50 33 28 28
0386_0009_0056_0033_0033.jpg 1 9 56 33 33
0387_0022_0025_0046_0046.jpg 1 22 25 46 46
0388_0018_0016_0060_0060.jpg 1 18 16 60 60
0389_0006_0020_0068_0068.jpg 1 6 20 68 68
0390_0031_0005_0043_0043.jpg 1 31 5 43 43
0391_0017_0037_0037_0037.jpg 1 17 37 37 37
0392_0009_0015_0040_0040.jpg 1 9 15 40 40
0393_0026_0008_0058_0058.jpg 1 26 8 58 58
0394_0046_0013_0024_0024.jpg 1 46 13 24 24
0395_0030_0053_0037_0037.jpg 1 30 53 37 37
0396_0025_0019_0029_0029.jpg 1 25 19 29 29
0397_0050_0034_0030_0030.jpg 1 50 34 30 30
0398_0008_0015_0069_0069.jpg 1 8 15 69 69
0399_0059_0018_0024_0024.jpg 1 59 18 24 24
0400_0025_0020_0039_0039.jpg 1 25 20 39 39
0401_0049_0025_0044_0044.jpg 1 49 25 44 44
0402_0052_0018_0037_0037.jpg 1 52 18 37 37
0403_0044_0041_0034_0034.jpg 1 44 41 34 34
0404_0035_0005_0055_0055.jpg 1 35 5 55 55
0405_0034_0015_0057_0057.jpg 1 34 15 57 57
0406_0040_0049_0042_0042.jpg 1 40 49 42 42
0407_0023_0024_0053_0053.jpg 1 23 24 53 53
0408_0009_0014_0052_0052.jpg 1 9 14 52 52
0409_0018_0049_0036_0036.jpg 1 18 49 36 36
0410_0025_0036_0057_0057.jpg 1 25 36 57 57
0411_0016_0021_0039_0039.jpg 1 16 21 39 39
0412_0010_0044_0042_0042.jpg 1 10 44 42 42
0413_0009_0007_0069_0069.jpg 1 9 7 69 69
0414_0012_0018_0029_0029.jpg 1 12 18 29 29
0415_0031_0021_0061_0061.jpg 1 31 21 61 61
0416_0008_0019_0065_0065.jpg 1 8 19 65 65
0417_0040_0011_0048_0048.jpg 1 40 11 48 48
0418_0022_0045_0029_0029.jpg 1 22 45 29 29
0419_0013_0010_0068_0068.jpg 1 13 10 68 68
0420_0042_0014_0049_0049.jpg 1 42 14 49 49
0421_0015_0038_0053_0053.jpg 1 15 38 53 53
0422_0038_0041_0039_0039.jpg 1 38 41 39 39
0423_0033_0028_0034_0034.jpg 1 33 28 34 34
0424_0021_0016_0062_0062.jpg 1 21 16 62 62
0425_0025_0023_0035_0035.jpg 1 25 23 35 35
0426_0012_0033_0042_0042.jpg 1 12 33 42 42
0427_0035_0041_0048_0048.jpg 1 35 41 48 48
0428_0026_0049_0038_0038.jpg 1 26 49 38 38
0429_0017_0038_0054_0054.jpg 1 17 38 54 54
0430_0007_0015_0037_0037.jpg 1 7 15 37 37
0431_0026_0011_0034_0034.jpg 1 26 11 34 34
0432_0007_0017_0055_0055.jpg 1 7 17 55 55
0433_0016_0025_0066_0066.jpg 1 16 25 66 66
0434_0008_0006_0061_0061.jpg 1 8 6 61 61
0435_0015_0038_0027_0027.jpg 1 15 38 27 27
0436_0004_0022_0063_0063.jpg 1 4 22 63 63
0437_0035_0037_0035_0035.jpg 1 35 37 35 35
0438_0044_0046_0024_0024.jpg 1 44 46 24 24
0439_0023_0018_0063_0063.jpg 1 23 18 63 63
0440_0010_0023_0029_0029.jpg 1 10 23 29 29
0441_0037_0043_0051_0051.jpg 1 37 43 51 51
0442_0033_0011_0035_0035.jpg 1 33 11 35 35
0443_0007_0010_0025_0025.jpg 1 7 10 25 25
0444_0023_0045_0034_0034.jpg 1 23 45 34 34
0445_0023_0011_0032_0032.jpg 1 23 11 32 32
0446_0039_0054_0039_0039.jpg 1 39 54 39 39
0447_0017_0027_0069_0069.jpg 1 17 27 69 69
0448_0030_0018_0061_0061.jpg 1 30 18 61 61
0449_0033_0007_0047_0047.jpg 1 33 7 47 47
0450_0033_0014_0057_0057.jpg 1 33 14 57 57
0451_0035_0028_0059_0059.jpg 1 35 28 59 59
0452_0041_0037_0052_0052.jpg 1 41 37 52 52
0453_0022_0058_0024_0024.jpg 1 22 58 24 24
0454_0039_0044_0042_0042.jpg 1 39 44 42 42
0455_0016_0017_0061_0061.jpg 1 16 17 61 61
0456_0037_0063_0027_0027.jpg 1 37 63 27 27
0457_0019_0010_0040_0040.jpg 1 19 10 40 40
0458_0020_0016_0067_0067.jpg 1 20 16 67 67
0459_0024_0023_0064_0064.jpg 1 24 23 64 64
0460_0023_0018_0045_0045.jpg 1 23 18 45 45
0461_0020_0051_0025_0025.jpg 1 20 51 25 25
0462_0022_0019_0065_0065.jpg 1 22 19 65 65
0463_0011_0027_0059_0059.jpg 1 11 27 59 59
0464_0042_0008_0052_0052.jpg 1 42 8 52 52
0465_0029_0027_0052_0052.jpg 1 29 27 52 52
0466_0043_0016_0049_0049.jpg 1 43 16 49 49
0467_0021_0042_0030_0030.jpg 1 21 42 30 30
0468_0013_0013_0047_0047.jpg 1 13 13 47 47
0469_0013_0012_0068_0068.jpg 1 13 12 68 68
0470_0026_0050_0035_0035.jpg 1 26 50 35 35
0471_0041_0016_0037_0037.jpg 1 41 16 37 37
0472_0040_0037_0027_0027.jpg 1 40 37 27 27
0473_0019_0037_0033_0033.jpg 1 19 37 33 33
0474_0047_0026_0040_0040.jpg 1 47 26 40 40
0475_0024_0019_0033_0033.jpg 1 24 19 33 33
0476_0059_0017_0032_0032.jpg 1 59 17 32 32
0477_0005_0010_0068_0068.jpg 1 5 10 68 68
0478_0035_0019_0059_0059.jpg 1 35 19 59 59
0479_0026_0032_0062_0062.jpg 1 26 32 62 62
0480_0038_0013_0028_0028.jpg 1 38 13 28 28
0481_0031_0019_0033_0033.jpg 1 31 19 33 33
0482_0005_0025_0055_0055.jpg 1 5 25 55 55
0483_0052_0028_0030_0030.jpg 1 52 28 30 30
0484_0032_0038_0051_0051.jpg 1 32 38 51 51
0485_0043_0052_0031_0031.jpg 1 43 52 31 31
0486_0030_0014_0063_0063.jpg 1 30 14 63 63
0487_0017_0007_0040_0040.jpg 1 17 7 40 40
0488_0013_0037_0053_0053.jpg 1 13 37 53 53
0489_0004_0022_0058_0058.jpg 1 4 22 58 58
0490_0028_0031_0045_0045.jpg 1 28 31 45 45
0491_0029_0005_0064_0064.jpg 1 29 5 64 64
0492_0030_0007_0031_0031.jpg 1 30 7 31 31
0493_0025_0033_0054_0054.jpg 1 25 33 54 54
0494_0031_0022_0056_0056.jpg 1 31 22 56 56
0495_0046_0025_0031_0031.jpg 1 46 25 31 31
0496_0022_0025_0028_0028.jpg 1 22 25 28 28
0497_0017_0011_0058_0058.jpg 1 17 11 58 58
0498_0033_0013_0046_0046.jpg 1 33 13 46 46
0499_0035_0020_0050_0050.jpg 1 35 20 50 50
0500_0025_0006_0065_0065.jpg 1 25 6 65 65
0501_0027_0026_0051_0051.jpg 1 27 26 51 51
0502_0009_0021_0031_0031.jpg 1 9 21 31 31
0503_0039_0041_0046_0046.jpg 1 39 41 46 46
0504_0046_0014_0040_0040.jpg 1 46 14 40 40
0505_0022_0025_0061_0061.jpg 1 22 25 61 61
0506_0008_0010_0054_0054.jpg 1 8 10 54 54
0507_0049_0033_0033_0033.jpg 1 49 33 33 33
0508_0008_0015_0069_0069.jpg 1 8 15 69 69
0509_0031_0046_0043_0043.jpg 1 31 46 43 43
0510_0026_0019_0029_0029.jpg 1 26 19 29 29
0511_0023_0039_0029_0029.jpg 1 23 39 29 29
0512_0034_0010_0053_0053.jpg 1 34 10 53 53
0513_0013_0058_0034_0034.jpg 1 13 58 34 34
0514_0031_0013_0035_0035.jpg 1 31 13 35 35
0515_0061_0050_0031_0031.jpg 1 61 50 31 31
0516_0010_0031_0060_0060.jpg 1 10 31 60 60
0517_0007_0006_0061_0061.jpg 1 7 6 61 61
0518_0038_0027_0044_0044.jpg 1 38 27 44 44
0519_0040_0064_0028_0028.jpg 1 40 64 28 28
0520_0044_0029_0049_0049.jpg 1 44 29 49 49
0521_0010_0005_0066_0066.jpg 1 10 5 66 66
0522_0014_0028_0055_0055.jpg 1 14 28 55 55
0523_0066_0049_0026_0026.jpg 1 66 49 26 26
0524_0010_0016_0057_0057.jpg 1 10 16 57 57
0525_0009_0015_0067_0067.jpg 1 9 15 67 67
0526_0016_0019_0054_0054.jpg 1 16 19 54 54
0527_0053_0062_0030_0030.jpg 1 53 62 30 30
0528_0013_0006_0069_0069.jpg 1 13 6 69 69
0529_0009_0031_0031_0031.jpg 1 9 31 31 31
0530_0059_0053_0026_0026.jpg 1 59 53 26 26
0531_0013_0021_0042_0042.jpg 1 13 21 42 42
0532_0034_0049_0030_0030.jpg 1 34 49 30 30
0533_0053_0021_0036_0036.jpg 1 53 21 36 36
0534_0041_0019_0032_0032.jpg 1 41 19 32 32
0535_0051_0052_0040_0040.jpg 1 51 52 40 40
0536_0068_0027_0024_0024.jpg 1 68 27 24 24
0537_0028_0007_0058_0058.jpg 1 28 7 58 58
0538_0012_0028_0062_0062.jpg 1 12 28 62 62
0539_0040_0025_0052_0052.jpg 1 40 25 52 52
0540_0022_0015_0063_0063.jpg 1 22 15 63 63
0541_0032_0041_0040_0040.jpg 1 32 41 40 40
0542_0051_0012_0034_0034.jpg 1 51 12 34 34
0543_0062_0032_0025_0025.jpg 1 62 32 25 25
0544_0017_0014_0064_0064.jpg 1 17 14 64 64
0545_0021_0028_0054_0054.jpg 1 21 28 54 54
0546_0024_0025_0067_0067.jpg 1 24 25 67 67
0547_0017_0038_0032_0032.jpg 1 17 38 32 32
0548_0054_0049_0033_0033.jpg 1 54 49 33 33
0549_0047_0030_0024_0024.jpg 1 47 30 24 24
0550_0040_0053_0030_0030.jpg 1 40 53 30 30
0551_0017_0010_0065_0065.jpg 1 17 10 65 65
0552_0010_0011_0047_0047.jpg 1 10 11 47 47
0553_0032_0040_0026_0026.jpg 1 32 40 26 26
0554_0020_0039_0038_0038.jpg 1 20 39 38 38
0555_0030_0030_0044_0044.jpg 1 30 30 44 44
0556_0015_0018_0027_0027.jpg 1 15 18 27 27
0557_0036_0040_0052_0052.jpg 1 36 40 52 52
0558_0037_0033_0030_0030.jpg 1 37 33 30 30
0559_0039_0027_0027_0027.jpg 1 39 27 27 27
0560_0022_0018_0060_0060.jpg 1 22 18 60 60
0561_0014_0037_0040_0040.jpg 1 14 37 40 40
0562_0040_0014_0028_0028.jpg 1 40 14 28 28
0563_0017_0031_0049_0049.jpg 1 17 31 49 49
0564_0011_0026_0051_0051.jpg 1 11 26 51 51
0565_0008_0016_0066_0066.jpg 1 8 16 66 66
0566_0028_0047_0034_0034.jpg 1 28 47 34 34
0567_0040_0042_0051_0051.jpg 1 40 42 51 51
0568_0050_0016_0030_0030.jpg 1 50 16 30 30
0569_0027_0039_0040_0040.jpg 1 27 39 40 40
0570_0022_0028_0054_0054.jpg 1 22 28 54 54
0571_0017_0025_0065_0065.jpg 1 17 25 65 65
0572_0019_0013_0031_0031.jpg 1 19 13 31 31
0573_0027_0035_0050_0050.jpg 1 27 35 50 50
0574_0046_0009_0028_0028.jpg 1 46 9 28 28
0575_0007_0036_0059_0059.jpg 1 7 36 59 59
0576_0016_0018_0066_0066.jpg 1 16 18 66 66
0577_0006_0047_0037_0037.jpg 1 6 47 37 37
0578_0052_0014_0041_0041.jpg 1 52 14 41 41
0579_0022_0022_0067_0067.jpg 1 22 22 67 67
0580_0029_0018_0062_0062.jpg 1 29 18 62 62
0581_0032_0009_0049_0049.jpg 1 32 9 49 49
0582_0029_0056_0028_0028.jpg 1 29 56 28 28
0583_0023_0023_0057_0057.jpg 1 23 23 57 57
0584_0008_0023_0055_0055.jpg 1 8 23 55 55
0585_0018_0028_0055_0055.jpg 1 18 28 55 55
0586_0046_0026_0036_0036.jpg 1 46 26 36 36
0587_0032_0035_0048_0048.jpg 1 32 35 48 48
0588_0010_0048_0046_0046.jpg 1 10 48 46 46
0589_0035_0009_0057_0057.jpg 1 35 9 57 57
0590_0006_0021_0036_0036.jpg 1 6 21 36 36
0591_0011_0030_0059_0059.jpg 1 11 30 59 59
0592_0049_0016_0041_0041.jpg 1 49 16 41 41
0593_0015_0010_0061_0061.jpg 1 15 10 61 61
0594_0055_0046_0036_0036.jpg 1 55 46 36 36
0595_0013_0017_0069_0069.jpg 1 13 17 69 69
0596_0007_0006_0043_0043.jpg 1 7 6 43 43
0597_0030_0010_0031_0031.jpg 1 30 10 31 31
0598_0011_0025_0069_0069.jpg 1 11 25 69 69
0599_0053_0056_0034_0034.jpg 1 53 56 34 34
0600_0042_0033_0051_0051.jpg 1 42 33 51 51
0601_0006_0006_0035_0035.jpg 1 6 6 35 35
0602_0017_0017_0055_0055.jpg 1 17 17 55 55
0603_0007_0007_0028_0028.jpg 1 7 7 28 28
0604_0043_0007_0042_0042.jpg 1 43 7 42 42
0605_0026_0039_0051_0051.jpg 1 26 39 51 51
0606_0045_0027_0037_0037.jpg 1 45 27 37 37
0607_0029_0019_0037_0037.jpg 1 29 19 37 37
0608_0010_0012_0060_0060.jpg 1 10 12 60 60
0609_0027_0018_0056_0056.jpg 1 27 18 56 56
0610_0023_0013_0041_0041.jpg 1 23 13 41 41
0611_0029_0013_0061_0061.jpg 1 29 13 61 61
0612_0023_0051_0039_0039.jpg 1 23 51 39 39
0613_0007_0019_0059_0059.jpg 1 7 19 59 59
0614_0033_0014_0062_0062.jpg 1 33 14 62 62
0615_0053_0021_0024_0024.jpg 1 53 21 24 24
0616_0016_0005_0063_0063.jpg 1 16 5 63 63
0617_0034_0030_0056_0056.jpg 1 34 30 56 56
0618_0026_0011_0038_0038.jpg 1 26 11 38 38
0619_0004_0017_0063_0063.jpg 1 4 17 63 63
0620_0017_0044_0049_0049.jpg 1 17 44 49 49
0621_0049_0037_0033_0033.jpg 1 49 37 33 33
0622_0053_0019_0038_0038.jpg 1 53 19 38 38
0623_0010_0009_0039_0039.jpg 1 10 9 39 39
0624_0042_0032_0050_0050.jpg 1 42 32 50 50
0625_0027_0006_0067_0067.jpg 1 27 6 67 67
0626_0004_0020_0062_0062.jpg 1 4 20 62 62
0627_0043_0024_0036_0036.jpg 1 43 24 36 36
0628_0020_0030_0030_0030.jpg 1 20 30 30 30
0629_0009_0045_0044_0044.jpg 1 9 45 44 44
0630_0027_0017_0040_0040.jpg 1 27 17 40 40
0631_0011_0027_0050_0050.jpg 1 11 27 50 50
0632_0028_0013_0026_0026.jpg 1 28 13 26 26
0633_0046_0051_0032_0032.jpg 1 46 51 32 32
0634_0056_0015_0035_0035.jpg 1 56 15 35 35
0635_0048_0042_0025_0025.jpg 1 48 42 25 25
0636_0008_0017_0051_0051.jpg 1 8 17 51 51
0637_0053_0031_0031_0031.jpg 1 53 31 31 31
0638_0026_0043_0033_0033.jpg 1 26 43 33 33
0639_0046_0056_0034_0034.jpg 1 46 56 34 34
0640_0012_0020_0061_0061.jpg 1 12 20 61 61
0641_0038_0015_0040_0040.jpg 1 38 15 40 40
0642_0014_0005_0066_0066.jpg 1 14 5 66 66
0643_0005_0015_0054_0054.jpg 1 5 15 54 54
0644_0025_0062_0028_0028.jpg 1 25 62 28 28
0645_0010_0016_0059_0059.jpg 1 10 16 59 59
0646_0046_0038_0044_0044.jpg 1 46 38 44 44
0647_0028_0029_0065_0065.jpg 1 28 29 65 65
0648_0037_0035_0046_0046.jpg 1 37 35 46 46
0649_0031_0014_0036_0036.jpg 1 31 14 36 36
0650_0024_0021_0067_0067.jpg 1 24 21 67 67
0651_0065_0064_0024_0024.jpg 1 65 64 24 24
0652_0021_0030_0025_0025.jpg 1 21 30 25 25
0653_0014_0005_0060_0060.jpg 1 14 5 60 60
0654_0007_0014_0049_0049.jpg 1 7 14 49 49
0655_0005_0008_0047_0047.jpg 1 5 8 47 47
0656_0004_0026_0065_0065.jpg 1 4 26 65 65
0657_0017_0016_0044_0044.jpg 1 17 16 44 44
0658_0008_0026_0037_0037.jpg 1 8 26 37 37
0659_0028_0037_0050_0050.jpg 1 28 37 50 50
0660_0006_0017_0045_0045.jpg 1 6 17 45 45
0661_0035_0039_0055_0055.jpg 1 35 39 55 55
0662_0031_0008_0046_0046.jpg 1 31 8 46 46
0663_0024_0016_0064_0064.jpg 1 24 16 64 64
0664_0016_0024_0065_0065.jpg 1 16 24 65 65
0665_0048_0007_0042_0042.jpg 1 48 7 42 42
0666_0026_0005_0067_0067.jpg 1 26 5 67 67
0667_0014_0038_0046_0046.jpg 1 14 38 46 46
0668_0019_0037_0041_0041.jpg 1 19 37 41 41
0669_0015_0011_0053_0053.jpg 1 15 11 53 53
0670_0048_0049_0026_0026.jpg 1 48 49 26 26
0671_0011_0023_0057_0057.jpg 1 11 23 57 57
0672_0043_0045_0048_0048.jpg 1 43 45 48 48
0673_0028_0018_0062_0062.jpg 1 28 18 62 62
0674_0048_0043_0041_0041.jpg 1 48 43 41 41
0675_0031_0020_0054_0054.jpg 1 31 20 54 54
0676_0049_0034_0036_0036.jpg 1 49 34 36 36
0677_0022_0006_0063_0063.jpg 1 22 6 63 63
0678_0006_0018_0043_0043.jpg 1 6 18 43 43
0679_0041_0029_0034_0034.jpg 1 41 29 34 34
0680_0023_0029_0064_0064.jpg 1 23 29 64 64
0681_0008_0005_0049_0049.jpg 1 8 5 49 49
0682_0024_0032_0056_0056.jpg 1 24 32 56 56
0683_0023_0023_0045_0045.jpg 1 23 23 45 45
0684_0033_0026_0034_0034.jpg 1 33 26 34 34
0685_0033_0036_0046_0046.jpg 1 33 36 46 46
0686_0022_0061_0029_0029.jpg 1 22 61 29 29
0687_0028_0014_0027_0027.jpg 1 28 14 27 27
0688_0058_0025_0035_0035.jpg 1 58 25 35 35
0689_0011_0046_0042_0042.jpg 1 11 46 42 42
0690_0049_0015_0033_0033.jpg 1 49 15 33 33
0691_0041_0042_0025_0025.jpg 1 41 42 25 25
0692_0057_0034_0035_0035.jpg 1 57 34 35 35
0693_0018_0013_0059_0059.jpg 1 18 13 59 59
0694_0029_0019_0054_0054.jpg 1 29 19 54 54
0695_0048_0032_0028_0028.jpg 1 48 32 28 28
0696_0010_0014_0048_0048.jpg 1 10 14 48 48
0697_0021_0044_0041_0041.jpg 1 21 44 41 41
0698_0020_0030_0053_0053.jpg 1 20 30 53 53
0699_0052_0011_0030_0030.jpg 1 52 11 30 30
0700_0025_0039_0041_0041.jpg 1 25 39 41 41
0701_0043_0030_0037_0037.jpg 1 43 30 37 37
0702_0047_0015_0034_0034.jpg 1 47 15 34 34
0703_0031_0051_0039_0039.jpg 1 31 51 39 39
0704_0017_0019_0055_0055.jpg 1 17 19 55 55
0705_0055_0031_0029_0029.jpg 1 55 31 29 29
0706_0032_0008_0032_0032.jpg 1 32 8 32 32
0707_0012_0026_0057_0057.jpg 1 12 26 57 57
0708_0021_0014_0058_0058.jpg 1 21 14 58 58
0709_0041_0006_0050_0050.jpg 1 41 6 50 50
0710_0010_0020_0040_0040.jpg 1 10 20 40 40
0711_0054_0060_0027_0027.jpg 1 54 60 27 27
0712_0020_0007_0063_0063.jpg 1 20 7 63 63
0713_0018_0013_0068_0068.jpg 1 18 13 68 68
0714_0045_0018_0032_0032.jpg 1 45 18 32 32
0715_0024_0023_0069_0069.jpg 1 24 23 69 69
0716_0039_0007_0049_0049.jpg 1 39 7 49 49
0717_0009_0013_0058_0058.jpg 1 9 13 58 58
0718_0014_0046_0029_0029.jpg 1 14 46 29 29
0719_0006_0034_0040_0040.jpg 1 6 34 40 40
0720_0033_0016_0056_0056.jpg 1 33 16 56 56
0721_0043_0013_0032_0032.jpg 1 43 13 32 32
0722_0010_0036_0051_0051.jpg 1 10 36 51 51
0723_0025_0032_0058_0058.jpg 1 25 32 58 58
0724_0012_0050_0042_0042.jpg 1 12 50 42 42
0725_0028_0014_0067_0067.jpg 1 28 14 67 67
0726_0026_0029_0067_0067.jpg 1 26 29 67 67
0727_0029_0022_0050_0050.jpg 1 29 22 50 50
0728_0031_0022_0056_0056.jpg 1 31 22 56 56
0729_0019_0013_0060_0060.jpg 1 19 13 60 60
0730_0006_0025_0065_0065.jpg 1 6 25 65 65
0731_0039_0007_0038_0038.jpg 1 39 7 38 38
0732_0016_0049_0024_0024.jpg 1 16 49 24 24
0733_0029_0018_0058_0058.jpg 1 29 18 58 58
0734_0030_0024_0063_0063.jpg 1 30 24 63 63
0735_0017_0030_0065_0065.jpg 1 17 30 65 65
0736_0009_0021_0033_0033.jpg 1 9 21 33 33
0737_0022_0051_0034_0034.jpg 1 22 51 34 34
0738_0029_0008_0051_0051.jpg 1 29 8 51 51
0739_0018_0022_0066_0066.jpg 1 18 22 66 66
0740_0020_0025_0034_0034.jpg 1 20 25 34 34
0741_0017_0014_0068_0068.jpg 1 17 14 68 68
0742_0014_0045_0042_0042.jpg 1 14 45 42 42
0743_0026_0015_0055_0055.jpg 1 26 15 55 55
0744_0028_0048_0037_0037.jpg 1 28 48 37 37
0745_0051_0032_0028_0028.jpg 1 51 32 28 28
0746_0041_0014_0050_0050.jpg 1 41 14 50 50
0747_0020_0039_0040_0040.jpg 1 20 39 40 40
0748_0011_0065_0026_0026.jpg 1 11 65 26 26
0749_0030_0011_0061_0061.jpg 1 30 11 61 61
0750_0039_0013_0055_0055.jpg 1 39 13 55 55
0751_0018_0032_0061_0061.jpg 1 18 32 61 61
0752_0051_0058_0026_0026.jpg 1 51 58 26 26
0753_0057_0033_0035_0035.jpg 1 57 33 35 35
0754_0032_0029_0043_0043.jpg 1 32 29 43 43
0755_0034_0035_0059_0059.jpg 1 34 35 59 59
0756_0036_0006_0056_0056.jpg 1 36 6 56 56
0757_0062_0017_0027_0027.jpg 1 62 17 27 27
0758_0009_0022_0055_0055.jpg 1 9 22 55 55
0759_0023_0033_0045_0045.jpg 1 23 33 45 45
0760_0022_0026_0063_0063.jpg 1 22 26 63 63
0761_0021_0004_0067_0067.jpg 1 21 4 67 67
0762_0010_0022_0050_0050.jpg 1 10 22 50 50
0763_0050_0045_0035_0035.jpg 1 50 45 35 35
0764_0025_0005_0068_0068.jpg 1 25 5 68 68
0765_0009_0024_0032_0032.jpg 1 9 24 32 32
0766_0009_0059_0026_0026.jpg 1 9 59 26 26
0767_0009_0017_0065_0065.jpg 1 9 17 65 65
0768_0015_0035_0059_0059.jpg 1 15 35 59 59
0769_0017_0018_0039_0039.jpg 1 17 18 39 39
0770_0032_0013_0039_0039.jpg 1 32 13 39 39
0771_0028_0005_0053_0053.jpg 1 28 5 53 53
0772_0019_0009_0045_0045.jpg 1 19 9 45 45
0773_0015_0011_0038_0038.jpg 1 15 11 38 38
0774_0043_0038_0043_0043.jpg 1 43 38 43 43
0775_0003_0005_0069_0069.jpg 1 3 5 69 69
0776_0024_0012_0052_0052.jpg 1 24 12 52 52
0777_0025_0007_0064_0064.jpg 1 25 7 64 64
0778_0007_0031_0031_0031.jpg 1 7 31 31 31
0779_0032_0015_0025_0025.jpg 1 32 15 25 25
0780_0031_0007_0064_0064.jpg 1 31 7 64 64
0781_0012_0049_0027_0027.jpg 1 12 49 27 27
0782_0011_0029_0054_0054.jpg 1 11 29 54 54
0783_0027_0020_0057_0057.jpg 1 27 20 57 57
0784_0041_0040_0040_0040.jpg 1 41 40 40 40
0785_0032_0038_0045_0045.jpg 1 32 38 45 45
0786_0012_0012_0058_0058.jpg 1 12 12 58 58
0787_0029_0029_0040_0040.jpg 1 29 29 40 40
0788_0008_0012_0024_0024.jpg 1 8 12 24 24
0789_0019_0023_0041_0041.jpg 1 19 23 41 41
0790_0010_0032_0060_0060.jpg 1 10 32 60 60
0791_0018_0030_0060_0060.jpg 1 18 30 60 60
0792_0049_0045_0028_0028.jpg 1 49 45 28 28
0793_0017_0023_0067_0067.jpg 1 17 23 67 67
0794_0046_0060_0032_0032.jpg 1 46 60 32 32
0795_0023_0004_0068_0068.jpg 1 23 4 68 68
0796_0023_0028_0068_0068.jpg 1 23 28 68 68
0797_0025_0012_0063_0063.jpg 1 25 12 63 63
0798_0023_0028_0043_0043.jpg 1 23 28 43 43
0799_0013_0031_0054_0054.jpg 1 13 31 54 54
0800_0015_0011_0032_0032.jpg 1 15 11 32 32
0801_0014_0019_0068_0068.jpg 1 14 19 68 68
0802_0012_0033_0060_0060.jpg 1 12 33 60 60
0803_0039_0030_0052_0052.jpg 1 39 30 52 52
0804_0024_0038_0027_0027.jpg 1 24 38 27 27
0805_0048_0027_0044_0044.jpg 1 48 27 44 44
0806_0011_0014_0061_0061.jpg 1 11 14 61 61
0807_0050_0032_0027_0027.jpg 1 50 32 27 27
0808_0047_0037_0034_0034.jpg 1 47 37 34 34
0809_0035_0056_0033_0033.jpg 1 35 56 33 33
0810_0029_0013_0053_0053.jpg 1 29 13 53 53
0811_0012_0060_0032_0032.jpg 1 12 60 32 32
0812_0017_0009_0053_0053.jpg 1 17 9 53 53
0813_0006_0022_0058_0058.jpg 1 6 22 58 58
0814_0030_0025_0064_0064.jpg 1 30 25 64 64
0815_0036_0008_0044_0044.jpg 1 36 8 44 44
0816_0062_0037_0027_0027.jpg 1 62 37 27 27
0817_0016_0037_0054_0054.jpg 1 16 37 54 54
0818_0008_0049_0041_0041.jpg 1 8 49 41 41
0819_0028_0038_0046_0046.jpg 1 28 38 46 46
0820_0046_0045_0044_0044.jpg 1 46 45 44 44
0821_0039_0007_0043_0043.jpg 1 39 7 43 43
0822_0013_0029_0043_0043.jpg 1 13 29 43 43
0823_0007_0031_0048_0048.jpg 1 7 31 48 48
0824_0003_0026_0063_0063.jpg 1 3 26 63 63
0825_0008_0046_0030_0030.jpg 1 8 46 30 30
0826_0011_0009_0030_0030.jpg 1 11 9 30 30
0827_0016_0031_0057_0057.jpg 1 16 31 57 57
0828_0020_0032_0051_0051.jpg 1 20 32 51 51
0829_0025_0016_0057_0057.jpg 1 25 16 57 57
0830_0064_0018_0025_0025.jpg 1 64 18 25 25
0831_0016_0048_0040_0040.jpg 1 16 48 40 40
0832_0012_0027_0055_0055.jpg 1 12 27 55 55
0833_0030_0023_0049_0049.jpg 1 30 23 49 49
0834_0043_0039_0027_0027.jpg 1 43 39 27 27
0835_0020_0031_0064_0064.jpg 1 20 31 64 64
0836_0026_0029_0041_0041.jpg 1 26 29 41 41
0837_0040_0013_0049_0049.jpg 1 40 13 49 49
0838_0011_0009_0029_0029.jpg 1 11 9 29 29
0839_0029_0021_0044_0044.jpg 1 29 21 44 44
0840_0015_0028_0049_0049.jpg 1 15 28 49 49
0841_0049_0047_0038_0038.jpg 1 49 47 38 38
0842_0038_0030_0052_0052.jpg 1 38 30 52 52
0843_0042_0035_0035_0035.jpg 1 42 35 35 35
0844_0029_0010_0055_0055.jpg 1 29 10 55 55
0845_0012_0044_0035_0035.jpg 1 12 44 35 35
0846_0030_0030_0040_0040.jpg 1 30 30 40 40
0847_0019_0011_0064_0064.jpg 1 19 11 64 64
0848_0033_0046_0040_0040.jpg 1 33 46 40 40
0849_0010_0026_0064_0064.jpg 1 10 26 64 64
0850_0039_0009_0027_0027.jpg 1 39 9 27 27
0851_0009_0031_0058_0058.jpg 1 9 31 58 58
0852_0019_0022_0068_0068.jpg 1 19 22 68 68
0853_0013_0038_0031_0031.jpg 1 13 38 31 31
0854_0008_0034_0057_0057.jpg 1 8 34 57 57
0855_0011_0011_0036_0036.jpg 1 11 11 36 36
0856_0022_0005_0068_0068.jpg 1 22 5 68 68
0857_0011_0017_0061_0061.jpg 1 11 17 61 61
0858_0013_0046_0025_0025.jpg 1 13 46 25 25
0859_0033_0031_0049_0049.jpg 1 33 31 49 49
0860_0030_0026_0042_0042.jpg 1 30 26 42 42
0861_0012_0016_0059_0059.jpg 1 12 16 59 59
0862_0043_0014_0051_0051.jpg 1 43 14 51 51
0863_0033_0026_0042_0042.jpg 1 33 26 42 42
0864_0028_0027_0059_0059.jpg 1 28 27 59 59
0865_0034_0040_0046_0046.jpg 1 34 40 46 46
0866_0039_0029_0050_0050.jpg 1 39 29 50 50
0867_0007_0023_0060_0060.jpg 1 7 23 60 60
0868_0009_0027_0047_0047.jpg 1 9 27 47 47
0869_0024_0021_0042_0042.jpg 1 24 21 42 42
0870_0030_0009_0026_0026.jpg 1 30 9 26 26
0871_0056_0052_0036_0036.jpg 1 56 52 36 36
0872_0042_0006_0050_0050.jpg 1 42 6 50 50
0873_0028_0011_0068_0068.jpg 1 28 11 68 68
0874_0022_0012_0066_0066.jpg 1 22 12 66 66
0875_0010_0012_0068_0068.jpg 1 10 12 68 68
0876_0021_0047_0039_0039.jpg 1 21 47 39 39
0877_0028_0040_0053_0053.jpg 1 28 40 53 53
0878_0004_0024_0069_0069.jpg 1 4 24 69 69
0879_0012_0050_0034_0034.jpg 1 12 50 34 34
0880_0037_0037_0030_0030.jpg 1 37 37 30 30
0881_0018_0034_0060_0060.jpg 1 18 34 60 60
0882_0037_0050_0027_0027.jpg 1 37 50 27 27
0883_0034_0009_0061_0061.jpg 1 34 9 61 61
0884_0033_0042_0040_0040.jpg 1 33 42 40 40
0885_0015_0032_0045_0045.jpg 1 15 32 45 45
0886_0013_0045_0039_0039.jpg 1 13 45 39 39
0887_0024_0049_0032_0032.jpg 1 24 49 32 32
0888_0051_0031_0024_0024.jpg 1 51 31 24 24
0889_0006_0035_0046_0046.jpg 1 6 35 46 46
0890_0023_0030_0063_0063.jpg 1 23 30 63 63
0891_0031_0031_0063_0063.jpg 1 31 31 63 63
0892_0034_0025_0054_0054.jpg 1 34 25 54 54
0893_0048_0007_0044_0044.jpg 1 48 7 44 44
0894_0030_0008_0053_0053.jpg 1 30 8 53 53
0895_0014_0023_0060_0060.jpg 1 14 23 60 60
0896_0062_0032_0026_0026.jpg 1 62 32 26 26
0897_0025_0013_0047_0047.jpg 1 25 13 47 47
0898_0042_0009_0046_0046.jpg 1 42 9 46 46
0899_0025_0060_0028_0028.jpg 1 25 60 28 28
0900_0018_0019_0047_0047.jpg 1 18 19 47 47
0901_0015_0012_0052_0052.jpg 1 15 12 52 52
0902_0021_0025_0051_0051.jpg 1 21 25 51 51
0903_0030_0018_0026_0026.jpg 1 30 18 26 26
0904_0009_0053_0027_0027.jpg 1 9 53 27 27
0905_0011_0030_0048_0048.jpg 1 11 30 48 48
0906_0051_0009_0037_0037.jpg 1 51 9 37 37
0907_0011_0018_0063_0063.jpg 1 11 18 63 63
0908_0026_0043_0032_0032.jpg 1 26 43 32 32
0909_0021_0020_0053_0053.jpg 1 21 20 53 53
0910_0012_0048_0042_0042.jpg 1 12 48 42 42
0911_0029_0015_0033_0033.jpg 1 29 15 33 33
0912_0020_0017_0057_0057.jpg 1 20 17 57 57
0913_0022_0005_0054_0054.jpg 1 22 5 54 54
0914_0030_0051_0031_0031.jpg 1 30 51 31 31
0915_0019_0007_0060_0060.jpg 1 19 7 60 60
0916_0015_0022_0039_0039.jpg 1 15 22 39 39
0917_0043_0009_0035_0035.jpg 1 43 9 35 35
0918_0021_0007_0053_0053.jpg 1 21 7 53 53
0919_0006_0019_0069_0069.jpg 1 6 19 69 69
0920_0035_0025_0058_0058.jpg 1 35 25 58 58
0921_0034_0007_0049_0049.jpg 1 34 7 49 49
0922_0027_0022_0067_0067.jpg 1 27 22 67 67
0923_0016_0056_0032_0032.jpg 1 16 56 32 32
0924_0024_0035_0053_0053.jpg 1 24 35 53 53
0925_0027_0005_0060_0060.jpg 1 27 5 60 60
0926_0018_0005_0051_0051.jpg 1 18 5 51 51
0927_0018_0031_0060_0060.jpg 1 18 31 60 60
0928_0007_0026_0067_0067.jpg 1 7 26 67 67
0929_0033_0030_0048_0048.jpg 1 33 30 48 48
0930_0016_0039_0033_0033.jpg 1 16 39 33 33
0931_0045_0008_0026_0026.jpg 1 45 8 26 26
0932_0010_0014_0050_0050.jpg 1 10 14 50 50
0933_0006_0014_0053_0053.jpg 1 6 14 53 53
0934_0020_0029_0062_0062.jpg 1 20 29 62 62
0935_0020_0034_0049_0049.jpg 1 20 34 49 49
0936_0029_0016_0045_0045.jpg 1 29 16 45 45
0937_0054_0018_0032_0032.jpg 1 54 18 32 32
0938_0016_0009_0067_0067.jpg 1 16 9 67 67
0939_0011_0015_0066_0066.jpg 1 11 15 66 66
0940_0004_0006_0068_0068.jpg 1 4 6 68 68
0941_0051_0052_0030_0030.jpg 1 51 52 30 30
0942_0026_0019_0068_0068.jpg 1 26 19 68 68
0943_0027_0018_0040_0040.jpg 1 27 18 40 40
0944_0030_0031_0054_0054.jpg 1 30 31 54 54
0945_0056_0041_0031_0031.jpg 1 56 41 31 31
0946_0033_0011_0061_0061.jpg 1 33 11 61 61
0947_0012_0017_0038_0038.jpg 1 12 17 38 38
0948_0056_0048_0037_0037.jpg 1 56 48 37 37
0949_0037_0021_0055_0055.jpg 1 37 21 55 55
0950_0022_0012_0063_0063.jpg 1 22 12 63 63
0951_0031_0039_0054_0054.jpg 1 31 39 54 54
0952_0020_0008_0054_0054.jpg 1 20 8 54 54
0953_0030_0009_0035_0035.jpg 1 30 9 35 35
0954_0031_0032_0062_0062.jpg 1 31 32 62 62
0955_0006_0051_0040_0040.jpg 1 6 51 40 40
0956_0022_0027_0054_0054.jpg 1 22 27 54 54
0957_0018_0020_0041_0041.jpg 1 18 20 41 41
0958_0025_0011_0051_0051.jpg 1 25 11 51 51
0959_0010_0023_0058_0058.jpg 1 10 23 58 58
0960_0034_0038_0030_0030.jpg 1 34 38 30 30
0961_0049_0061_0031_0031.jpg 1 49 61 31 31
0962_0034_0058_0031_0031.jpg 1 34 58 31 31
0963_0048_0012_0046_0046.jpg 1 48 12 46 46
0964_0004_0013_0066_0066.jpg 1 4 13 66 66
0965_0014_0035_0041_0041.jpg 1 14 35 41 41
0966_0027_0007_0066_0066.jpg 1 27 7 66 66
0967_0036_0042_0041_0041.jpg 1 36 42 41 41
0968_0013_0023_0049_0049.jpg 1 13 23 49 49
0969_0029_0037_0031_0031.jpg 1 29 37 31 31
0970_0020_0013_0050_0050.jpg 1 20 13 50 50
0971_0059_0013_0032_0032.jpg 1 59 13 32 32
0972_0033_0026_0053_0053.jpg 1 33 26 53 53
0973_0026_0014_0064_0064.jpg 1 26 14 64 64
0974_0040_0030_0048_0048.jpg 1 40 30 48 48
0975_0023_0037_0058_0058.jpg 1 23 37 58 58
0976_0027_0012_0068_0068.jpg 1 27 12 68 68
0977_0027_0012_0048_0048.jpg 1 27 12 48 48
0978_0014_0033_0057_0057.jpg 1 14 33 57 57
0979_0033_0034_0060_0060.jpg 1 33 34 60 60
0980_0025_0028_0041_0041.jpg 1 25 28 41 41
0981_0015_0025_0055_0055.jpg 1 15 25 55 55
0982_0013_0039_0046_0046.jpg 1 13 39 46 46
0983_0032_0022_0029_0029.jpg 1 32 22 29 29
0984_0009_0060_0029_0029.jpg 1 9 60 29 29
0985_0005_0006_0049_0049.jpg 1 5 6 49 49
0986_0037_0055_0024_0024.jpg 1 37 55 24 24
0987_0013_0027_0069_0069.jpg 1 13 27 69 69
0988_0037_0012_0036_0036.jpg 1 37 12 36 36
0989_0019_0008_0062_0062.jpg 1 19 8 62 62
0990_0004_0022_0066_0066.jpg 1 4 22 66 66
0991_0014_0046_0038_0038.jpg 1 14 46 38 38
0992_0027_0015_0059_0059.jpg 1 27 15 59 59
0993_0052_0019_0038_0038.jpg 1 52 19 38 38
0994_0008_0012_0051_0051.jpg 1 8 12 51 51
0995_0009_0038_0055_0055.jpg 1 9 38 55 55
0996_0043_0042_0033_0033.jpg 1 43 42 33 33
0997_0016_0036_0052_0052.jpg 1 16 36 52 52
0998_0053_0038_0025_0025.jpg 1 53 38 25 25
0999_0003_0016_0069_0069.jpg 1 3 16 69 69
1000_0014_0019_0056_0056.jpg 1 14 19 56 56
1001_0039_0038_0033_0033.jpg 1 39 38 33 33
1002_0038_0010_0053_0053.jpg 1 38 10 53 53
1003_0028_0033_0054_0054.jpg 1 28 33 54 54
1004_0036_0057_0025_0025.jpg 1 36 57 25 25
1005_0004_0004_0065_0065.jpg 1 4 4 65 65
1006_0006_0016_0057_0057.jpg 1 6 16 57 57
1007_0015_0036_0025_0025.jpg 1 15 36 25 25
1008_0064_0038_0026_0026.jpg 1 64 38 26 26
1009_0033_0027_0027_0027.jpg 1 33 27 27 27
1010_0011_0006_0064_0064.jpg 1 11 6 64 64
1011_0016_0006_0067_0067.jpg 1 16 6 67 67
1012_0024_0017_0047_0047.jpg 1 24 17 47 47
1013_0017_0024_0042_0042.jpg 1 17 24 42 42
1014_0045_0036_0038_0038.jpg 1 45 36 38 38
1015_0018_0017_0067_0067.jpg 1 18 17 67 67
1016_0011_0046_0028_0028.jpg 1 11 46 28 28
1017_0014_0026_0062_0062.jpg 1 14 26 62 62
1018_0023_0025_0064_0064.jpg 1 23 25 64 64
1019_0054_0057_0031_0031.jpg 1 54 57 31 31
1020_0034_0051_0031_0031.jpg 1 34 51 31 31
1021_0005_0024_0061_0061.jpg 1 5 24 61 61
1022_0022_0021_0058_0058.jpg 1 22 21 58 58
1023_0008_0007_0064_0064.jpg 1 8 7 64 64
1024_0006_0017_0067_0067.jpg 1 6 17 67 67
1025_0022_0023_0053_0053.jpg 1 22 23 53 53
1026_0039_0004_0056_0056.jpg 1 39 4 56 56
1027_0021_0021_0055_0055.jpg 1 21 21 55 55
1028_0043_0029_0050_0050.jpg 1 43 29 50 50
1029_0027_0009_0033_0033.jpg 1 27 9 33 33
1030_0032_0013_0064_0064.jpg 1 32 13 64 64
1031_0028_0017_0038_0038.jpg 1 28 17 38 38
1032_0017_0030_0061_0061.jpg 1 17 30 61 61
1033_0036_0020_0051_0051.jpg 1 36 20 51 51
1034_0029_0036_0059_0059.jpg 1 29 36 59 59
1035_0042_0052_0033_0033.jpg 1 42 52 33 33
1036_0041_0058_0028_0028.jpg 1 41 58 28 28
1037_0029_0031_0061_0061.jpg 1 29 31 61 61
1038_0038_0039_0049_0049.jpg 1 38 39 49 49
1039_0015_0039_0034_0034.jpg 1 15 39 34 34
1040_0022_0023_0037_0037.jpg 1 22 23 37 37
1041_0017_0029_0064_0064.jpg 1 17 29 64 64
1042_0049_0061_0030_0030.jpg 1 49 61 30 30
1043_0012_0053_0024_0024.jpg 1 12 53 24 24
1044_0058_0029_0029_0029.jpg 1 58 29 29 29
1045_0011_0024_0030_0030.jpg 1 11 24 30 30
1046_0033_0046_0048_0048.jpg 1 33 46 48 48
1047_0023_0036_0038_0038.jpg 1 23 36 38 38
1048_0013_0018_0062_0062.jpg 1 13 18 62 62
1049_0008_0052_0035_0035.jpg 1 8 52 35 35
1050_0042_0031_0034_0034.jpg 1 42 31 34 34
1051_0016_0012_0029_0029.jpg 1 16 12 29 29
1052_0029_0042_0051_0051.jpg 1 29 42 51 51
1053_0020_0004_0068_0068.jpg 1 20 4 68 68
1054_0015_0037_0053_0053.jpg 1 15 37 53 53
1055_0020_0033_0045_0045.jpg 1 20 33 45 45
1056_0030_0031_0047_0047.jpg 1 30 31 47 47
1057_0026_0050_0026_0026.jpg 1 26 50 26 26
1058_0032_0050_0040_0040.jpg 1 32 50 40 40
1059_0050_0014_0028_0028.jpg 1 50 14 28 28
1060_0008_0019_0067_0067.jpg 1 8 19 67 67
1061_0006_0017_0069_0069.jpg 1 6 17 69 69
1062_0035_0036_0053_0053.jpg 1 35 36 53 53
1063_0037_0006_0036_0036.jpg 1 37 6 36 36
1064_0006_0046_0048_0048.jpg 1 6 46 48 48
1065_0064_0056_0024_0024.jpg 1 64 56 24 24
1066_0022_0029_0053_0053.jpg 1 22 29 53 53
1067_0033_0026_0044_0044.jpg 1 33 26 44 44
1068_0019_0015_0061_0061.jpg 1 19 15 61 61
1069_0022_0009_0035_0035.jpg 1 22 9 35 35
1070_0044_0009_0030_0030.jpg 1 44 9 30 30
1071_0021_0020_0055_0055.jpg 1 21 20 55 55
1072_0015_0055_0030_0030.jpg 1 15 55 30 30
1073_0013_0013_0041_0041.jpg 1 13 13 41 41
1074_0030_0013_0062_0062.jpg 1 30 13 62 62
1075_0015_0036_0057_0057.jpg 1 15 36 57 57
1076_0020_0032_0045_0045.jpg 1 20 32 45 45
1077_0025_0019_0062_0062.jpg 1 25 19 62 62
1078_0063_0049_0029_0029.jpg 1 63 49 29 29
1079_0045_0015_0041_0041.jpg 1 45 15 41 41
1080_0012_0004_0060_0060.jpg 1 12 4 60 60
1081_0012_0012_0049_0049.jpg 1 12 12 49 49
1082_0010_0007_0042_0042.jpg 1 10 7 42 42
1083_0055_0048_0033_0033.jpg 1 55 48 33 33
1084_0049_0041_0031_0031.jpg 1 49 41 31 31
1085_0015_0030_0054_0054.jpg 1 15 30 54 54
1086_0041_0026_0046_0046.jpg 1 41 26 46 46
1087_0013_0012_0053_0053.jpg 1 13 12 53 53
1088_0042_0018_0035_0035.jpg 1 42 18 35 35
1089_0019_0006_0060_0060.jpg 1 19 6 60 60
1090_0040_0056_0025_0025.jpg 1 40 56 25 25
1091_0008_0033_0054_0054.jpg 1 8 33 54 54
1092_0007_0024_0067_0067.jpg 1 7 24 67 67
1093_0048_0041_0037_0037.jpg 1 48 41 37 37
1094_0014_0026_0060_0060.jpg 1 14 26 60 60
1095_0032_0040_0044_0044.jpg 1 32 40 44 44
1096_0012_0042_0028_0028.jpg 1 12 42 28 28
1097_0022_0044_0034_0034.jpg 1 22 44 34 34
1098_0023_0010_0064_0064.jpg 1 23 10 64 64
1099_0033_0042_0049_0049.jpg 1 33 42 49 49
1100_0013_0020_0059_0059.jpg 1 13 20 59 59
1101_0023_0015_0046_0046.jpg 1 23 15 46 46
1102_0027_0019_0030_0030.jpg 1 27 19 30 30
1103_0012_0038_0031_0031.jpg 1 12 38 31 31
1104_0053_0036_0039_0039.jpg 1 53 36 39 39
1105_0040_0017_0039_0039.jpg 1 40 17 39 39
1106_0043_0028_0032_0032.jpg 1 43 28 32 32
1107_0050_0039_0027_0027.jpg 1 50 39 27 27
1108_0014_0023_0056_0056.jpg 1 14 23 56 56
1109_0033_0039_0047_0047.jpg 1 33 39 47 47
1110_0012_0042_0048_0048.jpg 1 12 42 48 48
1111_0022_0029_0055_0055.jpg 1 22 29 55 55
1112_0032_0006_0049_0049.jpg 1 32 6 49 49
1113_0032_0042_0049_0049.jpg 1 32 42 49 49
1114_0035_0012_0060_0060.jpg 1 35 12 60 60
1115_0004_0011_0069_0069.jpg 1 4 11 69 69
1116_0010_0026_0048_0048.jpg 1 10 26 48 48
1117_0035_0008_0055_0055.jpg 1 35 8 55 55
1118_0024_0026_0031_0031.jpg 1 24 26 31 31
1119_0027_0012_0047_0047.jpg 1 27 12 47 47
1120_0049_0024_0033_0033.jpg 1 49 24 33 33
1121_0006_0013_0051_0051.jpg 1 6 13 51 51
1122_0006_0021_0069_0069.jpg 1 6 21 69 69
1123_0032_0015_0053_0053.jpg 1 32 15 53 53
1124_0012_0007_0039_0039.jpg 1 12 7 39 39
1125_0048_0038_0041_0041.jpg 1 48 38 41 41
1126_0039_0053_0034_0034.jpg 1 39 53 34 34
1127_0022_0009_0068_0068.jpg 1 22 9 68 68
1128_0021_0009_0046_0046.jpg 1 21 9 46 46
1129_0026_0042_0048_0048.jpg 1 26 42 48 48
1130_0056_0028_0027_0027.jpg 1 56 28 27 27
1131_0009_0016_0060_0060.jpg 1 9 16 60 60
1132_0019_0028_0062_0062.jpg 1 19 28 62 62
1133_0006_0011_0068_0068.jpg 1 6 11 68 68
1134_0008_0029_0028_0028.jpg 1 8 29 28 28
1135_0051_0043_0034_0034.jpg 1 51 43 34 34
1136_0027_0039_0033_0033.jpg 1 27 39 33 33
1137_0016_0018_0031_0031.jpg 1 16 18 31 31
1138_0014_0052_0034_0034.jpg 1 14 52 34 34
1139_0030_0033_0033_0033.jpg 1 30 33 33 33
1140_0039_0008_0034_0034.jpg 1 39 8 34 34
1141_0015_0041_0052_0052.jpg 1 15 41 52 52
1142_0019_0012_0053_0053.jpg 1 19 12 53 53
1143_0045_0039_0025_0025.jpg 1 45 39 25 25
1144_0021_0045_0047_0047.jpg 1 21 45 47 47
1145_0042_0038_0043_0043.jpg 1 42 38 43 43
1146_0050_0029_0025_0025.jpg 1 50 29 25 25
1147_0023_0007_0027_0027.jpg 1 23 7 27 27
1148_0051_0043_0026_0026.jpg 1 51 43 26 26
1149_0023_0028_0046_0046.jpg 1 23 28 46 46
1150_0033_0006_0054_0054.jpg 1 33 6 54 54
1151_0021_0028_0054_0054.jpg 1 21 28 54 54
1152_0022_0028_0048_0048.jpg 1 22 28 48 48
1153_0018_0026_0067_0067.jpg 1 18 26 67 67
1154_0061_0045_0032_0032.jpg 1 61 45 32 32
1155_0031_0013_0040_0040.jpg 1 31 13 40 40
1156_0033_0026_0059_0059.jpg 1 33 26 59 59
1157_0004_0003_0069_0069.jpg 1 4 3 69 69
1158_0014_0031_0059_0059.jpg 1 14 31 59 59
1159_0017_0027_0057_0057.jpg 1 17 27 57 57
1160_0005_0020_0060_0060.jpg 1 5 20 60 60
1161_0006_0034_0052_0052.jpg 1 6 34 52 52
1162_0005_0004_0065_0065.jpg 1 5 4 65 65
1163_0028_0022_0061_0061.jpg 1 28 22 61 61
1164_0013_0039_0053_0053.jpg 1 13 39 53 53
1165_0047_0052_0037_0037.jpg 1 47 52 37 37
1166_0030_0015_0048_0048.jpg 1 30 15 48 48
1167_0023_0011_0048_0048.jpg 1 23 11 48 48
1168_0033_0009_0055_0055.jpg 1 33 9 55 55
1169_0041_0037_0049_0049.jpg 1 41 37 49 49
1170_0022_0020_0049_0049.jpg 1 22 20 49 49
1171_0037_0033_0048_0048.jpg 1 37 33 48 48
1172_0007_0010_0033_0033.jpg 1 7 10 33 33
1173_0010_0013_0050_0050.jpg 1 10 13 50 50
1174_0011_0051_0036_0036.jpg 1 11 51 36 36
1175_0037_0012_0031_0031.jpg 1 37 12 31 31
1176_0035_0013_0035_0035.jpg 1 35 13 35 35
1177_0027_0004_0060_0060.jpg 1 27 4 60 60
1178_0016_0059_0033_0033.jpg 1 16 59 33 33
1179_0006_0022_0037_0037.jpg 1 6 22 37 37
1180_0052_0007_0037_0037.jpg 1 52 7 37 37
1181_0025_0063_0027_0027.jpg 1 25 63 27 27
1182_0015_0028_0065_0065.jpg 1 15 28 65 65
1183_0045_0025_0046_0046.jpg 1 45 25 46 46
1184_0028_0032_0060_0060.jpg 1 28 32 60 60
1185_0044_0010_0050_0050.jpg 1 44 10 50 50
1186_0048_0059_0033_0033.jpg 1 48 59 33 33
1187_0032_0037_0036_0036.jpg 1 32 37 36 36
1188_0044_0046_0039_0039.jpg 1 44 46 39 39
1189_0026_0025_0067_0067.jpg 1 26 25 67 67
1190_0017_0031_0045_0045.jpg 1 17 31 45 45
1191_0032_0033_0029_0029.jpg 1 32 33 29 29
1192_0009_0012_0041_0041.jpg 1 9 12 41 41
1193_0019_0046_0048_0048.jpg 1 19 46 48 48
1194_0007_0059_0029_0029.jpg 1 7 59 29 29
1195_0039_0045_0047_0047.jpg 1 39 45 47 47
1196_0039_0053_0038_0038.jpg 1 39 53 38 38
1197_0008_0040_0031_0031.jpg 1 8 40 31 31
1198_0051_0041_0040_0040.jpg 1 51 41 40 40
1199_0033_0053_0040_0040.jpg 1 33 53 40 40
1200_0008_0006_0048_0048.jpg 1 8 6 48 48
1201_0016_0010_0064_0064.jpg 1 16 10 64 64
1202_0012_0038_0051_0051.jpg 1 12 38 51 51
1203_0034_0021_0053_0053.jpg 1 34 21 53 53
1204_0051_0031_0031_0031.jpg 1 51 31 31 31
1205_0031_0041_0027_0027.jpg 1 31 41 27 27
1206_0029_0017_0052_0052.jpg 1 29 17 52 52
1207_0059_0053_0033_0033.jpg 1 59 53 33 33
1208_0022_0005_0055_0055.jpg 1 22 5 55 55
1209_0042_0039_0030_0030.jpg 1 42 39 30 30
1210_0021_0027_0049_0049.jpg 1 21 27 49 49
1211_0046_0021_0024_0024.jpg 1 46 21 24 24
1212_0064_0045_0027_0027.jpg 1 64 45 27 27
1213_0047_0011_0030_0030.jpg 1 47 11 30 30
1214_0038_0048_0032_0032.jpg 1 38 48 32 32
1215_0037_0015_0032_0032.jpg 1 37 15 32 32
1216_0019_0036_0050_0050.jpg 1 19 36 50 50
1217_0057_0035_0036_0036.jpg 1 57 35 36 36
1218_0007_0029_0061_0061.jpg 1 7 29 61 61
1219_0029_0055_0027_0027.jpg 1 29 55 27 27
1220_0019_0022_0067_0067.jpg 1 19 22 67 67
1221_0033_0004_0059_0059.jpg 1 33 4 59 59
1222_0029_0012_0057_0057.jpg 1 29 12 57 57
1223_0024_0010_0068_0068.jpg 1 24 10 68 68
1224_0008_0037_0042_0042.jpg 1 8 37 42 42
1225_0026_0023_0064_0064.jpg 1 26 23 64 64
1226_0032_0008_0049_0049.jpg 1 32 8 49 49
1227_0028_0015_0044_0044.jpg 1 28 15 44 44
1228_0044_0021_0047_0047.jpg 1 44 21 47 47
1229_0030_0016_0060_0060.jpg 1 30 16 60 60
1230_0056_0061_0032_0032.jpg 1 56 61 32 32
1231_0023_0007_0039_0039.jpg 1 23 7 39 39
1232_0015_0023_0055_0055.jpg 1 15 23 55 55
1233_0020_0006_0058_0058.jpg 1 20 6 58 58
1234_0051_0039_0028_0028.jpg 1 51 39 28 28
1235_0016_0041_0050_0050.jpg 1 16 41 50 50
1236_0007_0042_0034_0034.jpg 1 7 42 34 34
1237_0054_0056_0026_0026.jpg 1 54 56 26 26
1238_0011_0023_0065_0065.jpg 1 11 23 65 65
1239_0032_0032_0034_0034.jpg 1 32 32 34 34
1240_0025_0058_0031_0031.jpg 1 25 58 31 31
1241_0019_0022_0029_0029.jpg 1 19 22 29 29
1242_0052_0035_0035_0035.jpg 1 52 35 35 35
1243_0047_0007_0040_0040.jpg 1 47 7 40 40
1244_0017_0011_0058_0058.jpg 1 17 11 58 58
1245_0059_0048_0033_0033.jpg 1 59 48 33 33
1246_0017_0062_0029_0029.jpg 1 17 62 29 29
1247_0008_0046_0043_0043.jpg 1 8 46 43 43
1248_0038_0010_0028_0028.jpg 1 38 10 28 28
1249_0019_0040_0054_0054.jpg 1 19 40 54 54
1250_0022_0029_0052_0052.jpg 1 22 29 52 52
1251_0006_0023_0053_0053.jpg 1 6 23 53 53
1252_0010_0010_0069_0069.jpg 1 10 10 69 69
1253_0012_0022_0065_0065.jpg 1 12 22 65 65
1254_0029_0045_0046_0046.jpg 1 29 45 46 46
1255_0011_0018_0054_0054.jpg 1 11 18 54 54
1256_0046_0039_0039_0039.jpg 1 46 39 39 39
1257_0010_0004_0055_0055.jpg 1 10 4 55 55
1258_0033_0021_0063_0063.jpg 1 33 21 63 63
1259_0017_0024_0067_0067.jpg 1 17 24 67 67
1260_0038_0015_0051_0051.jpg 1 38 15 51 51
1261_0050_0022_0037_0037.jpg 1 50 22 37 37
1262_0023_0032_0028_0028.jpg 1 23 32 28 28
1263_0041_0021_0048_0048.jpg 1 41 21 48 48
1264_0028_0026_0024_0024.jpg 1 28 26 24 24
1265_0014_0008_0049_0049.jpg 1 14 8 49 49
1266_0009_0029_0051_0051.jpg 1 9 29 51 51
1267_0032_0034_0032_0032.jpg 1 32 34 32 32
1268_0008_0037_0054_0054.jpg 1 8 37 54 54
1269_0004_0010_0068_0068.jpg 1 4 10 68 68
1270_0008_0017_0061_0061.jpg 1 8 17 61 61
1271_0011_0019_0043_0043.jpg 1 11 19 43 43
1272_0028_0045_0025_0025.jpg 1 28 45 25 25
1273_0040_0018_0047_0047.jpg 1 40 18 47 47
1274_0044_0013_0050_0050.jpg 1 44 13 50 50
1275_0011_0020_0056_0056.jpg 1 11 20 56 56
1276_0008_0047_0034_0034.jpg 1 8 47 34 34
1277_0015_0008_0063_0063.jpg 1 15 8 63 63
1278_0017_0005_0047_0047.jpg 1 17 5 47 47
1279_0014_0033_0040_0040.jpg 1 14 33 40 40
1280_0043_0042_0035_0035.jpg 1 43 42 35 35
1281_0040_0024_0036_0036.jpg 1 40 24 36 36
1282_0009_0020_0053_0053.jpg 1 9 20 53 53
1283_0016_0011_0067_0067.jpg 1 16 11 67 67
1284_0052_0029_0041_0041.jpg 1 52 29 41 41
1285_0018_0057_0031_0031.jpg 1 18 57 31 31
1286_0057_0038_0030_0030.jpg 1 57 38 30 30
1287_0013_0025_0069_0069.jpg 1 13 25 69 69
1288_0012_0054_0037_0037.jpg 1 12 54 37 37
1289_0021_0010_0053_0053.jpg 1 21 10 53 53
1290_0036_0006_0057_0057.jpg 1 36 6 57 57
1291_0023_0033_0053_0053.jpg 1 23 33 53 53
1292_0050_0041_0043_0043.jpg 1 50 41 43 43
1293_0024_0031_0065_0065.jpg 1 24 31 65 65
1294_0030_0054_0032_0032.jpg 1 30 54 32 32
1295_0016_0052_0038_0038.jpg 1 16 52 38 38
1296_0031_0049_0040_0040.jpg 1 31 49 40 40
1297_0040_0018_0038_0038.jpg 1 40 18 38 38
1298_0030_0016_0049_0049.jpg 1 30 16 49 49
1299_0026_0037_0032_0032.jpg 1 26 37 32 32
1300_0042_0028_0029_0029.jpg 1 42 28 29 29
1301_0051_0020_0036_0036.jpg 1 51 20 36 36
1302_0024_0053_0040_0040.jpg 1 24 53 40 40
1303_0021_0010_0063_0063.jpg 1 21 10 63 63
1304_0035_0029_0043_0043.jpg 1 35 29 43 43
1305_0033_0009_0062_0062.jpg 1 33 9 62 62
1306_0058_0009_0027_0027.jpg 1 58 9 27 27
1307_0005_0026_0066_0066.jpg 1 5 26 66 66
1308_0021_0028_0068_0068.jpg 1 21 28 68 68
1309_0026_0008_0064_0064.jpg 1 26 8 64 64
1310_0042_0050_0031_0031.jpg 1 42 50 31 31
1311_0005_0026_0063_0063.jpg 1 5 26 63 63
1312_0017_0033_0060_0060.jpg 1 17 33 60 60
1313_0022_0022_0055_0055.jpg 1 22 22 55 55
1314_0026_0021_0067_0067.jpg 1 26 21 67 67
1315_0012_0009_0060_0060.jpg 1 12 9 60 60
1316_0032_0035_0048_0048.jpg 1 32 35 48 48
1317_0012_0014_0059_0059.jpg 1 12 14 59 59
1318_0039_0039_0032_0032.jpg 1 39 39 32 32
1319_0012_0010_0065_0065.jpg 1 12 10 65 65
1320_0008_0056_0027_0027.jpg 1 8 56 27 27
1321_0037_0016_0032_0032.jpg 1 37 16 32 32
1322_0014_0028_0049_0049.jpg 1 14 28 49 49
1323_0040_0016_0032_0032.jpg 1 40 16 32 32
1324_0025_0013_0057_0057.jpg 1 25 13 57 57
1325_0040_0049_0043_0043.jpg 1 40 49 43 43
1326_0007_0043_0039_0039.jpg 1 7 43 39 39
1327_0037_0008_0046_0046.jpg 1 37 8 46 46
1328_0060_0022_0025_0025.jpg 1 60 22 25 25
1329_0025_0037_0027_0027.jpg 1 25 37 27 27
1330_0017_0013_0059_0059.jpg 1 17 13 59 59
1331_0031_0017_0060_0060.jpg 1 31 17 60 60
1332_0055_0040_0025_0025.jpg 1 55 40 25 25
1333_0012_0024_0057_0057.jpg 1 12 24 57 57
1334_0013_0022_0045_0045.jpg 1 13 22 45 45
1335_0009_0031_0046_0046.jpg 1 9 31 46 46
1336_0015_0014_0050_0050.jpg 1 15 14 50 50
1337_0018_0025_0049_0049.jpg 1 18 25 49 49
1338_0031_0020_0040_0040.jpg 1 31 20 40 40
1339_0010_0028_0059_0059.jpg 1 10 28 59 59
1340_0060_0011_0028_0028.jpg 1 60 11 28 28
1341_0041_0015_0049_0049.jpg 1 41 15 49 49
1342_0032_0028_0033_0033.jpg 1 32 28 33 33
1343_0019_0026_0069_0069.jpg 1 19 26 69 69
1344_0015_0017_0059_0059.jpg 1 15 17 59 59
1345_0025_0015_0069_0069.jpg 1 25 15 69 69
1346_0019_0009_0063_0063.jpg 1 19 9 63 63
1347_0017_0004_0069_0069.jpg 1 17 4 69 69
1348_0013_0021_0044_0044.jpg 1 13 21 44 44
1349_0028_0054_0038_0038.jpg 1 28 54 38 38
1350_0017_0021_0061_0061.jpg 1 17 21 61 61
1351_0055_0051_0025_0025.jpg 1 55 51 25 25
1352_0025_0008_0051_0051.jpg 1 25 8 51 51
1353_0028_0029_0061_0061.jpg 1 28 29 61 61
1354_0013_0008_0030_0030.jpg 1 13 8 30 30
1355_0035_0025_0046_0046.jpg 1 35 25 46 46
1356_0015_0014_0063_0063.jpg 1 15 14 63 63
1357_0036_0049_0044_0044.jpg 1 36 49 44 44
1358_0019_0042_0051_0051.jpg 1 19 42 51 51
1359_0007_0018_0034_0034.jpg 1 7 18 34 34
1360_0040_0012_0036_0036.jpg 1 40 12 36 36
1361_0021_0047_0040_0040.jpg 1 21 47 40 40
1362_0039_0030_0056_0056.jpg 1 39 30 56 56
1363_0040_0048_0030_0030.jpg 1 40 48 30 30
1364_0005_0004_0057_0057.jpg 1 5 4 57 57
1365_0011_0006_0057_0057.jpg 1 11 6 57 57
1366_0023_0056_0026_0026.jpg 1 23 56 26 26
1367_0034_0009_0053_0053.jpg 1 34 9 53 53
1368_0045_0034_0044_0044.jpg 1 45 34 44 44
1369_0053_0030_0032_0032.jpg 1 53 30 32 32
1370_0032_0011_0040_0040.jpg 1 32 11 40 40
1371_0037_0022_0056_0056.jpg 1 37 22 56 56
1372_0047_0011_0035_0035.jpg 1 47 11 35 35
1373_0030_0039_0038_0038.jpg 1 30 39 38 38
1374_0024_0024_0066_0066.jpg 1 24 24 66 66
1375_0029_0028_0059_0059.jpg 1 29 28 59 59
1376_0007_0005_0063_0063.jpg 1 7 5 63 63
1377_0031_0013_0040_0040.jpg 1 31 13 40 40
1378_0030_0017_0036_0036.jpg 1 30 17 36 36
1379_0017_0013_0043_0043.jpg 1 17 13 43 43
1380_0040_0009_0047_0047.jpg 1 40 9 47 47
1381_0033_0015_0037_0037.jpg 1 33 15 37 37
1382_0026_0025_0046_0046.jpg 1 26 25 46 46
1383_0007_0014_0045_0045.jpg 1 7 14 45 45
1384_0014_0012_0068_0068.jpg 1 14 12 68 68
1385_0021_0010_0034_0034.jpg 1 21 10 34 34
1386_0027_0011_0061_0061.jpg 1 27 11 61 61
1387_0005_0010_0062_0062.jpg 1 5 10 62 62
1388_0053_0050_0034_0034.jpg 1 53 50 34 34
1389_0031_0050_0029_0029.jpg 1 31 50 29 29
1390_0036_0021_0046_0046.jpg 1 36 21 46 46
1391_0006_0028_0040_0040.jpg 1 6 28 40 40
1392_0019_0012_0060_0060.jpg 1 19 12 60 60
1393_0045_0049_0037_0037.jpg 1 45 49 37 37
1394_0057_0011_0034_0034.jpg 1 57 11 34 34
1395_0028_0038_0028_0028.jpg 1 28 38 28 28
1396_0031_0017_0036_0036.jpg 1 31 17 36 36
1397_0025_0028_0060_0060.jpg 1 25 28 60 60
1398_0047_0017_0034_0034.jpg 1 47 17 34 34
1399_0020_0036_0046_0046.jpg 1 20 36 46 46
1400_0012_0017_0027_0027.jpg 1 12 17 27 27
1401_0053_0022_0040_0040.jpg 1 53 22 40 40
1402_0037_0031_0037_0037.jpg 1 37 31 37 37
1403_0009_0009_0038_0038.jpg 1 9 9 38 38
1404_0040_0019_0052_0052.jpg 1 40 19 52 52
1405_0035_0029_0050_0050.jpg 1 35 29 50 50
1406_0049_0030_0036_0036.jpg 1 49 30 36 36
1407_0031_0016_0036_0036.jpg 1 31 16 36 36
1408_0059_0019_0032_0032.jpg 1 59 19 32 32
1409_0034_0013_0055_0055.jpg 1 34 13 55 55
1410_0044_0013_0050_0050.jpg 1 44 13 50 50
1411_0029_0008_0057_0057.jpg 1 29 8 57 57
1412_0012_0018_0069_0069.jpg 1 12 18 69 69
1413_0024_0024_0060_0060.jpg 1 24 24 60 60
1414_0009_0017_0049_0049.jpg 1 9 17 49 49
1415_0021_0019_0063_0063.jpg 1 21 19 63 63
1416_0020_0005_0058_0058.jpg 1 20 5 58 58
1417_0025_0026_0038_0038.jpg 1 25 26 38 38
1418_0045_0009_0039_0039.jpg 1 45 9 39 39
1419_0026_0014_0063_0063.jpg 1 26 14 63 63
1420_0019_0017_0059_0059.jpg 1 19 17 59 59
1421_0007_0019_0065_0065.jpg 1 7 19 65 65
1422_0008_0019_0064_0064.jpg 1 8 19 64 64
1423_0037_0013_0052_0052.jpg 1 37 13 52 52
1424_0015_0050_0034_0034.jpg 1 15 50 34 34
1425_0007_0021_0055_0055.jpg 1 7 21 55 55
1426_0006_0026_0060_0060.jpg 1 6 26 60 60
1427_0006_0011_0045_0045.jpg 1 6 11 45 45
1428_0053_0051_0028_0028.jpg 1 53 51 28 28
1429_0026_0048_0026_0026.jpg 1 26 48 26 26
1430_0008_0010_0027_0027.jpg 1 8 10 27 27
1431_0032_0035_0052_0052.jpg 1 32 35 52 52
1432_0028_0013_0053_0053.jpg 1 28 13 53 53
1433_0011_0018_0059_0059.jpg 1 11 18 59 59
1434_0032_0016_0061_0061.jpg 1 32 16 61 61
1435_0006_0050_0038_0038.jpg 1 6 50 38 38
1436_0007_0020_0039_0039.jpg 1 7 20 39 39
1437_0023_0027_0063_0063.jpg 1 23 27 63 63
1438_0057_0051_0032_0032.jpg 1 57 51 32 32
1439_0035_0017_0041_0041.jpg 1 35 17 41 41
1440_0026_0047_0024_0024.jpg 1 26 47 24 24
1441_0039_0047_0040_0040.jpg 1 39 47 40 40
1442_0022_0009_0039_0039.jpg 1 22 9 39 39
1443_0044_0034_0048_0048.jpg 1 44 34 48 48
1444_0015_0016_0024_0024.jpg 1 15 16 24 24
1445_0026_0038_0038_0038.jpg 1 26 38 38 38
1446_0018_0004_0067_0067.jpg 1 18 4 67 67
1447_0026_0019_0054_0054.jpg 1 26 19 54 54
1448_0017_0024_0050_0050.jpg 1 17 24 50 50
1449_0030_0021_0025_0025.jpg 1 30 21 25 25
1450_0028_0022_0047_0047.jpg 1 28 22 47 47
1451_0014_0027_0039_0039.jpg 1 14 27 39 39
1452_0020_0033_0032_0032.jpg 1 20 33 32 32
1453_0042_0034_0028_0028.jpg 1 42 34 28 28
1454_0037_0012_0042_0042.jpg 1 37 12 42 42
1455_0016_0020_0045_0045.jpg 1 16 20 45 45
1456_0035_0036_0033_0033.jpg 1 35 36 33 33
1457_0034_0017_0059_0059.jpg 1 34 17 59 59
1458_0034_0029_0057_0057.jpg 1 34 29 57 57
1459_0026_0028_0063_0063.jpg 1 26 28 63 63
1460_0011_0026_0062_0062.jpg 1 11 26 62 62
1461_0040_0032_0032_0032.jpg 1 40 32 32 32
1462_0005_0025_0064_0064.jpg 1 5 25 64 64
1463_0046_0008_0034_0034.jpg 1 46 8 34 34
1464_0053_0057_0035_0035.jpg 1 53 57 35 35
1465_0025_0009_0025_0025.jpg 1 25 9 25 25
1466_0029_0034_0041_0041.jpg 1 29 34 41 41
1467_0013_0045_0041_0041.jpg 1 13 45 41 41
1468_0027_0024_0060_0060.jpg 1 27 24 60 60
1469_0047_0025_0047_0047.jpg 1 47 25 47 47
1470_0008_0050_0032_0032.jpg 1 8 50 32 32
1471_0030_0024_0045_0045.jpg 1 30 24 45 45
1472_0012_0020_0029_0029.jpg 1 12 20 29 29
1473_0014_0009_0051_0051.jpg 1 14 9 51 51
1474_0024_0041_0026_0026.jpg 1 24 41 26 26
1475_0010_0025_0068_0068.jpg 1 10 25 68 68
1476_0035_0057_0031_0031.jpg 1 35 57 31 31
1477_0005_0014_0051_0051.jpg 1 5 14 51 51
1478_0031_0006_0054_0054.jpg 1 31 6 54 54
1479_0008_0022_0069_0069.jpg 1 8 22 69 69
1480_0003_0022_0064_0064.jpg 1 3 22 64 64
1481_0022_0055_0024_0024.jpg 1 22 55 24 24
1482_0007_0030_0058_0058.jpg 1 7 30 58 58
1483_0006_0011_0051_0051.jpg 1 6 11 51 51
1484_0012_0055_0037_0037.jpg 1 12 55 37 37
1485_0029_0015_0055_0055.jpg 1 29 15 55 55
1486_0009_0025_0060_0060.jpg 1 9 25 60 60
1487_0015_0037_0057_0057.jpg 1 15 37 57 57
1488_0035_0052_0040_0040.jpg 1 35 52 40 40
1489_0034_0031_0031_0031.jpg 1 34 31 31 31
1490_0023_0005_0058_0058.jpg 1 23 5 58 58
1491_0037_0034_0055_0055.jpg 1 37 34 55 55
1492_0048_0041_0043_0043.jpg 1 48 41 43 43
1493_0027_0055_0029_0029.jpg 1 27 55 29 29
1494_0057_0018_0025_0025.jpg 1 57 18 25 25
1495_0011_0008_0035_0035.jpg 1 11 8 35 35
1496_0012_0029_0052_0052.jpg 1 12 29 52 52
1497_0044_0034_0035_0035.jpg 1 44 34 35 35
1498_0012_0029_0060_0060.jpg 1 12 29 60 60
1499_0012_0014_0068_0068.jpg 1 12 14 68 68
1500_0063_0011_0026_0026.jpg 1 63 11 26 26
1501_0034_0026_0054_0054.jpg 1 34 26 54 54
1502_0008_0008_0053_0053.jpg 1 8 8 53 53
1503_0027_0039_0034_0034.jpg 1 27 39 34 34
1504_0025_0016_0047_0047.jpg 1 25 16 47 47
1505_0009_0017_0056_0056.jpg 1 9 17 56 56
1506_0016_0012_0057_0057.jpg 1 16 12 57 57
1507_0031_0028_0052_0052.jpg 1 31 28 52 52
1508_0022_0022_0062_0062.jpg 1 22 22 62 62
1509_0013_0051_0042_0042.jpg 1 13 51 42 42
1510_0051_0012_0032_0032.jpg 1 51 12 32 32
1511_0010_0019_0047_0047.jpg 1 10 19 47 47
1512_0043_0049_0024_0024.jpg 1 43 49 24 24
1513_0037_0024_0027_0027.jpg 1 37 24 27 27
1514_0013_0050_0043_0043.jpg 1 13 50 43 43
1515_0060_0040_0031_0031.jpg 1 60 40 31 31
1516_0037_0025_0057_0057.jpg 1 37 25 57 57
1517_0049_0008_0045_0045.jpg 1 49 8 45 45
1518_0030_0014_0057_0057.jpg 1 30 14 57 57
1519_0039_0018_0047_0047.jpg 1 39 18 47 47
1520_0004_0019_0060_0060.jpg 1 4 19 60 60
1521_0038_0020_0032_0032.jpg 1 38 20 32 32
1522_0005_0025_0057_0057.jpg 1 5 25 57 57
1523_0009_0032_0056_0056.jpg 1 9 32 56 56
1524_0014_0024_0065_0065.jpg 1 14 24 65 65
1525_0037_0025_0057_0057.jpg 1 37 25 57 57
1526_0011_0028_0056_0056.jpg 1 11 28 56 56
1527_0018_0016_0054_0054.jpg 1 18 16 54 54
1528_0057_0023_0034_0034.jpg 1 57 23 34 34
1529_0024_0033_0055_0055.jpg 1 24 33 55 55
1530_0011_0035_0058_0058.jpg 1 11 35 58 58
1531_0025_0018_0063_0063.jpg 1 25 18 63 63
1532_0029_0032_0055_0055.jpg 1 29 32 55 55
1533_0017_0038_0048_0048.jpg 1 17 38 48 48
1534_0027_0032_0036_0036.jpg 1 27 32 36 36
1535_0026_0008_0069_0069.jpg 1 26 8 69 69
1536_0014_0015_0037_0037.jpg 1 14 15 37 37
1537_0015_0019_0061_0061.jpg 1 15 19 61 61
1538_0013_0046_0042_0042.jpg 1 13 46 42 42
1539_0021_0019_0052_0052.jpg 1 21 19 52 52
1540_0038_0016_0039_0039.jpg 1 38 16 39 39
1541_0026_0026_0034_0034.jpg 1 26 26 34 34
1542_0006_0019_0067_0067.jpg 1 6 19 67 67
1543_0007_0013_0040_0040.jpg 1 7 13 40 40
1544_0033_0047_0038_0038.jpg 1 33 47 38 38
1545_0007_0006_0067_0067.jpg 1 7 6 67 67
1546_0015_0017_0028_0028.jpg 1 15 17 28 28
1547_0030_0034_0051_0051.jpg 1 30 34 51 51
1548_0047_0035_0032_0032.jpg 1 47 35 32 32
1549_0028_0035_0058_0058.jpg 1 28 35 58 58
1550_0021_0033_0060_0060.jpg 1 21 33 60 60
1551_0039_0054_0036_0036.jpg 1 39 54 36 36
1552_0008_0031_0028_0028.jpg 1 8 31 28 28
1553_0016_0032_0059_0059.jpg 1 16 32 59 59
1554_0009_0009_0036_0036.jpg 1 9 9 36 36
1555_0028_0004_0062_0062.jpg 1 28 4 62 62
1556_0040_0034_0046_0046.jpg 1 40 34 46 46
1557_0026_0023_0057_0057.jpg 1 26 23 57 57
1558_0014_0009_0057_0057.jpg 1 14 9 57 57
1559_0040_0037_0025_0025.jpg 1 40 37 25 25
1560_0024_0004_0069_0069.jpg 1 24 4 69 69
1561_0039_0008_0044_0044.jpg 1 39 8 44 44
1562_0048_0023_0029_0029.jpg 1 48 23 29 29
1563_0047_0035_0036_0036.jpg 1 47 35 36 36
1564_0032_0016_0053_0053.jpg 1 32 16 53 53
1565_0010_0010_0058_0058.jpg 1 10 10 58 58
1566_0031_0030_0024_0024.jpg 1 31 30 24 24
1567_0016_0013_0057_0057.jpg 1 16 13 57 57
1568_0040_0038_0052_0052.jpg 1 40 38 52 52
1569_0046_0019_0047_0047.jpg 1 46 19 47 47
1570_0019_0015_0067_0067.jpg 1 19 15 67 67
1571_0012_0056_0030_0030.jpg 1 12 56 30 30
1572_0008_0023_0041_0041.jpg 1 8 23 41 41
1573_0019_0042_0024_0024.jpg 1 19 42 24 24
1574_0046_0009_0036_0036.jpg 1 46 9 36 36
1575_0036_0020_0053_0053.jpg 1 36 20 53 53
1576_0033_0015_0040_0040.jpg 1 33 15 40 40
1577_0027_0020_0024_0024.jpg 1 27 20 24 24
1578_0025_0007_0067_0067.jpg 1 25 7 67 67
1579_0019_0009_0065_0065.jpg 1 19 9 65 65
1580_0036_0045_0045_0045.jpg 1 36 45 45 45
1581_0021_0051_0032_0032.jpg 1 21 51 32 32
1582_0036_0047_0034_0034.jpg 1 36 47 34 34
1583_0045_0021_0042_0042.jpg 1 45 21 42 42
1584_0019_0012_0061_0061.jpg 1 19 12 61 61
1585_0018_0017_0030_0030.jpg 1 18 17 30 30
1586_0029_0020_0024_0024.jpg 1 29 20 24 24
1587_0022_0025_0024_0024.jpg 1 22 25 24 24
1588_0026_0027_0069_0069.jpg 1 26 27 69 69
1589_0054_0058_0034_0034.jpg 1 54 58 34 34
1590_0011_0018_0066_0066.jpg 1 11 18 66 66
1591_0029_0018_0067_0067.jpg 1 29 18 67 67
1592_0038_0019_0057_0057.jpg 1 38 19 57 57
1593_0039_0049_0036_0036.jpg 1 39 49 36 36
1594_0021_0019_0031_0031.jpg 1 21 19 31 31
1595_0021_0018_0061_0061.jpg 1 21 18 61 61
1596_0010_0037_0045_0045.jpg 1 10 37 45 45
1597_0062_0061_0026_0026.jpg 1 62 61 26 26
1598_0013_0015_0058_0058.jpg 1 13 15 58 58
1599_0011_0043_0047_0047.jpg 1 11 43 47 47
1600_0014_0039_0043_0043.jpg 1 14 39 43 43
1601_0013_0027_0057_0057.jpg 1 13 27 57 57
1602_0062_0019_0025_0025.jpg 1 62 19 25 25
1603_0022_0026_0052_0052.jpg 1 22 26 52 52
1604_0018_0027_0060_0060.jpg 1 18 27 60 60
1605_0052_0030_0039_0039.jpg 1 52 30 39 39
1606_0042_0024_0045_0045.jpg 1 42 24 45 45
1607_0031_0026_0065_0065.jpg 1 31 26 65 65
1608_0021_0011_0054_0054.jpg 1 21 11 54 54
1609_0038_0033_0029_0029.jpg 1 38 33 29 29
1610_0011_0033_0052_0052.jpg 1 11 33 52 52
1611_0009_0021_0057_0057.jpg 1 9 21 57 57
1612_0025_0025_0048_0048.jpg 1 25 25 48 48
1613_0026_0032_0053_0053.jpg 1 26 32 53 53
1614_0028_0030_0062_0062.jpg 1 28 30 62 62
1615_0031_0044_0026_0026.jpg 1 31 44 26 26
1616_0028_0018_0045_0045.jpg 1 28 18 45 45
1617_0030_0020_0040_0040.jpg 1 30 20 40 40
1618_0012_0007_0047_0047.jpg 1 12 7 47 47
1619_0015_0028_0058_0058.jpg 1 15 28 58 58
1620_0033_0028_0057_0057.jpg 1 33 28 57 57
1621_0040_0049_0025_0025.jpg 1 40 49 25 25
1622_0017_0034_0050_0050.jpg 1 17 34 50 50
1623_0007_0046_0043_0043.jpg 1 7 46 43 43
1624_0016_0059_0033_0033.jpg 1 16 59 33 33
1625_0021_0010_0065_0065.jpg 1 21 10 65 65
1626_0018_0043_0031_0031.jpg 1 18 43 31 31
1627_0018_0027_0069_0069.jpg 1 18 27 69 69
1628_0027_0028_0049_0049.jpg 1 27 28 49 49
1629_0059_0010_0031_0031.jpg 1 59 10 31 31
1630_0029_0029_0024_0024.jpg 1 29 29 24 24
1631_0008_0028_0066_0066.jpg 1 8 28 66 66
1632_0016_0006_0065_0065.jpg 1 16 6 65 65
1633_0049_0045_0033_0033.jpg 1 49 45 33 33
1634_0021_0010_0052_0052.jpg 1 21 10 52 52
1635_0011_0031_0039_0039.jpg 1 11 31 39 39
1636_0014_0015_0068_0068.jpg 1 14 15 68 68
1637_0007_0026_0069_0069.jpg 1 7 26 69 69
1638_0008_0043_0027_0027.jpg 1 8 43 27 27
1639_0037_0008_0058_0058.jpg 1 37 8 58 58
1640_0011_0011_0068_0068.jpg 1 11 11 68 68
1641_0012_0012_0066_0066.jpg 1 12 12 66 66
1642_0016_0017_0058_0058.jpg 1 16 17 58 58
1643_0047_0038_0039_0039.jpg 1 47 38 39 39
1644_0022_0050_0028_0028.jpg 1 22 50 28 28
1645_0055_0032_0028_0028.jpg 1 55 32 28 28
1646_0012_0018_0057_0057.jpg 1 12 18 57 57
1647_0017_0024_0060_0060.jpg 1 17 24 60 60
1648_0012_0014_0028_0028.jpg 1 12 14 28 28
1649_0047_0016_0039_0039.jpg 1 47 16 39 39
1650_0023_0036_0043_0043.jpg 1 23 36 43 43
1651_0055_0017_0034_0034.jpg 1 55 17 34 34
1652_0029_0009_0052_0052.jpg 1 29 9 52 52
1653_0060_0034_0024_0024.jpg 1 60 34 24 24
1654_0028_0039_0044_0044.jpg 1 28 39 44 44
1655_0024_0030_0044_0044.jpg 1 24 30 44 44
1656_0040_0027_0054_0054.jpg 1 40 27 54 54
1657_0024_0012_0067_0067.jpg 1 24 12 67 67
1658_0027_0005_0062_0062.jpg 1 27 5 62 62
1659_0049_0016_0041_0041.jpg 1 49 16 41 41
1660_0026_0050_0029_0029.jpg 1 26 50 29 29
1661_0006_0031_0055_0055.jpg 1 6 31 55 55
1662_0027_0015_0027_0027.jpg 1 27 15 27 27
1663_0017_0030_0028_0028.jpg 1 17 30 28 28
1664_0020_0016_0068_0068.jpg 1 20 16 68 68
1665_0040_0024_0040_0040.jpg 1 40 24 40 40
1666_0030_0043_0047_0047.jpg 1 30 43 47 47
1667_0009_0024_0050_0050.jpg 1 9 24 50 50
1668_0016_0003_0068_0068.jpg 1 16 3 68 68
1669_0037_0028_0054_0054.jpg 1 37 28 54 54
1670_0061_0029_0031_0031.jpg 1 61 29 31 31
1671_0042_0045_0036_0036.jpg 1 42 45 36 36
1672_0058_0055_0026_0026.jpg 1 58 55 26 26
1673_0018_0022_0058_0058.jpg 1 18 22 58 58
1674_0012_0035_0029_0029.jpg 1 12 35 29 29
1675_0039_0031_0044_0044.jpg 1 39 31 44 44
1676_0007_0005_0047_0047.jpg 1 7 5 47 47
1677_0010_0005_0057_0057.jpg 1 10 5 57 57
1678_0054_0009_0030_0030.jpg 1 54 9 30 30
1679_0015_0013_0066_0066.jpg 1 15 13 66 66
1680_0032_0060_0032_0032.jpg 1 32 60 32 32
1681_0021_0017_0051_0051.jpg 1 21 17 51 51
1682_0010_0021_0032_0032.jpg 1 10 21 32 32
1683_0026_0030_0034_0034.jpg 1 26 30 34 34
1684_0024_0014_0039_0039.jpg 1 24 14 39 39
1685_0044_0025_0042_0042.jpg 1 44 25 42 42
1686_0060_0043_0031_0031.jpg 1 60 43 31 31
1687_0031_0011_0058_0058.jpg 1 31 11 58 58
1688_0016_0019_0062_0062.jpg 1 16 19 62 62
1689_0032_0006_0032_0032.jpg 1 32 6 32 32
1690_0029_0037_0029_0029.jpg 1 29 37 29 29
1691_0049_0012_0041_0041.jpg 1 49 12 41 41
1692_0027_0018_0043_0043.jpg 1 27 18 43 43
1693_0022_0007_0065_0065.jpg 1 22 7 65 65
1694_0052_0061_0029_0029.jpg 1 52 61 29 29
1695_0019_0008_0030_0030.jpg 1 19 8 30 30
1696_0058_0016_0026_0026.jpg 1 58 16 26 26
1697_0023_0032_0056_0056.jpg 1 23 32 56 56
1698_0046_0006_0039_0039.jpg 1 46 6 39 39
1699_0043_0023_0044_0044.jpg 1 43 23 44 44
1700_0009_0008_0036_0036.jpg 1 9 8 36 36
1701_0007_0011_0050_0050.jpg 1 7 11 50 50
1702_0064_0012_0027_0027.jpg 1 64 12 27 27
1703_0016_0020_0044_0044.jpg 1 16 20 44 44
1704_0019_0031_0049_0049.jpg 1 19 31 49 49
1705_0007_0012_0056_0056.jpg 1 7 12 56 56
1706_0041_0066_0025_0025.jpg 1 41 66 25 25
1707_0015_0044_0038_0038.jpg 1 15 44 38 38
1708_0008_0043_0024_0024.jpg 1 8 43 24 24
1709_0009_0011_0035_0035.jpg 1 9 11 35 35
1710_0028_0043_0042_0042.jpg 1 28 43 42 42
1711_0012_0010_0059_0059.jpg 1 12 10 59 59
1712_0007_0027_0066_0066.jpg 1 7 27 66 66
1713_0054_0055_0027_0027.jpg 1 54 55 27 27
1714_0025_0042_0026_0026.jpg 1 25 42 26 26
1715_0021_0058_0034_0034.jpg 1 21 58 34 34
1716_0043_0027_0051_0051.jpg 1 43 27 51 51
1717_0032_0024_0053_0053.jpg 1 32 24 53 53
1718_0014_0031_0027_0027.jpg 1 14 31 27 27
1719_0022_0024_0032_0032.jpg 1 22 24 32 32
1720_0005_0034_0053_0053.jpg 1 5 34 53 53
1721_0028_0044_0035_0035.jpg 1 28 44 35 35
1722_0027_0035_0053_0053.jpg 1 27 35 53 53
1723_0024_0020_0065_0065.jpg 1 24 20 65 65
1724_0017_0047_0045_0045.jpg 1 17 47 45 45
1725_0012_0017_0065_0065.jpg 1 12 17 65 65
1726_0057_0033_0036_0036.jpg 1 57 33 36 36
1727_0019_0022_0067_0067.jpg 1 19 22 67 67
1728_0013_0027_0067_0067.jpg 1 13 27 67 67
1729_0017_0024_0061_0061.jpg 1 17 24 61 61
1730_0009_0037_0034_0034.jpg 1 9 37 34 34
1731_0031_0025_0061_0061.jpg 1 31 25 61 61
1732_0022_0007_0053_0053.jpg 1 22 7 53 53
1733_0017_0018_0047_0047.jpg 1 17 18 47 47
1734_0024_0007_0035_0035.jpg 1 24 7 35 35
1735_0057_0034_0025_0025.jpg 1 57 34 25 25
1736_0063_0008_0027_0027.jpg 1 63 8 27 27
1737_0015_0060_0030_0030.jpg 1 15 60 30 30
1738_0006_0029_0063_0063.jpg 1 6 29 63 63
1739_0046_0041_0030_0030.jpg 1 46 41 30 30
1740_0004_0017_0057_0057.jpg 1 4 17 57 57
1741_0009_0011_0065_0065.jpg 1 9 11 65 65
1742_0049_0041_0040_0040.jpg 1 49 41 40 40
1743_0019_0045_0049_0049.jpg 1 19 45 49 49
1744_0062_0027_0030_0030.jpg 1 62 27 30 30
1745_0025_0022_0061_0061.jpg 1 25 22 61 61
1746_0049_0010_0036_0036.jpg 1 49 10 36 36
1747_0029_0025_0055_0055.jpg 1 29 25 55 55
1748_0040_0019_0028_0028.jpg 1 40 19 28 28
1749_0025_0027_0056_0056.jpg 1 25 27 56 56
1750_0017_0016_0064_0064.jpg 1 17 16 64 64
1751_0033_0023_0044_0044.jpg 1 33 23 44 44
1752_0016_0017_0035_0035.jpg 1 16 17 35 35
1753_0012_0032_0024_0024.jpg 1 12 32 24 24
1754_0015_0015_0055_0055.jpg 1 15 15 55 55
1755_0026_0021_0062_0062.jpg 1 26 21 62 62
1756_0037_0023_0037_0037.jpg 1 37 23 37 37
1757_0015_0013_0030_0030.jpg 1 15 13 30 30
1758_0025_0044_0049_0049.jpg 1 25 44 49 49
1759_0030_0012_0059_0059.jpg 1 30 12 59 59
1760_0016_0046_0048_0048.jpg 1 16 46 48 48
1761_0050_0028_0033_0033.jpg 1 50 28 33 33
1762_0058_0016_0032_0032.jpg 1 58 16 32 32
1763_0009_0023_0067_0067.jpg 1 9 23 67 67
1764_0054_0021_0034_0034.jpg 1 54 21 34 34
1765_0030_0023_0038_0038.jpg 1 30 23 38 38
1766_0018_0028_0036_0036.jpg 1 18 28 36 36
1767_0017_0012_0041_0041.jpg 1 17 12 41 41
1768_0016_0050_0034_0034.jpg 1 16 50 34 34
1769_0015_0016_0049_0049.jpg 1 15 16 49 49
1770_0024_0019_0056_0056.jpg 1 24 19 56 56
1771_0049_0049_0026_0026.jpg 1 49 49 26 26
1772_0010_0011_0032_0032.jpg 1 10 11 32 32
1773_0010_0019_0064_0064.jpg 1 10 19 64 64
1774_0018_0030_0066_0066.jpg 1 18 30 66 66
1775_0066_0011_0024_0024.jpg 1 66 11 24 24
1776_0016_0012_0062_0062.jpg 1 16 12 62 62
1777_0026_0008_0069_0069.jpg 1 26 8 69 69
1778_0037_0021_0046_0046.jpg 1 37 21 46 46
1779_0040_0007_0039_0039.jpg 1 40 7 39 39
1780_0015_0017_0064_0064.jpg 1 15 17 64 64
1781_0014_0033_0046_0046.jpg 1 14 33 46 46
1782_0027_0008_0064_0064.jpg 1 27 8 64 64
1783_0015_0008_0061_0061.jpg 1 15 8 61 61
1784_0039_0007_0032_0032.jpg 1 39 7 32 32
1785_0026_0038_0041_0041.jpg 1 26 38 41 41
1786_0026_0019_0053_0053.jpg 1 26 19 53 53
1787_0012_0014_0024_0024.jpg 1 12 14 24 24
1788_0055_0059_0029_0029.jpg 1 55 59 29 29
1789_0009_0021_0062_0062.jpg 1 9 21 62 62
1790_0017_0036_0055_0055.jpg 1 17 36 55 55
1791_0032_0018_0061_0061.jpg 1 32 18 61 61
1792_0020_0033_0034_0034.jpg 1 20 33 34 34
1793_0014_0051_0028_0028.jpg 1 14 51 28 28
1794_0012_0025_0067_0067.jpg 1 12 25 67 67
1795_0031_0007_0059_0059.jpg 1 31 7 59 59
1796_0005_0030_0049_0049.jpg 1 5 30 49 49
1797_0023_0021_0067_0067.jpg 1 23 21 67 67
1798_0013_0022_0063_0063.jpg 1 13 22 63 63
1799_0011_0025_0054_0054.jpg 1 11 25 54 54
1800_0010_0009_0051_0051.jpg 1 10 9 51 51
1801_0007_0023_0051_0051.jpg 1 7 23 51 51
1802_0025_0008_0049_0049.jpg 1 25 8 49 49
1803_0016_0018_0066_0066.jpg 1 16 18 66 66
1804_0030_0044_0050_0050.jpg 1 30 44 50 50
1805_0021_0010_0047_0047.jpg 1 21 10 47 47
1806_0012_0016_0051_0051.jpg 1 12 16 51 51
1807_0008_0034_0059_0059.jpg 1 8 34 59 59
1808_0031_0055_0035_0035.jpg 1 31 55 35 35
1809_0049_0061_0029_0029.jpg 1 49 61 29 29
1810_0033_0023_0028_0028.jpg 1 33 23 28 28
1811_0062_0039_0030_0030.jpg 1 62 39 30 30
1812_0007_0025_0063_0063.jpg 1 7 25 63 63
1813_0017_0028_0067_0067.jpg 1 17 28 67 67
1814_0053_0051_0037_0037.jpg 1 53 51 37 37
1815_0010_0019_0062_0062.jpg 1 10 19 62 62
1816_0019_0019_0049_0049.jpg 1 19 19 49 49
1817_0043_0041_0036_0036.jpg 1 43 41 36 36
1818_0036_0037_0039_0039.jpg 1 36 37 39 39
1819_0052_0024_0024_0024.jpg 1 52 24 24 24
1820_0014_0014_0050_0050.jpg 1 14 14 50 50
1821_0044_0008_0050_0050.jpg 1 44 8 50 50
1822_0017_0021_0064_0064.jpg 1 17 21 64 64
1823_0015_0032_0034_0034.jpg 1 15 32 34 34
1824_0038_0023_0037_0037.jpg 1 38 23 37 37
1825_0006_0039_0049_0049.jpg 1 6 39 49 49
1826_0009_0008_0059_0059.jpg 1 9 8 59 59
1827_0021_0028_0046_0046.jpg 1 21 28 46 46
1828_0012_0013_0066_0066.jpg 1 12 13 66 66
1829_0016_0012_0066_0066.jpg 1 16 12 66 66
1830_0018_0017_0040_0040.jpg 1 18 17 40 40
1831_0021_0012_0062_0062.jpg 1 21 12 62 62
1832_0022_0020_0027_0027.jpg 1 22 20 27 27
1833_0014_0036_0045_0045.jpg 1 14 36 45 45
1834_0031_0037_0035_0035.jpg 1 31 37 35 35
1835_0033_0019_0051_0051.jpg 1 33 19 51 51
1836_0035_0041_0024_0024.jpg 1 35 41 24 24
1837_0025_0048_0035_0035.jpg 1 25 48 35 35
1838_0052_0027_0030_0030.jpg 1 52 27 30 30
1839_0027_0007_0044_0044.jpg 1 27 7 44 44
1840_0032_0018_0040_0040.jpg 1 32 18 40 40
1841_0036_0019_0042_0042.jpg 1 36 19 42 42
1842_0009_0042_0044_0044.jpg 1 9 42 44 44
1843_0007_0032_0061_0061.jpg 1 7 32 61 61
1844_0022_0024_0055_0055.jpg 1 22 24 55 55
1845_0009_0029_0044_0044.jpg 1 9 29 44 44
1846_0008_0025_0032_0032.jpg 1 8 25 32 32
1847_0025_0018_0067_0067.jpg 1 25 18 67 67
1848_0039_0010_0051_0051.jpg 1 39 10 51 51
1849_0018_0011_0060_0060.jpg 1 18 11 60 60
1850_0006_0036_0055_0055.jpg 1 6 36 55 55
1851_0019_0036_0035_0035.jpg 1 19 36 35 35
1852_0030_0049_0037_0037.jpg 1 30 49 37 37
1853_0011_0015_0066_0066.jpg 1 11 15 66 66
1854_0031_0024_0026_0026.jpg 1 31 24 26 26
1855_0022_0017_0060_0060.jpg 1 22 17 60 60
1856_0005_0038_0050_0050.jpg 1 5 38 50 50
1857_0016_0023_0049_0049.jpg 1 16 23 49 49
1858_0026_0045_0040_0040.jpg 1 26 45 40 40
1859_0019_0063_0024_0024.jpg 1 19 63 24 24
1860_0013_0014_0052_0052.jpg 1 13 14 52 52
1861_0037_0009_0053_0053.jpg 1 37 9 53 53
1862_0040_0039_0050_0050.jpg 1 40 39 50 50
1863_0011_0051_0035_0035.jpg 1 11 51 35 35
1864_0014_0018_0034_0034.jpg 1 14 18 34 34
1865_0020_0064_0026_0026.jpg 1 20 64 26 26
1866_0032_0016_0063_0063.jpg 1 32 16 63 63
1867_0046_0034_0036_0036.jpg 1 46 34 36 36
1868_0040_0015_0038_0038.jpg 1 40 15 38 38
1869_0029_0011_0054_0054.jpg 1 29 11 54 54
1870_0031_0009_0037_0037.jpg 1 31 9 37 37
1871_0022_0051_0042_0042.jpg 1 22 51 42 42
1872_0030_0048_0044_0044.jpg 1 30 48 44 44
1873_0027_0023_0025_0025.jpg 1 27 23 25 25
1874_0046_0010_0031_0031.jpg 1 46 10 31 31
1875_0026_0034_0051_0051.jpg 1 26 34 51 51
1876_0013_0015_0067_0067.jpg 1 13 15 67 67
1877_0037_0018_0051_0051.jpg 1 37 18 51 51
1878_0057_0027_0035_0035.jpg 1 57 27 35 35
1879_0011_0009_0039_0039.jpg 1 11 9 39 39
1880_0031_0013_0041_0041.jpg 1 31 13 41 41
1881_0030_0024_0038_0038.jpg 1 30 24 38 38
1882_0007_0022_0054_0054.jpg 1 7 22 54 54
1883_0061_0036_0026_0026.jpg 1 61 36 26 26
1884_0014_0031_0048_0048.jpg 1 14 31 48 48
1885_0035_0044_0044_0044.jpg 1 35 44 44 44
1886_0025_0042_0042_0042.jpg 1 25 42 42 42
1887_0006_0016_0066_0066.jpg 1 6 16 66 66
1888_0038_0010_0050_0050.jpg 1 38 10 50 50
1889_0027_0022_0068_0068.jpg 1 27 22 68 68
1890_0032_0024_0060_0060.jpg 1 32 24 60 60
1891_0027_0010_0056_0056.jpg 1 27 10 56 56
1892_0029_0029_0046_0046.jpg 1 29 29 46 46
1893_0017_0032_0041_0041.jpg 1 17 32 41 41
1894_0037_0047_0040_0040.jpg 1 37 47 40 40
1895_0019_0029_0050_0050.jpg 1 19 29 50 50
1896_0035_0015_0051_0051.jpg 1 35 15 51 51
1897_0029_0044_0033_0033.jpg 1 29 44 33 33
1898_0058_0054_0034_0034.jpg 1 58 54 34 34
1899_0012_0010_0049_0049.jpg 1 12 10 49 49
1900_0022_0008_0066_0066.jpg 1 22 8 66 66
1901_0031_0030_0059_0059.jpg 1 31 30 59 59
1902_0030_0015_0033_0033.jpg 1 30 15 33 33
1903_0008_0025_0067_0067.jpg 1 8 25 67 67
1904_0015_0017_0067_0067.jpg 1 15 17 67 67
1905_0055_0052_0036_0036.jpg 1 55 52 36 36
1906_0027_0037_0055_0055.jpg 1 27 37 55 55
1907_0009_0015_0064_0064.jpg 1 9 15 64 64
1908_0006_0005_0068_0068.jpg 1 6 5 68 68
1909_0040_0013_0029_0029.jpg 1 40 13 29 29
1910_0015_0012_0049_0049.jpg 1 15 12 49 49
1911_0013_0014_0064_0064.jpg 1 13 14 64 64
1912_0032_0024_0030_0030.jpg 1 32 24 30 30
1913_0062_0048_0030_0030.jpg 1 62 48 30 30
1914_0035_0012_0034_0034.jpg 1 35 12 34 34
1915_0022_0036_0030_0030.jpg 1 22 36 30 30
1916_0023_0031_0033_0033.jpg 1 23 31 33 33
1917_0019_0014_0059_0059.jpg 1 19 14 59 59
1918_0026_0045_0048_0048.jpg 1 26 45 48 48
1919_0026_0022_0066_0066.jpg 1 26 22 66 66
1920_0007_0015_0037_0037.jpg 1 7 15 37 37
1921_0026_0026_0028_0028.jpg 1 26 26 28 28
1922_0011_0009_0046_0046.jpg 1 11 9 46 46
1923_0042_0020_0030_0030.jpg 1 42 20 30 30
1924_0032_0009_0052_0052.jpg 1 32 9 52 52
1925_0022_0011_0029_0029.jpg 1 22 11 29 29
1926_0026_0037_0057_0057.jpg 1 26 37 57 57
1927_0033_0015_0047_0047.jpg 1 33 15 47 47
1928_0027_0018_0057_0057.jpg 1 27 18 57 57
1929_0029_0029_0059_0059.jpg 1 29 29 59 59
1930_0034_0006_0052_0052.jpg 1 34 6 52 52
1931_0018_0042_0024_0024.jpg 1 18 42 24 24
1932_0022_0004_0066_0066.jpg 1 22 4 66 66
1933_0031_0013_0056_0056.jpg 1 31 13 56 56
1934_0034_0021_0028_0028.jpg 1 34 21 28 28
1935_0033_0046_0030_0030.jpg 1 33 46 30 30
1936_0005_0023_0063_0063.jpg 1 5 23 63 63
1937_0045_0007_0037_0037.jpg 1 45 7 37 37
1938_0043_0017_0039_0039.jpg 1 43 17 39 39
1939_0006_0017_0065_0065.jpg 1 6 17 65 65
1940_0048_0027_0036_0036.jpg 1 48 27 36 36
1941_0025_0023_0062_0062.jpg 1 25 23 62 62
1942_0016_0027_0045_0045.jpg 1 16 27 45 45
1943_0033_0030_0047_0047.jpg 1 33 30 47 47
1944_0031_0044_0042_0042.jpg 1 31 44 42 42
1945_0020_0023_0053_0053.jpg 1 20 23 53 53
1946_0026_0039_0030_0030.jpg 1 26 39 30 30
1947_0045_0039_0027_0027.jpg 1 45 39 27 27
1948_0044_0023_0036_0036.jpg 1 44 23 36 36
1949_0026_0010_0027_0027.jpg 1 26 10 27 27
1950_0016_0009_0067_0067.jpg 1 16 9 67 67
