0001_0019_0021_0053_0053.jpg 1 19 21 53 53
0002_0007_0030_0058_0058.jpg 1 7 30 58 58
0003_0040_0041_0024_0024.jpg 1 40 41 24 24
0004_0024_0025_0058_0058.jpg 1 24 25 58 58
0005_0044_0035_0034_0034.jpg 1 44 35 34 34
0006_0030_0013_0056_0056.jpg 1 30 13 56 56
0007_0033_0038_0051_0051.jpg 1 33 38 51 51
0008_0043_0061_0029_0029.jpg 1 43 61 29 29
0009_0028_0020_0054_0054.jpg 1 28 20 54 54
0010_0019_0050_0025_0025.jpg 1 19 50 25 25
0011_0009_0011_0068_0068.jpg 1 9 11 68 68
0012_0058_0019_0033_0033.jpg 1 58 19 33 33
0013_0003_0028_0066_0066.jpg 1 3 28 66 66
0014_0030_0007_0059_0059.jpg 1 30 7 59 59
0015_0009_0032_0060_0060.jpg 1 9 32 60 60
0016_0035_0007_0030_0030.jpg 1 35 7 30 30
0017_0017_0026_0040_0040.jpg 1 17 26 40 40
0018_0005_0018_0061_0061.jpg 1 5 18 61 61
0019_0007_0058_0028_0028.jpg 1 7 58 28 28
0020_0016_0049_0043_0043.jpg 1 16 49 43 43
0021_0009_0019_0041_0041.jpg 1 9 19 41 41
0022_0030_0011_0047_0047.jpg 1 30 11 47 47
0023_0034_0035_0058_0058.jpg 1 34 35 58 58
0024_0027_0025_0065_0065.jpg 1 27 25 65 65
0025_0026_0035_0055_0055.jpg 1 26 35 55 55
0026_0026_0037_0044_0044.jpg 1 26 37 44 44
0027_0034_0044_0027_0027.jpg 1 34 44 27 27
0028_0035_0038_0042_0042.jpg 1 35 38 42 42
0029_0025_0038_0037_0037.jpg 1 25 38 37 37
0030_0043_0042_0043_0043.jpg 1 43 42 43 43
0031_0010_0018_0069_0069.jpg 1 10 18 69 69
0032_0018_0007_0062_0062.jpg 1 18 7 62 62
0033_0008_0013_0051_0051.jpg 1 8 13 51 51
0034_0035_0016_0058_0058.jpg 1 35 16 58 58
0035_0008_0020_0061_0061.jpg 1 8 20 61 61
0036_0004_0029_0066_0066.jpg 1 4 29 66 66
0037_0006_0009_0064_0064.jpg 1 6 9 64 64
0038_0039_0016_0051_0051.jpg 1 39 16 51 51
0039_0009_0044_0048_0048.jpg 1 9 44 48 48
0040_0021_0032_0053_0053.jpg 1 21 32 53 53
0041_0021_0011_0048_0048.jpg 1 21 11 48 48
0042_0021_0028_0029_0029.jpg 1 21 28 29 29
0043_0048_0063_0027_0027.jpg 1 48 63 27 27
0044_0025_0004_0068_0068.jpg 1 25 4 68 68
0045_0038_0035_0024_0024.jpg 1 38 35 24 24
0046_0019_0036_0049_0049.jpg 1 19 36 49 49
0047_0021_0047_0037_0037.jpg 1 21 47 37 37
0048_0006_0023_0058_0058.jpg 1 6 23 58 58
0049_0035_0066_0024_0024.jpg 1 35 66 24 24
0050_0012_0053_0037_0037.jpg 1 12 53 37 37
0051_0011_0005_0059_0059.jpg 1 11 5 59 59
0052_0030_0035_0039_0039.jpg 1 30 35 39 39
0053_0031_0011_0062_0062.jpg 1 31 11 62 62
0054_0020_0026_0066_0066.jpg 1 20 26 66 66
0055_0007_0007_0064_0064.jpg 1 7 7 64 64
0056_0027_0040_0037_0037.jpg 1 27 40 37 37
0057_0037_0030_0046_0046.jpg 1 37 30 46 46
0058_0014_0009_0037_0037.jpg 1 14 9 37 37
0059_0039_0022_0051_0051.jpg 1 39 22 51 51
0060_0007_0038_0031_0031.jpg 1 7 38 31 31
0061_0023_0031_0051_0051.jpg 1 23 31 51 51
0062_0035_0005_0058_0058.jpg 1 35 5 58 58
0063_0018_0035_0051_0051.jpg 1 18 35 51 51
0064_0028_0012_0058_0058.jpg 1 28 12 58 58
0065_0031_0019_0053_0053.jpg 1 31 19 53 53
0066_0052_0023_0028_0028.jpg 1 52 23 28 28
0067_0033_0007_0043_0043.jpg 1 33 7 43 43
0068_0016_0027_0048_0048.jpg 1 16 27 48 48
0069_0009_0043_0046_0046.jpg 1 9 43 46 46
0070_0017_0025_0062_0062.jpg 1 17 25 62 62
0071_0029_0010_0058_0058.jpg 1 29 10 58 58
0072_0031_0017_0063_0063.jpg 1 31 17 63 63
0073_0008_0024_0066_0066.jpg 1 8 24 66 66
0074_0031_0018_0031_0031.jpg 1 31 18 31 31
0075_0031_0047_0043_0043.jpg 1 31 47 43 43
0076_0014_0020_0062_0062.jpg 1 14 20 62 62
0077_0009_0013_0045_0045.jpg 1 9 13 45 45
0078_0029_0032_0054_0054.jpg 1 29 32 54 54
0079_0007_0026_0038_0038.jpg 1 7 26 38 38
0080_0007_0022_0037_0037.jpg 1 7 22 37 37
0081_0013_0019_0042_0042.jpg 1 13 19 42 42
0082_0028_0015_0062_0062.jpg 1 28 15 62 62
0083_0020_0022_0064_0064.jpg 1 20 22 64 64
0084_0017_0039_0040_0040.jpg 1 17 39 40 40
0085_0019_0053_0039_0039.jpg 1 19 53 39 39
0086_0014_0015_0067_0067.jpg 1 14 15 67 67
0087_0034_0014_0049_0049.jpg 1 34 14 49 49
0088_0018_0020_0032_0032.jpg 1 18 20 32 32
0089_0037_0035_0050_0050.jpg 1 37 35 50 50
0090_0019_0052_0040_0040.jpg 1 19 52 40 40
0091_0056_0034_0030_0030.jpg 1 56 34 30 30
0092_0053_0024_0037_0037.jpg 1 53 24 37 37
0093_0023_0033_0039_0039.jpg 1 23 33 39 39
0094_0022_0009_0054_0054.jpg 1 22 9 54 54
0095_0027_0026_0062_0062.jpg 1 27 26 62 62
0096_0027_0043_0047_0047.jpg 1 27 43 47 47
0097_0015_0053_0036_0036.jpg 1 15 53 36 36
0098_0056_0060_0032_0032.jpg 1 56 60 32 32
0099_0020_0012_0056_0056.jpg 1 20 12 56 56
0100_0031_0021_0042_0042.jpg 1 31 21 42 42
0101_0012_0032_0044_0044.jpg 1 12 32 44 44
0102_0011_0008_0062_0062.jpg 1 11 8 62 62
0103_0037_0026_0043_0043.jpg 1 37 26 43 43
0104_0020_0012_0064_0064.jpg 1 20 12 64 64
0105_0004_0028_0067_0067.jpg 1 4 28 67 67
0106_0023_0024_0061_0061.jpg 1 23 24 61 61
0107_0017_0026_0030_0030.jpg 1 17 26 30 30
0108_0006_0023_0052_0052.jpg 1 6 23 52 52
0109_0023_0024_0045_0045.jpg 1 23 24 45 45
0110_0015_0024_0069_0069.jpg 1 15 24 69 69
0111_0023_0009_0062_0062.jpg 1 23 9 62 62
0112_0024_0014_0059_0059.jpg 1 24 14 59 59
0113_0012_0019_0053_0053.jpg 1 12 19 53 53
0114_0023_0018_0054_0054.jpg 1 23 18 54 54
0115_0021_0030_0043_0043.jpg 1 21 30 43 43
0116_0062_0054_0026_0026.jpg 1 62 54 26 26
0117_0005_0031_0051_0051.jpg 1 5 31 51 51
0118_0041_0034_0052_0052.jpg 1 41 34 52 52
0119_0039_0010_0053_0053.jpg 1 39 10 53 53
0120_0015_0047_0044_0044.jpg 1 15 47 44 44
0121_0027_0023_0069_0069.jpg 1 27 23 69 69
0122_0028_0007_0043_0043.jpg 1 28 7 43 43
0123_0026_0037_0025_0025.jpg 1 26 37 25 25
0124_0055_0026_0037_0037.jpg 1 55 26 37 37
0125_0043_0020_0031_0031.jpg 1 43 20 31 31
0126_0040_0013_0035_0035.jpg 1 40 13 35 35
0127_0014_0027_0047_0047.jpg 1 14 27 47 47
0128_0059_0035_0028_0028.jpg 1 59 35 28 28
0129_0054_0054_0036_0036.jpg 1 54 54 36 36
0130_0028_0052_0026_0026.jpg 1 28 52 26 26
0131_0033_0028_0053_0053.jpg 1 33 28 53 53
0132_0025_0062_0030_0030.jpg 1 25 62 30 30
0133_0006_0016_0060_0060.jpg 1 6 16 60 60
0134_0029_0045_0038_0038.jpg 1 29 45 38 38
0135_0025_0051_0041_0041.jpg 1 25 51 41 41
0136_0005_0030_0058_0058.jpg 1 5 30 58 58
0137_0013_0018_0062_0062.jpg 1 13 18 62 62
0138_0025_0023_0066_0066.jpg 1 25 23 66 66
0139_0016_0025_0068_0068.jpg 1 16 25 68 68
0140_0020_0064_0025_0025.jpg 1 20 64 25 25
0141_0035_0031_0053_0053.jpg 1 35 31 53 53
0142_0015_0051_0038_0038.jpg 1 15 51 38 38
0143_0007_0015_0067_0067.jpg 1 7 15 67 67
0144_0039_0006_0045_0045.jpg 1 39 6 45 45
0145_0012_0027_0061_0061.jpg 1 12 27 61 61
0146_0007_0031_0063_0063.jpg 1 7 31 63 63
0147_0042_0048_0030_0030.jpg 1 42 48 30 30
0148_0009_0033_0061_0061.jpg 1 9 33 61 61
0149_0028_0031_0038_0038.jpg 1 28 31 38 38
0150_0025_0013_0060_0060.jpg 1 25 13 60 60
0151_0038_0042_0031_0031.jpg 1 38 42 31 31
0152_0039_0034_0032_0032.jpg 1 39 34 32 32
0153_0029_0012_0049_0049.jpg 1 29 12 49 49
0154_0020_0005_0044_0044.jpg 1 20 5 44 44
0155_0017_0059_0032_0032.jpg 1 17 59 32 32
0156_0035_0043_0039_0039.jpg 1 35 43 39 39
0157_0026_0023_0047_0047.jpg 1 26 23 47 47
0158_0030_0061_0032_0032.jpg 1 30 61 32 32
0159_0015_0040_0043_0043.jpg 1 15 40 43 43
0160_0023_0011_0040_0040.jpg 1 23 11 40 40
0161_0010_0012_0060_0060.jpg 1 10 12 60 60
0162_0029_0031_0061_0061.jpg 1 29 31 61 61
0163_0050_0031_0035_0035.jpg 1 50 31 35 35
0164_0030_0004_0056_0056.jpg 1 30 4 56 56
0165_0007_0029_0038_0038.jpg 1 7 29 38 38
0166_0021_0028_0039_0039.jpg 1 21 28 39 39
0167_0047_0041_0037_0037.jpg 1 47 41 37 37
0168_0032_0020_0064_0064.jpg 1 32 20 64 64
0169_0047_0019_0026_0026.jpg 1 47 19 26 26
0170_0013_0030_0056_0056.jpg 1 13 30 56 56
0171_0009_0048_0041_0041.jpg 1 9 48 41 41
0172_0035_0025_0037_0037.jpg 1 35 25 37 37
0173_0049_0012_0029_0029.jpg 1 49 12 29 29
0174_0028_0041_0034_0034.jpg 1 28 41 34 34
0175_0043_0044_0030_0030.jpg 1 43 44 30 30
0176_0010_0010_0057_0057.jpg 1 10 10 57 57
0177_0021_0030_0059_0059.jpg 1 21 30 59 59
0178_0060_0034_0031_0031.jpg 1 60 34 31 31
0179_0038_0025_0037_0037.jpg 1 38 25 37 37
0180_0037_0022_0043_0043.jpg 1 37 22 43 43
0181_0034_0045_0045_0045.jpg 1 34 45 45 45
0182_0037_0007_0039_0039.jpg 1 37 7 39 39
0183_0009_0032_0024_0024.jpg 1 9 32 24 24
0184_0019_0014_0068_0068.jpg 1 19 14 68 68
0185_0010_0028_0061_0061.jpg 1 10 28 61 61
0186_0011_0039_0050_0050.jpg 1 11 39 50 50
0187_0026_0018_0069_0069.jpg 1 26 18 69 69
0188_0047_0021_0041_0041.jpg 1 47 21 41 41
0189_0023_0034_0048_0048.jpg 1 23 34 48 48
0190_0021_0032_0034_0034.jpg 1 21 32 34 34
0191_0027_0012_0058_0058.jpg 1 27 12 58 58
0192_0044_0010_0038_0038.jpg 1 44 10 38 38
0193_0034_0030_0032_0032.jpg 1 34 30 32 32
0194_0006_0021_0066_0066.jpg 1 6 21 66 66
0195_0013_0061_0032_0032.jpg 1 13 61 32 32
0196_0027_0014_0058_0058.jpg 1 27 14 58 58
0197_0024_0019_0069_0069.jpg 1 24 19 69 69
0198_0009_0023_0050_0050.jpg 1 9 23 50 50
0199_0050_0055_0028_0028.jpg 1 50 55 28 28
0200_0032_0043_0028_0028.jpg 1 32 43 28 28
0201_0010_0005_0062_0062.jpg 1 10 5 62 62
0202_0013_0006_0067_0067.jpg 1 13 6 67 67
0203_0015_0028_0029_0029.jpg 1 15 28 29 29
0204_0046_0037_0027_0027.jpg 1 46 37 27 27
0205_0022_0012_0054_0054.jpg 1 22 12 54 54
0206_0041_0041_0051_0051.jpg 1 41 41 51 51
0207_0028_0021_0061_0061.jpg 1 28 21 61 61
0208_0016_0005_0061_0061.jpg 1 16 5 61 61
0209_0036_0053_0036_0036.jpg 1 36 53 36 36
0210_0049_0044_0044_0044.jpg 1 49 44 44 44
0211_0031_0045_0049_0049.jpg 1 31 45 49 49
0212_0014_0024_0032_0032.jpg 1 14 24 32 32
0213_0034_0010_0033_0033.jpg 1 34 10 33 33
0214_0029_0044_0045_0045.jpg 1 29 44 45 45
0215_0008_0004_0058_0058.jpg 1 8 4 58 58
0216_0013_0014_0051_0051.jpg 1 13 14 51 51
0217_0036_0035_0056_0056.jpg 1 36 35 56 56
0218_0004_0024_0061_0061.jpg 1 4 24 61 61
0219_0013_0007_0051_0051.jpg 1 13 7 51 51
0220_0023_0059_0024_0024.jpg 1 23 59 24 24
0221_0012_0026_0049_0049.jpg 1 12 26 49 49
0222_0053_0043_0032_0032.jpg 1 53 43 32 32
0223_0012_0021_0040_0040.jpg 1 12 21 40 40
0224_0033_0006_0059_0059.jpg 1 33 6 59 59
0225_0032_0023_0062_0062.jpg 1 32 23 62 62
0226_0018_0013_0051_0051.jpg 1 18 13 51 51
0227_0059_0066_0026_0026.jpg 1 59 66 26 26
0228_0024_0023_0039_0039.jpg 1 24 23 39 39
0229_0041_0049_0039_0039.jpg 1 41 49 39 39
0230_0025_0020_0064_0064.jpg 1 25 20 64 64
0231_0033_0008_0053_0053.jpg 1 33 8 53 53
0232_0017_0046_0024_0024.jpg 1 17 46 24 24
0233_0026_0018_0054_0054.jpg 1 26 18 54 54
0234_0009_0006_0065_0065.jpg 1 9 6 65 65
0235_0045_0009_0047_0047.jpg 1 45 9 47 47
0236_0020_0023_0067_0067.jpg 1 20 23 67 67
0237_0022_0028_0060_0060.jpg 1 22 28 60 60
0238_0015_0020_0034_0034.jpg 1 15 20 34 34
0239_0042_0020_0037_0037.jpg 1 42 20 37 37
0240_0040_0057_0029_0029.jpg 1 40 57 29 29
0241_0022_0016_0069_0069.jpg 1 22 16 69 69
0242_0029_0028_0029_0029.jpg 1 29 28 29 29
0243_0045_0028_0042_0042.jpg 1 45 28 42 42
0244_0063_0030_0026_0026.jpg 1 63 30 26 26
0245_0046_0013_0024_0024.jpg 1 46 13 24 24
0246_0013_0017_0040_0040.jpg 1 13 17 40 40
0247_0032_0009_0063_0063.jpg 1 32 9 63 63
0248_0007_0024_0061_0061.jpg 1 7 24 61 61
0249_0013_0033_0039_0039.jpg 1 13 33 39 39
0250_0006_0012_0055_0055.jpg 1 6 12 55 55
0251_0027_0021_0060_0060.jpg 1 27 21 60 60
0252_0009_0047_0044_0044.jpg 1 9 47 44 44
0253_0008_0004_0067_0067.jpg 1 8 4 67 67
0254_0064_0021_0028_0028.jpg 1 64 21 28 28
0255_0019_0009_0032_0032.jpg 1 19 9 32 32
0256_0008_0014_0064_0064.jpg 1 8 14 64 64
0257_0031_0011_0057_0057.jpg 1 31 11 57 57
0258_0044_0028_0041_0041.jpg 1 44 28 41 41
0259_0049_0029_0027_0027.jpg 1 49 29 27 27
0260_0020_0029_0061_0061.jpg 1 20 29 61 61
0261_0016_0016_0066_0066.jpg 1 16 16 66 66
0262_0030_0008_0058_0058.jpg 1 30 8 58 58
0263_0018_0019_0035_0035.jpg 1 18 19 35 35
0264_0025_0029_0056_0056.jpg 1 25 29 56 56
0265_0053_0015_0035_0035.jpg 1 53 15 35 35
0266_0008_0050_0026_0026.jpg 1 8 50 26 26
0267_0026_0030_0066_0066.jpg 1 26 30 66 66
0268_0049_0044_0036_0036.jpg 1 49 44 36 36
0269_0020_0008_0029_0029.jpg 1 20 8 29 29
0270_0019_0055_0031_0031.jpg 1 19 55 31 31
0271_0046_0035_0031_0031.jpg 1 46 35 31 31
0272_0013_0027_0051_0051.jpg 1 13 27 51 51
0273_0026_0020_0064_0064.jpg 1 26 20 64 64
0274_0004_0015_0067_0067.jpg 1 4 15 67 67
0275_0047_0008_0027_0027.jpg 1 47 8 27 27
0276_0030_0009_0047_0047.jpg 1 30 9 47 47
0277_0052_0040_0030_0030.jpg 1 52 40 30 30
0278_0026_0058_0035_0035.jpg 1 26 58 35 35
0279_0012_0043_0040_0040.jpg 1 12 43 40 40
0280_0012_0012_0069_0069.jpg 1 12 12 69 69
0281_0030_0029_0056_0056.jpg 1 30 29 56 56
0282_0064_0055_0026_0026.jpg 1 64 55 26 26
0283_0015_0020_0030_0030.jpg 1 15 20 30 30
0284_0040_0036_0040_0040.jpg 1 40 36 40 40
0285_0030_0029_0060_0060.jpg 1 30 29 60 60
0286_0062_0045_0028_0028.jpg 1 62 45 28 28
0287_0023_0005_0057_0057.jpg 1 23 5 57 57
0288_0005_0017_0050_0050.jpg 1 5 17 50 50
0289_0028_0012_0054_0054.jpg 1 28 12 54 54
0290_0014_0020_0041_0041.jpg 1 14 20 41 41
0291_0033_0042_0028_0028.jpg 1 33 42 28 28
0292_0038_0039_0045_0045.jpg 1 38 39 45 45
0293_0039_0067_0025_0025.jpg 1 39 67 25 25
0294_0036_0014_0046_0046.jpg 1 36 14 46 46
0295_0046_0019_0039_0039.jpg 1 46 19 39 39
0296_0016_0058_0034_0034.jpg 1 16 58 34 34
0297_0020_0041_0037_0037.jpg 1 20 41 37 37
0298_0042_0050_0032_0032.jpg 1 42 50 32 32
0299_0023_0021_0056_0056.jpg 1 23 21 56 56
0300_0006_0019_0057_0057.jpg 1 6 19 57 57
0301_0011_0037_0027_0027.jpg 1 11 37 27 27
0302_0034_0014_0036_0036.jpg 1 34 14 36 36
0303_0007_0006_0058_0058.jpg 1 7 6 58 58
0304_0026_0043_0049_0049.jpg 1 26 43 49 49
0305_0008_0050_0036_0036.jpg 1 8 50 36 36
0306_0030_0024_0049_0049.jpg 1 30 24 49 49
0307_0021_0026_0063_0063.jpg 1 21 26 63 63
0308_0027_0030_0064_0064.jpg 1 27 30 64 64
0309_0020_0022_0066_0066.jpg 1 20 22 66 66
0310_0025_0036_0030_0030.jpg 1 25 36 30 30
0311_0023_0032_0055_0055.jpg 1 23 32 55 55
0312_0030_0007_0057_0057.jpg 1 30 7 57 57
0313_0013_0042_0029_0029.jpg 1 13 42 29 29
0314_0023_0007_0029_0029.jpg 1 23 7 29 29
0315_0027_0031_0055_0055.jpg 1 27 31 55 55
0316_0049_0041_0034_0034.jpg 1 49 41 34 34
0317_0017_0015_0065_0065.jpg 1 17 15 65 65
0318_0047_0043_0035_0035.jpg 1 47 43 35 35
0319_0010_0033_0046_0046.jpg 1 10 33 46 46
0320_0012_0015_0042_0042.jpg 1 12 15 42 42
0321_0018_0030_0054_0054.jpg 1 18 30 54 54
0322_0040_0017_0025_0025.jpg 1 40 17 25 25
0323_0040_0005_0045_0045.jpg 1 40 5 45 45
0324_0018_0023_0066_0066.jpg 1 18 23 66 66
0325_0015_0027_0056_0056.jpg 1 15 27 56 56
0326_0004_0012_0068_0068.jpg 1 4 12 68 68
0327_0026_0031_0059_0059.jpg 1 26 31 59 59
0328_0035_0010_0055_0055.jpg 1 35 10 55 55
0329_0019_0010_0053_0053.jpg 1 19 10 53 53
0330_0014_0029_0052_0052.jpg 1 14 29 52 52
0331_0017_0038_0057_0057.jpg 1 17 38 57 57
0332_0029_0041_0054_0054.jpg 1 29 41 54 54
0333_0022_0004_0066_0066.jpg 1 22 4 66 66
0334_0018_0012_0054_0054.jpg 1 18 12 54 54
0335_0044_0006_0040_0040.jpg 1 44 6 40 40
0336_0046_0037_0046_0046.jpg 1 46 37 46 46
0337_0017_0024_0061_0061.jpg 1 17 24 61 61
0338_0012_0039_0044_0044.jpg 1 12 39 44 44
0339_0025_0029_0054_0054.jpg 1 25 29 54 54
0340_0026_0059_0026_0026.jpg 1 26 59 26 26
0341_0040_0028_0032_0032.jpg 1 40 28 32 32
0342_0030_0023_0051_0051.jpg 1 30 23 51 51
0343_0039_0039_0050_0050.jpg 1 39 39 50 50
0344_0014_0033_0050_0050.jpg 1 14 33 50 50
0345_0162_0079_0147_0147.jpg 1 162 79 147 147
0346_0006_0033_0055_0055.jpg 1 6 33 55 55
0347_0018_0035_0040_0040.jpg 1 18 35 40 40
0348_0047_0038_0045_0045.jpg 1 47 38 45 45
0349_0040_0012_0030_0030.jpg 1 40 12 30 30
0350_0020_0036_0042_0042.jpg 1 20 36 42 42
0351_0035_0025_0047_0047.jpg 1 35 25 47 47
0352_0010_0033_0046_0046.jpg 1 10 33 46 46
0353_0030_0017_0038_0038.jpg 1 30 17 38 38
0354_0056_0006_0037_0037.jpg 1 56 6 37 37
0355_0019_0036_0052_0052.jpg 1 19 36 52 52
0356_0003_0016_0067_0067.jpg 1 3 16 67 67
0357_0039_0012_0024_0024.jpg 1 39 12 24 24
0358_0022_0032_0061_0061.jpg 1 22 32 61 61
0359_0022_0026_0069_0069.jpg 1 22 26 69 69
0360_0026_0063_0025_0025.jpg 1 26 63 25 25
0361_0015_0036_0038_0038.jpg 1 15 36 38 38
0362_0015_0020_0043_0043.jpg 1 15 20 43 43
0363_0055_0033_0029_0029.jpg 1 55 33 29 29
0364_0035_0008_0051_0051.jpg 1 35 8 51 51
0365_0011_0016_0050_0050.jpg 1 11 16 50 50
0366_0023_0006_0042_0042.jpg 1 23 6 42 42
0367_0059_0036_0030_0030.jpg 1 59 36 30 30
0368_0010_0029_0057_0057.jpg 1 10 29 57 57
0369_0028_0023_0031_0031.jpg 1 28 23 31 31
0370_0020_0013_0058_0058.jpg 1 20 13 58 58
0371_0040_0027_0048_0048.jpg 1 40 27 48 48
0372_0011_0012_0060_0060.jpg 1 11 12 60 60
0373_0019_0029_0066_0066.jpg 1 19 29 66 66
0374_0047_0049_0037_0037.jpg 1 47 49 37 37
0375_0034_0045_0033_0033.jpg 1 34 45 33 33
0376_0011_0006_0042_0042.jpg 1 11 6 42 42
0377_0068_0064_0024_0024.jpg 1 68 64 24 24
0378_0010_0044_0044_0044.jpg 1 10 44 44 44
0379_0024_0028_0032_0032.jpg 1 24 28 32 32
0380_0054_0042_0039_0039.jpg 1 54 42 39 39
0381_0018_0016_0064_0064.jpg 1 18 16 64 64
0382_0017_0039_0040_0040.jpg 1 17 39 40 40
0383_0025_0051_0040_0040.jpg 1 25 51 40 40
0384_0023_0041_0041_0041.jpg 1 23 41 41 41
0385_0012_0014_0054_0054.jpg 1 12 14 54 54
0386_0043_0014_0033_0033.jpg 1 43 14 33 33
0387_0043_0051_0042_0042.jpg 1 43 51 42 42
0388_0009_0016_0067_0067.jpg 1 9 16 67 67
0389_0027_0053_0033_0033.jpg 1 27 53 33 33
0390_0038_0055_0025_0025.jpg 1 38 55 25 25
0391_0024_0013_0045_0045.jpg 1 24 13 45 45
0392_0004_0019_0069_0069.jpg 1 4 19 69 69
0393_0030_0053_0034_0034.jpg 1 30 53 34 34
0394_0041_0055_0030_0030.jpg 1 41 55 30 30
0395_0016_0039_0039_0039.jpg 1 16 39 39 39
0396_0031_0006_0041_0041.jpg 1 31 6 41 41
0397_0015_0010_0068_0068.jpg 1 15 10 68 68
0398_0060_0054_0024_0024.jpg 1 60 54 24 24
0399_0013_0038_0050_0050.jpg 1 13 38 50 50
0400_0025_0033_0043_0043.jpg 1 25 33 43 43
0401_0038_0006_0055_0055.jpg 1 38 6 55 55
0402_0031_0020_0054_0054.jpg 1 31 20 54 54
0403_0014_0039_0048_0048.jpg 1 14 39 48 48
0404_0020_0014_0052_0052.jpg 1 20 14 52 52
0405_0008_0019_0066_0066.jpg 1 8 19 66 66
0406_0023_0025_0065_0065.jpg 1 23 25 65 65
0407_0050_0032_0025_0025.jpg 1 50 32 25 25
0408_0018_0018_0038_0038.jpg 1 18 18 38 38
0409_0009_0035_0058_0058.jpg 1 9 35 58 58
0410_0054_0028_0039_0039.jpg 1 54 28 39 39
0411_0029_0019_0048_0048.jpg 1 29 19 48 48
0412_0052_0049_0034_0034.jpg 1 52 49 34 34
0413_0014_0008_0069_0069.jpg 1 14 8 69 69
0414_0025_0019_0035_0035.jpg 1 25 19 35 35
0415_0047_0028_0041_0041.jpg 1 47 28 41 41
0416_0046_0048_0033_0033.jpg 1 46 48 33 33
0417_0017_0035_0056_0056.jpg 1 17 35 56 56
0418_0010_0028_0037_0037.jpg 1 10 28 37 37
0419_0013_0036_0059_0059.jpg 1 13 36 59 59
0420_0016_0009_0069_0069.jpg 1 16 9 69 69
0421_0019_0041_0045_0045.jpg 1 19 41 45 45
0422_0028_0012_0039_0039.jpg 1 28 12 39 39
0423_0045_0044_0039_0039.jpg 1 45 44 39 39
0424_0021_0026_0066_0066.jpg 1 21 26 66 66
0425_0016_0037_0057_0057.jpg 1 16 37 57 57
0426_0026_0010_0037_0037.jpg 1 26 10 37 37
0427_0034_0041_0047_0047.jpg 1 34 41 47 47
0428_0018_0029_0032_0032.jpg 1 18 29 32 32
0429_0022_0035_0036_0036.jpg 1 22 35 36 36
0430_0012_0019_0062_0062.jpg 1 12 19 62 62
0431_0038_0008_0050_0050.jpg 1 38 8 50 50
0432_0014_0015_0065_0065.jpg 1 14 15 65 65
0433_0023_0023_0058_0058.jpg 1 23 23 58 58
0434_0006_0029_0045_0045.jpg 1 6 29 45 45
0435_0037_0037_0043_0043.jpg 1 37 37 43 43
0436_0049_0038_0045_0045.jpg 1 49 38 45 45
0437_0058_0017_0031_0031.jpg 1 58 17 31 31
0438_0009_0007_0054_0054.jpg 1 9 7 54 54
0439_0013_0032_0038_0038.jpg 1 13 32 38 38
0440_0026_0022_0069_0069.jpg 1 26 22 69 69
0441_0033_0033_0042_0042.jpg 1 33 33 42 42
0442_0037_0011_0049_0049.jpg 1 37 11 49 49
0443_0026_0005_0048_0048.jpg 1 26 5 48 48
0444_0029_0021_0037_0037.jpg 1 29 21 37 37
0445_0034_0009_0040_0040.jpg 1 34 9 40 40
0446_0005_0030_0056_0056.jpg 1 5 30 56 56
0447_0009_0006_0049_0049.jpg 1 9 6 49 49
0448_0015_0039_0056_0056.jpg 1 15 39 56 56
0449_0020_0015_0052_0052.jpg 1 20 15 52 52
0450_0051_0027_0040_0040.jpg 1 51 27 40 40
0451_0028_0020_0068_0068.jpg 1 28 20 68 68
0452_0024_0036_0053_0053.jpg 1 24 36 53 53
0453_0024_0019_0067_0067.jpg 1 24 19 67 67
0454_0026_0007_0059_0059.jpg 1 26 7 59 59
0455_0027_0034_0056_0056.jpg 1 27 34 56 56
0456_0007_0019_0068_0068.jpg 1 7 19 68 68
0457_0004_0020_0067_0067.jpg 1 4 20 67 67
0458_0016_0008_0046_0046.jpg 1 16 8 46 46
0459_0027_0012_0051_0051.jpg 1 27 12 51 51
0460_0022_0035_0057_0057.jpg 1 22 35 57 57
0461_0016_0012_0063_0063.jpg 1 16 12 63 63
0462_0031_0015_0044_0044.jpg 1 31 15 44 44
0463_0017_0012_0052_0052.jpg 1 17 12 52 52
0464_0009_0015_0066_0066.jpg 1 9 15 66 66
0465_0018_0026_0045_0045.jpg 1 18 26 45 45
0466_0040_0045_0027_0027.jpg 1 40 45 27 27
0467_0007_0029_0050_0050.jpg 1 7 29 50 50
0468_0032_0032_0059_0059.jpg 1 32 32 59 59
0469_0012_0028_0065_0065.jpg 1 12 28 65 65
0470_0006_0012_0035_0035.jpg 1 6 12 35 35
0471_0015_0055_0035_0035.jpg 1 15 55 35 35
0472_0023_0018_0057_0057.jpg 1 23 18 57 57
0473_0045_0035_0032_0032.jpg 1 45 35 32 32
0474_0043_0044_0050_0050.jpg 1 43 44 50 50
0475_0015_0014_0031_0031.jpg 1 15 14 31 31
0476_0027_0005_0060_0060.jpg 1 27 5 60 60
0477_0016_0014_0068_0068.jpg 1 16 14 68 68
0478_0007_0018_0060_0060.jpg 1 7 18 60 60
0479_0031_0048_0044_0044.jpg 1 31 48 44 44
0480_0005_0041_0042_0042.jpg 1 5 41 42 42
0481_0019_0009_0060_0060.jpg 1 19 9 60 60
0482_0006_0012_0064_0064.jpg 1 6 12 64 64
0483_0032_0017_0053_0053.jpg 1 32 17 53 53
0484_0009_0013_0034_0034.jpg 1 9 13 34 34
0485_0021_0010_0037_0037.jpg 1 21 10 37 37
0486_0016_0004_0067_0067.jpg 1 16 4 67 67
0487_0015_0011_0057_0057.jpg 1 15 11 57 57
0488_0025_0040_0035_0035.jpg 1 25 40 35 35
0489_0024_0023_0036_0036.jpg 1 24 23 36 36
0490_0023_0019_0025_0025.jpg 1 23 19 25 25
0491_0010_0031_0035_0035.jpg 1 10 31 35 35
0492_0020_0034_0040_0040.jpg 1 20 34 40 40
0493_0025_0046_0027_0027.jpg 1 25 46 27 27
0494_0032_0043_0031_0031.jpg 1 32 43 31 31
0495_0025_0046_0033_0033.jpg 1 25 46 33 33
0496_0030_0015_0037_0037.jpg 1 30 15 37 37
0497_0049_0009_0025_0025.jpg 1 49 9 25 25
0498_0023_0011_0067_0067.jpg 1 23 11 67 67
0499_0018_0029_0064_0064.jpg 1 18 29 64 64
0500_0022_0016_0066_0066.jpg 1 22 16 66 66
0501_0057_0030_0026_0026.jpg 1 57 30 26 26
0502_0054_0036_0032_0032.jpg 1 54 36 32 32
0503_0027_0036_0038_0038.jpg 1 27 36 38 38
0504_0012_0018_0029_0029.jpg 1 12 18 29 29
0505_0011_0037_0038_0038.jpg 1 11 37 38 38
0506_0031_0036_0024_0024.jpg 1 31 36 24 24
0507_0017_0025_0068_0068.jpg 1 17 25 68 68
0508_0019_0025_0025_0025.jpg 1 19 25 25 25
0509_0044_0025_0036_0036.jpg 1 44 25 36 36
0510_0018_0017_0050_0050.jpg 1 18 17 50 50
0511_0007_0012_0065_0065.jpg 1 7 12 65 65
0512_0035_0022_0034_0034.jpg 1 35 22 34 34
0513_0031_0024_0063_0063.jpg 1 31 24 63 63
0514_0010_0022_0067_0067.jpg 1 10 22 67 67
0515_0039_0051_0024_0024.jpg 1 39 51 24 24
0516_0030_0026_0040_0040.jpg 1 30 26 40 40
0517_0007_0050_0028_0028.jpg 1 7 50 28 28
0518_0027_0021_0043_0043.jpg 1 27 21 43 43
0519_0025_0016_0030_0030.jpg 1 25 16 30 30
0520_0035_0035_0050_0050.jpg 1 35 35 50 50
0521_0018_0035_0028_0028.jpg 1 18 35 28 28
0522_0014_0003_0067_0067.jpg 1 14 3 67 67
0523_0033_0023_0053_0053.jpg 1 33 23 53 53
0524_0006_0021_0060_0060.jpg 1 6 21 60 60
0525_0027_0036_0056_0056.jpg 1 27 36 56 56
0526_0012_0039_0051_0051.jpg 1 12 39 51 51
0527_0020_0035_0058_0058.jpg 1 20 35 58 58
0528_0004_0019_0061_0061.jpg 1 4 19 61 61
0529_0052_0020_0029_0029.jpg 1 52 20 29 29
0530_0030_0019_0055_0055.jpg 1 30 19 55 55
0531_0022_0022_0067_0067.jpg 1 22 22 67 67
0532_0006_0020_0057_0057.jpg 1 6 20 57 57
0533_0042_0022_0035_0035.jpg 1 42 22 35 35
0534_0008_0045_0046_0046.jpg 1 8 45 46 46
0535_0054_0040_0030_0030.jpg 1 54 40 30 30
0536_0020_0008_0068_0068.jpg 1 20 8 68 68
0537_0037_0007_0038_0038.jpg 1 37 7 38 38
0538_0012_0031_0046_0046.jpg 1 12 31 46 46
0539_0006_0009_0064_0064.jpg 1 6 9 64 64
0540_0036_0028_0041_0041.jpg 1 36 28 41 41
0541_0019_0007_0064_0064.jpg 1 19 7 64 64
0542_0043_0007_0044_0044.jpg 1 43 7 44 44
0543_0045_0042_0044_0044.jpg 1 45 42 44 44
0544_0024_0010_0032_0032.jpg 1 24 10 32 32
0545_0004_0018_0063_0063.jpg 1 4 18 63 63
0546_0028_0010_0057_0057.jpg 1 28 10 57 57
0547_0063_0033_0027_0027.jpg 1 63 33 27 27
0548_0017_0028_0059_0059.jpg 1 17 28 59 59
0549_0043_0010_0041_0041.jpg 1 43 10 41 41
0550_0036_0023_0053_0053.jpg 1 36 23 53 53
0551_0041_0037_0047_0047.jpg 1 41 37 47 47
0552_0054_0057_0026_0026.jpg 1 54 57 26 26
0553_0013_0038_0053_0053.jpg 1 13 38 53 53
0554_0030_0028_0065_0065.jpg 1 30 28 65 65
0555_0033_0008_0044_0044.jpg 1 33 8 44 44
0556_0010_0018_0060_0060.jpg 1 10 18 60 60
0557_0032_0010_0041_0041.jpg 1 32 10 41 41
0558_0019_0021_0069_0069.jpg 1 19 21 69 69
0559_0008_0007_0067_0067.jpg 1 8 7 67 67
0560_0014_0020_0051_0051.jpg 1 14 20 51 51
0561_0055_0034_0038_0038.jpg 1 55 34 38 38
0562_0011_0047_0037_0037.jpg 1 11 47 37 37
0563_0015_0030_0065_0065.jpg 1 15 30 65 65
0564_0057_0026_0026_0026.jpg 1 57 26 26 26
0565_0031_0039_0048_0048.jpg 1 31 39 48 48
0566_0006_0009_0055_0055.jpg 1 6 9 55 55
0567_0008_0015_0063_0063.jpg 1 8 15 63 63
0568_0012_0029_0066_0066.jpg 1 12 29 66 66
0569_0045_0024_0040_0040.jpg 1 45 24 40 40
0570_0010_0034_0061_0061.jpg 1 10 34 61 61
0571_0033_0013_0059_0059.jpg 1 33 13 59 59
0572_0023_0021_0056_0056.jpg 1 23 21 56 56
0573_0025_0038_0038_0038.jpg 1 25 38 38 38
0574_0014_0021_0050_0050.jpg 1 14 21 50 50
0575_0042_0042_0049_0049.jpg 1 42 42 49 49
0576_0047_0052_0039_0039.jpg 1 47 52 39 39
0577_0029_0047_0044_0044.jpg 1 29 47 44 44
0578_0010_0018_0027_0027.jpg 1 10 18 27 27
0579_0034_0017_0052_0052.jpg 1 34 17 52 52
0580_0026_0014_0026_0026.jpg 1 26 14 26 26
0581_0036_0027_0055_0055.jpg 1 36 27 55 55
0582_0045_0059_0025_0025.jpg 1 45 59 25 25
0583_0040_0038_0042_0042.jpg 1 40 38 42 42
0584_0036_0047_0034_0034.jpg 1 36 47 34 34
0585_0046_0045_0045_0045.jpg 1 46 45 45 45
0586_0012_0007_0040_0040.jpg 1 12 7 40 40
0587_0027_0036_0057_0057.jpg 1 27 36 57 57
0588_0028_0008_0036_0036.jpg 1 28 8 36 36
0589_0027_0007_0054_0054.jpg 1 27 7 54 54
0590_0021_0007_0025_0025.jpg 1 21 7 25 25
0591_0049_0036_0033_0033.jpg 1 49 36 33 33
0592_0020_0026_0043_0043.jpg 1 20 26 43 43
0593_0023_0022_0028_0028.jpg 1 23 22 28 28
0594_0038_0012_0044_0044.jpg 1 38 12 44 44
0595_0021_0017_0050_0050.jpg 1 21 17 50 50
0596_0009_0044_0029_0029.jpg 1 9 44 29 29
0597_0016_0047_0039_0039.jpg 1 16 47 39 39
0598_0058_0021_0033_0033.jpg 1 58 21 33 33
0599_0032_0036_0056_0056.jpg 1 32 36 56 56
0600_0022_0024_0045_0045.jpg 1 22 24 45 45
0601_0041_0048_0031_0031.jpg 1 41 48 31 31
0602_0035_0020_0040_0040.jpg 1 35 20 40 40
0603_0045_0047_0045_0045.jpg 1 45 47 45 45
0604_0055_0048_0037_0037.jpg 1 55 48 37 37
0605_0048_0037_0028_0028.jpg 1 48 37 28 28
0606_0022_0012_0068_0068.jpg 1 22 12 68 68
0607_0035_0005_0048_0048.jpg 1 35 5 48 48
0608_0011_0033_0046_0046.jpg 1 11 33 46 46
0609_0067_0013_0024_0024.jpg 1 67 13 24 24
0610_0015_0010_0037_0037.jpg 1 15 10 37 37
0611_0027_0020_0036_0036.jpg 1 27 20 36 36
0612_0032_0054_0025_0025.jpg 1 32 54 25 25
0613_0044_0005_0045_0045.jpg 1 44 5 45 45
0614_0033_0012_0057_0057.jpg 1 33 12 57 57
0615_0034_0015_0044_0044.jpg 1 34 15 44 44
0616_0021_0007_0068_0068.jpg 1 21 7 68 68
0617_0035_0018_0041_0041.jpg 1 35 18 41 41
0618_0032_0021_0043_0043.jpg 1 32 21 43 43
0619_0016_0006_0061_0061.jpg 1 16 6 61 61
0620_0053_0020_0040_0040.jpg 1 53 20 40 40
0621_0017_0011_0030_0030.jpg 1 17 11 30 30
0622_0034_0010_0039_0039.jpg 1 34 10 39 39
0623_0030_0042_0047_0047.jpg 1 30 42 47 47
0624_0004_0032_0057_0057.jpg 1 4 32 57 57
0625_0014_0008_0065_0065.jpg 1 14 8 65 65
0626_0012_0043_0032_0032.jpg 1 12 43 32 32
0627_0028_0033_0029_0029.jpg 1 28 33 29 29
0628_0018_0039_0050_0050.jpg 1 18 39 50 50
0629_0010_0052_0031_0031.jpg 1 10 52 31 31
0630_0060_0017_0024_0024.jpg 1 60 17 24 24
0631_0013_0030_0055_0055.jpg 1 13 30 55 55
0632_0009_0028_0059_0059.jpg 1 9 28 59 59
0633_0007_0011_0030_0030.jpg 1 7 11 30 30
0634_0037_0038_0035_0035.jpg 1 37 38 35 35
0635_0008_0032_0041_0041.jpg 1 8 32 41 41
0636_0016_0015_0069_0069.jpg 1 16 15 69 69
0637_0021_0053_0024_0024.jpg 1 21 53 24 24
0638_0030_0009_0059_0059.jpg 1 30 9 59 59
0639_0007_0038_0046_0046.jpg 1 7 38 46 46
0640_0016_0018_0055_0055.jpg 1 16 18 55 55
0641_0003_0012_0068_0068.jpg 1 3 12 68 68
0642_0032_0030_0063_0063.jpg 1 32 30 63 63
0643_0048_0017_0042_0042.jpg 1 48 17 42 42
0644_0017_0013_0046_0046.jpg 1 17 13 46 46
0645_0032_0014_0031_0031.jpg 1 32 14 31 31
0646_0015_0053_0039_0039.jpg 1 15 53 39 39
0647_0036_0020_0051_0051.jpg 1 36 20 51 51
0648_0052_0057_0028_0028.jpg 1 52 57 28 28
0649_0042_0029_0049_0049.jpg 1 42 29 49 49
0650_0023_0042_0048_0048.jpg 1 23 42 48 48
0651_0031_0005_0063_0063.jpg 1 31 5 63 63
0652_0035_0049_0030_0030.jpg 1 35 49 30 30
0653_0012_0030_0051_0051.jpg 1 12 30 51 51
0654_0017_0010_0039_0039.jpg 1 17 10 39 39
0655_0038_0013_0036_0036.jpg 1 38 13 36 36
0656_0036_0016_0039_0039.jpg 1 36 16 39 39
0657_0019_0021_0067_0067.jpg 1 19 21 67 67
0658_0021_0048_0035_0035.jpg 1 21 48 35 35
0659_0012_0017_0033_0033.jpg 1 12 17 33 33
0660_0060_0041_0024_0024.jpg 1 60 41 24 24
0661_0039_0044_0031_0031.jpg 1 39 44 31 31
0662_0031_0014_0047_0047.jpg 1 31 14 47 47
0663_0025_0024_0057_0057.jpg 1 25 24 57 57
0664_0023_0030_0027_0027.jpg 1 23 30 27 27
0665_0014_0031_0027_0027.jpg 1 14 31 27 27
0666_0008_0006_0049_0049.jpg 1 8 6 49 49
0667_0036_0034_0041_0041.jpg 1 36 34 41 41
0668_0013_0022_0064_0064.jpg 1 13 22 64 64
0669_0048_0064_0028_0028.jpg 1 48 64 28 28
0670_0011_0013_0062_0062.jpg 1 11 13 62 62
0671_0045_0049_0043_0043.jpg 1 45 49 43 43
0672_0025_0008_0059_0059.jpg 1 25 8 59 59
0673_0041_0029_0046_0046.jpg 1 41 29 46 46
0674_0031_0030_0041_0041.jpg 1 31 30 41 41
0675_0020_0015_0062_0062.jpg 1 20 15 62 62
0676_0013_0005_0052_0052.jpg 1 13 5 52 52
0677_0015_0019_0037_0037.jpg 1 15 19 37 37
0678_0061_0044_0027_0027.jpg 1 61 44 27 27
0679_0025_0037_0043_0043.jpg 1 25 37 43 43
0680_0031_0023_0063_0063.jpg 1 31 23 63 63
0681_0017_0009_0026_0026.jpg 1 17 9 26 26
0682_0022_0024_0069_0069.jpg 1 22 24 69 69
0683_0017_0022_0052_0052.jpg 1 17 22 52 52
0684_0009_0026_0064_0064.jpg 1 9 26 64 64
0685_0032_0014_0047_0047.jpg 1 32 14 47 47
0686_0034_0020_0037_0037.jpg 1 34 20 37 37
0687_0024_0046_0047_0047.jpg 1 24 46 47 47
0688_0011_0024_0064_0064.jpg 1 11 24 64 64
0689_0016_0008_0043_0043.jpg 1 16 8 43 43
0690_0009_0052_0041_0041.jpg 1 9 52 41 41
0691_0013_0029_0055_0055.jpg 1 13 29 55 55
0692_0039_0029_0050_0050.jpg 1 39 29 50 50
0693_0016_0024_0067_0067.jpg 1 16 24 67 67
0694_0058_0063_0029_0029.jpg 1 58 63 29 29
0695_0011_0052_0036_0036.jpg 1 11 52 36 36
0696_0041_0049_0035_0035.jpg 1 41 49 35 35
0697_0023_0028_0066_0066.jpg 1 23 28 66 66
0698_0013_0019_0047_0047.jpg 1 13 19 47 47
0699_0027_0050_0041_0041.jpg 1 27 50 41 41
0700_0009_0033_0057_0057.jpg 1 9 33 57 57
0701_0023_0004_0068_0068.jpg 1 23 4 68 68
0702_0039_0006_0039_0039.jpg 1 39 6 39 39
0703_0009_0056_0037_0037.jpg 1 9 56 37 37
0704_0042_0044_0047_0047.jpg 1 42 44 47 47
0705_0025_0005_0058_0058.jpg 1 25 5 58 58
0706_0040_0006_0051_0051.jpg 1 40 6 51 51
0707_0025_0006_0048_0048.jpg 1 25 6 48 48
0708_0012_0019_0066_0066.jpg 1 12 19 66 66
0709_0041_0055_0038_0038.jpg 1 41 55 38 38
0710_0051_0023_0034_0034.jpg 1 51 23 34 34
0711_0020_0038_0038_0038.jpg 1 20 38 38 38
0712_0025_0028_0057_0057.jpg 1 25 28 57 57
0713_0027_0068_0024_0024.jpg 1 27 68 24 24
0714_0009_0011_0029_0029.jpg 1 9 11 29 29
0715_0012_0017_0049_0049.jpg 1 12 17 49 49
0716_0034_0036_0028_0028.jpg 1 34 36 28 28
0717_0044_0020_0033_0033.jpg 1 44 20 33 33
0718_0033_0011_0045_0045.jpg 1 33 11 45 45
0719_0016_0028_0028_0028.jpg 1 16 28 28 28
0720_0014_0016_0052_0052.jpg 1 14 16 52 52
0721_0036_0015_0056_0056.jpg 1 36 15 56 56
0722_0035_0018_0042_0042.jpg 1 35 18 42 42
0723_0039_0020_0026_0026.jpg 1 39 20 26 26
0724_0020_0052_0036_0036.jpg 1 20 52 36 36
0725_0017_0004_0057_0057.jpg 1 17 4 57 57
0726_0035_0007_0038_0038.jpg 1 35 7 38 38
0727_0015_0014_0064_0064.jpg 1 15 14 64 64
0728_0040_0044_0044_0044.jpg 1 40 44 44 44
0729_0021_0025_0054_0054.jpg 1 21 25 54 54
0730_0029_0023_0038_0038.jpg 1 29 23 38 38
0731_0052_0015_0028_0028.jpg 1 52 15 28 28
0732_0025_0027_0041_0041.jpg 1 25 27 41 41
0733_0045_0027_0048_0048.jpg 1 45 27 48 48
0734_0030_0045_0041_0041.jpg 1 30 45 41 41
0735_0006_0041_0052_0052.jpg 1 6 41 52 52
0736_0045_0041_0046_0046.jpg 1 45 41 46 46
0737_0022_0008_0059_0059.jpg 1 22 8 59 59
0738_0056_0036_0034_0034.jpg 1 56 36 34 34
0739_0019_0032_0033_0033.jpg 1 19 32 33 33
0740_0021_0010_0058_0058.jpg 1 21 10 58 58
0741_0049_0035_0037_0037.jpg 1 49 35 37 37
0742_0025_0006_0038_0038.jpg 1 25 6 38 38
0743_0017_0029_0055_0055.jpg 1 17 29 55 55
0744_0005_0033_0049_0049.jpg 1 5 33 49 49
0745_0041_0028_0053_0053.jpg 1 41 28 53 53
0746_0019_0019_0031_0031.jpg 1 19 19 31 31
0747_0040_0023_0041_0041.jpg 1 40 23 41 41
0748_0042_0045_0041_0041.jpg 1 42 45 41 41
0749_0014_0044_0026_0026.jpg 1 14 44 26 26
0750_0006_0043_0047_0047.jpg 1 6 43 47 47
0751_0043_0009_0050_0050.jpg 1 43 9 50 50
0752_0029_0029_0025_0025.jpg 1 29 29 25 25
0753_0044_0034_0038_0038.jpg 1 44 34 38 38
0754_0023_0020_0042_0042.jpg 1 23 20 42 42
0755_0034_0022_0037_0037.jpg 1 34 22 37 37
0756_0026_0036_0030_0030.jpg 1 26 36 30 30
0757_0027_0005_0055_0055.jpg 1 27 5 55 55
0758_0004_0027_0062_0062.jpg 1 4 27 62 62
0759_0024_0061_0025_0025.jpg 1 24 61 25 25
0760_0007_0030_0035_0035.jpg 1 7 30 35 35
0761_0029_0015_0050_0050.jpg 1 29 15 50 50
0762_0008_0031_0045_0045.jpg 1 8 31 45 45
0763_0011_0027_0044_0044.jpg 1 11 27 44 44
0764_0014_0019_0046_0046.jpg 1 14 19 46 46
0765_0010_0035_0057_0057.jpg 1 10 35 57 57
0766_0011_0022_0039_0039.jpg 1 11 22 39 39
0767_0039_0023_0042_0042.jpg 1 39 23 42 42
0768_0037_0018_0058_0058.jpg 1 37 18 58 58
0769_0017_0031_0033_0033.jpg 1 17 31 33 33
0770_0003_0009_0064_0064.jpg 1 3 9 64 64
0771_0035_0026_0044_0044.jpg 1 35 26 44 44
0772_0023_0006_0037_0037.jpg 1 23 6 37 37
0773_0010_0005_0069_0069.jpg 1 10 5 69 69
0774_0018_0054_0038_0038.jpg 1 18 54 38 38
0775_0027_0041_0047_0047.jpg 1 27 41 47 47
0776_0016_0023_0045_0045.jpg 1 16 23 45 45
0777_0022_0008_0045_0045.jpg 1 22 8 45 45
0778_0037_0010_0050_0050.jpg 1 37 10 50 50
0779_0040_0013_0050_0050.jpg 1 40 13 50 50
0780_0018_0016_0050_0050.jpg 1 18 16 50 50
0781_0018_0009_0051_0051.jpg 1 18 9 51 51
0782_0037_0008_0054_0054.jpg 1 37 8 54 54
0783_0045_0022_0048_0048.jpg 1 45 22 48 48
0784_0045_0014_0044_0044.jpg 1 45 14 44 44
0785_0010_0004_0067_0067.jpg 1 10 4 67 67
0786_0007_0043_0033_0033.jpg 1 7 43 33 33
0787_0013_0007_0064_0064.jpg 1 13 7 64 64
0788_0027_0020_0047_0047.jpg 1 27 20 47 47
0789_0040_0031_0034_0034.jpg 1 40 31 34 34
0790_0016_0005_0063_0063.jpg 1 16 5 63 63
0791_0054_0020_0027_0027.jpg 1 54 20 27 27
0792_0024_0010_0063_0063.jpg 1 24 10 63 63
0793_0022_0058_0028_0028.jpg 1 22 58 28 28
0794_0015_0037_0031_0031.jpg 1 15 37 31 31
0795_0028_0043_0046_0046.jpg 1 28 43 46 46
0796_0024_0019_0057_0057.jpg 1 24 19 57 57
0797_0019_0018_0065_0065.jpg 1 19 18 65 65
0798_0020_0018_0056_0056.jpg 1 20 18 56 56
0799_0029_0021_0064_0064.jpg 1 29 21 64 64
0800_0034_0033_0046_0046.jpg 1 34 33 46 46
0801_0016_0003_0066_0066.jpg 1 16 3 66 66
0802_0027_0005_0056_0056.jpg 1 27 5 56 56
0803_0015_0019_0065_0065.jpg 1 15 19 65 65
0804_0017_0021_0067_0067.jpg 1 17 21 67 67
0805_0011_0008_0069_0069.jpg 1 11 8 69 69
0806_0061_0031_0028_0028.jpg 1 61 31 28 28
0807_0021_0020_0035_0035.jpg 1 21 20 35 35
0808_0056_0057_0028_0028.jpg 1 56 57 28 28
0809_0010_0004_0067_0067.jpg 1 10 4 67 67
0810_0044_0058_0028_0028.jpg 1 44 58 28 28
0811_0018_0014_0069_0069.jpg 1 18 14 69 69
0812_0016_0029_0060_0060.jpg 1 16 29 60 60
0813_0038_0044_0046_0046.jpg 1 38 44 46 46
0814_0028_0020_0059_0059.jpg 1 28 20 59 59
0815_0014_0010_0041_0041.jpg 1 14 10 41 41
0816_0031_0031_0051_0051.jpg 1 31 31 51 51
0817_0017_0024_0055_0055.jpg 1 17 24 55 55
0818_0023_0014_0058_0058.jpg 1 23 14 58 58
0819_0050_0062_0024_0024.jpg 1 50 62 24 24
0820_0030_0021_0053_0053.jpg 1 30 21 53 53
0821_0022_0020_0065_0065.jpg 1 22 20 65 65
0822_0036_0048_0034_0034.jpg 1 36 48 34 34
0823_0024_0007_0049_0049.jpg 1 24 7 49 49
0824_0009_0009_0025_0025.jpg 1 9 9 25 25
0825_0033_0014_0039_0039.jpg 1 33 14 39 39
0826_0022_0015_0061_0061.jpg 1 22 15 61 61
0827_0005_0035_0046_0046.jpg 1 5 35 46 46
0828_0023_0030_0064_0064.jpg 1 23 30 64 64
0829_0031_0020_0054_0054.jpg 1 31 20 54 54
0830_0025_0037_0056_0056.jpg 1 25 37 56 56
0831_0038_0028_0046_0046.jpg 1 38 28 46 46
0832_0008_0048_0045_0045.jpg 1 8 48 45 45
0833_0038_0030_0029_0029.jpg 1 38 30 29 29
0834_0046_0053_0037_0037.jpg 1 46 53 37 37
0835_0026_0020_0062_0062.jpg 1 26 20 62 62
0836_0014_0041_0051_0051.jpg 1 14 41 51 51
0837_0060_0038_0032_0032.jpg 1 60 38 32 32
0838_0011_0008_0051_0051.jpg 1 11 8 51 51
0839_0009_0025_0069_0069.jpg 1 9 25 69 69
0840_0037_0040_0043_0043.jpg 1 37 40 43 43
0841_0026_0040_0052_0052.jpg 1 26 40 52 52
0842_0016_0019_0060_0060.jpg 1 16 19 60 60
0843_0011_0049_0026_0026.jpg 1 11 49 26 26
0844_0018_0023_0039_0039.jpg 1 18 23 39 39
0845_0007_0026_0056_0056.jpg 1 7 26 56 56
0846_0012_0024_0038_0038.jpg 1 12 24 38 38
0847_0019_0014_0025_0025.jpg 1 19 14 25 25
0848_0023_0014_0069_0069.jpg 1 23 14 69 69
0849_0011_0027_0067_0067.jpg 1 11 27 67 67
0850_0009_0012_0054_0054.jpg 1 9 12 54 54
0851_0008_0006_0066_0066.jpg 1 8 6 66 66
0852_0005_0004_0064_0064.jpg 1 5 4 64 64
0853_0026_0009_0059_0059.jpg 1 26 9 59 59
0854_0011_0022_0060_0060.jpg 1 11 22 60 60
0855_0018_0018_0061_0061.jpg 1 18 18 61 61
0856_0044_0032_0042_0042.jpg 1 44 32 42 42
0857_0026_0050_0042_0042.jpg 1 26 50 42 42
0858_0060_0026_0029_0029.jpg 1 60 26 29 29
0859_0010_0026_0069_0069.jpg 1 10 26 69 69
0860_0029_0025_0051_0051.jpg 1 29 25 51 51
0861_0028_0025_0068_0068.jpg 1 28 25 68 68
0862_0049_0038_0030_0030.jpg 1 49 38 30 30
0863_0037_0018_0044_0044.jpg 1 37 18 44 44
0864_0012_0033_0047_0047.jpg 1 12 33 47 47
0865_0013_0026_0066_0066.jpg 1 13 26 66 66
0866_0005_0004_0062_0062.jpg 1 5 4 62 62
0867_0016_0032_0029_0029.jpg 1 16 32 29 29
0868_0015_0042_0041_0041.jpg 1 15 42 41 41
0869_0014_0028_0061_0061.jpg 1 14 28 61 61
0870_0007_0028_0063_0063.jpg 1 7 28 63 63
0871_0009_0018_0069_0069.jpg 1 9 18 69 69
0872_0028_0034_0061_0061.jpg 1 28 34 61 61
0873_0020_0009_0059_0059.jpg 1 20 9 59 59
0874_0060_0028_0026_0026.jpg 1 60 28 26 26
0875_0007_0016_0042_0042.jpg 1 7 16 42 42
0876_0037_0033_0043_0043.jpg 1 37 33 43 43
0877_0013_0052_0039_0039.jpg 1 13 52 39 39
0878_0023_0004_0057_0057.jpg 1 23 4 57 57
0879_0041_0013_0048_0048.jpg 1 41 13 48 48
0880_0018_0012_0027_0027.jpg 1 18 12 27 27
0881_0049_0022_0025_0025.jpg 1 49 22 25 25
0882_0036_0025_0052_0052.jpg 1 36 25 52 52
0883_0028_0008_0040_0040.jpg 1 28 8 40 40
0884_0026_0028_0025_0025.jpg 1 26 28 25 25
0885_0008_0020_0031_0031.jpg 1 8 20 31 31
0886_0005_0020_0067_0067.jpg 1 5 20 67 67
0887_0030_0056_0033_0033.jpg 1 30 56 33 33
0888_0005_0012_0063_0063.jpg 1 5 12 63 63
0889_0030_0019_0064_0064.jpg 1 30 19 64 64
0890_0049_0066_0025_0025.jpg 1 49 66 25 25
0891_0006_0011_0050_0050.jpg 1 6 11 50 50
0892_0041_0013_0049_0049.jpg 1 41 13 49 49
0893_0029_0044_0026_0026.jpg 1 29 44 26 26
0894_0036_0020_0038_0038.jpg 1 36 20 38 38
0895_0042_0041_0031_0031.jpg 1 42 41 31 31
0896_0010_0020_0067_0067.jpg 1 10 20 67 67
0897_0034_0013_0036_0036.jpg 1 34 13 36 36
0898_0033_0033_0051_0051.jpg 1 33 33 51 51
0899_0025_0051_0030_0030.jpg 1 25 51 30 30
0900_0020_0044_0050_0050.jpg 1 20 44 50 50
0901_0016_0010_0042_0042.jpg 1 16 10 42 42
0902_0036_0039_0055_0055.jpg 1 36 39 55 55
0903_0017_0031_0052_0052.jpg 1 17 31 52 52
0904_0028_0026_0058_0058.jpg 1 28 26 58 58
0905_0022_0044_0029_0029.jpg 1 22 44 29 29
0906_0049_0056_0034_0034.jpg 1 49 56 34 34
0907_0034_0009_0036_0036.jpg 1 34 9 36 36
0908_0041_0044_0026_0026.jpg 1 41 44 26 26
0909_0014_0045_0039_0039.jpg 1 14 45 39 39
0910_0025_0016_0033_0033.jpg 1 25 16 33 33
0911_0017_0014_0064_0064.jpg 1 17 14 64 64
0912_0048_0020_0043_0043.jpg 1 48 20 43 43
0913_0038_0036_0033_0033.jpg 1 38 36 33 33
0914_0034_0024_0030_0030.jpg 1 34 24 30 30
0915_0050_0015_0033_0033.jpg 1 50 15 33 33
0916_0039_0019_0053_0053.jpg 1 39 19 53 53
0917_0021_0047_0035_0035.jpg 1 21 47 35 35
0918_0065_0018_0027_0027.jpg 1 65 18 27 27
0919_0053_0050_0029_0029.jpg 1 53 50 29 29
0920_0020_0023_0051_0051.jpg 1 20 23 51 51
0921_0029_0050_0038_0038.jpg 1 29 50 38 38
0922_0005_0014_0066_0066.jpg 1 5 14 66 66
0923_0027_0018_0053_0053.jpg 1 27 18 53 53
0924_0019_0023_0049_0049.jpg 1 19 23 49 49
0925_0037_0030_0052_0052.jpg 1 37 30 52 52
0926_0008_0031_0054_0054.jpg 1 8 31 54 54
0927_0055_0032_0031_0031.jpg 1 55 32 31 31
0928_0041_0045_0046_0046.jpg 1 41 45 46 46
0929_0023_0008_0030_0030.jpg 1 23 8 30 30
0930_0016_0016_0053_0053.jpg 1 16 16 53 53
0931_0029_0036_0047_0047.jpg 1 29 36 47 47
0932_0047_0061_0027_0027.jpg 1 47 61 27 27
0933_0023_0027_0042_0042.jpg 1 23 27 42 42
0934_0022_0026_0053_0053.jpg 1 22 26 53 53
0935_0011_0010_0060_0060.jpg 1 11 10 60 60
0936_0006_0004_0061_0061.jpg 1 6 4 61 61
0937_0016_0020_0059_0059.jpg 1 16 20 59 59
0938_0030_0008_0045_0045.jpg 1 30 8 45 45
0939_0024_0012_0067_0067.jpg 1 24 12 67 67
0940_0019_0029_0049_0049.jpg 1 19 29 49 49
0941_0039_0006_0056_0056.jpg 1 39 6 56 56
0942_0021_0029_0030_0030.jpg 1 21 29 30 30
0943_0017_0010_0063_0063.jpg 1 17 10 63 63
0944_0039_0006_0047_0047.jpg 1 39 6 47 47
0945_0011_0026_0051_0051.jpg 1 11 26 51 51
0946_0010_0034_0041_0041.jpg 1 10 34 41 41
0947_0028_0045_0037_0037.jpg 1 28 45 37 37
0948_0025_0007_0043_0043.jpg 1 25 7 43 43
0949_0025_0046_0044_0044.jpg 1 25 46 44 44
0950_0055_0013_0025_0025.jpg 1 55 13 25 25
0951_0007_0017_0060_0060.jpg 1 7 17 60 60
0952_0007_0018_0066_0066.jpg 1 7 18 66 66
0953_0051_0031_0034_0034.jpg 1 51 31 34 34
0954_0051_0011_0041_0041.jpg 1 51 11 41 41
0955_0037_0018_0038_0038.jpg 1 37 18 38 38
0956_0046_0059_0033_0033.jpg 1 46 59 33 33
0957_0059_0021_0033_0033.jpg 1 59 21 33 33
0958_0036_0044_0027_0027.jpg 1 36 44 27 27
0959_0034_0030_0059_0059.jpg 1 34 30 59 59
0960_0038_0034_0052_0052.jpg 1 38 34 52 52
0961_0033_0046_0024_0024.jpg 1 33 46 24 24
0962_0034_0032_0040_0040.jpg 1 34 32 40 40
0963_0011_0050_0026_0026.jpg 1 11 50 26 26
0964_0017_0039_0037_0037.jpg 1 17 39 37 37
0965_0006_0008_0046_0046.jpg 1 6 8 46 46
0966_0027_0031_0045_0045.jpg 1 27 31 45 45
0967_0005_0035_0053_0053.jpg 1 5 35 53 53
0968_0021_0014_0051_0051.jpg 1 21 14 51 51
0969_0031_0026_0057_0057.jpg 1 31 26 57 57
0970_0041_0007_0034_0034.jpg 1 41 7 34 34
0971_0020_0044_0030_0030.jpg 1 20 44 30 30
0972_0042_0021_0052_0052.jpg 1 42 21 52 52
0973_0036_0014_0038_0038.jpg 1 36 14 38 38
0974_0022_0030_0057_0057.jpg 1 22 30 57 57
0975_0022_0045_0042_0042.jpg 1 22 45 42 42
0976_0054_0057_0031_0031.jpg 1 54 57 31 31
0977_0007_0038_0054_0054.jpg 1 7 38 54 54
0978_0010_0020_0065_0065.jpg 1 10 20 65 65
0979_0029_0018_0043_0043.jpg 1 29 18 43 43
0980_0033_0007_0062_0062.jpg 1 33 7 62 62
0981_0019_0047_0045_0045.jpg 1 19 47 45 45
0982_0020_0023_0068_0068.jpg 1 20 23 68 68
0983_0011_0042_0040_0040.jpg 1 11 42 40 40
0984_0039_0018_0053_0053.jpg 1 39 18 53 53
0985_0010_0017_0045_0045.jpg 1 10 17 45 45
0986_0017_0007_0025_0025.jpg 1 17 7 25 25
0987_0004_0025_0066_0066.jpg 1 4 25 66 66
0988_0033_0005_0045_0045.jpg 1 33 5 45 45
0989_0014_0064_0028_0028.jpg 1 14 64 28 28
0990_0059_0040_0030_0030.jpg 1 59 40 30 30
0991_0010_0040_0054_0054.jpg 1 10 40 54 54
0992_0050_0016_0040_0040.jpg 1 50 16 40 40
0993_0034_0022_0046_0046.jpg 1 34 22 46 46
0994_0033_0040_0043_0043.jpg 1 33 40 43 43
0995_0036_0046_0039_0039.jpg 1 36 46 39 39
0996_0009_0020_0054_0054.jpg 1 9 20 54 54
0997_0044_0048_0043_0043.jpg 1 44 48 43 43
0998_0009_0003_0065_0065.jpg 1 9 3 65 65
0999_0046_0020_0044_0044.jpg 1 46 20 44 44
1000_0056_0052_0033_0033.jpg 1 56 52 33 33
1001_0006_0027_0053_0053.jpg 1 6 27 53 53
1002_0041_0051_0027_0027.jpg 1 41 51 27 27
1003_0037_0045_0044_0044.jpg 1 37 45 44 44
1004_0024_0006_0063_0063.jpg 1 24 6 63 63
1005_0034_0010_0047_0047.jpg 1 34 10 47 47
1006_0019_0021_0061_0061.jpg 1 19 21 61 61
1007_0032_0037_0058_0058.jpg 1 32 37 58 58
1008_0008_0049_0034_0034.jpg 1 8 49 34 34
1009_0013_0014_0027_0027.jpg 1 13 14 27 27
1010_0006_0016_0063_0063.jpg 1 6 16 63 63
1011_0043_0055_0029_0029.jpg 1 43 55 29 29
1012_0025_0029_0060_0060.jpg 1 25 29 60 60
1013_0014_0041_0040_0040.jpg 1 14 41 40 40
1014_0023_0025_0061_0061.jpg 1 23 25 61 61
1015_0010_0020_0028_0028.jpg 1 10 20 28 28
1016_0021_0027_0068_0068.jpg 1 21 27 68 68
1017_0025_0006_0069_0069.jpg 1 25 6 69 69
1018_0011_0025_0064_0064.jpg 1 11 25 64 64
1019_0033_0029_0058_0058.jpg 1 33 29 58 58
1020_0045_0035_0048_0048.jpg 1 45 35 48 48
1021_0017_0010_0069_0069.jpg 1 17 10 69 69
1022_0052_0014_0034_0034.jpg 1 52 14 34 34
1023_0048_0053_0035_0035.jpg 1 48 53 35 35
1024_0052_0046_0035_0035.jpg 1 52 46 35 35
1025_0005_0020_0049_0049.jpg 1 5 20 49 49
1026_0058_0031_0028_0028.jpg 1 58 31 28 28
1027_0024_0015_0028_0028.jpg 1 24 15 28 28
1028_0013_0014_0066_0066.jpg 1 13 14 66 66
1029_0018_0034_0048_0048.jpg 1 18 34 48 48
1030_0006_0015_0069_0069.jpg 1 6 15 69 69
1031_0047_0022_0044_0044.jpg 1 47 22 44 44
1032_0041_0026_0031_0031.jpg 1 41 26 31 31
1033_0012_0017_0041_0041.jpg 1 12 17 41 41
1034_0025_0022_0058_0058.jpg 1 25 22 58 58
1035_0026_0017_0066_0066.jpg 1 26 17 66 66
1036_0010_0058_0033_0033.jpg 1 10 58 33 33
1037_0031_0027_0029_0029.jpg 1 31 27 29 29
1038_0013_0018_0064_0064.jpg 1 13 18 64 64
1039_0019_0005_0062_0062.jpg 1 19 5 62 62
1040_0036_0013_0050_0050.jpg 1 36 13 50 50
1041_0006_0009_0067_0067.jpg 1 6 9 67 67
1042_0028_0010_0058_0058.jpg 1 28 10 58 58
1043_0047_0028_0042_0042.jpg 1 47 28 42 42
1044_0050_0017_0031_0031.jpg 1 50 17 31 31
1045_0013_0055_0029_0029.jpg 1 13 55 29 29
1046_0028_0007_0034_0034.jpg 1 28 7 34 34
1047_0024_0005_0061_0061.jpg 1 24 5 61 61
1048_0018_0032_0060_0060.jpg 1 18 32 60 60
1049_0016_0035_0060_0060.jpg 1 16 35 60 60
1050_0020_0022_0043_0043.jpg 1 20 22 43 43
1051_0037_0013_0026_0026.jpg 1 37 13 26 26
1052_0021_0004_0060_0060.jpg 1 21 4 60 60
1053_0027_0025_0051_0051.jpg 1 27 25 51 51
1054_0018_0013_0067_0067.jpg 1 18 13 67 67
1055_0027_0039_0056_0056.jpg 1 27 39 56 56
1056_0034_0056_0025_0025.jpg 1 34 56 25 25
1057_0049_0022_0032_0032.jpg 1 49 22 32 32
1058_0022_0013_0062_0062.jpg 1 22 13 62 62
1059_0033_0027_0063_0063.jpg 1 33 27 63 63
1060_0060_0049_0032_0032.jpg 1 60 49 32 32
1061_0005_0021_0068_0068.jpg 1 5 21 68 68
1062_0012_0015_0060_0060.jpg 1 12 15 60 60
1063_0058_0009_0024_0024.jpg 1 58 9 24 24
1064_0038_0049_0042_0042.jpg 1 38 49 42 42
1065_0010_0043_0035_0035.jpg 1 10 43 35 35
1066_0028_0010_0032_0032.jpg 1 28 10 32 32
1067_0004_0033_0054_0054.jpg 1 4 33 54 54
1068_0021_0025_0069_0069.jpg 1 21 25 69 69
1069_0029_0005_0065_0065.jpg 1 29 5 65 65
1070_0021_0030_0038_0038.jpg 1 21 30 38 38
1071_0041_0044_0038_0038.jpg 1 41 44 38 38
1072_0032_0020_0064_0064.jpg 1 32 20 64 64
1073_0032_0016_0056_0056.jpg 1 32 16 56 56
1074_0019_0040_0042_0042.jpg 1 19 40 42 42
1075_0050_0028_0042_0042.jpg 1 50 28 42 42
1076_0017_0033_0047_0047.jpg 1 17 33 47 47
1077_0018_0004_0060_0060.jpg 1 18 4 60 60
1078_0044_0038_0031_0031.jpg 1 44 38 31 31
1079_0008_0008_0060_0060.jpg 1 8 8 60 60
1080_0036_0028_0048_0048.jpg 1 36 28 48 48
1081_0013_0010_0064_0064.jpg 1 13 10 64 64
1082_0026_0017_0049_0049.jpg 1 26 17 49 49
1083_0035_0024_0059_0059.jpg 1 35 24 59 59
1084_0039_0023_0040_0040.jpg 1 39 23 40 40
1085_0031_0034_0035_0035.jpg 1 31 34 35 35
1086_0031_0024_0030_0030.jpg 1 31 24 30 30
1087_0047_0050_0031_0031.jpg 1 47 50 31 31
1088_0011_0021_0031_0031.jpg 1 11 21 31 31
1089_0020_0044_0036_0036.jpg 1 20 44 36 36
1090_0023_0042_0029_0029.jpg 1 23 42 29 29
1091_0015_0007_0068_0068.jpg 1 15 7 68 68
1092_0052_0045_0027_0027.jpg 1 52 45 27 27
1093_0019_0004_0066_0066.jpg 1 19 4 66 66
1094_0045_0035_0045_0045.jpg 1 45 35 45 45
1095_0015_0010_0059_0059.jpg 1 15 10 59 59
1096_0018_0006_0065_0065.jpg 1 18 6 65 65
1097_0024_0017_0040_0040.jpg 1 24 17 40 40
1098_0009_0016_0053_0053.jpg 1 9 16 53 53
1099_0016_0025_0050_0050.jpg 1 16 25 50 50
1100_0036_0019_0047_0047.jpg 1 36 19 47 47
1101_0026_0035_0058_0058.jpg 1 26 35 58 58
1102_0029_0052_0030_0030.jpg 1 29 52 30 30
1103_0015_0028_0039_0039.jpg 1 15 28 39 39
1104_0033_0012_0058_0058.jpg 1 33 12 58 58
1105_0017_0005_0049_0049.jpg 1 17 5 49 49
1106_0004_0007_0056_0056.jpg 1 4 7 56 56
1107_0020_0032_0043_0043.jpg 1 20 32 43 43
1108_0016_0028_0040_0040.jpg 1 16 28 40 40
1109_0021_0021_0066_0066.jpg 1 21 21 66 66
1110_0014_0028_0065_0065.jpg 1 14 28 65 65
1111_0019_0035_0057_0057.jpg 1 19 35 57 57
1112_0008_0006_0065_0065.jpg 1 8 6 65 65
1113_0031_0014_0041_0041.jpg 1 31 14 41 41
1114_0053_0053_0026_0026.jpg 1 53 53 26 26
1115_0036_0035_0038_0038.jpg 1 36 35 38 38
1116_0013_0036_0050_0050.jpg 1 13 36 50 50
1117_0050_0014_0027_0027.jpg 1 50 14 27 27
1118_0035_0036_0040_0040.jpg 1 35 36 40 40
1119_0012_0023_0056_0056.jpg 1 12 23 56 56
1120_0023_0029_0058_0058.jpg 1 23 29 58 58
1121_0033_0038_0041_0041.jpg 1 33 38 41 41
1122_0014_0036_0040_0040.jpg 1 14 36 40 40
1123_0019_0031_0028_0028.jpg 1 19 31 28 28
1124_0041_0026_0045_0045.jpg 1 41 26 45 45
1125_0014_0057_0033_0033.jpg 1 14 57 33 33
1126_0011_0018_0068_0068.jpg 1 11 18 68 68
1127_0017_0031_0048_0048.jpg 1 17 31 48 48
1128_0019_0015_0058_0058.jpg 1 19 15 58 58
1129_0005_0025_0067_0067.jpg 1 5 25 67 67
1130_0036_0041_0044_0044.jpg 1 36 41 44 44
1131_0024_0021_0042_0042.jpg 1 24 21 42 42
1132_0025_0014_0058_0058.jpg 1 25 14 58 58
1133_0048_0034_0038_0038.jpg 1 48 34 38 38
1134_0033_0038_0033_0033.jpg 1 33 38 33 33
1135_0020_0027_0032_0032.jpg 1 20 27 32 32
1136_0009_0020_0061_0061.jpg 1 9 20 61 61
1137_0023_0006_0056_0056.jpg 1 23 6 56 56
1138_0025_0017_0026_0026.jpg 1 25 17 26 26
1139_0038_0028_0029_0029.jpg 1 38 28 29 29
1140_0025_0007_0049_0049.jpg 1 25 7 49 49
1141_0010_0037_0043_0043.jpg 1 10 37 43 43
1142_0031_0019_0027_0027.jpg 1 31 19 27 27
1143_0049_0013_0033_0033.jpg 1 49 13 33 33
1144_0037_0025_0044_0044.jpg 1 37 25 44 44
1145_0035_0011_0048_0048.jpg 1 35 11 48 48
1146_0035_0034_0038_0038.jpg 1 35 34 38 38
1147_0010_0020_0067_0067.jpg 1 10 20 67 67
1148_0060_0018_0029_0029.jpg 1 60 18 29 29
1149_0008_0018_0046_0046.jpg 1 8 18 46 46
1150_0026_0008_0064_0064.jpg 1 26 8 64 64
1151_0005_0007_0058_0058.jpg 1 5 7 58 58
1152_0009_0010_0066_0066.jpg 1 9 10 66 66
1153_0025_0027_0027_0027.jpg 1 25 27 27 27
1154_0033_0010_0062_0062.jpg 1 33 10 62 62
1155_0022_0020_0048_0048.jpg 1 22 20 48 48
1156_0018_0029_0036_0036.jpg 1 18 29 36 36
1157_0036_0043_0034_0034.jpg 1 36 43 34 34
1158_0025_0011_0057_0057.jpg 1 25 11 57 57
1159_0008_0037_0048_0048.jpg 1 8 37 48 48
1160_0025_0050_0034_0034.jpg 1 25 50 34 34
1161_0018_0040_0048_0048.jpg 1 18 40 48 48
1162_0021_0014_0066_0066.jpg 1 21 14 66 66
1163_0019_0039_0043_0043.jpg 1 19 39 43 43
1164_0022_0029_0067_0067.jpg 1 22 29 67 67
1165_0042_0010_0044_0044.jpg 1 42 10 44 44
1166_0027_0043_0044_0044.jpg 1 27 43 44 44
1167_0008_0038_0042_0042.jpg 1 8 38 42 42
1168_0036_0036_0053_0053.jpg 1 36 36 53 53
1169_0005_0011_0065_0065.jpg 1 5 11 65 65
1170_0024_0019_0060_0060.jpg 1 24 19 60 60
1171_0037_0036_0056_0056.jpg 1 37 36 56 56
1172_0022_0004_0067_0067.jpg 1 22 4 67 67
1173_0018_0009_0042_0042.jpg 1 18 9 42 42
1174_0038_0026_0049_0049.jpg 1 38 26 49 49
1175_0031_0008_0027_0027.jpg 1 31 8 27 27
1176_0026_0032_0059_0059.jpg 1 26 32 59 59
1177_0016_0021_0063_0063.jpg 1 16 21 63 63
1178_0003_0011_0064_0064.jpg 1 3 11 64 64
1179_0037_0034_0044_0044.jpg 1 37 34 44 44
1180_0040_0027_0051_0051.jpg 1 40 27 51 51
1181_0028_0014_0054_0054.jpg 1 28 14 54 54
1182_0036_0036_0026_0026.jpg 1 36 36 26 26
1183_0012_0027_0069_0069.jpg 1 12 27 69 69
1184_0025_0035_0038_0038.jpg 1 25 35 38 38
1185_0027_0048_0046_0046.jpg 1 27 48 46 46
1186_0029_0012_0067_0067.jpg 1 29 12 67 67
1187_0016_0041_0033_0033.jpg 1 16 41 33 33
1188_0039_0022_0044_0044.jpg 1 39 22 44 44
1189_0021_0031_0055_0055.jpg 1 21 31 55 55
1190_0011_0013_0068_0068.jpg 1 11 13 68 68
1191_0060_0034_0028_0028.jpg 1 60 34 28 28
1192_0006_0036_0058_0058.jpg 1 6 36 58 58
1193_0021_0024_0045_0045.jpg 1 21 24 45 45
1194_0024_0032_0027_0027.jpg 1 24 32 27 27
1195_0046_0039_0038_0038.jpg 1 46 39 38 38
1196_0057_0059_0025_0025.jpg 1 57 59 25 25
1197_0024_0054_0033_0033.jpg 1 24 54 33 33
1198_0046_0037_0031_0031.jpg 1 46 37 31 31
1199_0043_0047_0035_0035.jpg 1 43 47 35 35
1200_0049_0015_0030_0030.jpg 1 49 15 30 30
1201_0024_0007_0046_0046.jpg 1 24 7 46 46
1202_0009_0046_0048_0048.jpg 1 9 46 48 48
1203_0026_0032_0060_0060.jpg 1 26 32 60 60
1204_0017_0018_0062_0062.jpg 1 17 18 62 62
1205_0020_0028_0041_0041.jpg 1 20 28 41 41
1206_0015_0012_0065_0065.jpg 1 15 12 65 65
1207_0035_0036_0042_0042.jpg 1 35 36 42 42
1208_0008_0045_0047_0047.jpg 1 8 45 47 47
1209_0007_0023_0063_0063.jpg 1 7 23 63 63
1210_0024_0022_0061_0061.jpg 1 24 22 61 61
1211_0010_0010_0039_0039.jpg 1 10 10 39 39
1212_0012_0043_0047_0047.jpg 1 12 43 47 47
1213_0033_0008_0061_0061.jpg 1 33 8 61 61
1214_0054_0016_0031_0031.jpg 1 54 16 31 31
1215_0008_0007_0060_0060.jpg 1 8 7 60 60
1216_0030_0010_0033_0033.jpg 1 30 10 33 33
1217_0032_0046_0044_0044.jpg 1 32 46 44 44
1218_0035_0030_0045_0045.jpg 1 35 30 45 45
1219_0014_0016_0063_0063.jpg 1 14 16 63 63
1220_0014_0006_0043_0043.jpg 1 14 6 43 43
1221_0050_0018_0036_0036.jpg 1 50 18 36 36
1222_0027_0020_0064_0064.jpg 1 27 20 64 64
1223_0025_0012_0060_0060.jpg 1 25 12 60 60
1224_0056_0010_0028_0028.jpg 1 56 10 28 28
1225_0013_0008_0056_0056.jpg 1 13 8 56 56
1226_0023_0030_0054_0054.jpg 1 23 30 54 54
1227_0036_0036_0052_0052.jpg 1 36 36 52 52
1228_0030_0034_0054_0054.jpg 1 30 34 54 54
1229_0031_0028_0055_0055.jpg 1 31 28 55 55
1230_0029_0021_0052_0052.jpg 1 29 21 52 52
1231_0038_0012_0038_0038.jpg 1 38 12 38 38
1232_0032_0012_0024_0024.jpg 1 32 12 24 24
1233_0050_0043_0041_0041.jpg 1 50 43 41 41
1234_0049_0048_0038_0038.jpg 1 49 48 38 38
1235_0007_0025_0060_0060.jpg 1 7 25 60 60
1236_0014_0023_0068_0068.jpg 1 14 23 68 68
1237_0020_0011_0044_0044.jpg 1 20 11 44 44
1238_0033_0016_0026_0026.jpg 1 33 16 26 26
1239_0012_0050_0042_0042.jpg 1 12 50 42 42
1240_0008_0022_0047_0047.jpg 1 8 22 47 47
1241_0031_0038_0049_0049.jpg 1 31 38 49 49
1242_0014_0030_0056_0056.jpg 1 14 30 56 56
1243_0019_0037_0038_0038.jpg 1 19 37 38 38
1244_0006_0030_0053_0053.jpg 1 6 30 53 53
1245_0046_0017_0028_0028.jpg 1 46 17 28 28
1246_0006_0017_0063_0063.jpg 1 6 17 63 63
1247_0033_0004_0059_0059.jpg 1 33 4 59 59
1248_0034_0047_0047_0047.jpg 1 34 47 47 47
1249_0031_0036_0042_0042.jpg 1 31 36 42 42
1250_0023_0030_0045_0045.jpg 1 23 30 45 45
1251_0023_0054_0030_0030.jpg 1 23 54 30 30
1252_0017_0030_0063_0063.jpg 1 17 30 63 63
1253_0044_0043_0029_0029.jpg 1 44 43 29 29
1254_0028_0014_0047_0047.jpg 1 28 14 47 47
1255_0050_0038_0027_0027.jpg 1 50 38 27 27
1256_0038_0023_0043_0043.jpg 1 38 23 43 43
1257_0040_0007_0051_0051.jpg 1 40 7 51 51
1258_0031_0008_0029_0029.jpg 1 31 8 29 29
1259_0035_0006_0037_0037.jpg 1 35 6 37 37
1260_0024_0037_0033_0033.jpg 1 24 37 33 33
1261_0027_0033_0058_0058.jpg 1 27 33 58 58
1262_0017_0055_0029_0029.jpg 1 17 55 29 29
1263_0033_0057_0030_0030.jpg 1 33 57 30 30
1264_0022_0007_0065_0065.jpg 1 22 7 65 65
1265_0019_0014_0058_0058.jpg 1 19 14 58 58
1266_0029_0048_0040_0040.jpg 1 29 48 40 40
1267_0059_0009_0031_0031.jpg 1 59 9 31 31
1268_0031_0030_0053_0053.jpg 1 31 30 53 53
1269_0009_0015_0066_0066.jpg 1 9 15 66 66
1270_0012_0028_0065_0065.jpg 1 12 28 65 65
1271_0034_0015_0028_0028.jpg 1 34 15 28 28
1272_0046_0019_0035_0035.jpg 1 46 19 35 35
1273_0013_0010_0063_0063.jpg 1 13 10 63 63
1274_0029_0022_0059_0059.jpg 1 29 22 59 59
1275_0067_0037_0024_0024.jpg 1 67 37 24 24
1276_0020_0042_0033_0033.jpg 1 20 42 33 33
1277_0028_0032_0035_0035.jpg 1 28 32 35 35
1278_0043_0034_0041_0041.jpg 1 43 34 41 41
1279_0006_0026_0060_0060.jpg 1 6 26 60 60
1280_0011_0034_0034_0034.jpg 1 11 34 34 34
1281_0061_0033_0024_0024.jpg 1 61 33 24 24
1282_0025_0013_0065_0065.jpg 1 25 13 65 65
1283_0029_0017_0066_0066.jpg 1 29 17 66 66
1284_0029_0017_0066_0066.jpg 1 29 17 66 66
1285_0008_0020_0067_0067.jpg 1 8 20 67 67
1286_0036_0012_0057_0057.jpg 1 36 12 57 57
1287_0019_0005_0050_0050.jpg 1 19 5 50 50
1288_0012_0024_0069_0069.jpg 1 12 24 69 69
1289_0030_0016_0065_0065.jpg 1 30 16 65 65
1290_0044_0015_0034_0034.jpg 1 44 15 34 34
1291_0052_0035_0030_0030.jpg 1 52 35 30 30
1292_0029_0027_0044_0044.jpg 1 29 27 44 44
1293_0009_0043_0048_0048.jpg 1 9 43 48 48
1294_0012_0033_0049_0049.jpg 1 12 33 49 49
1295_0028_0010_0062_0062.jpg 1 28 10 62 62
1296_0053_0014_0036_0036.jpg 1 53 14 36 36
1297_0063_0010_0026_0026.jpg 1 63 10 26 26
1298_0028_0007_0067_0067.jpg 1 28 7 67 67
1299_0026_0020_0064_0064.jpg 1 26 20 64 64
1300_0019_0020_0064_0064.jpg 1 19 20 64 64
1301_0029_0021_0045_0045.jpg 1 29 21 45 45
1302_0017_0014_0049_0049.jpg 1 17 14 49 49
1303_0005_0027_0064_0064.jpg 1 5 27 64 64
1304_0019_0023_0036_0036.jpg 1 19 23 36 36
1305_0027_0025_0043_0043.jpg 1 27 25 43 43
1306_0006_0032_0061_0061.jpg 1 6 32 61 61
1307_0016_0030_0039_0039.jpg 1 16 30 39 39
1308_0041_0007_0038_0038.jpg 1 41 7 38 38
1309_0038_0014_0056_0056.jpg 1 38 14 56 56
1310_0048_0029_0044_0044.jpg 1 48 29 44 44
1311_0035_0041_0024_0024.jpg 1 35 41 24 24
1312_0029_0047_0028_0028.jpg 1 29 47 28 28
1313_0006_0019_0050_0050.jpg 1 6 19 50 50
1314_0059_0019_0030_0030.jpg 1 59 19 30 30
1315_0034_0026_0061_0061.jpg 1 34 26 61 61
1316_0039_0042_0045_0045.jpg 1 39 42 45 45
1317_0022_0010_0034_0034.jpg 1 22 10 34 34
1318_0029_0014_0032_0032.jpg 1 29 14 32 32
1319_0010_0028_0064_0064.jpg 1 10 28 64 64
1320_0045_0024_0039_0039.jpg 1 45 24 39 39
1321_0036_0063_0029_0029.jpg 1 36 63 29 29
1322_0046_0033_0041_0041.jpg 1 46 33 41 41
1323_0015_0005_0049_0049.jpg 1 15 5 49 49
1324_0054_0044_0036_0036.jpg 1 54 44 36 36
1325_0035_0026_0032_0032.jpg 1 35 26 32 32
1326_0043_0019_0027_0027.jpg 1 43 19 27 27
1327_0033_0042_0024_0024.jpg 1 33 42 24 24
1328_0020_0007_0055_0055.jpg 1 20 7 55 55
1329_0036_0048_0036_0036.jpg 1 36 48 36 36
1330_0039_0037_0034_0034.jpg 1 39 37 34 34
1331_0013_0005_0068_0068.jpg 1 13 5 68 68
1332_0042_0022_0045_0045.jpg 1 42 22 45 45
1333_0025_0030_0026_0026.jpg 1 25 30 26 26
1334_0061_0011_0029_0029.jpg 1 61 11 29 29
1335_0029_0018_0063_0063.jpg 1 29 18 63 63
1336_0012_0005_0057_0057.jpg 1 12 5 57 57
1337_0039_0008_0047_0047.jpg 1 39 8 47 47
1338_0035_0031_0059_0059.jpg 1 35 31 59 59
1339_0021_0025_0068_0068.jpg 1 21 25 68 68
1340_0043_0019_0042_0042.jpg 1 43 19 42 42
1341_0029_0031_0047_0047.jpg 1 29 31 47 47
1342_0036_0020_0055_0055.jpg 1 36 20 55 55
1343_0015_0010_0063_0063.jpg 1 15 10 63 63
1344_0046_0037_0041_0041.jpg 1 46 37 41 41
1345_0007_0022_0030_0030.jpg 1 7 22 30 30
1346_0010_0016_0060_0060.jpg 1 10 16 60 60
1347_0011_0033_0062_0062.jpg 1 11 33 62 62
1348_0016_0027_0061_0061.jpg 1 16 27 61 61
1349_0019_0034_0053_0053.jpg 1 19 34 53 53
1350_0007_0043_0049_0049.jpg 1 7 43 49 49
1351_0026_0030_0050_0050.jpg 1 26 30 50 50
1352_0011_0019_0056_0056.jpg 1 11 19 56 56
1353_0031_0025_0032_0032.jpg 1 31 25 32 32
1354_0013_0019_0067_0067.jpg 1 13 19 67 67
1355_0029_0041_0047_0047.jpg 1 29 41 47 47
1356_0050_0019_0035_0035.jpg 1 50 19 35 35
1357_0030_0005_0066_0066.jpg 1 30 5 66 66
1358_0012_0011_0063_0063.jpg 1 12 11 63 63
1359_0003_0009_0063_0063.jpg 1 3 9 63 63
1360_0010_0013_0065_0065.jpg 1 10 13 65 65
1361_0024_0018_0027_0027.jpg 1 24 18 27 27
1362_0014_0031_0056_0056.jpg 1 14 31 56 56
1363_0019_0021_0065_0065.jpg 1 19 21 65 65
1364_0032_0009_0058_0058.jpg 1 32 9 58 58
1365_0017_0013_0065_0065.jpg 1 17 13 65 65
1366_0011_0012_0062_0062.jpg 1 11 12 62 62
1367_0047_0048_0040_0040.jpg 1 47 48 40 40
1368_0010_0008_0042_0042.jpg 1 10 8 42 42
1369_0038_0045_0044_0044.jpg 1 38 45 44 44
1370_0009_0007_0063_0063.jpg 1 9 7 63 63
1371_0016_0046_0044_0044.jpg 1 16 46 44 44
1372_0030_0019_0046_0046.jpg 1 30 19 46 46
1373_0014_0012_0069_0069.jpg 1 14 12 69 69
1374_0013_0022_0060_0060.jpg 1 13 22 60 60
1375_0035_0040_0040_0040.jpg 1 35 40 40 40
1376_0020_0004_0069_0069.jpg 1 20 4 69 69
1377_0023_0038_0048_0048.jpg 1 23 38 48 48
1378_0052_0027_0041_0041.jpg 1 52 27 41 41
1379_0012_0041_0050_0050.jpg 1 12 41 50 50
1380_0044_0024_0030_0030.jpg 1 44 24 30 30
1381_0031_0015_0051_0051.jpg 1 31 15 51 51
1382_0029_0029_0050_0050.jpg 1 29 29 50 50
1383_0030_0021_0052_0052.jpg 1 30 21 52 52
1384_0014_0020_0024_0024.jpg 1 14 20 24 24
1385_0025_0013_0053_0053.jpg 1 25 13 53 53
1386_0025_0017_0061_0061.jpg 1 25 17 61 61
1387_0031_0010_0063_0063.jpg 1 31 10 63 63
1388_0013_0051_0040_0040.jpg 1 13 51 40 40
1389_0040_0022_0054_0054.jpg 1 40 22 54 54
1390_0016_0010_0058_0058.jpg 1 16 10 58 58
1391_0042_0014_0037_0037.jpg 1 42 14 37 37
1392_0043_0009_0046_0046.jpg 1 43 9 46 46
1393_0027_0024_0057_0057.jpg 1 27 24 57 57
1394_0049_0039_0038_0038.jpg 1 49 39 38 38
1395_0010_0027_0041_0041.jpg 1 10 27 41 41
1396_0009_0018_0057_0057.jpg 1 9 18 57 57
1397_0009_0005_0048_0048.jpg 1 9 5 48 48
1398_0011_0025_0028_0028.jpg 1 11 25 28 28
1399_0020_0016_0046_0046.jpg 1 20 16 46 46
1400_0013_0012_0064_0064.jpg 1 13 12 64 64
1401_0025_0033_0062_0062.jpg 1 25 33 62 62
1402_0038_0039_0033_0033.jpg 1 38 39 33 33
1403_0009_0020_0053_0053.jpg 1 9 20 53 53
1404_0016_0035_0057_0057.jpg 1 16 35 57 57
1405_0017_0026_0061_0061.jpg 1 17 26 61 61
1406_0009_0016_0063_0063.jpg 1 9 16 63 63
1407_0034_0016_0026_0026.jpg 1 34 16 26 26
1408_0063_0042_0025_0025.jpg 1 63 42 25 25
1409_0029_0055_0030_0030.jpg 1 29 55 30 30
1410_0018_0019_0059_0059.jpg 1 18 19 59 59
1411_0009_0021_0062_0062.jpg 1 9 21 62 62
1412_0017_0015_0053_0053.jpg 1 17 15 53 53
1413_0017_0029_0056_0056.jpg 1 17 29 56 56
1414_0020_0051_0042_0042.jpg 1 20 51 42 42
1415_0023_0058_0025_0025.jpg 1 23 58 25 25
1416_0023_0039_0036_0036.jpg 1 23 39 36 36
1417_0017_0030_0040_0040.jpg 1 17 30 40 40
1418_0041_0032_0053_0053.jpg 1 41 32 53 53
1419_0014_0023_0067_0067.jpg 1 14 23 67 67
1420_0043_0038_0034_0034.jpg 1 43 38 34 34
1421_0033_0027_0039_0039.jpg 1 33 27 39 39
1422_0013_0038_0049_0049.jpg 1 13 38 49 49
1423_0042_0045_0036_0036.jpg 1 42 45 36 36
1424_0009_0031_0057_0057.jpg 1 9 31 57 57
1425_0017_0018_0055_0055.jpg 1 17 18 55 55
1426_0006_0034_0039_0039.jpg 1 6 34 39 39
1427_0052_0032_0025_0025.jpg 1 52 32 25 25
1428_0014_0028_0053_0053.jpg 1 14 28 53 53
1429_0032_0012_0042_0042.jpg 1 32 12 42 42
1430_0019_0019_0067_0067.jpg 1 19 19 67 67
1431_0026_0023_0037_0037.jpg 1 26 23 37 37
1432_0057_0008_0025_0025.jpg 1 57 8 25 25
1433_0048_0029_0044_0044.jpg 1 48 29 44 44
1434_0006_0044_0047_0047.jpg 1 6 44 47 47
1435_0043_0009_0028_0028.jpg 1 43 9 28 28
1436_0018_0025_0031_0031.jpg 1 18 25 31 31
1437_0028_0050_0039_0039.jpg 1 28 50 39 39
1438_0012_0030_0062_0062.jpg 1 12 30 62 62
1439_0025_0026_0068_0068.jpg 1 25 26 68 68
1440_0023_0007_0045_0045.jpg 1 23 7 45 45
1441_0019_0018_0037_0037.jpg 1 19 18 37 37
1442_0041_0029_0049_0049.jpg 1 41 29 49 49
1443_0021_0058_0024_0024.jpg 1 21 58 24 24
1444_0028_0034_0059_0059.jpg 1 28 34 59 59
1445_0017_0022_0058_0058.jpg 1 17 22 58 58
1446_0028_0029_0060_0060.jpg 1 28 29 60 60
1447_0030_0024_0058_0058.jpg 1 30 24 58 58
1448_0042_0046_0035_0035.jpg 1 42 46 35 35
1449_0005_0010_0063_0063.jpg 1 5 10 63 63
1450_0020_0008_0057_0057.jpg 1 20 8 57 57
1451_0022_0029_0051_0051.jpg 1 22 29 51 51
1452_0023_0011_0049_0049.jpg 1 23 11 49 49
1453_0026_0039_0037_0037.jpg 1 26 39 37 37
1454_0013_0055_0029_0029.jpg 1 13 55 29 29
1455_0014_0018_0040_0040.jpg 1 14 18 40 40
1456_0024_0029_0027_0027.jpg 1 24 29 27 27
1457_0018_0030_0065_0065.jpg 1 18 30 65 65
1458_0024_0048_0040_0040.jpg 1 24 48 40 40
1459_0014_0026_0068_0068.jpg 1 14 26 68 68
1460_0016_0021_0060_0060.jpg 1 16 21 60 60
1461_0009_0036_0051_0051.jpg 1 9 36 51 51
1462_0025_0033_0044_0044.jpg 1 25 33 44 44
1463_0008_0046_0042_0042.jpg 1 8 46 42 42
1464_0009_0018_0044_0044.jpg 1 9 18 44 44
1465_0012_0007_0050_0050.jpg 1 12 7 50 50
1466_0021_0025_0062_0062.jpg 1 21 25 62 62
1467_0006_0011_0066_0066.jpg 1 6 11 66 66
1468_0028_0040_0042_0042.jpg 1 28 40 42 42
1469_0029_0056_0030_0030.jpg 1 29 56 30 30
1470_0043_0045_0047_0047.jpg 1 43 45 47 47
1471_0032_0036_0050_0050.jpg 1 32 36 50 50
1472_0020_0015_0026_0026.jpg 1 20 15 26 26
1473_0018_0028_0044_0044.jpg 1 18 28 44 44
1474_0035_0029_0032_0032.jpg 1 35 29 32 32
1475_0009_0019_0054_0054.jpg 1 9 19 54 54
1476_0028_0049_0038_0038.jpg 1 28 49 38 38
1477_0021_0052_0024_0024.jpg 1 21 52 24 24
1478_0021_0065_0024_0024.jpg 1 21 65 24 24
1479_0024_0003_0068_0068.jpg 1 24 3 68 68
1480_0017_0029_0051_0051.jpg 1 17 29 51 51
1481_0020_0009_0039_0039.jpg 1 20 9 39 39
1482_0007_0012_0039_0039.jpg 1 7 12 39 39
1483_0031_0035_0031_0031.jpg 1 31 35 31 31
1484_0022_0004_0069_0069.jpg 1 22 4 69 69
1485_0057_0040_0024_0024.jpg 1 57 40 24 24
1486_0021_0036_0059_0059.jpg 1 21 36 59 59
1487_0007_0019_0042_0042.jpg 1 7 19 42 42
1488_0032_0049_0033_0033.jpg 1 32 49 33 33
1489_0021_0006_0064_0064.jpg 1 21 6 64 64
1490_0050_0015_0043_0043.jpg 1 50 15 43 43
1491_0010_0009_0026_0026.jpg 1 10 9 26 26
1492_0025_0043_0025_0025.jpg 1 25 43 25 25
1493_0014_0004_0055_0055.jpg 1 14 4 55 55
1494_0032_0009_0030_0030.jpg 1 32 9 30 30
1495_0014_0005_0067_0067.jpg 1 14 5 67 67
1496_0040_0032_0051_0051.jpg 1 40 32 51 51
1497_0044_0015_0041_0041.jpg 1 44 15 41 41
1498_0008_0024_0067_0067.jpg 1 8 24 67 67
1499_0033_0025_0060_0060.jpg 1 33 25 60 60
1500_0049_0060_0027_0027.jpg 1 49 60 27 27
1501_0015_0039_0046_0046.jpg 1 15 39 46 46
1502_0017_0053_0025_0025.jpg 1 17 53 25 25
1503_0033_0011_0051_0051.jpg 1 33 11 51 51
1504_0044_0040_0043_0043.jpg 1 44 40 43 43
1505_0037_0041_0053_0053.jpg 1 37 41 53 53
1506_0027_0036_0056_0056.jpg 1 27 36 56 56
1507_0040_0030_0032_0032.jpg 1 40 30 32 32
1508_0041_0030_0042_0042.jpg 1 41 30 42 42
1509_0026_0034_0061_0061.jpg 1 26 34 61 61
1510_0009_0022_0044_0044.jpg 1 9 22 44 44
1511_0047_0008_0044_0044.jpg 1 47 8 44 44
1512_0008_0014_0054_0054.jpg 1 8 14 54 54
1513_0031_0025_0058_0058.jpg 1 31 25 58 58
1514_0040_0054_0037_0037.jpg 1 40 54 37 37
1515_0006_0032_0034_0034.jpg 1 6 32 34 34
1516_0004_0023_0065_0065.jpg 1 4 23 65 65
1517_0060_0060_0027_0027.jpg 1 60 60 27 27
1518_0019_0012_0040_0040.jpg 1 19 12 40 40
1519_0036_0032_0054_0054.jpg 1 36 32 54 54
1520_0013_0018_0058_0058.jpg 1 13 18 58 58
1521_0027_0019_0049_0049.jpg 1 27 19 49 49
1522_0050_0041_0036_0036.jpg 1 50 41 36 36
1523_0012_0009_0068_0068.jpg 1 12 9 68 68
1524_0005_0026_0068_0068.jpg 1 5 26 68 68
1525_0013_0027_0049_0049.jpg 1 13 27 49 49
1526_0038_0008_0044_0044.jpg 1 38 8 44 44
1527_0037_0027_0027_0027.jpg 1 37 27 27 27
1528_0014_0018_0053_0053.jpg 1 14 18 53 53
1529_0012_0017_0051_0051.jpg 1 12 17 51 51
1530_0037_0018_0044_0044.jpg 1 37 18 44 44
1531_0025_0011_0039_0039.jpg 1 25 11 39 39
1532_0008_0024_0067_0067.jpg 1 8 24 67 67
1533_0029_0026_0065_0065.jpg 1 29 26 65 65
1534_0021_0024_0056_0056.jpg 1 21 24 56 56
1535_0029_0022_0053_0053.jpg 1 29 22 53 53
1536_0044_0027_0047_0047.jpg 1 44 27 47 47
1537_0007_0054_0033_0033.jpg 1 7 54 33 33
1538_0029_0043_0043_0043.jpg 1 29 43 43 43
1539_0024_0054_0025_0025.jpg 1 24 54 25 25
1540_0032_0034_0057_0057.jpg 1 32 34 57 57
1541_0017_0005_0048_0048.jpg 1 17 5 48 48
1542_0050_0019_0043_0043.jpg 1 50 19 43 43
1543_0009_0037_0045_0045.jpg 1 9 37 45 45
1544_0019_0019_0035_0035.jpg 1 19 19 35 35
1545_0043_0052_0030_0030.jpg 1 43 52 30 30
1546_0028_0044_0028_0028.jpg 1 28 44 28 28
1547_0037_0013_0054_0054.jpg 1 37 13 54 54
1548_0043_0013_0039_0039.jpg 1 43 13 39 39
1549_0022_0021_0066_0066.jpg 1 22 21 66 66
1550_0025_0021_0053_0053.jpg 1 25 21 53 53
1551_0045_0045_0026_0026.jpg 1 45 45 26 26
1552_0019_0052_0033_0033.jpg 1 19 52 33 33
1553_0030_0026_0066_0066.jpg 1 30 26 66 66
1554_0050_0034_0041_0041.jpg 1 50 34 41 41
1555_0021_0019_0042_0042.jpg 1 21 19 42 42
1556_0040_0050_0028_0028.jpg 1 40 50 28 28
1557_0024_0026_0045_0045.jpg 1 24 26 45 45
1558_0027_0016_0067_0067.jpg 1 27 16 67 67
1559_0026_0013_0047_0047.jpg 1 26 13 47 47
1560_0037_0006_0041_0041.jpg 1 37 6 41 41
1561_0048_0017_0046_0046.jpg 1 48 17 46 46
1562_0031_0040_0027_0027.jpg 1 31 40 27 27
1563_0024_0017_0049_0049.jpg 1 24 17 49 49
1564_0031_0032_0057_0057.jpg 1 31 32 57 57
1565_0054_0053_0027_0027.jpg 1 54 53 27 27
1566_0037_0042_0044_0044.jpg 1 37 42 44 44
1567_0013_0039_0043_0043.jpg 1 13 39 43 43
1568_0027_0059_0030_0030.jpg 1 27 59 30 30
1569_0009_0027_0031_0031.jpg 1 9 27 31 31
1570_0022_0006_0049_0049.jpg 1 22 6 49 49
1571_0011_0026_0069_0069.jpg 1 11 26 69 69
1572_0015_0024_0048_0048.jpg 1 15 24 48 48
1573_0033_0040_0027_0027.jpg 1 33 40 27 27
1574_0025_0034_0050_0050.jpg 1 25 34 50 50
1575_0010_0017_0061_0061.jpg 1 10 17 61 61
1576_0041_0042_0042_0042.jpg 1 41 42 42 42
1577_0047_0035_0029_0029.jpg 1 47 35 29 29
1578_0028_0022_0048_0048.jpg 1 28 22 48 48
1579_0010_0042_0051_0051.jpg 1 10 42 51 51
1580_0048_0048_0025_0025.jpg 1 48 48 25 25
1581_0022_0016_0060_0060.jpg 1 22 16 60 60
1582_0020_0020_0066_0066.jpg 1 20 20 66 66
1583_0008_0029_0054_0054.jpg 1 8 29 54 54
1584_0044_0011_0035_0035.jpg 1 44 11 35 35
1585_0047_0025_0044_0044.jpg 1 47 25 44 44
1586_0034_0027_0056_0056.jpg 1 34 27 56 56
1587_0020_0058_0027_0027.jpg 1 20 58 27 27
1588_0058_0028_0025_0025.jpg 1 58 28 25 25
1589_0036_0013_0035_0035.jpg 1 36 13 35 35
1590_0026_0011_0056_0056.jpg 1 26 11 56 56
1591_0029_0020_0037_0037.jpg 1 29 20 37 37
1592_0040_0048_0036_0036.jpg 1 40 48 36 36
1593_0041_0025_0045_0045.jpg 1 41 25 45 45
1594_0046_0032_0039_0039.jpg 1 46 32 39 39
1595_0022_0012_0067_0067.jpg 1 22 12 67 67
1596_0009_0032_0056_0056.jpg 1 9 32 56 56
1597_0017_0027_0068_0068.jpg 1 17 27 68 68
1598_0003_0015_0068_0068.jpg 1 3 15 68 68
1599_0033_0012_0036_0036.jpg 1 33 12 36 36
1600_0025_0034_0057_0057.jpg 1 25 34 57 57
1601_0021_0028_0045_0045.jpg 1 21 28 45 45
1602_0058_0039_0032_0032.jpg 1 58 39 32 32
1603_0033_0023_0027_0027.jpg 1 33 23 27 27
1604_0008_0020_0069_0069.jpg 1 8 20 69 69
1605_0029_0007_0050_0050.jpg 1 29 7 50 50
1606_0012_0039_0050_0050.jpg 1 12 39 50 50
1607_0058_0028_0031_0031.jpg 1 58 28 31 31
1608_0053_0052_0039_0039.jpg 1 53 52 39 39
1609_0044_0009_0041_0041.jpg 1 44 9 41 41
1610_0038_0052_0034_0034.jpg 1 38 52 34 34
1611_0038_0034_0041_0041.jpg 1 38 34 41 41
1612_0015_0019_0032_0032.jpg 1 15 19 32 32
1613_0010_0029_0039_0039.jpg 1 10 29 39 39
1614_0028_0035_0060_0060.jpg 1 28 35 60 60
1615_0021_0026_0061_0061.jpg 1 21 26 61 61
1616_0012_0064_0028_0028.jpg 1 12 64 28 28
1617_0017_0027_0058_0058.jpg 1 17 27 58 58
1618_0024_0017_0054_0054.jpg 1 24 17 54 54
1619_0021_0019_0034_0034.jpg 1 21 19 34 34
1620_0030_0014_0036_0036.jpg 1 30 14 36 36
1621_0026_0026_0037_0037.jpg 1 26 26 37 37
1622_0030_0007_0039_0039.jpg 1 30 7 39 39
1623_0037_0033_0055_0055.jpg 1 37 33 55 55
1624_0028_0028_0040_0040.jpg 1 28 28 40 40
1625_0038_0038_0049_0049.jpg 1 38 38 49 49
1626_0030_0036_0028_0028.jpg 1 30 36 28 28
1627_0024_0034_0052_0052.jpg 1 24 34 52 52
1628_0029_0041_0050_0050.jpg 1 29 41 50 50
1629_0018_0050_0027_0027.jpg 1 18 50 27 27
1630_0028_0014_0050_0050.jpg 1 28 14 50 50
1631_0019_0018_0052_0052.jpg 1 19 18 52 52
1632_0018_0039_0027_0027.jpg 1 18 39 27 27
1633_0009_0012_0049_0049.jpg 1 9 12 49 49
1634_0020_0066_0024_0024.jpg 1 20 66 24 24
1635_0013_0028_0068_0068.jpg 1 13 28 68 68
1636_0036_0018_0041_0041.jpg 1 36 18 41 41
1637_0018_0038_0028_0028.jpg 1 18 38 28 28
1638_0029_0038_0037_0037.jpg 1 29 38 37 37
1639_0011_0054_0033_0033.jpg 1 11 54 33 33
1640_0011_0007_0060_0060.jpg 1 11 7 60 60
1641_0022_0019_0057_0057.jpg 1 22 19 57 57
1642_0012_0051_0038_0038.jpg 1 12 51 38 38
1643_0039_0044_0034_0034.jpg 1 39 44 34 34
1644_0004_0027_0069_0069.jpg 1 4 27 69 69
1645_0025_0005_0052_0052.jpg 1 25 5 52 52
1646_0036_0013_0051_0051.jpg 1 36 13 51 51
1647_0012_0021_0026_0026.jpg 1 12 21 26 26
1648_0011_0014_0038_0038.jpg 1 11 14 38 38
1649_0014_0026_0035_0035.jpg 1 14 26 35 35
1650_0023_0013_0068_0068.jpg 1 23 13 68 68
1651_0023_0023_0067_0067.jpg 1 23 23 67 67
1652_0050_0009_0037_0037.jpg 1 50 9 37 37
1653_0018_0010_0032_0032.jpg 1 18 10 32 32
1654_0033_0015_0033_0033.jpg 1 33 15 33 33
1655_0042_0026_0035_0035.jpg 1 42 26 35 35
1656_0028_0024_0050_0050.jpg 1 28 24 50 50
1657_0012_0017_0036_0036.jpg 1 12 17 36 36
1658_0021_0006_0069_0069.jpg 1 21 6 69 69
1659_0017_0015_0068_0068.jpg 1 17 15 68 68
1660_0016_0010_0028_0028.jpg 1 16 10 28 28
1661_0021_0029_0058_0058.jpg 1 21 29 58 58
1662_0007_0034_0062_0062.jpg 1 7 34 62 62
1663_0016_0017_0048_0048.jpg 1 16 17 48 48
1664_0042_0032_0026_0026.jpg 1 42 32 26 26
1665_0048_0031_0045_0045.jpg 1 48 31 45 45
1666_0026_0034_0056_0056.jpg 1 26 34 56 56
1667_0017_0016_0069_0069.jpg 1 17 16 69 69
1668_0035_0032_0056_0056.jpg 1 35 32 56 56
1669_0051_0024_0024_0024.jpg 1 51 24 24 24
1670_0017_0025_0027_0027.jpg 1 17 25 27 27
1671_0042_0050_0038_0038.jpg 1 42 50 38 38
1672_0010_0041_0044_0044.jpg 1 10 41 44 44
1673_0037_0039_0045_0045.jpg 1 37 39 45 45
1674_0044_0034_0040_0040.jpg 1 44 34 40 40
1675_0028_0053_0037_0037.jpg 1 28 53 37 37
1676_0056_0017_0025_0025.jpg 1 56 17 25 25
1677_0027_0044_0045_0045.jpg 1 27 44 45 45
1678_0034_0031_0032_0032.jpg 1 34 31 32 32
1679_0011_0035_0056_0056.jpg 1 11 35 56 56
1680_0041_0044_0036_0036.jpg 1 41 44 36 36
1681_0008_0018_0045_0045.jpg 1 8 18 45 45
1682_0035_0030_0052_0052.jpg 1 35 30 52 52
1683_0028_0015_0064_0064.jpg 1 28 15 64 64
1684_0018_0036_0054_0054.jpg 1 18 36 54 54
1685_0039_0060_0025_0025.jpg 1 39 60 25 25
1686_0022_0030_0047_0047.jpg 1 22 30 47 47
1687_0030_0035_0047_0047.jpg 1 30 35 47 47
1688_0008_0009_0031_0031.jpg 1 8 9 31 31
1689_0027_0041_0035_0035.jpg 1 27 41 35 35
1690_0012_0033_0026_0026.jpg 1 12 33 26 26
1691_0015_0020_0065_0065.jpg 1 15 20 65 65
1692_0022_0017_0048_0048.jpg 1 22 17 48 48
1693_0012_0032_0060_0060.jpg 1 12 32 60 60
1694_0048_0048_0044_0044.jpg 1 48 48 44 44
1695_0046_0060_0030_0030.jpg 1 46 60 30 30
1696_0022_0006_0067_0067.jpg 1 22 6 67 67
1697_0011_0016_0063_0063.jpg 1 11 16 63 63
1698_0023_0023_0053_0053.jpg 1 23 23 53 53
1699_0013_0037_0040_0040.jpg 1 13 37 40 40
1700_0035_0015_0049_0049.jpg 1 35 15 49 49
1701_0020_0018_0069_0069.jpg 1 20 18 69 69
1702_0018_0025_0042_0042.jpg 1 18 25 42 42
1703_0017_0021_0062_0062.jpg 1 17 21 62 62
1704_0021_0021_0069_0069.jpg 1 21 21 69 69
1705_0035_0035_0048_0048.jpg 1 35 35 48 48
1706_0034_0021_0050_0050.jpg 1 34 21 50 50
1707_0015_0022_0062_0062.jpg 1 15 22 62 62
1708_0011_0022_0052_0052.jpg 1 11 22 52 52
1709_0007_0020_0068_0068.jpg 1 7 20 68 68
1710_0017_0007_0065_0065.jpg 1 17 7 65 65
1711_0051_0006_0034_0034.jpg 1 51 6 34 34
1712_0035_0024_0058_0058.jpg 1 35 24 58 58
1713_0026_0010_0067_0067.jpg 1 26 10 67 67
1714_0030_0019_0061_0061.jpg 1 30 19 61 61
1715_0032_0055_0024_0024.jpg 1 32 55 24 24
1716_0039_0055_0036_0036.jpg 1 39 55 36 36
1717_0005_0030_0065_0065.jpg 1 5 30 65 65
1718_0025_0037_0050_0050.jpg 1 25 37 50 50
1719_0028_0022_0053_0053.jpg 1 28 22 53 53
1720_0052_0048_0038_0038.jpg 1 52 48 38 38
1721_0043_0029_0051_0051.jpg 1 43 29 51 51
1722_0033_0026_0045_0045.jpg 1 33 26 45 45
1723_0018_0004_0066_0066.jpg 1 18 4 66 66
1724_0024_0064_0025_0025.jpg 1 24 64 25 25
1725_0018_0029_0055_0055.jpg 1 18 29 55 55
1726_0022_0046_0024_0024.jpg 1 22 46 24 24
1727_0031_0033_0031_0031.jpg 1 31 33 31 31
1728_0031_0011_0060_0060.jpg 1 31 11 60 60
1729_0022_0011_0044_0044.jpg 1 22 11 44 44
1730_0062_0009_0027_0027.jpg 1 62 9 27 27
1731_0006_0054_0037_0037.jpg 1 6 54 37 37
1732_0054_0010_0036_0036.jpg 1 54 10 36 36
1733_0042_0027_0037_0037.jpg 1 42 27 37 37
1734_0057_0026_0027_0027.jpg 1 57 26 27 27
1735_0060_0035_0026_0026.jpg 1 60 35 26 26
1736_0028_0011_0065_0065.jpg 1 28 11 65 65
1737_0041_0017_0048_0048.jpg 1 41 17 48 48
1738_0012_0005_0050_0050.jpg 1 12 5 50 50
1739_0010_0041_0049_0049.jpg 1 10 41 49 49
1740_0042_0056_0035_0035.jpg 1 42 56 35 35
1741_0021_0039_0036_0036.jpg 1 21 39 36 36
1742_0014_0022_0060_0060.jpg 1 14 22 60 60
1743_0026_0043_0051_0051.jpg 1 26 43 51 51
1744_0025_0016_0063_0063.jpg 1 25 16 63 63
1745_0029_0010_0054_0054.jpg 1 29 10 54 54
1746_0014_0012_0061_0061.jpg 1 14 12 61 61
1747_0059_0024_0025_0025.jpg 1 59 24 25 25
1748_0014_0012_0055_0055.jpg 1 14 12 55 55
1749_0012_0012_0069_0069.jpg 1 12 12 69 69
1750_0018_0037_0031_0031.jpg 1 18 37 31 31
1751_0044_0013_0050_0050.jpg 1 44 13 50 50
1752_0017_0005_0045_0045.jpg 1 17 5 45 45
1753_0025_0009_0069_0069.jpg 1 25 9 69 69
1754_0040_0057_0034_0034.jpg 1 40 57 34 34
1755_0015_0021_0048_0048.jpg 1 15 21 48 48
1756_0012_0022_0056_0056.jpg 1 12 22 56 56
1757_0004_0032_0064_0064.jpg 1 4 32 64 64
1758_0020_0030_0027_0027.jpg 1 20 30 27 27
1759_0040_0051_0032_0032.jpg 1 40 51 32 32
1760_0029_0015_0025_0025.jpg 1 29 15 25 25
1761_0027_0024_0059_0059.jpg 1 27 24 59 59
1762_0009_0014_0034_0034.jpg 1 9 14 34 34
1763_0048_0020_0040_0040.jpg 1 48 20 40 40
1764_0044_0040_0031_0031.jpg 1 44 40 31 31
1765_0018_0027_0069_0069.jpg 1 18 27 69 69
1766_0021_0022_0060_0060.jpg 1 21 22 60 60
1767_0042_0023_0044_0044.jpg 1 42 23 44 44
1768_0050_0053_0033_0033.jpg 1 50 53 33 33
1769_0018_0009_0029_0029.jpg 1 18 9 29 29
1770_0024_0045_0042_0042.jpg 1 24 45 42 42
1771_0015_0008_0066_0066.jpg 1 15 8 66 66
1772_0047_0058_0033_0033.jpg 1 47 58 33 33
1773_0046_0034_0039_0039.jpg 1 46 34 39 39
1774_0042_0018_0028_0028.jpg 1 42 18 28 28
1775_0032_0040_0037_0037.jpg 1 32 40 37 37
1776_0012_0045_0045_0045.jpg 1 12 45 45 45
1777_0017_0007_0060_0060.jpg 1 17 7 60 60
1778_0013_0047_0027_0027.jpg 1 13 47 27 27
1779_0052_0039_0035_0035.jpg 1 52 39 35 35
1780_0018_0027_0025_0025.jpg 1 18 27 25 25
1781_0016_0023_0068_0068.jpg 1 16 23 68 68
1782_0031_0022_0045_0045.jpg 1 31 22 45 45
1783_0024_0038_0041_0041.jpg 1 24 38 41 41
1784_0008_0058_0035_0035.jpg 1 8 58 35 35
1785_0049_0021_0037_0037.jpg 1 49 21 37 37
1786_0051_0034_0030_0030.jpg 1 51 34 30 30
1787_0043_0045_0047_0047.jpg 1 43 45 47 47
1788_0025_0022_0048_0048.jpg 1 25 22 48 48
1789_0014_0015_0026_0026.jpg 1 14 15 26 26
1790_0064_0022_0028_0028.jpg 1 64 22 28 28
1791_0029_0014_0047_0047.jpg 1 29 14 47 47
1792_0014_0058_0027_0027.jpg 1 14 58 27 27
1793_0051_0044_0035_0035.jpg 1 51 44 35 35
1794_0036_0040_0033_0033.jpg 1 36 40 33 33
1795_0023_0026_0047_0047.jpg 1 23 26 47 47
1796_0006_0054_0034_0034.jpg 1 6 54 34 34
1797_0016_0043_0045_0045.jpg 1 16 43 45 45
1798_0034_0011_0035_0035.jpg 1 34 11 35 35
1799_0015_0010_0041_0041.jpg 1 15 10 41 41
1800_0046_0053_0032_0032.jpg 1 46 53 32 32
1801_0041_0029_0043_0043.jpg 1 41 29 43 43
1802_0018_0028_0041_0041.jpg 1 18 28 41 41
1803_0034_0030_0053_0053.jpg 1 34 30 53 53
1804_0019_0015_0063_0063.jpg 1 19 15 63 63
1805_0007_0009_0060_0060.jpg 1 7 9 60 60
1806_0027_0024_0054_0054.jpg 1 27 24 54 54
1807_0020_0030_0057_0057.jpg 1 20 30 57 57
1808_0024_0033_0049_0049.jpg 1 24 33 49 49
1809_0031_0010_0050_0050.jpg 1 31 10 50 50
1810_0011_0045_0043_0043.jpg 1 11 45 43 43
1811_0007_0047_0031_0031.jpg 1 7 47 31 31
1812_0011_0013_0061_0061.jpg 1 11 13 61 61
1813_0050_0043_0030_0030.jpg 1 50 43 30 30
1814_0006_0030_0060_0060.jpg 1 6 30 60 60
1815_0051_0041_0035_0035.jpg 1 51 41 35 35
1816_0042_0026_0047_0047.jpg 1 42 26 47 47
1817_0013_0005_0069_0069.jpg 1 13 5 69 69
1818_0040_0016_0049_0049.jpg 1 40 16 49 49
1819_0032_0013_0033_0033.jpg 1 32 13 33 33
1820_0013_0010_0059_0059.jpg 1 13 10 59 59
1821_0006_0008_0053_0053.jpg 1 6 8 53 53
1822_0021_0038_0041_0041.jpg 1 21 38 41 41
1823_0052_0028_0032_0032.jpg 1 52 28 32 32
1824_0038_0008_0052_0052.jpg 1 38 8 52 52
1825_0067_0066_0025_0025.jpg 1 67 66 25 25
1826_0022_0040_0045_0045.jpg 1 22 40 45 45
1827_0030_0010_0053_0053.jpg 1 30 10 53 53
1828_0006_0014_0048_0048.jpg 1 6 14 48 48
1829_0008_0018_0065_0065.jpg 1 8 18 65 65
1830_0023_0037_0046_0046.jpg 1 23 37 46 46
1831_0030_0007_0037_0037.jpg 1 30 7 37 37
1832_0034_0013_0051_0051.jpg 1 34 13 51 51
1833_0034_0025_0042_0042.jpg 1 34 25 42 42
1834_0020_0015_0069_0069.jpg 1 20 15 69 69
1835_0007_0007_0031_0031.jpg 1 7 7 31 31
1836_0040_0038_0041_0041.jpg 1 40 38 41 41
1837_0010_0036_0058_0058.jpg 1 10 36 58 58
1838_0049_0046_0030_0030.jpg 1 49 46 30 30
1839_0011_0013_0042_0042.jpg 1 11 13 42 42
1840_0010_0052_0030_0030.jpg 1 10 52 30 30
1841_0012_0032_0054_0054.jpg 1 12 32 54 54
1842_0013_0038_0046_0046.jpg 1 13 38 46 46
1843_0035_0011_0041_0041.jpg 1 35 11 41 41
1844_0032_0046_0044_0044.jpg 1 32 46 44 44
1845_0065_0054_0024_0024.jpg 1 65 54 24 24
1846_0028_0023_0038_0038.jpg 1 28 23 38 38
1847_0020_0054_0031_0031.jpg 1 20 54 31 31
1848_0011_0012_0069_0069.jpg 1 11 12 69 69
1849_0038_0038_0044_0044.jpg 1 38 38 44 44
1850_0020_0043_0026_0026.jpg 1 20 43 26 26
1851_0015_0029_0040_0040.jpg 1 15 29 40 40
1852_0007_0018_0068_0068.jpg 1 7 18 68 68
1853_0040_0034_0054_0054.jpg 1 40 34 54 54
1854_0013_0013_0033_0033.jpg 1 13 13 33 33
1855_0029_0044_0028_0028.jpg 1 29 44 28 28
1856_0020_0018_0058_0058.jpg 1 20 18 58 58
1857_0016_0039_0054_0054.jpg 1 16 39 54 54
1858_0017_0032_0029_0029.jpg 1 17 32 29 29
1859_0046_0017_0043_0043.jpg 1 46 17 43 43
1860_0037_0026_0033_0033.jpg 1 37 26 33 33
1861_0060_0050_0029_0029.jpg 1 60 50 29 29
1862_0021_0029_0045_0045.jpg 1 21 29 45 45
1863_0048_0046_0037_0037.jpg 1 48 46 37 37
1864_0040_0042_0046_0046.jpg 1 40 42 46 46
1865_0017_0024_0044_0044.jpg 1 17 24 44 44
1866_0020_0009_0069_0069.jpg 1 20 9 69 69
1867_0019_0024_0056_0056.jpg 1 19 24 56 56
1868_0047_0024_0038_0038.jpg 1 47 24 38 38
1869_0026_0033_0043_0043.jpg 1 26 33 43 43
1870_0007_0010_0056_0056.jpg 1 7 10 56 56
1871_0007_0020_0063_0063.jpg 1 7 20 63 63
1872_0010_0016_0065_0065.jpg 1 10 16 65 65
1873_0027_0010_0033_0033.jpg 1 27 10 33 33
1874_0011_0025_0064_0064.jpg 1 11 25 64 64
1875_0050_0036_0039_0039.jpg 1 50 36 39 39
1876_0011_0018_0069_0069.jpg 1 11 18 69 69
1877_0040_0023_0045_0045.jpg 1 40 23 45 45
1878_0036_0008_0054_0054.jpg 1 36 8 54 54
1879_0037_0022_0042_0042.jpg 1 37 22 42 42
1880_0013_0020_0036_0036.jpg 1 13 20 36 36
1881_0034_0030_0061_0061.jpg 1 34 30 61 61
1882_0032_0021_0037_0037.jpg 1 32 21 37 37
1883_0027_0029_0048_0048.jpg 1 27 29 48 48
1884_0036_0042_0029_0029.jpg 1 36 42 29 29
1885_0024_0053_0033_0033.jpg 1 24 53 33 33
1886_0023_0026_0028_0028.jpg 1 23 26 28 28
1887_0041_0046_0025_0025.jpg 1 41 46 25 25
1888_0044_0017_0035_0035.jpg 1 44 17 35 35
1889_0018_0033_0046_0046.jpg 1 18 33 46 46
1890_0015_0048_0045_0045.jpg 1 15 48 45 45
1891_0032_0020_0063_0063.jpg 1 32 20 63 63
1892_0035_0018_0056_0056.jpg 1 35 18 56 56
1893_0023_0037_0031_0031.jpg 1 23 37 31 31
1894_0019_0015_0029_0029.jpg 1 19 15 29 29
1895_0028_0017_0061_0061.jpg 1 28 17 61 61
1896_0003_0017_0068_0068.jpg 1 3 17 68 68
1897_0049_0034_0030_0030.jpg 1 49 34 30 30
1898_0050_0041_0031_0031.jpg 1 50 41 31 31
1899_0034_0051_0039_0039.jpg 1 34 51 39 39
1900_0015_0019_0069_0069.jpg 1 15 19 69 69
1901_0026_0017_0036_0036.jpg 1 26 17 36 36
1902_0030_0035_0056_0056.jpg 1 30 35 56 56
1903_0028_0032_0043_0043.jpg 1 28 32 43 43
1904_0040_0047_0024_0024.jpg 1 40 47 24 24
1905_0010_0045_0036_0036.jpg 1 10 45 36 36
1906_0004_0012_0064_0064.jpg 1 4 12 64 64
1907_0016_0016_0040_0040.jpg 1 16 16 40 40
1908_0032_0031_0063_0063.jpg 1 32 31 63 63
1909_0022_0018_0049_0049.jpg 1 22 18 49 49
1910_0006_0040_0046_0046.jpg 1 6 40 46 46
1911_0037_0016_0040_0040.jpg 1 37 16 40 40
1912_0018_0031_0065_0065.jpg 1 18 31 65 65
1913_0032_0023_0028_0028.jpg 1 32 23 28 28
1914_0017_0044_0034_0034.jpg 1 17 44 34 34
1915_0008_0027_0034_0034.jpg 1 8 27 34 34
1916_0004_0022_0069_0069.jpg 1 4 22 69 69
1917_0007_0022_0069_0069.jpg 1 7 22 69 69
1918_0012_0030_0048_0048.jpg 1 12 30 48 48
1919_0030_0020_0034_0034.jpg 1 30 20 34 34
1920_0039_0012_0031_0031.jpg 1 39 12 31 31
1921_0042_0037_0041_0041.jpg 1 42 37 41 41
1922_0005_0016_0069_0069.jpg 1 5 16 69 69
1923_0032_0050_0037_0037.jpg 1 32 50 37 37
1924_0005_0045_0044_0044.jpg 1 5 45 44 44
1925_0026_0029_0032_0032.jpg 1 26 29 32 32
1926_0041_0050_0040_0040.jpg 1 41 50 40 40
1927_0045_0051_0027_0027.jpg 1 45 51 27 27
1928_0051_0063_0027_0027.jpg 1 51 63 27 27
1929_0014_0038_0056_0056.jpg 1 14 38 56 56
1930_0019_0062_0030_0030.jpg 1 19 62 30 30
1931_0009_0008_0053_0053.jpg 1 9 8 53 53
1932_0055_0049_0024_0024.jpg 1 55 49 24 24
1933_0047_0010_0040_0040.jpg 1 47 10 40 40
1934_0005_0014_0061_0061.jpg 1 5 14 61 61
1935_0018_0031_0050_0050.jpg 1 18 31 50 50
1936_0008_0028_0067_0067.jpg 1 8 28 67 67
1937_0027_0032_0048_0048.jpg 1 27 32 48 48
1938_0018_0055_0037_0037.jpg 1 18 55 37 37
1939_0024_0023_0067_0067.jpg 1 24 23 67 67
1940_0030_0024_0048_0048.jpg 1 30 24 48 48
1941_0060_0030_0028_0028.jpg 1 60 30 28 28
1942_0017_0022_0051_0051.jpg 1 17 22 51 51
1943_0016_0049_0038_0038.jpg 1 16 49 38 38
1944_0028_0031_0063_0063.jpg 1 28 31 63 63
1945_0009_0026_0050_0050.jpg 1 9 26 50 50
1946_0007_0016_0061_0061.jpg 1 7 16 61 61
1947_0007_0011_0032_0032.jpg 1 7 11 32 32
1948_0009_0049_0028_0028.jpg 1 9 49 28 28
1949_0031_0028_0060_0060.jpg 1 31 28 60 60
1950_0017_0025_0064_0064.jpg 1 17 25 64 64
