0001_0033_0012_0026_0026.jpg 1 33 12 26 26
0002_0031_0016_0054_0054.jpg 1 31 16 54 54
0003_0020_0043_0039_0039.jpg 1 20 43 39 39
0004_0010_0010_0054_0054.jpg 1 10 10 54 54
0005_0055_0031_0029_0029.jpg 1 55 31 29 29
0006_0055_0058_0035_0035.jpg 1 55 58 35 35
0007_0030_0040_0025_0025.jpg 1 30 40 25 25
0008_0005_0021_0061_0061.jpg 1 5 21 61 61
0009_0015_0039_0046_0046.jpg 1 15 39 46 46
0010_0035_0019_0060_0060.jpg 1 35 19 60 60
0011_0007_0013_0065_0065.jpg 1 7 13 65 65
0012_0019_0025_0060_0060.jpg 1 19 25 60 60
0013_0014_0013_0039_0039.jpg 1 14 13 39 39
0014_0009_0042_0037_0037.jpg 1 9 42 37 37
0015_0006_0012_0060_0060.jpg 1 6 12 60 60
0016_0024_0022_0051_0051.jpg 1 24 22 51 51
0017_0046_0017_0046_0046.jpg 1 46 17 46 46
0018_0046_0015_0042_0042.jpg 1 46 15 42 42
0019_0008_0026_0052_0052.jpg 1 8 26 52 52
0020_0011_0035_0058_0058.jpg 1 11 35 58 58
0021_0024_0043_0049_0049.jpg 1 24 43 49 49
0022_0045_0033_0035_0035.jpg 1 45 33 35 35
0023_0007_0019_0056_0056.jpg 1 7 19 56 56
0024_0042_0042_0038_0038.jpg 1 42 42 38 38
0025_0058_0028_0032_0032.jpg 1 58 28 32 32
0026_0021_0026_0060_0060.jpg 1 21 26 60 60
0027_0035_0028_0045_0045.jpg 1 35 28 45 45
0028_0038_0024_0046_0046.jpg 1 38 24 46 46
0029_0014_0021_0052_0052.jpg 1 14 21 52 52
0030_0055_0033_0036_0036.jpg 1 55 33 36 36
0031_0029_0034_0041_0041.jpg 1 29 34 41 41
0032_0028_0009_0063_0063.jpg 1 28 9 63 63
0033_0015_0061_0028_0028.jpg 1 15 61 28 28
0034_0008_0025_0068_0068.jpg 1 8 25 68 68
0035_0006_0024_0042_0042.jpg 1 6 24 42 42
0036_0008_0025_0063_0063.jpg 1 8 25 63 63
0037_0034_0025_0059_0059.jpg 1 34 25 59 59
0038_0017_0014_0067_0067.jpg 1 17 14 67 67
0039_0022_0017_0055_0055.jpg 1 22 17 55 55
0040_0008_0016_0066_0066.jpg 1 8 16 66 66
0041_0039_0051_0029_0029.jpg 1 39 51 29 29
0042_0057_0017_0036_0036.jpg 1 57 17 36 36
0043_0006_0016_0037_0037.jpg 1 6 16 37 37
0044_0036_0006_0048_0048.jpg 1 36 6 48 48
0045_0033_0022_0051_0051.jpg 1 33 22 51 51
0046_0030_0035_0041_0041.jpg 1 30 35 41 41
0047_0006_0026_0064_0064.jpg 1 6 26 64 64
0048_0057_0020_0026_0026.jpg 1 57 20 26 26
0049_0019_0025_0064_0064.jpg 1 19 25 64 64
0050_0043_0050_0026_0026.jpg 1 43 50 26 26
0051_0058_0046_0030_0030.jpg 1 58 46 30 30
0052_0013_0037_0054_0054.jpg 1 13 37 54 54
0053_0021_0020_0067_0067.jpg 1 21 20 67 67
0054_0018_0040_0026_0026.jpg 1 18 40 26 26
0055_0041_0013_0035_0035.jpg 1 41 13 35 35
0056_0033_0013_0030_0030.jpg 1 33 13 30 30
0057_0017_0021_0064_0064.jpg 1 17 21 64 64
0058_0043_0012_0046_0046.jpg 1 43 12 46 46
0059_0024_0022_0061_0061.jpg 1 24 22 61 61
0060_0025_0028_0059_0059.jpg 1 25 28 59 59
0061_0041_0042_0043_0043.jpg 1 41 42 43 43
0062_0048_0063_0026_0026.jpg 1 48 63 26 26
0063_0022_0024_0046_0046.jpg 1 22 24 46 46
0064_0027_0022_0061_0061.jpg 1 27 22 61 61
0065_0033_0038_0038_0038.jpg 1 33 38 38 38
0066_0051_0040_0036_0036.jpg 1 51 40 36 36
0067_0025_0019_0067_0067.jpg 1 25 19 67 67
0068_0028_0027_0068_0068.jpg 1 28 27 68 68
0069_0058_0060_0027_0027.jpg 1 58 60 27 27
0070_0019_0016_0057_0057.jpg 1 19 16 57 57
0071_0031_0007_0025_0025.jpg 1 31 7 25 25
0072_0015_0026_0069_0069.jpg 1 15 26 69 69
0073_0030_0006_0039_0039.jpg 1 30 6 39 39
0074_0033_0033_0047_0047.jpg 1 33 33 47 47
0075_0034_0039_0046_0046.jpg 1 34 39 46 46
0076_0043_0007_0024_0024.jpg 1 43 7 24 24
0077_0009_0025_0060_0060.jpg 1 9 25 60 60
0078_0011_0018_0069_0069.jpg 1 11 18 69 69
0079_0048_0024_0038_0038.jpg 1 48 24 38 38
0080_0051_0038_0036_0036.jpg 1 51 38 36 36
0081_0016_0017_0029_0029.jpg 1 16 17 29 29
0082_0016_0056_0027_0027.jpg 1 16 56 27 27
0083_0033_0008_0058_0058.jpg 1 33 8 58 58
0084_0010_0041_0048_0048.jpg 1 10 41 48 48
0085_0057_0035_0033_0033.jpg 1 57 35 33 33
0086_0040_0025_0051_0051.jpg 1 40 25 51 51
0087_0013_0019_0039_0039.jpg 1 13 19 39 39
0088_0022_0015_0065_0065.jpg 1 22 15 65 65
0089_0024_0021_0049_0049.jpg 1 24 21 49 49
0090_0044_0038_0041_0041.jpg 1 44 38 41 41
0091_0010_0021_0033_0033.jpg 1 10 21 33 33
0092_0011_0008_0051_0051.jpg 1 11 8 51 51
0093_0010_0030_0038_0038.jpg 1 10 30 38 38
0094_0009_0011_0043_0043.jpg 1 9 11 43 43
0095_0022_0007_0032_0032.jpg 1 22 7 32 32
0096_0014_0020_0033_0033.jpg 1 14 20 33 33
0097_0017_0022_0047_0047.jpg 1 17 22 47 47
0098_0019_0018_0062_0062.jpg 1 19 18 62 62
0099_0044_0024_0027_0027.jpg 1 44 24 27 27
0100_0034_0008_0059_0059.jpg 1 34 8 59 59
0101_0028_0018_0039_0039.jpg 1 28 18 39 39
0102_0031_0005_0050_0050.jpg 1 31 5 50 50
0103_0045_0013_0035_0035.jpg 1 45 13 35 35
0104_0046_0024_0047_0047.jpg 1 46 24 47 47
0105_0017_0037_0037_0037.jpg 1 17 37 37 37
0106_0021_0029_0031_0031.jpg 1 21 29 31 31
0107_0017_0023_0055_0055.jpg 1 17 23 55 55
0108_0017_0010_0066_0066.jpg 1 17 10 66 66
0109_0024_0007_0055_0055.jpg 1 24 7 55 55
0110_0030_0032_0053_0053.jpg 1 30 32 53 53
0111_0008_0027_0057_0057.jpg 1 8 27 57 57
0112_0033_0023_0053_0053.jpg 1 33 23 53 53
0113_0037_0046_0039_0039.jpg 1 37 46 39 39
0114_0014_0053_0027_0027.jpg 1 14 53 27 27
0115_0006_0008_0065_0065.jpg 1 6 8 65 65
0116_0045_0040_0042_0042.jpg 1 45 40 42 42
0117_0009_0005_0066_0066.jpg 1 9 5 66 66
0118_0013_0045_0047_0047.jpg 1 13 45 47 47
0119_0047_0008_0033_0033.jpg 1 47 8 33 33
0120_0019_0017_0064_0064.jpg 1 19 17 64 64
0121_0032_0062_0024_0024.jpg 1 32 62 24 24
0122_0030_0038_0038_0038.jpg 1 30 38 38 38
0123_0048_0008_0029_0029.jpg 1 48 8 29 29
0124_0012_0037_0057_0057.jpg 1 12 37 57 57
0125_0046_0017_0047_0047.jpg 1 46 17 47 47
0126_0047_0034_0041_0041.jpg 1 47 34 41 41
0127_0031_0025_0054_0054.jpg 1 31 25 54 54
0128_0020_0008_0050_0050.jpg 1 20 8 50 50
0129_0036_0036_0027_0027.jpg 1 36 36 27 27
0130_0037_0010_0048_0048.jpg 1 37 10 48 48
0131_0031_0042_0033_0033.jpg 1 31 42 33 33
0132_0053_0054_0031_0031.jpg 1 53 54 31 31
0133_0039_0040_0052_0052.jpg 1 39 40 52 52
0134_0035_0016_0048_0048.jpg 1 35 16 48 48
0135_0026_0016_0047_0047.jpg 1 26 16 47 47
0136_0005_0028_0058_0058.jpg 1 5 28 58 58
0137_0036_0011_0057_0057.jpg 1 36 11 57 57
0138_0060_0044_0028_0028.jpg 1 60 44 28 28
0139_0038_0039_0051_0051.jpg 1 38 39 51 51
0140_0008_0040_0037_0037.jpg 1 8 40 37 37
0141_0030_0020_0065_0065.jpg 1 30 20 65 65
0142_0019_0025_0053_0053.jpg 1 19 25 53 53
0143_0024_0019_0061_0061.jpg 1 24 19 61 61
0144_0006_0011_0061_0061.jpg 1 6 11 61 61
0145_0010_0030_0036_0036.jpg 1 10 30 36 36
0146_0014_0007_0068_0068.jpg 1 14 7 68 68
0147_0004_0021_0064_0064.jpg 1 4 21 64 64
0148_0033_0020_0043_0043.jpg 1 33 20 43 43
0149_0028_0014_0033_0033.jpg 1 28 14 33 33
0150_0013_0051_0040_0040.jpg 1 13 51 40 40
0151_0024_0007_0053_0053.jpg 1 24 7 53 53
0152_0029_0007_0030_0030.jpg 1 29 7 30 30
0153_0009_0026_0055_0055.jpg 1 9 26 55 55
0154_0039_0051_0029_0029.jpg 1 39 51 29 29
0155_0056_0018_0030_0030.jpg 1 56 18 30 30
0156_0027_0019_0068_0068.jpg 1 27 19 68 68
0157_0024_0028_0040_0040.jpg 1 24 28 40 40
0158_0037_0026_0040_0040.jpg 1 37 26 40 40
0159_0019_0027_0068_0068.jpg 1 19 27 68 68
0160_0034_0024_0030_0030.jpg 1 34 24 30 30
0161_0029_0024_0066_0066.jpg 1 29 24 66 66
0162_0025_0030_0059_0059.jpg 1 25 30 59 59
0163_0027_0043_0048_0048.jpg 1 27 43 48 48
0164_0031_0017_0024_0024.jpg 1 31 17 24 24
0165_0004_0004_0056_0056.jpg 1 4 4 56 56
0166_0040_0034_0030_0030.jpg 1 40 34 30 30
0167_0010_0030_0063_0063.jpg 1 10 30 63 63
0168_0019_0005_0053_0053.jpg 1 19 5 53 53
0169_0044_0019_0044_0044.jpg 1 44 19 44 44
0170_0052_0036_0027_0027.jpg 1 52 36 27 27
0171_0023_0031_0050_0050.jpg 1 23 31 50 50
0172_0014_0015_0063_0063.jpg 1 14 15 63 63
0173_0054_0047_0035_0035.jpg 1 54 47 35 35
0174_0014_0014_0054_0054.jpg 1 14 14 54 54
0175_0033_0048_0033_0033.jpg 1 33 48 33 33
0176_0022_0032_0025_0025.jpg 1 22 32 25 25
0177_0014_0004_0065_0065.jpg 1 14 4 65 65
0178_0063_0048_0028_0028.jpg 1 63 48 28 28
0179_0048_0021_0029_0029.jpg 1 48 21 29 29
0180_0027_0008_0060_0060.jpg 1 27 8 60 60
0181_0045_0040_0047_0047.jpg 1 45 40 47 47
0182_0010_0017_0060_0060.jpg 1 10 17 60 60
0183_0029_0048_0042_0042.jpg 1 29 48 42 42
0184_0032_0037_0039_0039.jpg 1 32 37 39 39
0185_0038_0050_0040_0040.jpg 1 38 50 40 40
0186_0047_0019_0046_0046.jpg 1 47 19 46 46
0187_0027_0006_0039_0039.jpg 1 27 6 39 39
0188_0027_0021_0067_0067.jpg 1 27 21 67 67
0189_0039_0035_0049_0049.jpg 1 39 35 49 49
0190_0009_0025_0035_0035.jpg 1 9 25 35 35
0191_0039_0008_0055_0055.jpg 1 39 8 55 55
0192_0006_0023_0062_0062.jpg 1 6 23 62 62
0193_0060_0045_0031_0031.jpg 1 60 45 31 31
0194_0036_0024_0040_0040.jpg 1 36 24 40 40
0195_0045_0054_0038_0038.jpg 1 45 54 38 38
0196_0042_0020_0050_0050.jpg 1 42 20 50 50
0197_0040_0045_0047_0047.jpg 1 40 45 47 47
0198_0035_0013_0040_0040.jpg 1 35 13 40 40
0199_0052_0019_0034_0034.jpg 1 52 19 34 34
0200_0015_0006_0063_0063.jpg 1 15 6 63 63
0201_0048_0021_0041_0041.jpg 1 48 21 41 41
0202_0041_0046_0025_0025.jpg 1 41 46 25 25
0203_0046_0027_0037_0037.jpg 1 46 27 37 37
0204_0032_0027_0043_0043.jpg 1 32 27 43 43
0205_0056_0056_0026_0026.jpg 1 56 56 26 26
0206_0031_0024_0057_0057.jpg 1 31 24 57 57
0207_0014_0017_0033_0033.jpg 1 14 17 33 33
0208_0016_0024_0033_0033.jpg 1 16 24 33 33
0209_0021_0008_0031_0031.jpg 1 21 8 31 31
0210_0006_0010_0060_0060.jpg 1 6 10 60 60
0211_0039_0061_0030_0030.jpg 1 39 61 30 30
0212_0022_0012_0052_0052.jpg 1 22 12 52 52
0213_0057_0067_0024_0024.jpg 1 57 67 24 24
0214_0034_0034_0049_0049.jpg 1 34 34 49 49
0215_0039_0042_0030_0030.jpg 1 39 42 30 30
0216_0009_0039_0049_0049.jpg 1 9 39 49 49
0217_0011_0004_0069_0069.jpg 1 11 4 69 69
0218_0058_0044_0028_0028.jpg 1 58 44 28 28
0219_0006_0050_0040_0040.jpg 1 6 50 40 40
0220_0020_0004_0065_0065.jpg 1 20 4 65 65
0221_0019_0016_0040_0040.jpg 1 19 16 40 40
0222_0009_0025_0055_0055.jpg 1 9 25 55 55
0223_0024_0018_0064_0064.jpg 1 24 18 64 64
0224_0024_0012_0063_0063.jpg 1 24 12 63 63
0225_0007_0031_0060_0060.jpg 1 7 31 60 60
0226_0059_0044_0030_0030.jpg 1 59 44 30 30
0227_0038_0043_0044_0044.jpg 1 38 43 44 44
0228_0008_0011_0062_0062.jpg 1 8 11 62 62
0229_0026_0026_0057_0057.jpg 1 26 26 57 57
0230_0042_0038_0044_0044.jpg 1 42 38 44 44
0231_0020_0003_0062_0062.jpg 1 20 3 62 62
0232_0007_0016_0060_0060.jpg 1 7 16 60 60
0233_0017_0051_0039_0039.jpg 1 17 51 39 39
0234_0031_0033_0050_0050.jpg 1 31 33 50 50
0235_0053_0055_0034_0034.jpg 1 53 55 34 34
0236_0047_0054_0033_0033.jpg 1 47 54 33 33
0237_0017_0021_0061_0061.jpg 1 17 21 61 61
0238_0018_0008_0037_0037.jpg 1 18 8 37 37
0239_0023_0025_0040_0040.jpg 1 23 25 40 40
0240_0023_0014_0067_0067.jpg 1 23 14 67 67
0241_0045_0043_0036_0036.jpg 1 45 43 36 36
0242_0032_0023_0043_0043.jpg 1 32 23 43 43
0243_0029_0032_0034_0034.jpg 1 29 32 34 34
0244_0022_0026_0057_0057.jpg 1 22 26 57 57
0245_0035_0010_0042_0042.jpg 1 35 10 42 42
0246_0015_0012_0067_0067.jpg 1 15 12 67 67
0247_0034_0010_0051_0051.jpg 1 34 10 51 51
0248_0029_0012_0060_0060.jpg 1 29 12 60 60
0249_0011_0010_0062_0062.jpg 1 11 10 62 62
0250_0042_0010_0050_0050.jpg 1 42 10 50 50
0251_0050_0027_0034_0034.jpg 1 50 27 34 34
0252_0047_0010_0044_0044.jpg 1 47 10 44 44
0253_0027_0013_0037_0037.jpg 1 27 13 37 37
0254_0035_0010_0034_0034.jpg 1 35 10 34 34
0255_0067_0054_0024_0024.jpg 1 67 54 24 24
0256_0025_0014_0060_0060.jpg 1 25 14 60 60
0257_0036_0022_0047_0047.jpg 1 36 22 47 47
0258_0031_0017_0035_0035.jpg 1 31 17 35 35
0259_0015_0052_0036_0036.jpg 1 15 52 36 36
0260_0007_0013_0043_0043.jpg 1 7 13 43 43
0261_0023_0062_0027_0027.jpg 1 23 62 27 27
0262_0027_0035_0053_0053.jpg 1 27 35 53 53
0263_0056_0016_0028_0028.jpg 1 56 16 28 28
0264_0004_0012_0059_0059.jpg 1 4 12 59 59
0265_0038_0048_0042_0042.jpg 1 38 48 42 42
0266_0046_0051_0030_0030.jpg 1 46 51 30 30
0267_0023_0029_0039_0039.jpg 1 23 29 39 39
0268_0018_0054_0028_0028.jpg 1 18 54 28 28
0269_0005_0019_0059_0059.jpg 1 5 19 59 59
0270_0006_0008_0054_0054.jpg 1 6 8 54 54
0271_0035_0048_0042_0042.jpg 1 35 48 42 42
0272_0052_0009_0041_0041.jpg 1 52 9 41 41
0273_0043_0029_0050_0050.jpg 1 43 29 50 50
0274_0014_0061_0027_0027.jpg 1 14 61 27 27
0275_0031_0039_0025_0025.jpg 1 31 39 25 25
0276_0036_0037_0040_0040.jpg 1 36 37 40 40
0277_0006_0021_0066_0066.jpg 1 6 21 66 66
0278_0008_0025_0065_0065.jpg 1 8 25 65 65
0279_0006_0032_0043_0043.jpg 1 6 32 43 43
0280_0046_0026_0045_0045.jpg 1 46 26 45 45
0281_0023_0022_0069_0069.jpg 1 23 22 69 69
0282_0037_0039_0044_0044.jpg 1 37 39 44 44
0283_0035_0036_0037_0037.jpg 1 35 36 37 37
0284_0033_0046_0039_0039.jpg 1 33 46 39 39
0285_0011_0062_0029_0029.jpg 1 11 62 29 29
0286_0008_0048_0042_0042.jpg 1 8 48 42 42
0287_0028_0007_0065_0065.jpg 1 28 7 65 65
0288_0033_0032_0057_0057.jpg 1 33 32 57 57
0289_0054_0044_0037_0037.jpg 1 54 44 37 37
0290_0035_0041_0045_0045.jpg 1 35 41 45 45
0291_0038_0031_0039_0039.jpg 1 38 31 39 39
0292_0013_0038_0055_0055.jpg 1 13 38 55 55
0293_0018_0033_0044_0044.jpg 1 18 33 44 44
0294_0030_0042_0034_0034.jpg 1 30 42 34 34
0295_0009_0040_0029_0029.jpg 1 9 40 29 29
0296_0023_0012_0058_0058.jpg 1 23 12 58 58
0297_0006_0021_0043_0043.jpg 1 6 21 43 43
0298_0007_0010_0066_0066.jpg 1 7 10 66 66
0299_0007_0007_0051_0051.jpg 1 7 7 51 51
0300_0041_0062_0029_0029.jpg 1 41 62 29 29
0301_0012_0021_0068_0068.jpg 1 12 21 68 68
0302_0023_0025_0061_0061.jpg 1 23 25 61 61
0303_0018_0019_0033_0033.jpg 1 18 19 33 33
0304_0007_0017_0069_0069.jpg 1 7 17 69 69
0305_0048_0049_0039_0039.jpg 1 48 49 39 39
0306_0012_0025_0044_0044.jpg 1 12 25 44 44
0307_0037_0039_0027_0027.jpg 1 37 39 27 27
0308_0024_0021_0044_0044.jpg 1 24 21 44 44
0309_0015_0024_0068_0068.jpg 1 15 24 68 68
0310_0068_0007_0024_0024.jpg 1 68 7 24 24
0311_0042_0043_0051_0051.jpg 1 42 43 51 51
0312_0021_0033_0030_0030.jpg 1 21 33 30 30
0313_0013_0013_0064_0064.jpg 1 13 13 64 64
0314_0039_0033_0029_0029.jpg 1 39 33 29 29
0315_0022_0059_0024_0024.jpg 1 22 59 24 24
0316_0018_0041_0043_0043.jpg 1 18 41 43 43
0317_0025_0009_0066_0066.jpg 1 25 9 66 66
0318_0055_0048_0037_0037.jpg 1 55 48 37 37
0319_0010_0005_0061_0061.jpg 1 10 5 61 61
0320_0024_0004_0060_0060.jpg 1 24 4 60 60
0321_0033_0010_0057_0057.jpg 1 33 10 57 57
0322_0049_0056_0024_0024.jpg 1 49 56 24 24
0323_0006_0031_0060_0060.jpg 1 6 31 60 60
0324_0023_0031_0043_0043.jpg 1 23 31 43 43
0325_0021_0032_0027_0027.jpg 1 21 32 27 27
0326_0038_0064_0024_0024.jpg 1 38 64 24 24
0327_0012_0017_0060_0060.jpg 1 12 17 60 60
0328_0016_0007_0069_0069.jpg 1 16 7 69 69
0329_0009_0032_0060_0060.jpg 1 9 32 60 60
0330_0004_0027_0065_0065.jpg 1 4 27 65 65
0331_0015_0005_0068_0068.jpg 1 15 5 68 68
0332_0004_0016_0069_0069.jpg 1 4 16 69 69
0333_0006_0018_0045_0045.jpg 1 6 18 45 45
0334_0020_0009_0064_0064.jpg 1 20 9 64 64
0335_0033_0058_0031_0031.jpg 1 33 58 31 31
0336_0029_0016_0055_0055.jpg 1 29 16 55 55
0337_0015_0027_0059_0059.jpg 1 15 27 59 59
0338_0026_0014_0066_0066.jpg 1 26 14 66 66
0339_0036_0038_0032_0032.jpg 1 36 38 32 32
0340_0032_0005_0062_0062.jpg 1 32 5 62 62
0341_0056_0053_0028_0028.jpg 1 56 53 28 28
0342_0019_0012_0066_0066.jpg 1 19 12 66 66
0343_0022_0045_0047_0047.jpg 1 22 45 47 47
0344_0038_0022_0034_0034.jpg 1 38 22 34 34
0345_0024_0029_0033_0033.jpg 1 24 29 33 33
0346_0060_0051_0030_0030.jpg 1 60 51 30 30
0347_0053_0035_0031_0031.jpg 1 53 35 31 31
0348_0058_0009_0032_0032.jpg 1 58 9 32 32
0349_0038_0043_0049_0049.jpg 1 38 43 49 49
0350_0040_0049_0036_0036.jpg 1 40 49 36 36
0351_0016_0014_0038_0038.jpg 1 16 14 38 38
0352_0030_0025_0064_0064.jpg 1 30 25 64 64
0353_0021_0011_0061_0061.jpg 1 21 11 61 61
0354_0019_0049_0035_0035.jpg 1 19 49 35 35
0355_0017_0016_0059_0059.jpg 1 17 16 59 59
0356_0025_0026_0042_0042.jpg 1 25 26 42 42
0357_0027_0056_0037_0037.jpg 1 27 56 37 37
0358_0035_0038_0046_0046.jpg 1 35 38 46 46
0359_0012_0024_0065_0065.jpg 1 12 24 65 65
0360_0026_0005_0063_0063.jpg 1 26 5 63 63
0361_0026_0008_0039_0039.jpg 1 26 8 39 39
0362_0039_0032_0025_0025.jpg 1 39 32 25 25
0363_0028_0024_0047_0047.jpg 1 28 24 47 47
0364_0030_0030_0039_0039.jpg 1 30 30 39 39
0365_0044_0031_0049_0049.jpg 1 44 31 49 49
0366_0013_0028_0059_0059.jpg 1 13 28 59 59
0367_0019_0057_0024_0024.jpg 1 19 57 24 24
0368_0037_0018_0039_0039.jpg 1 37 18 39 39
0369_0042_0042_0052_0052.jpg 1 42 42 52 52
0370_0008_0036_0048_0048.jpg 1 8 36 48 48
0371_0028_0004_0061_0061.jpg 1 28 4 61 61
0372_0006_0035_0040_0040.jpg 1 6 35 40 40
0373_0040_0012_0034_0034.jpg 1 40 12 34 34
0374_0009_0022_0058_0058.jpg 1 9 22 58 58
0375_0030_0033_0042_0042.jpg 1 30 33 42 42
0376_0021_0043_0027_0027.jpg 1 21 43 27 27
0377_0011_0029_0028_0028.jpg 1 11 29 28 28
0378_0019_0013_0063_0063.jpg 1 19 13 63 63
0379_0030_0033_0027_0027.jpg 1 30 33 27 27
0380_0038_0045_0049_0049.jpg 1 38 45 49 49
0381_0034_0037_0031_0031.jpg 1 34 37 31 31
0382_0022_0017_0027_0027.jpg 1 22 17 27 27
0383_0007_0026_0056_0056.jpg 1 7 26 56 56
0384_0019_0015_0064_0064.jpg 1 19 15 64 64
0385_0013_0011_0053_0053.jpg 1 13 11 53 53
0386_0007_0032_0063_0063.jpg 1 7 32 63 63
0387_0037_0037_0050_0050.jpg 1 37 37 50 50
0388_0007_0041_0048_0048.jpg 1 7 41 48 48
0389_0004_0025_0061_0061.jpg 1 4 25 61 61
0390_0028_0024_0056_0056.jpg 1 28 24 56 56
0391_0014_0018_0062_0062.jpg 1 14 18 62 62
0392_0038_0049_0033_0033.jpg 1 38 49 33 33
0393_0006_0007_0065_0065.jpg 1 6 7 65 65
0394_0019_0020_0052_0052.jpg 1 19 20 52 52
0395_0004_0013_0062_0062.jpg 1 4 13 62 62
0396_0010_0016_0069_0069.jpg 1 10 16 69 69
0397_0029_0023_0036_0036.jpg 1 29 23 36 36
0398_0008_0045_0033_0033.jpg 1 8 45 33 33
0399_0034_0067_0024_0024.jpg 1 34 67 24 24
0400_0022_0024_0051_0051.jpg 1 22 24 51 51
0401_0029_0021_0026_0026.jpg 1 29 21 26 26
0402_0057_0016_0029_0029.jpg 1 57 16 29 29
0403_0024_0024_0049_0049.jpg 1 24 24 49 49
0404_0049_0018_0039_0039.jpg 1 49 18 39 39
0405_0030_0010_0046_0046.jpg 1 30 10 46 46
0406_0022_0012_0068_0068.jpg 1 22 12 68 68
0407_0027_0047_0046_0046.jpg 1 27 47 46 46
0408_0015_0036_0048_0048.jpg 1 15 36 48 48
0409_0028_0005_0060_0060.jpg 1 28 5 60 60
0410_0031_0014_0053_0053.jpg 1 31 14 53 53
0411_0029_0029_0065_0065.jpg 1 29 29 65 65
0412_0018_0016_0035_0035.jpg 1 18 16 35 35
0413_0036_0020_0055_0055.jpg 1 36 20 55 55
0414_0019_0043_0046_0046.jpg 1 19 43 46 46
0415_0016_0018_0056_0056.jpg 1 16 18 56 56
0416_0024_0016_0064_0064.jpg 1 24 16 64 64
0417_0010_0007_0057_0057.jpg 1 10 7 57 57
0418_0017_0026_0030_0030.jpg 1 17 26 30 30
0419_0035_0039_0035_0035.jpg 1 35 39 35 35
0420_0025_0029_0054_0054.jpg 1 25 29 54 54
0421_0047_0025_0039_0039.jpg 1 47 25 39 39
0422_0035_0035_0054_0054.jpg 1 35 35 54 54
0423_0012_0040_0032_0032.jpg 1 12 40 32 32
0424_0017_0013_0041_0041.jpg 1 17 13 41 41
0425_0013_0011_0056_0056.jpg 1 13 11 56 56
0426_0052_0043_0029_0029.jpg 1 52 43 29 29
0427_0032_0006_0041_0041.jpg 1 32 6 41 41
0428_0013_0022_0049_0049.jpg 1 13 22 49 49
0429_0016_0018_0067_0067.jpg 1 16 18 67 67
0430_0037_0022_0029_0029.jpg 1 37 22 29 29
0431_0016_0031_0031_0031.jpg 1 16 31 31 31
0432_0050_0022_0039_0039.jpg 1 50 22 39 39
0433_0028_0019_0062_0062.jpg 1 28 19 62 62
0434_0044_0019_0039_0039.jpg 1 44 19 39 39
0435_0034_0049_0024_0024.jpg 1 34 49 24 24
0436_0010_0012_0064_0064.jpg 1 10 12 64 64
0437_0034_0036_0039_0039.jpg 1 34 36 39 39
0438_0028_0034_0055_0055.jpg 1 28 34 55 55
0439_0008_0008_0025_0025.jpg 1 8 8 25 25
0440_0048_0057_0027_0027.jpg 1 48 57 27 27
0441_0040_0043_0050_0050.jpg 1 40 43 50 50
0442_0014_0023_0049_0049.jpg 1 14 23 49 49
0443_0022_0006_0063_0063.jpg 1 22 6 63 63
0444_0025_0032_0037_0037.jpg 1 25 32 37 37
0445_0021_0011_0064_0064.jpg 1 21 11 64 64
0446_0022_0023_0068_0068.jpg 1 22 23 68 68
0447_0041_0039_0038_0038.jpg 1 41 39 38 38
0448_0019_0051_0029_0029.jpg 1 19 51 29 29
0449_0035_0059_0032_0032.jpg 1 35 59 32 32
0450_0013_0021_0064_0064.jpg 1 13 21 64 64
0451_0017_0035_0056_0056.jpg 1 17 35 56 56
0452_0009_0033_0059_0059.jpg 1 9 33 59 59
0453_0022_0021_0066_0066.jpg 1 22 21 66 66
0454_0023_0029_0066_0066.jpg 1 23 29 66 66
0455_0016_0026_0063_0063.jpg 1 16 26 63 63
0456_0022_0009_0058_0058.jpg 1 22 9 58 58
0457_0008_0028_0068_0068.jpg 1 8 28 68 68
0458_0012_0026_0049_0049.jpg 1 12 26 49 49
0459_0041_0041_0026_0026.jpg 1 41 41 26 26
0460_0013_0019_0053_0053.jpg 1 13 19 53 53
0461_0050_0022_0029_0029.jpg 1 50 22 29 29
0462_0027_0012_0053_0053.jpg 1 27 12 53 53
0463_0038_0049_0035_0035.jpg 1 38 49 35 35
0464_0008_0016_0065_0065.jpg 1 8 16 65 65
0465_0029_0020_0052_0052.jpg 1 29 20 52 52
0466_0009_0029_0057_0057.jpg 1 9 29 57 57
0467_0031_0027_0064_0064.jpg 1 31 27 64 64
0468_0024_0031_0055_0055.jpg 1 24 31 55 55
0469_0040_0021_0043_0043.jpg 1 40 21 43 43
0470_0043_0040_0049_0049.jpg 1 43 40 49 49
0471_0008_0045_0046_0046.jpg 1 8 45 46 46
0472_0009_0005_0050_0050.jpg 1 9 5 50 50
0473_0032_0013_0056_0056.jpg 1 32 13 56 56
0474_0026_0026_0067_0067.jpg 1 26 26 67 67
0475_0017_0007_0061_0061.jpg 1 17 7 61 61
0476_0045_0046_0033_0033.jpg 1 45 46 33 33
0477_0009_0042_0051_0051.jpg 1 9 42 51 51
0478_0026_0040_0055_0055.jpg 1 26 40 55 55
0479_0043_0020_0035_0035.jpg 1 43 20 35 35
0480_0032_0021_0049_0049.jpg 1 32 21 49 49
0481_0033_0025_0057_0057.jpg 1 33 25 57 57
0482_0027_0011_0046_0046.jpg 1 27 11 46 46
0483_0020_0047_0035_0035.jpg 1 20 47 35 35
0484_0027_0009_0062_0062.jpg 1 27 9 62 62
0485_0010_0023_0068_0068.jpg 1 10 23 68 68
0486_0033_0010_0058_0058.jpg 1 33 10 58 58
0487_0009_0004_0064_0064.jpg 1 9 4 64 64
0488_0013_0004_0065_0065.jpg 1 13 4 65 65
0489_0021_0036_0057_0057.jpg 1 21 36 57 57
0490_0025_0008_0031_0031.jpg 1 25 8 31 31
0491_0020_0018_0058_0058.jpg 1 20 18 58 58
0492_0012_0031_0049_0049.jpg 1 12 31 49 49
0493_0008_0018_0035_0035.jpg 1 8 18 35 35
0494_0035_0020_0049_0049.jpg 1 35 20 49 49
0495_0004_0004_0065_0065.jpg 1 4 4 65 65
0496_0016_0007_0059_0059.jpg 1 16 7 59 59
0497_0017_0005_0063_0063.jpg 1 17 5 63 63
0498_0019_0032_0062_0062.jpg 1 19 32 62 62
0499_0049_0007_0044_0044.jpg 1 49 7 44 44
0500_0028_0011_0046_0046.jpg 1 28 11 46 46
0501_0012_0025_0042_0042.jpg 1 12 25 42 42
0502_0004_0023_0063_0063.jpg 1 4 23 63 63
0503_0033_0019_0060_0060.jpg 1 33 19 60 60
0504_0051_0054_0027_0027.jpg 1 51 54 27 27
0505_0033_0014_0054_0054.jpg 1 33 14 54 54
0506_0020_0021_0066_0066.jpg 1 20 21 66 66
0507_0023_0043_0047_0047.jpg 1 23 43 47 47
0508_0038_0009_0052_0052.jpg 1 38 9 52 52
0509_0031_0031_0033_0033.jpg 1 31 31 33 33
0510_0025_0035_0053_0053.jpg 1 25 35 53 53
0511_0039_0011_0044_0044.jpg 1 39 11 44 44
0512_0018_0050_0027_0027.jpg 1 18 50 27 27
0513_0016_0023_0064_0064.jpg 1 16 23 64 64
0514_0033_0031_0052_0052.jpg 1 33 31 52 52
0515_0024_0031_0063_0063.jpg 1 24 31 63 63
0516_0032_0037_0054_0054.jpg 1 32 37 54 54
0517_0019_0010_0054_0054.jpg 1 19 10 54 54
0518_0022_0031_0053_0053.jpg 1 22 31 53 53
0519_0020_0010_0049_0049.jpg 1 20 10 49 49
0520_0014_0016_0066_0066.jpg 1 14 16 66 66
0521_0006_0011_0064_0064.jpg 1 6 11 64 64
0522_0049_0009_0024_0024.jpg 1 49 9 24 24
0523_0025_0057_0035_0035.jpg 1 25 57 35 35
0524_0032_0011_0028_0028.jpg 1 32 11 28 28
0525_0023_0012_0059_0059.jpg 1 23 12 59 59
0526_0009_0014_0054_0054.jpg 1 9 14 54 54
0527_0051_0006_0040_0040.jpg 1 51 6 40 40
0528_0027_0016_0052_0052.jpg 1 27 16 52 52
0529_0015_0029_0060_0060.jpg 1 15 29 60 60
0530_0005_0017_0066_0066.jpg 1 5 17 66 66
0531_0051_0032_0027_0027.jpg 1 51 32 27 27
0532_0026_0006_0055_0055.jpg 1 26 6 55 55
0533_0028_0019_0051_0051.jpg 1 28 19 51 51
0534_0019_0018_0029_0029.jpg 1 19 18 29 29
0535_0010_0032_0040_0040.jpg 1 10 32 40 40
0536_0011_0022_0028_0028.jpg 1 11 22 28 28
0537_0051_0037_0040_0040.jpg 1 51 37 40 40
0538_0009_0023_0058_0058.jpg 1 9 23 58 58
0539_0019_0015_0067_0067.jpg 1 19 15 67 67
0540_0006_0039_0051_0051.jpg 1 6 39 51 51
0541_0019_0022_0054_0054.jpg 1 19 22 54 54
0542_0022_0008_0059_0059.jpg 1 22 8 59 59
0543_0030_0054_0036_0036.jpg 1 30 54 36 36
0544_0031_0030_0040_0040.jpg 1 31 30 40 40
0545_0009_0025_0063_0063.jpg 1 9 25 63 63
0546_0028_0033_0024_0024.jpg 1 28 33 24 24
0547_0024_0022_0032_0032.jpg 1 24 22 32 32
0548_0014_0030_0045_0045.jpg 1 14 30 45 45
0549_0025_0033_0031_0031.jpg 1 25 33 31 31
0550_0007_0014_0046_0046.jpg 1 7 14 46 46
0551_0022_0006_0065_0065.jpg 1 22 6 65 65
0552_0052_0029_0030_0030.jpg 1 52 29 30 30
0553_0013_0011_0026_0026.jpg 1 13 11 26 26
0554_0024_0043_0024_0024.jpg 1 24 43 24 24
0555_0050_0007_0025_0025.jpg 1 50 7 25 25
0556_0016_0008_0034_0034.jpg 1 16 8 34 34
0557_0023_0025_0036_0036.jpg 1 23 25 36 36
0558_0044_0025_0032_0032.jpg 1 44 25 32 32
0559_0016_0017_0065_0065.jpg 1 16 17 65 65
0560_0035_0021_0050_0050.jpg 1 35 21 50 50
0561_0011_0049_0032_0032.jpg 1 11 49 32 32
0562_0047_0030_0040_0040.jpg 1 47 30 40 40
0563_0023_0015_0067_0067.jpg 1 23 15 67 67
0564_0014_0020_0057_0057.jpg 1 14 20 57 57
0565_0013_0005_0067_0067.jpg 1 13 5 67 67
0566_0007_0024_0044_0044.jpg 1 7 24 44 44
0567_0035_0045_0036_0036.jpg 1 35 45 36 36
0568_0013_0030_0054_0054.jpg 1 13 30 54 54
0569_0030_0012_0062_0062.jpg 1 30 12 62 62
0570_0052_0025_0030_0030.jpg 1 52 25 30 30
0571_0006_0032_0056_0056.jpg 1 6 32 56 56
0572_0042_0044_0040_0040.jpg 1 42 44 40 40
0573_0052_0009_0035_0035.jpg 1 52 9 35 35
0574_0006_0019_0061_0061.jpg 1 6 19 61 61
0575_0014_0009_0038_0038.jpg 1 14 9 38 38
0576_0033_0008_0047_0047.jpg 1 33 8 47 47
0577_0007_0015_0059_0059.jpg 1 7 15 59 59
0578_0048_0026_0028_0028.jpg 1 48 26 28 28
0579_0017_0057_0034_0034.jpg 1 17 57 34 34
0580_0037_0028_0041_0041.jpg 1 37 28 41 41
0581_0042_0036_0050_0050.jpg 1 42 36 50 50
0582_0024_0011_0062_0062.jpg 1 24 11 62 62
0583_0025_0022_0062_0062.jpg 1 25 22 62 62
0584_0007_0036_0047_0047.jpg 1 7 36 47 47
0585_0033_0025_0046_0046.jpg 1 33 25 46 46
0586_0037_0024_0028_0028.jpg 1 37 24 28 28
0587_0062_0017_0030_0030.jpg 1 62 17 30 30
0588_0014_0038_0035_0035.jpg 1 14 38 35 35
0589_0026_0032_0026_0026.jpg 1 26 32 26 26
0590_0022_0007_0068_0068.jpg 1 22 7 68 68
0591_0032_0009_0036_0036.jpg 1 32 9 36 36
0592_0035_0050_0043_0043.jpg 1 35 50 43 43
0593_0024_0034_0035_0035.jpg 1 24 34 35 35
0594_0049_0031_0043_0043.jpg 1 49 31 43 43
0595_0006_0028_0039_0039.jpg 1 6 28 39 39
0596_0041_0025_0047_0047.jpg 1 41 25 47 47
0597_0013_0026_0068_0068.jpg 1 13 26 68 68
0598_0019_0016_0056_0056.jpg 1 19 16 56 56
0599_0032_0017_0047_0047.jpg 1 32 17 47 47
0600_0035_0009_0048_0048.jpg 1 35 9 48 48
0601_0010_0034_0045_0045.jpg 1 10 34 45 45
0602_0007_0019_0053_0053.jpg 1 7 19 53 53
0603_0024_0024_0051_0051.jpg 1 24 24 51 51
0604_0031_0025_0025_0025.jpg 1 31 25 25 25
0605_0031_0016_0063_0063.jpg 1 31 16 63 63
0606_0025_0025_0043_0043.jpg 1 25 25 43 43
0607_0007_0032_0060_0060.jpg 1 7 32 60 60
0608_0024_0027_0057_0057.jpg 1 24 27 57 57
0609_0034_0057_0035_0035.jpg 1 34 57 35 35
0610_0018_0054_0037_0037.jpg 1 18 54 37 37
0611_0035_0056_0034_0034.jpg 1 35 56 34 34
0612_0032_0011_0036_0036.jpg 1 32 11 36 36
0613_0044_0039_0049_0049.jpg 1 44 39 49 49
0614_0012_0035_0052_0052.jpg 1 12 35 52 52
0615_0023_0045_0032_0032.jpg 1 23 45 32 32
0616_0020_0048_0040_0040.jpg 1 20 48 40 40
0617_0020_0004_0067_0067.jpg 1 20 4 67 67
0618_0007_0025_0069_0069.jpg 1 7 25 69 69
0619_0030_0030_0031_0031.jpg 1 30 30 31 31
0620_0005_0015_0066_0066.jpg 1 5 15 66 66
0621_0018_0040_0053_0053.jpg 1 18 40 53 53
0622_0032_0032_0059_0059.jpg 1 32 32 59 59
0623_0016_0043_0041_0041.jpg 1 16 43 41 41
0624_0019_0017_0069_0069.jpg 1 19 17 69 69
0625_0025_0027_0061_0061.jpg 1 25 27 61 61
0626_0011_0013_0067_0067.jpg 1 11 13 67 67
0627_0007_0051_0033_0033.jpg 1 7 51 33 33
0628_0045_0006_0041_0041.jpg 1 45 6 41 41
0629_0004_0016_0066_0066.jpg 1 4 16 66 66
0630_0021_0020_0049_0049.jpg 1 21 20 49 49
0631_0030_0040_0033_0033.jpg 1 30 40 33 33
0632_0013_0008_0036_0036.jpg 1 13 8 36 36
0633_0037_0029_0034_0034.jpg 1 37 29 34 34
0634_0010_0044_0024_0024.jpg 1 10 44 24 24
0635_0038_0030_0050_0050.jpg 1 38 30 50 50
0636_0010_0023_0029_0029.jpg 1 10 23 29 29
0637_0016_0022_0025_0025.jpg 1 16 22 25 25
0638_0043_0032_0038_0038.jpg 1 43 32 38 38
0639_0025_0038_0045_0045.jpg 1 25 38 45 45
0640_0015_0005_0051_0051.jpg 1 15 5 51 51
0641_0018_0032_0031_0031.jpg 1 18 32 31 31
0642_0054_0034_0029_0029.jpg 1 54 34 29 29
0643_0011_0030_0056_0056.jpg 1 11 30 56 56
0644_0010_0004_0065_0065.jpg 1 10 4 65 65
0645_0012_0035_0046_0046.jpg 1 12 35 46 46
0646_0032_0030_0033_0033.jpg 1 32 30 33 33
0647_0026_0028_0042_0042.jpg 1 26 28 42 42
0648_0009_0014_0054_0054.jpg 1 9 14 54 54
0649_0034_0026_0045_0045.jpg 1 34 26 45 45
0650_0026_0028_0048_0048.jpg 1 26 28 48 48
0651_0027_0038_0044_0044.jpg 1 27 38 44 44
0652_0063_0038_0024_0024.jpg 1 63 38 24 24
0653_0036_0028_0035_0035.jpg 1 36 28 35 35
0654_0047_0032_0038_0038.jpg 1 47 32 38 38
0655_0021_0034_0032_0032.jpg 1 21 34 32 32
0656_0008_0044_0032_0032.jpg 1 8 44 32 32
0657_0010_0028_0035_0035.jpg 1 10 28 35 35
0658_0048_0048_0035_0035.jpg 1 48 48 35 35
0659_0052_0032_0038_0038.jpg 1 52 32 38 38
0660_0014_0032_0031_0031.jpg 1 14 32 31 31
0661_0035_0017_0060_0060.jpg 1 35 17 60 60
0662_0049_0037_0028_0028.jpg 1 49 37 28 28
0663_0022_0039_0054_0054.jpg 1 22 39 54 54
0664_0023_0014_0028_0028.jpg 1 23 14 28 28
0665_0012_0005_0056_0056.jpg 1 12 5 56 56
0666_0017_0018_0059_0059.jpg 1 17 18 59 59
0667_0024_0006_0064_0064.jpg 1 24 6 64 64
0668_0015_0010_0062_0062.jpg 1 15 10 62 62
0669_0019_0007_0065_0065.jpg 1 19 7 65 65
0670_0018_0055_0030_0030.jpg 1 18 55 30 30
0671_0015_0018_0059_0059.jpg 1 15 18 59 59
0672_0042_0044_0031_0031.jpg 1 42 44 31 31
0673_0040_0042_0034_0034.jpg 1 40 42 34 34
0674_0042_0067_0025_0025.jpg 1 42 67 25 25
0675_0021_0015_0039_0039.jpg 1 21 15 39 39
0676_0054_0026_0026_0026.jpg 1 54 26 26 26
0677_0020_0015_0058_0058.jpg 1 20 15 58 58
0678_0014_0010_0044_0044.jpg 1 14 10 44 44
0679_0007_0020_0065_0065.jpg 1 7 20 65 65
0680_0025_0010_0065_0065.jpg 1 25 10 65 65
0681_0042_0060_0031_0031.jpg 1 42 60 31 31
0682_0025_0044_0028_0028.jpg 1 25 44 28 28
0683_0039_0021_0049_0049.jpg 1 39 21 49 49
0684_0018_0014_0064_0064.jpg 1 18 14 64 64
0685_0037_0038_0039_0039.jpg 1 37 38 39 39
0686_0034_0042_0049_0049.jpg 1 34 42 49 49
0687_0023_0033_0053_0053.jpg 1 23 33 53 53
0688_0016_0037_0049_0049.jpg 1 16 37 49 49
0689_0030_0034_0049_0049.jpg 1 30 34 49 49
0690_0057_0026_0024_0024.jpg 1 57 26 24 24
0691_0035_0030_0060_0060.jpg 1 35 30 60 60
0692_0019_0031_0052_0052.jpg 1 19 31 52 52
0693_0055_0055_0024_0024.jpg 1 55 55 24 24
0694_0023_0030_0059_0059.jpg 1 23 30 59 59
0695_0010_0010_0031_0031.jpg 1 10 10 31 31
0696_0049_0021_0037_0037.jpg 1 49 21 37 37
0697_0021_0017_0066_0066.jpg 1 21 17 66 66
0698_0025_0033_0036_0036.jpg 1 25 33 36 36
0699_0013_0027_0066_0066.jpg 1 13 27 66 66
0700_0030_0006_0046_0046.jpg 1 30 6 46 46
0701_0033_0037_0046_0046.jpg 1 33 37 46 46
0702_0021_0032_0059_0059.jpg 1 21 32 59 59
0703_0007_0025_0059_0059.jpg 1 7 25 59 59
0704_0022_0009_0062_0062.jpg 1 22 9 62 62
0705_0025_0026_0028_0028.jpg 1 25 26 28 28
0706_0011_0023_0036_0036.jpg 1 11 23 36 36
0707_0056_0043_0028_0028.jpg 1 56 43 28 28
0708_0019_0017_0062_0062.jpg 1 19 17 62 62
0709_0029_0014_0053_0053.jpg 1 29 14 53 53
0710_0041_0028_0024_0024.jpg 1 41 28 24 24
0711_0048_0048_0029_0029.jpg 1 48 48 29 29
0712_0019_0024_0055_0055.jpg 1 19 24 55 55
0713_0029_0015_0065_0065.jpg 1 29 15 65 65
0714_0028_0014_0045_0045.jpg 1 28 14 45 45
0715_0048_0017_0039_0039.jpg 1 48 17 39 39
0716_0008_0012_0050_0050.jpg 1 8 12 50 50
0717_0044_0032_0048_0048.jpg 1 44 32 48 48
0718_0006_0010_0055_0055.jpg 1 6 10 55 55
0719_0014_0018_0063_0063.jpg 1 14 18 63 63
0720_0032_0021_0057_0057.jpg 1 32 21 57 57
0721_0036_0029_0055_0055.jpg 1 36 29 55 55
0722_0053_0053_0040_0040.jpg 1 53 53 40 40
0723_0022_0048_0041_0041.jpg 1 22 48 41 41
0724_0033_0042_0045_0045.jpg 1 33 42 45 45
0725_0029_0046_0042_0042.jpg 1 29 46 42 42
0726_0012_0019_0065_0065.jpg 1 12 19 65 65
0727_0007_0021_0067_0067.jpg 1 7 21 67 67
0728_0036_0061_0029_0029.jpg 1 36 61 29 29
0729_0028_0044_0028_0028.jpg 1 28 44 28 28
0730_0018_0027_0061_0061.jpg 1 18 27 61 61
0731_0046_0055_0026_0026.jpg 1 46 55 26 26
0732_0027_0017_0025_0025.jpg 1 27 17 25 25
0733_0024_0008_0062_0062.jpg 1 24 8 62 62
0734_0048_0032_0035_0035.jpg 1 48 32 35 35
0735_0008_0028_0061_0061.jpg 1 8 28 61 61
0736_0033_0043_0049_0049.jpg 1 33 43 49 49
0737_0008_0007_0059_0059.jpg 1 8 7 59 59
0738_0013_0016_0033_0033.jpg 1 13 16 33 33
0739_0023_0013_0063_0063.jpg 1 23 13 63 63
0740_0046_0024_0026_0026.jpg 1 46 24 26 26
0741_0043_0045_0036_0036.jpg 1 43 45 36 36
0742_0030_0014_0063_0063.jpg 1 30 14 63 63
0743_0040_0008_0053_0053.jpg 1 40 8 53 53
0744_0025_0017_0067_0067.jpg 1 25 17 67 67
0745_0039_0017_0025_0025.jpg 1 39 17 25 25
0746_0027_0021_0049_0049.jpg 1 27 21 49 49
0747_0005_0027_0055_0055.jpg 1 5 27 55 55
0748_0018_0063_0028_0028.jpg 1 18 63 28 28
0749_0006_0017_0069_0069.jpg 1 6 17 69 69
0750_0025_0021_0055_0055.jpg 1 25 21 55 55
0751_0031_0024_0044_0044.jpg 1 31 24 44 44
0752_0021_0016_0028_0028.jpg 1 21 16 28 28
0753_0039_0023_0045_0045.jpg 1 39 23 45 45
0754_0029_0014_0046_0046.jpg 1 29 14 46 46
0755_0039_0010_0037_0037.jpg 1 39 10 37 37
0756_0013_0018_0060_0060.jpg 1 13 18 60 60
0757_0024_0028_0065_0065.jpg 1 24 28 65 65
0758_0021_0038_0039_0039.jpg 1 21 38 39 39
0759_0014_0008_0067_0067.jpg 1 14 8 67 67
0760_0020_0021_0069_0069.jpg 1 20 21 69 69
0761_0050_0043_0038_0038.jpg 1 50 43 38 38
0762_0026_0038_0056_0056.jpg 1 26 38 56 56
0763_0035_0023_0060_0060.jpg 1 35 23 60 60
0764_0023_0015_0065_0065.jpg 1 23 15 65 65
0765_0022_0004_0067_0067.jpg 1 22 4 67 67
0766_0017_0014_0065_0065.jpg 1 17 14 65 65
0767_0011_0030_0061_0061.jpg 1 11 30 61 61
0768_0035_0008_0060_0060.jpg 1 35 8 60 60
0769_0009_0026_0060_0060.jpg 1 9 26 60 60
0770_0044_0017_0033_0033.jpg 1 44 17 33 33
0771_0030_0017_0061_0061.jpg 1 30 17 61 61
0772_0049_0028_0037_0037.jpg 1 49 28 37 37
0773_0020_0031_0046_0046.jpg 1 20 31 46 46
0774_0027_0017_0052_0052.jpg 1 27 17 52 52
0775_0008_0037_0036_0036.jpg 1 8 37 36 36
0776_0033_0015_0049_0049.jpg 1 33 15 49 49
0777_0050_0037_0035_0035.jpg 1 50 37 35 35
0778_0029_0039_0053_0053.jpg 1 29 39 53 53
0779_0040_0021_0044_0044.jpg 1 40 21 44 44
0780_0037_0056_0037_0037.jpg 1 37 56 37 37
0781_0017_0021_0064_0064.jpg 1 17 21 64 64
0782_0030_0015_0059_0059.jpg 1 30 15 59 59
0783_0018_0050_0038_0038.jpg 1 18 50 38 38
0784_0051_0028_0038_0038.jpg 1 51 28 38 38
0785_0008_0028_0039_0039.jpg 1 8 28 39 39
0786_0037_0044_0031_0031.jpg 1 37 44 31 31
0787_0028_0015_0041_0041.jpg 1 28 15 41 41
0788_0042_0046_0029_0029.jpg 1 42 46 29 29
0789_0032_0019_0048_0048.jpg 1 32 19 48 48
0790_0006_0017_0066_0066.jpg 1 6 17 66 66
0791_0017_0020_0054_0054.jpg 1 17 20 54 54
0792_0019_0021_0046_0046.jpg 1 19 21 46 46
0793_0027_0013_0062_0062.jpg 1 27 13 62 62
0794_0032_0011_0060_0060.jpg 1 32 11 60 60
0795_0025_0015_0054_0054.jpg 1 25 15 54 54
0796_0058_0012_0033_0033.jpg 1 58 12 33 33
0797_0011_0013_0068_0068.jpg 1 11 13 68 68
0798_0016_0013_0050_0050.jpg 1 16 13 50 50
0799_0035_0006_0058_0058.jpg 1 35 6 58 58
0800_0032_0008_0063_0063.jpg 1 32 8 63 63
0801_0038_0008_0041_0041.jpg 1 38 8 41 41
0802_0004_0028_0065_0065.jpg 1 4 28 65 65
0803_0022_0036_0049_0049.jpg 1 22 36 49 49
0804_0024_0042_0036_0036.jpg 1 24 42 36 36
0805_0011_0031_0051_0051.jpg 1 11 31 51 51
0806_0036_0019_0059_0059.jpg 1 36 19 59 59
0807_0013_0022_0066_0066.jpg 1 13 22 66 66
0808_0055_0061_0032_0032.jpg 1 55 61 32 32
0809_0041_0016_0029_0029.jpg 1 41 16 29 29
0810_0006_0022_0065_0065.jpg 1 6 22 65 65
0811_0031_0016_0053_0053.jpg 1 31 16 53 53
0812_0020_0029_0060_0060.jpg 1 20 29 60 60
0813_0034_0019_0058_0058.jpg 1 34 19 58 58
0814_0035_0010_0031_0031.jpg 1 35 10 31 31
0815_0018_0018_0065_0065.jpg 1 18 18 65 65
0816_0025_0024_0027_0027.jpg 1 25 24 27 27
0817_0025_0020_0026_0026.jpg 1 25 20 26 26
0818_0008_0025_0064_0064.jpg 1 8 25 64 64
0819_0038_0027_0036_0036.jpg 1 38 27 36 36
0820_0035_0005_0050_0050.jpg 1 35 5 50 50
0821_0014_0037_0042_0042.jpg 1 14 37 42 42
0822_0023_0044_0043_0043.jpg 1 23 44 43 43
0823_0029_0010_0062_0062.jpg 1 29 10 62 62
0824_0025_0035_0050_0050.jpg 1 25 35 50 50
0825_0032_0011_0055_0055.jpg 1 32 11 55 55
0826_0040_0046_0024_0024.jpg 1 40 46 24 24
0827_0020_0007_0061_0061.jpg 1 20 7 61 61
0828_0024_0030_0058_0058.jpg 1 24 30 58 58
0829_0030_0045_0049_0049.jpg 1 30 45 49 49
0830_0007_0008_0065_0065.jpg 1 7 8 65 65
0831_0014_0023_0038_0038.jpg 1 14 23 38 38
0832_0060_0061_0027_0027.jpg 1 60 61 27 27
0833_0028_0015_0056_0056.jpg 1 28 15 56 56
0834_0018_0034_0049_0049.jpg 1 18 34 49 49
0835_0008_0008_0054_0054.jpg 1 8 8 54 54
0836_0036_0040_0053_0053.jpg 1 36 40 53 53
0837_0024_0025_0048_0048.jpg 1 24 25 48 48
0838_0018_0041_0053_0053.jpg 1 18 41 53 53
0839_0011_0027_0057_0057.jpg 1 11 27 57 57
0840_0052_0023_0031_0031.jpg 1 52 23 31 31
0841_0009_0037_0053_0053.jpg 1 9 37 53 53
0842_0031_0023_0052_0052.jpg 1 31 23 52 52
0843_0015_0051_0025_0025.jpg 1 15 51 25 25
0844_0008_0035_0036_0036.jpg 1 8 35 36 36
0845_0009_0021_0061_0061.jpg 1 9 21 61 61
0846_0024_0020_0063_0063.jpg 1 24 20 63 63
0847_0057_0057_0024_0024.jpg 1 57 57 24 24
0848_0008_0050_0043_0043.jpg 1 8 50 43 43
0849_0007_0048_0039_0039.jpg 1 7 48 39 39
0850_0049_0007_0031_0031.jpg 1 49 7 31 31
0851_0022_0021_0058_0058.jpg 1 22 21 58 58
0852_0039_0006_0046_0046.jpg 1 39 6 46 46
0853_0021_0025_0062_0062.jpg 1 21 25 62 62
0854_0022_0026_0058_0058.jpg 1 22 26 58 58
0855_0040_0051_0027_0027.jpg 1 40 51 27 27
0856_0009_0055_0033_0033.jpg 1 9 55 33 33
0857_0032_0021_0046_0046.jpg 1 32 21 46 46
0858_0016_0017_0036_0036.jpg 1 16 17 36 36
0859_0030_0007_0062_0062.jpg 1 30 7 62 62
0860_0016_0005_0065_0065.jpg 1 16 5 65 65
0861_0021_0053_0041_0041.jpg 1 21 53 41 41
0862_0042_0054_0036_0036.jpg 1 42 54 36 36
0863_0049_0055_0030_0030.jpg 1 49 55 30 30
0864_0026_0017_0055_0055.jpg 1 26 17 55 55
0865_0026_0012_0035_0035.jpg 1 26 12 35 35
0866_0021_0039_0043_0043.jpg 1 21 39 43 43
0867_0033_0022_0040_0040.jpg 1 33 22 40 40
0868_0021_0018_0062_0062.jpg 1 21 18 62 62
0869_0018_0037_0056_0056.jpg 1 18 37 56 56
0870_0045_0034_0039_0039.jpg 1 45 34 39 39
0871_0020_0042_0051_0051.jpg 1 20 42 51 51
0872_0050_0050_0032_0032.jpg 1 50 50 32 32
0873_0039_0035_0049_0049.jpg 1 39 35 49 49
0874_0032_0029_0061_0061.jpg 1 32 29 61 61
0875_0029_0033_0049_0049.jpg 1 29 33 49 49
0876_0038_0019_0033_0033.jpg 1 38 19 33 33
0877_0010_0029_0063_0063.jpg 1 10 29 63 63
0878_0013_0024_0061_0061.jpg 1 13 24 61 61
0879_0018_0023_0055_0055.jpg 1 18 23 55 55
0880_0049_0024_0044_0044.jpg 1 49 24 44 44
0881_0028_0047_0043_0043.jpg 1 28 47 43 43
0882_0011_0010_0043_0043.jpg 1 11 10 43 43
0883_0024_0028_0032_0032.jpg 1 24 28 32 32
0884_0008_0028_0061_0061.jpg 1 8 28 61 61
0885_0021_0014_0040_0040.jpg 1 21 14 40 40
0886_0024_0015_0068_0068.jpg 1 24 15 68 68
0887_0007_0034_0032_0032.jpg 1 7 34 32 32
0888_0010_0036_0024_0024.jpg 1 10 36 24 24
0889_0027_0011_0053_0053.jpg 1 27 11 53 53
0890_0037_0011_0052_0052.jpg 1 37 11 52 52
0891_0046_0009_0028_0028.jpg 1 46 9 28 28
0892_0034_0020_0049_0049.jpg 1 34 20 49 49
0893_0055_0044_0032_0032.jpg 1 55 44 32 32
0894_0026_0023_0056_0056.jpg 1 26 23 56 56
0895_0008_0007_0044_0044.jpg 1 8 7 44 44
0896_0038_0031_0051_0051.jpg 1 38 31 51 51
0897_0006_0034_0040_0040.jpg 1 6 34 40 40
0898_0010_0009_0055_0055.jpg 1 10 9 55 55
0899_0015_0036_0032_0032.jpg 1 15 36 32 32
0900_0025_0012_0057_0057.jpg 1 25 12 57 57
0901_0017_0040_0050_0050.jpg 1 17 40 50 50
0902_0029_0022_0054_0054.jpg 1 29 22 54 54
0903_0030_0023_0045_0045.jpg 1 30 23 45 45
0904_0005_0026_0068_0068.jpg 1 5 26 68 68
0905_0040_0036_0051_0051.jpg 1 40 36 51 51
0906_0048_0028_0043_0043.jpg 1 48 28 43 43
0907_0019_0018_0068_0068.jpg 1 19 18 68 68
0908_0012_0063_0029_0029.jpg 1 12 63 29 29
0909_0028_0007_0029_0029.jpg 1 28 7 29 29
0910_0030_0041_0046_0046.jpg 1 30 41 46 46
0911_0037_0037_0030_0030.jpg 1 37 37 30 30
0912_0013_0036_0036_0036.jpg 1 13 36 36 36
0913_0019_0021_0029_0029.jpg 1 19 21 29 29
0914_0045_0030_0042_0042.jpg 1 45 30 42 42
0915_0027_0035_0060_0060.jpg 1 27 35 60 60
0916_0054_0046_0029_0029.jpg 1 54 46 29 29
0917_0005_0021_0064_0064.jpg 1 5 21 64 64
0918_0009_0036_0051_0051.jpg 1 9 36 51 51
0919_0025_0009_0066_0066.jpg 1 25 9 66 66
0920_0025_0005_0064_0064.jpg 1 25 5 64 64
0921_0047_0018_0030_0030.jpg 1 47 18 30 30
0922_0025_0013_0057_0057.jpg 1 25 13 57 57
0923_0018_0044_0050_0050.jpg 1 18 44 50 50
0924_0017_0007_0060_0060.jpg 1 17 7 60 60
0925_0013_0060_0033_0033.jpg 1 13 60 33 33
0926_0025_0031_0029_0029.jpg 1 25 31 29 29
0927_0043_0017_0024_0024.jpg 1 43 17 24 24
0928_0017_0034_0053_0053.jpg 1 17 34 53 53
0929_0051_0040_0037_0037.jpg 1 51 40 37 37
0930_0009_0034_0055_0055.jpg 1 9 34 55 55
0931_0011_0026_0060_0060.jpg 1 11 26 60 60
0932_0011_0036_0058_0058.jpg 1 11 36 58 58
0933_0020_0024_0066_0066.jpg 1 20 24 66 66
0934_0010_0026_0061_0061.jpg 1 10 26 61 61
0935_0015_0014_0059_0059.jpg 1 15 14 59 59
0936_0019_0022_0058_0058.jpg 1 19 22 58 58
0937_0017_0026_0030_0030.jpg 1 17 26 30 30
0938_0029_0040_0034_0034.jpg 1 29 40 34 34
0939_0010_0049_0026_0026.jpg 1 10 49 26 26
0940_0033_0020_0059_0059.jpg 1 33 20 59 59
0941_0038_0016_0049_0049.jpg 1 38 16 49 49
0942_0017_0021_0030_0030.jpg 1 17 21 30 30
0943_0025_0031_0059_0059.jpg 1 25 31 59 59
0944_0037_0045_0042_0042.jpg 1 37 45 42 42
0945_0031_0012_0026_0026.jpg 1 31 12 26 26
0946_0003_0011_0069_0069.jpg 1 3 11 69 69
0947_0012_0026_0047_0047.jpg 1 12 26 47 47
0948_0019_0044_0048_0048.jpg 1 19 44 48 48
0949_0042_0054_0038_0038.jpg 1 42 54 38 38
0950_0046_0008_0045_0045.jpg 1 46 8 45 45
0951_0004_0010_0064_0064.jpg 1 4 10 64 64
0952_0036_0006_0051_0051.jpg 1 36 6 51 51
0953_0032_0061_0030_0030.jpg 1 32 61 30 30
0954_0029_0053_0039_0039.jpg 1 29 53 39 39
0955_0017_0047_0035_0035.jpg 1 17 47 35 35
0956_0028_0014_0058_0058.jpg 1 28 14 58 58
0957_0008_0005_0068_0068.jpg 1 8 5 68 68
0958_0029_0051_0042_0042.jpg 1 29 51 42 42
0959_0016_0032_0029_0029.jpg 1 16 32 29 29
0960_0013_0019_0040_0040.jpg 1 13 19 40 40
0961_0009_0023_0060_0060.jpg 1 9 23 60 60
0962_0046_0037_0035_0035.jpg 1 46 37 35 35
0963_0031_0015_0063_0063.jpg 1 31 15 63 63
0964_0054_0017_0036_0036.jpg 1 54 17 36 36
0965_0024_0042_0024_0024.jpg 1 24 42 24 24
0966_0042_0056_0030_0030.jpg 1 42 56 30 30
0967_0032_0039_0036_0036.jpg 1 32 39 36 36
0968_0018_0040_0027_0027.jpg 1 18 40 27 27
0969_0025_0030_0060_0060.jpg 1 25 30 60 60
0970_0006_0028_0067_0067.jpg 1 6 28 67 67
0971_0009_0008_0067_0067.jpg 1 9 8 67 67
0972_0016_0018_0058_0058.jpg 1 16 18 58 58
0973_0056_0058_0035_0035.jpg 1 56 58 35 35
0974_0052_0032_0038_0038.jpg 1 52 32 38 38
0975_0018_0005_0049_0049.jpg 1 18 5 49 49
0976_0030_0030_0024_0024.jpg 1 30 30 24 24
0977_0016_0035_0060_0060.jpg 1 16 35 60 60
0978_0026_0006_0069_0069.jpg 1 26 6 69 69
0979_0029_0030_0025_0025.jpg 1 29 30 25 25
0980_0032_0042_0042_0042.jpg 1 32 42 42 42
0981_0013_0011_0066_0066.jpg 1 13 11 66 66
0982_0005_0025_0065_0065.jpg 1 5 25 65 65
0983_0051_0033_0042_0042.jpg 1 51 33 42 42
0984_0014_0027_0058_0058.jpg 1 14 27 58 58
0985_0059_0012_0032_0032.jpg 1 59 12 32 32
0986_0005_0022_0060_0060.jpg 1 5 22 60 60
0987_0017_0042_0028_0028.jpg 1 17 42 28 28
0988_0013_0006_0068_0068.jpg 1 13 6 68 68
0989_0035_0035_0030_0030.jpg 1 35 35 30 30
0990_0006_0023_0052_0052.jpg 1 6 23 52 52
0991_0046_0020_0034_0034.jpg 1 46 20 34 34
0992_0025_0009_0052_0052.jpg 1 25 9 52 52
0993_0022_0048_0025_0025.jpg 1 22 48 25 25
0994_0052_0050_0037_0037.jpg 1 52 50 37 37
0995_0022_0029_0064_0064.jpg 1 22 29 64 64
0996_0032_0012_0054_0054.jpg 1 32 12 54 54
0997_0027_0017_0064_0064.jpg 1 27 17 64 64
0998_0063_0065_0024_0024.jpg 1 63 65 24 24
0999_0016_0018_0051_0051.jpg 1 16 18 51 51
1000_0027_0042_0028_0028.jpg 1 27 42 28 28
1001_0048_0042_0036_0036.jpg 1 48 42 36 36
1002_0035_0012_0044_0044.jpg 1 35 12 44 44
1003_0037_0012_0050_0050.jpg 1 37 12 50 50
1004_0004_0023_0064_0064.jpg 1 4 23 64 64
1005_0004_0022_0063_0063.jpg 1 4 22 63 63
1006_0015_0011_0065_0065.jpg 1 15 11 65 65
1007_0026_0016_0038_0038.jpg 1 26 16 38 38
1008_0017_0051_0037_0037.jpg 1 17 51 37 37
1009_0011_0038_0042_0042.jpg 1 11 38 42 42
1010_0009_0030_0048_0048.jpg 1 9 30 48 48
1011_0014_0039_0042_0042.jpg 1 14 39 42 42
1012_0023_0023_0029_0029.jpg 1 23 23 29 29
1013_0051_0043_0033_0033.jpg 1 51 43 33 33
1014_0059_0058_0025_0025.jpg 1 59 58 25 25
1015_0015_0035_0054_0054.jpg 1 15 35 54 54
1016_0007_0025_0032_0032.jpg 1 7 25 32 32
1017_0030_0033_0050_0050.jpg 1 30 33 50 50
1018_0030_0040_0055_0055.jpg 1 30 40 55 55
1019_0035_0017_0058_0058.jpg 1 35 17 58 58
1020_0007_0036_0031_0031.jpg 1 7 36 31 31
1021_0032_0060_0030_0030.jpg 1 32 60 30 30
1022_0047_0032_0027_0027.jpg 1 47 32 27 27
1023_0021_0037_0056_0056.jpg 1 21 37 56 56
1024_0052_0042_0041_0041.jpg 1 52 42 41 41
1025_0052_0019_0030_0030.jpg 1 52 19 30 30
1026_0028_0014_0053_0053.jpg 1 28 14 53 53
1027_0004_0009_0057_0057.jpg 1 4 9 57 57
1028_0024_0012_0035_0035.jpg 1 24 12 35 35
1029_0021_0044_0046_0046.jpg 1 21 44 46 46
1030_0029_0018_0047_0047.jpg 1 29 18 47 47
1031_0045_0011_0040_0040.jpg 1 45 11 40 40
1032_0036_0033_0032_0032.jpg 1 36 33 32 32
1033_0027_0047_0035_0035.jpg 1 27 47 35 35
1034_0034_0008_0053_0053.jpg 1 34 8 53 53
1035_0036_0032_0028_0028.jpg 1 36 32 28 28
1036_0021_0016_0033_0033.jpg 1 21 16 33 33
1037_0023_0046_0047_0047.jpg 1 23 46 47 47
1038_0017_0009_0028_0028.jpg 1 17 9 28 28
1039_0045_0045_0028_0028.jpg 1 45 45 28 28
1040_0006_0013_0065_0065.jpg 1 6 13 65 65
1041_0031_0044_0034_0034.jpg 1 31 44 34 34
1042_0018_0018_0025_0025.jpg 1 18 18 25 25
1043_0057_0056_0032_0032.jpg 1 57 56 32 32
1044_0004_0031_0060_0060.jpg 1 4 31 60 60
1045_0028_0006_0058_0058.jpg 1 28 6 58 58
1046_0013_0033_0042_0042.jpg 1 13 33 42 42
1047_0043_0015_0043_0043.jpg 1 43 15 43 43
1048_0027_0007_0067_0067.jpg 1 27 7 67 67
1049_0041_0048_0037_0037.jpg 1 41 48 37 37
1050_0036_0057_0031_0031.jpg 1 36 57 31 31
1051_0031_0031_0036_0036.jpg 1 31 31 36 36
1052_0030_0033_0040_0040.jpg 1 30 33 40 40
1053_0009_0009_0059_0059.jpg 1 9 9 59 59
1054_0022_0028_0062_0062.jpg 1 22 28 62 62
1055_0020_0032_0038_0038.jpg 1 20 32 38 38
1056_0042_0019_0041_0041.jpg 1 42 19 41 41
1057_0047_0015_0047_0047.jpg 1 47 15 47 47
1058_0016_0038_0046_0046.jpg 1 16 38 46 46
1059_0017_0033_0061_0061.jpg 1 17 33 61 61
1060_0008_0017_0062_0062.jpg 1 8 17 62 62
1061_0025_0003_0069_0069.jpg 1 25 3 69 69
1062_0041_0021_0044_0044.jpg 1 41 21 44 44
1063_0037_0019_0033_0033.jpg 1 37 19 33 33
1064_0036_0016_0055_0055.jpg 1 36 16 55 55
1065_0009_0040_0038_0038.jpg 1 9 40 38 38
1066_0024_0016_0064_0064.jpg 1 24 16 64 64
1067_0018_0038_0053_0053.jpg 1 18 38 53 53
1068_0006_0007_0057_0057.jpg 1 6 7 57 57
1069_0017_0012_0069_0069.jpg 1 17 12 69 69
1070_0040_0004_0055_0055.jpg 1 40 4 55 55
1071_0028_0013_0045_0045.jpg 1 28 13 45 45
1072_0008_0039_0042_0042.jpg 1 8 39 42 42
1073_0025_0025_0052_0052.jpg 1 25 25 52 52
1074_0010_0022_0042_0042.jpg 1 10 22 42 42
1075_0035_0034_0052_0052.jpg 1 35 34 52 52
1076_0009_0034_0061_0061.jpg 1 9 34 61 61
1077_0048_0052_0038_0038.jpg 1 48 52 38 38
1078_0041_0054_0037_0037.jpg 1 41 54 37 37
1079_0024_0026_0069_0069.jpg 1 24 26 69 69
1080_0015_0013_0065_0065.jpg 1 15 13 65 65
1081_0017_0008_0034_0034.jpg 1 17 8 34 34
1082_0031_0032_0051_0051.jpg 1 31 32 51 51
1083_0057_0063_0024_0024.jpg 1 57 63 24 24
1084_0024_0008_0045_0045.jpg 1 24 8 45 45
1085_0041_0051_0038_0038.jpg 1 41 51 38 38
1086_0008_0029_0066_0066.jpg 1 8 29 66 66
1087_0017_0028_0065_0065.jpg 1 17 28 65 65
1088_0005_0004_0065_0065.jpg 1 5 4 65 65
1089_0022_0005_0059_0059.jpg 1 22 5 59 59
1090_0026_0026_0064_0064.jpg 1 26 26 64 64
1091_0031_0052_0040_0040.jpg 1 31 52 40 40
1092_0024_0047_0031_0031.jpg 1 24 47 31 31
1093_0016_0017_0068_0068.jpg 1 16 17 68 68
1094_0019_0025_0052_0052.jpg 1 19 25 52 52
1095_0049_0029_0037_0037.jpg 1 49 29 37 37
1096_0027_0046_0038_0038.jpg 1 27 46 38 38
1097_0042_0017_0035_0035.jpg 1 42 17 35 35
1098_0015_0038_0037_0037.jpg 1 15 38 37 37
1099_0029_0033_0039_0039.jpg 1 29 33 39 39
1100_0022_0063_0029_0029.jpg 1 22 63 29 29
1101_0039_0007_0035_0035.jpg 1 39 7 35 35
1102_0011_0007_0068_0068.jpg 1 11 7 68 68
1103_0028_0012_0058_0058.jpg 1 28 12 58 58
1104_0061_0045_0029_0029.jpg 1 61 45 29 29
1105_0060_0050_0031_0031.jpg 1 60 50 31 31
1106_0032_0016_0058_0058.jpg 1 32 16 58 58
1107_0041_0017_0053_0053.jpg 1 41 17 53 53
1108_0018_0019_0051_0051.jpg 1 18 19 51 51
1109_0017_0013_0066_0066.jpg 1 17 13 66 66
1110_0020_0013_0035_0035.jpg 1 20 13 35 35
1111_0007_0016_0049_0049.jpg 1 7 16 49 49
1112_0039_0033_0049_0049.jpg 1 39 33 49 49
1113_0062_0033_0028_0028.jpg 1 62 33 28 28
1114_0032_0031_0047_0047.jpg 1 32 31 47 47
1115_0023_0052_0037_0037.jpg 1 23 52 37 37
1116_0047_0031_0027_0027.jpg 1 47 31 27 27
1117_0043_0022_0044_0044.jpg 1 43 22 44 44
1118_0018_0012_0050_0050.jpg 1 18 12 50 50
1119_0005_0036_0046_0046.jpg 1 5 36 46 46
1120_0015_0033_0058_0058.jpg 1 15 33 58 58
1121_0011_0027_0052_0052.jpg 1 11 27 52 52
1122_0059_0042_0034_0034.jpg 1 59 42 34 34
1123_0052_0036_0033_0033.jpg 1 52 36 33 33
1124_0023_0037_0049_0049.jpg 1 23 37 49 49
1125_0023_0005_0048_0048.jpg 1 23 5 48 48
1126_0012_0038_0042_0042.jpg 1 12 38 42 42
1127_0040_0013_0048_0048.jpg 1 40 13 48 48
1128_0009_0024_0040_0040.jpg 1 9 24 40 40
1129_0011_0029_0041_0041.jpg 1 11 29 41 41
1130_0035_0053_0028_0028.jpg 1 35 53 28 28
1131_0057_0053_0036_0036.jpg 1 57 53 36 36
1132_0018_0011_0044_0044.jpg 1 18 11 44 44
1133_0007_0011_0058_0058.jpg 1 7 11 58 58
1134_0040_0030_0039_0039.jpg 1 40 30 39 39
1135_0011_0030_0062_0062.jpg 1 11 30 62 62
1136_0029_0021_0054_0054.jpg 1 29 21 54 54
1137_0024_0015_0060_0060.jpg 1 24 15 60 60
1138_0023_0012_0046_0046.jpg 1 23 12 46 46
1139_0042_0009_0027_0027.jpg 1 42 9 27 27
1140_0065_0041_0026_0026.jpg 1 65 41 26 26
1141_0031_0010_0048_0048.jpg 1 31 10 48 48
1142_0031_0020_0064_0064.jpg 1 31 20 64 64
1143_0057_0031_0035_0035.jpg 1 57 31 35 35
1144_0016_0009_0052_0052.jpg 1 16 9 52 52
1145_0005_0008_0053_0053.jpg 1 5 8 53 53
1146_0012_0027_0044_0044.jpg 1 12 27 44 44
1147_0029_0024_0061_0061.jpg 1 29 24 61 61
1148_0036_0036_0042_0042.jpg 1 36 36 42 42
1149_0039_0013_0038_0038.jpg 1 39 13 38 38
1150_0033_0018_0057_0057.jpg 1 33 18 57 57
1151_0007_0015_0065_0065.jpg 1 7 15 65 65
1152_0017_0017_0028_0028.jpg 1 17 17 28 28
1153_0042_0006_0041_0041.jpg 1 42 6 41 41
1154_0037_0042_0052_0052.jpg 1 37 42 52 52
1155_0043_0032_0040_0040.jpg 1 43 32 40 40
1156_0037_0020_0039_0039.jpg 1 37 20 39 39
1157_0009_0013_0063_0063.jpg 1 9 13 63 63
1158_0030_0032_0028_0028.jpg 1 30 32 28 28
1159_0006_0027_0054_0054.jpg 1 6 27 54 54
1160_0028_0007_0031_0031.jpg 1 28 7 31 31
1161_0033_0012_0058_0058.jpg 1 33 12 58 58
1162_0013_0032_0054_0054.jpg 1 13 32 54 54
1163_0054_0014_0030_0030.jpg 1 54 14 30 30
1164_0027_0010_0069_0069.jpg 1 27 10 69 69
1165_0010_0031_0049_0049.jpg 1 10 31 49 49
1166_0033_0037_0057_0057.jpg 1 33 37 57 57
1167_0010_0006_0053_0053.jpg 1 10 6 53 53
1168_0016_0047_0029_0029.jpg 1 16 47 29 29
1169_0030_0026_0045_0045.jpg 1 30 26 45 45
1170_0011_0031_0025_0025.jpg 1 11 31 25 25
1171_0060_0010_0031_0031.jpg 1 60 10 31 31
1172_0006_0027_0068_0068.jpg 1 6 27 68 68
1173_0014_0058_0029_0029.jpg 1 14 58 29 29
1174_0032_0050_0040_0040.jpg 1 32 50 40 40
1175_0050_0024_0027_0027.jpg 1 50 24 27 27
1176_0013_0011_0055_0055.jpg 1 13 11 55 55
1177_0012_0019_0060_0060.jpg 1 12 19 60 60
1178_0013_0026_0043_0043.jpg 1 13 26 43 43
1179_0044_0049_0039_0039.jpg 1 44 49 39 39
1180_0042_0018_0042_0042.jpg 1 42 18 42 42
1181_0037_0011_0044_0044.jpg 1 37 11 44 44
1182_0014_0031_0041_0041.jpg 1 14 31 41 41
1183_0029_0020_0028_0028.jpg 1 29 20 28 28
1184_0041_0025_0035_0035.jpg 1 41 25 35 35
1185_0012_0021_0031_0031.jpg 1 12 21 31 31
1186_0017_0020_0051_0051.jpg 1 17 20 51 51
1187_0037_0053_0040_0040.jpg 1 37 53 40 40
1188_0056_0009_0034_0034.jpg 1 56 9 34 34
1189_0033_0026_0054_0054.jpg 1 33 26 54 54
1190_0041_0024_0029_0029.jpg 1 41 24 29 29
1191_0029_0009_0046_0046.jpg 1 29 9 46 46
1192_0015_0031_0049_0049.jpg 1 15 31 49 49
1193_0032_0028_0039_0039.jpg 1 32 28 39 39
1194_0040_0007_0049_0049.jpg 1 40 7 49 49
1195_0007_0023_0029_0029.jpg 1 7 23 29 29
1196_0030_0031_0061_0061.jpg 1 30 31 61 61
1197_0009_0033_0045_0045.jpg 1 9 33 45 45
1198_0018_0028_0030_0030.jpg 1 18 28 30 30
1199_0015_0020_0057_0057.jpg 1 15 20 57 57
1200_0047_0053_0041_0041.jpg 1 47 53 41 41
1201_0017_0023_0066_0066.jpg 1 17 23 66 66
1202_0026_0039_0045_0045.jpg 1 26 39 45 45
1203_0029_0033_0059_0059.jpg 1 29 33 59 59
1204_0023_0007_0059_0059.jpg 1 23 7 59 59
1205_0043_0029_0043_0043.jpg 1 43 29 43 43
1206_0023_0024_0045_0045.jpg 1 23 24 45 45
1207_0029_0015_0065_0065.jpg 1 29 15 65 65
1208_0030_0012_0062_0062.jpg 1 30 12 62 62
1209_0057_0024_0030_0030.jpg 1 57 24 30 30
1210_0024_0056_0033_0033.jpg 1 24 56 33 33
1211_0029_0031_0043_0043.jpg 1 29 31 43 43
1212_0039_0023_0044_0044.jpg 1 39 23 44 44
1213_0030_0034_0054_0054.jpg 1 30 34 54 54
1214_0015_0054_0025_0025.jpg 1 15 54 25 25
1215_0008_0008_0051_0051.jpg 1 8 8 51 51
1216_0006_0021_0050_0050.jpg 1 6 21 50 50
1217_0037_0037_0045_0045.jpg 1 37 37 45 45
1218_0013_0019_0040_0040.jpg 1 13 19 40 40
1219_0056_0046_0024_0024.jpg 1 56 46 24 24
1220_0029_0020_0066_0066.jpg 1 29 20 66 66
1221_0026_0039_0048_0048.jpg 1 26 39 48 48
1222_0052_0034_0024_0024.jpg 1 52 34 24 24
1223_0027_0030_0056_0056.jpg 1 27 30 56 56
1224_0006_0024_0042_0042.jpg 1 6 24 42 42
1225_0025_0045_0039_0039.jpg 1 25 45 39 39
1226_0007_0034_0033_0033.jpg 1 7 34 33 33
1227_0031_0037_0038_0038.jpg 1 31 37 38 38
1228_0020_0034_0055_0055.jpg 1 20 34 55 55
1229_0030_0019_0028_0028.jpg 1 30 19 28 28
1230_0034_0056_0034_0034.jpg 1 34 56 34 34
1231_0030_0015_0065_0065.jpg 1 30 15 65 65
1232_0024_0043_0049_0049.jpg 1 24 43 49 49
1233_0008_0029_0060_0060.jpg 1 8 29 60 60
1234_0067_0039_0025_0025.jpg 1 67 39 25 25
1235_0034_0010_0042_0042.jpg 1 34 10 42 42
1236_0010_0053_0026_0026.jpg 1 10 53 26 26
1237_0005_0039_0050_0050.jpg 1 5 39 50 50
1238_0055_0030_0035_0035.jpg 1 55 30 35 35
1239_0010_0008_0065_0065.jpg 1 10 8 65 65
1240_0043_0046_0045_0045.jpg 1 43 46 45 45
1241_0020_0038_0029_0029.jpg 1 20 38 29 29
1242_0039_0027_0024_0024.jpg 1 39 27 24 24
1243_0019_0036_0044_0044.jpg 1 19 36 44 44
1244_0034_0026_0055_0055.jpg 1 34 26 55 55
1245_0042_0028_0040_0040.jpg 1 42 28 40 40
1246_0040_0036_0030_0030.jpg 1 40 36 30 30
1247_0016_0022_0034_0034.jpg 1 16 22 34 34
1248_0007_0019_0064_0064.jpg 1 7 19 64 64
1249_0028_0011_0062_0062.jpg 1 28 11 62 62
1250_0022_0017_0052_0052.jpg 1 22 17 52 52
1251_0032_0025_0031_0031.jpg 1 32 25 31 31
1252_0042_0009_0051_0051.jpg 1 42 9 51 51
1253_0022_0010_0063_0063.jpg 1 22 10 63 63
1254_0050_0055_0038_0038.jpg 1 50 55 38 38
1255_0026_0009_0068_0068.jpg 1 26 9 68 68
1256_0026_0005_0044_0044.jpg 1 26 5 44 44
1257_0044_0044_0045_0045.jpg 1 44 44 45 45
1258_0040_0011_0046_0046.jpg 1 40 11 46 46
1259_0021_0050_0035_0035.jpg 1 21 50 35 35
1260_0012_0017_0044_0044.jpg 1 12 17 44 44
1261_0023_0003_0068_0068.jpg 1 23 3 68 68
1262_0010_0011_0068_0068.jpg 1 10 11 68 68
1263_0035_0023_0038_0038.jpg 1 35 23 38 38
1264_0057_0025_0034_0034.jpg 1 57 25 34 34
1265_0020_0027_0042_0042.jpg 1 20 27 42 42
1266_0032_0012_0048_0048.jpg 1 32 12 48 48
1267_0023_0025_0063_0063.jpg 1 23 25 63 63
1268_0033_0022_0047_0047.jpg 1 33 22 47 47
1269_0027_0032_0059_0059.jpg 1 27 32 59 59
1270_0045_0050_0025_0025.jpg 1 45 50 25 25
1271_0014_0011_0055_0055.jpg 1 14 11 55 55
1272_0017_0017_0053_0053.jpg 1 17 17 53 53
1273_0026_0020_0048_0048.jpg 1 26 20 48 48
1274_0026_0008_0045_0045.jpg 1 26 8 45 45
1275_0011_0040_0043_0043.jpg 1 11 40 43 43
1276_0029_0010_0032_0032.jpg 1 29 10 32 32
1277_0033_0029_0053_0053.jpg 1 33 29 53 53
1278_0016_0009_0058_0058.jpg 1 16 9 58 58
1279_0009_0028_0059_0059.jpg 1 9 28 59 59
1280_0053_0007_0038_0038.jpg 1 53 7 38 38
1281_0009_0008_0050_0050.jpg 1 9 8 50 50
1282_0052_0030_0033_0033.jpg 1 52 30 33 33
1283_0046_0054_0039_0039.jpg 1 46 54 39 39
1284_0013_0044_0037_0037.jpg 1 13 44 37 37
1285_0007_0031_0056_0056.jpg 1 7 31 56 56
1286_0026_0050_0035_0035.jpg 1 26 50 35 35
1287_0027_0010_0062_0062.jpg 1 27 10 62 62
1288_0016_0018_0064_0064.jpg 1 16 18 64 64
1289_0035_0023_0047_0047.jpg 1 35 23 47 47
1290_0028_0029_0040_0040.jpg 1 28 29 40 40
1291_0047_0011_0031_0031.jpg 1 47 11 31 31
1292_0041_0033_0049_0049.jpg 1 41 33 49 49
1293_0045_0026_0031_0031.jpg 1 45 26 31 31
1294_0053_0026_0033_0033.jpg 1 53 26 33 33
1295_0027_0009_0057_0057.jpg 1 27 9 57 57
1296_0021_0040_0045_0045.jpg 1 21 40 45 45
1297_0065_0065_0026_0026.jpg 1 65 65 26 26
1298_0030_0011_0040_0040.jpg 1 30 11 40 40
1299_0032_0043_0035_0035.jpg 1 32 43 35 35
1300_0025_0006_0050_0050.jpg 1 25 6 50 50
1301_0015_0005_0060_0060.jpg 1 15 5 60 60
1302_0020_0044_0037_0037.jpg 1 20 44 37 37
1303_0024_0018_0059_0059.jpg 1 24 18 59 59
1304_0025_0036_0050_0050.jpg 1 25 36 50 50
1305_0018_0029_0057_0057.jpg 1 18 29 57 57
1306_0012_0016_0032_0032.jpg 1 12 16 32 32
1307_0063_0011_0028_0028.jpg 1 63 11 28 28
1308_0023_0022_0061_0061.jpg 1 23 22 61 61
1309_0011_0035_0035_0035.jpg 1 11 35 35 35
1310_0023_0024_0034_0034.jpg 1 23 24 34 34
1311_0032_0034_0061_0061.jpg 1 32 34 61 61
1312_0056_0039_0031_0031.jpg 1 56 39 31 31
1313_0018_0038_0051_0051.jpg 1 18 38 51 51
1314_0034_0036_0045_0045.jpg 1 34 36 45 45
1315_0012_0012_0069_0069.jpg 1 12 12 69 69
1316_0023_0006_0067_0067.jpg 1 23 6 67 67
1317_0024_0036_0047_0047.jpg 1 24 36 47 47
1318_0031_0044_0043_0043.jpg 1 31 44 43 43
1319_0019_0024_0033_0033.jpg 1 19 24 33 33
1320_0028_0033_0030_0030.jpg 1 28 33 30 30
1321_0009_0019_0031_0031.jpg 1 9 19 31 31
1322_0036_0006_0053_0053.jpg 1 36 6 53 53
1323_0016_0022_0053_0053.jpg 1 16 22 53 53
1324_0020_0014_0034_0034.jpg 1 20 14 34 34
1325_0034_0037_0044_0044.jpg 1 34 37 44 44
1326_0044_0036_0024_0024.jpg 1 44 36 24 24
1327_0011_0019_0062_0062.jpg 1 11 19 62 62
1328_0004_0027_0058_0058.jpg 1 4 27 58 58
1329_0017_0016_0045_0045.jpg 1 17 16 45 45
1330_0009_0013_0069_0069.jpg 1 9 13 69 69
1331_0047_0034_0035_0035.jpg 1 47 34 35 35
1332_0037_0047_0046_0046.jpg 1 37 47 46 46
1333_0008_0051_0038_0038.jpg 1 8 51 38 38
1334_0030_0018_0061_0061.jpg 1 30 18 61 61
1335_0006_0027_0060_0060.jpg 1 6 27 60 60
1336_0022_0010_0064_0064.jpg 1 22 10 64 64
1337_0029_0009_0050_0050.jpg 1 29 9 50 50
1338_0034_0011_0031_0031.jpg 1 34 11 31 31
1339_0010_0015_0056_0056.jpg 1 10 15 56 56
1340_0008_0050_0026_0026.jpg 1 8 50 26 26
1341_0017_0027_0057_0057.jpg 1 17 27 57 57
1342_0042_0010_0029_0029.jpg 1 42 10 29 29
1343_0027_0014_0036_0036.jpg 1 27 14 36 36
1344_0026_0040_0035_0035.jpg 1 26 40 35 35
1345_0046_0037_0043_0043.jpg 1 46 37 43 43
1346_0009_0027_0063_0063.jpg 1 9 27 63 63
1347_0053_0018_0029_0029.jpg 1 53 18 29 29
1348_0008_0006_0052_0052.jpg 1 8 6 52 52
1349_0025_0020_0049_0049.jpg 1 25 20 49 49
1350_0057_0060_0025_0025.jpg 1 57 60 25 25
1351_0277_0099_0110_0110.jpg 1 277 99 110 110
1352_0011_0028_0026_0026.jpg 1 11 28 26 26
1353_0014_0010_0030_0030.jpg 1 14 10 30 30
1354_0037_0045_0047_0047.jpg 1 37 45 47 47
1355_0006_0055_0035_0035.jpg 1 6 55 35 35
1356_0009_0007_0057_0057.jpg 1 9 7 57 57
1357_0015_0009_0048_0048.jpg 1 15 9 48 48
1358_0015_0014_0053_0053.jpg 1 15 14 53 53
1359_0005_0026_0067_0067.jpg 1 5 26 67 67
1360_0035_0057_0025_0025.jpg 1 35 57 25 25
1361_0023_0012_0067_0067.jpg 1 23 12 67 67
1362_0033_0065_0024_0024.jpg 1 33 65 24 24
1363_0017_0006_0056_0056.jpg 1 17 6 56 56
1364_0028_0025_0038_0038.jpg 1 28 25 38 38
1365_0055_0029_0031_0031.jpg 1 55 29 31 31
1366_0039_0016_0039_0039.jpg 1 39 16 39 39
1367_0018_0049_0034_0034.jpg 1 18 49 34 34
1368_0043_0046_0044_0044.jpg 1 43 46 44 44
1369_0044_0009_0036_0036.jpg 1 44 9 36 36
1370_0027_0016_0068_0068.jpg 1 27 16 68 68
1371_0011_0006_0056_0056.jpg 1 11 6 56 56
1372_0009_0008_0055_0055.jpg 1 9 8 55 55
1373_0024_0017_0053_0053.jpg 1 24 17 53 53
1374_0016_0028_0030_0030.jpg 1 16 28 30 30
1375_0049_0016_0036_0036.jpg 1 49 16 36 36
1376_0028_0014_0068_0068.jpg 1 28 14 68 68
1377_0017_0035_0052_0052.jpg 1 17 35 52 52
1378_0032_0016_0048_0048.jpg 1 32 16 48 48
1379_0015_0060_0026_0026.jpg 1 15 60 26 26
1380_0028_0060_0028_0028.jpg 1 28 60 28 28
1381_0023_0046_0034_0034.jpg 1 23 46 34 34
1382_0038_0008_0039_0039.jpg 1 38 8 39 39
1383_0038_0030_0052_0052.jpg 1 38 30 52 52
1384_0038_0028_0057_0057.jpg 1 38 28 57 57
1385_0010_0011_0028_0028.jpg 1 10 11 28 28
1386_0006_0019_0059_0059.jpg 1 6 19 59 59
1387_0018_0052_0040_0040.jpg 1 18 52 40 40
1388_0031_0016_0060_0060.jpg 1 31 16 60 60
1389_0055_0032_0027_0027.jpg 1 55 32 27 27
1390_0018_0022_0056_0056.jpg 1 18 22 56 56
1391_0015_0009_0049_0049.jpg 1 15 9 49 49
1392_0050_0031_0036_0036.jpg 1 50 31 36 36
1393_0012_0040_0050_0050.jpg 1 12 40 50 50
1394_0048_0029_0042_0042.jpg 1 48 29 42 42
1395_0025_0037_0057_0057.jpg 1 25 37 57 57
1396_0046_0014_0040_0040.jpg 1 46 14 40 40
1397_0007_0004_0061_0061.jpg 1 7 4 61 61
1398_0027_0031_0052_0052.jpg 1 27 31 52 52
1399_0010_0012_0067_0067.jpg 1 10 12 67 67
1400_0016_0036_0042_0042.jpg 1 16 36 42 42
1401_0027_0005_0067_0067.jpg 1 27 5 67 67
1402_0007_0016_0052_0052.jpg 1 7 16 52 52
1403_0023_0032_0031_0031.jpg 1 23 32 31 31
1404_0005_0011_0047_0047.jpg 1 5 11 47 47
1405_0012_0018_0038_0038.jpg 1 12 18 38 38
1406_0030_0011_0049_0049.jpg 1 30 11 49 49
1407_0026_0024_0052_0052.jpg 1 26 24 52 52
1408_0012_0040_0039_0039.jpg 1 12 40 39 39
1409_0011_0010_0067_0067.jpg 1 11 10 67 67
1410_0009_0028_0054_0054.jpg 1 9 28 54 54
1411_0006_0047_0046_0046.jpg 1 6 47 46 46
1412_0022_0030_0055_0055.jpg 1 22 30 55 55
1413_0030_0008_0037_0037.jpg 1 30 8 37 37
1414_0010_0004_0065_0065.jpg 1 10 4 65 65
1415_0008_0018_0050_0050.jpg 1 8 18 50 50
1416_0019_0006_0049_0049.jpg 1 19 6 49 49
1417_0022_0006_0033_0033.jpg 1 22 6 33 33
1418_0009_0007_0063_0063.jpg 1 9 7 63 63
1419_0013_0037_0042_0042.jpg 1 13 37 42 42
1420_0052_0048_0033_0033.jpg 1 52 48 33 33
1421_0040_0015_0040_0040.jpg 1 40 15 40 40
1422_0021_0018_0060_0060.jpg 1 21 18 60 60
1423_0020_0061_0031_0031.jpg 1 20 61 31 31
1424_0022_0006_0066_0066.jpg 1 22 6 66 66
1425_0056_0057_0026_0026.jpg 1 56 57 26 26
1426_0007_0017_0065_0065.jpg 1 7 17 65 65
1427_0061_0034_0029_0029.jpg 1 61 34 29 29
1428_0042_0041_0052_0052.jpg 1 42 41 52 52
1429_0011_0027_0039_0039.jpg 1 11 27 39 39
1430_0026_0008_0060_0060.jpg 1 26 8 60 60
1431_0026_0043_0049_0049.jpg 1 26 43 49 49
1432_0031_0022_0051_0051.jpg 1 31 22 51 51
1433_0010_0024_0029_0029.jpg 1 10 24 29 29
1434_0026_0022_0050_0050.jpg 1 26 22 50 50
1435_0012_0022_0040_0040.jpg 1 12 22 40 40
1436_0039_0017_0043_0043.jpg 1 39 17 43 43
1437_0006_0024_0050_0050.jpg 1 6 24 50 50
1438_0042_0017_0042_0042.jpg 1 42 17 42 42
1439_0008_0045_0047_0047.jpg 1 8 45 47 47
1440_0016_0032_0057_0057.jpg 1 16 32 57 57
1441_0033_0042_0051_0051.jpg 1 33 42 51 51
1442_0010_0008_0065_0065.jpg 1 10 8 65 65
1443_0016_0027_0043_0043.jpg 1 16 27 43 43
1444_0009_0020_0061_0061.jpg 1 9 20 61 61
1445_0030_0025_0063_0063.jpg 1 30 25 63 63
1446_0009_0014_0069_0069.jpg 1 9 14 69 69
1447_0038_0023_0049_0049.jpg 1 38 23 49 49
1448_0008_0006_0068_0068.jpg 1 8 6 68 68
1449_0017_0009_0067_0067.jpg 1 17 9 67 67
1450_0027_0046_0032_0032.jpg 1 27 46 32 32
1451_0032_0035_0054_0054.jpg 1 32 35 54 54
1452_0013_0027_0029_0029.jpg 1 13 27 29 29
1453_0005_0009_0068_0068.jpg 1 5 9 68 68
1454_0009_0011_0068_0068.jpg 1 9 11 68 68
1455_0014_0018_0042_0042.jpg 1 14 18 42 42
1456_0024_0004_0063_0063.jpg 1 24 4 63 63
1457_0016_0020_0058_0058.jpg 1 16 20 58 58
1458_0051_0026_0034_0034.jpg 1 51 26 34 34
1459_0034_0018_0035_0035.jpg 1 34 18 35 35
1460_0055_0011_0038_0038.jpg 1 55 11 38 38
1461_0040_0043_0033_0033.jpg 1 40 43 33 33
1462_0029_0032_0044_0044.jpg 1 29 32 44 44
1463_0054_0031_0028_0028.jpg 1 54 31 28 28
1464_0006_0010_0046_0046.jpg 1 6 10 46 46
1465_0028_0021_0055_0055.jpg 1 28 21 55 55
1466_0030_0038_0054_0054.jpg 1 30 38 54 54
1467_0014_0031_0057_0057.jpg 1 14 31 57 57
1468_0014_0023_0063_0063.jpg 1 14 23 63 63
1469_0053_0019_0032_0032.jpg 1 53 19 32 32
1470_0027_0029_0063_0063.jpg 1 27 29 63 63
1471_0029_0057_0028_0028.jpg 1 29 57 28 28
1472_0016_0007_0063_0063.jpg 1 16 7 63 63
1473_0022_0015_0065_0065.jpg 1 22 15 65 65
1474_0017_0011_0051_0051.jpg 1 17 11 51 51
1475_0004_0034_0057_0057.jpg 1 4 34 57 57
1476_0048_0008_0043_0043.jpg 1 48 8 43 43
1477_0032_0024_0036_0036.jpg 1 32 24 36 36
1478_0038_0040_0050_0050.jpg 1 38 40 50 50
1479_0029_0050_0036_0036.jpg 1 29 50 36 36
1480_0037_0038_0048_0048.jpg 1 37 38 48 48
1481_0044_0047_0032_0032.jpg 1 44 47 32 32
1482_0035_0017_0025_0025.jpg 1 35 17 25 25
1483_0019_0031_0053_0053.jpg 1 19 31 53 53
1484_0029_0020_0046_0046.jpg 1 29 20 46 46
1485_0036_0009_0044_0044.jpg 1 36 9 44 44
1486_0063_0060_0027_0027.jpg 1 63 60 27 27
1487_0025_0044_0025_0025.jpg 1 25 44 25 25
1488_0062_0017_0024_0024.jpg 1 62 17 24 24
1489_0019_0031_0040_0040.jpg 1 19 31 40 40
1490_0030_0042_0051_0051.jpg 1 30 42 51 51
1491_0044_0031_0038_0038.jpg 1 44 31 38 38
1492_0029_0037_0052_0052.jpg 1 29 37 52 52
1493_0039_0031_0036_0036.jpg 1 39 31 36 36
1494_0013_0018_0059_0059.jpg 1 13 18 59 59
1495_0017_0042_0052_0052.jpg 1 17 42 52 52
1496_0068_0055_0024_0024.jpg 1 68 55 24 24
1497_0035_0017_0042_0042.jpg 1 35 17 42 42
1498_0005_0020_0067_0067.jpg 1 5 20 67 67
1499_0029_0012_0067_0067.jpg 1 29 12 67 67
1500_0031_0015_0052_0052.jpg 1 31 15 52 52
1501_0061_0041_0028_0028.jpg 1 61 41 28 28
1502_0050_0056_0030_0030.jpg 1 50 56 30 30
1503_0036_0024_0048_0048.jpg 1 36 24 48 48
1504_0053_0036_0035_0035.jpg 1 53 36 35 35
1505_0046_0031_0037_0037.jpg 1 46 31 37 37
1506_0025_0023_0060_0060.jpg 1 25 23 60 60
1507_0006_0039_0056_0056.jpg 1 6 39 56 56
1508_0024_0008_0032_0032.jpg 1 24 8 32 32
1509_0015_0024_0024_0024.jpg 1 15 24 24 24
1510_0018_0019_0035_0035.jpg 1 18 19 35 35
1511_0022_0056_0034_0034.jpg 1 22 56 34 34
1512_0017_0025_0067_0067.jpg 1 17 25 67 67
1513_0049_0014_0029_0029.jpg 1 49 14 29 29
1514_0011_0018_0050_0050.jpg 1 11 18 50 50
1515_0004_0031_0064_0064.jpg 1 4 31 64 64
1516_0028_0037_0057_0057.jpg 1 28 37 57 57
1517_0046_0012_0035_0035.jpg 1 46 12 35 35
1518_0033_0044_0040_0040.jpg 1 33 44 40 40
1519_0021_0011_0048_0048.jpg 1 21 11 48 48
1520_0035_0005_0060_0060.jpg 1 35 5 60 60
1521_0011_0014_0057_0057.jpg 1 11 14 57 57
1522_0020_0005_0057_0057.jpg 1 20 5 57 57
1523_0022_0035_0035_0035.jpg 1 22 35 35 35
1524_0013_0029_0025_0025.jpg 1 13 29 25 25
1525_0035_0045_0037_0037.jpg 1 35 45 37 37
1526_0014_0029_0060_0060.jpg 1 14 29 60 60
1527_0026_0013_0033_0033.jpg 1 26 13 33 33
1528_0013_0022_0037_0037.jpg 1 13 22 37 37
1529_0015_0028_0052_0052.jpg 1 15 28 52 52
1530_0018_0052_0040_0040.jpg 1 18 52 40 40
1531_0014_0018_0050_0050.jpg 1 14 18 50 50
1532_0013_0034_0057_0057.jpg 1 13 34 57 57
1533_0050_0032_0043_0043.jpg 1 50 32 43 43
1534_0049_0040_0027_0027.jpg 1 49 40 27 27
1535_0036_0028_0025_0025.jpg 1 36 28 25 25
1536_0026_0025_0051_0051.jpg 1 26 25 51 51
1537_0051_0006_0042_0042.jpg 1 51 6 42 42
1538_0016_0027_0053_0053.jpg 1 16 27 53 53
1539_0017_0015_0051_0051.jpg 1 17 15 51 51
1540_0042_0048_0043_0043.jpg 1 42 48 43 43
1541_0010_0034_0057_0057.jpg 1 10 34 57 57
1542_0023_0021_0069_0069.jpg 1 23 21 69 69
1543_0013_0014_0054_0054.jpg 1 13 14 54 54
1544_0017_0006_0058_0058.jpg 1 17 6 58 58
1545_0023_0004_0067_0067.jpg 1 23 4 67 67
1546_0023_0019_0067_0067.jpg 1 23 19 67 67
1547_0010_0010_0028_0028.jpg 1 10 10 28 28
1548_0016_0005_0065_0065.jpg 1 16 5 65 65
1549_0041_0019_0041_0041.jpg 1 41 19 41 41
1550_0007_0022_0063_0063.jpg 1 7 22 63 63
1551_0017_0029_0050_0050.jpg 1 17 29 50 50
1552_0012_0012_0050_0050.jpg 1 12 12 50 50
1553_0046_0047_0043_0043.jpg 1 46 47 43 43
1554_0007_0058_0029_0029.jpg 1 7 58 29 29
1555_0022_0010_0030_0030.jpg 1 22 10 30 30
1556_0014_0023_0067_0067.jpg 1 14 23 67 67
1557_0023_0034_0040_0040.jpg 1 23 34 40 40
1558_0043_0038_0048_0048.jpg 1 43 38 48 48
1559_0032_0015_0057_0057.jpg 1 32 15 57 57
1560_0030_0007_0065_0065.jpg 1 30 7 65 65
1561_0022_0038_0033_0033.jpg 1 22 38 33 33
1562_0024_0044_0037_0037.jpg 1 24 44 37 37
1563_0054_0014_0037_0037.jpg 1 54 14 37 37
1564_0014_0025_0040_0040.jpg 1 14 25 40 40
1565_0027_0045_0043_0043.jpg 1 27 45 43 43
1566_0016_0009_0058_0058.jpg 1 16 9 58 58
1567_0005_0040_0054_0054.jpg 1 5 40 54 54
1568_0022_0039_0028_0028.jpg 1 22 39 28 28
1569_0018_0039_0034_0034.jpg 1 18 39 34 34
1570_0018_0015_0068_0068.jpg 1 18 15 68 68
1571_0027_0024_0059_0059.jpg 1 27 24 59 59
1572_0012_0019_0055_0055.jpg 1 12 19 55 55
1573_0058_0038_0034_0034.jpg 1 58 38 34 34
1574_0034_0036_0057_0057.jpg 1 34 36 57 57
1575_0005_0019_0048_0048.jpg 1 5 19 48 48
1576_0041_0037_0035_0035.jpg 1 41 37 35 35
1577_0010_0011_0062_0062.jpg 1 10 11 62 62
1578_0031_0026_0045_0045.jpg 1 31 26 45 45
1579_0033_0051_0031_0031.jpg 1 33 51 31 31
1580_0016_0009_0055_0055.jpg 1 16 9 55 55
1581_0044_0010_0050_0050.jpg 1 44 10 50 50
1582_0029_0009_0048_0048.jpg 1 29 9 48 48
1583_0019_0046_0032_0032.jpg 1 19 46 32 32
1584_0033_0027_0029_0029.jpg 1 33 27 29 29
1585_0033_0006_0055_0055.jpg 1 33 6 55 55
1586_0022_0007_0067_0067.jpg 1 22 7 67 67
1587_0031_0035_0060_0060.jpg 1 31 35 60 60
1588_0009_0016_0031_0031.jpg 1 9 16 31 31
1589_0033_0015_0037_0037.jpg 1 33 15 37 37
1590_0061_0053_0031_0031.jpg 1 61 53 31 31
1591_0010_0020_0024_0024.jpg 1 10 20 24 24
1592_0025_0039_0032_0032.jpg 1 25 39 32 32
1593_0017_0014_0054_0054.jpg 1 17 14 54 54
1594_0013_0016_0061_0061.jpg 1 13 16 61 61
1595_0023_0042_0041_0041.jpg 1 23 42 41 41
1596_0049_0015_0041_0041.jpg 1 49 15 41 41
1597_0038_0014_0033_0033.jpg 1 38 14 33 33
1598_0026_0022_0065_0065.jpg 1 26 22 65 65
1599_0008_0015_0025_0025.jpg 1 8 15 25 25
1600_0024_0027_0062_0062.jpg 1 24 27 62 62
1601_0011_0007_0063_0063.jpg 1 11 7 63 63
1602_0022_0010_0055_0055.jpg 1 22 10 55 55
1603_0033_0011_0032_0032.jpg 1 33 11 32 32
1604_0030_0015_0038_0038.jpg 1 30 15 38 38
1605_0008_0012_0037_0037.jpg 1 8 12 37 37
1606_0016_0014_0067_0067.jpg 1 16 14 67 67
1607_0031_0053_0030_0030.jpg 1 31 53 30 30
1608_0005_0023_0063_0063.jpg 1 5 23 63 63
1609_0010_0009_0067_0067.jpg 1 10 9 67 67
1610_0019_0023_0058_0058.jpg 1 19 23 58 58
1611_0038_0057_0036_0036.jpg 1 38 57 36 36
1612_0059_0049_0026_0026.jpg 1 59 49 26 26
1613_0048_0066_0025_0025.jpg 1 48 66 25 25
1614_0010_0017_0052_0052.jpg 1 10 17 52 52
1615_0028_0010_0055_0055.jpg 1 28 10 55 55
1616_0013_0006_0060_0060.jpg 1 13 6 60 60
1617_0020_0014_0062_0062.jpg 1 20 14 62 62
1618_0024_0013_0037_0037.jpg 1 24 13 37 37
1619_0032_0027_0040_0040.jpg 1 32 27 40 40
1620_0025_0026_0063_0063.jpg 1 25 26 63 63
1621_0021_0012_0058_0058.jpg 1 21 12 58 58
1622_0011_0012_0043_0043.jpg 1 11 12 43 43
1623_0057_0034_0035_0035.jpg 1 57 34 35 35
1624_0040_0026_0028_0028.jpg 1 40 26 28 28
1625_0005_0032_0056_0056.jpg 1 5 32 56 56
1626_0023_0021_0046_0046.jpg 1 23 21 46 46
1627_0039_0008_0045_0045.jpg 1 39 8 45 45
1628_0029_0025_0056_0056.jpg 1 29 25 56 56
1629_0052_0018_0025_0025.jpg 1 52 18 25 25
1630_0007_0033_0050_0050.jpg 1 7 33 50 50
1631_0052_0017_0039_0039.jpg 1 52 17 39 39
1632_0041_0026_0037_0037.jpg 1 41 26 37 37
1633_0030_0047_0033_0033.jpg 1 30 47 33 33
1634_0019_0008_0061_0061.jpg 1 19 8 61 61
1635_0017_0039_0041_0041.jpg 1 17 39 41 41
1636_0019_0055_0036_0036.jpg 1 19 55 36 36
1637_0049_0017_0030_0030.jpg 1 49 17 30 30
1638_0022_0034_0059_0059.jpg 1 22 34 59 59
1639_0023_0035_0057_0057.jpg 1 23 35 57 57
1640_0039_0030_0029_0029.jpg 1 39 30 29 29
1641_0014_0037_0057_0057.jpg 1 14 37 57 57
1642_0026_0035_0057_0057.jpg 1 26 35 57 57
1643_0033_0018_0037_0037.jpg 1 33 18 37 37
1644_0024_0011_0041_0041.jpg 1 24 11 41 41
1645_0036_0037_0050_0050.jpg 1 36 37 50 50
1646_0011_0028_0062_0062.jpg 1 11 28 62 62
1647_0010_0027_0027_0027.jpg 1 10 27 27 27
1648_0012_0004_0066_0066.jpg 1 12 4 66 66
1649_0049_0027_0045_0045.jpg 1 49 27 45 45
1650_0043_0012_0048_0048.jpg 1 43 12 48 48
1651_0009_0050_0039_0039.jpg 1 9 50 39 39
1652_0019_0005_0050_0050.jpg 1 19 5 50 50
1653_0047_0019_0039_0039.jpg 1 47 19 39 39
1654_0035_0024_0051_0051.jpg 1 35 24 51 51
1655_0014_0038_0046_0046.jpg 1 14 38 46 46
1656_0010_0029_0052_0052.jpg 1 10 29 52 52
1657_0033_0051_0038_0038.jpg 1 33 51 38 38
1658_0045_0009_0037_0037.jpg 1 45 9 37 37
1659_0014_0037_0044_0044.jpg 1 14 37 44 44
1660_0019_0004_0061_0061.jpg 1 19 4 61 61
1661_0009_0008_0063_0063.jpg 1 9 8 63 63
1662_0039_0041_0041_0041.jpg 1 39 41 41 41
1663_0018_0017_0065_0065.jpg 1 18 17 65 65
1664_0023_0010_0037_0037.jpg 1 23 10 37 37
1665_0043_0043_0050_0050.jpg 1 43 43 50 50
1666_0035_0018_0047_0047.jpg 1 35 18 47 47
1667_0017_0025_0053_0053.jpg 1 17 25 53 53
1668_0058_0021_0030_0030.jpg 1 58 21 30 30
1669_0039_0005_0048_0048.jpg 1 39 5 48 48
1670_0015_0006_0055_0055.jpg 1 15 6 55 55
1671_0035_0023_0056_0056.jpg 1 35 23 56 56
1672_0020_0039_0047_0047.jpg 1 20 39 47 47
1673_0013_0007_0031_0031.jpg 1 13 7 31 31
1674_0026_0015_0060_0060.jpg 1 26 15 60 60
1675_0004_0005_0068_0068.jpg 1 4 5 68 68
1676_0027_0029_0048_0048.jpg 1 27 29 48 48
1677_0039_0036_0037_0037.jpg 1 39 36 37 37
1678_0010_0028_0044_0044.jpg 1 10 28 44 44
1679_0012_0018_0067_0067.jpg 1 12 18 67 67
1680_0022_0030_0052_0052.jpg 1 22 30 52 52
1681_0046_0059_0029_0029.jpg 1 46 59 29 29
1682_0007_0014_0033_0033.jpg 1 7 14 33 33
1683_0023_0019_0057_0057.jpg 1 23 19 57 57
1684_0024_0006_0063_0063.jpg 1 24 6 63 63
1685_0039_0056_0027_0027.jpg 1 39 56 27 27
1686_0012_0032_0057_0057.jpg 1 12 32 57 57
1687_0024_0024_0034_0034.jpg 1 24 24 34 34
1688_0031_0008_0065_0065.jpg 1 31 8 65 65
1689_0038_0017_0040_0040.jpg 1 38 17 40 40
1690_0031_0012_0049_0049.jpg 1 31 12 49 49
1691_0016_0038_0039_0039.jpg 1 16 38 39 39
1692_0053_0042_0030_0030.jpg 1 53 42 30 30
1693_0010_0008_0058_0058.jpg 1 10 8 58 58
1694_0035_0011_0057_0057.jpg 1 35 11 57 57
1695_0054_0039_0039_0039.jpg 1 54 39 39 39
1696_0036_0014_0051_0051.jpg 1 36 14 51 51
1697_0016_0034_0061_0061.jpg 1 16 34 61 61
1698_0029_0026_0040_0040.jpg 1 29 26 40 40
1699_0040_0015_0053_0053.jpg 1 40 15 53 53
1700_0016_0017_0030_0030.jpg 1 16 17 30 30
1701_0015_0031_0024_0024.jpg 1 15 31 24 24
1702_0032_0052_0034_0034.jpg 1 32 52 34 34
1703_0053_0017_0030_0030.jpg 1 53 17 30 30
1704_0021_0018_0066_0066.jpg 1 21 18 66 66
1705_0028_0012_0033_0033.jpg 1 28 12 33 33
1706_0051_0016_0040_0040.jpg 1 51 16 40 40
1707_0060_0045_0026_0026.jpg 1 60 45 26 26
1708_0023_0033_0034_0034.jpg 1 23 33 34 34
1709_0032_0042_0033_0033.jpg 1 32 42 33 33
1710_0017_0029_0038_0038.jpg 1 17 29 38 38
1711_0039_0007_0046_0046.jpg 1 39 7 46 46
1712_0030_0011_0026_0026.jpg 1 30 11 26 26
1713_0053_0036_0034_0034.jpg 1 53 36 34 34
1714_0028_0036_0024_0024.jpg 1 28 36 24 24
1715_0051_0049_0041_0041.jpg 1 51 49 41 41
1716_0016_0011_0048_0048.jpg 1 16 11 48 48
1717_0031_0031_0062_0062.jpg 1 31 31 62 62
1718_0040_0023_0054_0054.jpg 1 40 23 54 54
1719_0008_0004_0068_0068.jpg 1 8 4 68 68
1720_0008_0012_0063_0063.jpg 1 8 12 63 63
1721_0023_0034_0042_0042.jpg 1 23 34 42 42
1722_0016_0047_0044_0044.jpg 1 16 47 44 44
1723_0010_0007_0066_0066.jpg 1 10 7 66 66
1724_0011_0010_0068_0068.jpg 1 11 10 68 68
1725_0021_0023_0060_0060.jpg 1 21 23 60 60
1726_0029_0025_0052_0052.jpg 1 29 25 52 52
1727_0023_0004_0060_0060.jpg 1 23 4 60 60
1728_0016_0024_0065_0065.jpg 1 16 24 65 65
1729_0021_0049_0041_0041.jpg 1 21 49 41 41
1730_0050_0051_0035_0035.jpg 1 50 51 35 35
1731_0024_0053_0033_0033.jpg 1 24 53 33 33
1732_0017_0009_0062_0062.jpg 1 17 9 62 62
1733_0010_0025_0055_0055.jpg 1 10 25 55 55
1734_0018_0025_0069_0069.jpg 1 18 25 69 69
1735_0029_0035_0044_0044.jpg 1 29 35 44 44
1736_0022_0017_0059_0059.jpg 1 22 17 59 59
1737_0057_0052_0032_0032.jpg 1 57 52 32 32
1738_0034_0011_0058_0058.jpg 1 34 11 58 58
1739_0012_0036_0044_0044.jpg 1 12 36 44 44
1740_0037_0018_0050_0050.jpg 1 37 18 50 50
1741_0022_0033_0048_0048.jpg 1 22 33 48 48
1742_0033_0049_0038_0038.jpg 1 33 49 38 38
1743_0050_0046_0035_0035.jpg 1 50 46 35 35
1744_0010_0057_0031_0031.jpg 1 10 57 31 31
1745_0022_0028_0045_0045.jpg 1 22 28 45 45
1746_0010_0025_0069_0069.jpg 1 10 25 69 69
1747_0015_0026_0069_0069.jpg 1 15 26 69 69
1748_0061_0056_0029_0029.jpg 1 61 56 29 29
1749_0009_0045_0039_0039.jpg 1 9 45 39 39
1750_0031_0021_0061_0061.jpg 1 31 21 61 61
1751_0041_0014_0036_0036.jpg 1 41 14 36 36
1752_0040_0051_0043_0043.jpg 1 40 51 43 43
1753_0009_0004_0052_0052.jpg 1 9 4 52 52
1754_0007_0019_0055_0055.jpg 1 7 19 55 55
1755_0046_0016_0027_0027.jpg 1 46 16 27 27
1756_0019_0007_0063_0063.jpg 1 19 7 63 63
1757_0012_0027_0030_0030.jpg 1 12 27 30 30
1758_0042_0028_0050_0050.jpg 1 42 28 50 50
1759_0048_0048_0036_0036.jpg 1 48 48 36 36
1760_0032_0039_0045_0045.jpg 1 32 39 45 45
1761_0009_0007_0069_0069.jpg 1 9 7 69 69
1762_0008_0054_0038_0038.jpg 1 8 54 38 38
1763_0017_0036_0059_0059.jpg 1 17 36 59 59
1764_0031_0014_0063_0063.jpg 1 31 14 63 63
1765_0009_0044_0024_0024.jpg 1 9 44 24 24
1766_0016_0020_0069_0069.jpg 1 16 20 69 69
1767_0007_0028_0045_0045.jpg 1 7 28 45 45
1768_0020_0056_0034_0034.jpg 1 20 56 34 34
1769_0010_0044_0028_0028.jpg 1 10 44 28 28
1770_0029_0053_0030_0030.jpg 1 29 53 30 30
1771_0023_0031_0033_0033.jpg 1 23 31 33 33
1772_0020_0015_0067_0067.jpg 1 20 15 67 67
1773_0009_0021_0052_0052.jpg 1 9 21 52 52
1774_0048_0046_0045_0045.jpg 1 48 46 45 45
1775_0006_0026_0063_0063.jpg 1 6 26 63 63
1776_0012_0016_0063_0063.jpg 1 12 16 63 63
1777_0012_0013_0051_0051.jpg 1 12 13 51 51
1778_0026_0009_0060_0060.jpg 1 26 9 60 60
1779_0021_0023_0068_0068.jpg 1 21 23 68 68
1780_0012_0029_0062_0062.jpg 1 12 29 62 62
1781_0023_0026_0063_0063.jpg 1 23 26 63 63
1782_0011_0015_0044_0044.jpg 1 11 15 44 44
1783_0003_0027_0066_0066.jpg 1 3 27 66 66
1784_0010_0017_0029_0029.jpg 1 10 17 29 29
1785_0032_0027_0049_0049.jpg 1 32 27 49 49
1786_0009_0009_0049_0049.jpg 1 9 9 49 49
1787_0016_0038_0025_0025.jpg 1 16 38 25 25
1788_0011_0040_0046_0046.jpg 1 11 40 46 46
1789_0025_0035_0057_0057.jpg 1 25 35 57 57
1790_0025_0025_0048_0048.jpg 1 25 25 48 48
1791_0029_0024_0043_0043.jpg 1 29 24 43 43
1792_0035_0026_0041_0041.jpg 1 35 26 41 41
1793_0035_0039_0036_0036.jpg 1 35 39 36 36
1794_0025_0021_0030_0030.jpg 1 25 21 30 30
1795_0028_0011_0062_0062.jpg 1 28 11 62 62
1796_0034_0018_0038_0038.jpg 1 34 18 38 38
1797_0051_0020_0026_0026.jpg 1 51 20 26 26
1798_0032_0034_0056_0056.jpg 1 32 34 56 56
1799_0007_0039_0054_0054.jpg 1 7 39 54 54
1800_0013_0038_0044_0044.jpg 1 13 38 44 44
1801_0007_0023_0057_0057.jpg 1 7 23 57 57
1802_0041_0017_0043_0043.jpg 1 41 17 43 43
1803_0012_0024_0050_0050.jpg 1 12 24 50 50
1804_0024_0009_0068_0068.jpg 1 24 9 68 68
1805_0017_0036_0040_0040.jpg 1 17 36 40 40
1806_0017_0007_0047_0047.jpg 1 17 7 47 47
1807_0012_0022_0064_0064.jpg 1 12 22 64 64
1808_0016_0007_0039_0039.jpg 1 16 7 39 39
1809_0054_0056_0030_0030.jpg 1 54 56 30 30
1810_0017_0037_0056_0056.jpg 1 17 37 56 56
1811_0037_0050_0041_0041.jpg 1 37 50 41 41
1812_0014_0019_0069_0069.jpg 1 14 19 69 69
1813_0014_0027_0066_0066.jpg 1 14 27 66 66
1814_0040_0049_0041_0041.jpg 1 40 49 41 41
1815_0031_0016_0038_0038.jpg 1 31 16 38 38
1816_0012_0044_0041_0041.jpg 1 12 44 41 41
1817_0053_0029_0033_0033.jpg 1 53 29 33 33
1818_0012_0033_0054_0054.jpg 1 12 33 54 54
1819_0014_0010_0066_0066.jpg 1 14 10 66 66
1820_0061_0014_0027_0027.jpg 1 61 14 27 27
1821_0023_0007_0068_0068.jpg 1 23 7 68 68
1822_0034_0019_0034_0034.jpg 1 34 19 34 34
1823_0013_0027_0047_0047.jpg 1 13 27 47 47
1824_0053_0047_0024_0024.jpg 1 53 47 24 24
1825_0016_0032_0061_0061.jpg 1 16 32 61 61
1826_0053_0013_0028_0028.jpg 1 53 13 28 28
1827_0010_0035_0024_0024.jpg 1 10 35 24 24
1828_0017_0052_0034_0034.jpg 1 17 52 34 34
1829_0041_0010_0038_0038.jpg 1 41 10 38 38
1830_0026_0028_0039_0039.jpg 1 26 28 39 39
1831_0013_0017_0031_0031.jpg 1 13 17 31 31
1832_0033_0027_0060_0060.jpg 1 33 27 60 60
1833_0045_0044_0024_0024.jpg 1 45 44 24 24
1834_0019_0026_0045_0045.jpg 1 19 26 45 45
1835_0024_0031_0042_0042.jpg 1 24 31 42 42
1836_0027_0019_0036_0036.jpg 1 27 19 36 36
1837_0015_0059_0030_0030.jpg 1 15 59 30 30
1838_0030_0010_0046_0046.jpg 1 30 10 46 46
1839_0034_0017_0058_0058.jpg 1 34 17 58 58
1840_0020_0035_0033_0033.jpg 1 20 35 33 33
1841_0027_0008_0060_0060.jpg 1 27 8 60 60
1842_0031_0008_0061_0061.jpg 1 31 8 61 61
1843_0047_0047_0039_0039.jpg 1 47 47 39 39
1844_0008_0012_0068_0068.jpg 1 8 12 68 68
1845_0019_0033_0038_0038.jpg 1 19 33 38 38
1846_0008_0043_0048_0048.jpg 1 8 43 48 48
1847_0024_0034_0059_0059.jpg 1 24 34 59 59
1848_0018_0050_0038_0038.jpg 1 18 50 38 38
1849_0019_0031_0044_0044.jpg 1 19 31 44 44
1850_0026_0018_0063_0063.jpg 1 26 18 63 63
1851_0018_0008_0063_0063.jpg 1 18 8 63 63
1852_0010_0020_0066_0066.jpg 1 10 20 66 66
1853_0018_0026_0041_0041.jpg 1 18 26 41 41
1854_0026_0020_0066_0066.jpg 1 26 20 66 66
1855_0050_0035_0034_0034.jpg 1 50 35 34 34
1856_0019_0031_0030_0030.jpg 1 19 31 30 30
1857_0026_0027_0063_0063.jpg 1 26 27 63 63
1858_0049_0008_0037_0037.jpg 1 49 8 37 37
1859_0020_0018_0036_0036.jpg 1 20 18 36 36
1860_0009_0010_0063_0063.jpg 1 9 10 63 63
1861_0029_0013_0061_0061.jpg 1 29 13 61 61
1862_0014_0004_0068_0068.jpg 1 14 4 68 68
1863_0028_0024_0029_0029.jpg 1 28 24 29 29
1864_0007_0010_0067_0067.jpg 1 7 10 67 67
1865_0021_0032_0033_0033.jpg 1 21 32 33 33
1866_0007_0019_0056_0056.jpg 1 7 19 56 56
1867_0012_0036_0044_0044.jpg 1 12 36 44 44
1868_0025_0029_0061_0061.jpg 1 25 29 61 61
1869_0015_0022_0025_0025.jpg 1 15 22 25 25
1870_0025_0006_0069_0069.jpg 1 25 6 69 69
1871_0039_0005_0050_0050.jpg 1 39 5 50 50
1872_0028_0029_0066_0066.jpg 1 28 29 66 66
1873_0034_0021_0044_0044.jpg 1 34 21 44 44
1874_0037_0041_0047_0047.jpg 1 37 41 47 47
1875_0030_0024_0062_0062.jpg 1 30 24 62 62
1876_0044_0057_0032_0032.jpg 1 44 57 32 32
1877_0022_0037_0037_0037.jpg 1 22 37 37 37
1878_0016_0004_0068_0068.jpg 1 16 4 68 68
1879_0028_0013_0033_0033.jpg 1 28 13 33 33
1880_0027_0010_0055_0055.jpg 1 27 10 55 55
1881_0010_0054_0033_0033.jpg 1 10 54 33 33
1882_0014_0048_0046_0046.jpg 1 14 48 46 46
1883_0023_0021_0041_0041.jpg 1 23 21 41 41
1884_0029_0026_0049_0049.jpg 1 29 26 49 49
1885_0022_0004_0067_0067.jpg 1 22 4 67 67
1886_0017_0011_0031_0031.jpg 1 17 11 31 31
1887_0005_0010_0056_0056.jpg 1 5 10 56 56
1888_0025_0004_0065_0065.jpg 1 25 4 65 65
1889_0030_0046_0048_0048.jpg 1 30 46 48 48
1890_0027_0034_0052_0052.jpg 1 27 34 52 52
1891_0015_0006_0062_0062.jpg 1 15 6 62 62
1892_0032_0035_0032_0032.jpg 1 32 35 32 32
1893_0025_0028_0047_0047.jpg 1 25 28 47 47
1894_0010_0023_0049_0049.jpg 1 10 23 49 49
1895_0021_0016_0027_0027.jpg 1 21 16 27 27
1896_0034_0023_0037_0037.jpg 1 34 23 37 37
1897_0060_0060_0029_0029.jpg 1 60 60 29 29
1898_0011_0014_0068_0068.jpg 1 11 14 68 68
1899_0020_0034_0028_0028.jpg 1 20 34 28 28
1900_0046_0034_0025_0025.jpg 1 46 34 25 25
1901_0012_0024_0061_0061.jpg 1 12 24 61 61
1902_0009_0016_0044_0044.jpg 1 9 16 44 44
1903_0047_0045_0035_0035.jpg 1 47 45 35 35
1904_0020_0034_0057_0057.jpg 1 20 34 57 57
1905_0015_0029_0050_0050.jpg 1 15 29 50 50
1906_0012_0045_0042_0042.jpg 1 12 45 42 42
1907_0021_0025_0062_0062.jpg 1 21 25 62 62
1908_0050_0032_0035_0035.jpg 1 50 32 35 35
1909_0052_0062_0025_0025.jpg 1 52 62 25 25
1910_0063_0032_0024_0024.jpg 1 63 32 24 24
1911_0062_0040_0026_0026.jpg 1 62 40 26 26
1912_0011_0016_0069_0069.jpg 1 11 16 69 69
1913_0015_0012_0059_0059.jpg 1 15 12 59 59
1914_0018_0020_0032_0032.jpg 1 18 20 32 32
1915_0022_0025_0069_0069.jpg 1 22 25 69 69
1916_0031_0005_0051_0051.jpg 1 31 5 51 51
1917_0037_0024_0028_0028.jpg 1 37 24 28 28
1918_0007_0008_0051_0051.jpg 1 7 8 51 51
1919_0044_0040_0048_0048.jpg 1 44 40 48 48
1920_0042_0035_0038_0038.jpg 1 42 35 38 38
1921_0040_0033_0045_0045.jpg 1 40 33 45 45
1922_0024_0009_0051_0051.jpg 1 24 9 51 51
1923_0029_0031_0048_0048.jpg 1 29 31 48 48
1924_0024_0013_0058_0058.jpg 1 24 13 58 58
1925_0038_0011_0053_0053.jpg 1 38 11 53 53
1926_0014_0026_0045_0045.jpg 1 14 26 45 45
1927_0020_0014_0024_0024.jpg 1 20 14 24 24
1928_0014_0027_0032_0032.jpg 1 14 27 32 32
1929_0009_0027_0065_0065.jpg 1 9 27 65 65
1930_0011_0013_0067_0067.jpg 1 11 13 67 67
1931_0032_0005_0051_0051.jpg 1 32 5 51 51
1932_0039_0022_0044_0044.jpg 1 39 22 44 44
1933_0050_0047_0030_0030.jpg 1 50 47 30 30
1934_0012_0037_0042_0042.jpg 1 12 37 42 42
1935_0014_0032_0048_0048.jpg 1 14 32 48 48
1936_0041_0024_0042_0042.jpg 1 41 24 42 42
1937_0008_0017_0067_0067.jpg 1 8 17 67 67
1938_0041_0052_0034_0034.jpg 1 41 52 34 34
1939_0016_0029_0027_0027.jpg 1 16 29 27 27
1940_0008_0014_0067_0067.jpg 1 8 14 67 67
1941_0012_0021_0049_0049.jpg 1 12 21 49 49
1942_0043_0060_0030_0030.jpg 1 43 60 30 30
1943_0047_0047_0032_0032.jpg 1 47 47 32 32
1944_0014_0027_0063_0063.jpg 1 14 27 63 63
1945_0015_0035_0035_0035.jpg 1 15 35 35 35
1946_0039_0042_0049_0049.jpg 1 39 42 49 49
1947_0008_0015_0069_0069.jpg 1 8 15 69 69
1948_0037_0033_0028_0028.jpg 1 37 33 28 28
1949_0010_0032_0063_0063.jpg 1 10 32 63 63
1950_0008_0020_0061_0061.jpg 1 8 20 61 61
