0001_0014_0009_0056_0056.jpg 1 14 9 56 56
0002_0023_0037_0050_0050.jpg 1 23 37 50 50
0003_0029_0029_0046_0046.jpg 1 29 29 46 46
0004_0040_0029_0048_0048.jpg 1 40 29 48 48
0005_0017_0028_0060_0060.jpg 1 17 28 60 60
0006_0013_0050_0042_0042.jpg 1 13 50 42 42
0007_0019_0045_0047_0047.jpg 1 19 45 47 47
0008_0016_0018_0052_0052.jpg 1 16 18 52 52
0009_0035_0007_0053_0053.jpg 1 35 7 53 53
0010_0043_0014_0026_0026.jpg 1 43 14 26 26
0011_0014_0010_0046_0046.jpg 1 14 10 46 46
0012_0021_0014_0027_0027.jpg 1 21 14 27 27
0013_0032_0020_0053_0053.jpg 1 32 20 53 53
0014_0015_0007_0055_0055.jpg 1 15 7 55 55
0015_0012_0014_0058_0058.jpg 1 12 14 58 58
0016_0007_0015_0063_0063.jpg 1 7 15 63 63
0017_0027_0028_0056_0056.jpg 1 27 28 56 56
0018_0033_0056_0037_0037.jpg 1 33 56 37 37
0019_0049_0009_0038_0038.jpg 1 49 9 38 38
0020_0014_0029_0024_0024.jpg 1 14 29 24 24
0021_0027_0010_0064_0064.jpg 1 27 10 64 64
0022_0053_0017_0030_0030.jpg 1 53 17 30 30
0023_0033_0024_0036_0036.jpg 1 33 24 36 36
0024_0011_0028_0063_0063.jpg 1 11 28 63 63
0025_0014_0012_0066_0066.jpg 1 14 12 66 66
0026_0033_0027_0058_0058.jpg 1 33 27 58 58
0027_0028_0008_0050_0050.jpg 1 28 8 50 50
0028_0050_0050_0029_0029.jpg 1 50 50 29 29
0029_0025_0024_0058_0058.jpg 1 25 24 58 58
0030_0034_0036_0030_0030.jpg 1 34 36 30 30
0031_0014_0012_0068_0068.jpg 1 14 12 68 68
0032_0030_0006_0046_0046.jpg 1 30 6 46 46
0033_0010_0013_0027_0027.jpg 1 10 13 27 27
0034_0039_0007_0048_0048.jpg 1 39 7 48 48
0035_0019_0014_0057_0057.jpg 1 19 14 57 57
0036_0016_0024_0064_0064.jpg 1 16 24 64 64
0037_0007_0018_0069_0069.jpg 1 7 18 69 69
0038_0010_0011_0045_0045.jpg 1 10 11 45 45
0039_0008_0010_0059_0059.jpg 1 8 10 59 59
0040_0014_0015_0026_0026.jpg 1 14 15 26 26
0041_0012_0056_0037_0037.jpg 1 12 56 37 37
0042_0016_0035_0033_0033.jpg 1 16 35 33 33
0043_0029_0039_0027_0027.jpg 1 29 39 27 27
0044_0024_0022_0068_0068.jpg 1 24 22 68 68
0045_0032_0037_0045_0045.jpg 1 32 37 45 45
0046_0030_0018_0057_0057.jpg 1 30 18 57 57
0047_0029_0030_0042_0042.jpg 1 29 30 42 42
0048_0004_0013_0063_0063.jpg 1 4 13 63 63
0049_0050_0011_0040_0040.jpg 1 50 11 40 40
0050_0054_0028_0030_0030.jpg 1 54 28 30 30
0051_0044_0026_0026_0026.jpg 1 44 26 26 26
0052_0038_0023_0057_0057.jpg 1 38 23 57 57
0053_0033_0058_0025_0025.jpg 1 33 58 25 25
0054_0008_0024_0044_0044.jpg 1 8 24 44 44
0055_0056_0056_0037_0037.jpg 1 56 56 37 37
0056_0035_0044_0041_0041.jpg 1 35 44 41 41
0057_0048_0045_0033_0033.jpg 1 48 45 33 33
0058_0030_0050_0026_0026.jpg 1 30 50 26 26
0059_0008_0057_0024_0024.jpg 1 8 57 24 24
0060_0035_0013_0047_0047.jpg 1 35 13 47 47
0061_0017_0032_0052_0052.jpg 1 17 32 52 52
0062_0036_0030_0050_0050.jpg 1 36 30 50 50
0063_0015_0024_0055_0055.jpg 1 15 24 55 55
0064_0034_0027_0054_0054.jpg 1 34 27 54 54
0065_0008_0005_0054_0054.jpg 1 8 5 54 54
0066_0022_0016_0059_0059.jpg 1 22 16 59 59
0067_0024_0061_0025_0025.jpg 1 24 61 25 25
0068_0012_0007_0066_0066.jpg 1 12 7 66 66
0069_0016_0022_0058_0058.jpg 1 16 22 58 58
0070_0039_0019_0048_0048.jpg 1 39 19 48 48
0071_0014_0065_0027_0027.jpg 1 14 65 27 27
0072_0031_0009_0047_0047.jpg 1 31 9 47 47
0073_0027_0044_0049_0049.jpg 1 27 44 49 49
0074_0019_0018_0029_0029.jpg 1 19 18 29 29
0075_0039_0019_0054_0054.jpg 1 39 19 54 54
0076_0010_0016_0036_0036.jpg 1 10 16 36 36
0077_0007_0026_0050_0050.jpg 1 7 26 50 50
0078_0016_0020_0055_0055.jpg 1 16 20 55 55
0079_0010_0032_0063_0063.jpg 1 10 32 63 63
0080_0013_0024_0029_0029.jpg 1 13 24 29 29
0081_0056_0024_0031_0031.jpg 1 56 24 31 31
0082_0049_0015_0027_0027.jpg 1 49 15 27 27
0083_0016_0028_0056_0056.jpg 1 16 28 56 56
0084_0014_0035_0044_0044.jpg 1 14 35 44 44
0085_0041_0043_0038_0038.jpg 1 41 43 38 38
0086_0047_0036_0031_0031.jpg 1 47 36 31 31
0087_0049_0046_0029_0029.jpg 1 49 46 29 29
0088_0053_0012_0029_0029.jpg 1 53 12 29 29
0089_0014_0031_0047_0047.jpg 1 14 31 47 47
0090_0053_0043_0033_0033.jpg 1 53 43 33 33
0091_0009_0023_0054_0054.jpg 1 9 23 54 54
0092_0010_0032_0060_0060.jpg 1 10 32 60 60
0093_0036_0029_0052_0052.jpg 1 36 29 52 52
0094_0025_0010_0066_0066.jpg 1 25 10 66 66
0095_0016_0005_0058_0058.jpg 1 16 5 58 58
0096_0022_0014_0069_0069.jpg 1 22 14 69 69
0097_0026_0053_0037_0037.jpg 1 26 53 37 37
0098_0021_0030_0063_0063.jpg 1 21 30 63 63
0099_0033_0038_0039_0039.jpg 1 33 38 39 39
0100_0047_0027_0042_0042.jpg 1 47 27 42 42
0101_0015_0015_0034_0034.jpg 1 15 15 34 34
0102_0023_0009_0058_0058.jpg 1 23 9 58 58
0103_0021_0034_0059_0059.jpg 1 21 34 59 59
0104_0043_0047_0032_0032.jpg 1 43 47 32 32
0105_0029_0037_0054_0054.jpg 1 29 37 54 54
0106_0040_0023_0042_0042.jpg 1 40 23 42 42
0107_0037_0054_0030_0030.jpg 1 37 54 30 30
0108_0028_0024_0057_0057.jpg 1 28 24 57 57
0109_0043_0020_0041_0041.jpg 1 43 20 41 41
0110_0032_0010_0048_0048.jpg 1 32 10 48 48
0111_0045_0026_0048_0048.jpg 1 45 26 48 48
0112_0010_0003_0068_0068.jpg 1 10 3 68 68
0113_0020_0046_0045_0045.jpg 1 20 46 45 45
0114_0014_0043_0027_0027.jpg 1 14 43 27 27
0115_0027_0038_0024_0024.jpg 1 27 38 24 24
0116_0017_0017_0050_0050.jpg 1 17 17 50 50
0117_0033_0054_0031_0031.jpg 1 33 54 31 31
0118_0020_0024_0060_0060.jpg 1 20 24 60 60
0119_0018_0042_0051_0051.jpg 1 18 42 51 51
0120_0011_0006_0068_0068.jpg 1 11 6 68 68
0121_0022_0052_0040_0040.jpg 1 22 52 40 40
0122_0062_0058_0028_0028.jpg 1 62 58 28 28
0123_0035_0010_0056_0056.jpg 1 35 10 56 56
0124_0015_0010_0037_0037.jpg 1 15 10 37 37
0125_0017_0022_0042_0042.jpg 1 17 22 42 42
0126_0048_0016_0045_0045.jpg 1 48 16 45 45
0127_0022_0024_0068_0068.jpg 1 22 24 68 68
0128_0027_0009_0028_0028.jpg 1 27 9 28 28
0129_0045_0027_0027_0027.jpg 1 45 27 27 27
0130_0045_0007_0030_0030.jpg 1 45 7 30 30
0131_0007_0013_0059_0059.jpg 1 7 13 59 59
0132_0007_0027_0051_0051.jpg 1 7 27 51 51
0133_0025_0016_0053_0053.jpg 1 25 16 53 53
0134_0034_0036_0032_0032.jpg 1 34 36 32 32
0135_0026_0015_0037_0037.jpg 1 26 15 37 37
0136_0010_0005_0052_0052.jpg 1 10 5 52 52
0137_0050_0054_0039_0039.jpg 1 50 54 39 39
0138_0041_0040_0030_0030.jpg 1 41 40 30 30
0139_0019_0029_0038_0038.jpg 1 19 29 38 38
0140_0020_0012_0049_0049.jpg 1 20 12 49 49
0141_0021_0003_0069_0069.jpg 1 21 3 69 69
0142_0055_0023_0026_0026.jpg 1 55 23 26 26
0143_0050_0022_0043_0043.jpg 1 50 22 43 43
0144_0038_0012_0053_0053.jpg 1 38 12 53 53
0145_0023_0021_0058_0058.jpg 1 23 21 58 58
0146_0028_0041_0043_0043.jpg 1 28 41 43 43
0147_0035_0012_0032_0032.jpg 1 35 12 32 32
0148_0018_0023_0066_0066.jpg 1 18 23 66 66
0149_0015_0030_0028_0028.jpg 1 15 30 28 28
0150_0015_0020_0069_0069.jpg 1 15 20 69 69
0151_0031_0026_0049_0049.jpg 1 31 26 49 49
0152_0019_0009_0067_0067.jpg 1 19 9 67 67
0153_0041_0015_0044_0044.jpg 1 41 15 44 44
0154_0025_0045_0041_0041.jpg 1 25 45 41 41
0155_0022_0013_0061_0061.jpg 1 22 13 61 61
0156_0009_0006_0069_0069.jpg 1 9 6 69 69
0157_0022_0008_0046_0046.jpg 1 22 8 46 46
0158_0038_0017_0038_0038.jpg 1 38 17 38 38
0159_0020_0028_0038_0038.jpg 1 20 28 38 38
0160_0039_0011_0052_0052.jpg 1 39 11 52 52
0161_0029_0023_0055_0055.jpg 1 29 23 55 55
0162_0028_0034_0058_0058.jpg 1 28 34 58 58
0163_0034_0037_0057_0057.jpg 1 34 37 57 57
0164_0024_0020_0052_0052.jpg 1 24 20 52 52
0165_0017_0050_0032_0032.jpg 1 17 50 32 32
0166_0012_0010_0062_0062.jpg 1 12 10 62 62
0167_0030_0017_0035_0035.jpg 1 30 17 35 35
0168_0008_0005_0069_0069.jpg 1 8 5 69 69
0169_0047_0018_0035_0035.jpg 1 47 18 35 35
0170_0037_0011_0024_0024.jpg 1 37 11 24 24
0171_0034_0035_0059_0059.jpg 1 34 35 59 59
0172_0026_0026_0053_0053.jpg 1 26 26 53 53
0173_0022_0021_0039_0039.jpg 1 22 21 39 39
0174_0030_0017_0048_0048.jpg 1 30 17 48 48
0175_0010_0016_0067_0067.jpg 1 10 16 67 67
0176_0044_0024_0031_0031.jpg 1 44 24 31 31
0177_0020_0021_0063_0063.jpg 1 20 21 63 63
0178_0005_0013_0067_0067.jpg 1 5 13 67 67
0179_0025_0030_0056_0056.jpg 1 25 30 56 56
0180_0057_0040_0029_0029.jpg 1 57 40 29 29
0181_0012_0036_0053_0053.jpg 1 12 36 53 53
0182_0056_0049_0030_0030.jpg 1 56 49 30 30
0183_0037_0019_0052_0052.jpg 1 37 19 52 52
0184_0006_0034_0045_0045.jpg 1 6 34 45 45
0185_0028_0024_0048_0048.jpg 1 28 24 48 48
0186_0033_0031_0052_0052.jpg 1 33 31 52 52
0187_0005_0004_0060_0060.jpg 1 5 4 60 60
0188_0018_0027_0053_0053.jpg 1 18 27 53 53
0189_0036_0005_0059_0059.jpg 1 36 5 59 59
0190_0025_0028_0049_0049.jpg 1 25 28 49 49
0191_0019_0021_0032_0032.jpg 1 19 21 32 32
0192_0008_0042_0050_0050.jpg 1 8 42 50 50
0193_0056_0052_0025_0025.jpg 1 56 52 25 25
0194_0036_0034_0052_0052.jpg 1 36 34 52 52
0195_0047_0014_0042_0042.jpg 1 47 14 42 42
0196_0032_0013_0063_0063.jpg 1 32 13 63 63
0197_0009_0008_0042_0042.jpg 1 9 8 42 42
0198_0039_0011_0050_0050.jpg 1 39 11 50 50
0199_0028_0026_0066_0066.jpg 1 28 26 66 66
0200_0005_0026_0058_0058.jpg 1 5 26 58 58
0201_0044_0031_0037_0037.jpg 1 44 31 37 37
0202_0020_0017_0054_0054.jpg 1 20 17 54 54
0203_0011_0018_0050_0050.jpg 1 11 18 50 50
0204_0012_0010_0049_0049.jpg 1 12 10 49 49
0205_0035_0040_0045_0045.jpg 1 35 40 45 45
0206_0007_0019_0068_0068.jpg 1 7 19 68 68
0207_0021_0052_0037_0037.jpg 1 21 52 37 37
0208_0016_0030_0064_0064.jpg 1 16 30 64 64
0209_0049_0061_0030_0030.jpg 1 49 61 30 30
0210_0051_0059_0030_0030.jpg 1 51 59 30 30
0211_0018_0008_0056_0056.jpg 1 18 8 56 56
0212_0008_0019_0050_0050.jpg 1 8 19 50 50
0213_0043_0041_0040_0040.jpg 1 43 41 40 40
0214_0045_0031_0048_0048.jpg 1 45 31 48 48
0215_0024_0032_0063_0063.jpg 1 24 32 63 63
0216_0020_0014_0054_0054.jpg 1 20 14 54 54
0217_0049_0033_0037_0037.jpg 1 49 33 37 37
0218_0025_0012_0067_0067.jpg 1 25 12 67 67
0219_0013_0039_0055_0055.jpg 1 13 39 55 55
0220_0007_0010_0030_0030.jpg 1 7 10 30 30
0221_0023_0009_0066_0066.jpg 1 23 9 66 66
0222_0042_0042_0043_0043.jpg 1 42 42 43 43
0223_0048_0031_0038_0038.jpg 1 48 31 38 38
0224_0034_0034_0050_0050.jpg 1 34 34 50 50
0225_0031_0013_0058_0058.jpg 1 31 13 58 58
0226_0031_0020_0031_0031.jpg 1 31 20 31 31
0227_0026_0019_0033_0033.jpg 1 26 19 33 33
0228_0008_0036_0053_0053.jpg 1 8 36 53 53
0229_0021_0030_0041_0041.jpg 1 21 30 41 41
0230_0060_0023_0030_0030.jpg 1 60 23 30 30
0231_0041_0034_0027_0027.jpg 1 41 34 27 27
0232_0010_0016_0064_0064.jpg 1 10 16 64 64
0233_0011_0024_0060_0060.jpg 1 11 24 60 60
0234_0024_0045_0034_0034.jpg 1 24 45 34 34
0235_0056_0012_0034_0034.jpg 1 56 12 34 34
0236_0031_0046_0025_0025.jpg 1 31 46 25 25
0237_0042_0018_0051_0051.jpg 1 42 18 51 51
0238_0034_0010_0042_0042.jpg 1 34 10 42 42
0239_0057_0052_0032_0032.jpg 1 57 52 32 32
0240_0039_0026_0039_0039.jpg 1 39 26 39 39
0241_0013_0018_0026_0026.jpg 1 13 18 26 26
0242_0011_0022_0065_0065.jpg 1 11 22 65 65
0243_0023_0028_0061_0061.jpg 1 23 28 61 61
0244_0065_0044_0026_0026.jpg 1 65 44 26 26
0245_0005_0010_0046_0046.jpg 1 5 10 46 46
0246_0028_0018_0041_0041.jpg 1 28 18 41 41
0247_0039_0033_0043_0043.jpg 1 39 33 43 43
0248_0025_0028_0054_0054.jpg 1 25 28 54 54
0249_0050_0022_0044_0044.jpg 1 50 22 44 44
0250_0026_0015_0062_0062.jpg 1 26 15 62 62
0251_0007_0015_0049_0049.jpg 1 7 15 49 49
0252_0021_0011_0040_0040.jpg 1 21 11 40 40
0253_0010_0021_0025_0025.jpg 1 10 21 25 25
0254_0021_0016_0026_0026.jpg 1 21 16 26 26
0255_0017_0019_0059_0059.jpg 1 17 19 59 59
0256_0037_0033_0049_0049.jpg 1 37 33 49 49
0257_0044_0039_0047_0047.jpg 1 44 39 47 47
0258_0024_0019_0064_0064.jpg 1 24 19 64 64
0259_0024_0007_0027_0027.jpg 1 24 7 27 27
0260_0013_0030_0054_0054.jpg 1 13 30 54 54
0261_0023_0024_0043_0043.jpg 1 23 24 43 43
0262_0026_0009_0067_0067.jpg 1 26 9 67 67
0263_0038_0012_0033_0033.jpg 1 38 12 33 33
0264_0045_0044_0028_0028.jpg 1 45 44 28 28
0265_0017_0028_0039_0039.jpg 1 17 28 39 39
0266_0023_0031_0049_0049.jpg 1 23 31 49 49
0267_0050_0020_0028_0028.jpg 1 50 20 28 28
0268_0019_0022_0060_0060.jpg 1 19 22 60 60
0269_0018_0008_0064_0064.jpg 1 18 8 64 64
0270_0019_0036_0044_0044.jpg 1 19 36 44 44
0271_0010_0033_0057_0057.jpg 1 10 33 57 57
0272_0062_0019_0030_0030.jpg 1 62 19 30 30
0273_0035_0047_0034_0034.jpg 1 35 47 34 34
0274_0026_0016_0068_0068.jpg 1 26 16 68 68
0275_0056_0062_0027_0027.jpg 1 56 62 27 27
0276_0029_0037_0057_0057.jpg 1 29 37 57 57
0277_0010_0042_0040_0040.jpg 1 10 42 40 40
0278_0029_0030_0048_0048.jpg 1 29 30 48 48
0279_0027_0029_0064_0064.jpg 1 27 29 64 64
0280_0052_0038_0040_0040.jpg 1 52 38 40 40
0281_0048_0015_0036_0036.jpg 1 48 15 36 36
0282_0014_0043_0033_0033.jpg 1 14 43 33 33
0283_0009_0005_0057_0057.jpg 1 9 5 57 57
0284_0063_0058_0029_0029.jpg 1 63 58 29 29
0285_0022_0012_0046_0046.jpg 1 22 12 46 46
0286_0036_0013_0057_0057.jpg 1 36 13 57 57
0287_0022_0029_0039_0039.jpg 1 22 29 39 39
0288_0025_0051_0035_0035.jpg 1 25 51 35 35
0289_0036_0056_0029_0029.jpg 1 36 56 29 29
0290_0017_0013_0064_0064.jpg 1 17 13 64 64
0291_0013_0009_0055_0055.jpg 1 13 9 55 55
0292_0048_0030_0037_0037.jpg 1 48 30 37 37
0293_0029_0031_0056_0056.jpg 1 29 31 56 56
0294_0014_0023_0035_0035.jpg 1 14 23 35 35
0295_0033_0040_0042_0042.jpg 1 33 40 42 42
0296_0020_0023_0069_0069.jpg 1 20 23 69 69
0297_0037_0042_0047_0047.jpg 1 37 42 47 47
0298_0015_0025_0068_0068.jpg 1 15 25 68 68
0299_0051_0045_0039_0039.jpg 1 51 45 39 39
0300_0052_0007_0035_0035.jpg 1 52 7 35 35
0301_0018_0017_0066_0066.jpg 1 18 17 66 66
0302_0048_0041_0033_0033.jpg 1 48 41 33 33
0303_0011_0011_0060_0060.jpg 1 11 11 60 60
0304_0016_0016_0056_0056.jpg 1 16 16 56 56
0305_0009_0039_0028_0028.jpg 1 9 39 28 28
0306_0029_0013_0063_0063.jpg 1 29 13 63 63
0307_0032_0017_0031_0031.jpg 1 32 17 31 31
0308_0022_0021_0058_0058.jpg 1 22 21 58 58
0309_0032_0042_0032_0032.jpg 1 32 42 32 32
0310_0010_0015_0064_0064.jpg 1 10 15 64 64
0311_0035_0051_0030_0030.jpg 1 35 51 30 30
0312_0016_0021_0037_0037.jpg 1 16 21 37 37
0313_0010_0035_0044_0044.jpg 1 10 35 44 44
0314_0023_0020_0048_0048.jpg 1 23 20 48 48
0315_0044_0017_0038_0038.jpg 1 44 17 38 38
0316_0057_0010_0033_0033.jpg 1 57 10 33 33
0317_0004_0021_0059_0059.jpg 1 4 21 59 59
0318_0026_0050_0037_0037.jpg 1 26 50 37 37
0319_0016_0010_0031_0031.jpg 1 16 10 31 31
0320_0019_0004_0068_0068.jpg 1 19 4 68 68
0321_0012_0019_0055_0055.jpg 1 12 19 55 55
0322_0013_0009_0062_0062.jpg 1 13 9 62 62
0323_0013_0016_0057_0057.jpg 1 13 16 57 57
0324_0037_0009_0058_0058.jpg 1 37 9 58 58
0325_0055_0041_0035_0035.jpg 1 55 41 35 35
0326_0050_0026_0041_0041.jpg 1 50 26 41 41
0327_0038_0012_0030_0030.jpg 1 38 12 30 30
0328_0004_0006_0062_0062.jpg 1 4 6 62 62
0329_0009_0049_0036_0036.jpg 1 9 49 36 36
0330_0023_0052_0035_0035.jpg 1 23 52 35 35
0331_0013_0009_0048_0048.jpg 1 13 9 48 48
0332_0023_0023_0049_0049.jpg 1 23 23 49 49
0333_0034_0017_0060_0060.jpg 1 34 17 60 60
0334_0047_0022_0047_0047.jpg 1 47 22 47 47
0335_0020_0014_0034_0034.jpg 1 20 14 34 34
0336_0020_0018_0063_0063.jpg 1 20 18 63 63
0337_0024_0009_0057_0057.jpg 1 24 9 57 57
0338_0021_0029_0062_0062.jpg 1 21 29 62 62
0339_0014_0029_0054_0054.jpg 1 14 29 54 54
0340_0021_0036_0045_0045.jpg 1 21 36 45 45
0341_0059_0040_0034_0034.jpg 1 59 40 34 34
0342_0049_0017_0041_0041.jpg 1 49 17 41 41
0343_0020_0013_0059_0059.jpg 1 20 13 59 59
0344_0044_0009_0030_0030.jpg 1 44 9 30 30
0345_0009_0021_0056_0056.jpg 1 9 21 56 56
0346_0036_0023_0031_0031.jpg 1 36 23 31 31
0347_0035_0045_0026_0026.jpg 1 35 45 26 26
0348_0036_0010_0047_0047.jpg 1 36 10 47 47
0349_0019_0015_0037_0037.jpg 1 19 15 37 37
0350_0014_0022_0059_0059.jpg 1 14 22 59 59
0351_0021_0008_0024_0024.jpg 1 21 8 24 24
0352_0037_0013_0050_0050.jpg 1 37 13 50 50
0353_0007_0043_0044_0044.jpg 1 7 43 44 44
0354_0043_0039_0026_0026.jpg 1 43 39 26 26
0355_0016_0056_0031_0031.jpg 1 16 56 31 31
0356_0004_0007_0055_0055.jpg 1 4 7 55 55
0357_0030_0020_0059_0059.jpg 1 30 20 59 59
0358_0014_0008_0051_0051.jpg 1 14 8 51 51
0359_0020_0004_0059_0059.jpg 1 20 4 59 59
0360_0014_0015_0026_0026.jpg 1 14 15 26 26
0361_0041_0013_0051_0051.jpg 1 41 13 51 51
0362_0007_0046_0047_0047.jpg 1 7 46 47 47
0363_0038_0026_0033_0033.jpg 1 38 26 33 33
0364_0015_0003_0069_0069.jpg 1 15 3 69 69
0365_0015_0033_0028_0028.jpg 1 15 33 28 28
0366_0035_0029_0059_0059.jpg 1 35 29 59 59
0367_0058_0027_0030_0030.jpg 1 58 27 30 30
0368_0032_0051_0024_0024.jpg 1 32 51 24 24
0369_0034_0035_0058_0058.jpg 1 34 35 58 58
0370_0010_0015_0034_0034.jpg 1 10 15 34 34
0371_0015_0014_0066_0066.jpg 1 15 14 66 66
0372_0035_0020_0055_0055.jpg 1 35 20 55 55
0373_0015_0022_0036_0036.jpg 1 15 22 36 36
0374_0017_0015_0043_0043.jpg 1 17 15 43 43
0375_0032_0014_0056_0056.jpg 1 32 14 56 56
0376_0004_0023_0069_0069.jpg 1 4 23 69 69
0377_0035_0041_0047_0047.jpg 1 35 41 47 47
0378_0039_0022_0031_0031.jpg 1 39 22 31 31
0379_0053_0038_0039_0039.jpg 1 53 38 39 39
0380_0013_0024_0058_0058.jpg 1 13 24 58 58
0381_0033_0014_0055_0055.jpg 1 33 14 55 55
0382_0047_0008_0045_0045.jpg 1 47 8 45 45
0383_0007_0042_0046_0046.jpg 1 7 42 46 46
0384_0004_0029_0065_0065.jpg 1 4 29 65 65
0385_0034_0009_0030_0030.jpg 1 34 9 30 30
0386_0031_0023_0060_0060.jpg 1 31 23 60 60
0387_0013_0026_0044_0044.jpg 1 13 26 44 44
0388_0060_0034_0032_0032.jpg 1 60 34 32 32
0389_0042_0047_0032_0032.jpg 1 42 47 32 32
0390_0006_0019_0043_0043.jpg 1 6 19 43 43
0391_0021_0036_0055_0055.jpg 1 21 36 55 55
0392_0030_0022_0027_0027.jpg 1 30 22 27 27
0393_0021_0037_0041_0041.jpg 1 21 37 41 41
0394_0016_0035_0051_0051.jpg 1 16 35 51 51
0395_0031_0010_0046_0046.jpg 1 31 10 46 46
0396_0036_0023_0024_0024.jpg 1 36 23 24 24
0397_0062_0011_0029_0029.jpg 1 62 11 29 29
0398_0031_0026_0036_0036.jpg 1 31 26 36 36
0399_0028_0021_0040_0040.jpg 1 28 21 40 40
0400_0004_0009_0069_0069.jpg 1 4 9 69 69
0401_0046_0039_0031_0031.jpg 1 46 39 31 31
0402_0020_0047_0026_0026.jpg 1 20 47 26 26
0403_0017_0011_0059_0059.jpg 1 17 11 59 59
0404_0037_0026_0049_0049.jpg 1 37 26 49 49
0405_0021_0019_0069_0069.jpg 1 21 19 69 69
0406_0042_0040_0048_0048.jpg 1 42 40 48 48
0407_0025_0015_0045_0045.jpg 1 25 15 45 45
0408_0017_0015_0056_0056.jpg 1 17 15 56 56
0409_0004_0004_0065_0065.jpg 1 4 4 65 65
0410_0009_0020_0064_0064.jpg 1 9 20 64 64
0411_0022_0033_0060_0060.jpg 1 22 33 60 60
0412_0033_0049_0038_0038.jpg 1 33 49 38 38
0413_0028_0015_0047_0047.jpg 1 28 15 47 47
0414_0053_0009_0040_0040.jpg 1 53 9 40 40
0415_0010_0005_0065_0065.jpg 1 10 5 65 65
0416_0026_0011_0068_0068.jpg 1 26 11 68 68
0417_0025_0039_0052_0052.jpg 1 25 39 52 52
0418_0015_0026_0042_0042.jpg 1 15 26 42 42
0419_0008_0011_0048_0048.jpg 1 8 11 48 48
0420_0046_0029_0036_0036.jpg 1 46 29 36 36
0421_0045_0040_0024_0024.jpg 1 45 40 24 24
0422_0011_0030_0066_0066.jpg 1 11 30 66 66
0423_0018_0005_0052_0052.jpg 1 18 5 52 52
0424_0029_0024_0065_0065.jpg 1 29 24 65 65
0425_0024_0012_0049_0049.jpg 1 24 12 49 49
0426_0022_0019_0064_0064.jpg 1 22 19 64 64
0427_0035_0016_0026_0026.jpg 1 35 16 26 26
0428_0010_0035_0056_0056.jpg 1 10 35 56 56
0429_0026_0025_0060_0060.jpg 1 26 25 60 60
0430_0008_0009_0057_0057.jpg 1 8 9 57 57
0431_0065_0010_0025_0025.jpg 1 65 10 25 25
0432_0028_0038_0039_0039.jpg 1 28 38 39 39
0433_0052_0020_0031_0031.jpg 1 52 20 31 31
0434_0012_0020_0051_0051.jpg 1 12 20 51 51
0435_0046_0031_0027_0027.jpg 1 46 31 27 27
0436_0027_0016_0039_0039.jpg 1 27 16 39 39
0437_0018_0010_0067_0067.jpg 1 18 10 67 67
0438_0008_0013_0067_0067.jpg 1 8 13 67 67
0439_0010_0063_0027_0027.jpg 1 10 63 27 27
0440_0016_0013_0060_0060.jpg 1 16 13 60 60
0441_0005_0006_0067_0067.jpg 1 5 6 67 67
0442_0005_0034_0059_0059.jpg 1 5 34 59 59
0443_0057_0018_0031_0031.jpg 1 57 18 31 31
0444_0013_0009_0028_0028.jpg 1 13 9 28 28
0445_0036_0011_0038_0038.jpg 1 36 11 38 38
0446_0030_0012_0065_0065.jpg 1 30 12 65 65
0447_0024_0023_0043_0043.jpg 1 24 23 43 43
0448_0010_0009_0058_0058.jpg 1 10 9 58 58
0449_0025_0005_0067_0067.jpg 1 25 5 67 67
0450_0017_0026_0069_0069.jpg 1 17 26 69 69
0451_0057_0038_0026_0026.jpg 1 57 38 26 26
0452_0007_0020_0028_0028.jpg 1 7 20 28 28
0453_0006_0037_0058_0058.jpg 1 6 37 58 58
0454_0045_0008_0043_0043.jpg 1 45 8 43 43
0455_0033_0007_0046_0046.jpg 1 33 7 46 46
0456_0028_0016_0036_0036.jpg 1 28 16 36 36
0457_0020_0023_0053_0053.jpg 1 20 23 53 53
0458_0041_0036_0053_0053.jpg 1 41 36 53 53
0459_0025_0025_0041_0041.jpg 1 25 25 41 41
0460_0021_0061_0027_0027.jpg 1 21 61 27 27
0461_0028_0021_0067_0067.jpg 1 28 21 67 67
0462_0030_0045_0039_0039.jpg 1 30 45 39 39
0463_0018_0016_0065_0065.jpg 1 18 16 65 65
0464_0048_0054_0033_0033.jpg 1 48 54 33 33
0465_0028_0019_0062_0062.jpg 1 28 19 62 62
0466_0020_0016_0068_0068.jpg 1 20 16 68 68
0467_0019_0023_0067_0067.jpg 1 19 23 67 67
0468_0012_0016_0053_0053.jpg 1 12 16 53 53
0469_0010_0021_0069_0069.jpg 1 10 21 69 69
0470_0058_0042_0027_0027.jpg 1 58 42 27 27
0471_0036_0018_0026_0026.jpg 1 36 18 26 26
0472_0024_0012_0057_0057.jpg 1 24 12 57 57
0473_0021_0027_0059_0059.jpg 1 21 27 59 59
0474_0058_0053_0033_0033.jpg 1 58 53 33 33
0475_0033_0009_0061_0061.jpg 1 33 9 61 61
0476_0010_0032_0060_0060.jpg 1 10 32 60 60
0477_0051_0035_0028_0028.jpg 1 51 35 28 28
0478_0012_0026_0032_0032.jpg 1 12 26 32 32
0479_0008_0020_0056_0056.jpg 1 8 20 56 56
0480_0015_0034_0031_0031.jpg 1 15 34 31 31
0481_0042_0010_0042_0042.jpg 1 42 10 42 42
0482_0016_0024_0047_0047.jpg 1 16 24 47 47
0483_0029_0026_0064_0064.jpg 1 29 26 64 64
0484_0051_0058_0034_0034.jpg 1 51 58 34 34
0485_0043_0027_0049_0049.jpg 1 43 27 49 49
0486_0049_0033_0026_0026.jpg 1 49 33 26 26
0487_0010_0032_0056_0056.jpg 1 10 32 56 56
0488_0010_0011_0059_0059.jpg 1 10 11 59 59
0489_0005_0026_0050_0050.jpg 1 5 26 50 50
0490_0027_0022_0041_0041.jpg 1 27 22 41 41
0491_0007_0005_0049_0049.jpg 1 7 5 49 49
0492_0021_0039_0034_0034.jpg 1 21 39 34 34
0493_0037_0017_0052_0052.jpg 1 37 17 52 52
0494_0024_0012_0069_0069.jpg 1 24 12 69 69
0495_0023_0008_0061_0061.jpg 1 23 8 61 61
0496_0035_0059_0032_0032.jpg 1 35 59 32 32
0497_0031_0021_0051_0051.jpg 1 31 21 51 51
0498_0020_0010_0055_0055.jpg 1 20 10 55 55
0499_0019_0013_0032_0032.jpg 1 19 13 32 32
0500_0009_0004_0069_0069.jpg 1 9 4 69 69
0501_0012_0032_0041_0041.jpg 1 12 32 41 41
0502_0061_0007_0031_0031.jpg 1 61 7 31 31
0503_0030_0005_0065_0065.jpg 1 30 5 65 65
0504_0004_0024_0066_0066.jpg 1 4 24 66 66
0505_0020_0004_0057_0057.jpg 1 20 4 57 57
0506_0018_0005_0053_0053.jpg 1 18 5 53 53
0507_0032_0005_0055_0055.jpg 1 32 5 55 55
0508_0024_0007_0058_0058.jpg 1 24 7 58 58
0509_0020_0027_0026_0026.jpg 1 20 27 26 26
0510_0029_0038_0035_0035.jpg 1 29 38 35 35
0511_0011_0011_0037_0037.jpg 1 11 11 37 37
0512_0023_0048_0035_0035.jpg 1 23 48 35 35
0513_0003_0017_0064_0064.jpg 1 3 17 64 64
0514_0020_0019_0056_0056.jpg 1 20 19 56 56
0515_0026_0062_0030_0030.jpg 1 26 62 30 30
0516_0025_0050_0042_0042.jpg 1 25 50 42 42
0517_0006_0038_0055_0055.jpg 1 6 38 55 55
0518_0026_0034_0056_0056.jpg 1 26 34 56 56
0519_0023_0017_0049_0049.jpg 1 23 17 49 49
0520_0034_0020_0060_0060.jpg 1 34 20 60 60
0521_0015_0006_0066_0066.jpg 1 15 6 66 66
0522_0031_0049_0042_0042.jpg 1 31 49 42 42
0523_0034_0026_0057_0057.jpg 1 34 26 57 57
0524_0008_0014_0058_0058.jpg 1 8 14 58 58
0525_0009_0006_0061_0061.jpg 1 9 6 61 61
0526_0025_0033_0058_0058.jpg 1 25 33 58 58
0527_0034_0030_0027_0027.jpg 1 34 30 27 27
0528_0012_0027_0060_0060.jpg 1 12 27 60 60
0529_0044_0040_0046_0046.jpg 1 44 40 46 46
0530_0008_0031_0037_0037.jpg 1 8 31 37 37
0531_0058_0009_0032_0032.jpg 1 58 9 32 32
0532_0039_0016_0035_0035.jpg 1 39 16 35 35
0533_0014_0022_0067_0067.jpg 1 14 22 67 67
0534_0036_0019_0055_0055.jpg 1 36 19 55 55
0535_0008_0009_0057_0057.jpg 1 8 9 57 57
0536_0027_0009_0064_0064.jpg 1 27 9 64 64
0537_0021_0036_0055_0055.jpg 1 21 36 55 55
0538_0025_0014_0067_0067.jpg 1 25 14 67 67
0539_0040_0013_0043_0043.jpg 1 40 13 43 43
0540_0019_0035_0056_0056.jpg 1 19 35 56 56
0541_0006_0025_0057_0057.jpg 1 6 25 57 57
0542_0007_0032_0042_0042.jpg 1 7 32 42 42
0543_0055_0036_0031_0031.jpg 1 55 36 31 31
0544_0011_0008_0039_0039.jpg 1 11 8 39 39
0545_0033_0036_0027_0027.jpg 1 33 36 27 27
0546_0029_0015_0041_0041.jpg 1 29 15 41 41
0547_0021_0019_0068_0068.jpg 1 21 19 68 68
0548_0044_0008_0050_0050.jpg 1 44 8 50 50
0549_0058_0028_0025_0025.jpg 1 58 28 25 25
0550_0015_0061_0024_0024.jpg 1 15 61 24 24
0551_0020_0033_0058_0058.jpg 1 20 33 58 58
0552_0038_0055_0037_0037.jpg 1 38 55 37 37
0553_0033_0015_0062_0062.jpg 1 33 15 62 62
0554_0010_0031_0042_0042.jpg 1 10 31 42 42
0555_0022_0021_0047_0047.jpg 1 22 21 47 47
0556_0016_0004_0057_0057.jpg 1 16 4 57 57
0557_0014_0046_0033_0033.jpg 1 14 46 33 33
0558_0011_0040_0031_0031.jpg 1 11 40 31 31
0559_0009_0021_0064_0064.jpg 1 9 21 64 64
0560_0030_0023_0051_0051.jpg 1 30 23 51 51
0561_0015_0033_0040_0040.jpg 1 15 33 40 40
0562_0022_0007_0043_0043.jpg 1 22 7 43 43
0563_0040_0041_0045_0045.jpg 1 40 41 45 45
0564_0029_0019_0067_0067.jpg 1 29 19 67 67
0565_0008_0023_0056_0056.jpg 1 8 23 56 56
0566_0017_0017_0069_0069.jpg 1 17 17 69 69
0567_0035_0005_0055_0055.jpg 1 35 5 55 55
0568_0036_0024_0055_0055.jpg 1 36 24 55 55
0569_0028_0005_0049_0049.jpg 1 28 5 49 49
0570_0067_0034_0025_0025.jpg 1 67 34 25 25
0571_0007_0058_0027_0027.jpg 1 7 58 27 27
0572_0017_0036_0039_0039.jpg 1 17 36 39 39
0573_0057_0031_0024_0024.jpg 1 57 31 24 24
0574_0015_0014_0058_0058.jpg 1 15 14 58 58
0575_0028_0035_0056_0056.jpg 1 28 35 56 56
0576_0042_0049_0029_0029.jpg 1 42 49 29 29
0577_0040_0011_0052_0052.jpg 1 40 11 52 52
0578_0039_0021_0028_0028.jpg 1 39 21 28 28
0579_0018_0016_0037_0037.jpg 1 18 16 37 37
0580_0016_0024_0041_0041.jpg 1 16 24 41 41
0581_0032_0007_0034_0034.jpg 1 32 7 34 34
0582_0025_0026_0051_0051.jpg 1 25 26 51 51
0583_0018_0010_0058_0058.jpg 1 18 10 58 58
0584_0029_0013_0032_0032.jpg 1 29 13 32 32
0585_0004_0028_0061_0061.jpg 1 4 28 61 61
0586_0006_0013_0057_0057.jpg 1 6 13 57 57
0587_0020_0042_0030_0030.jpg 1 20 42 30 30
0588_0052_0013_0037_0037.jpg 1 52 13 37 37
0589_0040_0044_0041_0041.jpg 1 40 44 41 41
0590_0006_0006_0065_0065.jpg 1 6 6 65 65
0591_0018_0026_0065_0065.jpg 1 18 26 65 65
0592_0025_0016_0057_0057.jpg 1 25 16 57 57
0593_0007_0033_0062_0062.jpg 1 7 33 62 62
0594_0006_0008_0069_0069.jpg 1 6 8 69 69
0595_0015_0017_0054_0054.jpg 1 15 17 54 54
0596_0022_0037_0051_0051.jpg 1 22 37 51 51
0597_0036_0008_0024_0024.jpg 1 36 8 24 24
0598_0032_0037_0055_0055.jpg 1 32 37 55 55
0599_0018_0007_0066_0066.jpg 1 18 7 66 66
0600_0040_0034_0047_0047.jpg 1 40 34 47 47
0601_0014_0021_0062_0062.jpg 1 14 21 62 62
0602_0014_0035_0043_0043.jpg 1 14 35 43 43
0603_0026_0007_0028_0028.jpg 1 26 7 28 28
0604_0018_0022_0044_0044.jpg 1 18 22 44 44
0605_0012_0028_0051_0051.jpg 1 12 28 51 51
0606_0020_0036_0058_0058.jpg 1 20 36 58 58
0607_0038_0058_0025_0025.jpg 1 38 58 25 25
0608_0061_0023_0026_0026.jpg 1 61 23 26 26
0609_0021_0004_0060_0060.jpg 1 21 4 60 60
0610_0043_0012_0031_0031.jpg 1 43 12 31 31
0611_0041_0022_0036_0036.jpg 1 41 22 36 36
0612_0051_0019_0026_0026.jpg 1 51 19 26 26
0613_0039_0044_0048_0048.jpg 1 39 44 48 48
0614_0030_0035_0057_0057.jpg 1 30 35 57 57
0615_0029_0009_0052_0052.jpg 1 29 9 52 52
0616_0049_0047_0029_0029.jpg 1 49 47 29 29
0617_0060_0036_0025_0025.jpg 1 60 36 25 25
0618_0021_0004_0054_0054.jpg 1 21 4 54 54
0619_0018_0045_0046_0046.jpg 1 18 45 46 46
0620_0009_0041_0048_0048.jpg 1 9 41 48 48
0621_0030_0025_0063_0063.jpg 1 30 25 63 63
0622_0011_0027_0054_0054.jpg 1 11 27 54 54
0623_0006_0004_0062_0062.jpg 1 6 4 62 62
0624_0032_0021_0054_0054.jpg 1 32 21 54 54
0625_0027_0055_0027_0027.jpg 1 27 55 27 27
0626_0003_0020_0069_0069.jpg 1 3 20 69 69
0627_0007_0036_0039_0039.jpg 1 7 36 39 39
0628_0017_0015_0056_0056.jpg 1 17 15 56 56
0629_0017_0009_0069_0069.jpg 1 17 9 69 69
0630_0018_0021_0054_0054.jpg 1 18 21 54 54
0631_0029_0035_0059_0059.jpg 1 29 35 59 59
0632_0017_0042_0041_0041.jpg 1 17 42 41 41
0633_0028_0023_0036_0036.jpg 1 28 23 36 36
0634_0021_0058_0034_0034.jpg 1 21 58 34 34
0635_0025_0033_0044_0044.jpg 1 25 33 44 44
0636_0036_0032_0042_0042.jpg 1 36 32 42 42
0637_0004_0007_0066_0066.jpg 1 4 7 66 66
0638_0034_0007_0059_0059.jpg 1 34 7 59 59
0639_0023_0044_0048_0048.jpg 1 23 44 48 48
0640_0019_0016_0051_0051.jpg 1 19 16 51 51
0641_0039_0014_0042_0042.jpg 1 39 14 42 42
0642_0023_0016_0051_0051.jpg 1 23 16 51 51
0643_0014_0030_0057_0057.jpg 1 14 30 57 57
0644_0006_0006_0044_0044.jpg 1 6 6 44 44
0645_0016_0034_0045_0045.jpg 1 16 34 45 45
0646_0031_0010_0036_0036.jpg 1 31 10 36 36
0647_0048_0031_0027_0027.jpg 1 48 31 27 27
0648_0008_0007_0061_0061.jpg 1 8 7 61 61
0649_0011_0007_0048_0048.jpg 1 11 7 48 48
0650_0031_0021_0049_0049.jpg 1 31 21 49 49
0651_0036_0031_0032_0032.jpg 1 36 31 32 32
0652_0052_0035_0040_0040.jpg 1 52 35 40 40
0653_0030_0010_0033_0033.jpg 1 30 10 33 33
0654_0025_0010_0048_0048.jpg 1 25 10 48 48
0655_0007_0009_0065_0065.jpg 1 7 9 65 65
0656_0030_0037_0058_0058.jpg 1 30 37 58 58
0657_0011_0014_0068_0068.jpg 1 11 14 68 68
0658_0025_0026_0068_0068.jpg 1 25 26 68 68
0659_0014_0017_0055_0055.jpg 1 14 17 55 55
0660_0041_0029_0043_0043.jpg 1 41 29 43 43
0661_0021_0016_0036_0036.jpg 1 21 16 36 36
0662_0006_0006_0059_0059.jpg 1 6 6 59 59
0663_0006_0015_0048_0048.jpg 1 6 15 48 48
0664_0008_0010_0068_0068.jpg 1 8 10 68 68
0665_0032_0011_0050_0050.jpg 1 32 11 50 50
0666_0005_0035_0060_0060.jpg 1 5 35 60 60
0667_0016_0026_0067_0067.jpg 1 16 26 67 67
0668_0009_0004_0065_0065.jpg 1 9 4 65 65
0669_0027_0027_0040_0040.jpg 1 27 27 40 40
0670_0020_0019_0060_0060.jpg 1 20 19 60 60
0671_0029_0024_0066_0066.jpg 1 29 24 66 66
0672_0021_0026_0053_0053.jpg 1 21 26 53 53
0673_0009_0032_0061_0061.jpg 1 9 32 61 61
0674_0032_0052_0035_0035.jpg 1 32 52 35 35
0675_0047_0028_0034_0034.jpg 1 47 28 34 34
0676_0009_0021_0069_0069.jpg 1 9 21 69 69
0677_0006_0024_0068_0068.jpg 1 6 24 68 68
0678_0020_0041_0025_0025.jpg 1 20 41 25 25
0679_0007_0013_0051_0051.jpg 1 7 13 51 51
0680_0010_0053_0029_0029.jpg 1 10 53 29 29
0681_0016_0015_0063_0063.jpg 1 16 15 63 63
0682_0021_0024_0028_0028.jpg 1 21 24 28 28
0683_0050_0012_0025_0025.jpg 1 50 12 25 25
0684_0032_0005_0056_0056.jpg 1 32 5 56 56
0685_0015_0015_0058_0058.jpg 1 15 15 58 58
0686_0015_0018_0065_0065.jpg 1 15 18 65 65
0687_0018_0023_0055_0055.jpg 1 18 23 55 55
0688_0011_0040_0039_0039.jpg 1 11 40 39 39
0689_0011_0037_0047_0047.jpg 1 11 37 47 47
0690_0023_0016_0065_0065.jpg 1 23 16 65 65
0691_0018_0021_0047_0047.jpg 1 18 21 47 47
0692_0011_0020_0065_0065.jpg 1 11 20 65 65
0693_0037_0038_0048_0048.jpg 1 37 38 48 48
0694_0021_0022_0056_0056.jpg 1 21 22 56 56
0695_0014_0008_0069_0069.jpg 1 14 8 69 69
0696_0026_0020_0067_0067.jpg 1 26 20 67 67
0697_0025_0038_0047_0047.jpg 1 25 38 47 47
0698_0007_0005_0056_0056.jpg 1 7 5 56 56
0699_0008_0044_0039_0039.jpg 1 8 44 39 39
0700_0045_0021_0033_0033.jpg 1 45 21 33 33
0701_0026_0005_0068_0068.jpg 1 26 5 68 68
0702_0017_0021_0065_0065.jpg 1 17 21 65 65
0703_0010_0018_0066_0066.jpg 1 10 18 66 66
0704_0018_0013_0038_0038.jpg 1 18 13 38 38
0705_0029_0041_0053_0053.jpg 1 29 41 53 53
0706_0021_0035_0050_0050.jpg 1 21 35 50 50
0707_0052_0026_0037_0037.jpg 1 52 26 37 37
0708_0029_0040_0038_0038.jpg 1 29 40 38 38
0709_0033_0035_0047_0047.jpg 1 33 35 47 47
0710_0051_0052_0031_0031.jpg 1 51 52 31 31
0711_0052_0019_0037_0037.jpg 1 52 19 37 37
0712_0021_0005_0062_0062.jpg 1 21 5 62 62
0713_0009_0025_0032_0032.jpg 1 9 25 32 32
0714_0019_0047_0046_0046.jpg 1 19 47 46 46
0715_0047_0016_0027_0027.jpg 1 47 16 27 27
0716_0038_0030_0029_0029.jpg 1 38 30 29 29
0717_0021_0029_0065_0065.jpg 1 21 29 65 65
0718_0012_0029_0038_0038.jpg 1 12 29 38 38
0719_0034_0032_0042_0042.jpg 1 34 32 42 42
0720_0020_0022_0027_0027.jpg 1 20 22 27 27
0721_0019_0004_0062_0062.jpg 1 19 4 62 62
0722_0021_0024_0061_0061.jpg 1 21 24 61 61
0723_0034_0028_0045_0045.jpg 1 34 28 45 45
0724_0049_0011_0025_0025.jpg 1 49 11 25 25
0725_0007_0050_0033_0033.jpg 1 7 50 33 33
0726_0007_0017_0060_0060.jpg 1 7 17 60 60
0727_0032_0009_0059_0059.jpg 1 32 9 59 59
0728_0016_0027_0039_0039.jpg 1 16 27 39 39
0729_0045_0038_0032_0032.jpg 1 45 38 32 32
0730_0047_0031_0035_0035.jpg 1 47 31 35 35
0731_0009_0045_0029_0029.jpg 1 9 45 29 29
0732_0034_0008_0026_0026.jpg 1 34 8 26 26
0733_0032_0013_0061_0061.jpg 1 32 13 61 61
0734_0026_0011_0039_0039.jpg 1 26 11 39 39
0735_0031_0037_0042_0042.jpg 1 31 37 42 42
0736_0010_0008_0025_0025.jpg 1 10 8 25 25
0737_0036_0056_0033_0033.jpg 1 36 56 33 33
0738_0031_0009_0038_0038.jpg 1 31 9 38 38
0739_0020_0044_0043_0043.jpg 1 20 44 43 43
0740_0012_0020_0039_0039.jpg 1 12 20 39 39
0741_0040_0040_0055_0055.jpg 1 40 40 55 55
0742_0039_0023_0044_0044.jpg 1 39 23 44 44
0743_0039_0020_0038_0038.jpg 1 39 20 38 38
0744_0038_0040_0044_0044.jpg 1 38 40 44 44
0745_0033_0005_0057_0057.jpg 1 33 5 57 57
0746_0009_0037_0054_0054.jpg 1 9 37 54 54
0747_0020_0046_0046_0046.jpg 1 20 46 46 46
0748_0052_0037_0025_0025.jpg 1 52 37 25 25
0749_0037_0014_0058_0058.jpg 1 37 14 58 58
0750_0036_0033_0054_0054.jpg 1 36 33 54 54
0751_0050_0015_0035_0035.jpg 1 50 15 35 35
0752_0042_0021_0051_0051.jpg 1 42 21 51 51
0753_0046_0045_0029_0029.jpg 1 46 45 29 29
0754_0026_0027_0059_0059.jpg 1 26 27 59 59
0755_0033_0011_0052_0052.jpg 1 33 11 52 52
0756_0037_0011_0033_0033.jpg 1 37 11 33 33
0757_0020_0012_0057_0057.jpg 1 20 12 57 57
0758_0016_0026_0063_0063.jpg 1 16 26 63 63
0759_0028_0057_0025_0025.jpg 1 28 57 25 25
0760_0016_0048_0031_0031.jpg 1 16 48 31 31
0761_0032_0011_0051_0051.jpg 1 32 11 51 51
0762_0011_0007_0069_0069.jpg 1 11 7 69 69
0763_0036_0040_0047_0047.jpg 1 36 40 47 47
0764_0022_0008_0059_0059.jpg 1 22 8 59 59
0765_0024_0027_0066_0066.jpg 1 24 27 66 66
0766_0013_0009_0058_0058.jpg 1 13 9 58 58
0767_0005_0027_0046_0046.jpg 1 5 27 46 46
0768_0043_0030_0027_0027.jpg 1 43 30 27 27
0769_0018_0013_0046_0046.jpg 1 18 13 46 46
0770_0056_0044_0025_0025.jpg 1 56 44 25 25
0771_0043_0013_0042_0042.jpg 1 43 13 42 42
0772_0040_0041_0049_0049.jpg 1 40 41 49 49
0773_0037_0043_0037_0037.jpg 1 37 43 37 37
0774_0017_0035_0055_0055.jpg 1 17 35 55 55
0775_0007_0016_0062_0062.jpg 1 7 16 62 62
0776_0033_0008_0026_0026.jpg 1 33 8 26 26
0777_0047_0041_0035_0035.jpg 1 47 41 35 35
0778_0049_0041_0044_0044.jpg 1 49 41 44 44
0779_0041_0030_0028_0028.jpg 1 41 30 28 28
0780_0008_0015_0038_0038.jpg 1 8 15 38 38
0781_0063_0033_0025_0025.jpg 1 63 33 25 25
0782_0019_0016_0063_0063.jpg 1 19 16 63 63
0783_0030_0052_0027_0027.jpg 1 30 52 27 27
0784_0007_0017_0069_0069.jpg 1 7 17 69 69
0785_0012_0028_0026_0026.jpg 1 12 28 26 26
0786_0028_0024_0036_0036.jpg 1 28 24 36 36
0787_0050_0046_0042_0042.jpg 1 50 46 42 42
0788_0046_0015_0041_0041.jpg 1 46 15 41 41
0789_0012_0035_0057_0057.jpg 1 12 35 57 57
0790_0006_0028_0057_0057.jpg 1 6 28 57 57
0791_0043_0047_0029_0029.jpg 1 43 47 29 29
0792_0020_0034_0056_0056.jpg 1 20 34 56 56
0793_0013_0017_0042_0042.jpg 1 13 17 42 42
0794_0050_0021_0036_0036.jpg 1 50 21 36 36
0795_0034_0006_0050_0050.jpg 1 34 6 50 50
0796_0003_0021_0067_0067.jpg 1 3 21 67 67
0797_0047_0029_0045_0045.jpg 1 47 29 45 45
0798_0030_0009_0046_0046.jpg 1 30 9 46 46
0799_0046_0012_0045_0045.jpg 1 46 12 45 45
0800_0036_0011_0032_0032.jpg 1 36 11 32 32
0801_0012_0026_0062_0062.jpg 1 12 26 62 62
0802_0050_0036_0025_0025.jpg 1 50 36 25 25
0803_0025_0027_0068_0068.jpg 1 25 27 68 68
0804_0007_0011_0025_0025.jpg 1 7 11 25 25
0805_0012_0024_0043_0043.jpg 1 12 24 43 43
0806_0012_0036_0045_0045.jpg 1 12 36 45 45
0807_0057_0049_0026_0026.jpg 1 57 49 26 26
0808_0009_0042_0025_0025.jpg 1 9 42 25 25
0809_0010_0017_0034_0034.jpg 1 10 17 34 34
0810_0008_0025_0056_0056.jpg 1 8 25 56 56
0811_0021_0021_0058_0058.jpg 1 21 21 58 58
0812_0021_0019_0049_0049.jpg 1 21 19 49 49
0813_0022_0031_0060_0060.jpg 1 22 31 60 60
0814_0046_0049_0044_0044.jpg 1 46 49 44 44
0815_0026_0056_0034_0034.jpg 1 26 56 34 34
0816_0026_0006_0050_0050.jpg 1 26 6 50 50
0817_0032_0037_0038_0038.jpg 1 32 37 38 38
0818_0010_0010_0041_0041.jpg 1 10 10 41 41
0819_0018_0017_0063_0063.jpg 1 18 17 63 63
0820_0035_0009_0044_0044.jpg 1 35 9 44 44
0821_0018_0034_0033_0033.jpg 1 18 34 33 33
0822_0020_0032_0060_0060.jpg 1 20 32 60 60
0823_0021_0028_0054_0054.jpg 1 21 28 54 54
0824_0023_0013_0058_0058.jpg 1 23 13 58 58
0825_0028_0035_0055_0055.jpg 1 28 35 55 55
0826_0008_0017_0051_0051.jpg 1 8 17 51 51
0827_0046_0014_0045_0045.jpg 1 46 14 45 45
0828_0031_0048_0040_0040.jpg 1 31 48 40 40
0829_0036_0023_0049_0049.jpg 1 36 23 49 49
0830_0009_0034_0046_0046.jpg 1 9 34 46 46
0831_0039_0026_0053_0053.jpg 1 39 26 53 53
0832_0026_0030_0062_0062.jpg 1 26 30 62 62
0833_0007_0047_0030_0030.jpg 1 7 47 30 30
0834_0009_0042_0049_0049.jpg 1 9 42 49 49
0835_0048_0028_0024_0024.jpg 1 48 28 24 24
0836_0019_0035_0057_0057.jpg 1 19 35 57 57
0837_0016_0006_0064_0064.jpg 1 16 6 64 64
0838_0012_0022_0050_0050.jpg 1 12 22 50 50
0839_0010_0026_0061_0061.jpg 1 10 26 61 61
0840_0041_0054_0032_0032.jpg 1 41 54 32 32
0841_0017_0021_0055_0055.jpg 1 17 21 55 55
0842_0017_0035_0058_0058.jpg 1 17 35 58 58
0843_0058_0054_0025_0025.jpg 1 58 54 25 25
0844_0051_0054_0029_0029.jpg 1 51 54 29 29
0845_0013_0016_0052_0052.jpg 1 13 16 52 52
0846_0014_0015_0065_0065.jpg 1 14 15 65 65
0847_0007_0010_0059_0059.jpg 1 7 10 59 59
0848_0032_0035_0038_0038.jpg 1 32 35 38 38
0849_0035_0005_0049_0049.jpg 1 35 5 49 49
0850_0029_0007_0046_0046.jpg 1 29 7 46 46
0851_0023_0021_0062_0062.jpg 1 23 21 62 62
0852_0033_0014_0048_0048.jpg 1 33 14 48 48
0853_0027_0023_0046_0046.jpg 1 27 23 46 46
0854_0035_0031_0060_0060.jpg 1 35 31 60 60
0855_0031_0009_0038_0038.jpg 1 31 9 38 38
0856_0017_0010_0065_0065.jpg 1 17 10 65 65
0857_0004_0012_0067_0067.jpg 1 4 12 67 67
0858_0020_0046_0033_0033.jpg 1 20 46 33 33
0859_0047_0046_0037_0037.jpg 1 47 46 37 37
0860_0005_0011_0051_0051.jpg 1 5 11 51 51
0861_0015_0022_0067_0067.jpg 1 15 22 67 67
0862_0020_0028_0060_0060.jpg 1 20 28 60 60
0863_0044_0047_0039_0039.jpg 1 44 47 39 39
0864_0026_0030_0058_0058.jpg 1 26 30 58 58
0865_0022_0015_0059_0059.jpg 1 22 15 59 59
0866_0025_0042_0050_0050.jpg 1 25 42 50 50
0867_0028_0031_0038_0038.jpg 1 28 31 38 38
0868_0037_0056_0029_0029.jpg 1 37 56 29 29
0869_0013_0036_0049_0049.jpg 1 13 36 49 49
0870_0024_0051_0029_0029.jpg 1 24 51 29 29
0871_0061_0061_0030_0030.jpg 1 61 61 30 30
0872_0019_0010_0048_0048.jpg 1 19 10 48 48
0873_0040_0037_0047_0047.jpg 1 40 37 47 47
0874_0013_0033_0047_0047.jpg 1 13 33 47 47
0875_0020_0012_0056_0056.jpg 1 20 12 56 56
0876_0025_0007_0032_0032.jpg 1 25 7 32 32
0877_0034_0015_0056_0056.jpg 1 34 15 56 56
0878_0016_0012_0067_0067.jpg 1 16 12 67 67
0879_0009_0005_0052_0052.jpg 1 9 5 52 52
0880_0029_0010_0061_0061.jpg 1 29 10 61 61
0881_0020_0013_0046_0046.jpg 1 20 13 46 46
0882_0025_0044_0034_0034.jpg 1 25 44 34 34
0883_0023_0027_0053_0053.jpg 1 23 27 53 53
0884_0020_0022_0052_0052.jpg 1 20 22 52 52
0885_0056_0022_0032_0032.jpg 1 56 22 32 32
0886_0030_0040_0041_0041.jpg 1 30 40 41 41
0887_0024_0028_0062_0062.jpg 1 24 28 62 62
0888_0028_0019_0057_0057.jpg 1 28 19 57 57
0889_0029_0028_0057_0057.jpg 1 29 28 57 57
0890_0020_0012_0061_0061.jpg 1 20 12 61 61
0891_0011_0022_0047_0047.jpg 1 11 22 47 47
0892_0027_0019_0068_0068.jpg 1 27 19 68 68
0893_0016_0026_0069_0069.jpg 1 16 26 69 69
0894_0041_0045_0030_0030.jpg 1 41 45 30 30
0895_0028_0010_0048_0048.jpg 1 28 10 48 48
0896_0012_0028_0065_0065.jpg 1 12 28 65 65
0897_0009_0038_0046_0046.jpg 1 9 38 46 46
0898_0005_0037_0056_0056.jpg 1 5 37 56 56
0899_0022_0019_0032_0032.jpg 1 22 19 32 32
0900_0043_0009_0045_0045.jpg 1 43 9 45 45
0901_0014_0029_0062_0062.jpg 1 14 29 62 62
0902_0014_0014_0048_0048.jpg 1 14 14 48 48
0903_0028_0026_0066_0066.jpg 1 28 26 66 66
0904_0030_0012_0025_0025.jpg 1 30 12 25 25
0905_0028_0033_0052_0052.jpg 1 28 33 52 52
0906_0038_0041_0052_0052.jpg 1 38 41 52 52
0907_0027_0006_0063_0063.jpg 1 27 6 63 63
0908_0027_0009_0067_0067.jpg 1 27 9 67 67
0909_0009_0024_0069_0069.jpg 1 9 24 69 69
0910_0016_0024_0058_0058.jpg 1 16 24 58 58
0911_0022_0043_0048_0048.jpg 1 22 43 48 48
0912_0010_0011_0060_0060.jpg 1 10 11 60 60
0913_0020_0012_0069_0069.jpg 1 20 12 69 69
0914_0056_0018_0030_0030.jpg 1 56 18 30 30
0915_0012_0016_0060_0060.jpg 1 12 16 60 60
0916_0023_0042_0041_0041.jpg 1 23 42 41 41
0917_0028_0045_0024_0024.jpg 1 28 45 24 24
0918_0021_0007_0064_0064.jpg 1 21 7 64 64
0919_0006_0044_0042_0042.jpg 1 6 44 42 42
0920_0011_0024_0062_0062.jpg 1 11 24 62 62
0921_0020_0049_0033_0033.jpg 1 20 49 33 33
0922_0032_0006_0060_0060.jpg 1 32 6 60 60
0923_0023_0037_0049_0049.jpg 1 23 37 49 49
0924_0025_0024_0050_0050.jpg 1 25 24 50 50
0925_0013_0020_0065_0065.jpg 1 13 20 65 65
0926_0019_0027_0060_0060.jpg 1 19 27 60 60
0927_0054_0020_0027_0027.jpg 1 54 20 27 27
0928_0026_0037_0043_0043.jpg 1 26 37 43 43
0929_0053_0043_0031_0031.jpg 1 53 43 31 31
0930_0023_0025_0050_0050.jpg 1 23 25 50 50
0931_0026_0021_0043_0043.jpg 1 26 21 43 43
0932_0014_0018_0062_0062.jpg 1 14 18 62 62
0933_0037_0028_0050_0050.jpg 1 37 28 50 50
0934_0032_0011_0059_0059.jpg 1 32 11 59 59
0935_0054_0039_0036_0036.jpg 1 54 39 36 36
0936_0012_0014_0026_0026.jpg 1 12 14 26 26
0937_0020_0005_0063_0063.jpg 1 20 5 63 63
0938_0034_0014_0034_0034.jpg 1 34 14 34 34
0939_0006_0031_0062_0062.jpg 1 6 31 62 62
0940_0031_0044_0034_0034.jpg 1 31 44 34 34
0941_0057_0045_0033_0033.jpg 1 57 45 33 33
0942_0015_0021_0034_0034.jpg 1 15 21 34 34
0943_0041_0015_0031_0031.jpg 1 41 15 31 31
0944_0024_0004_0056_0056.jpg 1 24 4 56 56
0945_0038_0048_0043_0043.jpg 1 38 48 43 43
0946_0030_0028_0061_0061.jpg 1 30 28 61 61
0947_0051_0022_0039_0039.jpg 1 51 22 39 39
0948_0018_0048_0029_0029.jpg 1 18 48 29 29
0949_0035_0027_0040_0040.jpg 1 35 27 40 40
0950_0010_0003_0067_0067.jpg 1 10 3 67 67
0951_0044_0031_0033_0033.jpg 1 44 31 33 33
0952_0036_0016_0050_0050.jpg 1 36 16 50 50
0953_0023_0046_0037_0037.jpg 1 23 46 37 37
0954_0024_0047_0045_0045.jpg 1 24 47 45 45
0955_0025_0009_0060_0060.jpg 1 25 9 60 60
0956_0021_0007_0069_0069.jpg 1 21 7 69 69
0957_0008_0040_0055_0055.jpg 1 8 40 55 55
0958_0059_0045_0026_0026.jpg 1 59 45 26 26
0959_0003_0024_0069_0069.jpg 1 3 24 69 69
0960_0018_0009_0046_0046.jpg 1 18 9 46 46
0961_0032_0022_0042_0042.jpg 1 32 22 42 42
0962_0025_0031_0037_0037.jpg 1 25 31 37 37
0963_0043_0026_0044_0044.jpg 1 43 26 44 44
0964_0018_0025_0068_0068.jpg 1 18 25 68 68
0965_0012_0021_0032_0032.jpg 1 12 21 32 32
0966_0061_0045_0030_0030.jpg 1 61 45 30 30
0967_0020_0062_0026_0026.jpg 1 20 62 26 26
0968_0029_0028_0042_0042.jpg 1 29 28 42 42
0969_0034_0032_0053_0053.jpg 1 34 32 53 53
0970_0036_0009_0044_0044.jpg 1 36 9 44 44
0971_0012_0026_0056_0056.jpg 1 12 26 56 56
0972_0033_0041_0051_0051.jpg 1 33 41 51 51
0973_0028_0040_0052_0052.jpg 1 28 40 52 52
0974_0057_0026_0030_0030.jpg 1 57 26 30 30
0975_0019_0041_0031_0031.jpg 1 19 41 31 31
0976_0068_0020_0024_0024.jpg 1 68 20 24 24
0977_0010_0008_0051_0051.jpg 1 10 8 51 51
0978_0041_0011_0040_0040.jpg 1 41 11 40 40
0979_0007_0028_0065_0065.jpg 1 7 28 65 65
0980_0033_0024_0043_0043.jpg 1 33 24 43 43
0981_0009_0039_0038_0038.jpg 1 9 39 38 38
0982_0005_0028_0060_0060.jpg 1 5 28 60 60
0983_0007_0035_0044_0044.jpg 1 7 35 44 44
0984_0027_0007_0062_0062.jpg 1 27 7 62 62
0985_0032_0019_0040_0040.jpg 1 32 19 40 40
0986_0012_0032_0036_0036.jpg 1 12 32 36 36
0987_0049_0053_0040_0040.jpg 1 49 53 40 40
0988_0013_0031_0055_0055.jpg 1 13 31 55 55
0989_0036_0056_0031_0031.jpg 1 36 56 31 31
0990_0014_0031_0045_0045.jpg 1 14 31 45 45
0991_0026_0041_0043_0043.jpg 1 26 41 43 43
0992_0055_0054_0034_0034.jpg 1 55 54 34 34
0993_0008_0016_0069_0069.jpg 1 8 16 69 69
0994_0021_0044_0029_0029.jpg 1 21 44 29 29
0995_0006_0007_0047_0047.jpg 1 6 7 47 47
0996_0036_0012_0045_0045.jpg 1 36 12 45 45
0997_0039_0050_0036_0036.jpg 1 39 50 36 36
0998_0032_0030_0024_0024.jpg 1 32 30 24 24
0999_0026_0019_0048_0048.jpg 1 26 19 48 48
1000_0009_0011_0067_0067.jpg 1 9 11 67 67
1001_0012_0036_0035_0035.jpg 1 12 36 35 35
1002_0025_0031_0031_0031.jpg 1 25 31 31 31
1003_0014_0019_0066_0066.jpg 1 14 19 66 66
1004_0035_0024_0049_0049.jpg 1 35 24 49 49
1005_0030_0032_0061_0061.jpg 1 30 32 61 61
1006_0007_0033_0054_0054.jpg 1 7 33 54 54
1007_0031_0020_0063_0063.jpg 1 31 20 63 63
1008_0044_0028_0027_0027.jpg 1 44 28 27 27
1009_0030_0024_0051_0051.jpg 1 30 24 51 51
1010_0034_0035_0043_0043.jpg 1 34 35 43 43
1011_0015_0033_0062_0062.jpg 1 15 33 62 62
1012_0017_0017_0055_0055.jpg 1 17 17 55 55
1013_0042_0055_0026_0026.jpg 1 42 55 26 26
1014_0024_0027_0060_0060.jpg 1 24 27 60 60
1015_0026_0009_0062_0062.jpg 1 26 9 62 62
1016_0035_0015_0045_0045.jpg 1 35 15 45 45
1017_0021_0057_0030_0030.jpg 1 21 57 30 30
1018_0006_0024_0043_0043.jpg 1 6 24 43 43
1019_0025_0005_0052_0052.jpg 1 25 5 52 52
1020_0035_0011_0056_0056.jpg 1 35 11 56 56
1021_0046_0053_0035_0035.jpg 1 46 53 35 35
1022_0035_0028_0029_0029.jpg 1 35 28 29 29
1023_0018_0022_0030_0030.jpg 1 18 22 30 30
1024_0049_0024_0043_0043.jpg 1 49 24 43 43
1025_0026_0007_0068_0068.jpg 1 26 7 68 68
1026_0015_0059_0026_0026.jpg 1 15 59 26 26
1027_0034_0013_0057_0057.jpg 1 34 13 57 57
1028_0022_0039_0045_0045.jpg 1 22 39 45 45
1029_0034_0017_0059_0059.jpg 1 34 17 59 59
1030_0026_0033_0031_0031.jpg 1 26 33 31 31
1031_0028_0029_0027_0027.jpg 1 28 29 27 27
1032_0041_0021_0035_0035.jpg 1 41 21 35 35
1033_0017_0018_0046_0046.jpg 1 17 18 46 46
1034_0006_0022_0068_0068.jpg 1 6 22 68 68
1035_0034_0015_0041_0041.jpg 1 34 15 41 41
1036_0015_0009_0060_0060.jpg 1 15 9 60 60
1037_0013_0009_0065_0065.jpg 1 13 9 65 65
1038_0008_0005_0048_0048.jpg 1 8 5 48 48
1039_0044_0011_0024_0024.jpg 1 44 11 24 24
1040_0007_0045_0029_0029.jpg 1 7 45 29 29
1041_0036_0027_0055_0055.jpg 1 36 27 55 55
1042_0008_0017_0037_0037.jpg 1 8 17 37 37
1043_0015_0014_0050_0050.jpg 1 15 14 50 50
1044_0031_0013_0050_0050.jpg 1 31 13 50 50
1045_0017_0048_0039_0039.jpg 1 17 48 39 39
1046_0030_0045_0040_0040.jpg 1 30 45 40 40
1047_0054_0057_0024_0024.jpg 1 54 57 24 24
1048_0033_0005_0053_0053.jpg 1 33 5 53 53
1049_0012_0015_0058_0058.jpg 1 12 15 58 58
1050_0016_0012_0036_0036.jpg 1 16 12 36 36
1051_0042_0048_0043_0043.jpg 1 42 48 43 43
1052_0020_0034_0057_0057.jpg 1 20 34 57 57
1053_0036_0041_0052_0052.jpg 1 36 41 52 52
1054_0039_0047_0046_0046.jpg 1 39 47 46 46
1055_0021_0030_0043_0043.jpg 1 21 30 43 43
1056_0040_0035_0046_0046.jpg 1 40 35 46 46
1057_0043_0026_0043_0043.jpg 1 43 26 43 43
1058_0027_0021_0042_0042.jpg 1 27 21 42 42
1059_0030_0043_0039_0039.jpg 1 30 43 39 39
1060_0007_0028_0048_0048.jpg 1 7 28 48 48
1061_0026_0006_0039_0039.jpg 1 26 6 39 39
1062_0011_0014_0030_0030.jpg 1 11 14 30 30
1063_0030_0026_0058_0058.jpg 1 30 26 58 58
1064_0029_0018_0055_0055.jpg 1 29 18 55 55
1065_0012_0004_0064_0064.jpg 1 12 4 64 64
1066_0005_0039_0051_0051.jpg 1 5 39 51 51
1067_0049_0028_0040_0040.jpg 1 49 28 40 40
1068_0049_0057_0036_0036.jpg 1 49 57 36 36
1069_0031_0045_0031_0031.jpg 1 31 45 31 31
1070_0022_0024_0069_0069.jpg 1 22 24 69 69
1071_0008_0015_0059_0059.jpg 1 8 15 59 59
1072_0017_0022_0062_0062.jpg 1 17 22 62 62
1073_0014_0007_0069_0069.jpg 1 14 7 69 69
1074_0043_0036_0030_0030.jpg 1 43 36 30 30
1075_0023_0014_0063_0063.jpg 1 23 14 63 63
1076_0042_0032_0046_0046.jpg 1 42 32 46 46
1077_0051_0029_0027_0027.jpg 1 51 29 27 27
1078_0051_0029_0036_0036.jpg 1 51 29 36 36
1079_0012_0007_0049_0049.jpg 1 12 7 49 49
1080_0026_0009_0058_0058.jpg 1 26 9 58 58
1081_0020_0018_0051_0051.jpg 1 20 18 51 51
1082_0029_0040_0049_0049.jpg 1 29 40 49 49
1083_0040_0018_0043_0043.jpg 1 40 18 43 43
1084_0008_0009_0061_0061.jpg 1 8 9 61 61
1085_0018_0030_0064_0064.jpg 1 18 30 64 64
1086_0010_0022_0065_0065.jpg 1 10 22 65 65
1087_0010_0029_0049_0049.jpg 1 10 29 49 49
1088_0036_0019_0056_0056.jpg 1 36 19 56 56
1089_0031_0031_0038_0038.jpg 1 31 31 38 38
1090_0010_0050_0042_0042.jpg 1 10 50 42 42
1091_0018_0015_0066_0066.jpg 1 18 15 66 66
1092_0017_0041_0052_0052.jpg 1 17 41 52 52
1093_0031_0020_0036_0036.jpg 1 31 20 36 36
1094_0017_0039_0042_0042.jpg 1 17 39 42 42
1095_0015_0025_0034_0034.jpg 1 15 25 34 34
1096_0015_0018_0063_0063.jpg 1 15 18 63 63
1097_0034_0045_0043_0043.jpg 1 34 45 43 43
1098_0043_0040_0037_0037.jpg 1 43 40 37 37
1099_0006_0005_0069_0069.jpg 1 6 5 69 69
1100_0009_0009_0069_0069.jpg 1 9 9 69 69
1101_0007_0028_0066_0066.jpg 1 7 28 66 66
1102_0020_0035_0046_0046.jpg 1 20 35 46 46
1103_0013_0018_0034_0034.jpg 1 13 18 34 34
1104_0034_0029_0029_0029.jpg 1 34 29 29 29
1105_0049_0030_0035_0035.jpg 1 49 30 35 35
1106_0022_0029_0065_0065.jpg 1 22 29 65 65
1107_0018_0041_0041_0041.jpg 1 18 41 41 41
1108_0008_0013_0032_0032.jpg 1 8 13 32 32
1109_0005_0009_0067_0067.jpg 1 5 9 67 67
1110_0023_0010_0033_0033.jpg 1 23 10 33 33
1111_0044_0021_0042_0042.jpg 1 44 21 42 42
1112_0020_0007_0033_0033.jpg 1 20 7 33 33
1113_0043_0020_0025_0025.jpg 1 43 20 25 25
1114_0007_0012_0040_0040.jpg 1 7 12 40 40
1115_0039_0059_0032_0032.jpg 1 39 59 32 32
1116_0016_0026_0068_0068.jpg 1 16 26 68 68
1117_0025_0026_0028_0028.jpg 1 25 26 28 28
1118_0023_0018_0065_0065.jpg 1 23 18 65 65
1119_0011_0030_0041_0041.jpg 1 11 30 41 41
1120_0037_0026_0055_0055.jpg 1 37 26 55 55
1121_0016_0016_0051_0051.jpg 1 16 16 51 51
1122_0025_0038_0051_0051.jpg 1 25 38 51 51
1123_0067_0044_0024_0024.jpg 1 67 44 24 24
1124_0012_0008_0046_0046.jpg 1 12 8 46 46
1125_0041_0031_0046_0046.jpg 1 41 31 46 46
1126_0029_0030_0066_0066.jpg 1 29 30 66 66
1127_0048_0018_0025_0025.jpg 1 48 18 25 25
1128_0029_0018_0046_0046.jpg 1 29 18 46 46
1129_0006_0030_0054_0054.jpg 1 6 30 54 54
1130_0029_0030_0057_0057.jpg 1 29 30 57 57
1131_0030_0031_0044_0044.jpg 1 30 31 44 44
1132_0032_0017_0057_0057.jpg 1 32 17 57 57
1133_0008_0005_0061_0061.jpg 1 8 5 61 61
1134_0008_0012_0067_0067.jpg 1 8 12 67 67
1135_0021_0047_0040_0040.jpg 1 21 47 40 40
1136_0026_0036_0052_0052.jpg 1 26 36 52 52
1137_0020_0028_0050_0050.jpg 1 20 28 50 50
1138_0037_0033_0026_0026.jpg 1 37 33 26 26
1139_0007_0040_0055_0055.jpg 1 7 40 55 55
1140_0009_0028_0052_0052.jpg 1 9 28 52 52
1141_0009_0046_0030_0030.jpg 1 9 46 30 30
1142_0029_0024_0052_0052.jpg 1 29 24 52 52
1143_0037_0020_0044_0044.jpg 1 37 20 44 44
1144_0049_0029_0037_0037.jpg 1 49 29 37 37
1145_0014_0019_0026_0026.jpg 1 14 19 26 26
1146_0053_0055_0037_0037.jpg 1 53 55 37 37
1147_0013_0010_0055_0055.jpg 1 13 10 55 55
1148_0040_0022_0038_0038.jpg 1 40 22 38 38
1149_0009_0041_0043_0043.jpg 1 9 41 43 43
1150_0028_0009_0064_0064.jpg 1 28 9 64 64
1151_0028_0010_0025_0025.jpg 1 28 10 25 25
1152_0041_0020_0052_0052.jpg 1 41 20 52 52
1153_0008_0033_0048_0048.jpg 1 8 33 48 48
1154_0021_0020_0034_0034.jpg 1 21 20 34 34
1155_0008_0042_0036_0036.jpg 1 8 42 36 36
1156_0044_0011_0040_0040.jpg 1 44 11 40 40
1157_0014_0027_0053_0053.jpg 1 14 27 53 53
1158_0019_0013_0058_0058.jpg 1 19 13 58 58
1159_0019_0014_0061_0061.jpg 1 19 14 61 61
1160_0005_0009_0057_0057.jpg 1 5 9 57 57
1161_0039_0010_0047_0047.jpg 1 39 10 47 47
1162_0023_0031_0062_0062.jpg 1 23 31 62 62
1163_0021_0030_0059_0059.jpg 1 21 30 59 59
1164_0022_0024_0053_0053.jpg 1 22 24 53 53
1165_0045_0014_0034_0034.jpg 1 45 14 34 34
1166_0061_0007_0029_0029.jpg 1 61 7 29 29
1167_0013_0027_0069_0069.jpg 1 13 27 69 69
1168_0010_0015_0069_0069.jpg 1 10 15 69 69
1169_0043_0037_0044_0044.jpg 1 43 37 44 44
1170_0013_0018_0057_0057.jpg 1 13 18 57 57
1171_0018_0026_0045_0045.jpg 1 18 26 45 45
1172_0027_0013_0055_0055.jpg 1 27 13 55 55
1173_0017_0013_0068_0068.jpg 1 17 13 68 68
1174_0050_0042_0034_0034.jpg 1 50 42 34 34
1175_0020_0026_0047_0047.jpg 1 20 26 47 47
1176_0023_0020_0036_0036.jpg 1 23 20 36 36
1177_0021_0031_0047_0047.jpg 1 21 31 47 47
1178_0055_0056_0030_0030.jpg 1 55 56 30 30
1179_0003_0009_0068_0068.jpg 1 3 9 68 68
1180_0053_0027_0027_0027.jpg 1 53 27 27 27
1181_0013_0023_0059_0059.jpg 1 13 23 59 59
1182_0035_0038_0033_0033.jpg 1 35 38 33 33
1183_0039_0031_0034_0034.jpg 1 39 31 34 34
1184_0013_0042_0027_0027.jpg 1 13 42 27 27
1185_0031_0034_0041_0041.jpg 1 31 34 41 41
1186_0009_0011_0032_0032.jpg 1 9 11 32 32
1187_0014_0009_0048_0048.jpg 1 14 9 48 48
1188_0019_0017_0068_0068.jpg 1 19 17 68 68
1189_0050_0060_0027_0027.jpg 1 50 60 27 27
1190_0026_0019_0049_0049.jpg 1 26 19 49 49
1191_0031_0024_0052_0052.jpg 1 31 24 52 52
1192_0012_0021_0057_0057.jpg 1 12 21 57 57
1193_0050_0026_0033_0033.jpg 1 50 26 33 33
1194_0018_0007_0052_0052.jpg 1 18 7 52 52
1195_0008_0044_0050_0050.jpg 1 8 44 50 50
1196_0015_0014_0067_0067.jpg 1 15 14 67 67
1197_0028_0005_0058_0058.jpg 1 28 5 58 58
1198_0013_0033_0040_0040.jpg 1 13 33 40 40
1199_0020_0017_0031_0031.jpg 1 20 17 31 31
1200_0023_0012_0065_0065.jpg 1 23 12 65 65
1201_0010_0026_0063_0063.jpg 1 10 26 63 63
1202_0016_0019_0031_0031.jpg 1 16 19 31 31
1203_0017_0019_0049_0049.jpg 1 17 19 49 49
1204_0009_0044_0040_0040.jpg 1 9 44 40 40
1205_0010_0021_0062_0062.jpg 1 10 21 62 62
1206_0015_0013_0028_0028.jpg 1 15 13 28 28
1207_0014_0038_0040_0040.jpg 1 14 38 40 40
1208_0009_0022_0063_0063.jpg 1 9 22 63 63
1209_0028_0020_0035_0035.jpg 1 28 20 35 35
1210_0017_0029_0065_0065.jpg 1 17 29 65 65
1211_0005_0009_0068_0068.jpg 1 5 9 68 68
1212_0012_0026_0054_0054.jpg 1 12 26 54 54
1213_0029_0015_0061_0061.jpg 1 29 15 61 61
1214_0030_0052_0040_0040.jpg 1 30 52 40 40
1215_0010_0014_0066_0066.jpg 1 10 14 66 66
1216_0005_0030_0049_0049.jpg 1 5 30 49 49
1217_0036_0033_0030_0030.jpg 1 36 33 30 30
1218_0011_0034_0049_0049.jpg 1 11 34 49 49
1219_0010_0036_0048_0048.jpg 1 10 36 48 48
1220_0019_0005_0050_0050.jpg 1 19 5 50 50
1221_0015_0021_0043_0043.jpg 1 15 21 43 43
1222_0026_0020_0027_0027.jpg 1 26 20 27 27
1223_0021_0028_0052_0052.jpg 1 21 28 52 52
1224_0054_0047_0025_0025.jpg 1 54 47 25 25
1225_0023_0031_0039_0039.jpg 1 23 31 39 39
1226_0288_0053_0114_0114.jpg 1 288 53 114 114
1227_0011_0042_0052_0052.jpg 1 11 42 52 52
1228_0047_0041_0045_0045.jpg 1 47 41 45 45
1229_0025_0016_0040_0040.jpg 1 25 16 40 40
1230_0024_0029_0062_0062.jpg 1 24 29 62 62
1231_0032_0028_0058_0058.jpg 1 32 28 58 58
1232_0004_0011_0061_0061.jpg 1 4 11 61 61
1233_0032_0029_0047_0047.jpg 1 32 29 47 47
1234_0010_0060_0029_0029.jpg 1 10 60 29 29
1235_0046_0012_0043_0043.jpg 1 46 12 43 43
1236_0032_0047_0044_0044.jpg 1 32 47 44 44
1237_0042_0044_0035_0035.jpg 1 42 44 35 35
1238_0028_0051_0028_0028.jpg 1 28 51 28 28
1239_0015_0053_0038_0038.jpg 1 15 53 38 38
1240_0043_0049_0044_0044.jpg 1 43 49 44 44
1241_0017_0025_0066_0066.jpg 1 17 25 66 66
1242_0051_0023_0036_0036.jpg 1 51 23 36 36
1243_0014_0009_0033_0033.jpg 1 14 9 33 33
1244_0016_0004_0069_0069.jpg 1 16 4 69 69
1245_0036_0043_0043_0043.jpg 1 36 43 43 43
1246_0028_0043_0046_0046.jpg 1 28 43 46 46
1247_0037_0017_0028_0028.jpg 1 37 17 28 28
1248_0011_0026_0060_0060.jpg 1 11 26 60 60
1249_0044_0022_0034_0034.jpg 1 44 22 34 34
1250_0059_0025_0026_0026.jpg 1 59 25 26 26
1251_0022_0028_0037_0037.jpg 1 22 28 37 37
1252_0010_0040_0053_0053.jpg 1 10 40 53 53
1253_0011_0038_0053_0053.jpg 1 11 38 53 53
1254_0063_0015_0024_0024.jpg 1 63 15 24 24
1255_0026_0029_0061_0061.jpg 1 26 29 61 61
1256_0048_0034_0030_0030.jpg 1 48 34 30 30
1257_0032_0042_0039_0039.jpg 1 32 42 39 39
1258_0035_0013_0054_0054.jpg 1 35 13 54 54
1259_0010_0006_0041_0041.jpg 1 10 6 41 41
1260_0013_0032_0061_0061.jpg 1 13 32 61 61
1261_0022_0018_0033_0033.jpg 1 22 18 33 33
1262_0020_0038_0046_0046.jpg 1 20 38 46 46
1263_0015_0013_0062_0062.jpg 1 15 13 62 62
1264_0021_0021_0067_0067.jpg 1 21 21 67 67
1265_0043_0023_0040_0040.jpg 1 43 23 40 40
1266_0009_0027_0040_0040.jpg 1 9 27 40 40
1267_0019_0023_0065_0065.jpg 1 19 23 65 65
1268_0016_0045_0025_0025.jpg 1 16 45 25 25
1269_0027_0012_0056_0056.jpg 1 27 12 56 56
1270_0031_0058_0035_0035.jpg 1 31 58 35 35
1271_0004_0026_0064_0064.jpg 1 4 26 64 64
1272_0055_0051_0038_0038.jpg 1 55 51 38 38
1273_0033_0015_0062_0062.jpg 1 33 15 62 62
1274_0019_0010_0061_0061.jpg 1 19 10 61 61
1275_0034_0004_0060_0060.jpg 1 34 4 60 60
1276_0021_0026_0041_0041.jpg 1 21 26 41 41
1277_0050_0009_0024_0024.jpg 1 50 9 24 24
1278_0012_0026_0050_0050.jpg 1 12 26 50 50
1279_0011_0008_0033_0033.jpg 1 11 8 33 33
1280_0015_0047_0027_0027.jpg 1 15 47 27 27
1281_0022_0012_0055_0055.jpg 1 22 12 55 55
1282_0041_0053_0026_0026.jpg 1 41 53 26 26
1283_0048_0061_0031_0031.jpg 1 48 61 31 31
1284_0051_0055_0025_0025.jpg 1 51 55 25 25
1285_0054_0020_0030_0030.jpg 1 54 20 30 30
1286_0042_0055_0038_0038.jpg 1 42 55 38 38
1287_0013_0021_0063_0063.jpg 1 13 21 63 63
1288_0017_0030_0056_0056.jpg 1 17 30 56 56
1289_0021_0017_0053_0053.jpg 1 21 17 53 53
1290_0007_0036_0047_0047.jpg 1 7 36 47 47
1291_0026_0053_0037_0037.jpg 1 26 53 37 37
1292_0022_0022_0069_0069.jpg 1 22 22 69 69
1293_0014_0018_0069_0069.jpg 1 14 18 69 69
1294_0029_0022_0044_0044.jpg 1 29 22 44 44
1295_0018_0033_0060_0060.jpg 1 18 33 60 60
1296_0029_0041_0048_0048.jpg 1 29 41 48 48
1297_0007_0013_0028_0028.jpg 1 7 13 28 28
1298_0035_0006_0051_0051.jpg 1 35 6 51 51
1299_0014_0037_0025_0025.jpg 1 14 37 25 25
1300_0044_0028_0043_0043.jpg 1 44 28 43 43
1301_0011_0024_0066_0066.jpg 1 11 24 66 66
1302_0020_0025_0043_0043.jpg 1 20 25 43 43
1303_0005_0025_0069_0069.jpg 1 5 25 69 69
1304_0026_0010_0048_0048.jpg 1 26 10 48 48
1305_0014_0015_0064_0064.jpg 1 14 15 64 64
1306_0020_0047_0037_0037.jpg 1 20 47 37 37
1307_0035_0018_0051_0051.jpg 1 35 18 51 51
1308_0040_0034_0029_0029.jpg 1 40 34 29 29
1309_0011_0045_0044_0044.jpg 1 11 45 44 44
1310_0025_0029_0047_0047.jpg 1 25 29 47 47
1311_0023_0028_0030_0030.jpg 1 23 28 30 30
1312_0007_0007_0069_0069.jpg 1 7 7 69 69
1313_0007_0012_0062_0062.jpg 1 7 12 62 62
1314_0009_0061_0026_0026.jpg 1 9 61 26 26
1315_0010_0025_0063_0063.jpg 1 10 25 63 63
1316_0048_0025_0037_0037.jpg 1 48 25 37 37
1317_0018_0023_0055_0055.jpg 1 18 23 55 55
1318_0021_0051_0031_0031.jpg 1 21 51 31 31
1319_0015_0032_0037_0037.jpg 1 15 32 37 37
1320_0004_0020_0063_0063.jpg 1 4 20 63 63
1321_0025_0023_0030_0030.jpg 1 25 23 30 30
1322_0008_0009_0068_0068.jpg 1 8 9 68 68
1323_0015_0031_0046_0046.jpg 1 15 31 46 46
1324_0021_0034_0043_0043.jpg 1 21 34 43 43
1325_0018_0013_0066_0066.jpg 1 18 13 66 66
1326_0037_0020_0047_0047.jpg 1 37 20 47 47
1327_0013_0026_0049_0049.jpg 1 13 26 49 49
1328_0043_0025_0033_0033.jpg 1 43 25 33 33
1329_0017_0022_0069_0069.jpg 1 17 22 69 69
1330_0032_0006_0061_0061.jpg 1 32 6 61 61
1331_0031_0015_0043_0043.jpg 1 31 15 43 43
1332_0005_0024_0048_0048.jpg 1 5 24 48 48
1333_0020_0026_0052_0052.jpg 1 20 26 52 52
1334_0016_0023_0031_0031.jpg 1 16 23 31 31
1335_0019_0015_0052_0052.jpg 1 19 15 52 52
1336_0013_0029_0026_0026.jpg 1 13 29 26 26
1337_0030_0059_0030_0030.jpg 1 30 59 30 30
1338_0013_0029_0057_0057.jpg 1 13 29 57 57
1339_0034_0050_0042_0042.jpg 1 34 50 42 42
1340_0008_0013_0066_0066.jpg 1 8 13 66 66
1341_0034_0027_0061_0061.jpg 1 34 27 61 61
1342_0034_0045_0024_0024.jpg 1 34 45 24 24
1343_0010_0046_0034_0034.jpg 1 10 46 34 34
1344_0030_0008_0039_0039.jpg 1 30 8 39 39
1345_0009_0023_0066_0066.jpg 1 9 23 66 66
1346_0050_0038_0044_0044.jpg 1 50 38 44 44
1347_0019_0030_0044_0044.jpg 1 19 30 44 44
1348_0018_0029_0059_0059.jpg 1 18 29 59 59
1349_0049_0034_0024_0024.jpg 1 49 34 24 24
1350_0015_0035_0033_0033.jpg 1 15 35 33 33
1351_0027_0027_0038_0038.jpg 1 27 27 38 38
1352_0013_0043_0037_0037.jpg 1 13 43 37 37
1353_0044_0026_0025_0025.jpg 1 44 26 25 25
1354_0018_0024_0045_0045.jpg 1 18 24 45 45
1355_0009_0017_0064_0064.jpg 1 9 17 64 64
1356_0035_0023_0044_0044.jpg 1 35 23 44 44
1357_0020_0015_0068_0068.jpg 1 20 15 68 68
1358_0021_0006_0069_0069.jpg 1 21 6 69 69
1359_0031_0047_0047_0047.jpg 1 31 47 47 47
1360_0022_0029_0065_0065.jpg 1 22 29 65 65
1361_0018_0011_0059_0059.jpg 1 18 11 59 59
1362_0032_0031_0052_0052.jpg 1 32 31 52 52
1363_0029_0025_0028_0028.jpg 1 29 25 28 28
1364_0012_0024_0054_0054.jpg 1 12 24 54 54
1365_0022_0031_0054_0054.jpg 1 22 31 54 54
1366_0010_0005_0059_0059.jpg 1 10 5 59 59
1367_0029_0025_0029_0029.jpg 1 29 25 29 29
1368_0029_0003_0065_0065.jpg 1 29 3 65 65
1369_0033_0037_0030_0030.jpg 1 33 37 30 30
1370_0014_0027_0059_0059.jpg 1 14 27 59 59
1371_0009_0037_0049_0049.jpg 1 9 37 49 49
1372_0008_0019_0066_0066.jpg 1 8 19 66 66
1373_0006_0008_0047_0047.jpg 1 6 8 47 47
1374_0052_0030_0038_0038.jpg 1 52 30 38 38
1375_0009_0006_0056_0056.jpg 1 9 6 56 56
1376_0047_0056_0026_0026.jpg 1 47 56 26 26
1377_0005_0022_0063_0063.jpg 1 5 22 63 63
1378_0004_0013_0059_0059.jpg 1 4 13 59 59
1379_0020_0039_0053_0053.jpg 1 20 39 53 53
1380_0026_0004_0065_0065.jpg 1 26 4 65 65
1381_0013_0027_0061_0061.jpg 1 13 27 61 61
1382_0036_0021_0045_0045.jpg 1 36 21 45 45
1383_0010_0011_0061_0061.jpg 1 10 11 61 61
1384_0050_0048_0039_0039.jpg 1 50 48 39 39
1385_0036_0028_0033_0033.jpg 1 36 28 33 33
1386_0035_0020_0035_0035.jpg 1 35 20 35 35
1387_0010_0022_0067_0067.jpg 1 10 22 67 67
1388_0011_0006_0056_0056.jpg 1 11 6 56 56
1389_0022_0045_0029_0029.jpg 1 22 45 29 29
1390_0011_0049_0041_0041.jpg 1 11 49 41 41
1391_0033_0045_0049_0049.jpg 1 33 45 49 49
1392_0017_0022_0068_0068.jpg 1 17 22 68 68
1393_0043_0008_0036_0036.jpg 1 43 8 36 36
1394_0041_0049_0028_0028.jpg 1 41 49 28 28
1395_0025_0022_0049_0049.jpg 1 25 22 49 49
1396_0024_0028_0036_0036.jpg 1 24 28 36 36
1397_0014_0043_0040_0040.jpg 1 14 43 40 40
1398_0020_0019_0069_0069.jpg 1 20 19 69 69
1399_0006_0003_0065_0065.jpg 1 6 3 65 65
1400_0041_0009_0027_0027.jpg 1 41 9 27 27
1401_0026_0052_0033_0033.jpg 1 26 52 33 33
1402_0024_0054_0039_0039.jpg 1 24 54 39 39
1403_0021_0005_0059_0059.jpg 1 21 5 59 59
1404_0042_0019_0048_0048.jpg 1 42 19 48 48
1405_0046_0018_0040_0040.jpg 1 46 18 40 40
1406_0031_0021_0036_0036.jpg 1 31 21 36 36
1407_0026_0022_0064_0064.jpg 1 26 22 64 64
1408_0024_0040_0033_0033.jpg 1 24 40 33 33
1409_0005_0019_0059_0059.jpg 1 5 19 59 59
1410_0020_0021_0065_0065.jpg 1 20 21 65 65
1411_0015_0009_0066_0066.jpg 1 15 9 66 66
1412_0005_0015_0069_0069.jpg 1 5 15 69 69
1413_0034_0015_0025_0025.jpg 1 34 15 25 25
1414_0042_0062_0026_0026.jpg 1 42 62 26 26
1415_0035_0045_0049_0049.jpg 1 35 45 49 49
1416_0023_0045_0035_0035.jpg 1 23 45 35 35
1417_0005_0034_0060_0060.jpg 1 5 34 60 60
1418_0016_0016_0068_0068.jpg 1 16 16 68 68
1419_0009_0028_0035_0035.jpg 1 9 28 35 35
1420_0040_0030_0050_0050.jpg 1 40 30 50 50
1421_0014_0025_0053_0053.jpg 1 14 25 53 53
1422_0034_0030_0057_0057.jpg 1 34 30 57 57
1423_0044_0032_0040_0040.jpg 1 44 32 40 40
1424_0029_0025_0028_0028.jpg 1 29 25 28 28
1425_0026_0039_0033_0033.jpg 1 26 39 33 33
1426_0017_0059_0029_0029.jpg 1 17 59 29 29
1427_0035_0022_0041_0041.jpg 1 35 22 41 41
1428_0038_0011_0054_0054.jpg 1 38 11 54 54
1429_0025_0014_0063_0063.jpg 1 25 14 63 63
1430_0024_0021_0068_0068.jpg 1 24 21 68 68
1431_0025_0020_0056_0056.jpg 1 25 20 56 56
1432_0014_0029_0051_0051.jpg 1 14 29 51 51
1433_0034_0035_0056_0056.jpg 1 34 35 56 56
1434_0038_0067_0024_0024.jpg 1 38 67 24 24
1435_0006_0014_0058_0058.jpg 1 6 14 58 58
1436_0047_0018_0026_0026.jpg 1 47 18 26 26
1437_0016_0051_0036_0036.jpg 1 16 51 36 36
1438_0056_0031_0037_0037.jpg 1 56 31 37 37
1439_0025_0032_0049_0049.jpg 1 25 32 49 49
1440_0045_0018_0031_0031.jpg 1 45 18 31 31
1441_0035_0047_0027_0027.jpg 1 35 47 27 27
1442_0012_0042_0032_0032.jpg 1 12 42 32 32
1443_0039_0034_0030_0030.jpg 1 39 34 30 30
1444_0028_0015_0063_0063.jpg 1 28 15 63 63
1445_0034_0008_0062_0062.jpg 1 34 8 62 62
1446_0012_0034_0032_0032.jpg 1 12 34 32 32
1447_0016_0047_0032_0032.jpg 1 16 47 32 32
1448_0007_0022_0066_0066.jpg 1 7 22 66 66
1449_0056_0013_0033_0033.jpg 1 56 13 33 33
1450_0021_0034_0060_0060.jpg 1 21 34 60 60
1451_0020_0017_0065_0065.jpg 1 20 17 65 65
1452_0044_0054_0037_0037.jpg 1 44 54 37 37
1453_0015_0017_0042_0042.jpg 1 15 17 42 42
1454_0062_0047_0024_0024.jpg 1 62 47 24 24
1455_0005_0022_0064_0064.jpg 1 5 22 64 64
1456_0019_0062_0027_0027.jpg 1 19 62 27 27
1457_0021_0031_0061_0061.jpg 1 21 31 61 61
1458_0028_0033_0040_0040.jpg 1 28 33 40 40
1459_0043_0017_0036_0036.jpg 1 43 17 36 36
1460_0037_0032_0052_0052.jpg 1 37 32 52 52
1461_0034_0054_0029_0029.jpg 1 34 54 29 29
1462_0006_0015_0053_0053.jpg 1 6 15 53 53
1463_0023_0013_0057_0057.jpg 1 23 13 57 57
1464_0006_0019_0069_0069.jpg 1 6 19 69 69
1465_0008_0008_0068_0068.jpg 1 8 8 68 68
1466_0056_0020_0031_0031.jpg 1 56 20 31 31
1467_0012_0054_0034_0034.jpg 1 12 54 34 34
1468_0022_0026_0039_0039.jpg 1 22 26 39 39
1469_0008_0042_0033_0033.jpg 1 8 42 33 33
1470_0048_0015_0025_0025.jpg 1 48 15 25 25
1471_0033_0027_0056_0056.jpg 1 33 27 56 56
1472_0008_0007_0058_0058.jpg 1 8 7 58 58
1473_0025_0028_0047_0047.jpg 1 25 28 47 47
1474_0012_0007_0062_0062.jpg 1 12 7 62 62
1475_0006_0010_0038_0038.jpg 1 6 10 38 38
1476_0056_0087_0162_0162.jpg 1 56 87 162 162
1477_0051_0034_0040_0040.jpg 1 51 34 40 40
1478_0055_0046_0034_0034.jpg 1 55 46 34 34
1479_0015_0022_0053_0053.jpg 1 15 22 53 53
1480_0006_0008_0061_0061.jpg 1 6 8 61 61
1481_0025_0058_0031_0031.jpg 1 25 58 31 31
1482_0040_0020_0031_0031.jpg 1 40 20 31 31
1483_0039_0028_0050_0050.jpg 1 39 28 50 50
1484_0052_0043_0039_0039.jpg 1 52 43 39 39
1485_0011_0019_0034_0034.jpg 1 11 19 34 34
1486_0037_0014_0024_0024.jpg 1 37 14 24 24
1487_0005_0030_0043_0043.jpg 1 5 30 43 43
1488_0027_0033_0031_0031.jpg 1 27 33 31 31
1489_0046_0020_0048_0048.jpg 1 46 20 48 48
1490_0016_0013_0064_0064.jpg 1 16 13 64 64
1491_0032_0030_0051_0051.jpg 1 32 30 51 51
1492_0025_0031_0060_0060.jpg 1 25 31 60 60
1493_0024_0066_0024_0024.jpg 1 24 66 24 24
1494_0038_0021_0051_0051.jpg 1 38 21 51 51
1495_0058_0039_0024_0024.jpg 1 58 39 24 24
1496_0042_0009_0044_0044.jpg 1 42 9 44 44
1497_0008_0025_0033_0033.jpg 1 8 25 33 33
1498_0019_0065_0025_0025.jpg 1 19 65 25 25
1499_0013_0024_0066_0066.jpg 1 13 24 66 66
1500_0015_0009_0046_0046.jpg 1 15 9 46 46
1501_0042_0053_0039_0039.jpg 1 42 53 39 39
1502_0035_0025_0056_0056.jpg 1 35 25 56 56
1503_0016_0010_0051_0051.jpg 1 16 10 51 51
1504_0040_0025_0036_0036.jpg 1 40 25 36 36
1505_0045_0040_0035_0035.jpg 1 45 40 35 35
1506_0042_0015_0046_0046.jpg 1 42 15 46 46
1507_0018_0030_0051_0051.jpg 1 18 30 51 51
1508_0056_0029_0030_0030.jpg 1 56 29 30 30
1509_0031_0009_0043_0043.jpg 1 31 9 43 43
1510_0040_0014_0051_0051.jpg 1 40 14 51 51
1511_0025_0011_0045_0045.jpg 1 25 11 45 45
1512_0037_0013_0050_0050.jpg 1 37 13 50 50
1513_0014_0043_0048_0048.jpg 1 14 43 48 48
1514_0048_0026_0039_0039.jpg 1 48 26 39 39
1515_0048_0067_0024_0024.jpg 1 48 67 24 24
1516_0011_0009_0042_0042.jpg 1 11 9 42 42
1517_0009_0048_0029_0029.jpg 1 9 48 29 29
1518_0043_0013_0048_0048.jpg 1 43 13 48 48
1519_0019_0013_0061_0061.jpg 1 19 13 61 61
1520_0043_0016_0043_0043.jpg 1 43 16 43 43
1521_0046_0009_0040_0040.jpg 1 46 9 40 40
1522_0008_0031_0062_0062.jpg 1 8 31 62 62
1523_0026_0026_0068_0068.jpg 1 26 26 68 68
1524_0026_0018_0057_0057.jpg 1 26 18 57 57
1525_0041_0050_0039_0039.jpg 1 41 50 39 39
1526_0027_0014_0047_0047.jpg 1 27 14 47 47
1527_0010_0044_0040_0040.jpg 1 10 44 40 40
1528_0042_0030_0051_0051.jpg 1 42 30 51 51
1529_0050_0042_0026_0026.jpg 1 50 42 26 26
1530_0035_0007_0039_0039.jpg 1 35 7 39 39
1531_0055_0024_0027_0027.jpg 1 55 24 27 27
1532_0013_0041_0044_0044.jpg 1 13 41 44 44
1533_0017_0023_0031_0031.jpg 1 17 23 31 31
1534_0031_0020_0063_0063.jpg 1 31 20 63 63
1535_0024_0030_0056_0056.jpg 1 24 30 56 56
1536_0043_0009_0048_0048.jpg 1 43 9 48 48
1537_0016_0021_0059_0059.jpg 1 16 21 59 59
1538_0036_0014_0043_0043.jpg 1 36 14 43 43
1539_0012_0016_0039_0039.jpg 1 12 16 39 39
1540_0037_0015_0036_0036.jpg 1 37 15 36 36
1541_0020_0035_0042_0042.jpg 1 20 35 42 42
1542_0009_0009_0041_0041.jpg 1 9 9 41 41
1543_0019_0016_0060_0060.jpg 1 19 16 60 60
1544_0017_0020_0054_0054.jpg 1 17 20 54 54
1545_0008_0029_0065_0065.jpg 1 8 29 65 65
1546_0023_0030_0055_0055.jpg 1 23 30 55 55
1547_0054_0043_0028_0028.jpg 1 54 43 28 28
1548_0043_0042_0047_0047.jpg 1 43 42 47 47
1549_0018_0021_0028_0028.jpg 1 18 21 28 28
1550_0025_0025_0063_0063.jpg 1 25 25 63 63
1551_0023_0019_0067_0067.jpg 1 23 19 67 67
1552_0006_0012_0067_0067.jpg 1 6 12 67 67
1553_0053_0053_0026_0026.jpg 1 53 53 26 26
1554_0058_0028_0031_0031.jpg 1 58 28 31 31
1555_0008_0043_0033_0033.jpg 1 8 43 33 33
1556_0033_0021_0053_0053.jpg 1 33 21 53 53
1557_0016_0015_0061_0061.jpg 1 16 15 61 61
1558_0011_0030_0037_0037.jpg 1 11 30 37 37
1559_0020_0030_0052_0052.jpg 1 20 30 52 52
1560_0004_0007_0065_0065.jpg 1 4 7 65 65
1561_0025_0009_0027_0027.jpg 1 25 9 27 27
1562_0030_0040_0054_0054.jpg 1 30 40 54 54
1563_0025_0043_0046_0046.jpg 1 25 43 46 46
1564_0020_0013_0045_0045.jpg 1 20 13 45 45
1565_0017_0019_0038_0038.jpg 1 17 19 38 38
1566_0019_0012_0053_0053.jpg 1 19 12 53 53
1567_0037_0027_0037_0037.jpg 1 37 27 37 37
1568_0023_0017_0065_0065.jpg 1 23 17 65 65
1569_0051_0026_0029_0029.jpg 1 51 26 29 29
1570_0014_0020_0055_0055.jpg 1 14 20 55 55
1571_0045_0058_0026_0026.jpg 1 45 58 26 26
1572_0026_0028_0042_0042.jpg 1 26 28 42 42
1573_0006_0056_0034_0034.jpg 1 6 56 34 34
1574_0010_0024_0029_0029.jpg 1 10 24 29 29
1575_0034_0038_0044_0044.jpg 1 34 38 44 44
1576_0028_0010_0044_0044.jpg 1 28 10 44 44
1577_0036_0039_0050_0050.jpg 1 36 39 50 50
1578_0041_0028_0024_0024.jpg 1 41 28 24 24
1579_0011_0032_0047_0047.jpg 1 11 32 47 47
1580_0012_0020_0045_0045.jpg 1 12 20 45 45
1581_0029_0004_0064_0064.jpg 1 29 4 64 64
1582_0019_0022_0042_0042.jpg 1 19 22 42 42
1583_0035_0023_0027_0027.jpg 1 35 23 27 27
1584_0005_0010_0066_0066.jpg 1 5 10 66 66
1585_0008_0027_0044_0044.jpg 1 8 27 44 44
1586_0009_0009_0050_0050.jpg 1 9 9 50 50
1587_0014_0019_0065_0065.jpg 1 14 19 65 65
1588_0044_0034_0036_0036.jpg 1 44 34 36 36
1589_0014_0015_0055_0055.jpg 1 14 15 55 55
1590_0012_0022_0055_0055.jpg 1 12 22 55 55
1591_0021_0025_0044_0044.jpg 1 21 25 44 44
1592_0044_0044_0048_0048.jpg 1 44 44 48 48
1593_0044_0010_0026_0026.jpg 1 44 10 26 26
1594_0050_0017_0044_0044.jpg 1 50 17 44 44
1595_0013_0027_0034_0034.jpg 1 13 27 34 34
1596_0015_0049_0044_0044.jpg 1 15 49 44 44
1597_0037_0041_0053_0053.jpg 1 37 41 53 53
1598_0019_0020_0068_0068.jpg 1 19 20 68 68
1599_0027_0006_0067_0067.jpg 1 27 6 67 67
1600_0053_0046_0035_0035.jpg 1 53 46 35 35
1601_0015_0033_0051_0051.jpg 1 15 33 51 51
1602_0025_0014_0041_0041.jpg 1 25 14 41 41
1603_0033_0037_0034_0034.jpg 1 33 37 34 34
1604_0057_0039_0024_0024.jpg 1 57 39 24 24
1605_0024_0024_0064_0064.jpg 1 24 24 64 64
1606_0016_0041_0051_0051.jpg 1 16 41 51 51
1607_0047_0013_0043_0043.jpg 1 47 13 43 43
1608_0036_0049_0026_0026.jpg 1 36 49 26 26
1609_0024_0017_0067_0067.jpg 1 24 17 67 67
1610_0026_0008_0065_0065.jpg 1 26 8 65 65
1611_0009_0055_0033_0033.jpg 1 9 55 33 33
1612_0016_0028_0065_0065.jpg 1 16 28 65 65
1613_0020_0029_0065_0065.jpg 1 20 29 65 65
1614_0009_0026_0052_0052.jpg 1 9 26 52 52
1615_0055_0027_0025_0025.jpg 1 55 27 25 25
1616_0012_0007_0056_0056.jpg 1 12 7 56 56
1617_0043_0016_0029_0029.jpg 1 43 16 29 29
1618_0043_0034_0047_0047.jpg 1 43 34 47 47
1619_0014_0012_0063_0063.jpg 1 14 12 63 63
1620_0010_0018_0055_0055.jpg 1 10 18 55 55
1621_0025_0044_0046_0046.jpg 1 25 44 46 46
1622_0050_0058_0030_0030.jpg 1 50 58 30 30
1623_0041_0041_0042_0042.jpg 1 41 41 42 42
1624_0012_0053_0030_0030.jpg 1 12 53 30 30
1625_0018_0037_0031_0031.jpg 1 18 37 31 31
1626_0038_0043_0029_0029.jpg 1 38 43 29 29
1627_0020_0019_0057_0057.jpg 1 20 19 57 57
1628_0019_0026_0050_0050.jpg 1 19 26 50 50
1629_0005_0032_0063_0063.jpg 1 5 32 63 63
1630_0046_0048_0042_0042.jpg 1 46 48 42 42
1631_0035_0019_0029_0029.jpg 1 35 19 29 29
1632_0017_0026_0065_0065.jpg 1 17 26 65 65
1633_0021_0026_0065_0065.jpg 1 21 26 65 65
1634_0010_0008_0051_0051.jpg 1 10 8 51 51
1635_0010_0022_0068_0068.jpg 1 10 22 68 68
1636_0014_0010_0059_0059.jpg 1 14 10 59 59
1637_0018_0009_0062_0062.jpg 1 18 9 62 62
1638_0065_0066_0026_0026.jpg 1 65 66 26 26
1639_0018_0017_0043_0043.jpg 1 18 17 43 43
1640_0046_0007_0047_0047.jpg 1 46 7 47 47
1641_0015_0010_0048_0048.jpg 1 15 10 48 48
1642_0015_0021_0069_0069.jpg 1 15 21 69 69
1643_0022_0031_0058_0058.jpg 1 22 31 58 58
1644_0023_0007_0065_0065.jpg 1 23 7 65 65
1645_0017_0023_0069_0069.jpg 1 17 23 69 69
1646_0025_0026_0060_0060.jpg 1 25 26 60 60
1647_0046_0027_0040_0040.jpg 1 46 27 40 40
1648_0013_0051_0042_0042.jpg 1 13 51 42 42
1649_0015_0038_0039_0039.jpg 1 15 38 39 39
1650_0013_0035_0044_0044.jpg 1 13 35 44 44
1651_0018_0009_0054_0054.jpg 1 18 9 54 54
1652_0033_0058_0032_0032.jpg 1 33 58 32 32
1653_0019_0013_0041_0041.jpg 1 19 13 41 41
1654_0006_0026_0069_0069.jpg 1 6 26 69 69
1655_0036_0027_0051_0051.jpg 1 36 27 51 51
1656_0003_0008_0069_0069.jpg 1 3 8 69 69
1657_0013_0024_0044_0044.jpg 1 13 24 44 44
1658_0047_0037_0041_0041.jpg 1 47 37 41 41
1659_0037_0050_0041_0041.jpg 1 37 50 41 41
1660_0023_0009_0035_0035.jpg 1 23 9 35 35
1661_0023_0020_0068_0068.jpg 1 23 20 68 68
1662_0036_0008_0056_0056.jpg 1 36 8 56 56
1663_0005_0032_0054_0054.jpg 1 5 32 54 54
1664_0036_0045_0031_0031.jpg 1 36 45 31 31
1665_0021_0026_0026_0026.jpg 1 21 26 26 26
1666_0023_0010_0065_0065.jpg 1 23 10 65 65
1667_0007_0020_0066_0066.jpg 1 7 20 66 66
1668_0015_0036_0050_0050.jpg 1 15 36 50 50
1669_0011_0025_0063_0063.jpg 1 11 25 63 63
1670_0022_0045_0046_0046.jpg 1 22 45 46 46
1671_0035_0008_0038_0038.jpg 1 35 8 38 38
1672_0007_0032_0060_0060.jpg 1 7 32 60 60
1673_0027_0013_0035_0035.jpg 1 27 13 35 35
1674_0032_0020_0039_0039.jpg 1 32 20 39 39
1675_0035_0033_0055_0055.jpg 1 35 33 55 55
1676_0018_0036_0056_0056.jpg 1 18 36 56 56
1677_0045_0055_0024_0024.jpg 1 45 55 24 24
1678_0016_0008_0057_0057.jpg 1 16 8 57 57
1679_0042_0033_0042_0042.jpg 1 42 33 42 42
1680_0011_0019_0058_0058.jpg 1 11 19 58 58
1681_0013_0007_0065_0065.jpg 1 13 7 65 65
1682_0012_0029_0047_0047.jpg 1 12 29 47 47
1683_0005_0008_0058_0058.jpg 1 5 8 58 58
1684_0032_0014_0053_0053.jpg 1 32 14 53 53
1685_0034_0021_0047_0047.jpg 1 34 21 47 47
1686_0035_0029_0037_0037.jpg 1 35 29 37 37
1687_0047_0047_0032_0032.jpg 1 47 47 32 32
1688_0041_0056_0037_0037.jpg 1 41 56 37 37
1689_0023_0023_0054_0054.jpg 1 23 23 54 54
1690_0021_0027_0053_0053.jpg 1 21 27 53 53
1691_0005_0012_0051_0051.jpg 1 5 12 51 51
1692_0038_0025_0055_0055.jpg 1 38 25 55 55
1693_0048_0040_0036_0036.jpg 1 48 40 36 36
1694_0034_0053_0035_0035.jpg 1 34 53 35 35
1695_0052_0011_0034_0034.jpg 1 52 11 34 34
1696_0020_0018_0045_0045.jpg 1 20 18 45 45
1697_0031_0035_0032_0032.jpg 1 31 35 32 32
1698_0030_0013_0026_0026.jpg 1 30 13 26 26
1699_0016_0005_0063_0063.jpg 1 16 5 63 63
1700_0014_0008_0054_0054.jpg 1 14 8 54 54
1701_0015_0012_0058_0058.jpg 1 15 12 58 58
1702_0033_0029_0052_0052.jpg 1 33 29 52 52
1703_0036_0017_0047_0047.jpg 1 36 17 47 47
1704_0012_0006_0065_0065.jpg 1 12 6 65 65
1705_0026_0010_0027_0027.jpg 1 26 10 27 27
1706_0047_0013_0039_0039.jpg 1 47 13 39 39
1707_0045_0008_0040_0040.jpg 1 45 8 40 40
1708_0053_0048_0032_0032.jpg 1 53 48 32 32
1709_0037_0009_0054_0054.jpg 1 37 9 54 54
1710_0015_0036_0039_0039.jpg 1 15 36 39 39
1711_0030_0032_0035_0035.jpg 1 30 32 35 35
1712_0014_0015_0064_0064.jpg 1 14 15 64 64
1713_0011_0040_0051_0051.jpg 1 11 40 51 51
1714_0029_0047_0029_0029.jpg 1 29 47 29 29
1715_0042_0016_0048_0048.jpg 1 42 16 48 48
1716_0034_0013_0030_0030.jpg 1 34 13 30 30
1717_0033_0025_0051_0051.jpg 1 33 25 51 51
1718_0019_0043_0050_0050.jpg 1 19 43 50 50
1719_0044_0007_0031_0031.jpg 1 44 7 31 31
1720_0010_0013_0061_0061.jpg 1 10 13 61 61
1721_0020_0030_0046_0046.jpg 1 20 30 46 46
1722_0011_0044_0034_0034.jpg 1 11 44 34 34
1723_0024_0008_0044_0044.jpg 1 24 8 44 44
1724_0047_0007_0040_0040.jpg 1 47 7 40 40
1725_0032_0013_0046_0046.jpg 1 32 13 46 46
1726_0022_0023_0032_0032.jpg 1 22 23 32 32
1727_0017_0030_0034_0034.jpg 1 17 30 34 34
1728_0046_0026_0037_0037.jpg 1 46 26 37 37
1729_0026_0004_0058_0058.jpg 1 26 4 58 58
1730_0050_0049_0042_0042.jpg 1 50 49 42 42
1731_0005_0020_0052_0052.jpg 1 5 20 52 52
1732_0016_0015_0051_0051.jpg 1 16 15 51 51
1733_0018_0008_0068_0068.jpg 1 18 8 68 68
1734_0016_0019_0050_0050.jpg 1 16 19 50 50
1735_0020_0005_0059_0059.jpg 1 20 5 59 59
1736_0017_0017_0042_0042.jpg 1 17 17 42 42
1737_0028_0035_0034_0034.jpg 1 28 35 34 34
1738_0014_0021_0066_0066.jpg 1 14 21 66 66
1739_0010_0015_0029_0029.jpg 1 10 15 29 29
1740_0024_0025_0066_0066.jpg 1 24 25 66 66
1741_0028_0004_0067_0067.jpg 1 28 4 67 67
1742_0006_0020_0066_0066.jpg 1 6 20 66 66
1743_0052_0031_0026_0026.jpg 1 52 31 26 26
1744_0026_0023_0066_0066.jpg 1 26 23 66 66
1745_0037_0039_0047_0047.jpg 1 37 39 47 47
1746_0019_0018_0062_0062.jpg 1 19 18 62 62
1747_0019_0004_0066_0066.jpg 1 19 4 66 66
1748_0055_0039_0027_0027.jpg 1 55 39 27 27
1749_0009_0035_0054_0054.jpg 1 9 35 54 54
1750_0010_0017_0029_0029.jpg 1 10 17 29 29
1751_0041_0008_0048_0048.jpg 1 41 8 48 48
1752_0045_0056_0030_0030.jpg 1 45 56 30 30
1753_0044_0043_0045_0045.jpg 1 44 43 45 45
1754_0006_0024_0068_0068.jpg 1 6 24 68 68
1755_0019_0037_0048_0048.jpg 1 19 37 48 48
1756_0012_0012_0029_0029.jpg 1 12 12 29 29
1757_0050_0031_0037_0037.jpg 1 50 31 37 37
1758_0032_0030_0061_0061.jpg 1 32 30 61 61
1759_0008_0043_0045_0045.jpg 1 8 43 45 45
1760_0012_0031_0029_0029.jpg 1 12 31 29 29
1761_0046_0023_0028_0028.jpg 1 46 23 28 28
1762_0009_0018_0057_0057.jpg 1 9 18 57 57
1763_0034_0034_0042_0042.jpg 1 34 34 42 42
1764_0061_0021_0025_0025.jpg 1 61 21 25 25
1765_0054_0051_0038_0038.jpg 1 54 51 38 38
1766_0018_0007_0049_0049.jpg 1 18 7 49 49
1767_0018_0040_0055_0055.jpg 1 18 40 55 55
1768_0026_0013_0029_0029.jpg 1 26 13 29 29
1769_0042_0024_0039_0039.jpg 1 42 24 39 39
1770_0013_0029_0067_0067.jpg 1 13 29 67 67
1771_0029_0007_0046_0046.jpg 1 29 7 46 46
1772_0021_0014_0056_0056.jpg 1 21 14 56 56
1773_0027_0016_0042_0042.jpg 1 27 16 42 42
1774_0031_0008_0053_0053.jpg 1 31 8 53 53
1775_0016_0054_0035_0035.jpg 1 16 54 35 35
1776_0036_0048_0028_0028.jpg 1 36 48 28 28
1777_0027_0016_0066_0066.jpg 1 27 16 66 66
1778_0015_0026_0054_0054.jpg 1 15 26 54 54
1779_0022_0014_0045_0045.jpg 1 22 14 45 45
1780_0009_0018_0053_0053.jpg 1 9 18 53 53
1781_0019_0024_0044_0044.jpg 1 19 24 44 44
1782_0056_0022_0027_0027.jpg 1 56 22 27 27
1783_0031_0047_0038_0038.jpg 1 31 47 38 38
1784_0040_0033_0048_0048.jpg 1 40 33 48 48
1785_0032_0012_0037_0037.jpg 1 32 12 37 37
1786_0026_0029_0027_0027.jpg 1 26 29 27 27
1787_0038_0050_0024_0024.jpg 1 38 50 24 24
1788_0016_0015_0063_0063.jpg 1 16 15 63 63
1789_0009_0024_0060_0060.jpg 1 9 24 60 60
1790_0023_0022_0065_0065.jpg 1 23 22 65 65
1791_0029_0054_0036_0036.jpg 1 29 54 36 36
1792_0019_0017_0034_0034.jpg 1 19 17 34 34
1793_0005_0024_0069_0069.jpg 1 5 24 69 69
1794_0056_0054_0031_0031.jpg 1 56 54 31 31
1795_0011_0024_0060_0060.jpg 1 11 24 60 60
1796_0033_0030_0061_0061.jpg 1 33 30 61 61
1797_0027_0018_0067_0067.jpg 1 27 18 67 67
1798_0014_0034_0059_0059.jpg 1 14 34 59 59
1799_0037_0010_0041_0041.jpg 1 37 10 41 41
1800_0025_0014_0064_0064.jpg 1 25 14 64 64
1801_0036_0029_0030_0030.jpg 1 36 29 30 30
1802_0018_0022_0028_0028.jpg 1 18 22 28 28
1803_0034_0019_0052_0052.jpg 1 34 19 52 52
1804_0026_0006_0045_0045.jpg 1 26 6 45 45
1805_0033_0030_0036_0036.jpg 1 33 30 36 36
1806_0015_0021_0031_0031.jpg 1 15 21 31 31
1807_0011_0029_0057_0057.jpg 1 11 29 57 57
1808_0038_0006_0056_0056.jpg 1 38 6 56 56
1809_0011_0025_0045_0045.jpg 1 11 25 45 45
1810_0015_0012_0037_0037.jpg 1 15 12 37 37
1811_0031_0010_0059_0059.jpg 1 31 10 59 59
1812_0033_0027_0055_0055.jpg 1 33 27 55 55
1813_0008_0021_0068_0068.jpg 1 8 21 68 68
1814_0014_0033_0056_0056.jpg 1 14 33 56 56
1815_0027_0046_0047_0047.jpg 1 27 46 47 47
1816_0049_0051_0024_0024.jpg 1 49 51 24 24
1817_0035_0049_0045_0045.jpg 1 35 49 45 45
1818_0027_0009_0068_0068.jpg 1 27 9 68 68
1819_0054_0027_0034_0034.jpg 1 54 27 34 34
1820_0046_0032_0046_0046.jpg 1 46 32 46 46
1821_0016_0026_0032_0032.jpg 1 16 26 32 32
1822_0006_0011_0060_0060.jpg 1 6 11 60 60
1823_0019_0033_0050_0050.jpg 1 19 33 50 50
1824_0040_0016_0035_0035.jpg 1 40 16 35 35
1825_0022_0033_0060_0060.jpg 1 22 33 60 60
1826_0006_0019_0051_0051.jpg 1 6 19 51 51
1827_0062_0043_0025_0025.jpg 1 62 43 25 25
1828_0014_0026_0060_0060.jpg 1 14 26 60 60
1829_0027_0020_0062_0062.jpg 1 27 20 62 62
1830_0057_0044_0028_0028.jpg 1 57 44 28 28
1831_0007_0004_0056_0056.jpg 1 7 4 56 56
1832_0019_0006_0056_0056.jpg 1 19 6 56 56
1833_0012_0004_0065_0065.jpg 1 12 4 65 65
1834_0018_0019_0054_0054.jpg 1 18 19 54 54
1835_0044_0037_0039_0039.jpg 1 44 37 39 39
1836_0013_0005_0050_0050.jpg 1 13 5 50 50
1837_0134_0077_0033_0033.jpg 1 134 77 33 33
1838_0067_0066_0024_0024.jpg 1 67 66 24 24
1839_0054_0060_0027_0027.jpg 1 54 60 27 27
1840_0041_0031_0042_0042.jpg 1 41 31 42 42
1841_0027_0037_0058_0058.jpg 1 27 37 58 58
1842_0054_0010_0035_0035.jpg 1 54 10 35 35
1843_0049_0046_0039_0039.jpg 1 49 46 39 39
1844_0044_0021_0040_0040.jpg 1 44 21 40 40
1845_0050_0024_0036_0036.jpg 1 50 24 36 36
1846_0027_0038_0035_0035.jpg 1 27 38 35 35
1847_0004_0015_0060_0060.jpg 1 4 15 60 60
1848_0009_0024_0033_0033.jpg 1 9 24 33 33
1849_0011_0024_0068_0068.jpg 1 11 24 68 68
1850_0016_0007_0036_0036.jpg 1 16 7 36 36
1851_0010_0038_0035_0035.jpg 1 10 38 35 35
1852_0034_0014_0036_0036.jpg 1 34 14 36 36
1853_0003_0016_0066_0066.jpg 1 3 16 66 66
1854_0033_0022_0036_0036.jpg 1 33 22 36 36
1855_0032_0017_0047_0047.jpg 1 32 17 47 47
1856_0057_0056_0036_0036.jpg 1 57 56 36 36
1857_0041_0023_0038_0038.jpg 1 41 23 38 38
1858_0009_0017_0030_0030.jpg 1 9 17 30 30
1859_0043_0013_0043_0043.jpg 1 43 13 43 43
1860_0033_0024_0049_0049.jpg 1 33 24 49 49
1861_0012_0014_0069_0069.jpg 1 12 14 69 69
1862_0026_0025_0060_0060.jpg 1 26 25 60 60
1863_0012_0021_0054_0054.jpg 1 12 21 54 54
1864_0023_0031_0053_0053.jpg 1 23 31 53 53
1865_0027_0013_0064_0064.jpg 1 27 13 64 64
1866_0027_0031_0052_0052.jpg 1 27 31 52 52
1867_0019_0007_0064_0064.jpg 1 19 7 64 64
1868_0025_0018_0044_0044.jpg 1 25 18 44 44
1869_0035_0036_0057_0057.jpg 1 35 36 57 57
1870_0058_0032_0034_0034.jpg 1 58 32 34 34
1871_0043_0026_0035_0035.jpg 1 43 26 35 35
1872_0034_0025_0053_0053.jpg 1 34 25 53 53
1873_0010_0021_0046_0046.jpg 1 10 21 46 46
1874_0025_0015_0069_0069.jpg 1 25 15 69 69
1875_0008_0038_0031_0031.jpg 1 8 38 31 31
1876_0032_0046_0029_0029.jpg 1 32 46 29 29
1877_0011_0015_0040_0040.jpg 1 11 15 40 40
1878_0024_0021_0048_0048.jpg 1 24 21 48 48
1879_0023_0025_0049_0049.jpg 1 23 25 49 49
1880_0020_0007_0052_0052.jpg 1 20 7 52 52
1881_0037_0026_0054_0054.jpg 1 37 26 54 54
1882_0011_0026_0063_0063.jpg 1 11 26 63 63
1883_0005_0007_0068_0068.jpg 1 5 7 68 68
1884_0008_0022_0051_0051.jpg 1 8 22 51 51
1885_0005_0019_0048_0048.jpg 1 5 19 48 48
1886_0020_0017_0030_0030.jpg 1 20 17 30 30
1887_0014_0006_0036_0036.jpg 1 14 6 36 36
1888_0032_0017_0056_0056.jpg 1 32 17 56 56
1889_0006_0007_0036_0036.jpg 1 6 7 36 36
1890_0028_0013_0066_0066.jpg 1 28 13 66 66
1891_0015_0020_0067_0067.jpg 1 15 20 67 67
1892_0035_0052_0028_0028.jpg 1 35 52 28 28
1893_0006_0022_0068_0068.jpg 1 6 22 68 68
1894_0034_0027_0053_0053.jpg 1 34 27 53 53
1895_0022_0041_0032_0032.jpg 1 22 41 32 32
1896_0014_0034_0049_0049.jpg 1 14 34 49 49
1897_0022_0019_0064_0064.jpg 1 22 19 64 64
1898_0066_0036_0026_0026.jpg 1 66 36 26 26
1899_0028_0038_0032_0032.jpg 1 28 38 32 32
1900_0006_0029_0040_0040.jpg 1 6 29 40 40
1901_0047_0030_0036_0036.jpg 1 47 30 36 36
1902_0015_0031_0028_0028.jpg 1 15 31 28 28
1903_0025_0010_0065_0065.jpg 1 25 10 65 65
1904_0022_0024_0062_0062.jpg 1 22 24 62 62
1905_0021_0036_0047_0047.jpg 1 21 36 47 47
1906_0046_0025_0039_0039.jpg 1 46 25 39 39
1907_0036_0038_0053_0053.jpg 1 36 38 53 53
1908_0051_0011_0036_0036.jpg 1 51 11 36 36
1909_0041_0045_0045_0045.jpg 1 41 45 45 45
1910_0013_0038_0045_0045.jpg 1 13 38 45 45
1911_0044_0047_0027_0027.jpg 1 44 47 27 27
1912_0033_0006_0052_0052.jpg 1 33 6 52 52
1913_0014_0028_0062_0062.jpg 1 14 28 62 62
1914_0024_0025_0051_0051.jpg 1 24 25 51 51
1915_0011_0041_0051_0051.jpg 1 11 41 51 51
1916_0008_0025_0043_0043.jpg 1 8 25 43 43
1917_0017_0045_0047_0047.jpg 1 17 45 47 47
1918_0018_0044_0049_0049.jpg 1 18 44 49 49
1919_0004_0028_0056_0056.jpg 1 4 28 56 56
1920_0014_0008_0067_0067.jpg 1 14 8 67 67
1921_0024_0017_0069_0069.jpg 1 24 17 69 69
1922_0018_0045_0045_0045.jpg 1 18 45 45 45
1923_0041_0016_0043_0043.jpg 1 41 16 43 43
1924_0014_0030_0049_0049.jpg 1 14 30 49 49
1925_0034_0024_0047_0047.jpg 1 34 24 47 47
1926_0033_0009_0031_0031.jpg 1 33 9 31 31
1927_0027_0016_0050_0050.jpg 1 27 16 50 50
1928_0038_0027_0049_0049.jpg 1 38 27 49 49
1929_0004_0013_0061_0061.jpg 1 4 13 61 61
1930_0013_0013_0065_0065.jpg 1 13 13 65 65
1931_0030_0023_0053_0053.jpg 1 30 23 53 53
1932_0049_0020_0034_0034.jpg 1 49 20 34 34
1933_0027_0031_0042_0042.jpg 1 27 31 42 42
1934_0023_0014_0036_0036.jpg 1 23 14 36 36
1935_0031_0014_0054_0054.jpg 1 31 14 54 54
1936_0060_0017_0026_0026.jpg 1 60 17 26 26
1937_0040_0038_0049_0049.jpg 1 40 38 49 49
1938_0021_0046_0048_0048.jpg 1 21 46 48 48
1939_0005_0031_0065_0065.jpg 1 5 31 65 65
1940_0013_0022_0068_0068.jpg 1 13 22 68 68
1941_0013_0040_0031_0031.jpg 1 13 40 31 31
1942_0037_0025_0057_0057.jpg 1 37 25 57 57
1943_0032_0005_0064_0064.jpg 1 32 5 64 64
1944_0027_0032_0031_0031.jpg 1 27 32 31 31
1945_0018_0020_0067_0067.jpg 1 18 20 67 67
1946_0023_0016_0032_0032.jpg 1 23 16 32 32
1947_0046_0021_0048_0048.jpg 1 46 21 48 48
1948_0053_0017_0029_0029.jpg 1 53 17 29 29
1949_0036_0020_0055_0055.jpg 1 36 20 55 55
1950_0044_0048_0030_0030.jpg 1 44 48 30 30
