0001_0008_0024_0050_0050.jpg 1 8 24 50 50
0002_0031_0030_0048_0048.jpg 1 31 30 48 48
0003_0009_0011_0069_0069.jpg 1 9 11 69 69
0004_0006_0004_0066_0066.jpg 1 6 4 66 66
0005_0023_0018_0059_0059.jpg 1 23 18 59 59
0006_0041_0018_0026_0026.jpg 1 41 18 26 26
0007_0040_0034_0049_0049.jpg 1 40 34 49 49
0008_0047_0034_0037_0037.jpg 1 47 34 37 37
0009_0010_0007_0056_0056.jpg 1 10 7 56 56
0010_0034_0004_0054_0054.jpg 1 34 4 54 54
0011_0007_0017_0065_0065.jpg 1 7 17 65 65
0012_0035_0036_0055_0055.jpg 1 35 36 55 55
0013_0037_0028_0057_0057.jpg 1 37 28 57 57
0014_0015_0021_0057_0057.jpg 1 15 21 57 57
0015_0026_0024_0056_0056.jpg 1 26 24 56 56
0016_0010_0027_0069_0069.jpg 1 10 27 69 69
0017_0012_0018_0043_0043.jpg 1 12 18 43 43
0018_0029_0039_0053_0053.jpg 1 29 39 53 53
0019_0025_0018_0065_0065.jpg 1 25 18 65 65
0020_0052_0011_0041_0041.jpg 1 52 11 41 41
0021_0040_0051_0031_0031.jpg 1 40 51 31 31
0022_0021_0033_0025_0025.jpg 1 21 33 25 25
0023_0035_0015_0048_0048.jpg 1 35 15 48 48
0024_0039_0015_0049_0049.jpg 1 39 15 49 49
0025_0021_0038_0041_0041.jpg 1 21 38 41 41
0026_0048_0025_0033_0033.jpg 1 48 25 33 33
0027_0049_0013_0033_0033.jpg 1 49 13 33 33
0028_0022_0014_0067_0067.jpg 1 22 14 67 67
0029_0050_0049_0043_0043.jpg 1 50 49 43 43
0030_0013_0027_0068_0068.jpg 1 13 27 68 68
0031_0017_0030_0031_0031.jpg 1 17 30 31 31
0032_0037_0007_0057_0057.jpg 1 37 7 57 57
0033_0046_0036_0042_0042.jpg 1 46 36 42 42
0034_0042_0042_0038_0038.jpg 1 42 42 38 38
0035_0018_0027_0037_0037.jpg 1 18 27 37 37
0036_0021_0020_0068_0068.jpg 1 21 20 68 68
0037_0057_0051_0032_0032.jpg 1 57 51 32 32
0038_0023_0019_0069_0069.jpg 1 23 19 69 69
0039_0017_0012_0047_0047.jpg 1 17 12 47 47
0040_0045_0038_0035_0035.jpg 1 45 38 35 35
0041_0040_0056_0028_0028.jpg 1 40 56 28 28
0042_0024_0004_0063_0063.jpg 1 24 4 63 63
0043_0023_0057_0025_0025.jpg 1 23 57 25 25
0044_0015_0007_0027_0027.jpg 1 15 7 27 27
0045_0015_0032_0043_0043.jpg 1 15 32 43 43
0046_0017_0019_0069_0069.jpg 1 17 19 69 69
0047_0045_0023_0027_0027.jpg 1 45 23 27 27
0048_0024_0049_0043_0043.jpg 1 24 49 43 43
0049_0014_0026_0054_0054.jpg 1 14 26 54 54
0050_0049_0023_0028_0028.jpg 1 49 23 28 28
0051_0016_0015_0059_0059.jpg 1 16 15 59 59
0052_0026_0041_0040_0040.jpg 1 26 41 40 40
0053_0031_0040_0048_0048.jpg 1 31 40 48 48
0054_0042_0030_0025_0025.jpg 1 42 30 25 25
0055_0032_0035_0044_0044.jpg 1 32 35 44 44
0056_0039_0024_0054_0054.jpg 1 39 24 54 54
0057_0011_0038_0026_0026.jpg 1 11 38 26 26
0058_0041_0017_0048_0048.jpg 1 41 17 48 48
0059_0005_0008_0063_0063.jpg 1 5 8 63 63
0060_0033_0009_0058_0058.jpg 1 33 9 58 58
0061_0029_0047_0024_0024.jpg 1 29 47 24 24
0062_0064_0037_0024_0024.jpg 1 64 37 24 24
0063_0038_0016_0030_0030.jpg 1 38 16 30 30
0064_0044_0038_0047_0047.jpg 1 44 38 47 47
0065_0041_0041_0037_0037.jpg 1 41 41 37 37
0066_0043_0019_0048_0048.jpg 1 43 19 48 48
0067_0017_0056_0024_0024.jpg 1 17 56 24 24
0068_0005_0032_0049_0049.jpg 1 5 32 49 49
0069_0041_0011_0048_0048.jpg 1 41 11 48 48
0070_0016_0045_0036_0036.jpg 1 16 45 36 36
0071_0048_0049_0031_0031.jpg 1 48 49 31 31
0072_0038_0032_0055_0055.jpg 1 38 32 55 55
0073_0023_0059_0026_0026.jpg 1 23 59 26 26
0074_0039_0031_0033_0033.jpg 1 39 31 33 33
0075_0028_0039_0042_0042.jpg 1 28 39 42 42
0076_0020_0010_0047_0047.jpg 1 20 10 47 47
0077_0050_0030_0037_0037.jpg 1 50 30 37 37
0078_0019_0020_0067_0067.jpg 1 19 20 67 67
0079_0045_0028_0048_0048.jpg 1 45 28 48 48
0080_0026_0004_0066_0066.jpg 1 26 4 66 66
0081_0027_0008_0044_0044.jpg 1 27 8 44 44
0082_0035_0013_0054_0054.jpg 1 35 13 54 54
0083_0034_0011_0039_0039.jpg 1 34 11 39 39
0084_0063_0033_0028_0028.jpg 1 63 33 28 28
0085_0030_0030_0060_0060.jpg 1 30 30 60 60
0086_0031_0023_0042_0042.jpg 1 31 23 42 42
0087_0022_0044_0038_0038.jpg 1 22 44 38 38
0088_0037_0023_0049_0049.jpg 1 37 23 49 49
0089_0014_0052_0038_0038.jpg 1 14 52 38 38
0090_0048_0007_0035_0035.jpg 1 48 7 35 35
0091_0019_0009_0041_0041.jpg 1 19 9 41 41
0092_0006_0028_0056_0056.jpg 1 6 28 56 56
0093_0032_0041_0048_0048.jpg 1 32 41 48 48
0094_0025_0028_0028_0028.jpg 1 25 28 28 28
0095_0040_0021_0037_0037.jpg 1 40 21 37 37
0096_0028_0015_0044_0044.jpg 1 28 15 44 44
0097_0034_0005_0058_0058.jpg 1 34 5 58 58
0098_0022_0021_0025_0025.jpg 1 22 21 25 25
0099_0043_0059_0032_0032.jpg 1 43 59 32 32
0100_0022_0008_0069_0069.jpg 1 22 8 69 69
0101_0063_0012_0026_0026.jpg 1 63 12 26 26
0102_0043_0007_0051_0051.jpg 1 43 7 51 51
0103_0008_0019_0065_0065.jpg 1 8 19 65 65
0104_0017_0015_0063_0063.jpg 1 17 15 63 63
0105_0012_0042_0030_0030.jpg 1 12 42 30 30
0106_0046_0022_0039_0039.jpg 1 46 22 39 39
0107_0007_0021_0055_0055.jpg 1 7 21 55 55
0108_0056_0011_0034_0034.jpg 1 56 11 34 34
0109_0043_0014_0049_0049.jpg 1 43 14 49 49
0110_0023_0052_0029_0029.jpg 1 23 52 29 29
0111_0020_0047_0028_0028.jpg 1 20 47 28 28
0112_0024_0057_0035_0035.jpg 1 24 57 35 35
0113_0019_0026_0069_0069.jpg 1 19 26 69 69
0114_0025_0012_0047_0047.jpg 1 25 12 47 47
0115_0015_0020_0064_0064.jpg 1 15 20 64 64
0116_0026_0019_0052_0052.jpg 1 26 19 52 52
0117_0040_0032_0054_0054.jpg 1 40 32 54 54
0118_0029_0014_0037_0037.jpg 1 29 14 37 37
0119_0023_0023_0050_0050.jpg 1 23 23 50 50
0120_0015_0017_0028_0028.jpg 1 15 17 28 28
0121_0051_0012_0026_0026.jpg 1 51 12 26 26
0122_0016_0040_0050_0050.jpg 1 16 40 50 50
0123_0019_0013_0054_0054.jpg 1 19 13 54 54
0124_0040_0034_0043_0043.jpg 1 40 34 43 43
0125_0032_0025_0060_0060.jpg 1 32 25 60 60
0126_0004_0005_0059_0059.jpg 1 4 5 59 59
0127_0041_0015_0050_0050.jpg 1 41 15 50 50
0128_0067_0024_0024_0024.jpg 1 67 24 24 24
0129_0025_0038_0040_0040.jpg 1 25 38 40 40
0130_0011_0011_0030_0030.jpg 1 11 11 30 30
0131_0025_0031_0060_0060.jpg 1 25 31 60 60
0132_0020_0020_0067_0067.jpg 1 20 20 67 67
0133_0057_0062_0030_0030.jpg 1 57 62 30 30
0134_0011_0016_0056_0056.jpg 1 11 16 56 56
0135_0027_0039_0046_0046.jpg 1 27 39 46 46
0136_0033_0027_0057_0057.jpg 1 33 27 57 57
0137_0011_0037_0036_0036.jpg 1 11 37 36 36
0138_0024_0015_0068_0068.jpg 1 24 15 68 68
0139_0048_0018_0029_0029.jpg 1 48 18 29 29
0140_0034_0012_0043_0043.jpg 1 34 12 43 43
0141_0039_0022_0050_0050.jpg 1 39 22 50 50
0142_0034_0019_0046_0046.jpg 1 34 19 46 46
0143_0012_0051_0033_0033.jpg 1 12 51 33 33
0144_0030_0015_0026_0026.jpg 1 30 15 26 26
0145_0012_0030_0056_0056.jpg 1 12 30 56 56
0146_0018_0032_0025_0025.jpg 1 18 32 25 25
0147_0029_0020_0065_0065.jpg 1 29 20 65 65
0148_0023_0015_0060_0060.jpg 1 23 15 60 60
0149_0048_0033_0032_0032.jpg 1 48 33 32 32
0150_0042_0021_0053_0053.jpg 1 42 21 53 53
0151_0015_0026_0040_0040.jpg 1 15 26 40 40
0152_0018_0026_0069_0069.jpg 1 18 26 69 69
0153_0031_0006_0054_0054.jpg 1 31 6 54 54
0154_0031_0021_0062_0062.jpg 1 31 21 62 62
0155_0046_0023_0044_0044.jpg 1 46 23 44 44
0156_0034_0013_0061_0061.jpg 1 34 13 61 61
0157_0050_0058_0026_0026.jpg 1 50 58 26 26
0158_0023_0014_0026_0026.jpg 1 23 14 26 26
0159_0033_0014_0045_0045.jpg 1 33 14 45 45
0160_0035_0034_0057_0057.jpg 1 35 34 57 57
0161_0048_0013_0026_0026.jpg 1 48 13 26 26
0162_0008_0022_0062_0062.jpg 1 8 22 62 62
0163_0037_0038_0032_0032.jpg 1 37 38 32 32
0164_0050_0020_0038_0038.jpg 1 50 20 38 38
0165_0032_0036_0038_0038.jpg 1 32 36 38 38
0166_0016_0016_0067_0067.jpg 1 16 16 67 67
0167_0035_0023_0049_0049.jpg 1 35 23 49 49
0168_0041_0055_0030_0030.jpg 1 41 55 30 30
0169_0008_0024_0057_0057.jpg 1 8 24 57 57
0170_0040_0046_0038_0038.jpg 1 40 46 38 38
0171_0037_0021_0043_0043.jpg 1 37 21 43 43
0172_0003_0003_0066_0066.jpg 1 3 3 66 66
0173_0056_0056_0026_0026.jpg 1 56 56 26 26
0174_0022_0025_0031_0031.jpg 1 22 25 31 31
0175_0022_0030_0062_0062.jpg 1 22 30 62 62
0176_0033_0032_0051_0051.jpg 1 33 32 51 51
0177_0011_0024_0056_0056.jpg 1 11 24 56 56
0178_0020_0017_0068_0068.jpg 1 20 17 68 68
0179_0023_0035_0042_0042.jpg 1 23 35 42 42
0180_0021_0017_0026_0026.jpg 1 21 17 26 26
0181_0015_0012_0060_0060.jpg 1 15 12 60 60
0182_0058_0027_0033_0033.jpg 1 58 27 33 33
0183_0006_0043_0044_0044.jpg 1 6 43 44 44
0184_0040_0031_0038_0038.jpg 1 40 31 38 38
0185_0017_0047_0029_0029.jpg 1 17 47 29 29
0186_0024_0029_0067_0067.jpg 1 24 29 67 67
0187_0037_0033_0055_0055.jpg 1 37 33 55 55
0188_0051_0058_0032_0032.jpg 1 51 58 32 32
0189_0055_0046_0029_0029.jpg 1 55 46 29 29
0190_0033_0008_0058_0058.jpg 1 33 8 58 58
0191_0018_0014_0059_0059.jpg 1 18 14 59 59
0192_0006_0009_0062_0062.jpg 1 6 9 62 62
0193_0020_0024_0034_0034.jpg 1 20 24 34 34
0194_0028_0008_0057_0057.jpg 1 28 8 57 57
0195_0033_0028_0046_0046.jpg 1 33 28 46 46
0196_0020_0007_0028_0028.jpg 1 20 7 28 28
0197_0023_0021_0053_0053.jpg 1 23 21 53 53
0198_0054_0007_0031_0031.jpg 1 54 7 31 31
0199_0033_0024_0033_0033.jpg 1 33 24 33 33
0200_0010_0032_0035_0035.jpg 1 10 32 35 35
0201_0039_0045_0034_0034.jpg 1 39 45 34 34
0202_0012_0028_0047_0047.jpg 1 12 28 47 47
0203_0029_0030_0049_0049.jpg 1 29 30 49 49
0204_0013_0013_0038_0038.jpg 1 13 13 38 38
0205_0057_0013_0028_0028.jpg 1 57 13 28 28
0206_0031_0037_0051_0051.jpg 1 31 37 51 51
0207_0032_0014_0045_0045.jpg 1 32 14 45 45
0208_0024_0041_0051_0051.jpg 1 24 41 51 51
0209_0005_0021_0068_0068.jpg 1 5 21 68 68
0210_0020_0033_0056_0056.jpg 1 20 33 56 56
0211_0030_0011_0052_0052.jpg 1 30 11 52 52
0212_0025_0014_0066_0066.jpg 1 25 14 66 66
0213_0017_0059_0028_0028.jpg 1 17 59 28 28
0214_0009_0043_0050_0050.jpg 1 9 43 50 50
0215_0004_0017_0057_0057.jpg 1 4 17 57 57
0216_0009_0035_0059_0059.jpg 1 9 35 59 59
0217_0013_0012_0051_0051.jpg 1 13 12 51 51
0218_0053_0028_0037_0037.jpg 1 53 28 37 37
0219_0052_0023_0034_0034.jpg 1 52 23 34 34
0220_0015_0068_0024_0024.jpg 1 15 68 24 24
0221_0038_0025_0046_0046.jpg 1 38 25 46 46
0222_0030_0020_0051_0051.jpg 1 30 20 51 51
0223_0031_0042_0037_0037.jpg 1 31 42 37 37
0224_0009_0021_0055_0055.jpg 1 9 21 55 55
0225_0036_0038_0036_0036.jpg 1 36 38 36 36
0226_0017_0053_0028_0028.jpg 1 17 53 28 28
0227_0013_0035_0035_0035.jpg 1 13 35 35 35
0228_0025_0029_0049_0049.jpg 1 25 29 49 49
0229_0014_0030_0057_0057.jpg 1 14 30 57 57
0230_0016_0023_0047_0047.jpg 1 16 23 47 47
0231_0021_0020_0053_0053.jpg 1 21 20 53 53
0232_0008_0035_0030_0030.jpg 1 8 35 30 30
0233_0010_0038_0055_0055.jpg 1 10 38 55 55
0234_0031_0004_0056_0056.jpg 1 31 4 56 56
0235_0008_0050_0043_0043.jpg 1 8 50 43 43
0236_0060_0037_0030_0030.jpg 1 60 37 30 30
0237_0007_0029_0059_0059.jpg 1 7 29 59 59
0238_0031_0024_0033_0033.jpg 1 31 24 33 33
0239_0013_0003_0066_0066.jpg 1 13 3 66 66
0240_0023_0017_0068_0068.jpg 1 23 17 68 68
0241_0006_0011_0058_0058.jpg 1 6 11 58 58
0242_0034_0022_0052_0052.jpg 1 34 22 52 52
0243_0014_0037_0052_0052.jpg 1 14 37 52 52
0244_0022_0023_0065_0065.jpg 1 22 23 65 65
0245_0022_0019_0055_0055.jpg 1 22 19 55 55
0246_0039_0017_0052_0052.jpg 1 39 17 52 52
0247_0005_0034_0060_0060.jpg 1 5 34 60 60
0248_0020_0033_0034_0034.jpg 1 20 33 34 34
0249_0052_0033_0038_0038.jpg 1 52 33 38 38
0250_0026_0020_0060_0060.jpg 1 26 20 60 60
0251_0034_0014_0054_0054.jpg 1 34 14 54 54
0252_0040_0052_0039_0039.jpg 1 40 52 39 39
0253_0034_0032_0025_0025.jpg 1 34 32 25 25
0254_0028_0036_0053_0053.jpg 1 28 36 53 53
0255_0031_0024_0059_0059.jpg 1 31 24 59 59
0256_0011_0006_0039_0039.jpg 1 11 6 39 39
0257_0038_0018_0050_0050.jpg 1 38 18 50 50
0258_0039_0049_0038_0038.jpg 1 39 49 38 38
0259_0032_0016_0063_0063.jpg 1 32 16 63 63
0260_0031_0012_0059_0059.jpg 1 31 12 59 59
0261_0052_0067_0024_0024.jpg 1 52 67 24 24
0262_0018_0025_0051_0051.jpg 1 18 25 51 51
0263_0038_0062_0027_0027.jpg 1 38 62 27 27
0264_0032_0022_0024_0024.jpg 1 32 22 24 24
0265_0036_0022_0052_0052.jpg 1 36 22 52 52
0266_0018_0030_0031_0031.jpg 1 18 30 31 31
0267_0018_0014_0055_0055.jpg 1 18 14 55 55
0268_0014_0050_0039_0039.jpg 1 14 50 39 39
0269_0038_0018_0038_0038.jpg 1 38 18 38 38
0270_0044_0032_0050_0050.jpg 1 44 32 50 50
0271_0021_0031_0036_0036.jpg 1 21 31 36 36
0272_0035_0029_0039_0039.jpg 1 35 29 39 39
0273_0038_0026_0052_0052.jpg 1 38 26 52 52
0274_0035_0046_0032_0032.jpg 1 35 46 32 32
0275_0006_0015_0045_0045.jpg 1 6 15 45 45
0276_0039_0029_0049_0049.jpg 1 39 29 49 49
0277_0014_0007_0067_0067.jpg 1 14 7 67 67
0278_0039_0026_0040_0040.jpg 1 39 26 40 40
0279_0027_0037_0046_0046.jpg 1 27 37 46 46
0280_0046_0025_0032_0032.jpg 1 46 25 32 32
0281_0014_0048_0032_0032.jpg 1 14 48 32 32
0282_0008_0007_0046_0046.jpg 1 8 7 46 46
0283_0036_0025_0055_0055.jpg 1 36 25 55 55
0284_0012_0012_0058_0058.jpg 1 12 12 58 58
0285_0014_0033_0062_0062.jpg 1 14 33 62 62
0286_0020_0022_0069_0069.jpg 1 20 22 69 69
0287_0013_0032_0053_0053.jpg 1 13 32 53 53
0288_0033_0043_0038_0038.jpg 1 33 43 38 38
0289_0028_0019_0055_0055.jpg 1 28 19 55 55
0290_0015_0004_0063_0063.jpg 1 15 4 63 63
0291_0006_0016_0065_0065.jpg 1 6 16 65 65
0292_0033_0016_0045_0045.jpg 1 33 16 45 45
0293_0047_0046_0038_0038.jpg 1 47 46 38 38
0294_0026_0023_0034_0034.jpg 1 26 23 34 34
0295_0027_0017_0062_0062.jpg 1 27 17 62 62
0296_0051_0024_0041_0041.jpg 1 51 24 41 41
0297_0006_0019_0047_0047.jpg 1 6 19 47 47
0298_0028_0042_0035_0035.jpg 1 28 42 35 35
0299_0008_0016_0059_0059.jpg 1 8 16 59 59
0300_0011_0029_0040_0040.jpg 1 11 29 40 40
0301_0014_0020_0068_0068.jpg 1 14 20 68 68
0302_0055_0058_0029_0029.jpg 1 55 58 29 29
0303_0006_0018_0044_0044.jpg 1 6 18 44 44
0304_0028_0015_0065_0065.jpg 1 28 15 65 65
0305_0057_0043_0024_0024.jpg 1 57 43 24 24
0306_0025_0019_0037_0037.jpg 1 25 19 37 37
0307_0007_0027_0061_0061.jpg 1 7 27 61 61
0308_0015_0006_0049_0049.jpg 1 15 6 49 49
0309_0018_0029_0055_0055.jpg 1 18 29 55 55
0310_0013_0029_0062_0062.jpg 1 13 29 62 62
0311_0022_0051_0026_0026.jpg 1 22 51 26 26
0312_0015_0036_0048_0048.jpg 1 15 36 48 48
0313_0050_0020_0043_0043.jpg 1 50 20 43 43
0314_0020_0032_0059_0059.jpg 1 20 32 59 59
0315_0020_0010_0068_0068.jpg 1 20 10 68 68
0316_0040_0033_0053_0053.jpg 1 40 33 53 53
0317_0022_0030_0047_0047.jpg 1 22 30 47 47
0318_0035_0051_0038_0038.jpg 1 35 51 38 38
0319_0022_0033_0046_0046.jpg 1 22 33 46 46
0320_0020_0023_0052_0052.jpg 1 20 23 52 52
0321_0033_0009_0053_0053.jpg 1 33 9 53 53
0322_0059_0040_0029_0029.jpg 1 59 40 29 29
0323_0003_0010_0067_0067.jpg 1 3 10 67 67
0324_0012_0048_0034_0034.jpg 1 12 48 34 34
0325_0020_0034_0030_0030.jpg 1 20 34 30 30
0326_0050_0039_0036_0036.jpg 1 50 39 36 36
0327_0043_0041_0037_0037.jpg 1 43 41 37 37
0328_0053_0055_0037_0037.jpg 1 53 55 37 37
0329_0017_0006_0067_0067.jpg 1 17 6 67 67
0330_0015_0008_0047_0047.jpg 1 15 8 47 47
0331_0030_0005_0063_0063.jpg 1 30 5 63 63
0332_0010_0014_0035_0035.jpg 1 10 14 35 35
0333_0007_0015_0054_0054.jpg 1 7 15 54 54
0334_0041_0058_0028_0028.jpg 1 41 58 28 28
0335_0006_0020_0045_0045.jpg 1 6 20 45 45
0336_0023_0043_0040_0040.jpg 1 23 43 40 40
0337_0027_0020_0069_0069.jpg 1 27 20 69 69
0338_0021_0038_0031_0031.jpg 1 21 38 31 31
0339_0040_0044_0030_0030.jpg 1 40 44 30 30
0340_0022_0019_0032_0032.jpg 1 22 19 32 32
0341_0027_0024_0067_0067.jpg 1 27 24 67 67
0342_0046_0025_0028_0028.jpg 1 46 25 28 28
0343_0006_0031_0064_0064.jpg 1 6 31 64 64
0344_0053_0026_0032_0032.jpg 1 53 26 32 32
0345_0041_0019_0051_0051.jpg 1 41 19 51 51
0346_0014_0047_0030_0030.jpg 1 14 47 30 30
0347_0039_0016_0026_0026.jpg 1 39 16 26 26
0348_0061_0061_0029_0029.jpg 1 61 61 29 29
0349_0025_0021_0062_0062.jpg 1 25 21 62 62
0350_0046_0021_0031_0031.jpg 1 46 21 31 31
0351_0022_0034_0036_0036.jpg 1 22 34 36 36
0352_0018_0027_0055_0055.jpg 1 18 27 55 55
0353_0017_0021_0054_0054.jpg 1 17 21 54 54
0354_0041_0012_0024_0024.jpg 1 41 12 24 24
0355_0033_0038_0050_0050.jpg 1 33 38 50 50
0356_0011_0034_0060_0060.jpg 1 11 34 60 60
0357_0028_0015_0057_0057.jpg 1 28 15 57 57
0358_0030_0031_0060_0060.jpg 1 30 31 60 60
0359_0014_0018_0061_0061.jpg 1 14 18 61 61
0360_0014_0040_0052_0052.jpg 1 14 40 52 52
0361_0020_0022_0064_0064.jpg 1 20 22 64 64
0362_0018_0033_0055_0055.jpg 1 18 33 55 55
0363_0032_0040_0030_0030.jpg 1 32 40 30 30
0364_0006_0015_0058_0058.jpg 1 6 15 58 58
0365_0043_0005_0050_0050.jpg 1 43 5 50 50
0366_0018_0060_0029_0029.jpg 1 18 60 29 29
0367_0029_0021_0063_0063.jpg 1 29 21 63 63
0368_0022_0017_0068_0068.jpg 1 22 17 68 68
0369_0014_0015_0061_0061.jpg 1 14 15 61 61
0370_0014_0005_0062_0062.jpg 1 14 5 62 62
0371_0012_0013_0067_0067.jpg 1 12 13 67 67
0372_0040_0048_0038_0038.jpg 1 40 48 38 38
0373_0051_0019_0029_0029.jpg 1 51 19 29 29
0374_0036_0053_0033_0033.jpg 1 36 53 33 33
0375_0032_0027_0042_0042.jpg 1 32 27 42 42
0376_0015_0010_0066_0066.jpg 1 15 10 66 66
0377_0022_0011_0068_0068.jpg 1 22 11 68 68
0378_0011_0007_0025_0025.jpg 1 11 7 25 25
0379_0036_0032_0032_0032.jpg 1 36 32 32 32
0380_0011_0060_0031_0031.jpg 1 11 60 31 31
0381_0046_0028_0034_0034.jpg 1 46 28 34 34
0382_0049_0035_0044_0044.jpg 1 49 35 44 44
0383_0018_0027_0066_0066.jpg 1 18 27 66 66
0384_0031_0019_0054_0054.jpg 1 31 19 54 54
0385_0035_0021_0034_0034.jpg 1 35 21 34 34
0386_0007_0016_0036_0036.jpg 1 7 16 36 36
0387_0011_0021_0066_0066.jpg 1 11 21 66 66
0388_0031_0023_0044_0044.jpg 1 31 23 44 44
0389_0025_0034_0037_0037.jpg 1 25 34 37 37
0390_0028_0003_0068_0068.jpg 1 28 3 68 68
0391_0008_0045_0044_0044.jpg 1 8 45 44 44
0392_0020_0020_0057_0057.jpg 1 20 20 57 57
0393_0016_0015_0038_0038.jpg 1 16 15 38 38
0394_0032_0023_0046_0046.jpg 1 32 23 46 46
0395_0020_0025_0043_0043.jpg 1 20 25 43 43
0396_0015_0026_0065_0065.jpg 1 15 26 65 65
0397_0041_0018_0030_0030.jpg 1 41 18 30 30
0398_0040_0011_0025_0025.jpg 1 40 11 25 25
0399_0056_0040_0035_0035.jpg 1 56 40 35 35
0400_0006_0024_0067_0067.jpg 1 6 24 67 67
0401_0021_0037_0057_0057.jpg 1 21 37 57 57
0402_0011_0015_0065_0065.jpg 1 11 15 65 65
0403_0009_0003_0066_0066.jpg 1 9 3 66 66
0404_0016_0060_0026_0026.jpg 1 16 60 26 26
0405_0048_0045_0041_0041.jpg 1 48 45 41 41
0406_0050_0021_0043_0043.jpg 1 50 21 43 43
0407_0045_0031_0035_0035.jpg 1 45 31 35 35
0408_0007_0011_0040_0040.jpg 1 7 11 40 40
0409_0012_0023_0069_0069.jpg 1 12 23 69 69
0410_0039_0048_0033_0033.jpg 1 39 48 33 33
0411_0021_0017_0049_0049.jpg 1 21 17 49 49
0412_0014_0020_0056_0056.jpg 1 14 20 56 56
0413_0043_0013_0049_0049.jpg 1 43 13 49 49
0414_0023_0039_0053_0053.jpg 1 23 39 53 53
0415_0015_0036_0058_0058.jpg 1 15 36 58 58
0416_0013_0025_0056_0056.jpg 1 13 25 56 56
0417_0052_0048_0039_0039.jpg 1 52 48 39 39
0418_0020_0024_0026_0026.jpg 1 20 24 26 26
0419_0037_0040_0043_0043.jpg 1 37 40 43 43
0420_0024_0046_0031_0031.jpg 1 24 46 31 31
0421_0003_0005_0068_0068.jpg 1 3 5 68 68
0422_0027_0004_0064_0064.jpg 1 27 4 64 64
0423_0006_0030_0046_0046.jpg 1 6 30 46 46
0424_0039_0037_0056_0056.jpg 1 39 37 56 56
0425_0044_0016_0041_0041.jpg 1 44 16 41 41
0426_0024_0017_0034_0034.jpg 1 24 17 34 34
0427_0033_0031_0029_0029.jpg 1 33 31 29 29
0428_0045_0055_0026_0026.jpg 1 45 55 26 26
0429_0056_0057_0026_0026.jpg 1 56 57 26 26
0430_0004_0017_0061_0061.jpg 1 4 17 61 61
0431_0039_0009_0040_0040.jpg 1 39 9 40 40
0432_0012_0033_0058_0058.jpg 1 12 33 58 58
0433_0043_0026_0036_0036.jpg 1 43 26 36 36
0434_0006_0008_0057_0057.jpg 1 6 8 57 57
0435_0016_0011_0036_0036.jpg 1 16 11 36 36
0436_0048_0019_0036_0036.jpg 1 48 19 36 36
0437_0024_0047_0038_0038.jpg 1 24 47 38 38
0438_0027_0014_0046_0046.jpg 1 27 14 46 46
0439_0013_0029_0051_0051.jpg 1 13 29 51 51
0440_0009_0023_0060_0060.jpg 1 9 23 60 60
0441_0016_0047_0046_0046.jpg 1 16 47 46 46
0442_0035_0042_0025_0025.jpg 1 35 42 25 25
0443_0017_0025_0063_0063.jpg 1 17 25 63 63
0444_0032_0035_0053_0053.jpg 1 32 35 53 53
0445_0041_0034_0029_0029.jpg 1 41 34 29 29
0446_0025_0041_0034_0034.jpg 1 25 41 34 34
0447_0008_0052_0029_0029.jpg 1 8 52 29 29
0448_0045_0036_0048_0048.jpg 1 45 36 48 48
0449_0016_0021_0053_0053.jpg 1 16 21 53 53
0450_0045_0030_0027_0027.jpg 1 45 30 27 27
0451_0020_0029_0028_0028.jpg 1 20 29 28 28
0452_0016_0056_0024_0024.jpg 1 16 56 24 24
0453_0047_0028_0042_0042.jpg 1 47 28 42 42
0454_0018_0059_0027_0027.jpg 1 18 59 27 27
0455_0017_0020_0053_0053.jpg 1 17 20 53 53
0456_0055_0035_0031_0031.jpg 1 55 35 31 31
0457_0028_0059_0025_0025.jpg 1 28 59 25 25
0458_0016_0018_0064_0064.jpg 1 16 18 64 64
0459_0026_0013_0052_0052.jpg 1 26 13 52 52
0460_0047_0044_0041_0041.jpg 1 47 44 41 41
0461_0021_0015_0057_0057.jpg 1 21 15 57 57
0462_0059_0053_0028_0028.jpg 1 59 53 28 28
0463_0021_0007_0061_0061.jpg 1 21 7 61 61
0464_0037_0035_0050_0050.jpg 1 37 35 50 50
0465_0019_0025_0069_0069.jpg 1 19 25 69 69
0466_0011_0005_0069_0069.jpg 1 11 5 69 69
0467_0016_0010_0031_0031.jpg 1 16 10 31 31
0468_0013_0012_0067_0067.jpg 1 13 12 67 67
0469_0034_0023_0060_0060.jpg 1 34 23 60 60
0470_0005_0022_0053_0053.jpg 1 5 22 53 53
0471_0015_0017_0066_0066.jpg 1 15 17 66 66
0472_0030_0008_0053_0053.jpg 1 30 8 53 53
0473_0026_0021_0067_0067.jpg 1 26 21 67 67
0474_0043_0023_0043_0043.jpg 1 43 23 43 43
0475_0050_0053_0039_0039.jpg 1 50 53 39 39
0476_0029_0035_0053_0053.jpg 1 29 35 53 53
0477_0029_0034_0055_0055.jpg 1 29 34 55 55
0478_0040_0027_0028_0028.jpg 1 40 27 28 28
0479_0009_0031_0063_0063.jpg 1 9 31 63 63
0480_0056_0009_0027_0027.jpg 1 56 9 27 27
0481_0011_0011_0053_0053.jpg 1 11 11 53 53
0482_0057_0041_0036_0036.jpg 1 57 41 36 36
0483_0042_0042_0051_0051.jpg 1 42 42 51 51
0484_0007_0017_0056_0056.jpg 1 7 17 56 56
0485_0023_0030_0045_0045.jpg 1 23 30 45 45
0486_0019_0041_0024_0024.jpg 1 19 41 24 24
0487_0026_0025_0060_0060.jpg 1 26 25 60 60
0488_0008_0047_0032_0032.jpg 1 8 47 32 32
0489_0043_0008_0035_0035.jpg 1 43 8 35 35
0490_0008_0052_0032_0032.jpg 1 8 52 32 32
0491_0014_0007_0027_0027.jpg 1 14 7 27 27
0492_0010_0027_0066_0066.jpg 1 10 27 66 66
0493_0004_0015_0053_0053.jpg 1 4 15 53 53
0494_0032_0033_0053_0053.jpg 1 32 33 53 53
0495_0021_0039_0025_0025.jpg 1 21 39 25 25
0496_0021_0032_0059_0059.jpg 1 21 32 59 59
0497_0017_0012_0046_0046.jpg 1 17 12 46 46
0498_0005_0013_0068_0068.jpg 1 5 13 68 68
0499_0032_0038_0031_0031.jpg 1 32 38 31 31
0500_0026_0023_0065_0065.jpg 1 26 23 65 65
0501_0044_0008_0033_0033.jpg 1 44 8 33 33
0502_0015_0036_0052_0052.jpg 1 15 36 52 52
0503_0017_0028_0061_0061.jpg 1 17 28 61 61
0504_0030_0021_0062_0062.jpg 1 30 21 62 62
0505_0004_0011_0061_0061.jpg 1 4 11 61 61
0506_0033_0010_0057_0057.jpg 1 33 10 57 57
0507_0027_0025_0063_0063.jpg 1 27 25 63 63
0508_0015_0004_0068_0068.jpg 1 15 4 68 68
0509_0006_0025_0056_0056.jpg 1 6 25 56 56
0510_0015_0019_0033_0033.jpg 1 15 19 33 33
0511_0022_0052_0030_0030.jpg 1 22 52 30 30
0512_0055_0047_0035_0035.jpg 1 55 47 35 35
0513_0007_0011_0059_0059.jpg 1 7 11 59 59
0514_0022_0008_0064_0064.jpg 1 22 8 64 64
0515_0031_0027_0028_0028.jpg 1 31 27 28 28
0516_0010_0030_0043_0043.jpg 1 10 30 43 43
0517_0027_0046_0035_0035.jpg 1 27 46 35 35
0518_0017_0040_0054_0054.jpg 1 17 40 54 54
0519_0016_0023_0068_0068.jpg 1 16 23 68 68
0520_0036_0040_0038_0038.jpg 1 36 40 38 38
0521_0018_0031_0026_0026.jpg 1 18 31 26 26
0522_0015_0028_0061_0061.jpg 1 15 28 61 61
0523_0024_0031_0062_0062.jpg 1 24 31 62 62
0524_0026_0016_0040_0040.jpg 1 26 16 40 40
0525_0055_0015_0031_0031.jpg 1 55 15 31 31
0526_0027_0050_0037_0037.jpg 1 27 50 37 37
0527_0026_0026_0039_0039.jpg 1 26 26 39 39
0528_0012_0029_0060_0060.jpg 1 12 29 60 60
0529_0031_0021_0040_0040.jpg 1 31 21 40 40
0530_0026_0008_0056_0056.jpg 1 26 8 56 56
0531_0021_0006_0041_0041.jpg 1 21 6 41 41
0532_0023_0007_0046_0046.jpg 1 23 7 46 46
0533_0029_0026_0042_0042.jpg 1 29 26 42 42
0534_0044_0028_0044_0044.jpg 1 44 28 44 44
0535_0029_0028_0029_0029.jpg 1 29 28 29 29
0536_0047_0023_0045_0045.jpg 1 47 23 45 45
0537_0059_0052_0030_0030.jpg 1 59 52 30 30
0538_0043_0036_0039_0039.jpg 1 43 36 39 39
0539_0048_0006_0035_0035.jpg 1 48 6 35 35
0540_0047_0008_0037_0037.jpg 1 47 8 37 37
0541_0038_0020_0044_0044.jpg 1 38 20 44 44
0542_0021_0008_0032_0032.jpg 1 21 8 32 32
0543_0032_0021_0059_0059.jpg 1 32 21 59 59
0544_0026_0044_0044_0044.jpg 1 26 44 44 44
0545_0048_0051_0028_0028.jpg 1 48 51 28 28
0546_0005_0009_0064_0064.jpg 1 5 9 64 64
0547_0026_0026_0054_0054.jpg 1 26 26 54 54
0548_0012_0008_0054_0054.jpg 1 12 8 54 54
0549_0014_0047_0036_0036.jpg 1 14 47 36 36
0550_0005_0029_0057_0057.jpg 1 5 29 57 57
0551_0025_0037_0058_0058.jpg 1 25 37 58 58
0552_0034_0037_0034_0034.jpg 1 34 37 34 34
0553_0012_0023_0054_0054.jpg 1 12 23 54 54
0554_0033_0019_0060_0060.jpg 1 33 19 60 60
0555_0037_0012_0044_0044.jpg 1 37 12 44 44
0556_0008_0024_0062_0062.jpg 1 8 24 62 62
0557_0032_0034_0042_0042.jpg 1 32 34 42 42
0558_0031_0006_0058_0058.jpg 1 31 6 58 58
0559_0026_0040_0041_0041.jpg 1 26 40 41 41
0560_0014_0031_0036_0036.jpg 1 14 31 36 36
0561_0009_0032_0038_0038.jpg 1 9 32 38 38
0562_0055_0017_0033_0033.jpg 1 55 17 33 33
0563_0044_0057_0030_0030.jpg 1 44 57 30 30
0564_0027_0015_0061_0061.jpg 1 27 15 61 61
0565_0011_0015_0053_0053.jpg 1 11 15 53 53
0566_0014_0035_0043_0043.jpg 1 14 35 43 43
0567_0010_0018_0052_0052.jpg 1 10 18 52 52
0568_0014_0018_0055_0055.jpg 1 14 18 55 55
0569_0024_0040_0046_0046.jpg 1 24 40 46 46
0570_0029_0017_0066_0066.jpg 1 29 17 66 66
0571_0006_0031_0062_0062.jpg 1 6 31 62 62
0572_0019_0026_0067_0067.jpg 1 19 26 67 67
0573_0011_0025_0057_0057.jpg 1 11 25 57 57
0574_0012_0013_0048_0048.jpg 1 12 13 48 48
0575_0036_0038_0029_0029.jpg 1 36 38 29 29
0576_0012_0045_0029_0029.jpg 1 12 45 29 29
0577_0013_0008_0059_0059.jpg 1 13 8 59 59
0578_0027_0016_0063_0063.jpg 1 27 16 63 63
0579_0010_0009_0067_0067.jpg 1 10 9 67 67
0580_0033_0031_0027_0027.jpg 1 33 31 27 27
0581_0063_0015_0024_0024.jpg 1 63 15 24 24
0582_0024_0022_0057_0057.jpg 1 24 22 57 57
0583_0019_0019_0060_0060.jpg 1 19 19 60 60
0584_0037_0012_0046_0046.jpg 1 37 12 46 46
0585_0027_0026_0051_0051.jpg 1 27 26 51 51
0586_0040_0029_0041_0041.jpg 1 40 29 41 41
0587_0053_0051_0031_0031.jpg 1 53 51 31 31
0588_0017_0007_0041_0041.jpg 1 17 7 41 41
0589_0009_0027_0062_0062.jpg 1 9 27 62 62
0590_0011_0010_0045_0045.jpg 1 11 10 45 45
0591_0004_0024_0058_0058.jpg 1 4 24 58 58
0592_0036_0029_0055_0055.jpg 1 36 29 55 55
0593_0025_0021_0067_0067.jpg 1 25 21 67 67
0594_0031_0050_0031_0031.jpg 1 31 50 31 31
0595_0063_0012_0028_0028.jpg 1 63 12 28 28
0596_0022_0010_0069_0069.jpg 1 22 10 69 69
0597_0046_0043_0047_0047.jpg 1 46 43 47 47
0598_0012_0026_0059_0059.jpg 1 12 26 59 59
0599_0037_0035_0055_0055.jpg 1 37 35 55 55
0600_0005_0029_0057_0057.jpg 1 5 29 57 57
0601_0030_0053_0039_0039.jpg 1 30 53 39 39
0602_0028_0017_0053_0053.jpg 1 28 17 53 53
0603_0042_0016_0037_0037.jpg 1 42 16 37 37
0604_0065_0052_0027_0027.jpg 1 65 52 27 27
0605_0016_0020_0053_0053.jpg 1 16 20 53 53
0606_0021_0041_0051_0051.jpg 1 21 41 51 51
0607_0017_0048_0029_0029.jpg 1 17 48 29 29
0608_0009_0011_0056_0056.jpg 1 9 11 56 56
0609_0007_0044_0039_0039.jpg 1 7 44 39 39
0610_0004_0015_0066_0066.jpg 1 4 15 66 66
0611_0050_0058_0034_0034.jpg 1 50 58 34 34
0612_0014_0013_0062_0062.jpg 1 14 13 62 62
0613_0052_0008_0027_0027.jpg 1 52 8 27 27
0614_0033_0030_0040_0040.jpg 1 33 30 40 40
0615_0017_0053_0035_0035.jpg 1 17 53 35 35
0616_0033_0054_0038_0038.jpg 1 33 54 38 38
0617_0019_0022_0042_0042.jpg 1 19 22 42 42
0618_0021_0011_0056_0056.jpg 1 21 11 56 56
0619_0055_0044_0027_0027.jpg 1 55 44 27 27
0620_0029_0014_0062_0062.jpg 1 29 14 62 62
0621_0008_0012_0029_0029.jpg 1 8 12 29 29
0622_0044_0026_0032_0032.jpg 1 44 26 32 32
0623_0031_0038_0041_0041.jpg 1 31 38 41 41
0624_0031_0007_0052_0052.jpg 1 31 7 52 52
0625_0015_0026_0027_0027.jpg 1 15 26 27 27
0626_0040_0008_0051_0051.jpg 1 40 8 51 51
0627_0023_0026_0057_0057.jpg 1 23 26 57 57
0628_0005_0026_0066_0066.jpg 1 5 26 66 66
0629_0048_0032_0024_0024.jpg 1 48 32 24 24
0630_0012_0014_0068_0068.jpg 1 12 14 68 68
0631_0008_0015_0033_0033.jpg 1 8 15 33 33
0632_0032_0020_0059_0059.jpg 1 32 20 59 59
0633_0039_0022_0037_0037.jpg 1 39 22 37 37
0634_0015_0004_0068_0068.jpg 1 15 4 68 68
0635_0014_0047_0043_0043.jpg 1 14 47 43 43
0636_0025_0007_0069_0069.jpg 1 25 7 69 69
0637_0024_0009_0042_0042.jpg 1 24 9 42 42
0638_0048_0052_0032_0032.jpg 1 48 52 32 32
0639_0010_0018_0067_0067.jpg 1 10 18 67 67
0640_0043_0029_0042_0042.jpg 1 43 29 42 42
0641_0014_0025_0068_0068.jpg 1 14 25 68 68
0642_0039_0056_0034_0034.jpg 1 39 56 34 34
0643_0019_0046_0025_0025.jpg 1 19 46 25 25
0644_0019_0006_0067_0067.jpg 1 19 6 67 67
0645_0025_0007_0060_0060.jpg 1 25 7 60 60
0646_0005_0032_0049_0049.jpg 1 5 32 49 49
0647_0022_0007_0063_0063.jpg 1 22 7 63 63
0648_0038_0031_0057_0057.jpg 1 38 31 57 57
0649_0026_0003_0068_0068.jpg 1 26 3 68 68
0650_0033_0039_0041_0041.jpg 1 33 39 41 41
0651_0025_0032_0054_0054.jpg 1 25 32 54 54
0652_0017_0014_0064_0064.jpg 1 17 14 64 64
0653_0034_0009_0054_0054.jpg 1 34 9 54 54
0654_0042_0024_0028_0028.jpg 1 42 24 28 28
0655_0020_0016_0043_0043.jpg 1 20 16 43 43
0656_0023_0012_0068_0068.jpg 1 23 12 68 68
0657_0022_0018_0059_0059.jpg 1 22 18 59 59
0658_0015_0020_0035_0035.jpg 1 15 20 35 35
0659_0030_0025_0055_0055.jpg 1 30 25 55 55
0660_0005_0033_0042_0042.jpg 1 5 33 42 42
0661_0021_0008_0068_0068.jpg 1 21 8 68 68
0662_0005_0020_0067_0067.jpg 1 5 20 67 67
0663_0040_0045_0042_0042.jpg 1 40 45 42 42
0664_0008_0009_0063_0063.jpg 1 8 9 63 63
0665_0012_0013_0068_0068.jpg 1 12 13 68 68
0666_0035_0007_0037_0037.jpg 1 35 7 37 37
0667_0007_0030_0045_0045.jpg 1 7 30 45 45
0668_0053_0027_0037_0037.jpg 1 53 27 37 37
0669_0016_0043_0043_0043.jpg 1 16 43 43 43
0670_0022_0016_0062_0062.jpg 1 22 16 62 62
0671_0018_0016_0032_0032.jpg 1 18 16 32 32
0672_0028_0022_0063_0063.jpg 1 28 22 63 63
0673_0010_0004_0069_0069.jpg 1 10 4 69 69
0674_0048_0023_0033_0033.jpg 1 48 23 33 33
0675_0041_0048_0031_0031.jpg 1 41 48 31 31
0676_0049_0034_0038_0038.jpg 1 49 34 38 38
0677_0032_0019_0061_0061.jpg 1 32 19 61 61
0678_0059_0008_0031_0031.jpg 1 59 8 31 31
0679_0029_0022_0051_0051.jpg 1 29 22 51 51
0680_0040_0036_0046_0046.jpg 1 40 36 46 46
0681_0036_0050_0039_0039.jpg 1 36 50 39 39
0682_0024_0025_0033_0033.jpg 1 24 25 33 33
0683_0011_0013_0051_0051.jpg 1 11 13 51 51
0684_0023_0018_0063_0063.jpg 1 23 18 63 63
0685_0028_0030_0028_0028.jpg 1 28 30 28 28
0686_0005_0014_0058_0058.jpg 1 5 14 58 58
0687_0051_0045_0028_0028.jpg 1 51 45 28 28
0688_0034_0021_0039_0039.jpg 1 34 21 39 39
0689_0012_0006_0069_0069.jpg 1 12 6 69 69
0690_0010_0032_0041_0041.jpg 1 10 32 41 41
0691_0021_0026_0064_0064.jpg 1 21 26 64 64
0692_0009_0018_0037_0037.jpg 1 9 18 37 37
0693_0041_0055_0034_0034.jpg 1 41 55 34 34
0694_0008_0010_0065_0065.jpg 1 8 10 65 65
0695_0006_0007_0043_0043.jpg 1 6 7 43 43
0696_0007_0013_0064_0064.jpg 1 7 13 64 64
0697_0011_0020_0048_0048.jpg 1 11 20 48 48
0698_0010_0034_0061_0061.jpg 1 10 34 61 61
0699_0015_0043_0045_0045.jpg 1 15 43 45 45
0700_0006_0012_0063_0063.jpg 1 6 12 63 63
0701_0037_0037_0037_0037.jpg 1 37 37 37 37
0702_0019_0012_0064_0064.jpg 1 19 12 64 64
0703_0010_0029_0056_0056.jpg 1 10 29 56 56
0704_0013_0043_0037_0037.jpg 1 13 43 37 37
0705_0027_0037_0050_0050.jpg 1 27 37 50 50
0706_0037_0052_0025_0025.jpg 1 37 52 25 25
0707_0045_0056_0031_0031.jpg 1 45 56 31 31
0708_0057_0011_0030_0030.jpg 1 57 11 30 30
0709_0011_0016_0034_0034.jpg 1 11 16 34 34
0710_0036_0021_0029_0029.jpg 1 36 21 29 29
0711_0031_0037_0045_0045.jpg 1 31 37 45 45
0712_0054_0020_0028_0028.jpg 1 54 20 28 28
0713_0014_0029_0031_0031.jpg 1 14 29 31 31
0714_0010_0007_0050_0050.jpg 1 10 7 50 50
0715_0017_0036_0039_0039.jpg 1 17 36 39 39
0716_0009_0010_0056_0056.jpg 1 9 10 56 56
0717_0041_0022_0038_0038.jpg 1 41 22 38 38
0718_0010_0012_0025_0025.jpg 1 10 12 25 25
0719_0017_0008_0068_0068.jpg 1 17 8 68 68
0720_0015_0022_0060_0060.jpg 1 15 22 60 60
0721_0012_0011_0049_0049.jpg 1 12 11 49 49
0722_0023_0041_0026_0026.jpg 1 23 41 26 26
0723_0021_0014_0065_0065.jpg 1 21 14 65 65
0724_0012_0011_0025_0025.jpg 1 12 11 25 25
0725_0016_0021_0064_0064.jpg 1 16 21 64 64
0726_0009_0026_0061_0061.jpg 1 9 26 61 61
0727_0016_0015_0044_0044.jpg 1 16 15 44 44
0728_0041_0035_0038_0038.jpg 1 41 35 38 38
0729_0034_0043_0027_0027.jpg 1 34 43 27 27
0730_0009_0031_0065_0065.jpg 1 9 31 65 65
0731_0064_0062_0026_0026.jpg 1 64 62 26 26
0732_0040_0026_0044_0044.jpg 1 40 26 44 44
0733_0035_0056_0036_0036.jpg 1 35 56 36 36
0734_0026_0040_0024_0024.jpg 1 26 40 24 24
0735_0058_0037_0029_0029.jpg 1 58 37 29 29
0736_0017_0043_0035_0035.jpg 1 17 43 35 35
0737_0025_0003_0067_0067.jpg 1 25 3 67 67
0738_0038_0039_0054_0054.jpg 1 38 39 54 54
0739_0010_0014_0065_0065.jpg 1 10 14 65 65
0740_0037_0064_0026_0026.jpg 1 37 64 26 26
0741_0020_0012_0065_0065.jpg 1 20 12 65 65
0742_0038_0045_0046_0046.jpg 1 38 45 46 46
0743_0032_0027_0030_0030.jpg 1 32 27 30 30
0744_0022_0032_0044_0044.jpg 1 22 32 44 44
0745_0015_0028_0067_0067.jpg 1 15 28 67 67
0746_0061_0014_0026_0026.jpg 1 61 14 26 26
0747_0027_0033_0059_0059.jpg 1 27 33 59 59
0748_0021_0032_0043_0043.jpg 1 21 32 43 43
0749_0007_0025_0048_0048.jpg 1 7 25 48 48
0750_0040_0021_0047_0047.jpg 1 40 21 47 47
0751_0020_0033_0057_0057.jpg 1 20 33 57 57
0752_0034_0059_0032_0032.jpg 1 34 59 32 32
0753_0016_0021_0035_0035.jpg 1 16 21 35 35
0754_0041_0036_0054_0054.jpg 1 41 36 54 54
0755_0037_0017_0039_0039.jpg 1 37 17 39 39
0756_0022_0024_0060_0060.jpg 1 22 24 60 60
0757_0055_0036_0031_0031.jpg 1 55 36 31 31
0758_0027_0034_0032_0032.jpg 1 27 34 32 32
0759_0020_0011_0027_0027.jpg 1 20 11 27 27
0760_0025_0012_0045_0045.jpg 1 25 12 45 45
0761_0037_0036_0046_0046.jpg 1 37 36 46 46
0762_0010_0033_0033_0033.jpg 1 10 33 33 33
0763_0038_0016_0049_0049.jpg 1 38 16 49 49
0764_0026_0011_0029_0029.jpg 1 26 11 29 29
0765_0015_0004_0060_0060.jpg 1 15 4 60 60
0766_0029_0021_0063_0063.jpg 1 29 21 63 63
0767_0008_0044_0038_0038.jpg 1 8 44 38 38
0768_0052_0036_0039_0039.jpg 1 52 36 39 39
0769_0028_0008_0040_0040.jpg 1 28 8 40 40
0770_0043_0039_0036_0036.jpg 1 43 39 36 36
0771_0025_0027_0067_0067.jpg 1 25 27 67 67
0772_0012_0031_0039_0039.jpg 1 12 31 39 39
0773_0022_0005_0061_0061.jpg 1 22 5 61 61
0774_0010_0020_0032_0032.jpg 1 10 20 32 32
0775_0027_0017_0061_0061.jpg 1 27 17 61 61
0776_0009_0008_0068_0068.jpg 1 9 8 68 68
0777_0032_0041_0039_0039.jpg 1 32 41 39 39
0778_0006_0028_0046_0046.jpg 1 6 28 46 46
0779_0023_0035_0038_0038.jpg 1 23 35 38 38
0780_0024_0023_0069_0069.jpg 1 24 23 69 69
0781_0025_0015_0048_0048.jpg 1 25 15 48 48
0782_0061_0010_0025_0025.jpg 1 61 10 25 25
0783_0044_0010_0048_0048.jpg 1 44 10 48 48
0784_0024_0029_0037_0037.jpg 1 24 29 37 37
0785_0009_0034_0057_0057.jpg 1 9 34 57 57
0786_0045_0032_0038_0038.jpg 1 45 32 38 38
0787_0016_0052_0029_0029.jpg 1 16 52 29 29
0788_0025_0048_0034_0034.jpg 1 25 48 34 34
0789_0021_0034_0055_0055.jpg 1 21 34 55 55
0790_0037_0033_0032_0032.jpg 1 37 33 32 32
0791_0005_0027_0053_0053.jpg 1 5 27 53 53
0792_0007_0016_0029_0029.jpg 1 7 16 29 29
0793_0004_0013_0057_0057.jpg 1 4 13 57 57
0794_0014_0048_0044_0044.jpg 1 14 48 44 44
0795_0012_0015_0059_0059.jpg 1 12 15 59 59
0796_0014_0038_0054_0054.jpg 1 14 38 54 54
0797_0044_0053_0038_0038.jpg 1 44 53 38 38
0798_0019_0009_0066_0066.jpg 1 19 9 66 66
0799_0022_0017_0060_0060.jpg 1 22 17 60 60
0800_0006_0014_0053_0053.jpg 1 6 14 53 53
