0001_0005_0024_0066_0066.jpg 1 5 24 66 66
0002_0022_0022_0031_0031.jpg 1 22 22 31 31
0003_0048_0048_0034_0034.jpg 1 48 48 34 34
0004_0033_0040_0029_0029.jpg 1 33 40 29 29
0005_0005_0025_0057_0057.jpg 1 5 25 57 57
0006_0011_0009_0069_0069.jpg 1 11 9 69 69
0007_0032_0026_0043_0043.jpg 1 32 26 43 43
0008_0029_0033_0062_0062.jpg 1 29 33 62 62
0009_0017_0030_0049_0049.jpg 1 17 30 49 49
0010_0035_0027_0056_0056.jpg 1 35 27 56 56
0011_0016_0010_0037_0037.jpg 1 16 10 37 37
0012_0027_0016_0053_0053.jpg 1 27 16 53 53
0013_0019_0046_0043_0043.jpg 1 19 46 43 43
0014_0039_0040_0044_0044.jpg 1 39 40 44 44
0015_0030_0006_0064_0064.jpg 1 30 6 64 64
0016_0023_0011_0045_0045.jpg 1 23 11 45 45
0017_0028_0016_0040_0040.jpg 1 28 16 40 40
0018_0035_0028_0024_0024.jpg 1 35 28 24 24
0019_0017_0027_0069_0069.jpg 1 17 27 69 69
0020_0027_0048_0027_0027.jpg 1 27 48 27 27
0021_0027_0014_0063_0063.jpg 1 27 14 63 63
0022_0051_0013_0040_0040.jpg 1 51 13 40 40
0023_0009_0023_0067_0067.jpg 1 9 23 67 67
0024_0017_0016_0065_0065.jpg 1 17 16 65 65
0025_0033_0013_0043_0043.jpg 1 33 13 43 43
0026_0004_0031_0054_0054.jpg 1 4 31 54 54
0027_0009_0017_0058_0058.jpg 1 9 17 58 58
0028_0012_0030_0055_0055.jpg 1 12 30 55 55
0029_0027_0035_0025_0025.jpg 1 27 35 25 25
0030_0034_0031_0048_0048.jpg 1 34 31 48 48
0031_0013_0010_0064_0064.jpg 1 13 10 64 64
0032_0021_0019_0063_0063.jpg 1 21 19 63 63
0033_0013_0018_0065_0065.jpg 1 13 18 65 65
0034_0040_0047_0033_0033.jpg 1 40 47 33 33
0035_0018_0019_0029_0029.jpg 1 18 19 29 29
0036_0032_0020_0056_0056.jpg 1 32 20 56 56
0037_0021_0026_0036_0036.jpg 1 21 26 36 36
0038_0004_0011_0060_0060.jpg 1 4 11 60 60
0039_0020_0054_0029_0029.jpg 1 20 54 29 29
0040_0016_0046_0031_0031.jpg 1 16 46 31 31
0041_0011_0015_0041_0041.jpg 1 11 15 41 41
0042_0007_0025_0064_0064.jpg 1 7 25 64 64
0043_0024_0011_0058_0058.jpg 1 24 11 58 58
0044_0005_0026_0067_0067.jpg 1 5 26 67 67
0045_0042_0019_0053_0053.jpg 1 42 19 53 53
0046_0031_0037_0025_0025.jpg 1 31 37 25 25
0047_0059_0050_0032_0032.jpg 1 59 50 32 32
0048_0033_0040_0053_0053.jpg 1 33 40 53 53
0049_0014_0044_0050_0050.jpg 1 14 44 50 50
0050_0027_0018_0065_0065.jpg 1 27 18 65 65
0051_0022_0037_0043_0043.jpg 1 22 37 43 43
0052_0017_0030_0062_0062.jpg 1 17 30 62 62
0053_0029_0051_0028_0028.jpg 1 29 51 28 28
0054_0017_0030_0060_0060.jpg 1 17 30 60 60
0055_0040_0022_0050_0050.jpg 1 40 22 50 50
0056_0012_0016_0069_0069.jpg 1 12 16 69 69
0057_0036_0020_0058_0058.jpg 1 36 20 58 58
0058_0040_0013_0034_0034.jpg 1 40 13 34 34
0059_0031_0010_0063_0063.jpg 1 31 10 63 63
0060_0036_0017_0053_0053.jpg 1 36 17 53 53
0061_0025_0020_0060_0060.jpg 1 25 20 60 60
0062_0022_0028_0047_0047.jpg 1 22 28 47 47
0063_0028_0010_0065_0065.jpg 1 28 10 65 65
0064_0035_0031_0045_0045.jpg 1 35 31 45 45
0065_0031_0023_0060_0060.jpg 1 31 23 60 60
0066_0025_0032_0059_0059.jpg 1 25 32 59 59
0067_0008_0037_0035_0035.jpg 1 8 37 35 35
0068_0024_0013_0060_0060.jpg 1 24 13 60 60
0069_0056_0046_0036_0036.jpg 1 56 46 36 36
0070_0016_0029_0065_0065.jpg 1 16 29 65 65
0071_0023_0006_0062_0062.jpg 1 23 6 62 62
0072_0039_0047_0035_0035.jpg 1 39 47 35 35
0073_0016_0038_0054_0054.jpg 1 16 38 54 54
0074_0013_0029_0038_0038.jpg 1 13 29 38 38
0075_0031_0040_0036_0036.jpg 1 31 40 36 36
0076_0049_0032_0024_0024.jpg 1 49 32 24 24
0077_0015_0031_0030_0030.jpg 1 15 31 30 30
0078_0025_0015_0067_0067.jpg 1 25 15 67 67
0079_0033_0017_0040_0040.jpg 1 33 17 40 40
0080_0004_0011_0060_0060.jpg 1 4 11 60 60
0081_0016_0048_0045_0045.jpg 1 16 48 45 45
0082_0025_0024_0042_0042.jpg 1 25 24 42 42
0083_0028_0010_0058_0058.jpg 1 28 10 58 58
0084_0013_0023_0044_0044.jpg 1 13 23 44 44
0085_0029_0050_0029_0029.jpg 1 29 50 29 29
0086_0017_0018_0064_0064.jpg 1 17 18 64 64
0087_0011_0031_0029_0029.jpg 1 11 31 29 29
0088_0044_0011_0039_0039.jpg 1 44 11 39 39
0089_0031_0022_0044_0044.jpg 1 31 22 44 44
0090_0037_0015_0054_0054.jpg 1 37 15 54 54
0091_0012_0005_0051_0051.jpg 1 12 5 51 51
0092_0054_0013_0038_0038.jpg 1 54 13 38 38
0093_0020_0011_0032_0032.jpg 1 20 11 32 32
0094_0042_0053_0035_0035.jpg 1 42 53 35 35
0095_0046_0033_0041_0041.jpg 1 46 33 41 41
0096_0048_0023_0032_0032.jpg 1 48 23 32 32
0097_0030_0014_0060_0060.jpg 1 30 14 60 60
0098_0020_0044_0031_0031.jpg 1 20 44 31 31
0099_0010_0017_0067_0067.jpg 1 10 17 67 67
0100_0016_0013_0049_0049.jpg 1 16 13 49 49
0101_0049_0057_0034_0034.jpg 1 49 57 34 34
0102_0041_0008_0025_0025.jpg 1 41 8 25 25
0103_0024_0005_0065_0065.jpg 1 24 5 65 65
0104_0008_0044_0033_0033.jpg 1 8 44 33 33
0105_0019_0014_0064_0064.jpg 1 19 14 64 64
0106_0043_0033_0043_0043.jpg 1 43 33 43 43
0107_0029_0021_0067_0067.jpg 1 29 21 67 67
0108_0015_0057_0031_0031.jpg 1 15 57 31 31
0109_0030_0045_0029_0029.jpg 1 30 45 29 29
0110_0006_0033_0050_0050.jpg 1 6 33 50 50
0111_0036_0009_0058_0058.jpg 1 36 9 58 58
0112_0028_0016_0050_0050.jpg 1 28 16 50 50
0113_0009_0020_0068_0068.jpg 1 9 20 68 68
0114_0035_0031_0048_0048.jpg 1 35 31 48 48
0115_0006_0011_0059_0059.jpg 1 6 11 59 59
0116_0011_0010_0041_0041.jpg 1 11 10 41 41
0117_0034_0028_0031_0031.jpg 1 34 28 31 31
0118_0041_0045_0031_0031.jpg 1 41 45 31 31
0119_0012_0036_0059_0059.jpg 1 12 36 59 59
0120_0017_0052_0029_0029.jpg 1 17 52 29 29
0121_0009_0027_0063_0063.jpg 1 9 27 63 63
0122_0017_0052_0027_0027.jpg 1 17 52 27 27
0123_0027_0029_0067_0067.jpg 1 27 29 67 67
0124_0017_0003_0069_0069.jpg 1 17 3 69 69
0125_0027_0018_0063_0063.jpg 1 27 18 63 63
0126_0040_0031_0051_0051.jpg 1 40 31 51 51
0127_0010_0006_0053_0053.jpg 1 10 6 53 53
0128_0030_0013_0051_0051.jpg 1 30 13 51 51
0129_0049_0009_0043_0043.jpg 1 49 9 43 43
0130_0008_0011_0028_0028.jpg 1 8 11 28 28
0131_0020_0057_0032_0032.jpg 1 20 57 32 32
0132_0036_0034_0051_0051.jpg 1 36 34 51 51
0133_0022_0029_0039_0039.jpg 1 22 29 39 39
0134_0009_0040_0046_0046.jpg 1 9 40 46 46
0135_0019_0047_0040_0040.jpg 1 19 47 40 40
0136_0056_0021_0033_0033.jpg 1 56 21 33 33
0137_0012_0039_0040_0040.jpg 1 12 39 40 40
0138_0023_0016_0068_0068.jpg 1 23 16 68 68
0139_0015_0032_0043_0043.jpg 1 15 32 43 43
0140_0020_0038_0053_0053.jpg 1 20 38 53 53
0141_0043_0038_0036_0036.jpg 1 43 38 36 36
0142_0018_0007_0044_0044.jpg 1 18 7 44 44
0143_0042_0045_0039_0039.jpg 1 42 45 39 39
0144_0014_0028_0062_0062.jpg 1 14 28 62 62
0145_0010_0013_0049_0049.jpg 1 10 13 49 49
0146_0042_0037_0048_0048.jpg 1 42 37 48 48
0147_0004_0030_0056_0056.jpg 1 4 30 56 56
0148_0029_0044_0031_0031.jpg 1 29 44 31 31
0149_0034_0017_0049_0049.jpg 1 34 17 49 49
0150_0013_0014_0066_0066.jpg 1 13 14 66 66
0151_0008_0015_0067_0067.jpg 1 8 15 67 67
0152_0032_0028_0056_0056.jpg 1 32 28 56 56
0153_0013_0006_0065_0065.jpg 1 13 6 65 65
0154_0019_0017_0065_0065.jpg 1 19 17 65 65
0155_0025_0028_0061_0061.jpg 1 25 28 61 61
0156_0004_0007_0064_0064.jpg 1 4 7 64 64
0157_0042_0016_0044_0044.jpg 1 42 16 44 44
0158_0021_0022_0067_0067.jpg 1 21 22 67 67
0159_0033_0040_0053_0053.jpg 1 33 40 53 53
0160_0023_0027_0061_0061.jpg 1 23 27 61 61
0161_0011_0036_0044_0044.jpg 1 11 36 44 44
0162_0015_0021_0057_0057.jpg 1 15 21 57 57
0163_0040_0019_0037_0037.jpg 1 40 19 37 37
0164_0026_0007_0037_0037.jpg 1 26 7 37 37
0165_0019_0011_0061_0061.jpg 1 19 11 61 61
0166_0024_0007_0046_0046.jpg 1 24 7 46 46
0167_0056_0034_0036_0036.jpg 1 56 34 36 36
0168_0013_0027_0045_0045.jpg 1 13 27 45 45
0169_0027_0027_0025_0025.jpg 1 27 27 25 25
0170_0058_0054_0033_0033.jpg 1 58 54 33 33
0171_0042_0036_0048_0048.jpg 1 42 36 48 48
0172_0006_0031_0064_0064.jpg 1 6 31 64 64
0173_0021_0011_0064_0064.jpg 1 21 11 64 64
0174_0055_0061_0024_0024.jpg 1 55 61 24 24
0175_0030_0021_0029_0029.jpg 1 30 21 29 29
0176_0055_0047_0035_0035.jpg 1 55 47 35 35
0177_0006_0023_0055_0055.jpg 1 6 23 55 55
0178_0007_0045_0043_0043.jpg 1 7 45 43 43
0179_0017_0048_0042_0042.jpg 1 17 48 42 42
0180_0012_0040_0049_0049.jpg 1 12 40 49 49
0181_0016_0026_0046_0046.jpg 1 16 26 46 46
0182_0029_0033_0032_0032.jpg 1 29 33 32 32
0183_0005_0037_0053_0053.jpg 1 5 37 53 53
0184_0015_0005_0065_0065.jpg 1 15 5 65 65
0185_0019_0017_0063_0063.jpg 1 19 17 63 63
0186_0048_0024_0027_0027.jpg 1 48 24 27 27
0187_0012_0010_0035_0035.jpg 1 12 10 35 35
0188_0009_0014_0037_0037.jpg 1 9 14 37 37
0189_0018_0007_0056_0056.jpg 1 18 7 56 56
0190_0019_0038_0050_0050.jpg 1 19 38 50 50
0191_0039_0010_0055_0055.jpg 1 39 10 55 55
0192_0037_0036_0055_0055.jpg 1 37 36 55 55
0193_0009_0035_0024_0024.jpg 1 9 35 24 24
0194_0031_0019_0051_0051.jpg 1 31 19 51 51
0195_0021_0014_0044_0044.jpg 1 21 14 44 44
0196_0008_0009_0066_0066.jpg 1 8 9 66 66
0197_0024_0031_0052_0052.jpg 1 24 31 52 52
0198_0051_0020_0036_0036.jpg 1 51 20 36 36
0199_0051_0036_0042_0042.jpg 1 51 36 42 42
0200_0020_0005_0057_0057.jpg 1 20 5 57 57
0201_0030_0014_0036_0036.jpg 1 30 14 36 36
0202_0024_0024_0067_0067.jpg 1 24 24 67 67
0203_0023_0004_0061_0061.jpg 1 23 4 61 61
0204_0058_0058_0026_0026.jpg 1 58 58 26 26
0205_0030_0027_0056_0056.jpg 1 30 27 56 56
0206_0014_0015_0046_0046.jpg 1 14 15 46 46
0207_0019_0006_0068_0068.jpg 1 19 6 68 68
0208_0018_0024_0054_0054.jpg 1 18 24 54 54
0209_0017_0052_0033_0033.jpg 1 17 52 33 33
0210_0028_0005_0063_0063.jpg 1 28 5 63 63
0211_0027_0015_0047_0047.jpg 1 27 15 47 47
0212_0018_0023_0059_0059.jpg 1 18 23 59 59
0213_0008_0043_0047_0047.jpg 1 8 43 47 47
0214_0036_0054_0028_0028.jpg 1 36 54 28 28
0215_0031_0010_0050_0050.jpg 1 31 10 50 50
0216_0027_0012_0066_0066.jpg 1 27 12 66 66
0217_0055_0039_0031_0031.jpg 1 55 39 31 31
0218_0010_0005_0060_0060.jpg 1 10 5 60 60
0219_0008_0035_0031_0031.jpg 1 8 35 31 31
0220_0045_0025_0033_0033.jpg 1 45 25 33 33
0221_0050_0038_0032_0032.jpg 1 50 38 32 32
0222_0028_0008_0028_0028.jpg 1 28 8 28 28
0223_0008_0022_0064_0064.jpg 1 8 22 64 64
0224_0019_0024_0044_0044.jpg 1 19 24 44 44
0225_0018_0057_0027_0027.jpg 1 18 57 27 27
0226_0038_0016_0050_0050.jpg 1 38 16 50 50
0227_0020_0024_0036_0036.jpg 1 20 24 36 36
0228_0021_0024_0040_0040.jpg 1 21 24 40 40
0229_0024_0008_0050_0050.jpg 1 24 8 50 50
0230_0028_0017_0058_0058.jpg 1 28 17 58 58
0231_0012_0025_0063_0063.jpg 1 12 25 63 63
0232_0026_0013_0068_0068.jpg 1 26 13 68 68
0233_0021_0019_0049_0049.jpg 1 21 19 49 49
0234_0013_0007_0064_0064.jpg 1 13 7 64 64
0235_0012_0055_0024_0024.jpg 1 12 55 24 24
0236_0021_0004_0065_0065.jpg 1 21 4 65 65
0237_0014_0010_0056_0056.jpg 1 14 10 56 56
0238_0020_0025_0037_0037.jpg 1 20 25 37 37
0239_0029_0058_0024_0024.jpg 1 29 58 24 24
0240_0045_0020_0038_0038.jpg 1 45 20 38 38
0241_0011_0012_0059_0059.jpg 1 11 12 59 59
0242_0006_0043_0038_0038.jpg 1 6 43 38 38
0243_0032_0008_0062_0062.jpg 1 32 8 62 62
0244_0032_0015_0056_0056.jpg 1 32 15 56 56
0245_0009_0012_0069_0069.jpg 1 9 12 69 69
0246_0056_0040_0035_0035.jpg 1 56 40 35 35
0247_0018_0026_0061_0061.jpg 1 18 26 61 61
0248_0012_0026_0025_0025.jpg 1 12 26 25 25
0249_0040_0024_0032_0032.jpg 1 40 24 32 32
0250_0013_0023_0065_0065.jpg 1 13 23 65 65
0251_0023_0030_0036_0036.jpg 1 23 30 36 36
0252_0015_0061_0030_0030.jpg 1 15 61 30 30
0253_0034_0025_0045_0045.jpg 1 34 25 45 45
0254_0025_0015_0050_0050.jpg 1 25 15 50 50
0255_0017_0037_0041_0041.jpg 1 17 37 41 41
0256_0016_0039_0048_0048.jpg 1 16 39 48 48
0257_0063_0053_0027_0027.jpg 1 63 53 27 27
0258_0049_0037_0027_0027.jpg 1 49 37 27 27
0259_0023_0032_0052_0052.jpg 1 23 32 52 52
0260_0033_0020_0030_0030.jpg 1 33 20 30 30
0261_0038_0035_0053_0053.jpg 1 38 35 53 53
0262_0030_0016_0024_0024.jpg 1 30 16 24 24
0263_0032_0007_0062_0062.jpg 1 32 7 62 62
0264_0011_0026_0044_0044.jpg 1 11 26 44 44
0265_0003_0023_0069_0069.jpg 1 3 23 69 69
0266_0027_0014_0038_0038.jpg 1 27 14 38 38
0267_0009_0010_0046_0046.jpg 1 9 10 46 46
0268_0013_0017_0053_0053.jpg 1 13 17 53 53
0269_0027_0022_0029_0029.jpg 1 27 22 29 29
0270_0012_0048_0034_0034.jpg 1 12 48 34 34
0271_0021_0032_0062_0062.jpg 1 21 32 62 62
0272_0063_0012_0026_0026.jpg 1 63 12 26 26
0273_0027_0036_0045_0045.jpg 1 27 36 45 45
0274_0032_0012_0051_0051.jpg 1 32 12 51 51
0275_0013_0013_0058_0058.jpg 1 13 13 58 58
0276_0026_0028_0054_0054.jpg 1 26 28 54 54
0277_0017_0027_0025_0025.jpg 1 17 27 25 25
0278_0037_0039_0050_0050.jpg 1 37 39 50 50
0279_0034_0015_0060_0060.jpg 1 34 15 60 60
0280_0027_0026_0032_0032.jpg 1 27 26 32 32
0281_0037_0006_0040_0040.jpg 1 37 6 40 40
0282_0014_0030_0056_0056.jpg 1 14 30 56 56
0283_0057_0050_0030_0030.jpg 1 57 50 30 30
0284_0030_0021_0060_0060.jpg 1 30 21 60 60
0285_0006_0011_0050_0050.jpg 1 6 11 50 50
0286_0021_0017_0067_0067.jpg 1 21 17 67 67
0287_0015_0038_0029_0029.jpg 1 15 38 29 29
0288_0006_0016_0066_0066.jpg 1 6 16 66 66
0289_0042_0021_0047_0047.jpg 1 42 21 47 47
0290_0063_0018_0028_0028.jpg 1 63 18 28 28
0291_0034_0058_0028_0028.jpg 1 34 58 28 28
0292_0024_0032_0062_0062.jpg 1 24 32 62 62
0293_0036_0024_0053_0053.jpg 1 36 24 53 53
0294_0029_0029_0063_0063.jpg 1 29 29 63 63
0295_0020_0026_0059_0059.jpg 1 20 26 59 59
0296_0027_0026_0069_0069.jpg 1 27 26 69 69
0297_0029_0007_0058_0058.jpg 1 29 7 58 58
0298_0010_0004_0069_0069.jpg 1 10 4 69 69
0299_0026_0006_0067_0067.jpg 1 26 6 67 67
0300_0031_0013_0034_0034.jpg 1 31 13 34 34
0301_0022_0028_0055_0055.jpg 1 22 28 55 55
0302_0025_0032_0062_0062.jpg 1 25 32 62 62
0303_0035_0029_0060_0060.jpg 1 35 29 60 60
0304_0007_0027_0064_0064.jpg 1 7 27 64 64
0305_0055_0037_0032_0032.jpg 1 55 37 32 32
0306_0023_0026_0038_0038.jpg 1 23 26 38 38
0307_0012_0007_0068_0068.jpg 1 12 7 68 68
0308_0032_0015_0058_0058.jpg 1 32 15 58 58
0309_0019_0035_0052_0052.jpg 1 19 35 52 52
0310_0024_0026_0064_0064.jpg 1 24 26 64 64
0311_0034_0025_0050_0050.jpg 1 34 25 50 50
0312_0045_0042_0043_0043.jpg 1 45 42 43 43
0313_0046_0020_0037_0037.jpg 1 46 20 37 37
0314_0034_0021_0055_0055.jpg 1 34 21 55 55
0315_0058_0028_0024_0024.jpg 1 58 28 24 24
0316_0042_0011_0051_0051.jpg 1 42 11 51 51
0317_0048_0027_0034_0034.jpg 1 48 27 34 34
0318_0026_0039_0056_0056.jpg 1 26 39 56 56
0319_0033_0040_0050_0050.jpg 1 33 40 50 50
0320_0049_0014_0033_0033.jpg 1 49 14 33 33
0321_0009_0055_0034_0034.jpg 1 9 55 34 34
0322_0034_0029_0037_0037.jpg 1 34 29 37 37
0323_0038_0035_0041_0041.jpg 1 38 35 41 41
0324_0030_0013_0028_0028.jpg 1 30 13 28 28
0325_0030_0016_0049_0049.jpg 1 30 16 49 49
0326_0032_0053_0034_0034.jpg 1 32 53 34 34
0327_0047_0038_0043_0043.jpg 1 47 38 43 43
0328_0033_0020_0048_0048.jpg 1 33 20 48 48
0329_0003_0011_0068_0068.jpg 1 3 11 68 68
0330_0049_0054_0031_0031.jpg 1 49 54 31 31
0331_0044_0021_0046_0046.jpg 1 44 21 46 46
0332_0035_0027_0054_0054.jpg 1 35 27 54 54
0333_0024_0048_0026_0026.jpg 1 24 48 26 26
0334_0029_0038_0057_0057.jpg 1 29 38 57 57
0335_0038_0040_0030_0030.jpg 1 38 40 30 30
0336_0027_0010_0069_0069.jpg 1 27 10 69 69
0337_0020_0009_0031_0031.jpg 1 20 9 31 31
0338_0040_0041_0054_0054.jpg 1 40 41 54 54
0339_0049_0058_0031_0031.jpg 1 49 58 31 31
0340_0018_0011_0069_0069.jpg 1 18 11 69 69
0341_0017_0012_0035_0035.jpg 1 17 12 35 35
0342_0048_0025_0024_0024.jpg 1 48 25 24 24
0343_0004_0010_0058_0058.jpg 1 4 10 58 58
0344_0035_0011_0044_0044.jpg 1 35 11 44 44
0345_0036_0013_0036_0036.jpg 1 36 13 36 36
0346_0013_0019_0042_0042.jpg 1 13 19 42 42
0347_0040_0039_0047_0047.jpg 1 40 39 47 47
0348_0024_0016_0042_0042.jpg 1 24 16 42 42
0349_0039_0055_0038_0038.jpg 1 39 55 38 38
0350_0030_0026_0060_0060.jpg 1 30 26 60 60
0351_0008_0018_0037_0037.jpg 1 8 18 37 37
0352_0040_0025_0050_0050.jpg 1 40 25 50 50
0353_0055_0030_0029_0029.jpg 1 55 30 29 29
0354_0009_0016_0067_0067.jpg 1 9 16 67 67
0355_0009_0019_0069_0069.jpg 1 9 19 69 69
0356_0041_0051_0033_0033.jpg 1 41 51 33 33
0357_0018_0040_0031_0031.jpg 1 18 40 31 31
0358_0024_0036_0034_0034.jpg 1 24 36 34 34
0359_0027_0015_0049_0049.jpg 1 27 15 49 49
0360_0011_0020_0024_0024.jpg 1 11 20 24 24
0361_0022_0030_0063_0063.jpg 1 22 30 63 63
0362_0026_0040_0048_0048.jpg 1 26 40 48 48
0363_0035_0051_0026_0026.jpg 1 35 51 26 26
0364_0041_0038_0024_0024.jpg 1 41 38 24 24
0365_0062_0048_0031_0031.jpg 1 62 48 31 31
0366_0025_0012_0062_0062.jpg 1 25 12 62 62
0367_0027_0017_0064_0064.jpg 1 27 17 64 64
0368_0012_0032_0040_0040.jpg 1 12 32 40 40
0369_0033_0027_0040_0040.jpg 1 33 27 40 40
0370_0039_0013_0046_0046.jpg 1 39 13 46 46
0371_0020_0035_0052_0052.jpg 1 20 35 52 52
0372_0017_0023_0029_0029.jpg 1 17 23 29 29
0373_0037_0024_0040_0040.jpg 1 37 24 40 40
0374_0012_0009_0038_0038.jpg 1 12 9 38 38
0375_0054_0025_0034_0034.jpg 1 54 25 34 34
0376_0029_0035_0048_0048.jpg 1 29 35 48 48
0377_0007_0010_0059_0059.jpg 1 7 10 59 59
0378_0048_0009_0045_0045.jpg 1 48 9 45 45
0379_0026_0034_0054_0054.jpg 1 26 34 54 54
0380_0022_0007_0025_0025.jpg 1 22 7 25 25
0381_0013_0022_0063_0063.jpg 1 13 22 63 63
0382_0051_0037_0027_0027.jpg 1 51 37 27 27
0383_0023_0055_0029_0029.jpg 1 23 55 29 29
0384_0044_0020_0037_0037.jpg 1 44 20 37 37
0385_0042_0007_0029_0029.jpg 1 42 7 29 29
0386_0005_0031_0055_0055.jpg 1 5 31 55 55
0387_0019_0029_0060_0060.jpg 1 19 29 60 60
0388_0027_0033_0060_0060.jpg 1 27 33 60 60
0389_0035_0026_0056_0056.jpg 1 35 26 56 56
0390_0010_0044_0033_0033.jpg 1 10 44 33 33
0391_0031_0043_0033_0033.jpg 1 31 43 33 33
0392_0041_0021_0047_0047.jpg 1 41 21 47 47
0393_0031_0031_0036_0036.jpg 1 31 31 36 36
0394_0059_0025_0028_0028.jpg 1 59 25 28 28
0395_0043_0011_0034_0034.jpg 1 43 11 34 34
0396_0023_0016_0069_0069.jpg 1 23 16 69 69
0397_0030_0042_0036_0036.jpg 1 30 42 36 36
0398_0021_0035_0059_0059.jpg 1 21 35 59 59
0399_0018_0026_0034_0034.jpg 1 18 26 34 34
0400_0028_0045_0029_0029.jpg 1 28 45 29 29
0401_0015_0010_0031_0031.jpg 1 15 10 31 31
0402_0033_0016_0030_0030.jpg 1 33 16 30 30
0403_0022_0007_0058_0058.jpg 1 22 7 58 58
0404_0021_0008_0026_0026.jpg 1 21 8 26 26
0405_0017_0012_0052_0052.jpg 1 17 12 52 52
0406_0006_0019_0060_0060.jpg 1 6 19 60 60
0407_0054_0049_0029_0029.jpg 1 54 49 29 29
0408_0026_0020_0045_0045.jpg 1 26 20 45 45
0409_0023_0044_0041_0041.jpg 1 23 44 41 41
0410_0044_0031_0034_0034.jpg 1 44 31 34 34
0411_0012_0033_0054_0054.jpg 1 12 33 54 54
0412_0008_0023_0067_0067.jpg 1 8 23 67 67
0413_0006_0005_0048_0048.jpg 1 6 5 48 48
0414_0060_0048_0029_0029.jpg 1 60 48 29 29
0415_0006_0022_0067_0067.jpg 1 6 22 67 67
0416_0039_0010_0044_0044.jpg 1 39 10 44 44
0417_0036_0018_0045_0045.jpg 1 36 18 45 45
0418_0006_0036_0054_0054.jpg 1 6 36 54 54
0419_0008_0011_0029_0029.jpg 1 8 11 29 29
0420_0040_0039_0031_0031.jpg 1 40 39 31 31
0421_0030_0057_0036_0036.jpg 1 30 57 36 36
0422_0033_0020_0051_0051.jpg 1 33 20 51 51
0423_0040_0006_0036_0036.jpg 1 40 6 36 36
0424_0014_0048_0046_0046.jpg 1 14 48 46 46
0425_0034_0038_0036_0036.jpg 1 34 38 36 36
0426_0017_0030_0049_0049.jpg 1 17 30 49 49
0427_0020_0008_0065_0065.jpg 1 20 8 65 65
0428_0048_0033_0043_0043.jpg 1 48 33 43 43
0429_0020_0016_0026_0026.jpg 1 20 16 26 26
0430_0025_0023_0049_0049.jpg 1 25 23 49 49
0431_0008_0045_0024_0024.jpg 1 8 45 24 24
0432_0028_0020_0061_0061.jpg 1 28 20 61 61
0433_0021_0006_0049_0049.jpg 1 21 6 49 49
0434_0026_0046_0046_0046.jpg 1 26 46 46 46
0435_0014_0031_0041_0041.jpg 1 14 31 41 41
0436_0057_0046_0033_0033.jpg 1 57 46 33 33
0437_0015_0026_0055_0055.jpg 1 15 26 55 55
0438_0032_0026_0043_0043.jpg 1 32 26 43 43
0439_0022_0009_0062_0062.jpg 1 22 9 62 62
0440_0025_0017_0067_0067.jpg 1 25 17 67 67
0441_0010_0036_0054_0054.jpg 1 10 36 54 54
0442_0013_0015_0062_0062.jpg 1 13 15 62 62
0443_0017_0029_0052_0052.jpg 1 17 29 52 52
0444_0004_0008_0068_0068.jpg 1 4 8 68 68
0445_0024_0038_0051_0051.jpg 1 24 38 51 51
0446_0005_0034_0051_0051.jpg 1 5 34 51 51
0447_0048_0054_0038_0038.jpg 1 48 54 38 38
0448_0011_0012_0066_0066.jpg 1 11 12 66 66
0449_0043_0007_0052_0052.jpg 1 43 7 52 52
0450_0008_0010_0051_0051.jpg 1 8 10 51 51
0451_0008_0005_0049_0049.jpg 1 8 5 49 49
0452_0031_0021_0056_0056.jpg 1 31 21 56 56
0453_0030_0012_0065_0065.jpg 1 30 12 65 65
0454_0028_0024_0058_0058.jpg 1 28 24 58 58
0455_0041_0047_0045_0045.jpg 1 41 47 45 45
0456_0013_0004_0060_0060.jpg 1 13 4 60 60
0457_0028_0028_0063_0063.jpg 1 28 28 63 63
0458_0008_0013_0068_0068.jpg 1 8 13 68 68
0459_0014_0031_0062_0062.jpg 1 14 31 62 62
0460_0025_0030_0062_0062.jpg 1 25 30 62 62
0461_0046_0011_0034_0034.jpg 1 46 11 34 34
0462_0023_0013_0050_0050.jpg 1 23 13 50 50
0463_0014_0034_0061_0061.jpg 1 14 34 61 61
0464_0017_0031_0064_0064.jpg 1 17 31 64 64
0465_0030_0028_0059_0059.jpg 1 30 28 59 59
0466_0033_0042_0035_0035.jpg 1 33 42 35 35
0467_0010_0010_0058_0058.jpg 1 10 10 58 58
0468_0042_0035_0050_0050.jpg 1 42 35 50 50
0469_0018_0053_0036_0036.jpg 1 18 53 36 36
0470_0020_0035_0035_0035.jpg 1 20 35 35 35
0471_0033_0010_0057_0057.jpg 1 33 10 57 57
0472_0060_0045_0032_0032.jpg 1 60 45 32 32
0473_0011_0008_0064_0064.jpg 1 11 8 64 64
0474_0028_0028_0060_0060.jpg 1 28 28 60 60
0475_0004_0007_0066_0066.jpg 1 4 7 66 66
0476_0025_0009_0059_0059.jpg 1 25 9 59 59
0477_0055_0016_0031_0031.jpg 1 55 16 31 31
0478_0004_0033_0061_0061.jpg 1 4 33 61 61
0479_0026_0029_0059_0059.jpg 1 26 29 59 59
0480_0005_0007_0069_0069.jpg 1 5 7 69 69
0481_0020_0030_0035_0035.jpg 1 20 30 35 35
0482_0022_0020_0048_0048.jpg 1 22 20 48 48
0483_0008_0028_0064_0064.jpg 1 8 28 64 64
0484_0014_0029_0044_0044.jpg 1 14 29 44 44
0485_0011_0021_0065_0065.jpg 1 11 21 65 65
0486_0012_0005_0064_0064.jpg 1 12 5 64 64
0487_0027_0041_0027_0027.jpg 1 27 41 27 27
0488_0035_0044_0028_0028.jpg 1 35 44 28 28
0489_0011_0039_0029_0029.jpg 1 11 39 29 29
0490_0010_0038_0034_0034.jpg 1 10 38 34 34
0491_0038_0022_0056_0056.jpg 1 38 22 56 56
0492_0059_0044_0027_0027.jpg 1 59 44 27 27
0493_0017_0030_0054_0054.jpg 1 17 30 54 54
0494_0025_0017_0037_0037.jpg 1 25 17 37 37
0495_0015_0029_0050_0050.jpg 1 15 29 50 50
0496_0030_0027_0044_0044.jpg 1 30 27 44 44
0497_0008_0050_0036_0036.jpg 1 8 50 36 36
0498_0019_0009_0048_0048.jpg 1 19 9 48 48
0499_0045_0025_0046_0046.jpg 1 45 25 46 46
0500_0008_0008_0025_0025.jpg 1 8 8 25 25
0501_0040_0042_0037_0037.jpg 1 40 42 37 37
0502_0048_0026_0038_0038.jpg 1 48 26 38 38
0503_0035_0038_0039_0039.jpg 1 35 38 39 39
0504_0053_0036_0037_0037.jpg 1 53 36 37 37
0505_0018_0008_0055_0055.jpg 1 18 8 55 55
0506_0007_0027_0027_0027.jpg 1 7 27 27 27
0507_0010_0018_0039_0039.jpg 1 10 18 39 39
0508_0035_0027_0058_0058.jpg 1 35 27 58 58
0509_0031_0039_0039_0039.jpg 1 31 39 39 39
0510_0029_0032_0056_0056.jpg 1 29 32 56 56
0511_0008_0025_0063_0063.jpg 1 8 25 63 63
0512_0014_0029_0066_0066.jpg 1 14 29 66 66
0513_0029_0009_0050_0050.jpg 1 29 9 50 50
0514_0059_0027_0028_0028.jpg 1 59 27 28 28
0515_0033_0029_0043_0043.jpg 1 33 29 43 43
0516_0049_0045_0044_0044.jpg 1 49 45 44 44
0517_0025_0017_0068_0068.jpg 1 25 17 68 68
0518_0026_0005_0054_0054.jpg 1 26 5 54 54
0519_0012_0011_0057_0057.jpg 1 12 11 57 57
0520_0010_0008_0066_0066.jpg 1 10 8 66 66
0521_0036_0050_0039_0039.jpg 1 36 50 39 39
0522_0037_0033_0046_0046.jpg 1 37 33 46 46
0523_0012_0009_0041_0041.jpg 1 12 9 41 41
0524_0033_0061_0024_0024.jpg 1 33 61 24 24
0525_0059_0061_0027_0027.jpg 1 59 61 27 27
0526_0035_0045_0045_0045.jpg 1 35 45 45 45
0527_0012_0042_0043_0043.jpg 1 12 42 43 43
0528_0008_0017_0044_0044.jpg 1 8 17 44 44
0529_0003_0028_0066_0066.jpg 1 3 28 66 66
0530_0036_0013_0029_0029.jpg 1 36 13 29 29
0531_0048_0024_0044_0044.jpg 1 48 24 44 44
0532_0059_0044_0026_0026.jpg 1 59 44 26 26
0533_0015_0015_0066_0066.jpg 1 15 15 66 66
0534_0052_0065_0024_0024.jpg 1 52 65 24 24
0535_0012_0059_0033_0033.jpg 1 12 59 33 33
0536_0053_0008_0040_0040.jpg 1 53 8 40 40
0537_0027_0007_0068_0068.jpg 1 27 7 68 68
0538_0030_0041_0046_0046.jpg 1 30 41 46 46
0539_0032_0042_0037_0037.jpg 1 32 42 37 37
0540_0045_0054_0029_0029.jpg 1 45 54 29 29
0541_0016_0038_0053_0053.jpg 1 16 38 53 53
0542_0047_0054_0026_0026.jpg 1 47 54 26 26
0543_0012_0017_0052_0052.jpg 1 12 17 52 52
0544_0036_0035_0047_0047.jpg 1 36 35 47 47
0545_0024_0021_0064_0064.jpg 1 24 21 64 64
0546_0014_0029_0059_0059.jpg 1 14 29 59 59
0547_0015_0031_0058_0058.jpg 1 15 31 58 58
0548_0013_0048_0040_0040.jpg 1 13 48 40 40
0549_0016_0038_0027_0027.jpg 1 16 38 27 27
0550_0004_0013_0064_0064.jpg 1 4 13 64 64
0551_0049_0061_0024_0024.jpg 1 49 61 24 24
0552_0007_0009_0046_0046.jpg 1 7 9 46 46
0553_0029_0043_0042_0042.jpg 1 29 43 42 42
0554_0053_0038_0035_0035.jpg 1 53 38 35 35
0555_0041_0039_0043_0043.jpg 1 41 39 43 43
0556_0045_0035_0042_0042.jpg 1 45 35 42 42
0557_0033_0031_0060_0060.jpg 1 33 31 60 60
0558_0032_0010_0051_0051.jpg 1 32 10 51 51
0559_0027_0015_0050_0050.jpg 1 27 15 50 50
0560_0040_0045_0036_0036.jpg 1 40 45 36 36
0561_0020_0010_0051_0051.jpg 1 20 10 51 51
0562_0038_0015_0052_0052.jpg 1 38 15 52 52
0563_0032_0035_0047_0047.jpg 1 32 35 47 47
0564_0022_0021_0063_0063.jpg 1 22 21 63 63
0565_0015_0060_0029_0029.jpg 1 15 60 29 29
0566_0019_0027_0046_0046.jpg 1 19 27 46 46
0567_0009_0033_0040_0040.jpg 1 9 33 40 40
0568_0016_0053_0036_0036.jpg 1 16 53 36 36
0569_0014_0017_0052_0052.jpg 1 14 17 52 52
0570_0013_0047_0041_0041.jpg 1 13 47 41 41
0571_0043_0036_0046_0046.jpg 1 43 36 46 46
0572_0017_0030_0035_0035.jpg 1 17 30 35 35
0573_0028_0007_0061_0061.jpg 1 28 7 61 61
0574_0028_0024_0058_0058.jpg 1 28 24 58 58
0575_0036_0052_0025_0025.jpg 1 36 52 25 25
0576_0018_0025_0048_0048.jpg 1 18 25 48 48
0577_0020_0013_0069_0069.jpg 1 20 13 69 69
0578_0019_0024_0069_0069.jpg 1 19 24 69 69
0579_0026_0027_0051_0051.jpg 1 26 27 51 51
0580_0026_0011_0063_0063.jpg 1 26 11 63 63
0581_0017_0014_0068_0068.jpg 1 17 14 68 68
0582_0020_0012_0061_0061.jpg 1 20 12 61 61
0583_0031_0039_0052_0052.jpg 1 31 39 52 52
0584_0054_0053_0024_0024.jpg 1 54 53 24 24
0585_0008_0006_0036_0036.jpg 1 8 6 36 36
0586_0020_0023_0059_0059.jpg 1 20 23 59 59
0587_0005_0026_0045_0045.jpg 1 5 26 45 45
0588_0007_0057_0033_0033.jpg 1 7 57 33 33
0589_0036_0037_0048_0048.jpg 1 36 37 48 48
0590_0024_0037_0033_0033.jpg 1 24 37 33 33
0591_0009_0043_0026_0026.jpg 1 9 43 26 26
0592_0034_0024_0051_0051.jpg 1 34 24 51 51
0593_0008_0038_0035_0035.jpg 1 8 38 35 35
0594_0046_0065_0024_0024.jpg 1 46 65 24 24
0595_0040_0020_0053_0053.jpg 1 40 20 53 53
0596_0029_0008_0048_0048.jpg 1 29 8 48 48
0597_0016_0037_0047_0047.jpg 1 16 37 47 47
0598_0012_0025_0051_0051.jpg 1 12 25 51 51
0599_0034_0034_0060_0060.jpg 1 34 34 60 60
0600_0017_0018_0069_0069.jpg 1 17 18 69 69
0601_0025_0050_0029_0029.jpg 1 25 50 29 29
0602_0030_0016_0027_0027.jpg 1 30 16 27 27
0603_0031_0011_0052_0052.jpg 1 31 11 52 52
0604_0037_0030_0025_0025.jpg 1 37 30 25 25
0605_0038_0025_0053_0053.jpg 1 38 25 53 53
0606_0030_0037_0053_0053.jpg 1 30 37 53 53
0607_0026_0022_0064_0064.jpg 1 26 22 64 64
0608_0009_0004_0063_0063.jpg 1 9 4 63 63
0609_0019_0007_0025_0025.jpg 1 19 7 25 25
0610_0028_0014_0056_0056.jpg 1 28 14 56 56
0611_0035_0058_0035_0035.jpg 1 35 58 35 35
0612_0027_0013_0044_0044.jpg 1 27 13 44 44
0613_0039_0018_0044_0044.jpg 1 39 18 44 44
0614_0034_0033_0059_0059.jpg 1 34 33 59 59
0615_0019_0011_0067_0067.jpg 1 19 11 67 67
0616_0028_0047_0041_0041.jpg 1 28 47 41 41
0617_0011_0025_0065_0065.jpg 1 11 25 65 65
0618_0033_0036_0050_0050.jpg 1 33 36 50 50
0619_0016_0031_0056_0056.jpg 1 16 31 56 56
0620_0003_0018_0069_0069.jpg 1 3 18 69 69
0621_0025_0019_0026_0026.jpg 1 25 19 26 26
0622_0045_0022_0032_0032.jpg 1 45 22 32 32
0623_0045_0007_0029_0029.jpg 1 45 7 29 29
0624_0008_0034_0025_0025.jpg 1 8 34 25 25
0625_0056_0018_0034_0034.jpg 1 56 18 34 34
0626_0020_0053_0037_0037.jpg 1 20 53 37 37
0627_0054_0027_0032_0032.jpg 1 54 27 32 32
0628_0014_0021_0061_0061.jpg 1 14 21 61 61
0629_0027_0025_0037_0037.jpg 1 27 25 37 37
0630_0021_0023_0069_0069.jpg 1 21 23 69 69
0631_0059_0018_0031_0031.jpg 1 59 18 31 31
0632_0018_0058_0031_0031.jpg 1 18 58 31 31
0633_0009_0011_0058_0058.jpg 1 9 11 58 58
0634_0035_0021_0037_0037.jpg 1 35 21 37 37
0635_0015_0009_0066_0066.jpg 1 15 9 66 66
0636_0033_0016_0024_0024.jpg 1 33 16 24 24
0637_0009_0006_0049_0049.jpg 1 9 6 49 49
0638_0013_0025_0061_0061.jpg 1 13 25 61 61
0639_0015_0020_0061_0061.jpg 1 15 20 61 61
0640_0018_0009_0059_0059.jpg 1 18 9 59 59
0641_0021_0019_0063_0063.jpg 1 21 19 63 63
0642_0029_0023_0025_0025.jpg 1 29 23 25 25
0643_0038_0034_0030_0030.jpg 1 38 34 30 30
0644_0025_0019_0065_0065.jpg 1 25 19 65 65
0645_0009_0024_0061_0061.jpg 1 9 24 61 61
0646_0024_0027_0049_0049.jpg 1 24 27 49 49
0647_0022_0003_0065_0065.jpg 1 22 3 65 65
0648_0007_0020_0054_0054.jpg 1 7 20 54 54
0649_0019_0036_0055_0055.jpg 1 19 36 55 55
0650_0019_0027_0069_0069.jpg 1 19 27 69 69
0651_0013_0016_0055_0055.jpg 1 13 16 55 55
0652_0009_0015_0038_0038.jpg 1 9 15 38 38
0653_0015_0009_0030_0030.jpg 1 15 9 30 30
0654_0033_0044_0041_0041.jpg 1 33 44 41 41
0655_0040_0009_0046_0046.jpg 1 40 9 46 46
0656_0052_0016_0024_0024.jpg 1 52 16 24 24
0657_0045_0027_0046_0046.jpg 1 45 27 46 46
0658_0025_0015_0066_0066.jpg 1 25 15 66 66
0659_0047_0047_0041_0041.jpg 1 47 47 41 41
0660_0033_0007_0058_0058.jpg 1 33 7 58 58
0661_0017_0014_0040_0040.jpg 1 17 14 40 40
0662_0017_0018_0067_0067.jpg 1 17 18 67 67
0663_0042_0040_0036_0036.jpg 1 42 40 36 36
0664_0024_0045_0035_0035.jpg 1 24 45 35 35
0665_0007_0011_0049_0049.jpg 1 7 11 49 49
0666_0019_0016_0062_0062.jpg 1 19 16 62 62
0667_0011_0018_0049_0049.jpg 1 11 18 49 49
0668_0021_0006_0047_0047.jpg 1 21 6 47 47
0669_0020_0035_0025_0025.jpg 1 20 35 25 25
0670_0052_0045_0041_0041.jpg 1 52 45 41 41
0671_0058_0018_0032_0032.jpg 1 58 18 32 32
0672_0007_0018_0031_0031.jpg 1 7 18 31 31
0673_0022_0021_0064_0064.jpg 1 22 21 64 64
0674_0022_0027_0069_0069.jpg 1 22 27 69 69
0675_0029_0023_0065_0065.jpg 1 29 23 65 65
0676_0027_0009_0036_0036.jpg 1 27 9 36 36
0677_0040_0021_0039_0039.jpg 1 40 21 39 39
0678_0012_0009_0057_0057.jpg 1 12 9 57 57
0679_0033_0024_0061_0061.jpg 1 33 24 61 61
0680_0009_0053_0036_0036.jpg 1 9 53 36 36
0681_0051_0014_0035_0035.jpg 1 51 14 35 35
0682_0018_0014_0038_0038.jpg 1 18 14 38 38
0683_0005_0032_0048_0048.jpg 1 5 32 48 48
0684_0025_0006_0052_0052.jpg 1 25 6 52 52
0685_0015_0007_0068_0068.jpg 1 15 7 68 68
0686_0034_0039_0041_0041.jpg 1 34 39 41 41
0687_0011_0053_0036_0036.jpg 1 11 53 36 36
0688_0019_0032_0030_0030.jpg 1 19 32 30 30
0689_0024_0013_0036_0036.jpg 1 24 13 36 36
0690_0010_0023_0056_0056.jpg 1 10 23 56 56
0691_0014_0015_0057_0057.jpg 1 14 15 57 57
0692_0023_0017_0035_0035.jpg 1 23 17 35 35
0693_0022_0010_0054_0054.jpg 1 22 10 54 54
0694_0048_0046_0035_0035.jpg 1 48 46 35 35
0695_0014_0019_0044_0044.jpg 1 14 19 44 44
0696_0053_0031_0026_0026.jpg 1 53 31 26 26
0697_0035_0046_0029_0029.jpg 1 35 46 29 29
0698_0014_0052_0028_0028.jpg 1 14 52 28 28
0699_0036_0015_0029_0029.jpg 1 36 15 29 29
0700_0032_0028_0054_0054.jpg 1 32 28 54 54
0701_0041_0045_0024_0024.jpg 1 41 45 24 24
0702_0017_0015_0053_0053.jpg 1 17 15 53 53
0703_0030_0036_0041_0041.jpg 1 30 36 41 41
0704_0048_0050_0032_0032.jpg 1 48 50 32 32
0705_0015_0035_0052_0052.jpg 1 15 35 52 52
0706_0038_0022_0052_0052.jpg 1 38 22 52 52
0707_0041_0047_0043_0043.jpg 1 41 47 43 43
0708_0010_0029_0063_0063.jpg 1 10 29 63 63
0709_0051_0018_0024_0024.jpg 1 51 18 24 24
0710_0008_0020_0047_0047.jpg 1 8 20 47 47
0711_0039_0038_0054_0054.jpg 1 39 38 54 54
0712_0016_0048_0042_0042.jpg 1 16 48 42 42
0713_0028_0030_0037_0037.jpg 1 28 30 37 37
0714_0025_0005_0045_0045.jpg 1 25 5 45 45
0715_0023_0028_0059_0059.jpg 1 23 28 59 59
0716_0043_0023_0032_0032.jpg 1 43 23 32 32
0717_0024_0007_0040_0040.jpg 1 24 7 40 40
0718_0040_0028_0049_0049.jpg 1 40 28 49 49
0719_0038_0024_0055_0055.jpg 1 38 24 55 55
0720_0020_0025_0032_0032.jpg 1 20 25 32 32
0721_0011_0006_0037_0037.jpg 1 11 6 37 37
0722_0014_0035_0052_0052.jpg 1 14 35 52 52
0723_0044_0044_0043_0043.jpg 1 44 44 43 43
0724_0013_0020_0036_0036.jpg 1 13 20 36 36
0725_0020_0011_0041_0041.jpg 1 20 11 41 41
0726_0027_0032_0027_0027.jpg 1 27 32 27 27
0727_0019_0015_0067_0067.jpg 1 19 15 67 67
0728_0006_0031_0056_0056.jpg 1 6 31 56 56
0729_0011_0017_0050_0050.jpg 1 11 17 50 50
0730_0023_0020_0038_0038.jpg 1 23 20 38 38
0731_0043_0023_0031_0031.jpg 1 43 23 31 31
0732_0033_0020_0039_0039.jpg 1 33 20 39 39
0733_0067_0054_0024_0024.jpg 1 67 54 24 24
0734_0019_0010_0053_0053.jpg 1 19 10 53 53
0735_0024_0036_0043_0043.jpg 1 24 36 43 43
0736_0008_0021_0056_0056.jpg 1 8 21 56 56
0737_0038_0031_0049_0049.jpg 1 38 31 49 49
0738_0020_0021_0039_0039.jpg 1 20 21 39 39
0739_0049_0052_0025_0025.jpg 1 49 52 25 25
0740_0011_0043_0030_0030.jpg 1 11 43 30 30
0741_0015_0038_0050_0050.jpg 1 15 38 50 50
0742_0038_0016_0034_0034.jpg 1 38 16 34 34
0743_0049_0022_0040_0040.jpg 1 49 22 40 40
0744_0012_0024_0060_0060.jpg 1 12 24 60 60
0745_0014_0013_0060_0060.jpg 1 14 13 60 60
0746_0027_0021_0061_0061.jpg 1 27 21 61 61
0747_0024_0051_0033_0033.jpg 1 24 51 33 33
0748_0044_0026_0042_0042.jpg 1 44 26 42 42
0749_0039_0055_0036_0036.jpg 1 39 55 36 36
0750_0015_0049_0043_0043.jpg 1 15 49 43 43
0751_0037_0040_0046_0046.jpg 1 37 40 46 46
0752_0034_0006_0052_0052.jpg 1 34 6 52 52
0753_0017_0016_0050_0050.jpg 1 17 16 50 50
0754_0028_0011_0027_0027.jpg 1 28 11 27 27
0755_0025_0017_0043_0043.jpg 1 25 17 43 43
0756_0045_0039_0047_0047.jpg 1 45 39 47 47
0757_0011_0021_0067_0067.jpg 1 11 21 67 67
0758_0016_0029_0061_0061.jpg 1 16 29 61 61
0759_0031_0015_0049_0049.jpg 1 31 15 49 49
0760_0017_0036_0025_0025.jpg 1 17 36 25 25
0761_0021_0041_0039_0039.jpg 1 21 41 39 39
0762_0015_0013_0068_0068.jpg 1 15 13 68 68
0763_0037_0019_0042_0042.jpg 1 37 19 42 42
0764_0022_0017_0031_0031.jpg 1 22 17 31 31
0765_0013_0048_0025_0025.jpg 1 13 48 25 25
0766_0035_0010_0047_0047.jpg 1 35 10 47 47
0767_0027_0013_0064_0064.jpg 1 27 13 64 64
0768_0009_0031_0054_0054.jpg 1 9 31 54 54
0769_0008_0014_0049_0049.jpg 1 8 14 49 49
0770_0014_0011_0069_0069.jpg 1 14 11 69 69
0771_0049_0056_0035_0035.jpg 1 49 56 35 35
0772_0036_0042_0035_0035.jpg 1 36 42 35 35
0773_0053_0059_0026_0026.jpg 1 53 59 26 26
0774_0011_0031_0049_0049.jpg 1 11 31 49 49
0775_0005_0023_0051_0051.jpg 1 5 23 51 51
0776_0041_0018_0053_0053.jpg 1 41 18 53 53
0777_0049_0048_0025_0025.jpg 1 49 48 25 25
0778_0036_0042_0042_0042.jpg 1 36 42 42 42
0779_0016_0026_0062_0062.jpg 1 16 26 62 62
0780_0030_0021_0061_0061.jpg 1 30 21 61 61
0781_0041_0024_0035_0035.jpg 1 41 24 35 35
0782_0008_0025_0032_0032.jpg 1 8 25 32 32
0783_0024_0025_0069_0069.jpg 1 24 25 69 69
0784_0022_0005_0058_0058.jpg 1 22 5 58 58
0785_0020_0004_0069_0069.jpg 1 20 4 69 69
0786_0055_0041_0037_0037.jpg 1 55 41 37 37
0787_0044_0033_0041_0041.jpg 1 44 33 41 41
0788_0026_0031_0033_0033.jpg 1 26 31 33 33
0789_0060_0032_0026_0026.jpg 1 60 32 26 26
0790_0048_0040_0025_0025.jpg 1 48 40 25 25
0791_0012_0034_0054_0054.jpg 1 12 34 54 54
0792_0041_0037_0053_0053.jpg 1 41 37 53 53
0793_0014_0028_0044_0044.jpg 1 14 28 44 44
0794_0027_0054_0030_0030.jpg 1 27 54 30 30
0795_0049_0008_0032_0032.jpg 1 49 8 32 32
0796_0004_0024_0068_0068.jpg 1 4 24 68 68
0797_0045_0052_0037_0037.jpg 1 45 52 37 37
0798_0048_0021_0036_0036.jpg 1 48 21 36 36
0799_0039_0054_0033_0033.jpg 1 39 54 33 33
0800_0029_0013_0062_0062.jpg 1 29 13 62 62
0801_0014_0023_0048_0048.jpg 1 14 23 48 48
0802_0006_0018_0063_0063.jpg 1 6 18 63 63
0803_0033_0025_0057_0057.jpg 1 33 25 57 57
0804_0017_0049_0026_0026.jpg 1 17 49 26 26
0805_0029_0036_0048_0048.jpg 1 29 36 48 48
0806_0043_0038_0045_0045.jpg 1 43 38 45 45
0807_0024_0025_0063_0063.jpg 1 24 25 63 63
0808_0021_0021_0059_0059.jpg 1 21 21 59 59
0809_0022_0009_0043_0043.jpg 1 22 9 43 43
0810_0059_0041_0025_0025.jpg 1 59 41 25 25
0811_0027_0042_0041_0041.jpg 1 27 42 41 41
0812_0038_0030_0054_0054.jpg 1 38 30 54 54
0813_0029_0022_0026_0026.jpg 1 29 22 26 26
0814_0013_0019_0058_0058.jpg 1 13 19 58 58
0815_0022_0020_0068_0068.jpg 1 22 20 68 68
0816_0037_0024_0029_0029.jpg 1 37 24 29 29
0817_0047_0016_0025_0025.jpg 1 47 16 25 25
0818_0007_0012_0034_0034.jpg 1 7 12 34 34
0819_0010_0039_0034_0034.jpg 1 10 39 34 34
0820_0017_0010_0055_0055.jpg 1 17 10 55 55
0821_0042_0030_0033_0033.jpg 1 42 30 33 33
0822_0008_0058_0030_0030.jpg 1 8 58 30 30
0823_0020_0014_0052_0052.jpg 1 20 14 52 52
0824_0022_0048_0044_0044.jpg 1 22 48 44 44
0825_0012_0017_0065_0065.jpg 1 12 17 65 65
0826_0027_0005_0068_0068.jpg 1 27 5 68 68
0827_0018_0040_0041_0041.jpg 1 18 40 41 41
0828_0029_0062_0024_0024.jpg 1 29 62 24 24
0829_0043_0038_0039_0039.jpg 1 43 38 39 39
0830_0012_0032_0028_0028.jpg 1 12 32 28 28
0831_0010_0018_0052_0052.jpg 1 10 18 52 52
0832_0033_0027_0046_0046.jpg 1 33 27 46 46
0833_0045_0008_0041_0041.jpg 1 45 8 41 41
0834_0016_0023_0064_0064.jpg 1 16 23 64 64
0835_0022_0006_0042_0042.jpg 1 22 6 42 42
0836_0008_0015_0063_0063.jpg 1 8 15 63 63
0837_0008_0060_0026_0026.jpg 1 8 60 26 26
0838_0026_0035_0050_0050.jpg 1 26 35 50 50
0839_0019_0018_0050_0050.jpg 1 19 18 50 50
0840_0025_0018_0045_0045.jpg 1 25 18 45 45
0841_0010_0022_0059_0059.jpg 1 10 22 59 59
0842_0042_0036_0043_0043.jpg 1 42 36 43 43
0843_0056_0024_0032_0032.jpg 1 56 24 32 32
0844_0026_0027_0053_0053.jpg 1 26 27 53 53
0845_0010_0024_0056_0056.jpg 1 10 24 56 56
0846_0022_0036_0056_0056.jpg 1 22 36 56 56
0847_0065_0037_0027_0027.jpg 1 65 37 27 27
0848_0032_0015_0044_0044.jpg 1 32 15 44 44
0849_0019_0013_0059_0059.jpg 1 19 13 59 59
0850_0017_0025_0049_0049.jpg 1 17 25 49 49
0851_0017_0026_0029_0029.jpg 1 17 26 29 29
0852_0027_0005_0060_0060.jpg 1 27 5 60 60
0853_0052_0034_0042_0042.jpg 1 52 34 42 42
0854_0020_0030_0042_0042.jpg 1 20 30 42 42
0855_0034_0042_0032_0032.jpg 1 34 42 32 32
0856_0010_0035_0043_0043.jpg 1 10 35 43 43
0857_0025_0047_0028_0028.jpg 1 25 47 28 28
0858_0036_0005_0049_0049.jpg 1 36 5 49 49
0859_0008_0013_0061_0061.jpg 1 8 13 61 61
0860_0035_0020_0054_0054.jpg 1 35 20 54 54
0861_0008_0030_0055_0055.jpg 1 8 30 55 55
0862_0026_0027_0035_0035.jpg 1 26 27 35 35
0863_0020_0029_0024_0024.jpg 1 20 29 24 24
0864_0015_0030_0040_0040.jpg 1 15 30 40 40
0865_0021_0043_0031_0031.jpg 1 21 43 31 31
0866_0038_0030_0042_0042.jpg 1 38 30 42 42
0867_0009_0046_0048_0048.jpg 1 9 46 48 48
0868_0021_0031_0062_0062.jpg 1 21 31 62 62
0869_0034_0016_0039_0039.jpg 1 34 16 39 39
0870_0018_0048_0028_0028.jpg 1 18 48 28 28
0871_0035_0018_0054_0054.jpg 1 35 18 54 54
0872_0047_0047_0043_0043.jpg 1 47 47 43 43
0873_0017_0032_0040_0040.jpg 1 17 32 40 40
0874_0006_0015_0051_0051.jpg 1 6 15 51 51
0875_0044_0044_0045_0045.jpg 1 44 44 45 45
0876_0029_0012_0041_0041.jpg 1 29 12 41 41
0877_0027_0008_0068_0068.jpg 1 27 8 68 68
0878_0043_0007_0047_0047.jpg 1 43 7 47 47
0879_0012_0014_0062_0062.jpg 1 12 14 62 62
0880_0031_0039_0029_0029.jpg 1 31 39 29 29
0881_0030_0005_0060_0060.jpg 1 30 5 60 60
0882_0038_0012_0043_0043.jpg 1 38 12 43 43
0883_0009_0024_0046_0046.jpg 1 9 24 46 46
0884_0044_0027_0043_0043.jpg 1 44 27 43 43
0885_0048_0016_0039_0039.jpg 1 48 16 39 39
0886_0034_0034_0045_0045.jpg 1 34 34 45 45
0887_0012_0009_0037_0037.jpg 1 12 9 37 37
0888_0067_0065_0025_0025.jpg 1 67 65 25 25
0889_0018_0034_0035_0035.jpg 1 18 34 35 35
0890_0023_0028_0050_0050.jpg 1 23 28 50 50
0891_0041_0026_0026_0026.jpg 1 41 26 26 26
0892_0032_0031_0036_0036.jpg 1 32 31 36 36
0893_0008_0035_0024_0024.jpg 1 8 35 24 24
0894_0053_0018_0028_0028.jpg 1 53 18 28 28
0895_0061_0024_0032_0032.jpg 1 61 24 32 32
0896_0013_0012_0054_0054.jpg 1 13 12 54 54
0897_0009_0028_0059_0059.jpg 1 9 28 59 59
0898_0019_0015_0034_0034.jpg 1 19 15 34 34
0899_0007_0012_0036_0036.jpg 1 7 12 36 36
0900_0015_0016_0048_0048.jpg 1 15 16 48 48
0901_0035_0034_0058_0058.jpg 1 35 34 58 58
0902_0046_0021_0043_0043.jpg 1 46 21 43 43
0903_0050_0038_0036_0036.jpg 1 50 38 36 36
0904_0053_0013_0027_0027.jpg 1 53 13 27 27
0905_0038_0048_0045_0045.jpg 1 38 48 45 45
0906_0016_0045_0045_0045.jpg 1 16 45 45 45
0907_0028_0012_0043_0043.jpg 1 28 12 43 43
0908_0014_0016_0069_0069.jpg 1 14 16 69 69
0909_0025_0052_0036_0036.jpg 1 25 52 36 36
0910_0010_0007_0032_0032.jpg 1 10 7 32 32
0911_0004_0026_0064_0064.jpg 1 4 26 64 64
0912_0010_0018_0067_0067.jpg 1 10 18 67 67
0913_0023_0014_0060_0060.jpg 1 23 14 60 60
0914_0008_0026_0056_0056.jpg 1 8 26 56 56
0915_0007_0046_0040_0040.jpg 1 7 46 40 40
0916_0011_0010_0062_0062.jpg 1 11 10 62 62
0917_0027_0010_0036_0036.jpg 1 27 10 36 36
0918_0034_0028_0054_0054.jpg 1 34 28 54 54
0919_0025_0011_0063_0063.jpg 1 25 11 63 63
0920_0011_0005_0061_0061.jpg 1 11 5 61 61
0921_0030_0006_0057_0057.jpg 1 30 6 57 57
0922_0022_0004_0063_0063.jpg 1 22 4 63 63
0923_0023_0024_0065_0065.jpg 1 23 24 65 65
0924_0036_0007_0048_0048.jpg 1 36 7 48 48
0925_0005_0038_0048_0048.jpg 1 5 38 48 48
0926_0029_0014_0050_0050.jpg 1 29 14 50 50
0927_0023_0009_0061_0061.jpg 1 23 9 61 61
0928_0025_0019_0059_0059.jpg 1 25 19 59 59
0929_0019_0029_0050_0050.jpg 1 19 29 50 50
0930_0026_0016_0046_0046.jpg 1 26 16 46 46
0931_0037_0017_0025_0025.jpg 1 37 17 25 25
0932_0030_0050_0031_0031.jpg 1 30 50 31 31
0933_0018_0011_0059_0059.jpg 1 18 11 59 59
0934_0009_0014_0048_0048.jpg 1 9 14 48 48
0935_0008_0013_0050_0050.jpg 1 8 13 50 50
0936_0013_0032_0040_0040.jpg 1 13 32 40 40
0937_0049_0030_0025_0025.jpg 1 49 30 25 25
0938_0015_0037_0053_0053.jpg 1 15 37 53 53
0939_0024_0026_0044_0044.jpg 1 24 26 44 44
0940_0013_0036_0059_0059.jpg 1 13 36 59 59
0941_0052_0020_0035_0035.jpg 1 52 20 35 35
0942_0006_0027_0069_0069.jpg 1 6 27 69 69
0943_0043_0026_0050_0050.jpg 1 43 26 50 50
0944_0047_0051_0032_0032.jpg 1 47 51 32 32
0945_0011_0037_0040_0040.jpg 1 11 37 40 40
0946_0051_0052_0037_0037.jpg 1 51 52 37 37
0947_0025_0046_0030_0030.jpg 1 25 46 30 30
0948_0010_0014_0065_0065.jpg 1 10 14 65 65
0949_0015_0035_0032_0032.jpg 1 15 35 32 32
0950_0048_0045_0029_0029.jpg 1 48 45 29 29
0951_0050_0032_0038_0038.jpg 1 50 32 38 38
0952_0037_0013_0025_0025.jpg 1 37 13 25 25
0953_0025_0016_0038_0038.jpg 1 25 16 38 38
0954_0013_0011_0066_0066.jpg 1 13 11 66 66
0955_0011_0012_0040_0040.jpg 1 11 12 40 40
0956_0009_0013_0049_0049.jpg 1 9 13 49 49
0957_0023_0037_0052_0052.jpg 1 23 37 52 52
0958_0006_0017_0039_0039.jpg 1 6 17 39 39
0959_0030_0031_0033_0033.jpg 1 30 31 33 33
0960_0327_0099_0086_0086.jpg 1 327 99 86 86
0961_0033_0011_0056_0056.jpg 1 33 11 56 56
0962_0034_0054_0039_0039.jpg 1 34 54 39 39
0963_0032_0012_0036_0036.jpg 1 32 12 36 36
0964_0010_0031_0048_0048.jpg 1 10 31 48 48
0965_0050_0044_0038_0038.jpg 1 50 44 38 38
0966_0020_0058_0031_0031.jpg 1 20 58 31 31
0967_0049_0014_0035_0035.jpg 1 49 14 35 35
0968_0015_0041_0053_0053.jpg 1 15 41 53 53
0969_0033_0019_0054_0054.jpg 1 33 19 54 54
0970_0041_0036_0033_0033.jpg 1 41 36 33 33
0971_0009_0029_0057_0057.jpg 1 9 29 57 57
0972_0026_0028_0050_0050.jpg 1 26 28 50 50
0973_0009_0036_0055_0055.jpg 1 9 36 55 55
0974_0007_0007_0057_0057.jpg 1 7 7 57 57
0975_0021_0004_0064_0064.jpg 1 21 4 64 64
0976_0035_0022_0044_0044.jpg 1 35 22 44 44
0977_0014_0041_0036_0036.jpg 1 14 41 36 36
0978_0008_0061_0028_0028.jpg 1 8 61 28 28
0979_0028_0035_0027_0027.jpg 1 28 35 27 27
0980_0043_0044_0035_0035.jpg 1 43 44 35 35
0981_0057_0042_0033_0033.jpg 1 57 42 33 33
0982_0036_0029_0026_0026.jpg 1 36 29 26 26
0983_0010_0015_0060_0060.jpg 1 10 15 60 60
0984_0046_0035_0047_0047.jpg 1 46 35 47 47
0985_0017_0028_0040_0040.jpg 1 17 28 40 40
0986_0017_0036_0047_0047.jpg 1 17 36 47 47
0987_0012_0013_0035_0035.jpg 1 12 13 35 35
0988_0030_0016_0043_0043.jpg 1 30 16 43 43
0989_0018_0028_0065_0065.jpg 1 18 28 65 65
0990_0015_0014_0063_0063.jpg 1 15 14 63 63
0991_0049_0027_0033_0033.jpg 1 49 27 33 33
0992_0051_0052_0028_0028.jpg 1 51 52 28 28
0993_0035_0021_0046_0046.jpg 1 35 21 46 46
0994_0040_0048_0042_0042.jpg 1 40 48 42 42
0995_0005_0020_0045_0045.jpg 1 5 20 45 45
0996_0030_0045_0048_0048.jpg 1 30 45 48 48
0997_0026_0045_0043_0043.jpg 1 26 45 43 43
0998_0017_0061_0032_0032.jpg 1 17 61 32 32
0999_0047_0020_0025_0025.jpg 1 47 20 25 25
1000_0036_0017_0037_0037.jpg 1 36 17 37 37
1001_0019_0014_0049_0049.jpg 1 19 14 49 49
1002_0038_0016_0034_0034.jpg 1 38 16 34 34
1003_0007_0026_0041_0041.jpg 1 7 26 41 41
1004_0042_0021_0039_0039.jpg 1 42 21 39 39
1005_0015_0008_0069_0069.jpg 1 15 8 69 69
1006_0010_0022_0050_0050.jpg 1 10 22 50 50
1007_0034_0023_0051_0051.jpg 1 34 23 51 51
1008_0010_0037_0057_0057.jpg 1 10 37 57 57
1009_0010_0043_0024_0024.jpg 1 10 43 24 24
1010_0018_0057_0033_0033.jpg 1 18 57 33 33
1011_0019_0065_0026_0026.jpg 1 19 65 26 26
1012_0018_0013_0050_0050.jpg 1 18 13 50 50
1013_0052_0009_0027_0027.jpg 1 52 9 27 27
1014_0024_0022_0060_0060.jpg 1 24 22 60 60
1015_0047_0028_0046_0046.jpg 1 47 28 46 46
1016_0026_0025_0068_0068.jpg 1 26 25 68 68
1017_0032_0028_0063_0063.jpg 1 32 28 63 63
1018_0010_0029_0042_0042.jpg 1 10 29 42 42
1019_0031_0017_0064_0064.jpg 1 31 17 64 64
1020_0027_0032_0060_0060.jpg 1 27 32 60 60
1021_0024_0027_0065_0065.jpg 1 24 27 65 65
1022_0056_0034_0035_0035.jpg 1 56 34 35 35
1023_0050_0050_0029_0029.jpg 1 50 50 29 29
1024_0026_0036_0024_0024.jpg 1 26 36 24 24
1025_0039_0037_0044_0044.jpg 1 39 37 44 44
1026_0021_0017_0029_0029.jpg 1 21 17 29 29
1027_0042_0036_0037_0037.jpg 1 42 36 37 37
1028_0028_0011_0055_0055.jpg 1 28 11 55 55
1029_0007_0040_0055_0055.jpg 1 7 40 55 55
1030_0046_0047_0042_0042.jpg 1 46 47 42 42
1031_0041_0012_0032_0032.jpg 1 41 12 32 32
1032_0007_0003_0066_0066.jpg 1 7 3 66 66
1033_0042_0036_0035_0035.jpg 1 42 36 35 35
1034_0015_0014_0039_0039.jpg 1 15 14 39 39
1035_0026_0037_0029_0029.jpg 1 26 37 29 29
1036_0009_0033_0027_0027.jpg 1 9 33 27 27
1037_0026_0057_0024_0024.jpg 1 26 57 24 24
1038_0029_0031_0059_0059.jpg 1 29 31 59 59
1039_0024_0048_0037_0037.jpg 1 24 48 37 37
1040_0009_0016_0060_0060.jpg 1 9 16 60 60
1041_0008_0004_0060_0060.jpg 1 8 4 60 60
1042_0041_0033_0034_0034.jpg 1 41 33 34 34
1043_0035_0031_0050_0050.jpg 1 35 31 50 50
1044_0034_0018_0040_0040.jpg 1 34 18 40 40
1045_0048_0042_0039_0039.jpg 1 48 42 39 39
1046_0040_0027_0054_0054.jpg 1 40 27 54 54
1047_0008_0014_0062_0062.jpg 1 8 14 62 62
1048_0018_0016_0062_0062.jpg 1 18 16 62 62
1049_0021_0012_0068_0068.jpg 1 21 12 68 68
1050_0028_0004_0065_0065.jpg 1 28 4 65 65
1051_0042_0009_0036_0036.jpg 1 42 9 36 36
1052_0034_0020_0052_0052.jpg 1 34 20 52 52
1053_0026_0020_0035_0035.jpg 1 26 20 35 35
1054_0022_0028_0064_0064.jpg 1 22 28 64 64
1055_0030_0010_0045_0045.jpg 1 30 10 45 45
1056_0057_0052_0033_0033.jpg 1 57 52 33 33
1057_0009_0021_0037_0037.jpg 1 9 21 37 37
1058_0054_0047_0032_0032.jpg 1 54 47 32 32
1059_0026_0031_0053_0053.jpg 1 26 31 53 53
1060_0029_0004_0061_0061.jpg 1 29 4 61 61
1061_0021_0034_0054_0054.jpg 1 21 34 54 54
1062_0028_0028_0049_0049.jpg 1 28 28 49 49
1063_0048_0047_0042_0042.jpg 1 48 47 42 42
1064_0035_0043_0045_0045.jpg 1 35 43 45 45
1065_0013_0005_0065_0065.jpg 1 13 5 65 65
1066_0011_0024_0033_0033.jpg 1 11 24 33 33
1067_0040_0049_0035_0035.jpg 1 40 49 35 35
1068_0047_0038_0038_0038.jpg 1 47 38 38 38
1069_0032_0054_0026_0026.jpg 1 32 54 26 26
1070_0025_0066_0024_0024.jpg 1 25 66 24 24
1071_0044_0057_0035_0035.jpg 1 44 57 35 35
1072_0018_0005_0065_0065.jpg 1 18 5 65 65
1073_0016_0014_0064_0064.jpg 1 16 14 64 64
1074_0033_0038_0027_0027.jpg 1 33 38 27 27
1075_0032_0020_0041_0041.jpg 1 32 20 41 41
1076_0015_0009_0045_0045.jpg 1 15 9 45 45
1077_0025_0034_0037_0037.jpg 1 25 34 37 37
1078_0021_0023_0044_0044.jpg 1 21 23 44 44
1079_0007_0018_0063_0063.jpg 1 7 18 63 63
1080_0016_0004_0061_0061.jpg 1 16 4 61 61
1081_0023_0009_0058_0058.jpg 1 23 9 58 58
1082_0033_0040_0038_0038.jpg 1 33 40 38 38
1083_0024_0014_0053_0053.jpg 1 24 14 53 53
1084_0032_0011_0024_0024.jpg 1 32 11 24 24
1085_0018_0008_0060_0060.jpg 1 18 8 60 60
1086_0053_0040_0039_0039.jpg 1 53 40 39 39
1087_0007_0009_0035_0035.jpg 1 7 9 35 35
1088_0022_0019_0052_0052.jpg 1 22 19 52 52
1089_0029_0041_0042_0042.jpg 1 29 41 42 42
1090_0023_0034_0058_0058.jpg 1 23 34 58 58
1091_0030_0009_0064_0064.jpg 1 30 9 64 64
1092_0034_0015_0026_0026.jpg 1 34 15 26 26
1093_0038_0011_0031_0031.jpg 1 38 11 31 31
1094_0032_0038_0039_0039.jpg 1 32 38 39 39
1095_0022_0026_0024_0024.jpg 1 22 26 24 24
1096_0006_0030_0052_0052.jpg 1 6 30 52 52
1097_0034_0051_0029_0029.jpg 1 34 51 29 29
1098_0026_0016_0054_0054.jpg 1 26 16 54 54
1099_0029_0007_0054_0054.jpg 1 29 7 54 54
1100_0022_0017_0044_0044.jpg 1 22 17 44 44
1101_0007_0046_0046_0046.jpg 1 7 46 46 46
1102_0040_0023_0042_0042.jpg 1 40 23 42 42
1103_0034_0005_0062_0062.jpg 1 34 5 62 62
1104_0016_0023_0038_0038.jpg 1 16 23 38 38
1105_0009_0030_0037_0037.jpg 1 9 30 37 37
1106_0012_0018_0040_0040.jpg 1 12 18 40 40
1107_0039_0019_0048_0048.jpg 1 39 19 48 48
1108_0016_0007_0063_0063.jpg 1 16 7 63 63
1109_0036_0042_0048_0048.jpg 1 36 42 48 48
1110_0045_0023_0025_0025.jpg 1 45 23 25 25
1111_0033_0035_0048_0048.jpg 1 33 35 48 48
1112_0064_0021_0026_0026.jpg 1 64 21 26 26
1113_0011_0007_0063_0063.jpg 1 11 7 63 63
1114_0034_0030_0032_0032.jpg 1 34 30 32 32
1115_0050_0035_0028_0028.jpg 1 50 35 28 28
1116_0060_0032_0028_0028.jpg 1 60 32 28 28
1117_0023_0023_0068_0068.jpg 1 23 23 68 68
1118_0018_0020_0053_0053.jpg 1 18 20 53 53
1119_0034_0034_0061_0061.jpg 1 34 34 61 61
1120_0017_0013_0055_0055.jpg 1 17 13 55 55
1121_0021_0032_0051_0051.jpg 1 21 32 51 51
1122_0034_0008_0061_0061.jpg 1 34 8 61 61
1123_0035_0033_0051_0051.jpg 1 35 33 51 51
1124_0015_0009_0035_0035.jpg 1 15 9 35 35
1125_0034_0041_0050_0050.jpg 1 34 41 50 50
1126_0017_0022_0055_0055.jpg 1 17 22 55 55
1127_0033_0033_0040_0040.jpg 1 33 33 40 40
1128_0026_0060_0032_0032.jpg 1 26 60 32 32
1129_0024_0019_0065_0065.jpg 1 24 19 65 65
1130_0019_0009_0051_0051.jpg 1 19 9 51 51
1131_0012_0031_0034_0034.jpg 1 12 31 34 34
1132_0006_0037_0049_0049.jpg 1 6 37 49 49
1133_0056_0058_0030_0030.jpg 1 56 58 30 30
1134_0021_0045_0030_0030.jpg 1 21 45 30 30
1135_0037_0036_0042_0042.jpg 1 37 36 42 42
1136_0027_0026_0062_0062.jpg 1 27 26 62 62
1137_0034_0029_0058_0058.jpg 1 34 29 58 58
1138_0030_0006_0056_0056.jpg 1 30 6 56 56
1139_0036_0027_0048_0048.jpg 1 36 27 48 48
1140_0041_0011_0049_0049.jpg 1 41 11 49 49
1141_0027_0004_0069_0069.jpg 1 27 4 69 69
1142_0030_0040_0030_0030.jpg 1 30 40 30 30
1143_0012_0052_0041_0041.jpg 1 12 52 41 41
1144_0042_0009_0052_0052.jpg 1 42 9 52 52
1145_0056_0032_0027_0027.jpg 1 56 32 27 27
1146_0044_0027_0041_0041.jpg 1 44 27 41 41
1147_0023_0052_0027_0027.jpg 1 23 52 27 27
1148_0054_0027_0035_0035.jpg 1 54 27 35 35
1149_0010_0038_0034_0034.jpg 1 10 38 34 34
1150_0023_0046_0040_0040.jpg 1 23 46 40 40
1151_0039_0028_0037_0037.jpg 1 39 28 37 37
1152_0029_0032_0063_0063.jpg 1 29 32 63 63
1153_0034_0014_0037_0037.jpg 1 34 14 37 37
1154_0035_0031_0028_0028.jpg 1 35 31 28 28
1155_0035_0025_0030_0030.jpg 1 35 25 30 30
1156_0030_0029_0034_0034.jpg 1 30 29 34 34
1157_0019_0043_0027_0027.jpg 1 19 43 27 27
1158_0019_0023_0069_0069.jpg 1 19 23 69 69
1159_0051_0043_0035_0035.jpg 1 51 43 35 35
1160_0027_0008_0045_0045.jpg 1 27 8 45 45
1161_0007_0029_0065_0065.jpg 1 7 29 65 65
1162_0018_0016_0040_0040.jpg 1 18 16 40 40
1163_0009_0023_0046_0046.jpg 1 9 23 46 46
1164_0027_0016_0035_0035.jpg 1 27 16 35 35
1165_0007_0044_0044_0044.jpg 1 7 44 44 44
1166_0039_0052_0027_0027.jpg 1 39 52 27 27
1167_0012_0017_0053_0053.jpg 1 12 17 53 53
1168_0009_0016_0068_0068.jpg 1 9 16 68 68
1169_0016_0008_0069_0069.jpg 1 16 8 69 69
1170_0038_0043_0048_0048.jpg 1 38 43 48 48
1171_0052_0007_0041_0041.jpg 1 52 7 41 41
1172_0029_0016_0041_0041.jpg 1 29 16 41 41
1173_0011_0008_0065_0065.jpg 1 11 8 65 65
1174_0024_0027_0064_0064.jpg 1 24 27 64 64
1175_0010_0018_0032_0032.jpg 1 10 18 32 32
1176_0011_0005_0054_0054.jpg 1 11 5 54 54
1177_0020_0025_0047_0047.jpg 1 20 25 47 47
1178_0014_0028_0044_0044.jpg 1 14 28 44 44
1179_0025_0015_0062_0062.jpg 1 25 15 62 62
1180_0018_0013_0069_0069.jpg 1 18 13 69 69
1181_0007_0047_0032_0032.jpg 1 7 47 32 32
1182_0019_0024_0027_0027.jpg 1 19 24 27 27
1183_0025_0028_0043_0043.jpg 1 25 28 43 43
1184_0010_0013_0054_0054.jpg 1 10 13 54 54
1185_0035_0006_0040_0040.jpg 1 35 6 40 40
1186_0009_0009_0055_0055.jpg 1 9 9 55 55
1187_0033_0023_0056_0056.jpg 1 33 23 56 56
1188_0027_0006_0068_0068.jpg 1 27 6 68 68
1189_0005_0025_0068_0068.jpg 1 5 25 68 68
1190_0011_0015_0036_0036.jpg 1 11 15 36 36
1191_0050_0014_0042_0042.jpg 1 50 14 42 42
1192_0020_0028_0057_0057.jpg 1 20 28 57 57
1193_0028_0024_0066_0066.jpg 1 28 24 66 66
1194_0018_0020_0052_0052.jpg 1 18 20 52 52
1195_0024_0010_0044_0044.jpg 1 24 10 44 44
1196_0019_0024_0052_0052.jpg 1 19 24 52 52
1197_0045_0029_0046_0046.jpg 1 45 29 46 46
1198_0029_0019_0067_0067.jpg 1 29 19 67 67
1199_0027_0021_0034_0034.jpg 1 27 21 34 34
1200_0015_0028_0038_0038.jpg 1 15 28 38 38
1201_0060_0015_0028_0028.jpg 1 60 15 28 28
1202_0051_0047_0027_0027.jpg 1 51 47 27 27
1203_0036_0021_0052_0052.jpg 1 36 21 52 52
1204_0032_0015_0051_0051.jpg 1 32 15 51 51
1205_0015_0027_0044_0044.jpg 1 15 27 44 44
1206_0019_0028_0064_0064.jpg 1 19 28 64 64
1207_0027_0030_0040_0040.jpg 1 27 30 40 40
1208_0006_0016_0045_0045.jpg 1 6 16 45 45
1209_0017_0032_0061_0061.jpg 1 17 32 61 61
1210_0043_0022_0025_0025.jpg 1 43 22 25 25
1211_0018_0007_0057_0057.jpg 1 18 7 57 57
1212_0040_0034_0038_0038.jpg 1 40 34 38 38
1213_0008_0027_0063_0063.jpg 1 8 27 63 63
1214_0031_0024_0051_0051.jpg 1 31 24 51 51
1215_0020_0021_0057_0057.jpg 1 20 21 57 57
1216_0045_0031_0046_0046.jpg 1 45 31 46 46
1217_0016_0007_0067_0067.jpg 1 16 7 67 67
1218_0014_0034_0057_0057.jpg 1 14 34 57 57
1219_0021_0010_0062_0062.jpg 1 21 10 62 62
1220_0056_0034_0026_0026.jpg 1 56 34 26 26
1221_0040_0035_0046_0046.jpg 1 40 35 46 46
1222_0025_0016_0057_0057.jpg 1 25 16 57 57
1223_0058_0014_0029_0029.jpg 1 58 14 29 29
1224_0016_0006_0062_0062.jpg 1 16 6 62 62
1225_0004_0017_0067_0067.jpg 1 4 17 67 67
1226_0008_0008_0024_0024.jpg 1 8 8 24 24
1227_0016_0006_0045_0045.jpg 1 16 6 45 45
1228_0026_0012_0049_0049.jpg 1 26 12 49 49
1229_0028_0033_0054_0054.jpg 1 28 33 54 54
1230_0058_0040_0027_0027.jpg 1 58 40 27 27
1231_0056_0035_0025_0025.jpg 1 56 35 25 25
1232_0008_0044_0050_0050.jpg 1 8 44 50 50
1233_0015_0019_0052_0052.jpg 1 15 19 52 52
1234_0023_0044_0030_0030.jpg 1 23 44 30 30
1235_0033_0006_0055_0055.jpg 1 33 6 55 55
1236_0006_0027_0049_0049.jpg 1 6 27 49 49
1237_0011_0036_0049_0049.jpg 1 11 36 49 49
1238_0014_0009_0067_0067.jpg 1 14 9 67 67
1239_0053_0020_0035_0035.jpg 1 53 20 35 35
1240_0012_0030_0046_0046.jpg 1 12 30 46 46
1241_0005_0036_0054_0054.jpg 1 5 36 54 54
1242_0040_0021_0046_0046.jpg 1 40 21 46 46
1243_0005_0020_0064_0064.jpg 1 5 20 64 64
1244_0035_0033_0057_0057.jpg 1 35 33 57 57
1245_0017_0055_0024_0024.jpg 1 17 55 24 24
1246_0018_0010_0052_0052.jpg 1 18 10 52 52
1247_0007_0033_0048_0048.jpg 1 7 33 48 48
1248_0015_0004_0064_0064.jpg 1 15 4 64 64
1249_0010_0011_0037_0037.jpg 1 10 11 37 37
1250_0039_0037_0043_0043.jpg 1 39 37 43 43
1251_0015_0013_0064_0064.jpg 1 15 13 64 64
1252_0048_0044_0032_0032.jpg 1 48 44 32 32
1253_0050_0026_0031_0031.jpg 1 50 26 31 31
1254_0023_0039_0031_0031.jpg 1 23 39 31 31
1255_0027_0006_0036_0036.jpg 1 27 6 36 36
1256_0035_0048_0026_0026.jpg 1 35 48 26 26
1257_0026_0041_0045_0045.jpg 1 26 41 45 45
1258_0030_0020_0063_0063.jpg 1 30 20 63 63
1259_0029_0028_0045_0045.jpg 1 29 28 45 45
1260_0018_0023_0049_0049.jpg 1 18 23 49 49
1261_0063_0052_0025_0025.jpg 1 63 52 25 25
1262_0019_0021_0066_0066.jpg 1 19 21 66 66
1263_0014_0021_0049_0049.jpg 1 14 21 49 49
1264_0031_0017_0046_0046.jpg 1 31 17 46 46
1265_0027_0050_0037_0037.jpg 1 27 50 37 37
1266_0036_0040_0025_0025.jpg 1 36 40 25 25
1267_0053_0046_0029_0029.jpg 1 53 46 29 29
1268_0042_0035_0025_0025.jpg 1 42 35 25 25
1269_0018_0028_0065_0065.jpg 1 18 28 65 65
1270_0005_0005_0066_0066.jpg 1 5 5 66 66
1271_0028_0048_0033_0033.jpg 1 28 48 33 33
1272_0031_0034_0031_0031.jpg 1 31 34 31 31
1273_0040_0008_0050_0050.jpg 1 40 8 50 50
1274_0036_0032_0052_0052.jpg 1 36 32 52 52
1275_0026_0022_0055_0055.jpg 1 26 22 55 55
1276_0013_0015_0065_0065.jpg 1 13 15 65 65
1277_0032_0023_0059_0059.jpg 1 32 23 59 59
1278_0025_0014_0024_0024.jpg 1 25 14 24 24
1279_0007_0012_0045_0045.jpg 1 7 12 45 45
1280_0009_0016_0065_0065.jpg 1 9 16 65 65
1281_0025_0007_0061_0061.jpg 1 25 7 61 61
1282_0033_0012_0031_0031.jpg 1 33 12 31 31
1283_0033_0029_0028_0028.jpg 1 33 29 28 28
1284_0012_0005_0069_0069.jpg 1 12 5 69 69
1285_0042_0033_0047_0047.jpg 1 42 33 47 47
1286_0029_0011_0059_0059.jpg 1 29 11 59 59
1287_0022_0030_0024_0024.jpg 1 22 30 24 24
1288_0032_0007_0060_0060.jpg 1 32 7 60 60
1289_0038_0036_0049_0049.jpg 1 38 36 49 49
1290_0007_0048_0044_0044.jpg 1 7 48 44 44
1291_0033_0005_0051_0051.jpg 1 33 5 51 51
1292_0027_0016_0062_0062.jpg 1 27 16 62 62
1293_0058_0028_0030_0030.jpg 1 58 28 30 30
1294_0008_0016_0024_0024.jpg 1 8 16 24 24
1295_0043_0022_0050_0050.jpg 1 43 22 50 50
1296_0022_0050_0036_0036.jpg 1 22 50 36 36
1297_0039_0052_0029_0029.jpg 1 39 52 29 29
1298_0044_0043_0049_0049.jpg 1 44 43 49 49
1299_0031_0017_0043_0043.jpg 1 31 17 43 43
1300_0017_0014_0059_0059.jpg 1 17 14 59 59
1301_0018_0059_0027_0027.jpg 1 18 59 27 27
1302_0055_0038_0031_0031.jpg 1 55 38 31 31
1303_0008_0018_0047_0047.jpg 1 8 18 47 47
1304_0010_0029_0028_0028.jpg 1 10 29 28 28
1305_0027_0031_0053_0053.jpg 1 27 31 53 53
1306_0055_0057_0031_0031.jpg 1 55 57 31 31
1307_0025_0015_0049_0049.jpg 1 25 15 49 49
1308_0019_0018_0053_0053.jpg 1 19 18 53 53
1309_0014_0018_0065_0065.jpg 1 14 18 65 65
1310_0053_0010_0040_0040.jpg 1 53 10 40 40
1311_0025_0044_0048_0048.jpg 1 25 44 48 48
1312_0005_0009_0050_0050.jpg 1 5 9 50 50
1313_0015_0008_0065_0065.jpg 1 15 8 65 65
1314_0030_0016_0054_0054.jpg 1 30 16 54 54
1315_0036_0042_0052_0052.jpg 1 36 42 52 52
1316_0025_0026_0060_0060.jpg 1 25 26 60 60
1317_0017_0029_0064_0064.jpg 1 17 29 64 64
1318_0031_0009_0057_0057.jpg 1 31 9 57 57
1319_0025_0008_0061_0061.jpg 1 25 8 61 61
1320_0026_0030_0030_0030.jpg 1 26 30 30 30
1321_0027_0013_0044_0044.jpg 1 27 13 44 44
1322_0007_0019_0054_0054.jpg 1 7 19 54 54
1323_0034_0034_0034_0034.jpg 1 34 34 34 34
1324_0032_0009_0060_0060.jpg 1 32 9 60 60
1325_0013_0026_0067_0067.jpg 1 13 26 67 67
1326_0032_0044_0046_0046.jpg 1 32 44 46 46
1327_0035_0052_0028_0028.jpg 1 35 52 28 28
1328_0014_0029_0040_0040.jpg 1 14 29 40 40
1329_0024_0063_0025_0025.jpg 1 24 63 25 25
1330_0063_0038_0026_0026.jpg 1 63 38 26 26
1331_0008_0010_0064_0064.jpg 1 8 10 64 64
1332_0011_0026_0069_0069.jpg 1 11 26 69 69
1333_0036_0006_0056_0056.jpg 1 36 6 56 56
1334_0039_0023_0036_0036.jpg 1 39 23 36 36
1335_0006_0018_0056_0056.jpg 1 6 18 56 56
1336_0005_0043_0048_0048.jpg 1 5 43 48 48
1337_0014_0035_0054_0054.jpg 1 14 35 54 54
1338_0017_0046_0038_0038.jpg 1 17 46 38 38
1339_0050_0020_0033_0033.jpg 1 50 20 33 33
1340_0035_0008_0051_0051.jpg 1 35 8 51 51
1341_0052_0036_0033_0033.jpg 1 52 36 33 33
1342_0060_0065_0026_0026.jpg 1 60 65 26 26
1343_0008_0052_0033_0033.jpg 1 8 52 33 33
1344_0007_0019_0060_0060.jpg 1 7 19 60 60
1345_0012_0009_0055_0055.jpg 1 12 9 55 55
1346_0030_0016_0056_0056.jpg 1 30 16 56 56
1347_0026_0036_0047_0047.jpg 1 26 36 47 47
1348_0045_0045_0027_0027.jpg 1 45 45 27 27
1349_0006_0014_0043_0043.jpg 1 6 14 43 43
1350_0027_0024_0042_0042.jpg 1 27 24 42 42
1351_0032_0031_0055_0055.jpg 1 32 31 55 55
1352_0020_0024_0065_0065.jpg 1 20 24 65 65
1353_0022_0006_0042_0042.jpg 1 22 6 42 42
1354_0047_0028_0028_0028.jpg 1 47 28 28 28
1355_0011_0005_0058_0058.jpg 1 11 5 58 58
1356_0048_0040_0046_0046.jpg 1 48 40 46 46
1357_0008_0020_0054_0054.jpg 1 8 20 54 54
1358_0024_0028_0058_0058.jpg 1 24 28 58 58
1359_0026_0013_0057_0057.jpg 1 26 13 57 57
1360_0050_0046_0036_0036.jpg 1 50 46 36 36
1361_0018_0018_0060_0060.jpg 1 18 18 60 60
1362_0029_0009_0061_0061.jpg 1 29 9 61 61
1363_0013_0009_0036_0036.jpg 1 13 9 36 36
1364_0018_0009_0066_0066.jpg 1 18 9 66 66
1365_0058_0015_0032_0032.jpg 1 58 15 32 32
1366_0021_0012_0059_0059.jpg 1 21 12 59 59
1367_0020_0026_0064_0064.jpg 1 20 26 64 64
1368_0010_0015_0053_0053.jpg 1 10 15 53 53
1369_0062_0031_0030_0030.jpg 1 62 31 30 30
1370_0051_0051_0040_0040.jpg 1 51 51 40 40
1371_0007_0029_0053_0053.jpg 1 7 29 53 53
1372_0046_0009_0026_0026.jpg 1 46 9 26 26
1373_0022_0018_0036_0036.jpg 1 22 18 36 36
1374_0008_0020_0031_0031.jpg 1 8 20 31 31
1375_0015_0030_0033_0033.jpg 1 15 30 33 33
1376_0007_0042_0030_0030.jpg 1 7 42 30 30
1377_0009_0037_0054_0054.jpg 1 9 37 54 54
1378_0026_0011_0029_0029.jpg 1 26 11 29 29
1379_0054_0031_0037_0037.jpg 1 54 31 37 37
1380_0014_0047_0046_0046.jpg 1 14 47 46 46
1381_0007_0020_0066_0066.jpg 1 7 20 66 66
1382_0052_0041_0042_0042.jpg 1 52 41 42 42
1383_0020_0017_0028_0028.jpg 1 20 17 28 28
1384_0052_0032_0041_0041.jpg 1 52 32 41 41
1385_0034_0031_0056_0056.jpg 1 34 31 56 56
1386_0045_0026_0040_0040.jpg 1 45 26 40 40
1387_0036_0050_0025_0025.jpg 1 36 50 25 25
1388_0054_0038_0035_0035.jpg 1 54 38 35 35
1389_0054_0049_0037_0037.jpg 1 54 49 37 37
1390_0012_0034_0043_0043.jpg 1 12 34 43 43
1391_0032_0011_0038_0038.jpg 1 32 11 38 38
1392_0005_0041_0051_0051.jpg 1 5 41 51 51
1393_0048_0032_0026_0026.jpg 1 48 32 26 26
1394_0026_0011_0038_0038.jpg 1 26 11 38 38
1395_0020_0018_0069_0069.jpg 1 20 18 69 69
1396_0042_0034_0035_0035.jpg 1 42 34 35 35
1397_0036_0024_0043_0043.jpg 1 36 24 43 43
1398_0009_0030_0031_0031.jpg 1 9 30 31 31
1399_0012_0035_0044_0044.jpg 1 12 35 44 44
1400_0010_0011_0066_0066.jpg 1 10 11 66 66
1401_0023_0044_0041_0041.jpg 1 23 44 41 41
1402_0020_0035_0059_0059.jpg 1 20 35 59 59
1403_0032_0012_0054_0054.jpg 1 32 12 54 54
1404_0023_0008_0051_0051.jpg 1 23 8 51 51
1405_0029_0012_0059_0059.jpg 1 29 12 59 59
1406_0017_0013_0057_0057.jpg 1 17 13 57 57
1407_0024_0006_0064_0064.jpg 1 24 6 64 64
1408_0014_0053_0024_0024.jpg 1 14 53 24 24
1409_0021_0016_0024_0024.jpg 1 21 16 24 24
1410_0049_0010_0041_0041.jpg 1 49 10 41 41
1411_0020_0021_0060_0060.jpg 1 20 21 60 60
1412_0045_0015_0029_0029.jpg 1 45 15 29 29
1413_0010_0058_0027_0027.jpg 1 10 58 27 27
1414_0010_0013_0067_0067.jpg 1 10 13 67 67
1415_0051_0024_0040_0040.jpg 1 51 24 40 40
1416_0027_0024_0042_0042.jpg 1 27 24 42 42
1417_0021_0029_0024_0024.jpg 1 21 29 24 24
1418_0008_0003_0069_0069.jpg 1 8 3 69 69
1419_0006_0006_0067_0067.jpg 1 6 6 67 67
1420_0017_0015_0063_0063.jpg 1 17 15 63 63
1421_0053_0024_0027_0027.jpg 1 53 24 27 27
1422_0032_0038_0048_0048.jpg 1 32 38 48 48
1423_0051_0008_0040_0040.jpg 1 51 8 40 40
1424_0019_0016_0050_0050.jpg 1 19 16 50 50
1425_0028_0018_0043_0043.jpg 1 28 18 43 43
1426_0033_0036_0056_0056.jpg 1 33 36 56 56
1427_0039_0054_0036_0036.jpg 1 39 54 36 36
1428_0027_0023_0043_0043.jpg 1 27 23 43 43
1429_0015_0052_0041_0041.jpg 1 15 52 41 41
1430_0024_0030_0045_0045.jpg 1 24 30 45 45
1431_0032_0023_0044_0044.jpg 1 32 23 44 44
1432_0032_0052_0038_0038.jpg 1 32 52 38 38
1433_0012_0014_0063_0063.jpg 1 12 14 63 63
1434_0010_0043_0046_0046.jpg 1 10 43 46 46
1435_0008_0041_0041_0041.jpg 1 8 41 41 41
1436_0025_0008_0039_0039.jpg 1 25 8 39 39
1437_0029_0017_0063_0063.jpg 1 29 17 63 63
1438_0018_0006_0053_0053.jpg 1 18 6 53 53
1439_0037_0011_0057_0057.jpg 1 37 11 57 57
1440_0041_0039_0043_0043.jpg 1 41 39 43 43
1441_0019_0020_0027_0027.jpg 1 19 20 27 27
1442_0013_0028_0058_0058.jpg 1 13 28 58 58
1443_0025_0035_0051_0051.jpg 1 25 35 51 51
1444_0017_0023_0058_0058.jpg 1 17 23 58 58
1445_0015_0040_0045_0045.jpg 1 15 40 45 45
1446_0037_0047_0047_0047.jpg 1 37 47 47 47
1447_0040_0005_0052_0052.jpg 1 40 5 52 52
1448_0008_0048_0026_0026.jpg 1 8 48 26 26
1449_0032_0014_0052_0052.jpg 1 32 14 52 52
1450_0045_0051_0032_0032.jpg 1 45 51 32 32
1451_0054_0052_0032_0032.jpg 1 54 52 32 32
1452_0030_0021_0056_0056.jpg 1 30 21 56 56
1453_0050_0045_0040_0040.jpg 1 50 45 40 40
1454_0028_0026_0039_0039.jpg 1 28 26 39 39
1455_0014_0023_0028_0028.jpg 1 14 23 28 28
1456_0010_0041_0053_0053.jpg 1 10 41 53 53
1457_0014_0019_0032_0032.jpg 1 14 19 32 32
1458_0042_0024_0036_0036.jpg 1 42 24 36 36
1459_0021_0026_0068_0068.jpg 1 21 26 68 68
1460_0017_0046_0035_0035.jpg 1 17 46 35 35
1461_0038_0024_0046_0046.jpg 1 38 24 46 46
1462_0020_0025_0054_0054.jpg 1 20 25 54 54
1463_0053_0032_0030_0030.jpg 1 53 32 30 30
1464_0015_0011_0061_0061.jpg 1 15 11 61 61
1465_0038_0037_0057_0057.jpg 1 38 37 57 57
1466_0017_0003_0067_0067.jpg 1 17 3 67 67
1467_0016_0042_0049_0049.jpg 1 16 42 49 49
1468_0040_0006_0041_0041.jpg 1 40 6 41 41
1469_0012_0012_0058_0058.jpg 1 12 12 58 58
1470_0036_0057_0024_0024.jpg 1 36 57 24 24
1471_0043_0043_0033_0033.jpg 1 43 43 33 33
1472_0060_0042_0031_0031.jpg 1 60 42 31 31
1473_0007_0006_0044_0044.jpg 1 7 6 44 44
1474_0006_0024_0067_0067.jpg 1 6 24 67 67
1475_0046_0014_0048_0048.jpg 1 46 14 48 48
1476_0016_0037_0047_0047.jpg 1 16 37 47 47
1477_0014_0034_0056_0056.jpg 1 14 34 56 56
1478_0014_0003_0067_0067.jpg 1 14 3 67 67
1479_0022_0034_0040_0040.jpg 1 22 34 40 40
1480_0048_0026_0045_0045.jpg 1 48 26 45 45
1481_0016_0022_0067_0067.jpg 1 16 22 67 67
1482_0033_0017_0037_0037.jpg 1 33 17 37 37
1483_0023_0005_0067_0067.jpg 1 23 5 67 67
1484_0019_0017_0069_0069.jpg 1 19 17 69 69
1485_0030_0051_0032_0032.jpg 1 30 51 32 32
1486_0038_0044_0037_0037.jpg 1 38 44 37 37
1487_0009_0020_0068_0068.jpg 1 9 20 68 68
1488_0006_0045_0043_0043.jpg 1 6 45 43 43
1489_0028_0039_0048_0048.jpg 1 28 39 48 48
1490_0049_0041_0039_0039.jpg 1 49 41 39 39
1491_0011_0036_0029_0029.jpg 1 11 36 29 29
1492_0029_0007_0045_0045.jpg 1 29 7 45 45
1493_0033_0027_0048_0048.jpg 1 33 27 48 48
1494_0030_0008_0041_0041.jpg 1 30 8 41 41
1495_0017_0005_0063_0063.jpg 1 17 5 63 63
1496_0006_0024_0041_0041.jpg 1 6 24 41 41
1497_0015_0014_0068_0068.jpg 1 15 14 68 68
1498_0020_0037_0039_0039.jpg 1 20 37 39 39
1499_0044_0007_0049_0049.jpg 1 44 7 49 49
1500_0045_0043_0025_0025.jpg 1 45 43 25 25
1501_0029_0038_0029_0029.jpg 1 29 38 29 29
1502_0019_0003_0067_0067.jpg 1 19 3 67 67
1503_0030_0010_0062_0062.jpg 1 30 10 62 62
1504_0024_0017_0034_0034.jpg 1 24 17 34 34
1505_0025_0036_0032_0032.jpg 1 25 36 32 32
1506_0023_0008_0069_0069.jpg 1 23 8 69 69
1507_0013_0027_0058_0058.jpg 1 13 27 58 58
1508_0021_0027_0066_0066.jpg 1 21 27 66 66
1509_0050_0014_0030_0030.jpg 1 50 14 30 30
1510_0020_0017_0036_0036.jpg 1 20 17 36 36
1511_0027_0038_0034_0034.jpg 1 27 38 34 34
1512_0016_0025_0057_0057.jpg 1 16 25 57 57
1513_0041_0022_0046_0046.jpg 1 41 22 46 46
1514_0018_0005_0051_0051.jpg 1 18 5 51 51
1515_0032_0027_0026_0026.jpg 1 32 27 26 26
1516_0052_0054_0038_0038.jpg 1 52 54 38 38
1517_0049_0028_0024_0024.jpg 1 49 28 24 24
1518_0036_0027_0047_0047.jpg 1 36 27 47 47
1519_0054_0029_0034_0034.jpg 1 54 29 34 34
1520_0028_0031_0051_0051.jpg 1 28 31 51 51
1521_0036_0015_0053_0053.jpg 1 36 15 53 53
1522_0064_0057_0024_0024.jpg 1 64 57 24 24
1523_0013_0039_0037_0037.jpg 1 13 39 37 37
1524_0025_0007_0058_0058.jpg 1 25 7 58 58
1525_0006_0007_0068_0068.jpg 1 6 7 68 68
1526_0029_0016_0062_0062.jpg 1 29 16 62 62
1527_0007_0028_0043_0043.jpg 1 7 28 43 43
1528_0013_0034_0025_0025.jpg 1 13 34 25 25
1529_0042_0014_0044_0044.jpg 1 42 14 44 44
1530_0025_0005_0056_0056.jpg 1 25 5 56 56
1531_0014_0009_0064_0064.jpg 1 14 9 64 64
1532_0035_0024_0047_0047.jpg 1 35 24 47 47
1533_0013_0038_0047_0047.jpg 1 13 38 47 47
1534_0022_0008_0069_0069.jpg 1 22 8 69 69
1535_0023_0016_0026_0026.jpg 1 23 16 26 26
1536_0005_0029_0067_0067.jpg 1 5 29 67 67
1537_0007_0012_0032_0032.jpg 1 7 12 32 32
1538_0018_0029_0053_0053.jpg 1 18 29 53 53
1539_0033_0022_0060_0060.jpg 1 33 22 60 60
1540_0036_0042_0036_0036.jpg 1 36 42 36 36
1541_0054_0019_0029_0029.jpg 1 54 19 29 29
1542_0020_0025_0068_0068.jpg 1 20 25 68 68
1543_0028_0022_0056_0056.jpg 1 28 22 56 56
1544_0010_0049_0031_0031.jpg 1 10 49 31 31
1545_0037_0048_0024_0024.jpg 1 37 48 24 24
1546_0011_0047_0029_0029.jpg 1 11 47 29 29
1547_0023_0004_0056_0056.jpg 1 23 4 56 56
1548_0037_0039_0028_0028.jpg 1 37 39 28 28
1549_0061_0039_0029_0029.jpg 1 61 39 29 29
1550_0036_0029_0048_0048.jpg 1 36 29 48 48
1551_0019_0018_0036_0036.jpg 1 19 18 36 36
1552_0014_0027_0044_0044.jpg 1 14 27 44 44
1553_0027_0048_0042_0042.jpg 1 27 48 42 42
1554_0012_0006_0048_0048.jpg 1 12 6 48 48
1555_0014_0060_0025_0025.jpg 1 14 60 25 25
1556_0007_0011_0069_0069.jpg 1 7 11 69 69
1557_0011_0037_0025_0025.jpg 1 11 37 25 25
1558_0018_0030_0051_0051.jpg 1 18 30 51 51
1559_0055_0049_0029_0029.jpg 1 55 49 29 29
1560_0032_0020_0047_0047.jpg 1 32 20 47 47
1561_0037_0036_0058_0058.jpg 1 37 36 58 58
1562_0007_0049_0030_0030.jpg 1 7 49 30 30
1563_0012_0012_0060_0060.jpg 1 12 12 60 60
1564_0039_0011_0035_0035.jpg 1 39 11 35 35
1565_0012_0008_0059_0059.jpg 1 12 8 59 59
1566_0044_0049_0036_0036.jpg 1 44 49 36 36
1567_0020_0035_0056_0056.jpg 1 20 35 56 56
1568_0011_0020_0066_0066.jpg 1 11 20 66 66
1569_0005_0017_0066_0066.jpg 1 5 17 66 66
1570_0014_0039_0046_0046.jpg 1 14 39 46 46
1571_0051_0050_0025_0025.jpg 1 51 50 25 25
1572_0034_0042_0050_0050.jpg 1 34 42 50 50
1573_0015_0043_0049_0049.jpg 1 15 43 49 49
1574_0016_0005_0054_0054.jpg 1 16 5 54 54
1575_0006_0031_0060_0060.jpg 1 6 31 60 60
1576_0006_0030_0065_0065.jpg 1 6 30 65 65
1577_0025_0007_0068_0068.jpg 1 25 7 68 68
1578_0019_0016_0032_0032.jpg 1 19 16 32 32
1579_0036_0051_0026_0026.jpg 1 36 51 26 26
1580_0008_0020_0062_0062.jpg 1 8 20 62 62
1581_0055_0011_0036_0036.jpg 1 55 11 36 36
1582_0025_0042_0044_0044.jpg 1 25 42 44 44
1583_0062_0028_0024_0024.jpg 1 62 28 24 24
1584_0035_0016_0038_0038.jpg 1 35 16 38 38
1585_0009_0004_0068_0068.jpg 1 9 4 68 68
1586_0031_0008_0064_0064.jpg 1 31 8 64 64
1587_0035_0020_0034_0034.jpg 1 35 20 34 34
1588_0052_0056_0032_0032.jpg 1 52 56 32 32
1589_0047_0042_0035_0035.jpg 1 47 42 35 35
1590_0033_0026_0060_0060.jpg 1 33 26 60 60
1591_0038_0057_0027_0027.jpg 1 38 57 27 27
1592_0026_0007_0030_0030.jpg 1 26 7 30 30
1593_0022_0005_0067_0067.jpg 1 22 5 67 67
1594_0013_0034_0060_0060.jpg 1 13 34 60 60
1595_0018_0014_0037_0037.jpg 1 18 14 37 37
1596_0026_0031_0050_0050.jpg 1 26 31 50 50
1597_0010_0045_0035_0035.jpg 1 10 45 35 35
1598_0061_0007_0025_0025.jpg 1 61 7 25 25
1599_0036_0021_0042_0042.jpg 1 36 21 42 42
1600_0027_0020_0038_0038.jpg 1 27 20 38 38
1601_0018_0027_0055_0055.jpg 1 18 27 55 55
1602_0034_0055_0028_0028.jpg 1 34 55 28 28
1603_0028_0038_0037_0037.jpg 1 28 38 37 37
1604_0024_0007_0064_0064.jpg 1 24 7 64 64
1605_0050_0024_0039_0039.jpg 1 50 24 39 39
1606_0011_0038_0031_0031.jpg 1 11 38 31 31
1607_0023_0059_0029_0029.jpg 1 23 59 29 29
1608_0022_0019_0040_0040.jpg 1 22 19 40 40
1609_0009_0011_0056_0056.jpg 1 9 11 56 56
1610_0062_0022_0028_0028.jpg 1 62 22 28 28
1611_0007_0042_0034_0034.jpg 1 7 42 34 34
1612_0007_0039_0034_0034.jpg 1 7 39 34 34
1613_0016_0035_0033_0033.jpg 1 16 35 33 33
1614_0014_0028_0067_0067.jpg 1 14 28 67 67
1615_0020_0011_0048_0048.jpg 1 20 11 48 48
1616_0031_0029_0052_0052.jpg 1 31 29 52 52
1617_0039_0019_0054_0054.jpg 1 39 19 54 54
1618_0018_0018_0068_0068.jpg 1 18 18 68 68
1619_0016_0005_0056_0056.jpg 1 16 5 56 56
1620_0056_0063_0024_0024.jpg 1 56 63 24 24
1621_0019_0007_0045_0045.jpg 1 19 7 45 45
1622_0045_0051_0032_0032.jpg 1 45 51 32 32
1623_0005_0027_0060_0060.jpg 1 5 27 60 60
1624_0026_0024_0053_0053.jpg 1 26 24 53 53
1625_0028_0047_0045_0045.jpg 1 28 47 45 45
1626_0039_0051_0028_0028.jpg 1 39 51 28 28
1627_0022_0042_0039_0039.jpg 1 22 42 39 39
1628_0017_0044_0044_0044.jpg 1 17 44 44 44
1629_0012_0029_0065_0065.jpg 1 12 29 65 65
1630_0028_0040_0047_0047.jpg 1 28 40 47 47
1631_0015_0020_0038_0038.jpg 1 15 20 38 38
1632_0023_0023_0045_0045.jpg 1 23 23 45 45
1633_0032_0024_0043_0043.jpg 1 32 24 43 43
1634_0028_0026_0065_0065.jpg 1 28 26 65 65
1635_0055_0027_0030_0030.jpg 1 55 27 30 30
1636_0023_0025_0068_0068.jpg 1 23 25 68 68
1637_0011_0033_0040_0040.jpg 1 11 33 40 40
1638_0023_0028_0026_0026.jpg 1 23 28 26 26
1639_0039_0031_0037_0037.jpg 1 39 31 37 37
1640_0051_0014_0042_0042.jpg 1 51 14 42 42
1641_0014_0017_0050_0050.jpg 1 14 17 50 50
1642_0044_0017_0027_0027.jpg 1 44 17 27 27
1643_0017_0043_0038_0038.jpg 1 17 43 38 38
1644_0054_0016_0039_0039.jpg 1 54 16 39 39
1645_0014_0054_0036_0036.jpg 1 14 54 36 36
1646_0039_0035_0040_0040.jpg 1 39 35 40 40
1647_0007_0029_0063_0063.jpg 1 7 29 63 63
1648_0011_0008_0025_0025.jpg 1 11 8 25 25
1649_0025_0005_0066_0066.jpg 1 25 5 66 66
1650_0024_0008_0045_0045.jpg 1 24 8 45 45
1651_0026_0013_0058_0058.jpg 1 26 13 58 58
1652_0030_0010_0060_0060.jpg 1 30 10 60 60
1653_0047_0020_0033_0033.jpg 1 47 20 33 33
1654_0055_0057_0034_0034.jpg 1 55 57 34 34
1655_0017_0024_0069_0069.jpg 1 17 24 69 69
1656_0034_0007_0038_0038.jpg 1 34 7 38 38
1657_0039_0056_0035_0035.jpg 1 39 56 35 35
1658_0006_0024_0065_0065.jpg 1 6 24 65 65
1659_0023_0006_0061_0061.jpg 1 23 6 61 61
1660_0033_0024_0060_0060.jpg 1 33 24 60 60
1661_0027_0052_0041_0041.jpg 1 27 52 41 41
1662_0009_0018_0067_0067.jpg 1 9 18 67 67
1663_0048_0042_0035_0035.jpg 1 48 42 35 35
1664_0021_0035_0024_0024.jpg 1 21 35 24 24
1665_0029_0028_0049_0049.jpg 1 29 28 49 49
1666_0049_0024_0033_0033.jpg 1 49 24 33 33
1667_0033_0006_0051_0051.jpg 1 33 6 51 51
1668_0030_0036_0057_0057.jpg 1 30 36 57 57
1669_0038_0028_0036_0036.jpg 1 38 28 36 36
1670_0007_0019_0034_0034.jpg 1 7 19 34 34
1671_0009_0019_0045_0045.jpg 1 9 19 45 45
1672_0032_0012_0042_0042.jpg 1 32 12 42 42
1673_0064_0034_0024_0024.jpg 1 64 34 24 24
1674_0018_0059_0024_0024.jpg 1 18 59 24 24
1675_0022_0050_0042_0042.jpg 1 22 50 42 42
1676_0023_0007_0063_0063.jpg 1 23 7 63 63
1677_0046_0015_0038_0038.jpg 1 46 15 38 38
1678_0008_0020_0040_0040.jpg 1 8 20 40 40
1679_0017_0018_0033_0033.jpg 1 17 18 33 33
1680_0023_0040_0035_0035.jpg 1 23 40 35 35
1681_0017_0041_0029_0029.jpg 1 17 41 29 29
1682_0030_0036_0057_0057.jpg 1 30 36 57 57
1683_0019_0012_0039_0039.jpg 1 19 12 39 39
1684_0018_0014_0037_0037.jpg 1 18 14 37 37
1685_0011_0030_0050_0050.jpg 1 11 30 50 50
1686_0038_0056_0029_0029.jpg 1 38 56 29 29
1687_0019_0028_0066_0066.jpg 1 19 28 66 66
1688_0011_0010_0054_0054.jpg 1 11 10 54 54
1689_0020_0019_0038_0038.jpg 1 20 19 38 38
1690_0017_0007_0054_0054.jpg 1 17 7 54 54
1691_0040_0032_0049_0049.jpg 1 40 32 49 49
1692_0044_0044_0029_0029.jpg 1 44 44 29 29
1693_0039_0026_0047_0047.jpg 1 39 26 47 47
1694_0006_0022_0035_0035.jpg 1 6 22 35 35
1695_0025_0004_0060_0060.jpg 1 25 4 60 60
1696_0026_0012_0051_0051.jpg 1 26 12 51 51
1697_0019_0046_0037_0037.jpg 1 19 46 37 37
1698_0055_0047_0036_0036.jpg 1 55 47 36 36
1699_0010_0024_0067_0067.jpg 1 10 24 67 67
1700_0019_0037_0036_0036.jpg 1 19 37 36 36
1701_0022_0005_0048_0048.jpg 1 22 5 48 48
1702_0046_0031_0048_0048.jpg 1 46 31 48 48
1703_0005_0022_0052_0052.jpg 1 5 22 52 52
1704_0018_0004_0064_0064.jpg 1 18 4 64 64
1705_0055_0036_0025_0025.jpg 1 55 36 25 25
1706_0058_0022_0024_0024.jpg 1 58 22 24 24
1707_0048_0049_0029_0029.jpg 1 48 49 29 29
1708_0014_0012_0051_0051.jpg 1 14 12 51 51
1709_0027_0034_0045_0045.jpg 1 27 34 45 45
1710_0003_0030_0062_0062.jpg 1 3 30 62 62
1711_0031_0005_0048_0048.jpg 1 31 5 48 48
1712_0037_0063_0025_0025.jpg 1 37 63 25 25
1713_0017_0035_0047_0047.jpg 1 17 35 47 47
1714_0031_0044_0050_0050.jpg 1 31 44 50 50
1715_0015_0022_0025_0025.jpg 1 15 22 25 25
1716_0040_0042_0043_0043.jpg 1 40 42 43 43
1717_0013_0027_0062_0062.jpg 1 13 27 62 62
1718_0035_0017_0040_0040.jpg 1 35 17 40 40
1719_0048_0043_0036_0036.jpg 1 48 43 36 36
1720_0025_0008_0068_0068.jpg 1 25 8 68 68
1721_0009_0027_0060_0060.jpg 1 9 27 60 60
1722_0027_0009_0055_0055.jpg 1 27 9 55 55
1723_0012_0040_0028_0028.jpg 1 12 40 28 28
1724_0036_0013_0025_0025.jpg 1 36 13 25 25
1725_0013_0012_0039_0039.jpg 1 13 12 39 39
1726_0009_0010_0050_0050.jpg 1 9 10 50 50
1727_0020_0028_0037_0037.jpg 1 20 28 37 37
1728_0021_0043_0044_0044.jpg 1 21 43 44 44
1729_0034_0043_0044_0044.jpg 1 34 43 44 44
1730_0040_0048_0038_0038.jpg 1 40 48 38 38
1731_0006_0011_0051_0051.jpg 1 6 11 51 51
1732_0030_0044_0032_0032.jpg 1 30 44 32 32
1733_0030_0047_0024_0024.jpg 1 30 47 24 24
1734_0041_0029_0041_0041.jpg 1 41 29 41 41
1735_0046_0059_0033_0033.jpg 1 46 59 33 33
1736_0065_0044_0026_0026.jpg 1 65 44 26 26
1737_0020_0041_0052_0052.jpg 1 20 41 52 52
1738_0028_0049_0029_0029.jpg 1 28 49 29 29
1739_0022_0014_0045_0045.jpg 1 22 14 45 45
1740_0023_0009_0036_0036.jpg 1 23 9 36 36
1741_0009_0039_0030_0030.jpg 1 9 39 30 30
1742_0008_0042_0024_0024.jpg 1 8 42 24 24
1743_0010_0037_0041_0041.jpg 1 10 37 41 41
1744_0025_0037_0030_0030.jpg 1 25 37 30 30
1745_0014_0022_0062_0062.jpg 1 14 22 62 62
1746_0014_0010_0046_0046.jpg 1 14 10 46 46
1747_0008_0049_0026_0026.jpg 1 8 49 26 26
1748_0057_0013_0032_0032.jpg 1 57 13 32 32
1749_0008_0021_0062_0062.jpg 1 8 21 62 62
1750_0043_0038_0039_0039.jpg 1 43 38 39 39
1751_0038_0024_0027_0027.jpg 1 38 24 27 27
1752_0021_0033_0058_0058.jpg 1 21 33 58 58
1753_0030_0024_0063_0063.jpg 1 30 24 63 63
1754_0040_0005_0049_0049.jpg 1 40 5 49 49
1755_0026_0003_0063_0063.jpg 1 26 3 63 63
1756_0043_0047_0043_0043.jpg 1 43 47 43 43
1757_0016_0026_0066_0066.jpg 1 16 26 66 66
1758_0031_0051_0027_0027.jpg 1 31 51 27 27
1759_0024_0024_0065_0065.jpg 1 24 24 65 65
1760_0009_0003_0068_0068.jpg 1 9 3 68 68
1761_0010_0010_0040_0040.jpg 1 10 10 40 40
1762_0023_0017_0068_0068.jpg 1 23 17 68 68
1763_0004_0029_0057_0057.jpg 1 4 29 57 57
1764_0040_0035_0041_0041.jpg 1 40 35 41 41
1765_0065_0045_0026_0026.jpg 1 65 45 26 26
1766_0038_0015_0025_0025.jpg 1 38 15 25 25
1767_0018_0025_0031_0031.jpg 1 18 25 31 31
1768_0025_0028_0065_0065.jpg 1 25 28 65 65
1769_0010_0020_0055_0055.jpg 1 10 20 55 55
1770_0035_0021_0041_0041.jpg 1 35 21 41 41
1771_0041_0010_0046_0046.jpg 1 41 10 46 46
1772_0016_0030_0036_0036.jpg 1 16 30 36 36
1773_0030_0026_0035_0035.jpg 1 30 26 35 35
1774_0022_0012_0050_0050.jpg 1 22 12 50 50
1775_0023_0028_0050_0050.jpg 1 23 28 50 50
1776_0022_0048_0038_0038.jpg 1 22 48 38 38
1777_0012_0023_0067_0067.jpg 1 12 23 67 67
1778_0040_0025_0048_0048.jpg 1 40 25 48 48
1779_0018_0027_0068_0068.jpg 1 18 27 68 68
1780_0037_0006_0039_0039.jpg 1 37 6 39 39
1781_0027_0034_0044_0044.jpg 1 27 34 44 44
1782_0009_0014_0064_0064.jpg 1 9 14 64 64
1783_0012_0031_0049_0049.jpg 1 12 31 49 49
1784_0019_0006_0068_0068.jpg 1 19 6 68 68
1785_0018_0008_0064_0064.jpg 1 18 8 64 64
1786_0010_0043_0040_0040.jpg 1 10 43 40 40
1787_0013_0054_0036_0036.jpg 1 13 54 36 36
1788_0056_0032_0025_0025.jpg 1 56 32 25 25
1789_0023_0008_0055_0055.jpg 1 23 8 55 55
1790_0037_0053_0032_0032.jpg 1 37 53 32 32
1791_0008_0009_0054_0054.jpg 1 8 9 54 54
1792_0024_0049_0044_0044.jpg 1 24 49 44 44
1793_0017_0032_0043_0043.jpg 1 17 32 43 43
1794_0059_0038_0028_0028.jpg 1 59 38 28 28
1795_0034_0045_0048_0048.jpg 1 34 45 48 48
1796_0015_0018_0045_0045.jpg 1 15 18 45 45
1797_0007_0014_0050_0050.jpg 1 7 14 50 50
1798_0031_0021_0049_0049.jpg 1 31 21 49 49
1799_0046_0012_0041_0041.jpg 1 46 12 41 41
1800_0007_0025_0068_0068.jpg 1 7 25 68 68
1801_0039_0040_0026_0026.jpg 1 39 40 26 26
1802_0048_0028_0024_0024.jpg 1 48 28 24 24
1803_0037_0032_0045_0045.jpg 1 37 32 45 45
1804_0027_0010_0062_0062.jpg 1 27 10 62 62
1805_0017_0017_0060_0060.jpg 1 17 17 60 60
1806_0006_0034_0042_0042.jpg 1 6 34 42 42
1807_0030_0041_0034_0034.jpg 1 30 41 34 34
1808_0009_0011_0036_0036.jpg 1 9 11 36 36
1809_0004_0020_0068_0068.jpg 1 4 20 68 68
1810_0026_0005_0056_0056.jpg 1 26 5 56 56
1811_0050_0062_0029_0029.jpg 1 50 62 29 29
1812_0059_0012_0028_0028.jpg 1 59 12 28 28
1813_0061_0057_0025_0025.jpg 1 61 57 25 25
1814_0029_0030_0056_0056.jpg 1 29 30 56 56
1815_0022_0042_0050_0050.jpg 1 22 42 50 50
1816_0018_0012_0063_0063.jpg 1 18 12 63 63
1817_0039_0056_0034_0034.jpg 1 39 56 34 34
1818_0004_0031_0057_0057.jpg 1 4 31 57 57
1819_0032_0016_0052_0052.jpg 1 32 16 52 52
1820_0042_0029_0041_0041.jpg 1 42 29 41 41
1821_0026_0009_0054_0054.jpg 1 26 9 54 54
1822_0019_0009_0024_0024.jpg 1 19 9 24 24
1823_0013_0010_0061_0061.jpg 1 13 10 61 61
1824_0033_0036_0036_0036.jpg 1 33 36 36 36
1825_0004_0023_0063_0063.jpg 1 4 23 63 63
1826_0010_0031_0052_0052.jpg 1 10 31 52 52
1827_0014_0014_0024_0024.jpg 1 14 14 24 24
1828_0047_0055_0035_0035.jpg 1 47 55 35 35
1829_0038_0030_0052_0052.jpg 1 38 30 52 52
1830_0012_0024_0050_0050.jpg 1 12 24 50 50
1831_0019_0028_0068_0068.jpg 1 19 28 68 68
1832_0019_0025_0024_0024.jpg 1 19 25 24 24
1833_0019_0025_0065_0065.jpg 1 19 25 65 65
1834_0023_0027_0064_0064.jpg 1 23 27 64 64
1835_0011_0022_0062_0062.jpg 1 11 22 62 62
1836_0017_0012_0062_0062.jpg 1 17 12 62 62
1837_0010_0019_0052_0052.jpg 1 10 19 52 52
1838_0045_0043_0039_0039.jpg 1 45 43 39 39
1839_0029_0006_0064_0064.jpg 1 29 6 64 64
1840_0015_0021_0026_0026.jpg 1 15 21 26 26
1841_0021_0044_0045_0045.jpg 1 21 44 45 45
1842_0011_0033_0054_0054.jpg 1 11 33 54 54
1843_0023_0003_0069_0069.jpg 1 23 3 69 69
1844_0015_0046_0026_0026.jpg 1 15 46 26 26
1845_0034_0023_0061_0061.jpg 1 34 23 61 61
1846_0012_0010_0033_0033.jpg 1 12 10 33 33
1847_0019_0035_0058_0058.jpg 1 19 35 58 58
1848_0021_0004_0058_0058.jpg 1 21 4 58 58
1849_0017_0035_0042_0042.jpg 1 17 35 42 42
1850_0017_0006_0066_0066.jpg 1 17 6 66 66
1851_0019_0061_0025_0025.jpg 1 19 61 25 25
1852_0014_0028_0055_0055.jpg 1 14 28 55 55
1853_0020_0046_0024_0024.jpg 1 20 46 24 24
1854_0028_0025_0053_0053.jpg 1 28 25 53 53
1855_0041_0013_0051_0051.jpg 1 41 13 51 51
1856_0049_0025_0031_0031.jpg 1 49 25 31 31
1857_0031_0006_0044_0044.jpg 1 31 6 44 44
1858_0013_0033_0049_0049.jpg 1 13 33 49 49
1859_0024_0017_0066_0066.jpg 1 24 17 66 66
1860_0030_0024_0040_0040.jpg 1 30 24 40 40
1861_0017_0060_0032_0032.jpg 1 17 60 32 32
1862_0022_0014_0069_0069.jpg 1 22 14 69 69
1863_0008_0024_0054_0054.jpg 1 8 24 54 54
1864_0019_0030_0055_0055.jpg 1 19 30 55 55
1865_0005_0021_0044_0044.jpg 1 5 21 44 44
1866_0006_0042_0039_0039.jpg 1 6 42 39 39
1867_0031_0016_0065_0065.jpg 1 31 16 65 65
1868_0036_0042_0048_0048.jpg 1 36 42 48 48
1869_0053_0030_0028_0028.jpg 1 53 30 28 28
1870_0023_0054_0031_0031.jpg 1 23 54 31 31
1871_0012_0016_0044_0044.jpg 1 12 16 44 44
1872_0014_0045_0029_0029.jpg 1 14 45 29 29
1873_0005_0010_0057_0057.jpg 1 5 10 57 57
1874_0047_0034_0038_0038.jpg 1 47 34 38 38
1875_0024_0024_0042_0042.jpg 1 24 24 42 42
1876_0006_0009_0067_0067.jpg 1 6 9 67 67
1877_0028_0004_0056_0056.jpg 1 28 4 56 56
1878_0052_0018_0029_0029.jpg 1 52 18 29 29
1879_0025_0023_0042_0042.jpg 1 25 23 42 42
1880_0026_0039_0033_0033.jpg 1 26 39 33 33
1881_0018_0032_0049_0049.jpg 1 18 32 49 49
1882_0018_0036_0054_0054.jpg 1 18 36 54 54
1883_0022_0008_0028_0028.jpg 1 22 8 28 28
1884_0005_0023_0068_0068.jpg 1 5 23 68 68
1885_0018_0021_0058_0058.jpg 1 18 21 58 58
1886_0014_0013_0064_0064.jpg 1 14 13 64 64
1887_0009_0014_0035_0035.jpg 1 9 14 35 35
1888_0045_0056_0031_0031.jpg 1 45 56 31 31
1889_0042_0029_0050_0050.jpg 1 42 29 50 50
1890_0050_0045_0029_0029.jpg 1 50 45 29 29
1891_0012_0017_0063_0063.jpg 1 12 17 63 63
1892_0014_0024_0040_0040.jpg 1 14 24 40 40
1893_0031_0021_0042_0042.jpg 1 31 21 42 42
1894_0030_0022_0064_0064.jpg 1 30 22 64 64
1895_0017_0028_0065_0065.jpg 1 17 28 65 65
1896_0037_0019_0044_0044.jpg 1 37 19 44 44
1897_0020_0008_0052_0052.jpg 1 20 8 52 52
1898_0009_0015_0059_0059.jpg 1 9 15 59 59
1899_0034_0013_0060_0060.jpg 1 34 13 60 60
1900_0004_0029_0053_0053.jpg 1 4 29 53 53
1901_0019_0025_0061_0061.jpg 1 19 25 61 61
1902_0016_0041_0032_0032.jpg 1 16 41 32 32
1903_0020_0015_0037_0037.jpg 1 20 15 37 37
1904_0032_0013_0052_0052.jpg 1 32 13 52 52
1905_0036_0009_0050_0050.jpg 1 36 9 50 50
1906_0008_0013_0069_0069.jpg 1 8 13 69 69
1907_0015_0016_0060_0060.jpg 1 15 16 60 60
1908_0033_0011_0055_0055.jpg 1 33 11 55 55
1909_0045_0037_0037_0037.jpg 1 45 37 37 37
1910_0017_0012_0035_0035.jpg 1 17 12 35 35
1911_0025_0020_0056_0056.jpg 1 25 20 56 56
1912_0032_0013_0063_0063.jpg 1 32 13 63 63
1913_0005_0044_0046_0046.jpg 1 5 44 46 46
1914_0051_0026_0039_0039.jpg 1 51 26 39 39
1915_0005_0007_0062_0062.jpg 1 5 7 62 62
1916_0034_0051_0031_0031.jpg 1 34 51 31 31
1917_0013_0013_0041_0041.jpg 1 13 13 41 41
1918_0034_0021_0046_0046.jpg 1 34 21 46 46
1919_0010_0041_0045_0045.jpg 1 10 41 45 45
1920_0028_0023_0068_0068.jpg 1 28 23 68 68
1921_0040_0015_0051_0051.jpg 1 40 15 51 51
1922_0064_0025_0026_0026.jpg 1 64 25 26 26
1923_0025_0034_0045_0045.jpg 1 25 34 45 45
1924_0029_0027_0064_0064.jpg 1 29 27 64 64
1925_0008_0021_0067_0067.jpg 1 8 21 67 67
1926_0039_0020_0049_0049.jpg 1 39 20 49 49
1927_0032_0039_0049_0049.jpg 1 32 39 49 49
1928_0014_0030_0055_0055.jpg 1 14 30 55 55
1929_0024_0007_0056_0056.jpg 1 24 7 56 56
1930_0025_0019_0055_0055.jpg 1 25 19 55 55
1931_0010_0008_0069_0069.jpg 1 10 8 69 69
1932_0010_0029_0030_0030.jpg 1 10 29 30 30
1933_0037_0020_0033_0033.jpg 1 37 20 33 33
1934_0036_0006_0050_0050.jpg 1 36 6 50 50
1935_0024_0012_0068_0068.jpg 1 24 12 68 68
1936_0005_0020_0053_0053.jpg 1 5 20 53 53
1937_0023_0020_0032_0032.jpg 1 23 20 32 32
1938_0031_0023_0057_0057.jpg 1 31 23 57 57
1939_0055_0065_0026_0026.jpg 1 55 65 26 26
1940_0006_0027_0066_0066.jpg 1 6 27 66 66
1941_0024_0009_0065_0065.jpg 1 24 9 65 65
1942_0015_0028_0042_0042.jpg 1 15 28 42 42
1943_0028_0008_0064_0064.jpg 1 28 8 64 64
1944_0041_0047_0037_0037.jpg 1 41 47 37 37
1945_0031_0033_0042_0042.jpg 1 31 33 42 42
1946_0025_0004_0067_0067.jpg 1 25 4 67 67
1947_0018_0014_0064_0064.jpg 1 18 14 64 64
1948_0032_0036_0036_0036.jpg 1 32 36 36 36
1949_0021_0017_0065_0065.jpg 1 21 17 65 65
1950_0042_0045_0042_0042.jpg 1 42 45 42 42
