0001_0012_0007_0042_0042.jpg 1 12 7 42 42
0002_0030_0007_0062_0062.jpg 1 30 7 62 62
0003_0009_0026_0044_0044.jpg 1 9 26 44 44
0004_0013_0015_0054_0054.jpg 1 13 15 54 54
0005_0023_0033_0043_0043.jpg 1 23 33 43 43
0006_0060_0047_0024_0024.jpg 1 60 47 24 24
0007_0025_0008_0058_0058.jpg 1 25 8 58 58
0008_0010_0013_0030_0030.jpg 1 10 13 30 30
0009_0029_0059_0024_0024.jpg 1 29 59 24 24
0010_0016_0038_0052_0052.jpg 1 16 38 52 52
0011_0051_0046_0030_0030.jpg 1 51 46 30 30
0012_0010_0025_0061_0061.jpg 1 10 25 61 61
0013_0008_0011_0037_0037.jpg 1 8 11 37 37
0014_0021_0020_0063_0063.jpg 1 21 20 63 63
0015_0053_0035_0028_0028.jpg 1 53 35 28 28
0016_0034_0024_0059_0059.jpg 1 34 24 59 59
0017_0007_0027_0064_0064.jpg 1 7 27 64 64
0018_0022_0010_0051_0051.jpg 1 22 10 51 51
0019_0009_0013_0065_0065.jpg 1 9 13 65 65
0020_0021_0041_0028_0028.jpg 1 21 41 28 28
0021_0022_0008_0048_0048.jpg 1 22 8 48 48
0022_0025_0026_0051_0051.jpg 1 25 26 51 51
0023_0013_0017_0037_0037.jpg 1 13 17 37 37
0024_0027_0017_0058_0058.jpg 1 27 17 58 58
0025_0004_0027_0068_0068.jpg 1 4 27 68 68
0026_0030_0056_0029_0029.jpg 1 30 56 29 29
0027_0031_0006_0046_0046.jpg 1 31 6 46 46
0028_0020_0011_0040_0040.jpg 1 20 11 40 40
0029_0011_0047_0024_0024.jpg 1 11 47 24 24
0030_0052_0052_0039_0039.jpg 1 52 52 39 39
0031_0040_0021_0043_0043.jpg 1 40 21 43 43
0032_0007_0030_0062_0062.jpg 1 7 30 62 62
0033_0006_0034_0052_0052.jpg 1 6 34 52 52
0034_0023_0010_0048_0048.jpg 1 23 10 48 48
0035_0020_0024_0061_0061.jpg 1 20 24 61 61
0036_0030_0026_0027_0027.jpg 1 30 26 27 27
0037_0010_0044_0046_0046.jpg 1 10 44 46 46
0038_0048_0033_0036_0036.jpg 1 48 33 36 36
0039_0029_0010_0044_0044.jpg 1 29 10 44 44
0040_0041_0009_0049_0049.jpg 1 41 9 49 49
0041_0033_0016_0056_0056.jpg 1 33 16 56 56
0042_0031_0038_0055_0055.jpg 1 31 38 55 55
0043_0062_0057_0025_0025.jpg 1 62 57 25 25
0044_0048_0019_0037_0037.jpg 1 48 19 37 37
0045_0028_0054_0024_0024.jpg 1 28 54 24 24
0046_0006_0010_0053_0053.jpg 1 6 10 53 53
0047_0019_0030_0059_0059.jpg 1 19 30 59 59
0048_0040_0047_0032_0032.jpg 1 40 47 32 32
0049_0007_0034_0050_0050.jpg 1 7 34 50 50
0050_0044_0030_0042_0042.jpg 1 44 30 42 42
0051_0011_0032_0037_0037.jpg 1 11 32 37 37
0052_0023_0035_0048_0048.jpg 1 23 35 48 48
0053_0022_0022_0057_0057.jpg 1 22 22 57 57
0054_0005_0023_0063_0063.jpg 1 5 23 63 63
0055_0027_0017_0038_0038.jpg 1 27 17 38 38
0056_0037_0038_0042_0042.jpg 1 37 38 42 42
0057_0009_0035_0040_0040.jpg 1 9 35 40 40
0058_0047_0024_0041_0041.jpg 1 47 24 41 41
0059_0026_0024_0051_0051.jpg 1 26 24 51 51
0060_0030_0012_0065_0065.jpg 1 30 12 65 65
0061_0020_0018_0048_0048.jpg 1 20 18 48 48
0062_0050_0037_0028_0028.jpg 1 50 37 28 28
0063_0014_0006_0067_0067.jpg 1 14 6 67 67
0064_0032_0025_0038_0038.jpg 1 32 25 38 38
0065_0029_0007_0027_0027.jpg 1 29 7 27 27
0066_0041_0038_0028_0028.jpg 1 41 38 28 28
0067_0010_0034_0033_0033.jpg 1 10 34 33 33
0068_0021_0006_0056_0056.jpg 1 21 6 56 56
0069_0022_0045_0044_0044.jpg 1 22 45 44 44
0070_0021_0011_0062_0062.jpg 1 21 11 62 62
0071_0027_0028_0063_0063.jpg 1 27 28 63 63
0072_0024_0024_0053_0053.jpg 1 24 24 53 53
0073_0008_0033_0026_0026.jpg 1 8 33 26 26
0074_0035_0029_0059_0059.jpg 1 35 29 59 59
0075_0018_0038_0038_0038.jpg 1 18 38 38 38
0076_0041_0020_0046_0046.jpg 1 41 20 46 46
0077_0006_0021_0043_0043.jpg 1 6 21 43 43
0078_0007_0020_0025_0025.jpg 1 7 20 25 25
0079_0019_0032_0058_0058.jpg 1 19 32 58 58
0080_0019_0025_0066_0066.jpg 1 19 25 66 66
0081_0041_0043_0031_0031.jpg 1 41 43 31 31
0082_0006_0025_0062_0062.jpg 1 6 25 62 62
0083_0030_0027_0063_0063.jpg 1 30 27 63 63
0084_0055_0041_0028_0028.jpg 1 55 41 28 28
0085_0008_0054_0027_0027.jpg 1 8 54 27 27
0086_0011_0051_0032_0032.jpg 1 11 51 32 32
0087_0017_0021_0038_0038.jpg 1 17 21 38 38
0088_0037_0024_0054_0054.jpg 1 37 24 54 54
0089_0031_0058_0026_0026.jpg 1 31 58 26 26
0090_0029_0044_0027_0027.jpg 1 29 44 27 27
0091_0023_0039_0052_0052.jpg 1 23 39 52 52
0092_0018_0011_0067_0067.jpg 1 18 11 67 67
0093_0038_0008_0048_0048.jpg 1 38 8 48 48
0094_0013_0060_0030_0030.jpg 1 13 60 30 30
0095_0027_0011_0037_0037.jpg 1 27 11 37 37
0096_0018_0062_0028_0028.jpg 1 18 62 28 28
0097_0013_0019_0056_0056.jpg 1 13 19 56 56
0098_0008_0007_0061_0061.jpg 1 8 7 61 61
0099_0020_0010_0036_0036.jpg 1 20 10 36 36
0100_0043_0018_0039_0039.jpg 1 43 18 39 39
0101_0022_0027_0062_0062.jpg 1 22 27 62 62
0102_0028_0028_0061_0061.jpg 1 28 28 61 61
0103_0050_0037_0040_0040.jpg 1 50 37 40 40
0104_0014_0038_0049_0049.jpg 1 14 38 49 49
0105_0013_0019_0054_0054.jpg 1 13 19 54 54
0106_0022_0035_0056_0056.jpg 1 22 35 56 56
0107_0027_0020_0047_0047.jpg 1 27 20 47 47
0108_0039_0035_0036_0036.jpg 1 39 35 36 36
0109_0036_0038_0046_0046.jpg 1 36 38 46 46
0110_0016_0011_0043_0043.jpg 1 16 11 43 43
0111_0006_0005_0065_0065.jpg 1 6 5 65 65
0112_0040_0031_0035_0035.jpg 1 40 31 35 35
0113_0025_0037_0048_0048.jpg 1 25 37 48 48
0114_0036_0022_0059_0059.jpg 1 36 22 59 59
0115_0027_0018_0024_0024.jpg 1 27 18 24 24
0116_0026_0016_0065_0065.jpg 1 26 16 65 65
0117_0037_0024_0054_0054.jpg 1 37 24 54 54
0118_0036_0043_0033_0033.jpg 1 36 43 33 33
0119_0004_0009_0065_0065.jpg 1 4 9 65 65
0120_0017_0037_0050_0050.jpg 1 17 37 50 50
0121_0041_0048_0039_0039.jpg 1 41 48 39 39
0122_0045_0038_0026_0026.jpg 1 45 38 26 26
0123_0011_0055_0038_0038.jpg 1 11 55 38 38
0124_0041_0008_0034_0034.jpg 1 41 8 34 34
0125_0011_0020_0060_0060.jpg 1 11 20 60 60
0126_0045_0006_0042_0042.jpg 1 45 6 42 42
0127_0026_0035_0056_0056.jpg 1 26 35 56 56
0128_0023_0022_0028_0028.jpg 1 23 22 28 28
0129_0013_0025_0066_0066.jpg 1 13 25 66 66
0130_0031_0017_0036_0036.jpg 1 31 17 36 36
0131_0033_0028_0058_0058.jpg 1 33 28 58 58
0132_0007_0015_0049_0049.jpg 1 7 15 49 49
0133_0029_0033_0048_0048.jpg 1 29 33 48 48
0134_0009_0008_0025_0025.jpg 1 9 8 25 25
0135_0006_0003_0065_0065.jpg 1 6 3 65 65
0136_0025_0011_0036_0036.jpg 1 25 11 36 36
0137_0012_0043_0038_0038.jpg 1 12 43 38 38
0138_0012_0033_0062_0062.jpg 1 12 33 62 62
0139_0048_0022_0042_0042.jpg 1 48 22 42 42
0140_0046_0039_0026_0026.jpg 1 46 39 26 26
0141_0014_0018_0046_0046.jpg 1 14 18 46 46
0142_0042_0024_0035_0035.jpg 1 42 24 35 35
0143_0015_0016_0069_0069.jpg 1 15 16 69 69
0144_0005_0021_0057_0057.jpg 1 5 21 57 57
0145_0023_0007_0051_0051.jpg 1 23 7 51 51
0146_0035_0009_0056_0056.jpg 1 35 9 56 56
0147_0004_0028_0064_0064.jpg 1 4 28 64 64
0148_0012_0013_0068_0068.jpg 1 12 13 68 68
0149_0008_0021_0060_0060.jpg 1 8 21 60 60
0150_0018_0044_0046_0046.jpg 1 18 44 46 46
0151_0058_0008_0026_0026.jpg 1 58 8 26 26
0152_0010_0037_0051_0051.jpg 1 10 37 51 51
0153_0032_0050_0043_0043.jpg 1 32 50 43 43
0154_0012_0037_0042_0042.jpg 1 12 37 42 42
0155_0012_0022_0034_0034.jpg 1 12 22 34 34
0156_0030_0008_0037_0037.jpg 1 30 8 37 37
0157_0055_0051_0032_0032.jpg 1 55 51 32 32
0158_0018_0022_0063_0063.jpg 1 18 22 63 63
0159_0023_0019_0069_0069.jpg 1 23 19 69 69
0160_0035_0014_0046_0046.jpg 1 35 14 46 46
0161_0008_0010_0046_0046.jpg 1 8 10 46 46
0162_0007_0023_0051_0051.jpg 1 7 23 51 51
0163_0009_0046_0044_0044.jpg 1 9 46 44 44
0164_0029_0034_0034_0034.jpg 1 29 34 34 34
0165_0020_0051_0028_0028.jpg 1 20 51 28 28
0166_0047_0022_0038_0038.jpg 1 47 22 38 38
0167_0005_0023_0049_0049.jpg 1 5 23 49 49
0168_0045_0029_0025_0025.jpg 1 45 29 25 25
0169_0030_0028_0065_0065.jpg 1 30 28 65 65
0170_0016_0018_0069_0069.jpg 1 16 18 69 69
0171_0031_0030_0065_0065.jpg 1 31 30 65 65
0172_0011_0044_0035_0035.jpg 1 11 44 35 35
0173_0027_0026_0030_0030.jpg 1 27 26 30 30
0174_0052_0009_0041_0041.jpg 1 52 9 41 41
0175_0033_0021_0045_0045.jpg 1 33 21 45 45
0176_0038_0040_0026_0026.jpg 1 38 40 26 26
0177_0062_0046_0026_0026.jpg 1 62 46 26 26
0178_0033_0031_0033_0033.jpg 1 33 31 33 33
0179_0032_0047_0026_0026.jpg 1 32 47 26 26
0180_0027_0021_0067_0067.jpg 1 27 21 67 67
0181_0035_0005_0060_0060.jpg 1 35 5 60 60
0182_0006_0039_0044_0044.jpg 1 6 39 44 44
0183_0043_0038_0033_0033.jpg 1 43 38 33 33
0184_0006_0035_0051_0051.jpg 1 6 35 51 51
0185_0017_0054_0038_0038.jpg 1 17 54 38 38
0186_0013_0026_0056_0056.jpg 1 13 26 56 56
0187_0042_0012_0025_0025.jpg 1 42 12 25 25
0188_0004_0018_0065_0065.jpg 1 4 18 65 65
0189_0027_0010_0044_0044.jpg 1 27 10 44 44
0190_0006_0018_0054_0054.jpg 1 6 18 54 54
0191_0008_0008_0035_0035.jpg 1 8 8 35 35
0192_0030_0046_0046_0046.jpg 1 30 46 46 46
0193_0032_0027_0046_0046.jpg 1 32 27 46 46
0194_0019_0038_0056_0056.jpg 1 19 38 56 56
0195_0049_0026_0031_0031.jpg 1 49 26 31 31
0196_0039_0050_0044_0044.jpg 1 39 50 44 44
0197_0007_0022_0027_0027.jpg 1 7 22 27 27
0198_0029_0046_0042_0042.jpg 1 29 46 42 42
0199_0028_0011_0054_0054.jpg 1 28 11 54 54
0200_0026_0056_0033_0033.jpg 1 26 56 33 33
0201_0011_0019_0057_0057.jpg 1 11 19 57 57
0202_0037_0038_0050_0050.jpg 1 37 38 50 50
0203_0034_0014_0057_0057.jpg 1 34 14 57 57
0204_0031_0039_0050_0050.jpg 1 31 39 50 50
0205_0043_0008_0030_0030.jpg 1 43 8 30 30
0206_0016_0048_0024_0024.jpg 1 16 48 24 24
0207_0033_0012_0028_0028.jpg 1 33 12 28 28
0208_0031_0037_0033_0033.jpg 1 31 37 33 33
0209_0015_0014_0067_0067.jpg 1 15 14 67 67
0210_0029_0006_0044_0044.jpg 1 29 6 44 44
0211_0057_0046_0025_0025.jpg 1 57 46 25 25
0212_0009_0006_0065_0065.jpg 1 9 6 65 65
0213_0044_0032_0033_0033.jpg 1 44 32 33 33
0214_0024_0037_0055_0055.jpg 1 24 37 55 55
0215_0036_0016_0038_0038.jpg 1 36 16 38 38
0216_0022_0045_0037_0037.jpg 1 22 45 37 37
0217_0019_0018_0045_0045.jpg 1 19 18 45 45
0218_0011_0058_0027_0027.jpg 1 11 58 27 27
0219_0007_0034_0051_0051.jpg 1 7 34 51 51
0220_0017_0013_0026_0026.jpg 1 17 13 26 26
0221_0015_0057_0034_0034.jpg 1 15 57 34 34
0222_0011_0027_0064_0064.jpg 1 11 27 64 64
0223_0037_0022_0053_0053.jpg 1 37 22 53 53
0224_0033_0025_0029_0029.jpg 1 33 25 29 29
0225_0010_0050_0035_0035.jpg 1 10 50 35 35
0226_0027_0012_0045_0045.jpg 1 27 12 45 45
0227_0057_0062_0028_0028.jpg 1 57 62 28 28
0228_0016_0041_0042_0042.jpg 1 16 41 42 42
0229_0029_0012_0058_0058.jpg 1 29 12 58 58
0230_0028_0019_0067_0067.jpg 1 28 19 67 67
0231_0034_0023_0039_0039.jpg 1 34 23 39 39
0232_0049_0006_0038_0038.jpg 1 49 6 38 38
0233_0036_0037_0028_0028.jpg 1 36 37 28 28
0234_0063_0036_0025_0025.jpg 1 63 36 25 25
0235_0052_0027_0030_0030.jpg 1 52 27 30 30
0236_0055_0009_0032_0032.jpg 1 55 9 32 32
0237_0040_0035_0025_0025.jpg 1 40 35 25 25
0238_0058_0014_0034_0034.jpg 1 58 14 34 34
0239_0035_0004_0056_0056.jpg 1 35 4 56 56
0240_0029_0014_0045_0045.jpg 1 29 14 45 45
0241_0016_0020_0058_0058.jpg 1 16 20 58 58
0242_0015_0048_0030_0030.jpg 1 15 48 30 30
0243_0027_0036_0042_0042.jpg 1 27 36 42 42
0244_0058_0032_0035_0035.jpg 1 58 32 35 35
0245_0007_0017_0050_0050.jpg 1 7 17 50 50
0246_0024_0018_0051_0051.jpg 1 24 18 51 51
0247_0020_0039_0051_0051.jpg 1 20 39 51 51
0248_0017_0011_0029_0029.jpg 1 17 11 29 29
0249_0027_0023_0048_0048.jpg 1 27 23 48 48
0250_0025_0017_0051_0051.jpg 1 25 17 51 51
0251_0037_0031_0033_0033.jpg 1 37 31 33 33
0252_0011_0029_0026_0026.jpg 1 11 29 26 26
0253_0029_0016_0054_0054.jpg 1 29 16 54 54
0254_0039_0008_0052_0052.jpg 1 39 8 52 52
0255_0032_0026_0054_0054.jpg 1 32 26 54 54
0256_0022_0029_0036_0036.jpg 1 22 29 36 36
0257_0016_0008_0037_0037.jpg 1 16 8 37 37
0258_0003_0021_0068_0068.jpg 1 3 21 68 68
0259_0017_0039_0051_0051.jpg 1 17 39 51 51
0260_0008_0020_0062_0062.jpg 1 8 20 62 62
0261_0046_0054_0025_0025.jpg 1 46 54 25 25
0262_0032_0025_0048_0048.jpg 1 32 25 48 48
0263_0048_0013_0025_0025.jpg 1 48 13 25 25
0264_0015_0011_0032_0032.jpg 1 15 11 32 32
0265_0009_0034_0060_0060.jpg 1 9 34 60 60
0266_0034_0052_0032_0032.jpg 1 34 52 32 32
0267_0039_0035_0054_0054.jpg 1 39 35 54 54
0268_0028_0035_0057_0057.jpg 1 28 35 57 57
0269_0004_0032_0061_0061.jpg 1 4 32 61 61
0270_0021_0005_0058_0058.jpg 1 21 5 58 58
0271_0017_0017_0059_0059.jpg 1 17 17 59 59
0272_0006_0016_0068_0068.jpg 1 6 16 68 68
0273_0021_0014_0026_0026.jpg 1 21 14 26 26
0274_0048_0024_0032_0032.jpg 1 48 24 32 32
0275_0008_0016_0058_0058.jpg 1 8 16 58 58
0276_0033_0037_0029_0029.jpg 1 33 37 29 29
0277_0006_0006_0066_0066.jpg 1 6 6 66 66
0278_0028_0021_0032_0032.jpg 1 28 21 32 32
0279_0027_0034_0042_0042.jpg 1 27 34 42 42
0280_0020_0050_0042_0042.jpg 1 20 50 42 42
0281_0026_0027_0039_0039.jpg 1 26 27 39 39
0282_0046_0012_0043_0043.jpg 1 46 12 43 43
0283_0006_0014_0051_0051.jpg 1 6 14 51 51
0284_0037_0038_0037_0037.jpg 1 37 38 37 37
0285_0045_0028_0035_0035.jpg 1 45 28 35 35
0286_0013_0019_0032_0032.jpg 1 13 19 32 32
0287_0041_0023_0054_0054.jpg 1 41 23 54 54
0288_0041_0050_0029_0029.jpg 1 41 50 29 29
0289_0029_0032_0048_0048.jpg 1 29 32 48 48
0290_0025_0032_0054_0054.jpg 1 25 32 54 54
0291_0037_0030_0030_0030.jpg 1 37 30 30 30
0292_0025_0042_0039_0039.jpg 1 25 42 39 39
0293_0028_0006_0062_0062.jpg 1 28 6 62 62
0294_0045_0040_0047_0047.jpg 1 45 40 47 47
0295_0009_0022_0067_0067.jpg 1 9 22 67 67
0296_0018_0014_0059_0059.jpg 1 18 14 59 59
0297_0022_0017_0057_0057.jpg 1 22 17 57 57
0298_0021_0004_0061_0061.jpg 1 21 4 61 61
0299_0040_0012_0042_0042.jpg 1 40 12 42 42
0300_0025_0026_0055_0055.jpg 1 25 26 55 55
0301_0014_0023_0050_0050.jpg 1 14 23 50 50
0302_0010_0007_0066_0066.jpg 1 10 7 66 66
0303_0030_0036_0058_0058.jpg 1 30 36 58 58
0304_0042_0015_0053_0053.jpg 1 42 15 53 53
0305_0045_0040_0043_0043.jpg 1 45 40 43 43
0306_0034_0026_0061_0061.jpg 1 34 26 61 61
0307_0021_0037_0057_0057.jpg 1 21 37 57 57
0308_0027_0009_0037_0037.jpg 1 27 9 37 37
0309_0025_0025_0067_0067.jpg 1 25 25 67 67
0310_0022_0015_0056_0056.jpg 1 22 15 56 56
0311_0025_0025_0063_0063.jpg 1 25 25 63 63
0312_0008_0014_0042_0042.jpg 1 8 14 42 42
0313_0005_0010_0061_0061.jpg 1 5 10 61 61
0314_0020_0006_0067_0067.jpg 1 20 6 67 67
0315_0008_0019_0060_0060.jpg 1 8 19 60 60
0316_0016_0024_0062_0062.jpg 1 16 24 62 62
0317_0008_0013_0068_0068.jpg 1 8 13 68 68
0318_0010_0010_0069_0069.jpg 1 10 10 69 69
0319_0041_0045_0033_0033.jpg 1 41 45 33 33
0320_0027_0032_0055_0055.jpg 1 27 32 55 55
0321_0052_0031_0036_0036.jpg 1 52 31 36 36
0322_0030_0019_0057_0057.jpg 1 30 19 57 57
0323_0022_0030_0063_0063.jpg 1 22 30 63 63
0324_0007_0021_0046_0046.jpg 1 7 21 46 46
0325_0040_0029_0033_0033.jpg 1 40 29 33 33
0326_0033_0032_0032_0032.jpg 1 33 32 32 32
0327_0013_0004_0066_0066.jpg 1 13 4 66 66
0328_0027_0020_0024_0024.jpg 1 27 20 24 24
0329_0044_0037_0040_0040.jpg 1 44 37 40 40
0330_0029_0045_0049_0049.jpg 1 29 45 49 49
0331_0049_0056_0037_0037.jpg 1 49 56 37 37
0332_0006_0037_0055_0055.jpg 1 6 37 55 55
0333_0043_0026_0034_0034.jpg 1 43 26 34 34
0334_0028_0023_0063_0063.jpg 1 28 23 63 63
0335_0045_0031_0042_0042.jpg 1 45 31 42 42
0336_0050_0024_0040_0040.jpg 1 50 24 40 40
0337_0027_0021_0051_0051.jpg 1 27 21 51 51
0338_0032_0030_0052_0052.jpg 1 32 30 52 52
0339_0029_0013_0064_0064.jpg 1 29 13 64 64
0340_0032_0007_0061_0061.jpg 1 32 7 61 61
0341_0023_0021_0051_0051.jpg 1 23 21 51 51
0342_0029_0015_0051_0051.jpg 1 29 15 51 51
0343_0020_0042_0043_0043.jpg 1 20 42 43 43
0344_0024_0017_0058_0058.jpg 1 24 17 58 58
0345_0026_0010_0065_0065.jpg 1 26 10 65 65
0346_0008_0045_0043_0043.jpg 1 8 45 43 43
0347_0040_0011_0047_0047.jpg 1 40 11 47 47
0348_0034_0037_0053_0053.jpg 1 34 37 53 53
0349_0012_0032_0062_0062.jpg 1 12 32 62 62
0350_0027_0016_0053_0053.jpg 1 27 16 53 53
0351_0032_0032_0058_0058.jpg 1 32 32 58 58
0352_0028_0065_0027_0027.jpg 1 28 65 27 27
0353_0012_0025_0063_0063.jpg 1 12 25 63 63
0354_0041_0051_0027_0027.jpg 1 41 51 27 27
0355_0032_0036_0032_0032.jpg 1 32 36 32 32
0356_0034_0023_0049_0049.jpg 1 34 23 49 49
0357_0005_0032_0052_0052.jpg 1 5 32 52 52
0358_0015_0029_0064_0064.jpg 1 15 29 64 64
0359_0007_0021_0055_0055.jpg 1 7 21 55 55
0360_0005_0023_0053_0053.jpg 1 5 23 53 53
0361_0009_0021_0052_0052.jpg 1 9 21 52 52
0362_0023_0008_0033_0033.jpg 1 23 8 33 33
0363_0030_0034_0052_0052.jpg 1 30 34 52 52
0364_0010_0003_0069_0069.jpg 1 10 3 69 69
0365_0027_0055_0034_0034.jpg 1 27 55 34 34
0366_0033_0036_0057_0057.jpg 1 33 36 57 57
0367_0021_0009_0069_0069.jpg 1 21 9 69 69
0368_0036_0049_0041_0041.jpg 1 36 49 41 41
0369_0009_0017_0052_0052.jpg 1 9 17 52 52
0370_0013_0020_0058_0058.jpg 1 13 20 58 58
0371_0023_0021_0059_0059.jpg 1 23 21 59 59
0372_0005_0016_0051_0051.jpg 1 5 16 51 51
0373_0045_0022_0048_0048.jpg 1 45 22 48 48
0374_0016_0042_0040_0040.jpg 1 16 42 40 40
0375_0026_0014_0067_0067.jpg 1 26 14 67 67
0376_0017_0008_0064_0064.jpg 1 17 8 64 64
0377_0037_0025_0036_0036.jpg 1 37 25 36 36
0378_0038_0031_0039_0039.jpg 1 38 31 39 39
0379_0058_0019_0031_0031.jpg 1 58 19 31 31
0380_0036_0010_0039_0039.jpg 1 36 10 39 39
0381_0022_0032_0025_0025.jpg 1 22 32 25 25
0382_0027_0004_0063_0063.jpg 1 27 4 63 63
0383_0025_0025_0050_0050.jpg 1 25 25 50 50
0384_0049_0043_0035_0035.jpg 1 49 43 35 35
0385_0041_0046_0039_0039.jpg 1 41 46 39 39
0386_0027_0033_0057_0057.jpg 1 27 33 57 57
0387_0025_0009_0066_0066.jpg 1 25 9 66 66
0388_0037_0037_0032_0032.jpg 1 37 37 32 32
0389_0018_0025_0067_0067.jpg 1 18 25 67 67
0390_0036_0005_0059_0059.jpg 1 36 5 59 59
0391_0016_0011_0045_0045.jpg 1 16 11 45 45
0392_0010_0014_0063_0063.jpg 1 10 14 63 63
0393_0019_0036_0059_0059.jpg 1 19 36 59 59
0394_0022_0042_0039_0039.jpg 1 22 42 39 39
0395_0045_0013_0049_0049.jpg 1 45 13 49 49
0396_0053_0055_0034_0034.jpg 1 53 55 34 34
0397_0011_0031_0048_0048.jpg 1 11 31 48 48
0398_0035_0025_0060_0060.jpg 1 35 25 60 60
0399_0007_0047_0041_0041.jpg 1 7 47 41 41
0400_0026_0013_0069_0069.jpg 1 26 13 69 69
0401_0049_0045_0031_0031.jpg 1 49 45 31 31
0402_0016_0054_0036_0036.jpg 1 16 54 36 36
0403_0016_0010_0027_0027.jpg 1 16 10 27 27
0404_0020_0012_0065_0065.jpg 1 20 12 65 65
0405_0004_0015_0061_0061.jpg 1 4 15 61 61
0406_0040_0027_0044_0044.jpg 1 40 27 44 44
0407_0038_0057_0035_0035.jpg 1 38 57 35 35
0408_0030_0026_0044_0044.jpg 1 30 26 44 44
0409_0061_0032_0032_0032.jpg 1 61 32 32 32
0410_0023_0035_0049_0049.jpg 1 23 35 49 49
0411_0024_0005_0058_0058.jpg 1 24 5 58 58
0412_0048_0021_0034_0034.jpg 1 48 21 34 34
0413_0007_0037_0053_0053.jpg 1 7 37 53 53
0414_0056_0011_0030_0030.jpg 1 56 11 30 30
0415_0014_0032_0054_0054.jpg 1 14 32 54 54
0416_0017_0028_0026_0026.jpg 1 17 28 26 26
0417_0036_0038_0049_0049.jpg 1 36 38 49 49
0418_0028_0011_0052_0052.jpg 1 28 11 52 52
0419_0007_0031_0032_0032.jpg 1 7 31 32 32
0420_0007_0029_0064_0064.jpg 1 7 29 64 64
0421_0019_0024_0051_0051.jpg 1 19 24 51 51
0422_0029_0029_0063_0063.jpg 1 29 29 63 63
0423_0015_0008_0058_0058.jpg 1 15 8 58 58
0424_0033_0045_0044_0044.jpg 1 33 45 44 44
0425_0042_0008_0031_0031.jpg 1 42 8 31 31
0426_0019_0025_0066_0066.jpg 1 19 25 66 66
0427_0037_0021_0054_0054.jpg 1 37 21 54 54
0428_0011_0019_0047_0047.jpg 1 11 19 47 47
0429_0015_0009_0061_0061.jpg 1 15 9 61 61
0430_0038_0025_0053_0053.jpg 1 38 25 53 53
0431_0041_0058_0032_0032.jpg 1 41 58 32 32
0432_0023_0044_0046_0046.jpg 1 23 44 46 46
0433_0004_0025_0063_0063.jpg 1 4 25 63 63
0434_0020_0034_0041_0041.jpg 1 20 34 41 41
0435_0027_0019_0067_0067.jpg 1 27 19 67 67
0436_0025_0018_0066_0066.jpg 1 25 18 66 66
0437_0013_0043_0045_0045.jpg 1 13 43 45 45
0438_0023_0026_0059_0059.jpg 1 23 26 59 59
0439_0025_0018_0053_0053.jpg 1 25 18 53 53
0440_0033_0027_0059_0059.jpg 1 33 27 59 59
0441_0036_0012_0041_0041.jpg 1 36 12 41 41
0442_0015_0029_0049_0049.jpg 1 15 29 49 49
0443_0042_0041_0046_0046.jpg 1 42 41 46 46
0444_0027_0039_0031_0031.jpg 1 27 39 31 31
0445_0015_0019_0061_0061.jpg 1 15 19 61 61
0446_0016_0010_0050_0050.jpg 1 16 10 50 50
0447_0024_0018_0059_0059.jpg 1 24 18 59 59
0448_0038_0054_0037_0037.jpg 1 38 54 37 37
0449_0048_0034_0028_0028.jpg 1 48 34 28 28
0450_0010_0018_0029_0029.jpg 1 10 18 29 29
0451_0032_0028_0055_0055.jpg 1 32 28 55 55
0452_0025_0011_0051_0051.jpg 1 25 11 51 51
0453_0037_0030_0037_0037.jpg 1 37 30 37 37
0454_0017_0005_0046_0046.jpg 1 17 5 46 46
0455_0020_0008_0065_0065.jpg 1 20 8 65 65
0456_0024_0040_0025_0025.jpg 1 24 40 25 25
0457_0034_0025_0050_0050.jpg 1 34 25 50 50
0458_0049_0038_0032_0032.jpg 1 49 38 32 32
0459_0047_0040_0033_0033.jpg 1 47 40 33 33
0460_0030_0010_0048_0048.jpg 1 30 10 48 48
0461_0054_0032_0036_0036.jpg 1 54 32 36 36
0462_0046_0023_0026_0026.jpg 1 46 23 26 26
0463_0035_0034_0054_0054.jpg 1 35 34 54 54
0464_0013_0005_0058_0058.jpg 1 13 5 58 58
0465_0011_0010_0027_0027.jpg 1 11 10 27 27
0466_0039_0034_0051_0051.jpg 1 39 34 51 51
0467_0030_0034_0034_0034.jpg 1 30 34 34 34
0468_0031_0037_0038_0038.jpg 1 31 37 38 38
0469_0026_0006_0052_0052.jpg 1 26 6 52 52
0470_0019_0067_0024_0024.jpg 1 19 67 24 24
0471_0009_0018_0062_0062.jpg 1 9 18 62 62
0472_0012_0025_0027_0027.jpg 1 12 25 27 27
0473_0049_0044_0042_0042.jpg 1 49 44 42 42
0474_0017_0034_0060_0060.jpg 1 17 34 60 60
0475_0011_0008_0061_0061.jpg 1 11 8 61 61
0476_0019_0026_0062_0062.jpg 1 19 26 62 62
0477_0046_0042_0035_0035.jpg 1 46 42 35 35
0478_0020_0009_0066_0066.jpg 1 20 9 66 66
0479_0016_0026_0057_0057.jpg 1 16 26 57 57
0480_0020_0017_0063_0063.jpg 1 20 17 63 63
0481_0008_0027_0059_0059.jpg 1 8 27 59 59
0482_0009_0014_0050_0050.jpg 1 9 14 50 50
0483_0021_0017_0029_0029.jpg 1 21 17 29 29
0484_0037_0036_0054_0054.jpg 1 37 36 54 54
0485_0009_0044_0044_0044.jpg 1 9 44 44 44
0486_0057_0028_0035_0035.jpg 1 57 28 35 35
0487_0007_0027_0057_0057.jpg 1 7 27 57 57
0488_0018_0025_0068_0068.jpg 1 18 25 68 68
0489_0028_0029_0059_0059.jpg 1 28 29 59 59
0490_0017_0034_0055_0055.jpg 1 17 34 55 55
0491_0027_0030_0028_0028.jpg 1 27 30 28 28
0492_0027_0009_0044_0044.jpg 1 27 9 44 44
0493_0039_0024_0052_0052.jpg 1 39 24 52 52
0494_0048_0026_0029_0029.jpg 1 48 26 29 29
0495_0011_0018_0043_0043.jpg 1 11 18 43 43
0496_0023_0007_0042_0042.jpg 1 23 7 42 42
0497_0020_0016_0069_0069.jpg 1 20 16 69 69
0498_0020_0027_0025_0025.jpg 1 20 27 25 25
0499_0016_0016_0069_0069.jpg 1 16 16 69 69
0500_0049_0015_0035_0035.jpg 1 49 15 35 35
0501_0040_0027_0030_0030.jpg 1 40 27 30 30
0502_0011_0035_0060_0060.jpg 1 11 35 60 60
0503_0004_0023_0065_0065.jpg 1 4 23 65 65
0504_0009_0041_0048_0048.jpg 1 9 41 48 48
0505_0021_0010_0049_0049.jpg 1 21 10 49 49
0506_0021_0007_0040_0040.jpg 1 21 7 40 40
0507_0014_0039_0027_0027.jpg 1 14 39 27 27
0508_0021_0019_0068_0068.jpg 1 21 19 68 68
0509_0017_0011_0060_0060.jpg 1 17 11 60 60
0510_0015_0027_0066_0066.jpg 1 15 27 66 66
0511_0014_0025_0053_0053.jpg 1 14 25 53 53
0512_0013_0004_0065_0065.jpg 1 13 4 65 65
0513_0023_0026_0057_0057.jpg 1 23 26 57 57
0514_0047_0033_0031_0031.jpg 1 47 33 31 31
0515_0056_0039_0029_0029.jpg 1 56 39 29 29
0516_0020_0030_0056_0056.jpg 1 20 30 56 56
0517_0033_0057_0034_0034.jpg 1 33 57 34 34
0518_0016_0014_0051_0051.jpg 1 16 14 51 51
0519_0016_0006_0044_0044.jpg 1 16 6 44 44
0520_0015_0025_0041_0041.jpg 1 15 25 41 41
0521_0035_0031_0046_0046.jpg 1 35 31 46 46
0522_0034_0018_0046_0046.jpg 1 34 18 46 46
0523_0057_0050_0028_0028.jpg 1 57 50 28 28
0524_0024_0019_0069_0069.jpg 1 24 19 69 69
0525_0047_0037_0034_0034.jpg 1 47 37 34 34
0526_0023_0016_0049_0049.jpg 1 23 16 49 49
0527_0054_0025_0037_0037.jpg 1 54 25 37 37
0528_0012_0013_0067_0067.jpg 1 12 13 67 67
0529_0027_0017_0066_0066.jpg 1 27 17 66 66
0530_0030_0029_0039_0039.jpg 1 30 29 39 39
0531_0034_0018_0054_0054.jpg 1 34 18 54 54
0532_0008_0020_0067_0067.jpg 1 8 20 67 67
0533_0025_0042_0047_0047.jpg 1 25 42 47 47
0534_0011_0009_0061_0061.jpg 1 11 9 61 61
0535_0051_0050_0029_0029.jpg 1 51 50 29 29
0536_0006_0034_0044_0044.jpg 1 6 34 44 44
0537_0031_0034_0056_0056.jpg 1 31 34 56 56
0538_0010_0017_0029_0029.jpg 1 10 17 29 29
0539_0012_0017_0034_0034.jpg 1 12 17 34 34
0540_0039_0006_0055_0055.jpg 1 39 6 55 55
0541_0053_0062_0027_0027.jpg 1 53 62 27 27
0542_0038_0024_0037_0037.jpg 1 38 24 37 37
0543_0028_0027_0045_0045.jpg 1 28 27 45 45
0544_0019_0013_0041_0041.jpg 1 19 13 41 41
0545_0044_0007_0031_0031.jpg 1 44 7 31 31
0546_0019_0022_0059_0059.jpg 1 19 22 59 59
0547_0041_0005_0043_0043.jpg 1 41 5 43 43
0548_0016_0008_0040_0040.jpg 1 16 8 40 40
0549_0050_0042_0024_0024.jpg 1 50 42 24 24
0550_0031_0039_0034_0034.jpg 1 31 39 34 34
0551_0016_0018_0033_0033.jpg 1 16 18 33 33
0552_0045_0014_0034_0034.jpg 1 45 14 34 34
0553_0009_0023_0027_0027.jpg 1 9 23 27 27
0554_0021_0013_0055_0055.jpg 1 21 13 55 55
0555_0031_0040_0039_0039.jpg 1 31 40 39 39
0556_0034_0008_0058_0058.jpg 1 34 8 58 58
0557_0005_0031_0054_0054.jpg 1 5 31 54 54
0558_0042_0048_0028_0028.jpg 1 42 48 28 28
0559_0044_0024_0032_0032.jpg 1 44 24 32 32
0560_0006_0028_0045_0045.jpg 1 6 28 45 45
0561_0007_0013_0067_0067.jpg 1 7 13 67 67
0562_0016_0050_0043_0043.jpg 1 16 50 43 43
0563_0035_0012_0047_0047.jpg 1 35 12 47 47
0564_0028_0006_0050_0050.jpg 1 28 6 50 50
0565_0034_0005_0058_0058.jpg 1 34 5 58 58
0566_0038_0035_0051_0051.jpg 1 38 35 51 51
0567_0036_0023_0041_0041.jpg 1 36 23 41 41
0568_0036_0026_0049_0049.jpg 1 36 26 49 49
0569_0049_0007_0038_0038.jpg 1 49 7 38 38
0570_0025_0030_0053_0053.jpg 1 25 30 53 53
0571_0016_0031_0047_0047.jpg 1 16 31 47 47
0572_0032_0026_0056_0056.jpg 1 32 26 56 56
0573_0035_0031_0060_0060.jpg 1 35 31 60 60
0574_0043_0011_0038_0038.jpg 1 43 11 38 38
0575_0008_0040_0036_0036.jpg 1 8 40 36 36
0576_0023_0022_0057_0057.jpg 1 23 22 57 57
0577_0014_0044_0035_0035.jpg 1 14 44 35 35
0578_0024_0024_0059_0059.jpg 1 24 24 59 59
0579_0018_0034_0048_0048.jpg 1 18 34 48 48
0580_0020_0020_0068_0068.jpg 1 20 20 68 68
0581_0009_0039_0036_0036.jpg 1 9 39 36 36
0582_0029_0036_0037_0037.jpg 1 29 36 37 37
0583_0018_0016_0031_0031.jpg 1 18 16 31 31
0584_0007_0009_0058_0058.jpg 1 7 9 58 58
0585_0023_0023_0046_0046.jpg 1 23 23 46 46
0586_0059_0037_0030_0030.jpg 1 59 37 30 30
0587_0027_0007_0068_0068.jpg 1 27 7 68 68
0588_0043_0032_0048_0048.jpg 1 43 32 48 48
0589_0022_0030_0061_0061.jpg 1 22 30 61 61
0590_0024_0053_0025_0025.jpg 1 24 53 25 25
0591_0013_0030_0057_0057.jpg 1 13 30 57 57
0592_0026_0040_0033_0033.jpg 1 26 40 33 33
0593_0040_0025_0041_0041.jpg 1 40 25 41 41
0594_0033_0023_0058_0058.jpg 1 33 23 58 58
0595_0016_0049_0043_0043.jpg 1 16 49 43 43
0596_0012_0051_0029_0029.jpg 1 12 51 29 29
0597_0007_0012_0053_0053.jpg 1 7 12 53 53
0598_0054_0057_0027_0027.jpg 1 54 57 27 27
0599_0005_0013_0062_0062.jpg 1 5 13 62 62
0600_0033_0027_0046_0046.jpg 1 33 27 46 46
0601_0007_0058_0027_0027.jpg 1 7 58 27 27
0602_0039_0025_0056_0056.jpg 1 39 25 56 56
0603_0028_0019_0061_0061.jpg 1 28 19 61 61
0604_0021_0022_0036_0036.jpg 1 21 22 36 36
0605_0023_0029_0062_0062.jpg 1 23 29 62 62
0606_0046_0041_0048_0048.jpg 1 46 41 48 48
0607_0006_0018_0066_0066.jpg 1 6 18 66 66
0608_0014_0013_0048_0048.jpg 1 14 13 48 48
0609_0029_0014_0058_0058.jpg 1 29 14 58 58
0610_0030_0004_0054_0054.jpg 1 30 4 54 54
0611_0037_0016_0057_0057.jpg 1 37 16 57 57
0612_0036_0047_0040_0040.jpg 1 36 47 40 40
0613_0049_0010_0026_0026.jpg 1 49 10 26 26
0614_0047_0026_0034_0034.jpg 1 47 26 34 34
0615_0039_0041_0044_0044.jpg 1 39 41 44 44
0616_0037_0012_0050_0050.jpg 1 37 12 50 50
0617_0016_0008_0063_0063.jpg 1 16 8 63 63
0618_0052_0013_0032_0032.jpg 1 52 13 32 32
0619_0012_0052_0041_0041.jpg 1 12 52 41 41
0620_0039_0055_0038_0038.jpg 1 39 55 38 38
0621_0010_0035_0027_0027.jpg 1 10 35 27 27
0622_0006_0018_0037_0037.jpg 1 6 18 37 37
0623_0022_0046_0048_0048.jpg 1 22 46 48 48
0624_0016_0006_0067_0067.jpg 1 16 6 67 67
0625_0053_0048_0036_0036.jpg 1 53 48 36 36
0626_0036_0024_0048_0048.jpg 1 36 24 48 48
0627_0014_0055_0026_0026.jpg 1 14 55 26 26
0628_0012_0007_0059_0059.jpg 1 12 7 59 59
0629_0045_0026_0037_0037.jpg 1 45 26 37 37
0630_0025_0011_0029_0029.jpg 1 25 11 29 29
0631_0032_0011_0063_0063.jpg 1 32 11 63 63
0632_0006_0029_0043_0043.jpg 1 6 29 43 43
0633_0031_0031_0045_0045.jpg 1 31 31 45 45
0634_0032_0026_0058_0058.jpg 1 32 26 58 58
0635_0048_0012_0041_0041.jpg 1 48 12 41 41
0636_0037_0035_0054_0054.jpg 1 37 35 54 54
0637_0011_0011_0068_0068.jpg 1 11 11 68 68
0638_0017_0020_0029_0029.jpg 1 17 20 29 29
0639_0017_0016_0059_0059.jpg 1 17 16 59 59
0640_0024_0015_0068_0068.jpg 1 24 15 68 68
0641_0044_0024_0050_0050.jpg 1 44 24 50 50
0642_0022_0048_0028_0028.jpg 1 22 48 28 28
0643_0037_0009_0036_0036.jpg 1 37 9 36 36
0644_0036_0035_0043_0043.jpg 1 36 35 43 43
0645_0037_0020_0052_0052.jpg 1 37 20 52 52
0646_0008_0016_0063_0063.jpg 1 8 16 63 63
0647_0049_0034_0026_0026.jpg 1 49 34 26 26
0648_0015_0023_0059_0059.jpg 1 15 23 59 59
0649_0027_0044_0046_0046.jpg 1 27 44 46 46
0650_0025_0022_0065_0065.jpg 1 25 22 65 65
0651_0005_0027_0069_0069.jpg 1 5 27 69 69
0652_0035_0036_0059_0059.jpg 1 35 36 59 59
0653_0018_0025_0058_0058.jpg 1 18 25 58 58
0654_0024_0024_0062_0062.jpg 1 24 24 62 62
0655_0039_0007_0038_0038.jpg 1 39 7 38 38
0656_0011_0031_0060_0060.jpg 1 11 31 60 60
0657_0043_0023_0030_0030.jpg 1 43 23 30 30
0658_0014_0006_0050_0050.jpg 1 14 6 50 50
0659_0011_0030_0054_0054.jpg 1 11 30 54 54
0660_0022_0003_0062_0062.jpg 1 22 3 62 62
0661_0008_0029_0061_0061.jpg 1 8 29 61 61
0662_0018_0028_0053_0053.jpg 1 18 28 53 53
0663_0008_0041_0037_0037.jpg 1 8 41 37 37
0664_0031_0007_0054_0054.jpg 1 31 7 54 54
0665_0017_0031_0035_0035.jpg 1 17 31 35 35
0666_0029_0007_0054_0054.jpg 1 29 7 54 54
0667_0020_0011_0034_0034.jpg 1 20 11 34 34
0668_0011_0010_0045_0045.jpg 1 11 10 45 45
0669_0035_0034_0028_0028.jpg 1 35 34 28 28
0670_0034_0034_0029_0029.jpg 1 34 34 29 29
0671_0016_0041_0027_0027.jpg 1 16 41 27 27
0672_0053_0020_0025_0025.jpg 1 53 20 25 25
0673_0053_0037_0028_0028.jpg 1 53 37 28 28
0674_0052_0034_0040_0040.jpg 1 52 34 40 40
0675_0030_0021_0061_0061.jpg 1 30 21 61 61
0676_0017_0041_0030_0030.jpg 1 17 41 30 30
0677_0039_0047_0031_0031.jpg 1 39 47 31 31
0678_0045_0046_0030_0030.jpg 1 45 46 30 30
0679_0006_0029_0065_0065.jpg 1 6 29 65 65
0680_0007_0030_0025_0025.jpg 1 7 30 25 25
0681_0013_0028_0042_0042.jpg 1 13 28 42 42
0682_0012_0009_0028_0028.jpg 1 12 9 28 28
0683_0034_0045_0049_0049.jpg 1 34 45 49 49
0684_0035_0040_0039_0039.jpg 1 35 40 39 39
0685_0022_0022_0069_0069.jpg 1 22 22 69 69
0686_0017_0015_0031_0031.jpg 1 17 15 31 31
0687_0029_0004_0065_0065.jpg 1 29 4 65 65
0688_0030_0028_0062_0062.jpg 1 30 28 62 62
0689_0014_0006_0042_0042.jpg 1 14 6 42 42
0690_0013_0015_0057_0057.jpg 1 13 15 57 57
0691_0021_0005_0053_0053.jpg 1 21 5 53 53
0692_0033_0050_0025_0025.jpg 1 33 50 25 25
0693_0015_0020_0052_0052.jpg 1 15 20 52 52
0694_0012_0051_0038_0038.jpg 1 12 51 38 38
0695_0011_0023_0059_0059.jpg 1 11 23 59 59
0696_0040_0049_0039_0039.jpg 1 40 49 39 39
0697_0011_0009_0055_0055.jpg 1 11 9 55 55
0698_0054_0027_0028_0028.jpg 1 54 27 28 28
0699_0032_0011_0062_0062.jpg 1 32 11 62 62
0700_0028_0018_0067_0067.jpg 1 28 18 67 67
0701_0014_0009_0036_0036.jpg 1 14 9 36 36
0702_0023_0055_0033_0033.jpg 1 23 55 33 33
0703_0026_0015_0068_0068.jpg 1 26 15 68 68
0704_0022_0028_0025_0025.jpg 1 22 28 25 25
0705_0007_0021_0041_0041.jpg 1 7 21 41 41
0706_0022_0029_0044_0044.jpg 1 22 29 44 44
0707_0018_0005_0064_0064.jpg 1 18 5 64 64
0708_0025_0017_0059_0059.jpg 1 25 17 59 59
0709_0036_0042_0035_0035.jpg 1 36 42 35 35
0710_0023_0014_0031_0031.jpg 1 23 14 31 31
0711_0014_0010_0053_0053.jpg 1 14 10 53 53
0712_0013_0021_0051_0051.jpg 1 13 21 51 51
0713_0045_0044_0039_0039.jpg 1 45 44 39 39
0714_0034_0034_0060_0060.jpg 1 34 34 60 60
0715_0042_0012_0037_0037.jpg 1 42 12 37 37
0716_0041_0051_0037_0037.jpg 1 41 51 37 37
0717_0039_0031_0030_0030.jpg 1 39 31 30 30
0718_0056_0026_0034_0034.jpg 1 56 26 34 34
0719_0006_0022_0059_0059.jpg 1 6 22 59 59
0720_0054_0050_0038_0038.jpg 1 54 50 38 38
0721_0015_0032_0052_0052.jpg 1 15 32 52 52
0722_0037_0006_0044_0044.jpg 1 37 6 44 44
0723_0044_0035_0044_0044.jpg 1 44 35 44 44
0724_0014_0018_0026_0026.jpg 1 14 18 26 26
0725_0043_0021_0049_0049.jpg 1 43 21 49 49
0726_0050_0049_0031_0031.jpg 1 50 49 31 31
0727_0026_0017_0063_0063.jpg 1 26 17 63 63
0728_0046_0028_0036_0036.jpg 1 46 28 36 36
0729_0029_0035_0039_0039.jpg 1 29 35 39 39
0730_0048_0008_0038_0038.jpg 1 48 8 38 38
0731_0059_0010_0028_0028.jpg 1 59 10 28 28
0732_0023_0014_0037_0037.jpg 1 23 14 37 37
0733_0021_0049_0027_0027.jpg 1 21 49 27 27
0734_0032_0041_0024_0024.jpg 1 32 41 24 24
0735_0022_0018_0065_0065.jpg 1 22 18 65 65
0736_0005_0018_0061_0061.jpg 1 5 18 61 61
0737_0023_0042_0039_0039.jpg 1 23 42 39 39
0738_0031_0012_0056_0056.jpg 1 31 12 56 56
0739_0016_0036_0055_0055.jpg 1 16 36 55 55
0740_0005_0016_0059_0059.jpg 1 5 16 59 59
0741_0049_0032_0034_0034.jpg 1 49 32 34 34
0742_0015_0014_0069_0069.jpg 1 15 14 69 69
0743_0029_0035_0052_0052.jpg 1 29 35 52 52
0744_0007_0011_0030_0030.jpg 1 7 11 30 30
0745_0012_0022_0059_0059.jpg 1 12 22 59 59
0746_0059_0058_0029_0029.jpg 1 59 58 29 29
0747_0049_0023_0035_0035.jpg 1 49 23 35 35
0748_0028_0046_0029_0029.jpg 1 28 46 29 29
0749_0015_0021_0059_0059.jpg 1 15 21 59 59
0750_0004_0023_0064_0064.jpg 1 4 23 64 64
0751_0030_0008_0048_0048.jpg 1 30 8 48 48
0752_0032_0027_0055_0055.jpg 1 32 27 55 55
0753_0033_0019_0061_0061.jpg 1 33 19 61 61
0754_0022_0005_0045_0045.jpg 1 22 5 45 45
0755_0024_0030_0047_0047.jpg 1 24 30 47 47
0756_0008_0041_0029_0029.jpg 1 8 41 29 29
0757_0027_0044_0040_0040.jpg 1 27 44 40 40
0758_0008_0007_0053_0053.jpg 1 8 7 53 53
0759_0022_0025_0055_0055.jpg 1 22 25 55 55
0760_0009_0048_0035_0035.jpg 1 9 48 35 35
0761_0062_0031_0028_0028.jpg 1 62 31 28 28
0762_0031_0010_0057_0057.jpg 1 31 10 57 57
0763_0027_0005_0058_0058.jpg 1 27 5 58 58
0764_0049_0049_0033_0033.jpg 1 49 49 33 33
0765_0020_0012_0058_0058.jpg 1 20 12 58 58
0766_0011_0052_0038_0038.jpg 1 11 52 38 38
0767_0013_0029_0058_0058.jpg 1 13 29 58 58
0768_0053_0012_0034_0034.jpg 1 53 12 34 34
0769_0029_0046_0045_0045.jpg 1 29 46 45 45
0770_0026_0019_0024_0024.jpg 1 26 19 24 24
0771_0013_0019_0053_0053.jpg 1 13 19 53 53
0772_0026_0031_0051_0051.jpg 1 26 31 51 51
0773_0022_0013_0065_0065.jpg 1 22 13 65 65
0774_0008_0008_0069_0069.jpg 1 8 8 69 69
0775_0014_0007_0046_0046.jpg 1 14 7 46 46
0776_0014_0018_0037_0037.jpg 1 14 18 37 37
0777_0016_0007_0044_0044.jpg 1 16 7 44 44
0778_0046_0008_0045_0045.jpg 1 46 8 45 45
0779_0028_0041_0052_0052.jpg 1 28 41 52 52
0780_0027_0011_0064_0064.jpg 1 27 11 64 64
0781_0026_0060_0028_0028.jpg 1 26 60 28 28
0782_0038_0037_0054_0054.jpg 1 38 37 54 54
0783_0050_0007_0044_0044.jpg 1 50 7 44 44
0784_0015_0026_0069_0069.jpg 1 15 26 69 69
0785_0021_0008_0065_0065.jpg 1 21 8 65 65
0786_0044_0029_0049_0049.jpg 1 44 29 49 49
0787_0011_0019_0045_0045.jpg 1 11 19 45 45
0788_0011_0031_0054_0054.jpg 1 11 31 54 54
0789_0020_0029_0045_0045.jpg 1 20 29 45 45
0790_0012_0018_0047_0047.jpg 1 12 18 47 47
0791_0062_0021_0029_0029.jpg 1 62 21 29 29
0792_0004_0007_0066_0066.jpg 1 4 7 66 66
0793_0061_0023_0031_0031.jpg 1 61 23 31 31
0794_0021_0022_0064_0064.jpg 1 21 22 64 64
0795_0018_0009_0060_0060.jpg 1 18 9 60 60
0796_0025_0032_0035_0035.jpg 1 25 32 35 35
0797_0012_0014_0055_0055.jpg 1 12 14 55 55
0798_0021_0054_0029_0029.jpg 1 21 54 29 29
0799_0018_0033_0058_0058.jpg 1 18 33 58 58
0800_0009_0047_0029_0029.jpg 1 9 47 29 29
0801_0052_0013_0032_0032.jpg 1 52 13 32 32
0802_0027_0012_0060_0060.jpg 1 27 12 60 60
0803_0061_0030_0027_0027.jpg 1 61 30 27 27
0804_0022_0032_0061_0061.jpg 1 22 32 61 61
0805_0010_0033_0045_0045.jpg 1 10 33 45 45
0806_0016_0042_0028_0028.jpg 1 16 42 28 28
0807_0018_0011_0054_0054.jpg 1 18 11 54 54
0808_0040_0006_0040_0040.jpg 1 40 6 40 40
0809_0030_0013_0064_0064.jpg 1 30 13 64 64
0810_0008_0011_0059_0059.jpg 1 8 11 59 59
0811_0060_0057_0029_0029.jpg 1 60 57 29 29
0812_0025_0016_0034_0034.jpg 1 25 16 34 34
0813_0009_0027_0067_0067.jpg 1 9 27 67 67
0814_0023_0040_0027_0027.jpg 1 23 40 27 27
0815_0008_0022_0039_0039.jpg 1 8 22 39 39
0816_0009_0041_0050_0050.jpg 1 9 41 50 50
0817_0037_0031_0035_0035.jpg 1 37 31 35 35
0818_0019_0036_0051_0051.jpg 1 19 36 51 51
0819_0005_0029_0049_0049.jpg 1 5 29 49 49
0820_0011_0031_0065_0065.jpg 1 11 31 65 65
0821_0011_0018_0064_0064.jpg 1 11 18 64 64
0822_0025_0028_0066_0066.jpg 1 25 28 66 66
0823_0012_0022_0056_0056.jpg 1 12 22 56 56
0824_0035_0007_0025_0025.jpg 1 35 7 25 25
0825_0031_0027_0058_0058.jpg 1 31 27 58 58
0826_0014_0040_0047_0047.jpg 1 14 40 47 47
0827_0014_0023_0028_0028.jpg 1 14 23 28 28
0828_0055_0019_0026_0026.jpg 1 55 19 26 26
0829_0026_0006_0045_0045.jpg 1 26 6 45 45
0830_0018_0024_0069_0069.jpg 1 18 24 69 69
0831_0045_0045_0041_0041.jpg 1 45 45 41 41
0832_0012_0026_0062_0062.jpg 1 12 26 62 62
0833_0022_0024_0068_0068.jpg 1 22 24 68 68
0834_0033_0007_0043_0043.jpg 1 33 7 43 43
0835_0033_0015_0057_0057.jpg 1 33 15 57 57
0836_0028_0031_0057_0057.jpg 1 28 31 57 57
0837_0012_0035_0036_0036.jpg 1 12 35 36 36
0838_0008_0021_0031_0031.jpg 1 8 21 31 31
0839_0021_0015_0060_0060.jpg 1 21 15 60 60
0840_0010_0038_0038_0038.jpg 1 10 38 38 38
0841_0033_0017_0027_0027.jpg 1 33 17 27 27
0842_0031_0018_0025_0025.jpg 1 31 18 25 25
0843_0011_0034_0052_0052.jpg 1 11 34 52 52
0844_0007_0009_0031_0031.jpg 1 7 9 31 31
0845_0023_0005_0058_0058.jpg 1 23 5 58 58
0846_0017_0023_0039_0039.jpg 1 17 23 39 39
0847_0051_0051_0042_0042.jpg 1 51 51 42 42
0848_0040_0034_0043_0043.jpg 1 40 34 43 43
0849_0008_0040_0048_0048.jpg 1 8 40 48 48
0850_0024_0021_0066_0066.jpg 1 24 21 66 66
0851_0031_0004_0062_0062.jpg 1 31 4 62 62
0852_0015_0028_0053_0053.jpg 1 15 28 53 53
0853_0043_0023_0039_0039.jpg 1 43 23 39 39
0854_0018_0065_0026_0026.jpg 1 18 65 26 26
0855_0037_0035_0051_0051.jpg 1 37 35 51 51
0856_0021_0005_0051_0051.jpg 1 21 5 51 51
0857_0025_0053_0026_0026.jpg 1 25 53 26 26
0858_0018_0017_0065_0065.jpg 1 18 17 65 65
0859_0046_0008_0036_0036.jpg 1 46 8 36 36
0860_0066_0054_0024_0024.jpg 1 66 54 24 24
0861_0015_0048_0039_0039.jpg 1 15 48 39 39
0862_0031_0034_0041_0041.jpg 1 31 34 41 41
0863_0012_0037_0039_0039.jpg 1 12 37 39 39
0864_0019_0033_0032_0032.jpg 1 19 33 32 32
0865_0023_0023_0060_0060.jpg 1 23 23 60 60
0866_0019_0010_0052_0052.jpg 1 19 10 52 52
0867_0009_0015_0038_0038.jpg 1 9 15 38 38
0868_0026_0037_0026_0026.jpg 1 26 37 26 26
0869_0026_0012_0050_0050.jpg 1 26 12 50 50
0870_0024_0042_0043_0043.jpg 1 24 42 43 43
0871_0015_0028_0066_0066.jpg 1 15 28 66 66
0872_0033_0023_0052_0052.jpg 1 33 23 52 52
0873_0017_0035_0054_0054.jpg 1 17 35 54 54
0874_0031_0007_0064_0064.jpg 1 31 7 64 64
0875_0021_0013_0058_0058.jpg 1 21 13 58 58
0876_0028_0019_0042_0042.jpg 1 28 19 42 42
0877_0027_0037_0039_0039.jpg 1 27 37 39 39
0878_0010_0036_0039_0039.jpg 1 10 36 39 39
0879_0023_0049_0044_0044.jpg 1 23 49 44 44
0880_0015_0013_0055_0055.jpg 1 15 13 55 55
0881_0006_0024_0062_0062.jpg 1 6 24 62 62
0882_0043_0030_0046_0046.jpg 1 43 30 46 46
0883_0007_0026_0069_0069.jpg 1 7 26 69 69
0884_0031_0022_0065_0065.jpg 1 31 22 65 65
0885_0026_0046_0027_0027.jpg 1 26 46 27 27
0886_0013_0015_0046_0046.jpg 1 13 15 46 46
0887_0007_0030_0039_0039.jpg 1 7 30 39 39
0888_0016_0021_0069_0069.jpg 1 16 21 69 69
0889_0026_0021_0061_0061.jpg 1 26 21 61 61
0890_0043_0040_0040_0040.jpg 1 43 40 40 40
0891_0007_0008_0057_0057.jpg 1 7 8 57 57
0892_0046_0021_0047_0047.jpg 1 46 21 47 47
0893_0012_0004_0055_0055.jpg 1 12 4 55 55
0894_0048_0053_0028_0028.jpg 1 48 53 28 28
0895_0051_0028_0042_0042.jpg 1 51 28 42 42
0896_0020_0024_0046_0046.jpg 1 20 24 46 46
0897_0031_0012_0029_0029.jpg 1 31 12 29 29
0898_0067_0057_0024_0024.jpg 1 67 57 24 24
0899_0027_0018_0046_0046.jpg 1 27 18 46 46
0900_0016_0008_0067_0067.jpg 1 16 8 67 67
0901_0040_0014_0040_0040.jpg 1 40 14 40 40
0902_0026_0059_0027_0027.jpg 1 26 59 27 27
0903_0011_0017_0067_0067.jpg 1 11 17 67 67
0904_0037_0033_0050_0050.jpg 1 37 33 50 50
0905_0020_0020_0066_0066.jpg 1 20 20 66 66
0906_0009_0034_0061_0061.jpg 1 9 34 61 61
0907_0044_0059_0033_0033.jpg 1 44 59 33 33
0908_0052_0006_0041_0041.jpg 1 52 6 41 41
0909_0005_0019_0047_0047.jpg 1 5 19 47 47
0910_0055_0015_0031_0031.jpg 1 55 15 31 31
0911_0009_0003_0063_0063.jpg 1 9 3 63 63
0912_0020_0034_0038_0038.jpg 1 20 34 38 38
0913_0041_0039_0041_0041.jpg 1 41 39 41 41
0914_0044_0050_0037_0037.jpg 1 44 50 37 37
0915_0035_0050_0035_0035.jpg 1 35 50 35 35
0916_0051_0010_0035_0035.jpg 1 51 10 35 35
0917_0057_0024_0031_0031.jpg 1 57 24 31 31
0918_0007_0016_0055_0055.jpg 1 7 16 55 55
0919_0046_0015_0044_0044.jpg 1 46 15 44 44
0920_0017_0023_0048_0048.jpg 1 17 23 48 48
0921_0048_0049_0040_0040.jpg 1 48 49 40 40
0922_0027_0019_0039_0039.jpg 1 27 19 39 39
0923_0037_0029_0033_0033.jpg 1 37 29 33 33
0924_0031_0019_0048_0048.jpg 1 31 19 48 48
0925_0025_0048_0030_0030.jpg 1 25 48 30 30
0926_0039_0006_0039_0039.jpg 1 39 6 39 39
0927_0009_0026_0049_0049.jpg 1 9 26 49 49
0928_0017_0038_0041_0041.jpg 1 17 38 41 41
0929_0006_0022_0049_0049.jpg 1 6 22 49 49
0930_0024_0026_0044_0044.jpg 1 24 26 44 44
0931_0016_0007_0036_0036.jpg 1 16 7 36 36
0932_0020_0020_0039_0039.jpg 1 20 20 39 39
0933_0029_0008_0063_0063.jpg 1 29 8 63 63
0934_0041_0038_0033_0033.jpg 1 41 38 33 33
0935_0037_0009_0050_0050.jpg 1 37 9 50 50
0936_0042_0010_0033_0033.jpg 1 42 10 33 33
0937_0020_0012_0032_0032.jpg 1 20 12 32 32
0938_0009_0010_0061_0061.jpg 1 9 10 61 61
0939_0022_0011_0055_0055.jpg 1 22 11 55 55
0940_0062_0020_0028_0028.jpg 1 62 20 28 28
0941_0019_0011_0059_0059.jpg 1 19 11 59 59
0942_0022_0014_0037_0037.jpg 1 22 14 37 37
0943_0014_0042_0033_0033.jpg 1 14 42 33 33
0944_0035_0032_0043_0043.jpg 1 35 32 43 43
0945_0011_0024_0034_0034.jpg 1 11 24 34 34
0946_0042_0041_0047_0047.jpg 1 42 41 47 47
0947_0015_0033_0046_0046.jpg 1 15 33 46 46
0948_0042_0006_0039_0039.jpg 1 42 6 39 39
0949_0059_0027_0027_0027.jpg 1 59 27 27 27
0950_0033_0014_0059_0059.jpg 1 33 14 59 59
0951_0019_0009_0041_0041.jpg 1 19 9 41 41
0952_0044_0026_0042_0042.jpg 1 44 26 42 42
0953_0037_0019_0040_0040.jpg 1 37 19 40 40
0954_0033_0023_0045_0045.jpg 1 33 23 45 45
0955_0058_0035_0027_0027.jpg 1 58 35 27 27
0956_0021_0056_0031_0031.jpg 1 21 56 31 31
0957_0006_0025_0055_0055.jpg 1 6 25 55 55
0958_0030_0035_0058_0058.jpg 1 30 35 58 58
0959_0011_0007_0068_0068.jpg 1 11 7 68 68
0960_0036_0039_0050_0050.jpg 1 36 39 50 50
0961_0019_0023_0033_0033.jpg 1 19 23 33 33
0962_0007_0031_0057_0057.jpg 1 7 31 57 57
0963_0025_0021_0029_0029.jpg 1 25 21 29 29
0964_0007_0023_0054_0054.jpg 1 7 23 54 54
0965_0032_0056_0036_0036.jpg 1 32 56 36 36
0966_0007_0031_0064_0064.jpg 1 7 31 64 64
0967_0036_0009_0058_0058.jpg 1 36 9 58 58
0968_0018_0019_0031_0031.jpg 1 18 19 31 31
0969_0010_0037_0032_0032.jpg 1 10 37 32 32
0970_0053_0042_0038_0038.jpg 1 53 42 38 38
0971_0026_0019_0066_0066.jpg 1 26 19 66 66
0972_0013_0031_0048_0048.jpg 1 13 31 48 48
0973_0021_0008_0055_0055.jpg 1 21 8 55 55
0974_0028_0044_0027_0027.jpg 1 28 44 27 27
0975_0020_0027_0063_0063.jpg 1 20 27 63 63
0976_0036_0045_0041_0041.jpg 1 36 45 41 41
0977_0011_0047_0043_0043.jpg 1 11 47 43 43
0978_0007_0010_0040_0040.jpg 1 7 10 40 40
0979_0028_0028_0059_0059.jpg 1 28 28 59 59
0980_0017_0025_0051_0051.jpg 1 17 25 51 51
0981_0031_0035_0043_0043.jpg 1 31 35 43 43
0982_0013_0008_0030_0030.jpg 1 13 8 30 30
0983_0043_0021_0044_0044.jpg 1 43 21 44 44
0984_0017_0029_0059_0059.jpg 1 17 29 59 59
0985_0020_0015_0069_0069.jpg 1 20 15 69 69
0986_0015_0024_0067_0067.jpg 1 15 24 67 67
0987_0015_0043_0042_0042.jpg 1 15 43 42 42
0988_0058_0058_0024_0024.jpg 1 58 58 24 24
0989_0052_0018_0036_0036.jpg 1 52 18 36 36
0990_0034_0035_0053_0053.jpg 1 34 35 53 53
0991_0035_0016_0037_0037.jpg 1 35 16 37 37
0992_0037_0018_0051_0051.jpg 1 37 18 51 51
0993_0044_0007_0050_0050.jpg 1 44 7 50 50
0994_0064_0016_0027_0027.jpg 1 64 16 27 27
0995_0035_0052_0024_0024.jpg 1 35 52 24 24
0996_0025_0018_0041_0041.jpg 1 25 18 41 41
0997_0035_0046_0042_0042.jpg 1 35 46 42 42
0998_0008_0022_0047_0047.jpg 1 8 22 47 47
0999_0010_0063_0029_0029.jpg 1 10 63 29 29
1000_0022_0013_0066_0066.jpg 1 22 13 66 66
1001_0029_0045_0033_0033.jpg 1 29 45 33 33
1002_0045_0006_0046_0046.jpg 1 45 6 46 46
1003_0037_0027_0029_0029.jpg 1 37 27 29 29
1004_0018_0028_0064_0064.jpg 1 18 28 64 64
1005_0023_0019_0054_0054.jpg 1 23 19 54 54
1006_0041_0056_0033_0033.jpg 1 41 56 33 33
1007_0043_0020_0048_0048.jpg 1 43 20 48 48
1008_0042_0013_0049_0049.jpg 1 42 13 49 49
1009_0046_0037_0048_0048.jpg 1 46 37 48 48
1010_0010_0043_0037_0037.jpg 1 10 43 37 37
1011_0025_0035_0043_0043.jpg 1 25 35 43 43
1012_0039_0065_0024_0024.jpg 1 39 65 24 24
1013_0035_0013_0059_0059.jpg 1 35 13 59 59
1014_0060_0033_0032_0032.jpg 1 60 33 32 32
1015_0025_0024_0057_0057.jpg 1 25 24 57 57
1016_0027_0014_0062_0062.jpg 1 27 14 62 62
1017_0020_0030_0064_0064.jpg 1 20 30 64 64
1018_0024_0011_0069_0069.jpg 1 24 11 69 69
1019_0008_0031_0057_0057.jpg 1 8 31 57 57
1020_0008_0008_0062_0062.jpg 1 8 8 62 62
1021_0017_0048_0042_0042.jpg 1 17 48 42 42
1022_0023_0031_0047_0047.jpg 1 23 31 47 47
1023_0014_0009_0069_0069.jpg 1 14 9 69 69
1024_0006_0039_0046_0046.jpg 1 6 39 46 46
1025_0041_0013_0050_0050.jpg 1 41 13 50 50
1026_0023_0034_0060_0060.jpg 1 23 34 60 60
1027_0015_0034_0053_0053.jpg 1 15 34 53 53
1028_0023_0030_0039_0039.jpg 1 23 30 39 39
1029_0023_0007_0060_0060.jpg 1 23 7 60 60
1030_0015_0006_0058_0058.jpg 1 15 6 58 58
1031_0007_0003_0068_0068.jpg 1 7 3 68 68
1032_0035_0019_0040_0040.jpg 1 35 19 40 40
1033_0005_0027_0057_0057.jpg 1 5 27 57 57
1034_0024_0026_0053_0053.jpg 1 24 26 53 53
1035_0024_0022_0041_0041.jpg 1 24 22 41 41
1036_0027_0034_0051_0051.jpg 1 27 34 51 51
1037_0058_0031_0029_0029.jpg 1 58 31 29 29
1038_0040_0017_0048_0048.jpg 1 40 17 48 48
1039_0011_0033_0058_0058.jpg 1 11 33 58 58
1040_0012_0012_0060_0060.jpg 1 12 12 60 60
1041_0026_0009_0055_0055.jpg 1 26 9 55 55
1042_0026_0043_0038_0038.jpg 1 26 43 38 38
1043_0030_0017_0024_0024.jpg 1 30 17 24 24
1044_0032_0039_0030_0030.jpg 1 32 39 30 30
1045_0021_0045_0044_0044.jpg 1 21 45 44 44
1046_0010_0027_0065_0065.jpg 1 10 27 65 65
1047_0018_0008_0068_0068.jpg 1 18 8 68 68
1048_0038_0013_0050_0050.jpg 1 38 13 50 50
1049_0043_0048_0027_0027.jpg 1 43 48 27 27
1050_0033_0048_0035_0035.jpg 1 33 48 35 35
1051_0054_0008_0037_0037.jpg 1 54 8 37 37
1052_0014_0008_0043_0043.jpg 1 14 8 43 43
1053_0035_0007_0057_0057.jpg 1 35 7 57 57
1054_0012_0011_0040_0040.jpg 1 12 11 40 40
1055_0035_0006_0058_0058.jpg 1 35 6 58 58
1056_0007_0004_0051_0051.jpg 1 7 4 51 51
1057_0031_0037_0024_0024.jpg 1 31 37 24 24
1058_0055_0033_0035_0035.jpg 1 55 33 35 35
1059_0043_0017_0044_0044.jpg 1 43 17 44 44
1060_0037_0016_0056_0056.jpg 1 37 16 56 56
1061_0006_0042_0038_0038.jpg 1 6 42 38 38
1062_0009_0016_0063_0063.jpg 1 9 16 63 63
1063_0026_0022_0050_0050.jpg 1 26 22 50 50
1064_0013_0018_0047_0047.jpg 1 13 18 47 47
1065_0058_0031_0029_0029.jpg 1 58 31 29 29
1066_0051_0020_0037_0037.jpg 1 51 20 37 37
1067_0017_0005_0061_0061.jpg 1 17 5 61 61
1068_0036_0044_0034_0034.jpg 1 36 44 34 34
1069_0016_0041_0032_0032.jpg 1 16 41 32 32
1070_0039_0025_0051_0051.jpg 1 39 25 51 51
1071_0009_0026_0065_0065.jpg 1 9 26 65 65
1072_0012_0025_0061_0061.jpg 1 12 25 61 61
1073_0049_0028_0038_0038.jpg 1 49 28 38 38
1074_0023_0005_0067_0067.jpg 1 23 5 67 67
1075_0012_0016_0035_0035.jpg 1 12 16 35 35
1076_0025_0046_0042_0042.jpg 1 25 46 42 42
1077_0023_0012_0053_0053.jpg 1 23 12 53 53
1078_0033_0037_0035_0035.jpg 1 33 37 35 35
1079_0036_0051_0026_0026.jpg 1 36 51 26 26
1080_0017_0015_0068_0068.jpg 1 17 15 68 68
1081_0003_0010_0062_0062.jpg 1 3 10 62 62
1082_0055_0035_0030_0030.jpg 1 55 35 30 30
1083_0031_0012_0061_0061.jpg 1 31 12 61 61
1084_0006_0035_0059_0059.jpg 1 6 35 59 59
1085_0023_0023_0066_0066.jpg 1 23 23 66 66
1086_0007_0015_0063_0063.jpg 1 7 15 63 63
1087_0014_0032_0040_0040.jpg 1 14 32 40 40
1088_0041_0011_0033_0033.jpg 1 41 11 33 33
1089_0039_0016_0042_0042.jpg 1 39 16 42 42
1090_0035_0013_0033_0033.jpg 1 35 13 33 33
1091_0033_0011_0056_0056.jpg 1 33 11 56 56
1092_0010_0032_0059_0059.jpg 1 10 32 59 59
1093_0025_0038_0033_0033.jpg 1 25 38 33 33
1094_0047_0040_0045_0045.jpg 1 47 40 45 45
1095_0049_0007_0040_0040.jpg 1 49 7 40 40
1096_0004_0005_0066_0066.jpg 1 4 5 66 66
1097_0009_0027_0047_0047.jpg 1 9 27 47 47
1098_0027_0010_0034_0034.jpg 1 27 10 34 34
1099_0055_0064_0025_0025.jpg 1 55 64 25 25
1100_0013_0023_0041_0041.jpg 1 13 23 41 41
1101_0034_0049_0026_0026.jpg 1 34 49 26 26
1102_0015_0030_0060_0060.jpg 1 15 30 60 60
1103_0010_0018_0050_0050.jpg 1 10 18 50 50
1104_0007_0030_0051_0051.jpg 1 7 30 51 51
1105_0040_0024_0034_0034.jpg 1 40 24 34 34
1106_0029_0026_0066_0066.jpg 1 29 26 66 66
1107_0029_0031_0045_0045.jpg 1 29 31 45 45
1108_0029_0033_0039_0039.jpg 1 29 33 39 39
1109_0028_0041_0033_0033.jpg 1 28 41 33 33
1110_0025_0044_0034_0034.jpg 1 25 44 34 34
1111_0028_0017_0055_0055.jpg 1 28 17 55 55
1112_0024_0012_0069_0069.jpg 1 24 12 69 69
1113_0039_0007_0056_0056.jpg 1 39 7 56 56
1114_0015_0051_0036_0036.jpg 1 15 51 36 36
1115_0020_0011_0066_0066.jpg 1 20 11 66 66
1116_0006_0049_0041_0041.jpg 1 6 49 41 41
1117_0012_0004_0061_0061.jpg 1 12 4 61 61
1118_0004_0019_0062_0062.jpg 1 4 19 62 62
1119_0041_0030_0025_0025.jpg 1 41 30 25 25
1120_0066_0016_0024_0024.jpg 1 66 16 24 24
1121_0039_0032_0034_0034.jpg 1 39 32 34 34
1122_0006_0004_0066_0066.jpg 1 6 4 66 66
1123_0048_0030_0027_0027.jpg 1 48 30 27 27
1124_0011_0030_0063_0063.jpg 1 11 30 63 63
1125_0024_0021_0063_0063.jpg 1 24 21 63 63
1126_0054_0037_0037_0037.jpg 1 54 37 37 37
1127_0041_0015_0051_0051.jpg 1 41 15 51 51
1128_0023_0034_0052_0052.jpg 1 23 34 52 52
1129_0046_0026_0045_0045.jpg 1 46 26 45 45
1130_0032_0007_0039_0039.jpg 1 32 7 39 39
1131_0044_0007_0050_0050.jpg 1 44 7 50 50
1132_0011_0010_0046_0046.jpg 1 11 10 46 46
1133_0029_0026_0063_0063.jpg 1 29 26 63 63
1134_0004_0013_0060_0060.jpg 1 4 13 60 60
1135_0036_0014_0051_0051.jpg 1 36 14 51 51
1136_0036_0059_0029_0029.jpg 1 36 59 29 29
1137_0018_0039_0051_0051.jpg 1 18 39 51 51
1138_0006_0011_0068_0068.jpg 1 6 11 68 68
1139_0026_0004_0066_0066.jpg 1 26 4 66 66
1140_0033_0050_0028_0028.jpg 1 33 50 28 28
1141_0052_0035_0024_0024.jpg 1 52 35 24 24
1142_0021_0024_0048_0048.jpg 1 21 24 48 48
1143_0007_0030_0027_0027.jpg 1 7 30 27 27
1144_0017_0045_0026_0026.jpg 1 17 45 26 26
1145_0028_0027_0067_0067.jpg 1 28 27 67 67
1146_0038_0009_0056_0056.jpg 1 38 9 56 56
1147_0017_0005_0043_0043.jpg 1 17 5 43 43
1148_0024_0029_0024_0024.jpg 1 24 29 24 24
1149_0036_0040_0048_0048.jpg 1 36 40 48 48
1150_0013_0009_0028_0028.jpg 1 13 9 28 28
1151_0028_0012_0064_0064.jpg 1 28 12 64 64
1152_0046_0049_0024_0024.jpg 1 46 49 24 24
1153_0023_0022_0065_0065.jpg 1 23 22 65 65
1154_0025_0027_0060_0060.jpg 1 25 27 60 60
1155_0022_0033_0024_0024.jpg 1 22 33 24 24
1156_0011_0028_0058_0058.jpg 1 11 28 58 58
1157_0039_0034_0025_0025.jpg 1 39 34 25 25
1158_0047_0033_0043_0043.jpg 1 47 33 43 43
1159_0008_0051_0035_0035.jpg 1 8 51 35 35
1160_0025_0032_0046_0046.jpg 1 25 32 46 46
1161_0032_0023_0060_0060.jpg 1 32 23 60 60
1162_0048_0017_0042_0042.jpg 1 48 17 42 42
1163_0059_0007_0033_0033.jpg 1 59 7 33 33
1164_0033_0027_0059_0059.jpg 1 33 27 59 59
1165_0051_0023_0035_0035.jpg 1 51 23 35 35
1166_0051_0040_0035_0035.jpg 1 51 40 35 35
1167_0010_0028_0055_0055.jpg 1 10 28 55 55
1168_0008_0029_0060_0060.jpg 1 8 29 60 60
1169_0036_0037_0046_0046.jpg 1 36 37 46 46
1170_0012_0010_0053_0053.jpg 1 12 10 53 53
1171_0013_0031_0051_0051.jpg 1 13 31 51 51
1172_0018_0035_0042_0042.jpg 1 18 35 42 42
1173_0027_0019_0057_0057.jpg 1 27 19 57 57
1174_0008_0049_0025_0025.jpg 1 8 49 25 25
1175_0023_0022_0055_0055.jpg 1 23 22 55 55
1176_0044_0055_0037_0037.jpg 1 44 55 37 37
1177_0022_0044_0030_0030.jpg 1 22 44 30 30
1178_0013_0027_0065_0065.jpg 1 13 27 65 65
1179_0027_0013_0056_0056.jpg 1 27 13 56 56
1180_0012_0043_0051_0051.jpg 1 12 43 51 51
1181_0059_0033_0032_0032.jpg 1 59 33 32 32
1182_0041_0037_0051_0051.jpg 1 41 37 51 51
1183_0027_0013_0064_0064.jpg 1 27 13 64 64
1184_0028_0014_0058_0058.jpg 1 28 14 58 58
1185_0012_0040_0045_0045.jpg 1 12 40 45 45
1186_0016_0020_0068_0068.jpg 1 16 20 68 68
1187_0032_0011_0059_0059.jpg 1 32 11 59 59
1188_0011_0006_0056_0056.jpg 1 11 6 56 56
1189_0014_0021_0036_0036.jpg 1 14 21 36 36
1190_0024_0027_0032_0032.jpg 1 24 27 32 32
1191_0006_0034_0040_0040.jpg 1 6 34 40 40
1192_0029_0040_0039_0039.jpg 1 29 40 39 39
1193_0009_0008_0065_0065.jpg 1 9 8 65 65
1194_0012_0027_0049_0049.jpg 1 12 27 49 49
1195_0034_0007_0053_0053.jpg 1 34 7 53 53
1196_0058_0030_0033_0033.jpg 1 58 30 33 33
1197_0038_0028_0031_0031.jpg 1 38 28 31 31
1198_0028_0053_0036_0036.jpg 1 28 53 36 36
1199_0036_0049_0034_0034.jpg 1 36 49 34 34
1200_0020_0035_0059_0059.jpg 1 20 35 59 59
1201_0005_0031_0057_0057.jpg 1 5 31 57 57
1202_0051_0054_0031_0031.jpg 1 51 54 31 31
1203_0009_0016_0038_0038.jpg 1 9 16 38 38
1204_0042_0005_0052_0052.jpg 1 42 5 52 52
1205_0035_0040_0038_0038.jpg 1 35 40 38 38
1206_0043_0032_0051_0051.jpg 1 43 32 51 51
1207_0034_0018_0029_0029.jpg 1 34 18 29 29
1208_0018_0013_0067_0067.jpg 1 18 13 67 67
1209_0042_0036_0027_0027.jpg 1 42 36 27 27
1210_0014_0017_0067_0067.jpg 1 14 17 67 67
1211_0037_0029_0047_0047.jpg 1 37 29 47 47
1212_0028_0019_0042_0042.jpg 1 28 19 42 42
1213_0029_0004_0054_0054.jpg 1 29 4 54 54
1214_0008_0033_0063_0063.jpg 1 8 33 63 63
1215_0029_0051_0031_0031.jpg 1 29 51 31 31
1216_0022_0032_0036_0036.jpg 1 22 32 36 36
1217_0021_0028_0039_0039.jpg 1 21 28 39 39
1218_0017_0035_0026_0026.jpg 1 17 35 26 26
1219_0006_0005_0062_0062.jpg 1 6 5 62 62
1220_0007_0030_0062_0062.jpg 1 7 30 62 62
1221_0025_0031_0056_0056.jpg 1 25 31 56 56
1222_0027_0057_0028_0028.jpg 1 27 57 28 28
1223_0006_0035_0033_0033.jpg 1 6 35 33 33
1224_0059_0033_0029_0029.jpg 1 59 33 29 29
1225_0046_0046_0031_0031.jpg 1 46 46 31 31
1226_0014_0007_0063_0063.jpg 1 14 7 63 63
1227_0046_0038_0024_0024.jpg 1 46 38 24 24
1228_0006_0023_0058_0058.jpg 1 6 23 58 58
1229_0007_0025_0052_0052.jpg 1 7 25 52 52
1230_0025_0035_0050_0050.jpg 1 25 35 50 50
1231_0035_0041_0045_0045.jpg 1 35 41 45 45
1232_0032_0049_0035_0035.jpg 1 32 49 35 35
1233_0044_0012_0039_0039.jpg 1 44 12 39 39
1234_0031_0024_0060_0060.jpg 1 31 24 60 60
1235_0040_0019_0045_0045.jpg 1 40 19 45 45
1236_0043_0049_0039_0039.jpg 1 43 49 39 39
1237_0018_0027_0068_0068.jpg 1 18 27 68 68
1238_0030_0022_0061_0061.jpg 1 30 22 61 61
1239_0040_0006_0043_0043.jpg 1 40 6 43 43
1240_0017_0030_0062_0062.jpg 1 17 30 62 62
1241_0022_0007_0069_0069.jpg 1 22 7 69 69
1242_0039_0044_0033_0033.jpg 1 39 44 33 33
1243_0026_0007_0066_0066.jpg 1 26 7 66 66
1244_0027_0028_0050_0050.jpg 1 27 28 50 50
1245_0018_0022_0056_0056.jpg 1 18 22 56 56
1246_0041_0007_0039_0039.jpg 1 41 7 39 39
1247_0021_0029_0042_0042.jpg 1 21 29 42 42
1248_0011_0015_0063_0063.jpg 1 11 15 63 63
1249_0023_0048_0043_0043.jpg 1 23 48 43 43
1250_0014_0034_0030_0030.jpg 1 14 34 30 30
1251_0026_0036_0029_0029.jpg 1 26 36 29 29
1252_0037_0062_0028_0028.jpg 1 37 62 28 28
1253_0045_0023_0028_0028.jpg 1 45 23 28 28
1254_0046_0051_0035_0035.jpg 1 46 51 35 35
1255_0028_0023_0050_0050.jpg 1 28 23 50 50
1256_0012_0013_0064_0064.jpg 1 12 13 64 64
1257_0050_0027_0036_0036.jpg 1 50 27 36 36
1258_0035_0011_0025_0025.jpg 1 35 11 25 25
1259_0029_0027_0060_0060.jpg 1 29 27 60 60
1260_0043_0007_0048_0048.jpg 1 43 7 48 48
1261_0032_0007_0064_0064.jpg 1 32 7 64 64
1262_0020_0027_0058_0058.jpg 1 20 27 58 58
1263_0013_0009_0059_0059.jpg 1 13 9 59 59
1264_0010_0050_0041_0041.jpg 1 10 50 41 41
1265_0009_0026_0056_0056.jpg 1 9 26 56 56
1266_0031_0022_0045_0045.jpg 1 31 22 45 45
1267_0025_0029_0063_0063.jpg 1 25 29 63 63
1268_0019_0022_0033_0033.jpg 1 19 22 33 33
1269_0027_0006_0042_0042.jpg 1 27 6 42 42
1270_0040_0013_0044_0044.jpg 1 40 13 44 44
1271_0010_0020_0046_0046.jpg 1 10 20 46 46
1272_0064_0051_0026_0026.jpg 1 64 51 26 26
1273_0027_0034_0040_0040.jpg 1 27 34 40 40
1274_0028_0019_0068_0068.jpg 1 28 19 68 68
1275_0013_0017_0027_0027.jpg 1 13 17 27 27
1276_0005_0038_0057_0057.jpg 1 5 38 57 57
1277_0030_0034_0032_0032.jpg 1 30 34 32 32
1278_0019_0047_0039_0039.jpg 1 19 47 39 39
1279_0006_0012_0053_0053.jpg 1 6 12 53 53
1280_0005_0019_0068_0068.jpg 1 5 19 68 68
1281_0033_0023_0050_0050.jpg 1 33 23 50 50
1282_0022_0018_0067_0067.jpg 1 22 18 67 67
1283_0008_0009_0066_0066.jpg 1 8 9 66 66
1284_0007_0029_0062_0062.jpg 1 7 29 62 62
1285_0021_0025_0064_0064.jpg 1 21 25 64 64
1286_0060_0020_0031_0031.jpg 1 60 20 31 31
1287_0039_0021_0038_0038.jpg 1 39 21 38 38
1288_0037_0015_0033_0033.jpg 1 37 15 33 33
1289_0036_0010_0047_0047.jpg 1 36 10 47 47
1290_0017_0006_0056_0056.jpg 1 17 6 56 56
1291_0010_0006_0060_0060.jpg 1 10 6 60 60
1292_0021_0004_0063_0063.jpg 1 21 4 63 63
1293_0013_0012_0045_0045.jpg 1 13 12 45 45
1294_0034_0007_0043_0043.jpg 1 34 7 43 43
1295_0037_0023_0050_0050.jpg 1 37 23 50 50
1296_0014_0007_0057_0057.jpg 1 14 7 57 57
1297_0026_0047_0036_0036.jpg 1 26 47 36 36
1298_0044_0039_0033_0033.jpg 1 44 39 33 33
1299_0030_0057_0025_0025.jpg 1 30 57 25 25
1300_0024_0009_0062_0062.jpg 1 24 9 62 62
1301_0034_0013_0055_0055.jpg 1 34 13 55 55
1302_0029_0016_0063_0063.jpg 1 29 16 63 63
1303_0051_0016_0034_0034.jpg 1 51 16 34 34
1304_0008_0005_0052_0052.jpg 1 8 5 52 52
1305_0029_0015_0041_0041.jpg 1 29 15 41 41
1306_0026_0007_0069_0069.jpg 1 26 7 69 69
1307_0034_0005_0060_0060.jpg 1 34 5 60 60
1308_0058_0008_0031_0031.jpg 1 58 8 31 31
1309_0055_0052_0037_0037.jpg 1 55 52 37 37
1310_0047_0044_0035_0035.jpg 1 47 44 35 35
1311_0042_0006_0046_0046.jpg 1 42 6 46 46
1312_0047_0047_0044_0044.jpg 1 47 47 44 44
1313_0022_0010_0066_0066.jpg 1 22 10 66 66
1314_0019_0006_0065_0065.jpg 1 19 6 65 65
1315_0025_0014_0055_0055.jpg 1 25 14 55 55
1316_0017_0011_0055_0055.jpg 1 17 11 55 55
1317_0047_0020_0026_0026.jpg 1 47 20 26 26
1318_0025_0026_0054_0054.jpg 1 25 26 54 54
1319_0019_0007_0060_0060.jpg 1 19 7 60 60
1320_0017_0031_0064_0064.jpg 1 17 31 64 64
1321_0019_0020_0057_0057.jpg 1 19 20 57 57
1322_0029_0023_0065_0065.jpg 1 29 23 65 65
1323_0028_0052_0033_0033.jpg 1 28 52 33 33
1324_0027_0009_0052_0052.jpg 1 27 9 52 52
1325_0049_0045_0032_0032.jpg 1 49 45 32 32
1326_0012_0032_0039_0039.jpg 1 12 32 39 39
1327_0023_0023_0063_0063.jpg 1 23 23 63 63
1328_0015_0050_0024_0024.jpg 1 15 50 24 24
1329_0029_0032_0062_0062.jpg 1 29 32 62 62
1330_0033_0017_0053_0053.jpg 1 33 17 53 53
1331_0007_0021_0044_0044.jpg 1 7 21 44 44
1332_0033_0060_0032_0032.jpg 1 33 60 32 32
1333_0019_0054_0034_0034.jpg 1 19 54 34 34
1334_0033_0047_0037_0037.jpg 1 33 47 37 37
1335_0034_0011_0039_0039.jpg 1 34 11 39 39
1336_0021_0006_0043_0043.jpg 1 21 6 43 43
1337_0005_0005_0066_0066.jpg 1 5 5 66 66
1338_0011_0007_0061_0061.jpg 1 11 7 61 61
1339_0027_0022_0057_0057.jpg 1 27 22 57 57
1340_0018_0015_0044_0044.jpg 1 18 15 44 44
1341_0044_0042_0048_0048.jpg 1 44 42 48 48
1342_0020_0024_0025_0025.jpg 1 20 24 25 25
1343_0005_0030_0061_0061.jpg 1 5 30 61 61
1344_0048_0024_0043_0043.jpg 1 48 24 43 43
1345_0023_0017_0062_0062.jpg 1 23 17 62 62
1346_0024_0023_0038_0038.jpg 1 24 23 38 38
1347_0039_0014_0038_0038.jpg 1 39 14 38 38
1348_0006_0019_0060_0060.jpg 1 6 19 60 60
1349_0026_0012_0063_0063.jpg 1 26 12 63 63
1350_0038_0037_0042_0042.jpg 1 38 37 42 42
1351_0008_0018_0068_0068.jpg 1 8 18 68 68
1352_0032_0032_0050_0050.jpg 1 32 32 50 50
1353_0018_0055_0036_0036.jpg 1 18 55 36 36
1354_0015_0032_0039_0039.jpg 1 15 32 39 39
1355_0006_0051_0039_0039.jpg 1 6 51 39 39
1356_0006_0015_0068_0068.jpg 1 6 15 68 68
1357_0060_0010_0028_0028.jpg 1 60 10 28 28
1358_0035_0015_0036_0036.jpg 1 35 15 36 36
1359_0043_0020_0049_0049.jpg 1 43 20 49 49
1360_0029_0031_0059_0059.jpg 1 29 31 59 59
1361_0044_0044_0045_0045.jpg 1 44 44 45 45
1362_0041_0009_0044_0044.jpg 1 41 9 44 44
1363_0014_0008_0062_0062.jpg 1 14 8 62 62
1364_0023_0012_0059_0059.jpg 1 23 12 59 59
1365_0020_0019_0053_0053.jpg 1 20 19 53 53
1366_0027_0028_0063_0063.jpg 1 27 28 63 63
1367_0038_0018_0032_0032.jpg 1 38 18 32 32
1368_0005_0044_0050_0050.jpg 1 5 44 50 50
1369_0019_0005_0054_0054.jpg 1 19 5 54 54
1370_0024_0042_0039_0039.jpg 1 24 42 39 39
1371_0024_0030_0055_0055.jpg 1 24 30 55 55
1372_0014_0050_0040_0040.jpg 1 14 50 40 40
1373_0034_0021_0054_0054.jpg 1 34 21 54 54
1374_0044_0013_0046_0046.jpg 1 44 13 46 46
1375_0019_0025_0060_0060.jpg 1 19 25 60 60
1376_0008_0032_0055_0055.jpg 1 8 32 55 55
1377_0012_0006_0055_0055.jpg 1 12 6 55 55
1378_0021_0012_0028_0028.jpg 1 21 12 28 28
1379_0007_0009_0046_0046.jpg 1 7 9 46 46
1380_0033_0055_0025_0025.jpg 1 33 55 25 25
1381_0050_0044_0030_0030.jpg 1 50 44 30 30
1382_0031_0012_0032_0032.jpg 1 31 12 32 32
1383_0022_0018_0056_0056.jpg 1 22 18 56 56
1384_0003_0025_0065_0065.jpg 1 3 25 65 65
1385_0026_0004_0068_0068.jpg 1 26 4 68 68
1386_0059_0056_0032_0032.jpg 1 59 56 32 32
1387_0018_0026_0024_0024.jpg 1 18 26 24 24
1388_0017_0017_0058_0058.jpg 1 17 17 58 58
1389_0004_0009_0068_0068.jpg 1 4 9 68 68
1390_0010_0034_0040_0040.jpg 1 10 34 40 40
1391_0053_0009_0037_0037.jpg 1 53 9 37 37
1392_0054_0016_0029_0029.jpg 1 54 16 29 29
1393_0005_0034_0061_0061.jpg 1 5 34 61 61
1394_0045_0037_0039_0039.jpg 1 45 37 39 39
1395_0036_0067_0024_0024.jpg 1 36 67 24 24
1396_0054_0034_0030_0030.jpg 1 54 34 30 30
1397_0005_0012_0058_0058.jpg 1 5 12 58 58
1398_0030_0016_0043_0043.jpg 1 30 16 43 43
1399_0023_0024_0056_0056.jpg 1 23 24 56 56
1400_0010_0010_0065_0065.jpg 1 10 10 65 65
1401_0031_0062_0025_0025.jpg 1 31 62 25 25
1402_0026_0045_0037_0037.jpg 1 26 45 37 37
1403_0044_0039_0041_0041.jpg 1 44 39 41 41
1404_0066_0059_0025_0025.jpg 1 66 59 25 25
1405_0022_0032_0062_0062.jpg 1 22 32 62 62
1406_0017_0027_0069_0069.jpg 1 17 27 69 69
1407_0052_0039_0031_0031.jpg 1 52 39 31 31
1408_0026_0029_0052_0052.jpg 1 26 29 52 52
1409_0052_0011_0040_0040.jpg 1 52 11 40 40
1410_0040_0020_0054_0054.jpg 1 40 20 54 54
1411_0026_0013_0027_0027.jpg 1 26 13 27 27
1412_0049_0051_0040_0040.jpg 1 49 51 40 40
1413_0054_0029_0038_0038.jpg 1 54 29 38 38
1414_0024_0025_0063_0063.jpg 1 24 25 63 63
1415_0027_0037_0047_0047.jpg 1 27 37 47 47
1416_0030_0020_0055_0055.jpg 1 30 20 55 55
1417_0052_0040_0041_0041.jpg 1 52 40 41 41
1418_0029_0043_0045_0045.jpg 1 29 43 45 45
1419_0023_0025_0051_0051.jpg 1 23 25 51 51
1420_0057_0042_0034_0034.jpg 1 57 42 34 34
1421_0017_0026_0051_0051.jpg 1 17 26 51 51
1422_0040_0034_0054_0054.jpg 1 40 34 54 54
1423_0005_0008_0057_0057.jpg 1 5 8 57 57
1424_0054_0054_0033_0033.jpg 1 54 54 33 33
1425_0023_0019_0067_0067.jpg 1 23 19 67 67
1426_0039_0053_0039_0039.jpg 1 39 53 39 39
1427_0036_0038_0036_0036.jpg 1 36 38 36 36
1428_0006_0019_0068_0068.jpg 1 6 19 68 68
1429_0006_0027_0066_0066.jpg 1 6 27 66 66
1430_0022_0029_0052_0052.jpg 1 22 29 52 52
1431_0052_0033_0032_0032.jpg 1 52 33 32 32
1432_0035_0024_0060_0060.jpg 1 35 24 60 60
1433_0008_0015_0035_0035.jpg 1 8 15 35 35
1434_0036_0057_0026_0026.jpg 1 36 57 26 26
1435_0010_0018_0025_0025.jpg 1 10 18 25 25
1436_0029_0015_0044_0044.jpg 1 29 15 44 44
1437_0024_0005_0057_0057.jpg 1 24 5 57 57
1438_0041_0019_0047_0047.jpg 1 41 19 47 47
1439_0017_0006_0069_0069.jpg 1 17 6 69 69
1440_0023_0044_0032_0032.jpg 1 23 44 32 32
1441_0012_0037_0033_0033.jpg 1 12 37 33 33
1442_0014_0039_0049_0049.jpg 1 14 39 49 49
1443_0028_0031_0033_0033.jpg 1 28 31 33 33
1444_0007_0031_0047_0047.jpg 1 7 31 47 47
1445_0052_0025_0038_0038.jpg 1 52 25 38 38
1446_0021_0015_0069_0069.jpg 1 21 15 69 69
1447_0042_0006_0037_0037.jpg 1 42 6 37 37
1448_0011_0005_0053_0053.jpg 1 11 5 53 53
1449_0024_0005_0061_0061.jpg 1 24 5 61 61
1450_0056_0054_0026_0026.jpg 1 56 54 26 26
1451_0026_0036_0036_0036.jpg 1 26 36 36 36
1452_0038_0019_0038_0038.jpg 1 38 19 38 38
1453_0025_0006_0051_0051.jpg 1 25 6 51 51
1454_0019_0028_0056_0056.jpg 1 19 28 56 56
1455_0007_0006_0058_0058.jpg 1 7 6 58 58
1456_0011_0009_0069_0069.jpg 1 11 9 69 69
1457_0028_0033_0049_0049.jpg 1 28 33 49 49
1458_0026_0019_0034_0034.jpg 1 26 19 34 34
1459_0004_0026_0061_0061.jpg 1 4 26 61 61
1460_0033_0034_0053_0053.jpg 1 33 34 53 53
1461_0007_0006_0058_0058.jpg 1 7 6 58 58
1462_0009_0020_0056_0056.jpg 1 9 20 56 56
1463_0028_0017_0028_0028.jpg 1 28 17 28 28
1464_0007_0009_0056_0056.jpg 1 7 9 56 56
1465_0029_0038_0053_0053.jpg 1 29 38 53 53
1466_0014_0049_0036_0036.jpg 1 14 49 36 36
1467_0035_0024_0047_0047.jpg 1 35 24 47 47
1468_0014_0021_0065_0065.jpg 1 14 21 65 65
1469_0039_0061_0030_0030.jpg 1 39 61 30 30
1470_0016_0037_0045_0045.jpg 1 16 37 45 45
1471_0049_0051_0035_0035.jpg 1 49 51 35 35
1472_0006_0012_0062_0062.jpg 1 6 12 62 62
1473_0049_0055_0034_0034.jpg 1 49 55 34 34
1474_0012_0020_0063_0063.jpg 1 12 20 63 63
1475_0053_0012_0033_0033.jpg 1 53 12 33 33
1476_0050_0042_0025_0025.jpg 1 50 42 25 25
1477_0011_0006_0060_0060.jpg 1 11 6 60 60
1478_0047_0031_0047_0047.jpg 1 47 31 47 47
1479_0013_0033_0057_0057.jpg 1 13 33 57 57
1480_0041_0050_0043_0043.jpg 1 41 50 43 43
1481_0047_0036_0046_0046.jpg 1 47 36 46 46
1482_0008_0003_0065_0065.jpg 1 8 3 65 65
1483_0024_0004_0059_0059.jpg 1 24 4 59 59
1484_0015_0041_0031_0031.jpg 1 15 41 31 31
1485_0027_0021_0063_0063.jpg 1 27 21 63 63
1486_0062_0014_0025_0025.jpg 1 62 14 25 25
1487_0044_0042_0037_0037.jpg 1 44 42 37 37
1488_0008_0022_0034_0034.jpg 1 8 22 34 34
1489_0024_0014_0062_0062.jpg 1 24 14 62 62
1490_0017_0015_0063_0063.jpg 1 17 15 63 63
1491_0036_0029_0035_0035.jpg 1 36 29 35 35
1492_0023_0016_0057_0057.jpg 1 23 16 57 57
1493_0032_0027_0026_0026.jpg 1 32 27 26 26
1494_0036_0038_0026_0026.jpg 1 36 38 26 26
1495_0021_0014_0061_0061.jpg 1 21 14 61 61
1496_0055_0032_0029_0029.jpg 1 55 32 29 29
1497_0011_0016_0038_0038.jpg 1 11 16 38 38
1498_0046_0032_0029_0029.jpg 1 46 32 29 29
1499_0026_0035_0057_0057.jpg 1 26 35 57 57
1500_0023_0011_0063_0063.jpg 1 23 11 63 63
1501_0015_0038_0025_0025.jpg 1 15 38 25 25
1502_0056_0039_0026_0026.jpg 1 56 39 26 26
1503_0013_0016_0065_0065.jpg 1 13 16 65 65
1504_0049_0025_0035_0035.jpg 1 49 25 35 35
1505_0027_0056_0037_0037.jpg 1 27 56 37 37
1506_0014_0026_0062_0062.jpg 1 14 26 62 62
1507_0034_0018_0057_0057.jpg 1 34 18 57 57
1508_0032_0032_0058_0058.jpg 1 32 32 58 58
1509_0039_0014_0041_0041.jpg 1 39 14 41 41
1510_0032_0011_0034_0034.jpg 1 32 11 34 34
1511_0034_0034_0050_0050.jpg 1 34 34 50 50
1512_0007_0019_0032_0032.jpg 1 7 19 32 32
1513_0010_0024_0064_0064.jpg 1 10 24 64 64
1514_0026_0012_0036_0036.jpg 1 26 12 36 36
1515_0010_0026_0053_0053.jpg 1 10 26 53 53
1516_0052_0045_0041_0041.jpg 1 52 45 41 41
1517_0046_0006_0046_0046.jpg 1 46 6 46 46
1518_0018_0009_0031_0031.jpg 1 18 9 31 31
1519_0042_0008_0033_0033.jpg 1 42 8 33 33
1520_0005_0014_0064_0064.jpg 1 5 14 64 64
1521_0007_0053_0036_0036.jpg 1 7 53 36 36
1522_0006_0053_0035_0035.jpg 1 6 53 35 35
1523_0024_0032_0024_0024.jpg 1 24 32 24 24
1524_0032_0025_0053_0053.jpg 1 32 25 53 53
1525_0020_0028_0039_0039.jpg 1 20 28 39 39
1526_0011_0017_0061_0061.jpg 1 11 17 61 61
1527_0016_0021_0046_0046.jpg 1 16 21 46 46
1528_0030_0015_0040_0040.jpg 1 30 15 40 40
1529_0022_0031_0031_0031.jpg 1 22 31 31 31
1530_0028_0054_0035_0035.jpg 1 28 54 35 35
1531_0003_0023_0067_0067.jpg 1 3 23 67 67
1532_0015_0038_0051_0051.jpg 1 15 38 51 51
1533_0020_0027_0044_0044.jpg 1 20 27 44 44
1534_0015_0039_0047_0047.jpg 1 15 39 47 47
1535_0036_0059_0030_0030.jpg 1 36 59 30 30
1536_0021_0032_0048_0048.jpg 1 21 32 48 48
1537_0040_0040_0051_0051.jpg 1 40 40 51 51
1538_0038_0038_0027_0027.jpg 1 38 38 27 27
1539_0041_0013_0050_0050.jpg 1 41 13 50 50
1540_0030_0015_0062_0062.jpg 1 30 15 62 62
1541_0019_0042_0040_0040.jpg 1 19 42 40 40
1542_0035_0016_0060_0060.jpg 1 35 16 60 60
1543_0048_0040_0043_0043.jpg 1 48 40 43 43
1544_0036_0042_0032_0032.jpg 1 36 42 32 32
1545_0049_0064_0028_0028.jpg 1 49 64 28 28
1546_0011_0012_0040_0040.jpg 1 11 12 40 40
1547_0034_0027_0057_0057.jpg 1 34 27 57 57
1548_0028_0045_0030_0030.jpg 1 28 45 30 30
1549_0057_0028_0029_0029.jpg 1 57 28 29 29
1550_0014_0009_0041_0041.jpg 1 14 9 41 41
1551_0004_0031_0059_0059.jpg 1 4 31 59 59
1552_0013_0038_0034_0034.jpg 1 13 38 34 34
1553_0036_0027_0055_0055.jpg 1 36 27 55 55
1554_0014_0025_0050_0050.jpg 1 14 25 50 50
1555_0018_0005_0046_0046.jpg 1 18 5 46 46
1556_0050_0036_0039_0039.jpg 1 50 36 39 39
1557_0046_0026_0036_0036.jpg 1 46 26 36 36
1558_0045_0046_0046_0046.jpg 1 45 46 46 46
1559_0018_0006_0043_0043.jpg 1 18 6 43 43
1560_0024_0005_0063_0063.jpg 1 24 5 63 63
1561_0046_0048_0042_0042.jpg 1 46 48 42 42
1562_0044_0047_0027_0027.jpg 1 44 47 27 27
1563_0010_0014_0067_0067.jpg 1 10 14 67 67
1564_0036_0020_0054_0054.jpg 1 36 20 54 54
1565_0013_0037_0056_0056.jpg 1 13 37 56 56
1566_0062_0009_0025_0025.jpg 1 62 9 25 25
1567_0022_0010_0037_0037.jpg 1 22 10 37 37
1568_0012_0019_0062_0062.jpg 1 12 19 62 62
1569_0017_0027_0053_0053.jpg 1 17 27 53 53
1570_0017_0007_0049_0049.jpg 1 17 7 49 49
1571_0016_0012_0057_0057.jpg 1 16 12 57 57
1572_0023_0028_0064_0064.jpg 1 23 28 64 64
1573_0016_0016_0049_0049.jpg 1 16 16 49 49
1574_0053_0042_0030_0030.jpg 1 53 42 30 30
1575_0010_0037_0036_0036.jpg 1 10 37 36 36
1576_0020_0009_0055_0055.jpg 1 20 9 55 55
1577_0056_0007_0033_0033.jpg 1 56 7 33 33
1578_0011_0020_0036_0036.jpg 1 11 20 36 36
1579_0018_0010_0042_0042.jpg 1 18 10 42 42
1580_0032_0017_0064_0064.jpg 1 32 17 64 64
1581_0032_0009_0054_0054.jpg 1 32 9 54 54
1582_0033_0019_0057_0057.jpg 1 33 19 57 57
1583_0025_0016_0057_0057.jpg 1 25 16 57 57
1584_0023_0044_0034_0034.jpg 1 23 44 34 34
1585_0013_0008_0031_0031.jpg 1 13 8 31 31
1586_0026_0023_0067_0067.jpg 1 26 23 67 67
1587_0039_0025_0026_0026.jpg 1 39 25 26 26
1588_0020_0017_0033_0033.jpg 1 20 17 33 33
1589_0045_0040_0031_0031.jpg 1 45 40 31 31
1590_0022_0036_0032_0032.jpg 1 22 36 32 32
1591_0005_0013_0069_0069.jpg 1 5 13 69 69
1592_0008_0030_0044_0044.jpg 1 8 30 44 44
1593_0054_0037_0033_0033.jpg 1 54 37 33 33
1594_0013_0017_0044_0044.jpg 1 13 17 44 44
1595_0008_0026_0046_0046.jpg 1 8 26 46 46
1596_0042_0043_0030_0030.jpg 1 42 43 30 30
1597_0022_0024_0044_0044.jpg 1 22 24 44 44
1598_0036_0010_0032_0032.jpg 1 36 10 32 32
1599_0006_0024_0058_0058.jpg 1 6 24 58 58
1600_0026_0012_0069_0069.jpg 1 26 12 69 69
1601_0006_0015_0058_0058.jpg 1 6 15 58 58
1602_0027_0029_0053_0053.jpg 1 27 29 53 53
1603_0021_0009_0045_0045.jpg 1 21 9 45 45
1604_0032_0006_0063_0063.jpg 1 32 6 63 63
1605_0026_0016_0067_0067.jpg 1 26 16 67 67
1606_0041_0023_0052_0052.jpg 1 41 23 52 52
1607_0028_0034_0060_0060.jpg 1 28 34 60 60
1608_0020_0010_0067_0067.jpg 1 20 10 67 67
1609_0043_0044_0034_0034.jpg 1 43 44 34 34
1610_0010_0016_0027_0027.jpg 1 10 16 27 27
1611_0018_0029_0048_0048.jpg 1 18 29 48 48
1612_0054_0038_0027_0027.jpg 1 54 38 27 27
1613_0007_0005_0054_0054.jpg 1 7 5 54 54
1614_0021_0017_0067_0067.jpg 1 21 17 67 67
1615_0027_0035_0042_0042.jpg 1 27 35 42 42
1616_0022_0020_0033_0033.jpg 1 22 20 33 33
1617_0028_0032_0038_0038.jpg 1 28 32 38 38
1618_0024_0008_0058_0058.jpg 1 24 8 58 58
1619_0032_0023_0059_0059.jpg 1 32 23 59 59
1620_0015_0033_0028_0028.jpg 1 15 33 28 28
1621_0011_0010_0033_0033.jpg 1 11 10 33 33
1622_0026_0016_0041_0041.jpg 1 26 16 41 41
1623_0008_0024_0039_0039.jpg 1 8 24 39 39
1624_0025_0042_0030_0030.jpg 1 25 42 30 30
1625_0021_0028_0065_0065.jpg 1 21 28 65 65
1626_0037_0023_0044_0044.jpg 1 37 23 44 44
1627_0037_0030_0053_0053.jpg 1 37 30 53 53
1628_0058_0018_0033_0033.jpg 1 58 18 33 33
1629_0042_0044_0039_0039.jpg 1 42 44 39 39
1630_0020_0032_0039_0039.jpg 1 20 32 39 39
1631_0031_0047_0039_0039.jpg 1 31 47 39 39
1632_0041_0006_0051_0051.jpg 1 41 6 51 51
1633_0010_0017_0061_0061.jpg 1 10 17 61 61
1634_0065_0021_0025_0025.jpg 1 65 21 25 25
1635_0020_0024_0065_0065.jpg 1 20 24 65 65
1636_0027_0004_0068_0068.jpg 1 27 4 68 68
1637_0022_0008_0054_0054.jpg 1 22 8 54 54
1638_0032_0024_0047_0047.jpg 1 32 24 47 47
1639_0018_0032_0057_0057.jpg 1 18 32 57 57
1640_0044_0030_0040_0040.jpg 1 44 30 40 40
1641_0017_0010_0033_0033.jpg 1 17 10 33 33
1642_0057_0018_0027_0027.jpg 1 57 18 27 27
1643_0057_0058_0024_0024.jpg 1 57 58 24 24
1644_0005_0008_0060_0060.jpg 1 5 8 60 60
1645_0013_0028_0054_0054.jpg 1 13 28 54 54
1646_0023_0017_0051_0051.jpg 1 23 17 51 51
1647_0014_0052_0039_0039.jpg 1 14 52 39 39
1648_0023_0026_0042_0042.jpg 1 23 26 42 42
1649_0009_0057_0025_0025.jpg 1 9 57 25 25
1650_0019_0020_0059_0059.jpg 1 19 20 59 59
1651_0020_0024_0059_0059.jpg 1 20 24 59 59
1652_0036_0009_0045_0045.jpg 1 36 9 45 45
1653_0017_0016_0034_0034.jpg 1 17 16 34 34
1654_0038_0053_0031_0031.jpg 1 38 53 31 31
1655_0029_0029_0031_0031.jpg 1 29 29 31 31
1656_0005_0037_0052_0052.jpg 1 5 37 52 52
1657_0045_0057_0027_0027.jpg 1 45 57 27 27
1658_0026_0006_0035_0035.jpg 1 26 6 35 35
1659_0029_0008_0038_0038.jpg 1 29 8 38 38
1660_0042_0013_0026_0026.jpg 1 42 13 26 26
1661_0009_0019_0051_0051.jpg 1 9 19 51 51
1662_0038_0040_0046_0046.jpg 1 38 40 46 46
1663_0020_0019_0056_0056.jpg 1 20 19 56 56
1664_0007_0021_0055_0055.jpg 1 7 21 55 55
1665_0004_0017_0066_0066.jpg 1 4 17 66 66
1666_0050_0009_0030_0030.jpg 1 50 9 30 30
1667_0015_0042_0042_0042.jpg 1 15 42 42 42
1668_0022_0042_0040_0040.jpg 1 22 42 40 40
1669_0022_0019_0065_0065.jpg 1 22 19 65 65
1670_0035_0044_0042_0042.jpg 1 35 44 42 42
1671_0034_0044_0049_0049.jpg 1 34 44 49 49
1672_0012_0042_0049_0049.jpg 1 12 42 49 49
1673_0030_0026_0064_0064.jpg 1 30 26 64 64
1674_0022_0012_0057_0057.jpg 1 22 12 57 57
1675_0009_0035_0035_0035.jpg 1 9 35 35 35
1676_0004_0041_0051_0051.jpg 1 4 41 51 51
1677_0036_0047_0039_0039.jpg 1 36 47 39 39
1678_0045_0017_0041_0041.jpg 1 45 17 41 41
1679_0025_0030_0060_0060.jpg 1 25 30 60 60
1680_0024_0007_0062_0062.jpg 1 24 7 62 62
1681_0017_0025_0047_0047.jpg 1 17 25 47 47
1682_0044_0017_0048_0048.jpg 1 44 17 48 48
1683_0022_0015_0054_0054.jpg 1 22 15 54 54
1684_0008_0033_0041_0041.jpg 1 8 33 41 41
1685_0048_0040_0028_0028.jpg 1 48 40 28 28
1686_0040_0033_0031_0031.jpg 1 40 33 31 31
1687_0005_0028_0066_0066.jpg 1 5 28 66 66
1688_0039_0010_0047_0047.jpg 1 39 10 47 47
1689_0014_0006_0040_0040.jpg 1 14 6 40 40
1690_0032_0033_0051_0051.jpg 1 32 33 51 51
1691_0007_0026_0049_0049.jpg 1 7 26 49 49
1692_0025_0032_0060_0060.jpg 1 25 32 60 60
1693_0046_0012_0044_0044.jpg 1 46 12 44 44
1694_0037_0012_0030_0030.jpg 1 37 12 30 30
1695_0040_0027_0055_0055.jpg 1 40 27 55 55
1696_0026_0035_0054_0054.jpg 1 26 35 54 54
1697_0011_0008_0061_0061.jpg 1 11 8 61 61
1698_0040_0058_0033_0033.jpg 1 40 58 33 33
1699_0008_0010_0037_0037.jpg 1 8 10 37 37
1700_0036_0024_0056_0056.jpg 1 36 24 56 56
1701_0030_0025_0060_0060.jpg 1 30 25 60 60
1702_0037_0020_0032_0032.jpg 1 37 20 32 32
1703_0024_0011_0047_0047.jpg 1 24 11 47 47
1704_0019_0049_0036_0036.jpg 1 19 49 36 36
1705_0030_0033_0033_0033.jpg 1 30 33 33 33
1706_0030_0027_0061_0061.jpg 1 30 27 61 61
1707_0013_0038_0053_0053.jpg 1 13 38 53 53
1708_0034_0030_0056_0056.jpg 1 34 30 56 56
1709_0056_0065_0027_0027.jpg 1 56 65 27 27
1710_0014_0010_0065_0065.jpg 1 14 10 65 65
1711_0010_0051_0031_0031.jpg 1 10 51 31 31
1712_0018_0008_0069_0069.jpg 1 18 8 69 69
1713_0053_0034_0031_0031.jpg 1 53 34 31 31
1714_0023_0020_0052_0052.jpg 1 23 20 52 52
1715_0036_0037_0039_0039.jpg 1 36 37 39 39
1716_0052_0049_0030_0030.jpg 1 52 49 30 30
1717_0008_0007_0043_0043.jpg 1 8 7 43 43
1718_0045_0010_0030_0030.jpg 1 45 10 30 30
1719_0022_0034_0026_0026.jpg 1 22 34 26 26
1720_0015_0007_0046_0046.jpg 1 15 7 46 46
1721_0060_0017_0024_0024.jpg 1 60 17 24 24
1722_0014_0027_0050_0050.jpg 1 14 27 50 50
1723_0026_0063_0028_0028.jpg 1 26 63 28 28
1724_0018_0022_0045_0045.jpg 1 18 22 45 45
1725_0024_0027_0055_0055.jpg 1 24 27 55 55
1726_0016_0005_0068_0068.jpg 1 16 5 68 68
1727_0043_0062_0024_0024.jpg 1 43 62 24 24
1728_0014_0026_0066_0066.jpg 1 14 26 66 66
1729_0052_0038_0035_0035.jpg 1 52 38 35 35
1730_0035_0020_0029_0029.jpg 1 35 20 29 29
1731_0025_0014_0050_0050.jpg 1 25 14 50 50
1732_0044_0020_0042_0042.jpg 1 44 20 42 42
1733_0010_0057_0026_0026.jpg 1 10 57 26 26
1734_0017_0012_0052_0052.jpg 1 17 12 52 52
1735_0055_0047_0026_0026.jpg 1 55 47 26 26
1736_0014_0019_0062_0062.jpg 1 14 19 62 62
1737_0024_0031_0034_0034.jpg 1 24 31 34 34
1738_0030_0045_0046_0046.jpg 1 30 45 46 46
1739_0023_0012_0069_0069.jpg 1 23 12 69 69
1740_0040_0041_0037_0037.jpg 1 40 41 37 37
1741_0060_0010_0024_0024.jpg 1 60 10 24 24
1742_0018_0011_0059_0059.jpg 1 18 11 59 59
1743_0033_0010_0059_0059.jpg 1 33 10 59 59
1744_0015_0030_0025_0025.jpg 1 15 30 25 25
1745_0005_0018_0069_0069.jpg 1 5 18 69 69
1746_0016_0032_0058_0058.jpg 1 16 32 58 58
1747_0031_0046_0037_0037.jpg 1 31 46 37 37
1748_0012_0025_0064_0064.jpg 1 12 25 64 64
1749_0031_0031_0054_0054.jpg 1 31 31 54 54
1750_0020_0016_0063_0063.jpg 1 20 16 63 63
1751_0025_0027_0066_0066.jpg 1 25 27 66 66
1752_0018_0011_0059_0059.jpg 1 18 11 59 59
1753_0020_0006_0059_0059.jpg 1 20 6 59 59
1754_0037_0026_0039_0039.jpg 1 37 26 39 39
1755_0018_0013_0040_0040.jpg 1 18 13 40 40
1756_0029_0029_0067_0067.jpg 1 29 29 67 67
1757_0043_0055_0026_0026.jpg 1 43 55 26 26
1758_0031_0010_0063_0063.jpg 1 31 10 63 63
1759_0033_0020_0057_0057.jpg 1 33 20 57 57
1760_0032_0023_0058_0058.jpg 1 32 23 58 58
1761_0006_0008_0052_0052.jpg 1 6 8 52 52
1762_0027_0033_0047_0047.jpg 1 27 33 47 47
1763_0022_0037_0037_0037.jpg 1 22 37 37 37
1764_0058_0040_0035_0035.jpg 1 58 40 35 35
1765_0005_0038_0050_0050.jpg 1 5 38 50 50
1766_0024_0036_0027_0027.jpg 1 24 36 27 27
1767_0031_0031_0055_0055.jpg 1 31 31 55 55
1768_0014_0011_0049_0049.jpg 1 14 11 49 49
1769_0003_0012_0066_0066.jpg 1 3 12 66 66
1770_0030_0009_0033_0033.jpg 1 30 9 33 33
1771_0011_0011_0051_0051.jpg 1 11 11 51 51
1772_0024_0031_0051_0051.jpg 1 24 31 51 51
1773_0038_0030_0035_0035.jpg 1 38 30 35 35
1774_0050_0054_0028_0028.jpg 1 50 54 28 28
1775_0009_0008_0050_0050.jpg 1 9 8 50 50
1776_0019_0048_0043_0043.jpg 1 19 48 43 43
1777_0013_0013_0046_0046.jpg 1 13 13 46 46
1778_0030_0048_0031_0031.jpg 1 30 48 31 31
1779_0034_0029_0052_0052.jpg 1 34 29 52 52
1780_0037_0058_0034_0034.jpg 1 37 58 34 34
1781_0021_0007_0067_0067.jpg 1 21 7 67 67
1782_0031_0011_0061_0061.jpg 1 31 11 61 61
1783_0049_0039_0045_0045.jpg 1 49 39 45 45
1784_0012_0011_0030_0030.jpg 1 12 11 30 30
1785_0047_0042_0042_0042.jpg 1 47 42 42 42
1786_0040_0036_0036_0036.jpg 1 40 36 36 36
1787_0005_0005_0055_0055.jpg 1 5 5 55 55
1788_0056_0017_0032_0032.jpg 1 56 17 32 32
1789_0031_0016_0045_0045.jpg 1 31 16 45 45
1790_0022_0023_0053_0053.jpg 1 22 23 53 53
1791_0016_0009_0029_0029.jpg 1 16 9 29 29
1792_0030_0024_0041_0041.jpg 1 30 24 41 41
1793_0013_0004_0068_0068.jpg 1 13 4 68 68
1794_0020_0022_0057_0057.jpg 1 20 22 57 57
1795_0023_0007_0068_0068.jpg 1 23 7 68 68
1796_0056_0023_0029_0029.jpg 1 56 23 29 29
1797_0020_0009_0033_0033.jpg 1 20 9 33 33
1798_0023_0012_0062_0062.jpg 1 23 12 62 62
1799_0038_0044_0040_0040.jpg 1 38 44 40 40
1800_0056_0016_0034_0034.jpg 1 56 16 34 34
1801_0010_0006_0061_0061.jpg 1 10 6 61 61
1802_0011_0021_0056_0056.jpg 1 11 21 56 56
1803_0021_0035_0039_0039.jpg 1 21 35 39 39
1804_0010_0038_0040_0040.jpg 1 10 38 40 40
1805_0034_0013_0055_0055.jpg 1 34 13 55 55
1806_0028_0027_0048_0048.jpg 1 28 27 48 48
1807_0010_0025_0060_0060.jpg 1 10 25 60 60
1808_0023_0004_0064_0064.jpg 1 23 4 64 64
1809_0017_0047_0036_0036.jpg 1 17 47 36 36
1810_0016_0008_0067_0067.jpg 1 16 8 67 67
1811_0004_0009_0065_0065.jpg 1 4 9 65 65
1812_0005_0036_0058_0058.jpg 1 5 36 58 58
1813_0005_0041_0053_0053.jpg 1 5 41 53 53
1814_0007_0005_0050_0050.jpg 1 7 5 50 50
1815_0021_0023_0060_0060.jpg 1 21 23 60 60
1816_0055_0060_0027_0027.jpg 1 55 60 27 27
1817_0057_0025_0025_0025.jpg 1 57 25 25 25
1818_0016_0021_0059_0059.jpg 1 16 21 59 59
1819_0023_0015_0064_0064.jpg 1 23 15 64 64
1820_0046_0037_0027_0027.jpg 1 46 37 27 27
1821_0031_0029_0057_0057.jpg 1 31 29 57 57
1822_0034_0048_0024_0024.jpg 1 34 48 24 24
1823_0035_0012_0050_0050.jpg 1 35 12 50 50
1824_0009_0028_0064_0064.jpg 1 9 28 64 64
1825_0027_0010_0069_0069.jpg 1 27 10 69 69
1826_0030_0023_0062_0062.jpg 1 30 23 62 62
1827_0007_0040_0045_0045.jpg 1 7 40 45 45
1828_0013_0015_0047_0047.jpg 1 13 15 47 47
1829_0023_0027_0067_0067.jpg 1 23 27 67 67
1830_0028_0021_0025_0025.jpg 1 28 21 25 25
1831_0021_0024_0060_0060.jpg 1 21 24 60 60
1832_0036_0010_0055_0055.jpg 1 36 10 55 55
1833_0010_0017_0057_0057.jpg 1 10 17 57 57
1834_0006_0028_0051_0051.jpg 1 6 28 51 51
1835_0041_0010_0036_0036.jpg 1 41 10 36 36
1836_0048_0016_0040_0040.jpg 1 48 16 40 40
1837_0044_0032_0038_0038.jpg 1 44 32 38 38
1838_0041_0006_0047_0047.jpg 1 41 6 47 47
1839_0008_0021_0040_0040.jpg 1 8 21 40 40
1840_0017_0018_0044_0044.jpg 1 17 18 44 44
1841_0019_0030_0058_0058.jpg 1 19 30 58 58
1842_0051_0007_0032_0032.jpg 1 51 7 32 32
1843_0034_0014_0025_0025.jpg 1 34 14 25 25
1844_0037_0019_0040_0040.jpg 1 37 19 40 40
1845_0036_0027_0027_0027.jpg 1 36 27 27 27
1846_0043_0034_0037_0037.jpg 1 43 34 37 37
1847_0005_0007_0055_0055.jpg 1 5 7 55 55
1848_0041_0016_0030_0030.jpg 1 41 16 30 30
1849_0032_0026_0034_0034.jpg 1 32 26 34 34
1850_0028_0023_0068_0068.jpg 1 28 23 68 68
1851_0029_0060_0028_0028.jpg 1 29 60 28 28
1852_0036_0043_0033_0033.jpg 1 36 43 33 33
1853_0026_0011_0029_0029.jpg 1 26 11 29 29
1854_0041_0024_0053_0053.jpg 1 41 24 53 53
1855_0033_0037_0043_0043.jpg 1 33 37 43 43
1856_0026_0042_0045_0045.jpg 1 26 42 45 45
1857_0033_0017_0042_0042.jpg 1 33 17 42 42
1858_0012_0018_0060_0060.jpg 1 12 18 60 60
1859_0029_0028_0057_0057.jpg 1 29 28 57 57
1860_0054_0037_0032_0032.jpg 1 54 37 32 32
1861_0021_0044_0029_0029.jpg 1 21 44 29 29
1862_0018_0024_0060_0060.jpg 1 18 24 60 60
1863_0021_0046_0031_0031.jpg 1 21 46 31 31
1864_0027_0036_0052_0052.jpg 1 27 36 52 52
1865_0049_0033_0029_0029.jpg 1 49 33 29 29
1866_0049_0017_0025_0025.jpg 1 49 17 25 25
1867_0019_0008_0068_0068.jpg 1 19 8 68 68
1868_0032_0026_0058_0058.jpg 1 32 26 58 58
1869_0010_0038_0037_0037.jpg 1 10 38 37 37
1870_0022_0033_0062_0062.jpg 1 22 33 62 62
1871_0061_0055_0030_0030.jpg 1 61 55 30 30
1872_0011_0023_0064_0064.jpg 1 11 23 64 64
1873_0045_0007_0043_0043.jpg 1 45 7 43 43
1874_0023_0026_0037_0037.jpg 1 23 26 37 37
1875_0023_0037_0031_0031.jpg 1 23 37 31 31
1876_0053_0055_0030_0030.jpg 1 53 55 30 30
1877_0009_0033_0054_0054.jpg 1 9 33 54 54
1878_0010_0036_0059_0059.jpg 1 10 36 59 59
1879_0007_0043_0035_0035.jpg 1 7 43 35 35
1880_0028_0012_0033_0033.jpg 1 28 12 33 33
1881_0006_0028_0068_0068.jpg 1 6 28 68 68
1882_0011_0034_0058_0058.jpg 1 11 34 58 58
1883_0032_0026_0051_0051.jpg 1 32 26 51 51
1884_0006_0035_0040_0040.jpg 1 6 35 40 40
1885_0032_0016_0043_0043.jpg 1 32 16 43 43
1886_0024_0031_0040_0040.jpg 1 24 31 40 40
1887_0025_0011_0068_0068.jpg 1 25 11 68 68
1888_0011_0027_0055_0055.jpg 1 11 27 55 55
1889_0042_0017_0050_0050.jpg 1 42 17 50 50
1890_0006_0014_0068_0068.jpg 1 6 14 68 68
1891_0053_0026_0038_0038.jpg 1 53 26 38 38
1892_0022_0031_0061_0061.jpg 1 22 31 61 61
1893_0019_0023_0063_0063.jpg 1 19 23 63 63
1894_0016_0007_0069_0069.jpg 1 16 7 69 69
1895_0017_0005_0047_0047.jpg 1 17 5 47 47
1896_0041_0013_0040_0040.jpg 1 41 13 40 40
1897_0012_0016_0065_0065.jpg 1 12 16 65 65
1898_0009_0031_0054_0054.jpg 1 9 31 54 54
1899_0005_0013_0052_0052.jpg 1 5 13 52 52
1900_0061_0035_0029_0029.jpg 1 61 35 29 29
1901_0026_0025_0068_0068.jpg 1 26 25 68 68
1902_0018_0005_0068_0068.jpg 1 18 5 68 68
1903_0042_0018_0037_0037.jpg 1 42 18 37 37
1904_0017_0020_0044_0044.jpg 1 17 20 44 44
1905_0048_0013_0031_0031.jpg 1 48 13 31 31
1906_0017_0045_0047_0047.jpg 1 17 45 47 47
1907_0019_0019_0038_0038.jpg 1 19 19 38 38
1908_0013_0035_0056_0056.jpg 1 13 35 56 56
1909_0009_0052_0028_0028.jpg 1 9 52 28 28
1910_0037_0034_0053_0053.jpg 1 37 34 53 53
1911_0023_0016_0056_0056.jpg 1 23 16 56 56
1912_0035_0039_0048_0048.jpg 1 35 39 48 48
1913_0041_0034_0032_0032.jpg 1 41 34 32 32
1914_0027_0032_0031_0031.jpg 1 27 32 31 31
1915_0011_0014_0040_0040.jpg 1 11 14 40 40
1916_0020_0013_0069_0069.jpg 1 20 13 69 69
1917_0013_0013_0063_0063.jpg 1 13 13 63 63
1918_0019_0020_0060_0060.jpg 1 19 20 60 60
1919_0029_0029_0065_0065.jpg 1 29 29 65 65
1920_0023_0027_0025_0025.jpg 1 23 27 25 25
1921_0023_0039_0032_0032.jpg 1 23 39 32 32
1922_0030_0045_0044_0044.jpg 1 30 45 44 44
1923_0040_0008_0054_0054.jpg 1 40 8 54 54
1924_0031_0011_0039_0039.jpg 1 31 11 39 39
1925_0036_0009_0056_0056.jpg 1 36 9 56 56
1926_0029_0023_0046_0046.jpg 1 29 23 46 46
1927_0013_0011_0038_0038.jpg 1 13 11 38 38
1928_0025_0043_0047_0047.jpg 1 25 43 47 47
1929_0027_0022_0068_0068.jpg 1 27 22 68 68
1930_0046_0029_0043_0043.jpg 1 46 29 43 43
1931_0027_0014_0028_0028.jpg 1 27 14 28 28
1932_0050_0011_0028_0028.jpg 1 50 11 28 28
1933_0052_0061_0029_0029.jpg 1 52 61 29 29
1934_0046_0011_0034_0034.jpg 1 46 11 34 34
1935_0049_0047_0031_0031.jpg 1 49 47 31 31
1936_0015_0025_0061_0061.jpg 1 15 25 61 61
1937_0019_0014_0066_0066.jpg 1 19 14 66 66
1938_0025_0016_0043_0043.jpg 1 25 16 43 43
1939_0009_0024_0069_0069.jpg 1 9 24 69 69
1940_0029_0006_0060_0060.jpg 1 29 6 60 60
1941_0039_0009_0046_0046.jpg 1 39 9 46 46
1942_0011_0009_0064_0064.jpg 1 11 9 64 64
1943_0051_0025_0030_0030.jpg 1 51 25 30 30
1944_0038_0042_0046_0046.jpg 1 38 42 46 46
1945_0006_0021_0038_0038.jpg 1 6 21 38 38
1946_0063_0054_0025_0025.jpg 1 63 54 25 25
1947_0031_0027_0054_0054.jpg 1 31 27 54 54
1948_0052_0053_0040_0040.jpg 1 52 53 40 40
1949_0011_0016_0066_0066.jpg 1 11 16 66 66
1950_0049_0018_0037_0037.jpg 1 49 18 37 37
