0001_0020_0030_0054_0054.jpg 1 20 30 54 54
0002_0055_0052_0033_0033.jpg 1 55 52 33 33
0003_0024_0021_0065_0065.jpg 1 24 21 65 65
0004_0045_0043_0029_0029.jpg 1 45 43 29 29
0005_0065_0062_0026_0026.jpg 1 65 62 26 26
0006_0031_0052_0030_0030.jpg 1 31 52 30 30
0007_0020_0034_0060_0060.jpg 1 20 34 60 60
0008_0007_0030_0048_0048.jpg 1 7 30 48 48
0009_0022_0025_0063_0063.jpg 1 22 25 63 63
0010_0024_0019_0060_0060.jpg 1 24 19 60 60
0011_0008_0017_0031_0031.jpg 1 8 17 31 31
0012_0050_0034_0042_0042.jpg 1 50 34 42 42
0013_0041_0016_0036_0036.jpg 1 41 16 36 36
0014_0052_0047_0039_0039.jpg 1 52 47 39 39
0015_0007_0010_0027_0027.jpg 1 7 10 27 27
0016_0057_0034_0028_0028.jpg 1 57 34 28 28
0017_0027_0031_0038_0038.jpg 1 27 31 38 38
0018_0007_0010_0045_0045.jpg 1 7 10 45 45
0019_0028_0018_0056_0056.jpg 1 28 18 56 56
0020_0032_0020_0044_0044.jpg 1 32 20 44 44
0021_0031_0029_0059_0059.jpg 1 31 29 59 59
0022_0020_0025_0065_0065.jpg 1 20 25 65 65
0023_0032_0037_0049_0049.jpg 1 32 37 49 49
0024_0016_0033_0060_0060.jpg 1 16 33 60 60
0025_0011_0034_0040_0040.jpg 1 11 34 40 40
0026_0050_0058_0031_0031.jpg 1 50 58 31 31
0027_0005_0023_0065_0065.jpg 1 5 23 65 65
0028_0025_0004_0059_0059.jpg 1 25 4 59 59
0029_0012_0027_0042_0042.jpg 1 12 27 42 42
0030_0005_0026_0069_0069.jpg 1 5 26 69 69
0031_0032_0013_0053_0053.jpg 1 32 13 53 53
0032_0026_0045_0037_0037.jpg 1 26 45 37 37
0033_0011_0025_0060_0060.jpg 1 11 25 60 60
0034_0027_0041_0033_0033.jpg 1 27 41 33 33
0035_0034_0043_0034_0034.jpg 1 34 43 34 34
0036_0017_0042_0052_0052.jpg 1 17 42 52 52
0037_0016_0012_0052_0052.jpg 1 16 12 52 52
0038_0019_0014_0045_0045.jpg 1 19 14 45 45
0039_0060_0065_0027_0027.jpg 1 60 65 27 27
0040_0030_0011_0055_0055.jpg 1 30 11 55 55
0041_0031_0038_0043_0043.jpg 1 31 38 43 43
0042_0013_0019_0025_0025.jpg 1 13 19 25 25
0043_0009_0025_0054_0054.jpg 1 9 25 54 54
0044_0032_0006_0047_0047.jpg 1 32 6 47 47
0045_0012_0019_0056_0056.jpg 1 12 19 56 56
0046_0036_0018_0039_0039.jpg 1 36 18 39 39
0047_0019_0047_0035_0035.jpg 1 19 47 35 35
0048_0042_0039_0050_0050.jpg 1 42 39 50 50
0049_0037_0035_0026_0026.jpg 1 37 35 26 26
0050_0022_0037_0048_0048.jpg 1 22 37 48 48
0051_0010_0044_0045_0045.jpg 1 10 44 45 45
0052_0059_0021_0024_0024.jpg 1 59 21 24 24
0053_0027_0014_0065_0065.jpg 1 27 14 65 65
0054_0056_0021_0030_0030.jpg 1 56 21 30 30
0055_0031_0042_0034_0034.jpg 1 31 42 34 34
0056_0009_0038_0030_0030.jpg 1 9 38 30 30
0057_0026_0006_0041_0041.jpg 1 26 6 41 41
0058_0043_0043_0026_0026.jpg 1 43 43 26 26
0059_0007_0033_0043_0043.jpg 1 7 33 43 43
0060_0008_0020_0054_0054.jpg 1 8 20 54 54
0061_0018_0027_0065_0065.jpg 1 18 27 65 65
0062_0008_0036_0048_0048.jpg 1 8 36 48 48
0063_0009_0043_0026_0026.jpg 1 9 43 26 26
0064_0014_0046_0027_0027.jpg 1 14 46 27 27
0065_0029_0009_0060_0060.jpg 1 29 9 60 60
0066_0033_0035_0058_0058.jpg 1 33 35 58 58
0067_0014_0018_0062_0062.jpg 1 14 18 62 62
0068_0019_0023_0026_0026.jpg 1 19 23 26 26
0069_0047_0043_0038_0038.jpg 1 47 43 38 38
0070_0042_0050_0030_0030.jpg 1 42 50 30 30
0071_0038_0067_0024_0024.jpg 1 38 67 24 24
0072_0043_0027_0027_0027.jpg 1 43 27 27 27
0073_0042_0030_0037_0037.jpg 1 42 30 37 37
0074_0012_0029_0028_0028.jpg 1 12 29 28 28
0075_0037_0007_0034_0034.jpg 1 37 7 34 34
0076_0027_0013_0062_0062.jpg 1 27 13 62 62
0077_0003_0020_0069_0069.jpg 1 3 20 69 69
0078_0025_0046_0033_0033.jpg 1 25 46 33 33
0079_0007_0006_0046_0046.jpg 1 7 6 46 46
0080_0029_0006_0066_0066.jpg 1 29 6 66 66
0081_0032_0024_0033_0033.jpg 1 32 24 33 33
0082_0048_0047_0041_0041.jpg 1 48 47 41 41
0083_0023_0022_0035_0035.jpg 1 23 22 35 35
0084_0010_0024_0056_0056.jpg 1 10 24 56 56
0085_0007_0016_0057_0057.jpg 1 7 16 57 57
0086_0025_0015_0066_0066.jpg 1 25 15 66 66
0087_0020_0056_0035_0035.jpg 1 20 56 35 35
0088_0021_0022_0053_0053.jpg 1 21 22 53 53
0089_0043_0042_0036_0036.jpg 1 43 42 36 36
0090_0005_0022_0060_0060.jpg 1 5 22 60 60
0091_0041_0038_0052_0052.jpg 1 41 38 52 52
0092_0022_0013_0054_0054.jpg 1 22 13 54 54
0093_0023_0022_0050_0050.jpg 1 23 22 50 50
0094_0020_0008_0053_0053.jpg 1 20 8 53 53
0095_0036_0017_0043_0043.jpg 1 36 17 43 43
0096_0003_0007_0066_0066.jpg 1 3 7 66 66
0097_0017_0012_0046_0046.jpg 1 17 12 46 46
0098_0012_0019_0067_0067.jpg 1 12 19 67 67
0099_0030_0025_0030_0030.jpg 1 30 25 30 30
0100_0024_0029_0066_0066.jpg 1 24 29 66 66
0101_0050_0048_0037_0037.jpg 1 50 48 37 37
0102_0027_0026_0053_0053.jpg 1 27 26 53 53
0103_0013_0024_0061_0061.jpg 1 13 24 61 61
0104_0019_0014_0060_0060.jpg 1 19 14 60 60
0105_0035_0031_0060_0060.jpg 1 35 31 60 60
0106_0054_0053_0030_0030.jpg 1 54 53 30 30
0107_0043_0017_0050_0050.jpg 1 43 17 50 50
0108_0049_0024_0035_0035.jpg 1 49 24 35 35
0109_0016_0015_0054_0054.jpg 1 16 15 54 54
0110_0017_0032_0026_0026.jpg 1 17 32 26 26
0111_0007_0034_0058_0058.jpg 1 7 34 58 58
0112_0015_0027_0058_0058.jpg 1 15 27 58 58
0113_0037_0043_0045_0045.jpg 1 37 43 45 45
0114_0020_0022_0041_0041.jpg 1 20 22 41 41
0115_0010_0012_0025_0025.jpg 1 10 12 25 25
0116_0032_0032_0052_0052.jpg 1 32 32 52 52
0117_0019_0055_0026_0026.jpg 1 19 55 26 26
0118_0009_0037_0050_0050.jpg 1 9 37 50 50
0119_0032_0014_0058_0058.jpg 1 32 14 58 58
0120_0014_0021_0058_0058.jpg 1 14 21 58 58
0121_0017_0048_0044_0044.jpg 1 17 48 44 44
0122_0012_0027_0067_0067.jpg 1 12 27 67 67
0123_0010_0031_0059_0059.jpg 1 10 31 59 59
0124_0018_0025_0052_0052.jpg 1 18 25 52 52
0125_0030_0042_0050_0050.jpg 1 30 42 50 50
0126_0035_0017_0046_0046.jpg 1 35 17 46 46
0127_0036_0022_0049_0049.jpg 1 36 22 49 49
0128_0055_0010_0032_0032.jpg 1 55 10 32 32
0129_0025_0008_0026_0026.jpg 1 25 8 26 26
0130_0004_0031_0063_0063.jpg 1 4 31 63 63
0131_0006_0037_0043_0043.jpg 1 6 37 43 43
0132_0009_0009_0063_0063.jpg 1 9 9 63 63
0133_0045_0066_0024_0024.jpg 1 45 66 24 24
0134_0063_0060_0028_0028.jpg 1 63 60 28 28
0135_0031_0006_0048_0048.jpg 1 31 6 48 48
0136_0021_0010_0066_0066.jpg 1 21 10 66 66
0137_0009_0029_0042_0042.jpg 1 9 29 42 42
0138_0041_0015_0048_0048.jpg 1 41 15 48 48
0139_0027_0020_0055_0055.jpg 1 27 20 55 55
0140_0011_0038_0027_0027.jpg 1 11 38 27 27
0141_0025_0004_0067_0067.jpg 1 25 4 67 67
0142_0034_0043_0044_0044.jpg 1 34 43 44 44
0143_0015_0025_0063_0063.jpg 1 15 25 63 63
0144_0009_0035_0059_0059.jpg 1 9 35 59 59
0145_0031_0018_0054_0054.jpg 1 31 18 54 54
0146_0014_0015_0044_0044.jpg 1 14 15 44 44
0147_0006_0024_0056_0056.jpg 1 6 24 56 56
0148_0027_0017_0065_0065.jpg 1 27 17 65 65
0149_0052_0015_0035_0035.jpg 1 52 15 35 35
0150_0017_0038_0044_0044.jpg 1 17 38 44 44
0151_0013_0029_0061_0061.jpg 1 13 29 61 61
0152_0054_0051_0035_0035.jpg 1 54 51 35 35
0153_0032_0013_0045_0045.jpg 1 32 13 45 45
0154_0004_0004_0067_0067.jpg 1 4 4 67 67
0155_0037_0006_0045_0045.jpg 1 37 6 45 45
0156_0010_0029_0067_0067.jpg 1 10 29 67 67
0157_0009_0033_0041_0041.jpg 1 9 33 41 41
0158_0027_0009_0068_0068.jpg 1 27 9 68 68
0159_0017_0014_0032_0032.jpg 1 17 14 32 32
0160_0011_0027_0061_0061.jpg 1 11 27 61 61
0161_0051_0014_0025_0025.jpg 1 51 14 25 25
0162_0008_0020_0053_0053.jpg 1 8 20 53 53
0163_0049_0021_0035_0035.jpg 1 49 21 35 35
0164_0023_0013_0060_0060.jpg 1 23 13 60 60
0165_0046_0033_0025_0025.jpg 1 46 33 25 25
0166_0044_0046_0041_0041.jpg 1 44 46 41 41
0167_0020_0028_0049_0049.jpg 1 20 28 49 49
0168_0033_0039_0053_0053.jpg 1 33 39 53 53
0169_0019_0041_0038_0038.jpg 1 19 41 38 38
0170_0027_0047_0047_0047.jpg 1 27 47 47 47
0171_0025_0006_0060_0060.jpg 1 25 6 60 60
0172_0057_0055_0035_0035.jpg 1 57 55 35 35
0173_0031_0005_0053_0053.jpg 1 31 5 53 53
0174_0019_0009_0044_0044.jpg 1 19 9 44 44
0175_0019_0023_0050_0050.jpg 1 19 23 50 50
0176_0039_0032_0040_0040.jpg 1 39 32 40 40
0177_0043_0040_0049_0049.jpg 1 43 40 49 49
0178_0015_0040_0050_0050.jpg 1 15 40 50 50
0179_0010_0045_0044_0044.jpg 1 10 45 44 44
0180_0015_0036_0050_0050.jpg 1 15 36 50 50
0181_0006_0009_0069_0069.jpg 1 6 9 69 69
0182_0011_0026_0056_0056.jpg 1 11 26 56 56
0183_0030_0037_0040_0040.jpg 1 30 37 40 40
0184_0034_0010_0053_0053.jpg 1 34 10 53 53
0185_0020_0030_0055_0055.jpg 1 20 30 55 55
0186_0054_0042_0035_0035.jpg 1 54 42 35 35
0187_0032_0048_0044_0044.jpg 1 32 48 44 44
0188_0019_0020_0024_0024.jpg 1 19 20 24 24
0189_0027_0018_0035_0035.jpg 1 27 18 35 35
0190_0010_0014_0053_0053.jpg 1 10 14 53 53
0191_0029_0053_0031_0031.jpg 1 29 53 31 31
0192_0032_0024_0055_0055.jpg 1 32 24 55 55
0193_0010_0042_0050_0050.jpg 1 10 42 50 50
0194_0050_0053_0032_0032.jpg 1 50 53 32 32
0195_0022_0015_0059_0059.jpg 1 22 15 59 59
0196_0033_0020_0058_0058.jpg 1 33 20 58 58
0197_0035_0011_0037_0037.jpg 1 35 11 37 37
0198_0011_0022_0060_0060.jpg 1 11 22 60 60
0199_0018_0013_0065_0065.jpg 1 18 13 65 65
0200_0013_0018_0047_0047.jpg 1 13 18 47 47
0201_0014_0058_0035_0035.jpg 1 14 58 35 35
0202_0022_0031_0059_0059.jpg 1 22 31 59 59
0203_0012_0004_0066_0066.jpg 1 12 4 66 66
0204_0015_0051_0038_0038.jpg 1 15 51 38 38
0205_0025_0045_0030_0030.jpg 1 25 45 30 30
0206_0023_0005_0067_0067.jpg 1 23 5 67 67
0207_0030_0032_0038_0038.jpg 1 30 32 38 38
0208_0018_0043_0032_0032.jpg 1 18 43 32 32
0209_0055_0031_0037_0037.jpg 1 55 31 37 37
0210_0025_0023_0057_0057.jpg 1 25 23 57 57
0211_0038_0035_0034_0034.jpg 1 38 35 34 34
0212_0021_0027_0037_0037.jpg 1 21 27 37 37
0213_0018_0029_0052_0052.jpg 1 18 29 52 52
0214_0025_0021_0067_0067.jpg 1 25 21 67 67
0215_0035_0018_0041_0041.jpg 1 35 18 41 41
0216_0017_0035_0055_0055.jpg 1 17 35 55 55
0217_0020_0040_0027_0027.jpg 1 20 40 27 27
0218_0054_0015_0035_0035.jpg 1 54 15 35 35
0219_0036_0024_0037_0037.jpg 1 36 24 37 37
0220_0007_0038_0027_0027.jpg 1 7 38 27 27
0221_0042_0011_0046_0046.jpg 1 42 11 46 46
0222_0020_0049_0043_0043.jpg 1 20 49 43 43
0223_0026_0026_0058_0058.jpg 1 26 26 58 58
0224_0064_0061_0025_0025.jpg 1 64 61 25 25
0225_0014_0016_0025_0025.jpg 1 14 16 25 25
0226_0019_0006_0061_0061.jpg 1 19 6 61 61
0227_0007_0017_0067_0067.jpg 1 7 17 67 67
0228_0028_0023_0056_0056.jpg 1 28 23 56 56
0229_0025_0042_0051_0051.jpg 1 25 42 51 51
0230_0030_0020_0064_0064.jpg 1 30 20 64 64
0231_0026_0030_0059_0059.jpg 1 26 30 59 59
0232_0044_0014_0041_0041.jpg 1 44 14 41 41
0233_0040_0009_0053_0053.jpg 1 40 9 53 53
0234_0008_0041_0025_0025.jpg 1 8 41 25 25
0235_0022_0010_0054_0054.jpg 1 22 10 54 54
0236_0029_0014_0048_0048.jpg 1 29 14 48 48
0237_0027_0029_0061_0061.jpg 1 27 29 61 61
0238_0023_0055_0026_0026.jpg 1 23 55 26 26
0239_0038_0014_0047_0047.jpg 1 38 14 47 47
0240_0011_0036_0056_0056.jpg 1 11 36 56 56
0241_0045_0029_0025_0025.jpg 1 45 29 25 25
0242_0043_0034_0048_0048.jpg 1 43 34 48 48
0243_0026_0004_0065_0065.jpg 1 26 4 65 65
0244_0013_0025_0066_0066.jpg 1 13 25 66 66
0245_0010_0035_0040_0040.jpg 1 10 35 40 40
0246_0046_0050_0034_0034.jpg 1 46 50 34 34
0247_0017_0014_0033_0033.jpg 1 17 14 33 33
0248_0021_0039_0039_0039.jpg 1 21 39 39 39
0249_0050_0007_0041_0041.jpg 1 50 7 41 41
0250_0009_0035_0033_0033.jpg 1 9 35 33 33
0251_0015_0060_0025_0025.jpg 1 15 60 25 25
0252_0048_0051_0037_0037.jpg 1 48 51 37 37
0253_0007_0012_0058_0058.jpg 1 7 12 58 58
0254_0025_0004_0067_0067.jpg 1 25 4 67 67
0255_0012_0012_0032_0032.jpg 1 12 12 32 32
0256_0011_0018_0058_0058.jpg 1 11 18 58 58
0257_0053_0011_0034_0034.jpg 1 53 11 34 34
0258_0051_0030_0035_0035.jpg 1 51 30 35 35
0259_0023_0021_0066_0066.jpg 1 23 21 66 66
0260_0043_0012_0035_0035.jpg 1 43 12 35 35
0261_0024_0008_0062_0062.jpg 1 24 8 62 62
0262_0024_0043_0047_0047.jpg 1 24 43 47 47
0263_0038_0046_0026_0026.jpg 1 38 46 26 26
0264_0033_0023_0028_0028.jpg 1 33 23 28 28
0265_0010_0028_0054_0054.jpg 1 10 28 54 54
0266_0035_0038_0047_0047.jpg 1 35 38 47 47
0267_0021_0037_0041_0041.jpg 1 21 37 41 41
0268_0028_0037_0054_0054.jpg 1 28 37 54 54
0269_0019_0031_0053_0053.jpg 1 19 31 53 53
0270_0011_0010_0034_0034.jpg 1 11 10 34 34
0271_0027_0014_0034_0034.jpg 1 27 14 34 34
0272_0042_0015_0041_0041.jpg 1 42 15 41 41
0273_0029_0022_0063_0063.jpg 1 29 22 63 63
0274_0028_0017_0042_0042.jpg 1 28 17 42 42
0275_0022_0030_0063_0063.jpg 1 22 30 63 63
0276_0011_0046_0030_0030.jpg 1 11 46 30 30
0277_0007_0029_0056_0056.jpg 1 7 29 56 56
0278_0008_0006_0034_0034.jpg 1 8 6 34 34
0279_0012_0010_0060_0060.jpg 1 12 10 60 60
0280_0043_0019_0048_0048.jpg 1 43 19 48 48
0281_0034_0015_0040_0040.jpg 1 34 15 40 40
0282_0028_0036_0055_0055.jpg 1 28 36 55 55
0283_0016_0016_0060_0060.jpg 1 16 16 60 60
0284_0016_0008_0038_0038.jpg 1 16 8 38 38
0285_0025_0028_0063_0063.jpg 1 25 28 63 63
0286_0014_0016_0052_0052.jpg 1 14 16 52 52
0287_0021_0041_0047_0047.jpg 1 21 41 47 47
0288_0022_0046_0027_0027.jpg 1 22 46 27 27
0289_0034_0024_0043_0043.jpg 1 34 24 43 43
0290_0015_0022_0056_0056.jpg 1 15 22 56 56
0291_0010_0015_0054_0054.jpg 1 10 15 54 54
0292_0014_0018_0054_0054.jpg 1 14 18 54 54
0293_0019_0052_0035_0035.jpg 1 19 52 35 35
0294_0031_0027_0062_0062.jpg 1 31 27 62 62
0295_0037_0048_0039_0039.jpg 1 37 48 39 39
0296_0009_0005_0055_0055.jpg 1 9 5 55 55
0297_0008_0026_0045_0045.jpg 1 8 26 45 45
0298_0024_0033_0044_0044.jpg 1 24 33 44 44
0299_0044_0012_0048_0048.jpg 1 44 12 48 48
0300_0016_0021_0038_0038.jpg 1 16 21 38 38
0301_0038_0029_0044_0044.jpg 1 38 29 44 44
0302_0011_0019_0064_0064.jpg 1 11 19 64 64
0303_0029_0011_0035_0035.jpg 1 29 11 35 35
0304_0010_0028_0051_0051.jpg 1 10 28 51 51
0305_0008_0005_0051_0051.jpg 1 8 5 51 51
0306_0007_0004_0067_0067.jpg 1 7 4 67 67
0307_0044_0008_0035_0035.jpg 1 44 8 35 35
0308_0047_0035_0026_0026.jpg 1 47 35 26 26
0309_0012_0039_0039_0039.jpg 1 12 39 39 39
0310_0028_0016_0026_0026.jpg 1 28 16 26 26
0311_0010_0004_0063_0063.jpg 1 10 4 63 63
0312_0025_0039_0048_0048.jpg 1 25 39 48 48
0313_0023_0032_0035_0035.jpg 1 23 32 35 35
0314_0021_0014_0041_0041.jpg 1 21 14 41 41
0315_0040_0021_0050_0050.jpg 1 40 21 50 50
0316_0017_0008_0060_0060.jpg 1 17 8 60 60
0317_0024_0033_0046_0046.jpg 1 24 33 46 46
0318_0016_0005_0059_0059.jpg 1 16 5 59 59
0319_0037_0012_0045_0045.jpg 1 37 12 45 45
0320_0036_0035_0059_0059.jpg 1 36 35 59 59
0321_0026_0006_0062_0062.jpg 1 26 6 62 62
0322_0012_0021_0065_0065.jpg 1 12 21 65 65
0323_0027_0013_0069_0069.jpg 1 27 13 69 69
0324_0035_0014_0052_0052.jpg 1 35 14 52 52
0325_0016_0017_0065_0065.jpg 1 16 17 65 65
0326_0012_0032_0056_0056.jpg 1 12 32 56 56
0327_0045_0013_0034_0034.jpg 1 45 13 34 34
0328_0028_0016_0056_0056.jpg 1 28 16 56 56
0329_0029_0021_0059_0059.jpg 1 29 21 59 59
0330_0033_0020_0062_0062.jpg 1 33 20 62 62
0331_0025_0006_0036_0036.jpg 1 25 6 36 36
0332_0008_0010_0050_0050.jpg 1 8 10 50 50
0333_0040_0043_0047_0047.jpg 1 40 43 47 47
0334_0025_0005_0054_0054.jpg 1 25 5 54 54
0335_0005_0008_0052_0052.jpg 1 5 8 52 52
0336_0031_0018_0026_0026.jpg 1 31 18 26 26
0337_0028_0028_0059_0059.jpg 1 28 28 59 59
0338_0021_0013_0069_0069.jpg 1 21 13 69 69
0339_0035_0059_0028_0028.jpg 1 35 59 28 28
0340_0032_0019_0049_0049.jpg 1 32 19 49 49
0341_0015_0011_0062_0062.jpg 1 15 11 62 62
0342_0016_0017_0052_0052.jpg 1 16 17 52 52
0343_0048_0007_0027_0027.jpg 1 48 7 27 27
0344_0009_0025_0069_0069.jpg 1 9 25 69 69
0345_0035_0016_0038_0038.jpg 1 35 16 38 38
0346_0048_0031_0032_0032.jpg 1 48 31 32 32
0347_0046_0028_0047_0047.jpg 1 46 28 47 47
0348_0009_0015_0067_0067.jpg 1 9 15 67 67
0349_0040_0021_0033_0033.jpg 1 40 21 33 33
0350_0041_0037_0053_0053.jpg 1 41 37 53 53
0351_0008_0028_0059_0059.jpg 1 8 28 59 59
0352_0039_0006_0038_0038.jpg 1 39 6 38 38
0353_0024_0033_0052_0052.jpg 1 24 33 52 52
0354_0010_0042_0052_0052.jpg 1 10 42 52 52
0355_0025_0013_0031_0031.jpg 1 25 13 31 31
0356_0020_0012_0055_0055.jpg 1 20 12 55 55
0357_0031_0013_0049_0049.jpg 1 31 13 49 49
0358_0051_0019_0034_0034.jpg 1 51 19 34 34
0359_0041_0010_0035_0035.jpg 1 41 10 35 35
0360_0036_0026_0050_0050.jpg 1 36 26 50 50
0361_0016_0051_0033_0033.jpg 1 16 51 33 33
0362_0012_0024_0060_0060.jpg 1 12 24 60 60
0363_0026_0005_0055_0055.jpg 1 26 5 55 55
0364_0017_0029_0057_0057.jpg 1 17 29 57 57
0365_0046_0046_0042_0042.jpg 1 46 46 42 42
0366_0054_0022_0026_0026.jpg 1 54 22 26 26
0367_0034_0020_0052_0052.jpg 1 34 20 52 52
0368_0036_0010_0048_0048.jpg 1 36 10 48 48
0369_0011_0035_0047_0047.jpg 1 11 35 47 47
0370_0034_0028_0047_0047.jpg 1 34 28 47 47
0371_0010_0027_0057_0057.jpg 1 10 27 57 57
0372_0014_0015_0062_0062.jpg 1 14 15 62 62
0373_0024_0042_0046_0046.jpg 1 24 42 46 46
0374_0008_0030_0062_0062.jpg 1 8 30 62 62
0375_0007_0040_0052_0052.jpg 1 7 40 52 52
0376_0024_0014_0065_0065.jpg 1 24 14 65 65
0377_0056_0008_0036_0036.jpg 1 56 8 36 36
0378_0040_0029_0049_0049.jpg 1 40 29 49 49
0379_0017_0013_0035_0035.jpg 1 17 13 35 35
0380_0023_0006_0037_0037.jpg 1 23 6 37 37
0381_0034_0028_0032_0032.jpg 1 34 28 32 32
0382_0007_0020_0069_0069.jpg 1 7 20 69 69
0383_0040_0025_0047_0047.jpg 1 40 25 47 47
0384_0015_0018_0067_0067.jpg 1 15 18 67 67
0385_0029_0034_0025_0025.jpg 1 29 34 25 25
0386_0011_0038_0050_0050.jpg 1 11 38 50 50
0387_0015_0009_0064_0064.jpg 1 15 9 64 64
0388_0007_0013_0034_0034.jpg 1 7 13 34 34
0389_0043_0063_0026_0026.jpg 1 43 63 26 26
0390_0028_0013_0052_0052.jpg 1 28 13 52 52
0391_0013_0004_0067_0067.jpg 1 13 4 67 67
0392_0046_0052_0033_0033.jpg 1 46 52 33 33
0393_0026_0019_0067_0067.jpg 1 26 19 67 67
0394_0062_0009_0030_0030.jpg 1 62 9 30 30
0395_0028_0036_0054_0054.jpg 1 28 36 54 54
0396_0027_0033_0028_0028.jpg 1 27 33 28 28
0397_0031_0022_0062_0062.jpg 1 31 22 62 62
0398_0012_0013_0059_0059.jpg 1 12 13 59 59
0399_0023_0024_0063_0063.jpg 1 23 24 63 63
0400_0032_0011_0063_0063.jpg 1 32 11 63 63
0401_0021_0029_0024_0024.jpg 1 21 29 24 24
0402_0027_0042_0038_0038.jpg 1 27 42 38 38
0403_0027_0013_0055_0055.jpg 1 27 13 55 55
0404_0038_0067_0024_0024.jpg 1 38 67 24 24
0405_0005_0019_0057_0057.jpg 1 5 19 57 57
0406_0036_0023_0049_0049.jpg 1 36 23 49 49
0407_0046_0041_0040_0040.jpg 1 46 41 40 40
0408_0061_0052_0025_0025.jpg 1 61 52 25 25
0409_0024_0052_0037_0037.jpg 1 24 52 37 37
0410_0014_0028_0062_0062.jpg 1 14 28 62 62
0411_0013_0012_0069_0069.jpg 1 13 12 69 69
0412_0036_0032_0048_0048.jpg 1 36 32 48 48
0413_0024_0021_0047_0047.jpg 1 24 21 47 47
0414_0022_0027_0048_0048.jpg 1 22 27 48 48
0415_0031_0037_0052_0052.jpg 1 31 37 52 52
0416_0014_0017_0041_0041.jpg 1 14 17 41 41
0417_0037_0033_0030_0030.jpg 1 37 33 30 30
0418_0013_0015_0057_0057.jpg 1 13 15 57 57
0419_0006_0010_0066_0066.jpg 1 6 10 66 66
0420_0032_0027_0063_0063.jpg 1 32 27 63 63
0421_0060_0045_0026_0026.jpg 1 60 45 26 26
0422_0012_0028_0047_0047.jpg 1 12 28 47 47
0423_0043_0036_0037_0037.jpg 1 43 36 37 37
0424_0055_0053_0034_0034.jpg 1 55 53 34 34
0425_0040_0023_0054_0054.jpg 1 40 23 54 54
0426_0014_0021_0051_0051.jpg 1 14 21 51 51
0427_0027_0011_0030_0030.jpg 1 27 11 30 30
0428_0008_0033_0057_0057.jpg 1 8 33 57 57
0429_0010_0028_0044_0044.jpg 1 10 28 44 44
0430_0042_0007_0049_0049.jpg 1 42 7 49 49
0431_0024_0013_0036_0036.jpg 1 24 13 36 36
0432_0004_0028_0063_0063.jpg 1 4 28 63 63
0433_0009_0025_0045_0045.jpg 1 9 25 45 45
0434_0060_0047_0031_0031.jpg 1 60 47 31 31
0435_0064_0063_0024_0024.jpg 1 64 63 24 24
0436_0032_0041_0039_0039.jpg 1 32 41 39 39
0437_0055_0023_0026_0026.jpg 1 55 23 26 26
0438_0015_0023_0062_0062.jpg 1 15 23 62 62
0439_0042_0022_0034_0034.jpg 1 42 22 34 34
0440_0011_0031_0059_0059.jpg 1 11 31 59 59
0441_0016_0009_0063_0063.jpg 1 16 9 63 63
0442_0019_0019_0054_0054.jpg 1 19 19 54 54
0443_0023_0011_0067_0067.jpg 1 23 11 67 67
0444_0038_0022_0047_0047.jpg 1 38 22 47 47
0445_0006_0024_0060_0060.jpg 1 6 24 60 60
0446_0024_0033_0060_0060.jpg 1 24 33 60 60
0447_0034_0013_0059_0059.jpg 1 34 13 59 59
0448_0035_0033_0050_0050.jpg 1 35 33 50 50
0449_0014_0016_0066_0066.jpg 1 14 16 66 66
0450_0045_0051_0037_0037.jpg 1 45 51 37 37
0451_0027_0037_0041_0041.jpg 1 27 37 41 41
0452_0011_0031_0052_0052.jpg 1 11 31 52 52
0453_0029_0011_0061_0061.jpg 1 29 11 61 61
0454_0025_0008_0041_0041.jpg 1 25 8 41 41
0455_0027_0025_0061_0061.jpg 1 27 25 61 61
0456_0018_0017_0062_0062.jpg 1 18 17 62 62
0457_0020_0028_0045_0045.jpg 1 20 28 45 45
0458_0045_0051_0026_0026.jpg 1 45 51 26 26
0459_0065_0062_0025_0025.jpg 1 65 62 25 25
0460_0004_0023_0066_0066.jpg 1 4 23 66 66
0461_0028_0032_0053_0053.jpg 1 28 32 53 53
0462_0032_0022_0054_0054.jpg 1 32 22 54 54
0463_0022_0031_0050_0050.jpg 1 22 31 50 50
0464_0030_0030_0049_0049.jpg 1 30 30 49 49
0465_0037_0022_0025_0025.jpg 1 37 22 25 25
0466_0013_0012_0060_0060.jpg 1 13 12 60 60
0467_0025_0007_0046_0046.jpg 1 25 7 46 46
0468_0060_0040_0032_0032.jpg 1 60 40 32 32
0469_0006_0011_0060_0060.jpg 1 6 11 60 60
0470_0030_0027_0054_0054.jpg 1 30 27 54 54
0471_0009_0008_0048_0048.jpg 1 9 8 48 48
0472_0024_0010_0065_0065.jpg 1 24 10 65 65
0473_0037_0013_0042_0042.jpg 1 37 13 42 42
0474_0006_0012_0067_0067.jpg 1 6 12 67 67
0475_0030_0028_0062_0062.jpg 1 30 28 62 62
0476_0035_0028_0057_0057.jpg 1 35 28 57 57
0477_0048_0008_0036_0036.jpg 1 48 8 36 36
0478_0052_0053_0026_0026.jpg 1 52 53 26 26
0479_0035_0023_0032_0032.jpg 1 35 23 32 32
0480_0022_0060_0032_0032.jpg 1 22 60 32 32
0481_0023_0047_0040_0040.jpg 1 23 47 40 40
0482_0055_0026_0030_0030.jpg 1 55 26 30 30
0483_0008_0028_0031_0031.jpg 1 8 28 31 31
0484_0044_0041_0035_0035.jpg 1 44 41 35 35
0485_0011_0015_0038_0038.jpg 1 11 15 38 38
0486_0058_0066_0024_0024.jpg 1 58 66 24 24
0487_0032_0019_0047_0047.jpg 1 32 19 47 47
0488_0062_0010_0028_0028.jpg 1 62 10 28 28
0489_0022_0034_0054_0054.jpg 1 22 34 54 54
0490_0018_0045_0045_0045.jpg 1 18 45 45 45
0491_0027_0047_0025_0025.jpg 1 27 47 25 25
0492_0043_0030_0047_0047.jpg 1 43 30 47 47
0493_0030_0021_0064_0064.jpg 1 30 21 64 64
0494_0029_0016_0048_0048.jpg 1 29 16 48 48
0495_0028_0025_0066_0066.jpg 1 28 25 66 66
0496_0026_0017_0031_0031.jpg 1 26 17 31 31
0497_0012_0015_0066_0066.jpg 1 12 15 66 66
0498_0034_0047_0045_0045.jpg 1 34 47 45 45
0499_0039_0009_0049_0049.jpg 1 39 9 49 49
0500_0039_0017_0053_0053.jpg 1 39 17 53 53
0501_0036_0043_0035_0035.jpg 1 36 43 35 35
0502_0042_0043_0044_0044.jpg 1 42 43 44 44
0503_0032_0015_0026_0026.jpg 1 32 15 26 26
0504_0020_0042_0038_0038.jpg 1 20 42 38 38
0505_0063_0038_0026_0026.jpg 1 63 38 26 26
0506_0012_0014_0041_0041.jpg 1 12 14 41 41
0507_0028_0028_0058_0058.jpg 1 28 28 58 58
0508_0037_0017_0042_0042.jpg 1 37 17 42 42
0509_0042_0041_0049_0049.jpg 1 42 41 49 49
0510_0053_0035_0024_0024.jpg 1 53 35 24 24
0511_0005_0026_0061_0061.jpg 1 5 26 61 61
0512_0042_0012_0025_0025.jpg 1 42 12 25 25
0513_0013_0019_0037_0037.jpg 1 13 19 37 37
0514_0006_0004_0062_0062.jpg 1 6 4 62 62
0515_0025_0030_0037_0037.jpg 1 25 30 37 37
0516_0031_0030_0063_0063.jpg 1 31 30 63 63
0517_0033_0029_0029_0029.jpg 1 33 29 29 29
0518_0006_0026_0058_0058.jpg 1 6 26 58 58
0519_0034_0028_0054_0054.jpg 1 34 28 54 54
0520_0061_0011_0030_0030.jpg 1 61 11 30 30
0521_0030_0050_0030_0030.jpg 1 30 50 30 30
0522_0044_0019_0049_0049.jpg 1 44 19 49 49
0523_0033_0010_0042_0042.jpg 1 33 10 42 42
0524_0039_0021_0048_0048.jpg 1 39 21 48 48
0525_0007_0030_0051_0051.jpg 1 7 30 51 51
0526_0020_0013_0065_0065.jpg 1 20 13 65 65
0527_0013_0024_0038_0038.jpg 1 13 24 38 38
0528_0010_0012_0068_0068.jpg 1 10 12 68 68
0529_0020_0008_0057_0057.jpg 1 20 8 57 57
0530_0009_0006_0066_0066.jpg 1 9 6 66 66
0531_0055_0053_0025_0025.jpg 1 55 53 25 25
0532_0007_0035_0051_0051.jpg 1 7 35 51 51
0533_0028_0028_0064_0064.jpg 1 28 28 64 64
0534_0055_0036_0034_0034.jpg 1 55 36 34 34
0535_0033_0038_0043_0043.jpg 1 33 38 43 43
0536_0040_0045_0043_0043.jpg 1 40 45 43 43
0537_0028_0042_0038_0038.jpg 1 28 42 38 38
0538_0059_0060_0032_0032.jpg 1 59 60 32 32
0539_0019_0005_0056_0056.jpg 1 19 5 56 56
0540_0018_0026_0031_0031.jpg 1 18 26 31 31
0541_0005_0019_0046_0046.jpg 1 5 19 46 46
0542_0031_0030_0061_0061.jpg 1 31 30 61 61
0543_0064_0016_0028_0028.jpg 1 64 16 28 28
0544_0007_0009_0032_0032.jpg 1 7 9 32 32
0545_0024_0012_0032_0032.jpg 1 24 12 32 32
0546_0007_0020_0062_0062.jpg 1 7 20 62 62
0547_0007_0012_0064_0064.jpg 1 7 12 64 64
0548_0036_0037_0049_0049.jpg 1 36 37 49 49
0549_0010_0042_0026_0026.jpg 1 10 42 26 26
0550_0063_0012_0026_0026.jpg 1 63 12 26 26
0551_0019_0017_0041_0041.jpg 1 19 17 41 41
0552_0005_0010_0050_0050.jpg 1 5 10 50 50
0553_0040_0007_0037_0037.jpg 1 40 7 37 37
0554_0018_0006_0044_0044.jpg 1 18 6 44 44
0555_0025_0018_0040_0040.jpg 1 25 18 40 40
0556_0027_0008_0057_0057.jpg 1 27 8 57 57
0557_0027_0021_0048_0048.jpg 1 27 21 48 48
0558_0037_0036_0043_0043.jpg 1 37 36 43 43
0559_0017_0063_0029_0029.jpg 1 17 63 29 29
0560_0020_0021_0026_0026.jpg 1 20 21 26 26
0561_0010_0058_0029_0029.jpg 1 10 58 29 29
0562_0036_0014_0049_0049.jpg 1 36 14 49 49
0563_0004_0015_0065_0065.jpg 1 4 15 65 65
0564_0025_0036_0057_0057.jpg 1 25 36 57 57
0565_0027_0037_0056_0056.jpg 1 27 37 56 56
0566_0057_0020_0026_0026.jpg 1 57 20 26 26
0567_0019_0022_0068_0068.jpg 1 19 22 68 68
0568_0006_0042_0035_0035.jpg 1 6 42 35 35
0569_0026_0016_0056_0056.jpg 1 26 16 56 56
0570_0027_0035_0026_0026.jpg 1 27 35 26 26
0571_0013_0018_0061_0061.jpg 1 13 18 61 61
0572_0038_0013_0045_0045.jpg 1 38 13 45 45
0573_0026_0021_0069_0069.jpg 1 26 21 69 69
0574_0038_0017_0045_0045.jpg 1 38 17 45 45
0575_0033_0023_0058_0058.jpg 1 33 23 58 58
0576_0013_0049_0036_0036.jpg 1 13 49 36 36
0577_0011_0021_0060_0060.jpg 1 11 21 60 60
0578_0016_0006_0068_0068.jpg 1 16 6 68 68
0579_0058_0031_0025_0025.jpg 1 58 31 25 25
0580_0018_0036_0030_0030.jpg 1 18 36 30 30
0581_0017_0014_0026_0026.jpg 1 17 14 26 26
0582_0023_0007_0031_0031.jpg 1 23 7 31 31
0583_0039_0015_0028_0028.jpg 1 39 15 28 28
0584_0007_0029_0055_0055.jpg 1 7 29 55 55
0585_0007_0028_0034_0034.jpg 1 7 28 34 34
0586_0021_0027_0067_0067.jpg 1 21 27 67 67
0587_0050_0027_0031_0031.jpg 1 50 27 31 31
0588_0015_0034_0057_0057.jpg 1 15 34 57 57
0589_0009_0027_0033_0033.jpg 1 9 27 33 33
0590_0018_0009_0030_0030.jpg 1 18 9 30 30
0591_0016_0009_0064_0064.jpg 1 16 9 64 64
0592_0028_0027_0060_0060.jpg 1 28 27 60 60
0593_0036_0031_0031_0031.jpg 1 36 31 31 31
0594_0024_0050_0025_0025.jpg 1 24 50 25 25
0595_0059_0025_0024_0024.jpg 1 59 25 24 24
0596_0050_0019_0043_0043.jpg 1 50 19 43 43
0597_0039_0021_0047_0047.jpg 1 39 21 47 47
0598_0034_0026_0038_0038.jpg 1 34 26 38 38
0599_0013_0007_0052_0052.jpg 1 13 7 52 52
0600_0004_0015_0063_0063.jpg 1 4 15 63 63
0601_0017_0017_0069_0069.jpg 1 17 17 69 69
0602_0014_0017_0060_0060.jpg 1 14 17 60 60
0603_0012_0034_0060_0060.jpg 1 12 34 60 60
0604_0026_0024_0061_0061.jpg 1 26 24 61 61
0605_0050_0018_0039_0039.jpg 1 50 18 39 39
0606_0012_0032_0049_0049.jpg 1 12 32 49 49
0607_0034_0006_0053_0053.jpg 1 34 6 53 53
0608_0005_0013_0054_0054.jpg 1 5 13 54 54
0609_0028_0011_0067_0067.jpg 1 28 11 67 67
0610_0033_0034_0044_0044.jpg 1 33 34 44 44
0611_0015_0016_0059_0059.jpg 1 15 16 59 59
0612_0013_0023_0066_0066.jpg 1 13 23 66 66
0613_0012_0049_0032_0032.jpg 1 12 49 32 32
0614_0007_0041_0045_0045.jpg 1 7 41 45 45
0615_0029_0013_0053_0053.jpg 1 29 13 53 53
0616_0032_0019_0046_0046.jpg 1 32 19 46 46
0617_0045_0028_0047_0047.jpg 1 45 28 47 47
0618_0025_0033_0051_0051.jpg 1 25 33 51 51
0619_0016_0039_0051_0051.jpg 1 16 39 51 51
0620_0046_0048_0030_0030.jpg 1 46 48 30 30
0621_0029_0028_0065_0065.jpg 1 29 28 65 65
0622_0017_0015_0034_0034.jpg 1 17 15 34 34
0623_0025_0031_0045_0045.jpg 1 25 31 45 45
0624_0017_0044_0043_0043.jpg 1 17 44 43 43
0625_0032_0025_0025_0025.jpg 1 32 25 25 25
0626_0034_0037_0042_0042.jpg 1 34 37 42 42
0627_0029_0013_0055_0055.jpg 1 29 13 55 55
0628_0010_0024_0040_0040.jpg 1 10 24 40 40
0629_0014_0011_0068_0068.jpg 1 14 11 68 68
0630_0011_0049_0044_0044.jpg 1 11 49 44 44
0631_0030_0029_0041_0041.jpg 1 30 29 41 41
0632_0031_0034_0054_0054.jpg 1 31 34 54 54
0633_0027_0028_0062_0062.jpg 1 27 28 62 62
0634_0020_0008_0045_0045.jpg 1 20 8 45 45
0635_0022_0048_0046_0046.jpg 1 22 48 46 46
0636_0010_0015_0067_0067.jpg 1 10 15 67 67
0637_0012_0032_0064_0064.jpg 1 12 32 64 64
0638_0032_0040_0041_0041.jpg 1 32 40 41 41
0639_0036_0020_0057_0057.jpg 1 36 20 57 57
0640_0011_0032_0064_0064.jpg 1 11 32 64 64
0641_0017_0016_0063_0063.jpg 1 17 16 63 63
0642_0028_0011_0065_0065.jpg 1 28 11 65 65
0643_0012_0022_0061_0061.jpg 1 12 22 61 61
0644_0045_0024_0048_0048.jpg 1 45 24 48 48
0645_0056_0054_0027_0027.jpg 1 56 54 27 27
0646_0033_0034_0042_0042.jpg 1 33 34 42 42
0647_0022_0017_0029_0029.jpg 1 22 17 29 29
0648_0047_0020_0031_0031.jpg 1 47 20 31 31
0649_0020_0025_0064_0064.jpg 1 20 25 64 64
0650_0017_0021_0064_0064.jpg 1 17 21 64 64
0651_0026_0008_0064_0064.jpg 1 26 8 64 64
0652_0040_0031_0054_0054.jpg 1 40 31 54 54
0653_0040_0007_0055_0055.jpg 1 40 7 55 55
0654_0008_0028_0068_0068.jpg 1 8 28 68 68
0655_0009_0028_0060_0060.jpg 1 9 28 60 60
0656_0012_0037_0037_0037.jpg 1 12 37 37 37
0657_0013_0050_0024_0024.jpg 1 13 50 24 24
0658_0040_0047_0047_0047.jpg 1 40 47 47 47
0659_0012_0007_0029_0029.jpg 1 12 7 29 29
0660_0045_0018_0028_0028.jpg 1 45 18 28 28
0661_0055_0052_0032_0032.jpg 1 55 52 32 32
0662_0038_0044_0041_0041.jpg 1 38 44 41 41
0663_0021_0009_0047_0047.jpg 1 21 9 47 47
0664_0043_0036_0047_0047.jpg 1 43 36 47 47
0665_0011_0008_0062_0062.jpg 1 11 8 62 62
0666_0049_0013_0044_0044.jpg 1 49 13 44 44
0667_0019_0026_0069_0069.jpg 1 19 26 69 69
0668_0031_0004_0060_0060.jpg 1 31 4 60 60
0669_0013_0028_0034_0034.jpg 1 13 28 34 34
0670_0015_0037_0035_0035.jpg 1 15 37 35 35
0671_0045_0046_0033_0033.jpg 1 45 46 33 33
0672_0040_0054_0024_0024.jpg 1 40 54 24 24
0673_0005_0029_0065_0065.jpg 1 5 29 65 65
0674_0023_0017_0028_0028.jpg 1 23 17 28 28
0675_0051_0042_0034_0034.jpg 1 51 42 34 34
0676_0057_0047_0034_0034.jpg 1 57 47 34 34
0677_0013_0016_0058_0058.jpg 1 13 16 58 58
0678_0033_0042_0040_0040.jpg 1 33 42 40 40
0679_0006_0025_0062_0062.jpg 1 6 25 62 62
0680_0020_0030_0038_0038.jpg 1 20 30 38 38
0681_0009_0022_0025_0025.jpg 1 9 22 25 25
0682_0027_0044_0040_0040.jpg 1 27 44 40 40
0683_0026_0013_0030_0030.jpg 1 26 13 30 30
0684_0028_0010_0067_0067.jpg 1 28 10 67 67
0685_0020_0042_0041_0041.jpg 1 20 42 41 41
0686_0045_0043_0040_0040.jpg 1 45 43 40 40
0687_0038_0049_0042_0042.jpg 1 38 49 42 42
0688_0028_0013_0063_0063.jpg 1 28 13 63 63
0689_0034_0021_0060_0060.jpg 1 34 21 60 60
0690_0032_0016_0045_0045.jpg 1 32 16 45 45
0691_0025_0046_0044_0044.jpg 1 25 46 44 44
0692_0005_0026_0061_0061.jpg 1 5 26 61 61
0693_0009_0022_0065_0065.jpg 1 9 22 65 65
0694_0013_0024_0062_0062.jpg 1 13 24 62 62
0695_0025_0020_0062_0062.jpg 1 25 20 62 62
0696_0023_0061_0027_0027.jpg 1 23 61 27 27
0697_0022_0008_0056_0056.jpg 1 22 8 56 56
0698_0024_0020_0067_0067.jpg 1 24 20 67 67
0699_0061_0031_0031_0031.jpg 1 61 31 31 31
0700_0008_0017_0069_0069.jpg 1 8 17 69 69
0701_0014_0023_0044_0044.jpg 1 14 23 44 44
0702_0015_0040_0054_0054.jpg 1 15 40 54 54
0703_0025_0004_0067_0067.jpg 1 25 4 67 67
0704_0015_0025_0067_0067.jpg 1 15 25 67 67
0705_0014_0038_0024_0024.jpg 1 14 38 24 24
0706_0016_0015_0067_0067.jpg 1 16 15 67 67
0707_0011_0037_0057_0057.jpg 1 11 37 57 57
0708_0009_0027_0058_0058.jpg 1 9 27 58 58
0709_0020_0013_0029_0029.jpg 1 20 13 29 29
0710_0019_0030_0060_0060.jpg 1 19 30 60 60
0711_0010_0007_0068_0068.jpg 1 10 7 68 68
0712_0063_0038_0026_0026.jpg 1 63 38 26 26
0713_0011_0039_0054_0054.jpg 1 11 39 54 54
0714_0011_0055_0027_0027.jpg 1 11 55 27 27
0715_0059_0016_0032_0032.jpg 1 59 16 32 32
0716_0023_0007_0062_0062.jpg 1 23 7 62 62
0717_0025_0013_0050_0050.jpg 1 25 13 50 50
0718_0032_0030_0062_0062.jpg 1 32 30 62 62
0719_0018_0012_0064_0064.jpg 1 18 12 64 64
0720_0020_0010_0024_0024.jpg 1 20 10 24 24
0721_0005_0045_0044_0044.jpg 1 5 45 44 44
0722_0035_0005_0055_0055.jpg 1 35 5 55 55
0723_0019_0009_0055_0055.jpg 1 19 9 55 55
0724_0019_0020_0048_0048.jpg 1 19 20 48 48
0725_0057_0023_0031_0031.jpg 1 57 23 31 31
0726_0039_0032_0053_0053.jpg 1 39 32 53 53
0727_0049_0023_0043_0043.jpg 1 49 23 43 43
0728_0005_0024_0067_0067.jpg 1 5 24 67 67
0729_0035_0033_0058_0058.jpg 1 35 33 58 58
0730_0019_0025_0067_0067.jpg 1 19 25 67 67
0731_0026_0020_0063_0063.jpg 1 26 20 63 63
0732_0024_0018_0057_0057.jpg 1 24 18 57 57
0733_0029_0034_0057_0057.jpg 1 29 34 57 57
0734_0010_0005_0057_0057.jpg 1 10 5 57 57
0735_0024_0016_0062_0062.jpg 1 24 16 62 62
0736_0016_0007_0069_0069.jpg 1 16 7 69 69
0737_0023_0012_0060_0060.jpg 1 23 12 60 60
0738_0012_0048_0032_0032.jpg 1 12 48 32 32
0739_0012_0016_0055_0055.jpg 1 12 16 55 55
0740_0011_0017_0054_0054.jpg 1 11 17 54 54
0741_0028_0041_0049_0049.jpg 1 28 41 49 49
0742_0044_0008_0024_0024.jpg 1 44 8 24 24
0743_0019_0035_0049_0049.jpg 1 19 35 49 49
0744_0010_0009_0064_0064.jpg 1 10 9 64 64
0745_0005_0029_0054_0054.jpg 1 5 29 54 54
0746_0004_0009_0068_0068.jpg 1 4 9 68 68
0747_0019_0030_0050_0050.jpg 1 19 30 50 50
0748_0039_0015_0029_0029.jpg 1 39 15 29 29
0749_0014_0011_0068_0068.jpg 1 14 11 68 68
0750_0017_0044_0045_0045.jpg 1 17 44 45 45
0751_0054_0040_0033_0033.jpg 1 54 40 33 33
0752_0011_0023_0069_0069.jpg 1 11 23 69 69
0753_0051_0049_0038_0038.jpg 1 51 49 38 38
0754_0028_0024_0068_0068.jpg 1 28 24 68 68
0755_0015_0013_0057_0057.jpg 1 15 13 57 57
0756_0020_0023_0055_0055.jpg 1 20 23 55 55
0757_0005_0017_0065_0065.jpg 1 5 17 65 65
0758_0016_0025_0068_0068.jpg 1 16 25 68 68
0759_0027_0022_0056_0056.jpg 1 27 22 56 56
0760_0012_0017_0066_0066.jpg 1 12 17 66 66
0761_0010_0029_0067_0067.jpg 1 10 29 67 67
0762_0039_0019_0055_0055.jpg 1 39 19 55 55
0763_0029_0055_0033_0033.jpg 1 29 55 33 33
0764_0039_0049_0032_0032.jpg 1 39 49 32 32
0765_0018_0013_0053_0053.jpg 1 18 13 53 53
0766_0013_0005_0060_0060.jpg 1 13 5 60 60
0767_0035_0009_0036_0036.jpg 1 35 9 36 36
0768_0041_0027_0034_0034.jpg 1 41 27 34 34
0769_0040_0031_0031_0031.jpg 1 40 31 31 31
0770_0009_0013_0056_0056.jpg 1 9 13 56 56
0771_0021_0012_0065_0065.jpg 1 21 12 65 65
0772_0023_0036_0057_0057.jpg 1 23 36 57 57
0773_0042_0057_0029_0029.jpg 1 42 57 29 29
0774_0027_0005_0068_0068.jpg 1 27 5 68 68
0775_0028_0006_0043_0043.jpg 1 28 6 43 43
0776_0025_0036_0049_0049.jpg 1 25 36 49 49
0777_0013_0041_0028_0028.jpg 1 13 41 28 28
0778_0007_0052_0040_0040.jpg 1 7 52 40 40
0779_0027_0030_0046_0046.jpg 1 27 30 46 46
0780_0024_0017_0062_0062.jpg 1 24 17 62 62
0781_0040_0022_0041_0041.jpg 1 40 22 41 41
0782_0012_0053_0036_0036.jpg 1 12 53 36 36
0783_0008_0021_0034_0034.jpg 1 8 21 34 34
0784_0034_0025_0053_0053.jpg 1 34 25 53 53
0785_0039_0066_0024_0024.jpg 1 39 66 24 24
0786_0029_0013_0063_0063.jpg 1 29 13 63 63
0787_0006_0005_0059_0059.jpg 1 6 5 59 59
0788_0045_0010_0032_0032.jpg 1 45 10 32 32
0789_0022_0021_0054_0054.jpg 1 22 21 54 54
0790_0008_0025_0047_0047.jpg 1 8 25 47 47
0791_0058_0041_0035_0035.jpg 1 58 41 35 35
0792_0021_0042_0052_0052.jpg 1 21 42 52 52
0793_0015_0021_0062_0062.jpg 1 15 21 62 62
0794_0030_0019_0026_0026.jpg 1 30 19 26 26
0795_0018_0012_0061_0061.jpg 1 18 12 61 61
0796_0018_0008_0060_0060.jpg 1 18 8 60 60
0797_0008_0047_0027_0027.jpg 1 8 47 27 27
0798_0036_0032_0029_0029.jpg 1 36 32 29 29
0799_0052_0024_0031_0031.jpg 1 52 24 31 31
0800_0034_0010_0034_0034.jpg 1 34 10 34 34
