0001_0007_0010_0038_0038.jpg 1 7 10 38 38
0002_0010_0025_0069_0069.jpg 1 10 25 69 69
0003_0031_0049_0042_0042.jpg 1 31 49 42 42
0004_0019_0008_0060_0060.jpg 1 19 8 60 60
0005_0029_0025_0063_0063.jpg 1 29 25 63 63
0006_0033_0005_0057_0057.jpg 1 33 5 57 57
0007_0012_0016_0069_0069.jpg 1 12 16 69 69
0008_0015_0025_0053_0053.jpg 1 15 25 53 53
0009_0007_0033_0050_0050.jpg 1 7 33 50 50
0010_0015_0005_0064_0064.jpg 1 15 5 64 64
0011_0016_0007_0065_0065.jpg 1 16 7 65 65
0012_0041_0022_0036_0036.jpg 1 41 22 36 36
0013_0045_0014_0045_0045.jpg 1 45 14 45 45
0014_0007_0023_0036_0036.jpg 1 7 23 36 36
0015_0037_0009_0042_0042.jpg 1 37 9 42 42
0016_0057_0032_0029_0029.jpg 1 57 32 29 29
0017_0012_0028_0058_0058.jpg 1 12 28 58 58
0018_0028_0020_0057_0057.jpg 1 28 20 57 57
0019_0039_0009_0052_0052.jpg 1 39 9 52 52
0020_0017_0035_0042_0042.jpg 1 17 35 42 42
0021_0040_0046_0032_0032.jpg 1 40 46 32 32
0022_0017_0017_0036_0036.jpg 1 17 17 36 36
0023_0032_0019_0062_0062.jpg 1 32 19 62 62
0024_0018_0023_0067_0067.jpg 1 18 23 67 67
0025_0022_0019_0034_0034.jpg 1 22 19 34 34
0026_0015_0005_0068_0068.jpg 1 15 5 68 68
0027_0015_0012_0038_0038.jpg 1 15 12 38 38
0028_0033_0009_0050_0050.jpg 1 33 9 50 50
0029_0038_0030_0025_0025.jpg 1 38 30 25 25
0030_0020_0023_0065_0065.jpg 1 20 23 65 65
0031_0041_0011_0041_0041.jpg 1 41 11 41 41
0032_0018_0014_0056_0056.jpg 1 18 14 56 56
0033_0010_0044_0032_0032.jpg 1 10 44 32 32
0034_0022_0023_0046_0046.jpg 1 22 23 46 46
0035_0012_0008_0069_0069.jpg 1 12 8 69 69
0036_0032_0037_0046_0046.jpg 1 32 37 46 46
0037_0021_0024_0048_0048.jpg 1 21 24 48 48
0038_0042_0014_0041_0041.jpg 1 42 14 41 41
0039_0013_0018_0059_0059.jpg 1 13 18 59 59
0040_0040_0017_0048_0048.jpg 1 40 17 48 48
0041_0039_0011_0037_0037.jpg 1 39 11 37 37
0042_0018_0053_0038_0038.jpg 1 18 53 38 38
0043_0035_0044_0031_0031.jpg 1 35 44 31 31
0044_0034_0009_0056_0056.jpg 1 34 9 56 56
0045_0030_0019_0059_0059.jpg 1 30 19 59 59
0046_0016_0015_0069_0069.jpg 1 16 15 69 69
0047_0029_0046_0044_0044.jpg 1 29 46 44 44
0048_0014_0025_0054_0054.jpg 1 14 25 54 54
0049_0046_0012_0026_0026.jpg 1 46 12 26 26
0050_0026_0017_0065_0065.jpg 1 26 17 65 65
0051_0017_0021_0056_0056.jpg 1 17 21 56 56
0052_0020_0041_0037_0037.jpg 1 20 41 37 37
0053_0019_0012_0037_0037.jpg 1 19 12 37 37
0054_0006_0031_0052_0052.jpg 1 6 31 52 52
0055_0003_0014_0067_0067.jpg 1 3 14 67 67
0056_0029_0024_0066_0066.jpg 1 29 24 66 66
0057_0042_0033_0037_0037.jpg 1 42 33 37 37
0058_0029_0023_0055_0055.jpg 1 29 23 55 55
0059_0023_0037_0039_0039.jpg 1 23 37 39 39
0060_0030_0011_0048_0048.jpg 1 30 11 48 48
0061_0025_0016_0066_0066.jpg 1 25 16 66 66
0062_0050_0013_0032_0032.jpg 1 50 13 32 32
0063_0012_0013_0030_0030.jpg 1 12 13 30 30
0064_0015_0009_0047_0047.jpg 1 15 9 47 47
0065_0007_0055_0035_0035.jpg 1 7 55 35 35
0066_0025_0003_0069_0069.jpg 1 25 3 69 69
0067_0023_0058_0029_0029.jpg 1 23 58 29 29
0068_0033_0056_0033_0033.jpg 1 33 56 33 33
0069_0025_0039_0036_0036.jpg 1 25 39 36 36
0070_0036_0057_0025_0025.jpg 1 36 57 25 25
0071_0030_0039_0052_0052.jpg 1 30 39 52 52
0072_0019_0031_0060_0060.jpg 1 19 31 60 60
0073_0013_0037_0049_0049.jpg 1 13 37 49 49
0074_0041_0022_0028_0028.jpg 1 41 22 28 28
0075_0034_0051_0027_0027.jpg 1 34 51 27 27
0076_0045_0042_0026_0026.jpg 1 45 42 26 26
0077_0006_0024_0064_0064.jpg 1 6 24 64 64
0078_0012_0064_0028_0028.jpg 1 12 64 28 28
0079_0039_0035_0027_0027.jpg 1 39 35 27 27
0080_0021_0018_0064_0064.jpg 1 21 18 64 64
0081_0007_0027_0061_0061.jpg 1 7 27 61 61
0082_0014_0059_0031_0031.jpg 1 14 59 31 31
0083_0023_0008_0051_0051.jpg 1 23 8 51 51
0084_0034_0049_0028_0028.jpg 1 34 49 28 28
0085_0035_0035_0051_0051.jpg 1 35 35 51 51
0086_0013_0028_0059_0059.jpg 1 13 28 59 59
0087_0013_0033_0046_0046.jpg 1 13 33 46 46
0088_0005_0006_0067_0067.jpg 1 5 6 67 67
0089_0024_0023_0058_0058.jpg 1 24 23 58 58
0090_0017_0038_0050_0050.jpg 1 17 38 50 50
0091_0018_0030_0044_0044.jpg 1 18 30 44 44
0092_0015_0006_0050_0050.jpg 1 15 6 50 50
0093_0012_0032_0063_0063.jpg 1 12 32 63 63
0094_0019_0008_0033_0033.jpg 1 19 8 33 33
0095_0043_0015_0036_0036.jpg 1 43 15 36 36
0096_0059_0038_0031_0031.jpg 1 59 38 31 31
0097_0010_0023_0056_0056.jpg 1 10 23 56 56
0098_0039_0025_0052_0052.jpg 1 39 25 52 52
0099_0024_0022_0026_0026.jpg 1 24 22 26 26
0100_0009_0010_0065_0065.jpg 1 9 10 65 65
0101_0021_0033_0042_0042.jpg 1 21 33 42 42
0102_0013_0007_0066_0066.jpg 1 13 7 66 66
0103_0051_0039_0027_0027.jpg 1 51 39 27 27
0104_0013_0007_0038_0038.jpg 1 13 7 38 38
0105_0023_0013_0043_0043.jpg 1 23 13 43 43
0106_0065_0045_0024_0024.jpg 1 65 45 24 24
0107_0039_0059_0029_0029.jpg 1 39 59 29 29
0108_0042_0027_0030_0030.jpg 1 42 27 30 30
0109_0026_0013_0026_0026.jpg 1 26 13 26 26
0110_0008_0039_0024_0024.jpg 1 8 39 24 24
0111_0005_0021_0069_0069.jpg 1 5 21 69 69
0112_0015_0016_0069_0069.jpg 1 15 16 69 69
0113_0021_0003_0067_0067.jpg 1 21 3 67 67
0114_0014_0026_0053_0053.jpg 1 14 26 53 53
0115_0032_0027_0045_0045.jpg 1 32 27 45 45
0116_0025_0051_0026_0026.jpg 1 25 51 26 26
0117_0030_0020_0063_0063.jpg 1 30 20 63 63
0118_0013_0049_0037_0037.jpg 1 13 49 37 37
0119_0033_0023_0044_0044.jpg 1 33 23 44 44
0120_0006_0038_0050_0050.jpg 1 6 38 50 50
0121_0050_0019_0041_0041.jpg 1 50 19 41 41
0122_0011_0007_0047_0047.jpg 1 11 7 47 47
0123_0004_0028_0066_0066.jpg 1 4 28 66 66
0124_0035_0045_0044_0044.jpg 1 35 45 44 44
0125_0057_0050_0034_0034.jpg 1 57 50 34 34
0126_0027_0043_0029_0029.jpg 1 27 43 29 29
0127_0046_0044_0037_0037.jpg 1 46 44 37 37
0128_0009_0007_0066_0066.jpg 1 9 7 66 66
0129_0019_0006_0066_0066.jpg 1 19 6 66 66
0130_0023_0010_0038_0038.jpg 1 23 10 38 38
0131_0014_0025_0060_0060.jpg 1 14 25 60 60
0132_0032_0015_0035_0035.jpg 1 32 15 35 35
0133_0005_0034_0058_0058.jpg 1 5 34 58 58
0134_0028_0037_0035_0035.jpg 1 28 37 35 35
0135_0006_0014_0042_0042.jpg 1 6 14 42 42
0136_0036_0008_0050_0050.jpg 1 36 8 50 50
0137_0029_0047_0045_0045.jpg 1 29 47 45 45
0138_0050_0063_0025_0025.jpg 1 50 63 25 25
0139_0021_0064_0027_0027.jpg 1 21 64 27 27
0140_0018_0014_0056_0056.jpg 1 18 14 56 56
0141_0047_0014_0024_0024.jpg 1 47 14 24 24
0142_0016_0018_0034_0034.jpg 1 16 18 34 34
0143_0055_0027_0036_0036.jpg 1 55 27 36 36
0144_0037_0021_0055_0055.jpg 1 37 21 55 55
0145_0026_0023_0062_0062.jpg 1 26 23 62 62
0146_0046_0006_0047_0047.jpg 1 46 6 47 47
0147_0018_0005_0063_0063.jpg 1 18 5 63 63
0148_0032_0029_0042_0042.jpg 1 32 29 42 42
0149_0019_0005_0049_0049.jpg 1 19 5 49 49
0150_0055_0034_0034_0034.jpg 1 55 34 34 34
0151_0056_0027_0026_0026.jpg 1 56 27 26 26
0152_0018_0010_0053_0053.jpg 1 18 10 53 53
0153_0029_0019_0050_0050.jpg 1 29 19 50 50
0154_0012_0059_0033_0033.jpg 1 12 59 33 33
0155_0019_0024_0069_0069.jpg 1 19 24 69 69
0156_0033_0008_0050_0050.jpg 1 33 8 50 50
0157_0022_0040_0026_0026.jpg 1 22 40 26 26
0158_0045_0047_0047_0047.jpg 1 45 47 47 47
0159_0009_0017_0065_0065.jpg 1 9 17 65 65
0160_0021_0013_0068_0068.jpg 1 21 13 68 68
0161_0031_0012_0059_0059.jpg 1 31 12 59 59
0162_0038_0031_0056_0056.jpg 1 38 31 56 56
0163_0018_0038_0049_0049.jpg 1 18 38 49 49
0164_0018_0012_0052_0052.jpg 1 18 12 52 52
0165_0015_0019_0055_0055.jpg 1 15 19 55 55
0166_0035_0024_0029_0029.jpg 1 35 24 29 29
0167_0064_0034_0027_0027.jpg 1 64 34 27 27
0168_0015_0023_0062_0062.jpg 1 15 23 62 62
0169_0031_0022_0046_0046.jpg 1 31 22 46 46
0170_0021_0058_0029_0029.jpg 1 21 58 29 29
0171_0028_0036_0050_0050.jpg 1 28 36 50 50
0172_0049_0036_0041_0041.jpg 1 49 36 41 41
0173_0004_0026_0067_0067.jpg 1 4 26 67 67
0174_0010_0026_0066_0066.jpg 1 10 26 66 66
0175_0031_0007_0057_0057.jpg 1 31 7 57 57
0176_0053_0034_0028_0028.jpg 1 53 34 28 28
0177_0034_0030_0057_0057.jpg 1 34 30 57 57
0178_0021_0007_0062_0062.jpg 1 21 7 62 62
0179_0009_0031_0050_0050.jpg 1 9 31 50 50
0180_0020_0053_0031_0031.jpg 1 20 53 31 31
0181_0012_0019_0045_0045.jpg 1 12 19 45 45
0182_0028_0043_0038_0038.jpg 1 28 43 38 38
0183_0024_0022_0069_0069.jpg 1 24 22 69 69
0184_0045_0020_0042_0042.jpg 1 45 20 42 42
0185_0031_0006_0046_0046.jpg 1 31 6 46 46
0186_0020_0021_0054_0054.jpg 1 20 21 54 54
0187_0016_0011_0066_0066.jpg 1 16 11 66 66
0188_0037_0029_0026_0026.jpg 1 37 29 26 26
0189_0036_0021_0046_0046.jpg 1 36 21 46 46
0190_0009_0005_0062_0062.jpg 1 9 5 62 62
0191_0042_0039_0036_0036.jpg 1 42 39 36 36
0192_0025_0010_0054_0054.jpg 1 25 10 54 54
0193_0011_0019_0030_0030.jpg 1 11 19 30 30
0194_0034_0056_0033_0033.jpg 1 34 56 33 33
0195_0036_0015_0049_0049.jpg 1 36 15 49 49
0196_0059_0060_0032_0032.jpg 1 59 60 32 32
0197_0020_0020_0067_0067.jpg 1 20 20 67 67
0198_0005_0037_0051_0051.jpg 1 5 37 51 51
0199_0014_0018_0062_0062.jpg 1 14 18 62 62
0200_0008_0010_0065_0065.jpg 1 8 10 65 65
0201_0025_0021_0056_0056.jpg 1 25 21 56 56
0202_0010_0029_0062_0062.jpg 1 10 29 62 62
0203_0005_0005_0061_0061.jpg 1 5 5 61 61
0204_0037_0040_0041_0041.jpg 1 37 40 41 41
0205_0031_0024_0046_0046.jpg 1 31 24 46 46
0206_0020_0028_0027_0027.jpg 1 20 28 27 27
0207_0032_0018_0053_0053.jpg 1 32 18 53 53
0208_0012_0029_0064_0064.jpg 1 12 29 64 64
0209_0039_0020_0039_0039.jpg 1 39 20 39 39
0210_0007_0018_0061_0061.jpg 1 7 18 61 61
0211_0012_0026_0064_0064.jpg 1 12 26 64 64
0212_0017_0013_0044_0044.jpg 1 17 13 44 44
0213_0012_0023_0064_0064.jpg 1 12 23 64 64
0214_0023_0035_0030_0030.jpg 1 23 35 30 30
0215_0049_0026_0044_0044.jpg 1 49 26 44 44
0216_0017_0017_0058_0058.jpg 1 17 17 58 58
0217_0036_0036_0050_0050.jpg 1 36 36 50 50
0218_0043_0008_0038_0038.jpg 1 43 8 38 38
0219_0034_0032_0057_0057.jpg 1 34 32 57 57
0220_0058_0007_0030_0030.jpg 1 58 7 30 30
0221_0046_0035_0045_0045.jpg 1 46 35 45 45
0222_0019_0013_0068_0068.jpg 1 19 13 68 68
0223_0022_0018_0055_0055.jpg 1 22 18 55 55
0224_0010_0028_0037_0037.jpg 1 10 28 37 37
0225_0011_0031_0058_0058.jpg 1 11 31 58 58
0226_0028_0035_0052_0052.jpg 1 28 35 52 52
0227_0032_0040_0027_0027.jpg 1 32 40 27 27
0228_0019_0032_0039_0039.jpg 1 19 32 39 39
0229_0026_0010_0066_0066.jpg 1 26 10 66 66
0230_0014_0022_0062_0062.jpg 1 14 22 62 62
0231_0039_0035_0053_0053.jpg 1 39 35 53 53
0232_0026_0036_0059_0059.jpg 1 26 36 59 59
0233_0004_0040_0054_0054.jpg 1 4 40 54 54
0234_0016_0011_0061_0061.jpg 1 16 11 61 61
0235_0061_0060_0028_0028.jpg 1 61 60 28 28
0236_0014_0012_0058_0058.jpg 1 14 12 58 58
0237_0010_0054_0038_0038.jpg 1 10 54 38 38
0238_0041_0030_0031_0031.jpg 1 41 30 31 31
0239_0060_0019_0024_0024.jpg 1 60 19 24 24
0240_0012_0028_0068_0068.jpg 1 12 28 68 68
0241_0041_0011_0047_0047.jpg 1 41 11 47 47
0242_0011_0020_0055_0055.jpg 1 11 20 55 55
0243_0020_0034_0055_0055.jpg 1 20 34 55 55
0244_0028_0022_0067_0067.jpg 1 28 22 67 67
0245_0009_0028_0029_0029.jpg 1 9 28 29 29
0246_0030_0049_0044_0044.jpg 1 30 49 44 44
0247_0006_0028_0042_0042.jpg 1 6 28 42 42
0248_0026_0013_0058_0058.jpg 1 26 13 58 58
0249_0037_0041_0027_0027.jpg 1 37 41 27 27
0250_0047_0025_0039_0039.jpg 1 47 25 39 39
0251_0017_0007_0060_0060.jpg 1 17 7 60 60
0252_0030_0024_0062_0062.jpg 1 30 24 62 62
0253_0031_0034_0037_0037.jpg 1 31 34 37 37
0254_0040_0009_0045_0045.jpg 1 40 9 45 45
0255_0005_0015_0053_0053.jpg 1 5 15 53 53
0256_0048_0012_0042_0042.jpg 1 48 12 42 42
0257_0014_0034_0047_0047.jpg 1 14 34 47 47
0258_0022_0020_0064_0064.jpg 1 22 20 64 64
0259_0008_0020_0042_0042.jpg 1 8 20 42 42
0260_0039_0028_0046_0046.jpg 1 39 28 46 46
0261_0034_0025_0042_0042.jpg 1 34 25 42 42
0262_0025_0007_0044_0044.jpg 1 25 7 44 44
0263_0032_0048_0044_0044.jpg 1 32 48 44 44
0264_0023_0027_0064_0064.jpg 1 23 27 64 64
0265_0021_0012_0065_0065.jpg 1 21 12 65 65
0266_0018_0039_0055_0055.jpg 1 18 39 55 55
0267_0027_0044_0039_0039.jpg 1 27 44 39 39
0268_0031_0015_0055_0055.jpg 1 31 15 55 55
0269_0016_0012_0067_0067.jpg 1 16 12 67 67
0270_0007_0024_0046_0046.jpg 1 7 24 46 46
0271_0041_0037_0053_0053.jpg 1 41 37 53 53
0272_0010_0038_0054_0054.jpg 1 10 38 54 54
0273_0048_0040_0025_0025.jpg 1 48 40 25 25
0274_0028_0018_0065_0065.jpg 1 28 18 65 65
0275_0027_0005_0053_0053.jpg 1 27 5 53 53
0276_0010_0014_0060_0060.jpg 1 10 14 60 60
0277_0010_0005_0068_0068.jpg 1 10 5 68 68
0278_0019_0039_0039_0039.jpg 1 19 39 39 39
0279_0054_0052_0039_0039.jpg 1 54 52 39 39
0280_0010_0022_0043_0043.jpg 1 10 22 43 43
0281_0023_0018_0052_0052.jpg 1 23 18 52 52
0282_0017_0040_0046_0046.jpg 1 17 40 46 46
0283_0033_0022_0062_0062.jpg 1 33 22 62 62
0284_0010_0011_0061_0061.jpg 1 10 11 61 61
0285_0042_0045_0042_0042.jpg 1 42 45 42 42
0286_0007_0027_0049_0049.jpg 1 7 27 49 49
0287_0009_0037_0057_0057.jpg 1 9 37 57 57
0288_0040_0022_0054_0054.jpg 1 40 22 54 54
0289_0054_0042_0036_0036.jpg 1 54 42 36 36
0290_0019_0009_0032_0032.jpg 1 19 9 32 32
0291_0025_0017_0029_0029.jpg 1 25 17 29 29
0292_0044_0063_0029_0029.jpg 1 44 63 29 29
0293_0017_0005_0069_0069.jpg 1 17 5 69 69
0294_0014_0045_0043_0043.jpg 1 14 45 43 43
0295_0014_0055_0034_0034.jpg 1 14 55 34 34
0296_0005_0034_0061_0061.jpg 1 5 34 61 61
0297_0010_0034_0031_0031.jpg 1 10 34 31 31
0298_0016_0024_0059_0059.jpg 1 16 24 59 59
0299_0013_0028_0044_0044.jpg 1 13 28 44 44
0300_0014_0038_0051_0051.jpg 1 14 38 51 51
0301_0044_0051_0032_0032.jpg 1 44 51 32 32
0302_0014_0037_0026_0026.jpg 1 14 37 26 26
0303_0053_0010_0038_0038.jpg 1 53 10 38 38
0304_0019_0037_0045_0045.jpg 1 19 37 45 45
0305_0014_0045_0033_0033.jpg 1 14 45 33 33
0306_0008_0027_0064_0064.jpg 1 8 27 64 64
0307_0026_0041_0053_0053.jpg 1 26 41 53 53
0308_0031_0008_0063_0063.jpg 1 31 8 63 63
0309_0009_0020_0065_0065.jpg 1 9 20 65 65
0310_0034_0050_0041_0041.jpg 1 34 50 41 41
0311_0055_0025_0028_0028.jpg 1 55 25 28 28
0312_0045_0016_0035_0035.jpg 1 45 16 35 35
0313_0023_0019_0039_0039.jpg 1 23 19 39 39
0314_0011_0047_0044_0044.jpg 1 11 47 44 44
0315_0023_0010_0049_0049.jpg 1 23 10 49 49
0316_0027_0010_0069_0069.jpg 1 27 10 69 69
0317_0022_0026_0050_0050.jpg 1 22 26 50 50
0318_0008_0029_0051_0051.jpg 1 8 29 51 51
0319_0025_0009_0063_0063.jpg 1 25 9 63 63
0320_0019_0030_0061_0061.jpg 1 19 30 61 61
0321_0008_0006_0061_0061.jpg 1 8 6 61 61
0322_0008_0014_0057_0057.jpg 1 8 14 57 57
0323_0015_0031_0027_0027.jpg 1 15 31 27 27
0324_0026_0055_0031_0031.jpg 1 26 55 31 31
0325_0020_0018_0067_0067.jpg 1 20 18 67 67
0326_0008_0024_0037_0037.jpg 1 8 24 37 37
0327_0029_0045_0034_0034.jpg 1 29 45 34 34
0328_0041_0055_0024_0024.jpg 1 41 55 24 24
0329_0012_0019_0055_0055.jpg 1 12 19 55 55
0330_0057_0054_0031_0031.jpg 1 57 54 31 31
0331_0022_0005_0053_0053.jpg 1 22 5 53 53
0332_0027_0026_0051_0051.jpg 1 27 26 51 51
0333_0049_0016_0037_0037.jpg 1 49 16 37 37
0334_0024_0058_0026_0026.jpg 1 24 58 26 26
0335_0018_0023_0053_0053.jpg 1 18 23 53 53
0336_0014_0015_0046_0046.jpg 1 14 15 46 46
0337_0005_0012_0061_0061.jpg 1 5 12 61 61
0338_0050_0037_0035_0035.jpg 1 50 37 35 35
0339_0049_0047_0044_0044.jpg 1 49 47 44 44
0340_0032_0024_0040_0040.jpg 1 32 24 40 40
0341_0013_0026_0059_0059.jpg 1 13 26 59 59
0342_0018_0026_0030_0030.jpg 1 18 26 30 30
0343_0031_0025_0024_0024.jpg 1 31 25 24 24
0344_0035_0031_0041_0041.jpg 1 35 31 41 41
0345_0035_0039_0024_0024.jpg 1 35 39 24 24
0346_0038_0053_0030_0030.jpg 1 38 53 30 30
0347_0055_0006_0037_0037.jpg 1 55 6 37 37
0348_0007_0064_0026_0026.jpg 1 7 64 26 26
0349_0005_0014_0047_0047.jpg 1 5 14 47 47
0350_0021_0009_0053_0053.jpg 1 21 9 53 53
0351_0058_0024_0031_0031.jpg 1 58 24 31 31
0352_0033_0048_0046_0046.jpg 1 33 48 46 46
0353_0038_0015_0056_0056.jpg 1 38 15 56 56
0354_0028_0012_0034_0034.jpg 1 28 12 34 34
0355_0043_0057_0034_0034.jpg 1 43 57 34 34
0356_0039_0051_0037_0037.jpg 1 39 51 37 37
0357_0020_0030_0061_0061.jpg 1 20 30 61 61
0358_0015_0019_0059_0059.jpg 1 15 19 59 59
0359_0034_0042_0046_0046.jpg 1 34 42 46 46
0360_0021_0017_0061_0061.jpg 1 21 17 61 61
0361_0035_0033_0025_0025.jpg 1 35 33 25 25
0362_0021_0024_0062_0062.jpg 1 21 24 62 62
0363_0005_0019_0055_0055.jpg 1 5 19 55 55
0364_0040_0017_0026_0026.jpg 1 40 17 26 26
0365_0050_0024_0028_0028.jpg 1 50 24 28 28
0366_0016_0046_0030_0030.jpg 1 16 46 30 30
0367_0055_0019_0035_0035.jpg 1 55 19 35 35
0368_0015_0045_0045_0045.jpg 1 15 45 45 45
0369_0030_0023_0051_0051.jpg 1 30 23 51 51
0370_0016_0046_0025_0025.jpg 1 16 46 25 25
0371_0005_0005_0050_0050.jpg 1 5 5 50 50
0372_0015_0037_0051_0051.jpg 1 15 37 51 51
0373_0048_0044_0027_0027.jpg 1 48 44 27 27
0374_0013_0007_0052_0052.jpg 1 13 7 52 52
0375_0058_0037_0034_0034.jpg 1 58 37 34 34
0376_0040_0020_0052_0052.jpg 1 40 20 52 52
0377_0006_0020_0057_0057.jpg 1 6 20 57 57
0378_0021_0024_0064_0064.jpg 1 21 24 64 64
0379_0043_0035_0037_0037.jpg 1 43 35 37 37
0380_0027_0010_0064_0064.jpg 1 27 10 64 64
0381_0010_0028_0033_0033.jpg 1 10 28 33 33
0382_0012_0026_0045_0045.jpg 1 12 26 45 45
0383_0010_0021_0046_0046.jpg 1 10 21 46 46
0384_0032_0038_0038_0038.jpg 1 32 38 38 38
0385_0007_0007_0062_0062.jpg 1 7 7 62 62
0386_0011_0023_0058_0058.jpg 1 11 23 58 58
0387_0023_0008_0061_0061.jpg 1 23 8 61 61
0388_0044_0040_0042_0042.jpg 1 44 40 42 42
0389_0025_0039_0045_0045.jpg 1 25 39 45 45
0390_0028_0045_0035_0035.jpg 1 28 45 35 35
0391_0013_0013_0067_0067.jpg 1 13 13 67 67
0392_0018_0038_0042_0042.jpg 1 18 38 42 42
0393_0025_0024_0040_0040.jpg 1 25 24 40 40
0394_0025_0011_0043_0043.jpg 1 25 11 43 43
0395_0013_0042_0039_0039.jpg 1 13 42 39 39
0396_0040_0009_0027_0027.jpg 1 40 9 27 27
0397_0016_0040_0033_0033.jpg 1 16 40 33 33
0398_0010_0041_0053_0053.jpg 1 10 41 53 53
0399_0032_0060_0031_0031.jpg 1 32 60 31 31
0400_0017_0015_0057_0057.jpg 1 17 15 57 57
0401_0017_0019_0053_0053.jpg 1 17 19 53 53
0402_0023_0020_0048_0048.jpg 1 23 20 48 48
0403_0024_0008_0044_0044.jpg 1 24 8 44 44
0404_0017_0021_0037_0037.jpg 1 17 21 37 37
0405_0009_0008_0067_0067.jpg 1 9 8 67 67
0406_0031_0015_0034_0034.jpg 1 31 15 34 34
0407_0039_0044_0040_0040.jpg 1 39 44 40 40
0408_0013_0006_0058_0058.jpg 1 13 6 58 58
0409_0025_0024_0065_0065.jpg 1 25 24 65 65
0410_0036_0005_0055_0055.jpg 1 36 5 55 55
0411_0014_0043_0044_0044.jpg 1 14 43 44 44
0412_0009_0018_0064_0064.jpg 1 9 18 64 64
0413_0007_0049_0036_0036.jpg 1 7 49 36 36
0414_0022_0027_0043_0043.jpg 1 22 27 43 43
0415_0008_0037_0036_0036.jpg 1 8 37 36 36
0416_0026_0034_0053_0053.jpg 1 26 34 53 53
0417_0018_0008_0066_0066.jpg 1 18 8 66 66
0418_0039_0055_0036_0036.jpg 1 39 55 36 36
0419_0032_0042_0043_0043.jpg 1 32 42 43 43
0420_0017_0022_0029_0029.jpg 1 17 22 29 29
0421_0009_0029_0045_0045.jpg 1 9 29 45 45
0422_0021_0019_0068_0068.jpg 1 21 19 68 68
0423_0021_0020_0059_0059.jpg 1 21 20 59 59
0424_0010_0031_0062_0062.jpg 1 10 31 62 62
0425_0036_0016_0044_0044.jpg 1 36 16 44 44
0426_0027_0009_0055_0055.jpg 1 27 9 55 55
0427_0019_0018_0040_0040.jpg 1 19 18 40 40
0428_0025_0020_0048_0048.jpg 1 25 20 48 48
0429_0016_0023_0068_0068.jpg 1 16 23 68 68
0430_0013_0013_0052_0052.jpg 1 13 13 52 52
0431_0029_0032_0038_0038.jpg 1 29 32 38 38
0432_0059_0039_0030_0030.jpg 1 59 39 30 30
0433_0022_0021_0046_0046.jpg 1 22 21 46 46
0434_0026_0022_0064_0064.jpg 1 26 22 64 64
0435_0021_0028_0068_0068.jpg 1 21 28 68 68
0436_0039_0025_0049_0049.jpg 1 39 25 49 49
0437_0027_0014_0045_0045.jpg 1 27 14 45 45
0438_0009_0012_0061_0061.jpg 1 9 12 61 61
0439_0057_0045_0031_0031.jpg 1 57 45 31 31
0440_0018_0011_0068_0068.jpg 1 18 11 68 68
0441_0042_0051_0031_0031.jpg 1 42 51 31 31
0442_0042_0038_0052_0052.jpg 1 42 38 52 52
0443_0021_0016_0062_0062.jpg 1 21 16 62 62
0444_0017_0029_0026_0026.jpg 1 17 29 26 26
0445_0010_0043_0038_0038.jpg 1 10 43 38 38
0446_0027_0024_0066_0066.jpg 1 27 24 66 66
0447_0011_0023_0067_0067.jpg 1 11 23 67 67
0448_0017_0008_0064_0064.jpg 1 17 8 64 64
0449_0019_0036_0030_0030.jpg 1 19 36 30 30
0450_0055_0012_0028_0028.jpg 1 55 12 28 28
0451_0022_0017_0066_0066.jpg 1 22 17 66 66
0452_0023_0022_0043_0043.jpg 1 23 22 43 43
0453_0030_0041_0048_0048.jpg 1 30 41 48 48
0454_0021_0004_0066_0066.jpg 1 21 4 66 66
0455_0022_0010_0067_0067.jpg 1 22 10 67 67
0456_0031_0031_0055_0055.jpg 1 31 31 55 55
0457_0043_0014_0048_0048.jpg 1 43 14 48 48
0458_0024_0020_0047_0047.jpg 1 24 20 47 47
0459_0027_0024_0031_0031.jpg 1 27 24 31 31
0460_0026_0036_0055_0055.jpg 1 26 36 55 55
0461_0007_0031_0065_0065.jpg 1 7 31 65 65
0462_0021_0018_0044_0044.jpg 1 21 18 44 44
0463_0030_0049_0040_0040.jpg 1 30 49 40 40
0464_0041_0025_0054_0054.jpg 1 41 25 54 54
0465_0015_0012_0041_0041.jpg 1 15 12 41 41
0466_0011_0011_0048_0048.jpg 1 11 11 48 48
0467_0032_0011_0062_0062.jpg 1 32 11 62 62
0468_0039_0012_0037_0037.jpg 1 39 12 37 37
0469_0043_0041_0043_0043.jpg 1 43 41 43 43
0470_0019_0033_0061_0061.jpg 1 19 33 61 61
0471_0059_0056_0034_0034.jpg 1 59 56 34 34
0472_0012_0021_0062_0062.jpg 1 12 21 62 62
0473_0011_0005_0051_0051.jpg 1 11 5 51 51
0474_0049_0059_0026_0026.jpg 1 49 59 26 26
0475_0006_0012_0069_0069.jpg 1 6 12 69 69
0476_0014_0025_0064_0064.jpg 1 14 25 64 64
0477_0017_0022_0068_0068.jpg 1 17 22 68 68
0478_0008_0050_0026_0026.jpg 1 8 50 26 26
0479_0018_0025_0069_0069.jpg 1 18 25 69 69
0480_0011_0021_0057_0057.jpg 1 11 21 57 57
0481_0004_0018_0060_0060.jpg 1 4 18 60 60
0482_0041_0032_0044_0044.jpg 1 41 32 44 44
0483_0041_0033_0046_0046.jpg 1 41 33 46 46
0484_0051_0044_0032_0032.jpg 1 51 44 32 32
0485_0017_0017_0029_0029.jpg 1 17 17 29 29
0486_0022_0036_0031_0031.jpg 1 22 36 31 31
0487_0021_0014_0061_0061.jpg 1 21 14 61 61
0488_0033_0058_0034_0034.jpg 1 33 58 34 34
0489_0041_0046_0042_0042.jpg 1 41 46 42 42
0490_0034_0027_0054_0054.jpg 1 34 27 54 54
0491_0005_0016_0065_0065.jpg 1 5 16 65 65
0492_0023_0028_0042_0042.jpg 1 23 28 42 42
0493_0025_0006_0067_0067.jpg 1 25 6 67 67
0494_0010_0047_0024_0024.jpg 1 10 47 24 24
0495_0016_0033_0056_0056.jpg 1 16 33 56 56
0496_0028_0014_0058_0058.jpg 1 28 14 58 58
0497_0013_0035_0053_0053.jpg 1 13 35 53 53
0498_0025_0053_0033_0033.jpg 1 25 53 33 33
0499_0054_0049_0034_0034.jpg 1 54 49 34 34
0500_0018_0014_0033_0033.jpg 1 18 14 33 33
0501_0032_0050_0024_0024.jpg 1 32 50 24 24
0502_0027_0017_0068_0068.jpg 1 27 17 68 68
0503_0036_0021_0024_0024.jpg 1 36 21 24 24
0504_0012_0035_0029_0029.jpg 1 12 35 29 29
0505_0024_0027_0064_0064.jpg 1 24 27 64 64
0506_0013_0015_0024_0024.jpg 1 13 15 24 24
0507_0053_0052_0036_0036.jpg 1 53 52 36 36
0508_0031_0029_0047_0047.jpg 1 31 29 47 47
0509_0012_0028_0041_0041.jpg 1 12 28 41 41
0510_0056_0046_0027_0027.jpg 1 56 46 27 27
0511_0042_0031_0038_0038.jpg 1 42 31 38 38
0512_0005_0014_0068_0068.jpg 1 5 14 68 68
0513_0009_0040_0052_0052.jpg 1 9 40 52 52
0514_0037_0020_0047_0047.jpg 1 37 20 47 47
0515_0011_0037_0040_0040.jpg 1 11 37 40 40
0516_0012_0050_0024_0024.jpg 1 12 50 24 24
0517_0021_0019_0048_0048.jpg 1 21 19 48 48
0518_0021_0013_0061_0061.jpg 1 21 13 61 61
0519_0007_0022_0061_0061.jpg 1 7 22 61 61
0520_0019_0007_0032_0032.jpg 1 19 7 32 32
0521_0006_0015_0063_0063.jpg 1 6 15 63 63
0522_0010_0029_0065_0065.jpg 1 10 29 65 65
0523_0034_0034_0032_0032.jpg 1 34 34 32 32
0524_0006_0015_0060_0060.jpg 1 6 15 60 60
0525_0051_0011_0042_0042.jpg 1 51 11 42 42
0526_0037_0014_0048_0048.jpg 1 37 14 48 48
0527_0007_0028_0046_0046.jpg 1 7 28 46 46
0528_0007_0016_0069_0069.jpg 1 7 16 69 69
0529_0028_0060_0028_0028.jpg 1 28 60 28 28
0530_0030_0007_0061_0061.jpg 1 30 7 61 61
0531_0050_0012_0033_0033.jpg 1 50 12 33 33
0532_0052_0020_0024_0024.jpg 1 52 20 24 24
0533_0017_0049_0024_0024.jpg 1 17 49 24 24
0534_0031_0008_0029_0029.jpg 1 31 8 29 29
0535_0037_0025_0047_0047.jpg 1 37 25 47 47
0536_0007_0030_0036_0036.jpg 1 7 30 36 36
0537_0030_0035_0057_0057.jpg 1 30 35 57 57
0538_0033_0024_0051_0051.jpg 1 33 24 51 51
0539_0046_0049_0042_0042.jpg 1 46 49 42 42
0540_0012_0031_0062_0062.jpg 1 12 31 62 62
0541_0014_0010_0038_0038.jpg 1 14 10 38 38
0542_0024_0055_0029_0029.jpg 1 24 55 29 29
0543_0026_0006_0067_0067.jpg 1 26 6 67 67
0544_0029_0009_0028_0028.jpg 1 29 9 28 28
0545_0020_0020_0054_0054.jpg 1 20 20 54 54
0546_0032_0038_0038_0038.jpg 1 32 38 38 38
0547_0029_0024_0062_0062.jpg 1 29 24 62 62
0548_0055_0010_0038_0038.jpg 1 55 10 38 38
0549_0011_0067_0024_0024.jpg 1 11 67 24 24
0550_0037_0043_0046_0046.jpg 1 37 43 46 46
0551_0033_0020_0026_0026.jpg 1 33 20 26 26
0552_0038_0028_0025_0025.jpg 1 38 28 25 25
0553_0014_0017_0061_0061.jpg 1 14 17 61 61
0554_0026_0023_0039_0039.jpg 1 26 23 39 39
0555_0011_0034_0060_0060.jpg 1 11 34 60 60
0556_0029_0027_0036_0036.jpg 1 29 27 36 36
0557_0029_0020_0057_0057.jpg 1 29 20 57 57
0558_0037_0049_0042_0042.jpg 1 37 49 42 42
0559_0005_0011_0067_0067.jpg 1 5 11 67 67
0560_0034_0037_0058_0058.jpg 1 34 37 58 58
0561_0026_0032_0044_0044.jpg 1 26 32 44 44
0562_0016_0032_0032_0032.jpg 1 16 32 32 32
0563_0029_0022_0048_0048.jpg 1 29 22 48 48
0564_0020_0010_0052_0052.jpg 1 20 10 52 52
0565_0030_0008_0029_0029.jpg 1 30 8 29 29
0566_0013_0028_0050_0050.jpg 1 13 28 50 50
0567_0038_0010_0027_0027.jpg 1 38 10 27 27
0568_0017_0064_0024_0024.jpg 1 17 64 24 24
0569_0022_0011_0050_0050.jpg 1 22 11 50 50
0570_0007_0023_0066_0066.jpg 1 7 23 66 66
0571_0021_0006_0069_0069.jpg 1 21 6 69 69
0572_0044_0018_0048_0048.jpg 1 44 18 48 48
0573_0019_0008_0065_0065.jpg 1 19 8 65 65
0574_0029_0035_0060_0060.jpg 1 29 35 60 60
0575_0022_0034_0060_0060.jpg 1 22 34 60 60
0576_0018_0014_0069_0069.jpg 1 18 14 69 69
0577_0033_0024_0052_0052.jpg 1 33 24 52 52
0578_0012_0045_0042_0042.jpg 1 12 45 42 42
0579_0037_0036_0035_0035.jpg 1 37 36 35 35
0580_0051_0024_0030_0030.jpg 1 51 24 30 30
0581_0014_0012_0037_0037.jpg 1 14 12 37 37
0582_0036_0036_0054_0054.jpg 1 36 36 54 54
0583_0005_0036_0045_0045.jpg 1 5 36 45 45
0584_0037_0010_0034_0034.jpg 1 37 10 34 34
0585_0028_0029_0063_0063.jpg 1 28 29 63 63
0586_0036_0012_0027_0027.jpg 1 36 12 27 27
0587_0016_0010_0068_0068.jpg 1 16 10 68 68
0588_0050_0021_0042_0042.jpg 1 50 21 42 42
0589_0022_0041_0053_0053.jpg 1 22 41 53 53
0590_0061_0023_0031_0031.jpg 1 61 23 31 31
0591_0007_0027_0062_0062.jpg 1 7 27 62 62
0592_0033_0034_0059_0059.jpg 1 33 34 59 59
0593_0004_0028_0064_0064.jpg 1 4 28 64 64
0594_0007_0006_0062_0062.jpg 1 7 6 62 62
0595_0014_0026_0061_0061.jpg 1 14 26 61 61
0596_0035_0012_0055_0055.jpg 1 35 12 55 55
0597_0042_0033_0024_0024.jpg 1 42 33 24 24
0598_0040_0034_0043_0043.jpg 1 40 34 43 43
0599_0013_0029_0031_0031.jpg 1 13 29 31 31
0600_0025_0004_0065_0065.jpg 1 25 4 65 65
0601_0037_0014_0048_0048.jpg 1 37 14 48 48
0602_0025_0008_0051_0051.jpg 1 25 8 51 51
0603_0044_0039_0047_0047.jpg 1 44 39 47 47
0604_0013_0009_0063_0063.jpg 1 13 9 63 63
0605_0013_0015_0026_0026.jpg 1 13 15 26 26
0606_0029_0032_0063_0063.jpg 1 29 32 63 63
0607_0018_0027_0055_0055.jpg 1 18 27 55 55
0608_0020_0006_0061_0061.jpg 1 20 6 61 61
0609_0045_0025_0040_0040.jpg 1 45 25 40 40
0610_0022_0010_0041_0041.jpg 1 22 10 41 41
0611_0039_0044_0039_0039.jpg 1 39 44 39 39
0612_0040_0009_0026_0026.jpg 1 40 9 26 26
0613_0024_0021_0057_0057.jpg 1 24 21 57 57
0614_0008_0027_0052_0052.jpg 1 8 27 52 52
0615_0024_0026_0069_0069.jpg 1 24 26 69 69
0616_0027_0024_0057_0057.jpg 1 27 24 57 57
0617_0042_0028_0046_0046.jpg 1 42 28 46 46
0618_0017_0008_0042_0042.jpg 1 17 8 42 42
0619_0022_0011_0034_0034.jpg 1 22 11 34 34
0620_0048_0012_0045_0045.jpg 1 48 12 45 45
0621_0022_0047_0044_0044.jpg 1 22 47 44 44
0622_0055_0061_0030_0030.jpg 1 55 61 30 30
0623_0035_0032_0057_0057.jpg 1 35 32 57 57
0624_0021_0015_0059_0059.jpg 1 21 15 59 59
0625_0004_0005_0061_0061.jpg 1 4 5 61 61
0626_0017_0053_0039_0039.jpg 1 17 53 39 39
0627_0137_0019_0172_0172.jpg 1 137 19 172 172
0628_0027_0013_0058_0058.jpg 1 27 13 58 58
0629_0048_0036_0043_0043.jpg 1 48 36 43 43
0630_0029_0034_0040_0040.jpg 1 29 34 40 40
0631_0015_0018_0044_0044.jpg 1 15 18 44 44
0632_0024_0019_0048_0048.jpg 1 24 19 48 48
0633_0055_0042_0036_0036.jpg 1 55 42 36 36
0634_0041_0026_0049_0049.jpg 1 41 26 49 49
0635_0008_0009_0069_0069.jpg 1 8 9 69 69
0636_0028_0023_0054_0054.jpg 1 28 23 54 54
0637_0030_0017_0051_0051.jpg 1 30 17 51 51
0638_0037_0046_0047_0047.jpg 1 37 46 47 47
0639_0035_0039_0032_0032.jpg 1 35 39 32 32
0640_0017_0017_0048_0048.jpg 1 17 17 48 48
0641_0028_0007_0035_0035.jpg 1 28 7 35 35
0642_0047_0022_0038_0038.jpg 1 47 22 38 38
0643_0015_0006_0046_0046.jpg 1 15 6 46 46
0644_0016_0018_0067_0067.jpg 1 16 18 67 67
0645_0060_0011_0024_0024.jpg 1 60 11 24 24
0646_0004_0032_0057_0057.jpg 1 4 32 57 57
0647_0034_0007_0061_0061.jpg 1 34 7 61 61
0648_0013_0026_0037_0037.jpg 1 13 26 37 37
0649_0036_0023_0039_0039.jpg 1 36 23 39 39
0650_0023_0027_0044_0044.jpg 1 23 27 44 44
0651_0032_0041_0040_0040.jpg 1 32 41 40 40
0652_0016_0007_0041_0041.jpg 1 16 7 41 41
0653_0028_0017_0066_0066.jpg 1 28 17 66 66
0654_0024_0049_0028_0028.jpg 1 24 49 28 28
0655_0009_0025_0043_0043.jpg 1 9 25 43 43
0656_0035_0031_0053_0053.jpg 1 35 31 53 53
0657_0008_0014_0057_0057.jpg 1 8 14 57 57
0658_0042_0013_0047_0047.jpg 1 42 13 47 47
0659_0034_0049_0038_0038.jpg 1 34 49 38 38
0660_0014_0021_0039_0039.jpg 1 14 21 39 39
0661_0023_0027_0052_0052.jpg 1 23 27 52 52
0662_0047_0015_0047_0047.jpg 1 47 15 47 47
0663_0010_0016_0067_0067.jpg 1 10 16 67 67
0664_0029_0004_0066_0066.jpg 1 29 4 66 66
0665_0007_0011_0064_0064.jpg 1 7 11 64 64
0666_0021_0042_0029_0029.jpg 1 21 42 29 29
0667_0058_0048_0033_0033.jpg 1 58 48 33 33
0668_0010_0013_0067_0067.jpg 1 10 13 67 67
0669_0033_0058_0028_0028.jpg 1 33 58 28 28
0670_0026_0038_0032_0032.jpg 1 26 38 32 32
0671_0017_0012_0060_0060.jpg 1 17 12 60 60
0672_0036_0043_0041_0041.jpg 1 36 43 41 41
0673_0018_0005_0060_0060.jpg 1 18 5 60 60
0674_0006_0028_0067_0067.jpg 1 6 28 67 67
0675_0010_0023_0028_0028.jpg 1 10 23 28 28
0676_0009_0057_0026_0026.jpg 1 9 57 26 26
0677_0040_0028_0043_0043.jpg 1 40 28 43 43
0678_0053_0035_0032_0032.jpg 1 53 35 32 32
0679_0026_0036_0025_0025.jpg 1 26 36 25 25
0680_0033_0038_0042_0042.jpg 1 33 38 42 42
0681_0054_0046_0031_0031.jpg 1 54 46 31 31
0682_0015_0011_0054_0054.jpg 1 15 11 54 54
0683_0040_0028_0053_0053.jpg 1 40 28 53 53
0684_0033_0005_0058_0058.jpg 1 33 5 58 58
0685_0026_0042_0042_0042.jpg 1 26 42 42 42
0686_0011_0014_0049_0049.jpg 1 11 14 49 49
0687_0017_0023_0064_0064.jpg 1 17 23 64 64
0688_0033_0016_0062_0062.jpg 1 33 16 62 62
0689_0015_0009_0037_0037.jpg 1 15 9 37 37
0690_0047_0032_0036_0036.jpg 1 47 32 36 36
0691_0021_0031_0062_0062.jpg 1 21 31 62 62
0692_0041_0023_0024_0024.jpg 1 41 23 24 24
0693_0039_0039_0033_0033.jpg 1 39 39 33 33
0694_0028_0008_0039_0039.jpg 1 28 8 39 39
0695_0025_0007_0069_0069.jpg 1 25 7 69 69
0696_0038_0011_0029_0029.jpg 1 38 11 29 29
0697_0008_0015_0054_0054.jpg 1 8 15 54 54
0698_0029_0007_0035_0035.jpg 1 29 7 35 35
0699_0025_0017_0057_0057.jpg 1 25 17 57 57
0700_0012_0027_0055_0055.jpg 1 12 27 55 55
0701_0027_0014_0064_0064.jpg 1 27 14 64 64
0702_0017_0023_0069_0069.jpg 1 17 23 69 69
0703_0050_0026_0037_0037.jpg 1 50 26 37 37
0704_0016_0025_0068_0068.jpg 1 16 25 68 68
0705_0041_0033_0041_0041.jpg 1 41 33 41 41
0706_0040_0017_0052_0052.jpg 1 40 17 52 52
0707_0006_0035_0049_0049.jpg 1 6 35 49 49
0708_0043_0037_0028_0028.jpg 1 43 37 28 28
0709_0046_0056_0024_0024.jpg 1 46 56 24 24
0710_0019_0030_0039_0039.jpg 1 19 30 39 39
0711_0045_0039_0037_0037.jpg 1 45 39 37 37
0712_0027_0039_0051_0051.jpg 1 27 39 51 51
0713_0015_0020_0068_0068.jpg 1 15 20 68 68
0714_0026_0025_0063_0063.jpg 1 26 25 63 63
0715_0011_0009_0050_0050.jpg 1 11 9 50 50
0716_0034_0020_0058_0058.jpg 1 34 20 58 58
0717_0005_0013_0060_0060.jpg 1 5 13 60 60
0718_0007_0032_0033_0033.jpg 1 7 32 33 33
0719_0052_0030_0041_0041.jpg 1 52 30 41 41
0720_0025_0038_0056_0056.jpg 1 25 38 56 56
0721_0037_0007_0054_0054.jpg 1 37 7 54 54
0722_0015_0012_0058_0058.jpg 1 15 12 58 58
0723_0019_0020_0069_0069.jpg 1 19 20 69 69
0724_0007_0024_0066_0066.jpg 1 7 24 66 66
0725_0031_0008_0032_0032.jpg 1 31 8 32 32
0726_0015_0027_0033_0033.jpg 1 15 27 33 33
0727_0027_0018_0059_0059.jpg 1 27 18 59 59
0728_0043_0010_0050_0050.jpg 1 43 10 50 50
0729_0030_0025_0059_0059.jpg 1 30 25 59 59
0730_0017_0039_0054_0054.jpg 1 17 39 54 54
0731_0012_0024_0047_0047.jpg 1 12 24 47 47
0732_0058_0028_0034_0034.jpg 1 58 28 34 34
0733_0016_0020_0037_0037.jpg 1 16 20 37 37
0734_0026_0026_0068_0068.jpg 1 26 26 68 68
0735_0035_0029_0054_0054.jpg 1 35 29 54 54
0736_0015_0009_0052_0052.jpg 1 15 9 52 52
0737_0020_0015_0045_0045.jpg 1 20 15 45 45
0738_0064_0026_0027_0027.jpg 1 64 26 27 27
0739_0027_0025_0069_0069.jpg 1 27 25 69 69
0740_0043_0016_0028_0028.jpg 1 43 16 28 28
0741_0043_0029_0049_0049.jpg 1 43 29 49 49
0742_0013_0044_0037_0037.jpg 1 13 44 37 37
0743_0017_0032_0064_0064.jpg 1 17 32 64 64
0744_0051_0046_0036_0036.jpg 1 51 46 36 36
0745_0064_0020_0028_0028.jpg 1 64 20 28 28
0746_0046_0035_0031_0031.jpg 1 46 35 31 31
0747_0038_0035_0044_0044.jpg 1 38 35 44 44
0748_0042_0042_0039_0039.jpg 1 42 42 39 39
0749_0013_0008_0057_0057.jpg 1 13 8 57 57
0750_0024_0064_0026_0026.jpg 1 24 64 26 26
0751_0005_0010_0059_0059.jpg 1 5 10 59 59
0752_0049_0030_0028_0028.jpg 1 49 30 28 28
0753_0038_0057_0030_0030.jpg 1 38 57 30 30
0754_0054_0015_0034_0034.jpg 1 54 15 34 34
0755_0034_0014_0034_0034.jpg 1 34 14 34 34
0756_0015_0014_0055_0055.jpg 1 15 14 55 55
0757_0048_0034_0043_0043.jpg 1 48 34 43 43
0758_0004_0015_0058_0058.jpg 1 4 15 58 58
0759_0009_0053_0028_0028.jpg 1 9 53 28 28
0760_0036_0021_0033_0033.jpg 1 36 21 33 33
0761_0013_0033_0061_0061.jpg 1 13 33 61 61
0762_0030_0043_0042_0042.jpg 1 30 43 42 42
0763_0008_0022_0062_0062.jpg 1 8 22 62 62
0764_0029_0030_0036_0036.jpg 1 29 30 36 36
0765_0054_0011_0037_0037.jpg 1 54 11 37 37
0766_0024_0024_0065_0065.jpg 1 24 24 65 65
0767_0016_0009_0044_0044.jpg 1 16 9 44 44
0768_0044_0032_0050_0050.jpg 1 44 32 50 50
0769_0030_0006_0065_0065.jpg 1 30 6 65 65
0770_0024_0029_0051_0051.jpg 1 24 29 51 51
0771_0054_0007_0036_0036.jpg 1 54 7 36 36
0772_0031_0009_0064_0064.jpg 1 31 9 64 64
0773_0011_0034_0042_0042.jpg 1 11 34 42 42
0774_0024_0011_0065_0065.jpg 1 24 11 65 65
0775_0011_0040_0043_0043.jpg 1 11 40 43 43
0776_0017_0023_0040_0040.jpg 1 17 23 40 40
0777_0011_0034_0032_0032.jpg 1 11 34 32 32
0778_0040_0019_0025_0025.jpg 1 40 19 25 25
0779_0004_0028_0067_0067.jpg 1 4 28 67 67
0780_0026_0025_0031_0031.jpg 1 26 25 31 31
0781_0007_0032_0056_0056.jpg 1 7 32 56 56
0782_0015_0022_0032_0032.jpg 1 15 22 32 32
0783_0050_0013_0025_0025.jpg 1 50 13 25 25
0784_0024_0034_0045_0045.jpg 1 24 34 45 45
0785_0037_0056_0034_0034.jpg 1 37 56 34 34
0786_0030_0047_0040_0040.jpg 1 30 47 40 40
0787_0004_0005_0066_0066.jpg 1 4 5 66 66
0788_0028_0025_0056_0056.jpg 1 28 25 56 56
0789_0052_0008_0031_0031.jpg 1 52 8 31 31
0790_0027_0007_0063_0063.jpg 1 27 7 63 63
0791_0008_0062_0030_0030.jpg 1 8 62 30 30
0792_0031_0028_0043_0043.jpg 1 31 28 43 43
0793_0030_0029_0035_0035.jpg 1 30 29 35 35
0794_0046_0045_0039_0039.jpg 1 46 45 39 39
0795_0003_0020_0069_0069.jpg 1 3 20 69 69
0796_0045_0034_0047_0047.jpg 1 45 34 47 47
0797_0045_0042_0049_0049.jpg 1 45 42 49 49
0798_0037_0023_0048_0048.jpg 1 37 23 48 48
0799_0011_0028_0068_0068.jpg 1 11 28 68 68
0800_0059_0012_0030_0030.jpg 1 59 12 30 30
