0001_0037_0045_0035_0035.jpg 1 37 45 35 35
0002_0041_0053_0039_0039.jpg 1 41 53 39 39
0003_0021_0048_0044_0044.jpg 1 21 48 44 44
0004_0014_0044_0048_0048.jpg 1 14 44 48 48
0005_0063_0038_0024_0024.jpg 1 63 38 24 24
0006_0016_0025_0056_0056.jpg 1 16 25 56 56
0007_0008_0018_0060_0060.jpg 1 8 18 60 60
0008_0034_0017_0048_0048.jpg 1 34 17 48 48
0009_0035_0007_0029_0029.jpg 1 35 7 29 29
0010_0029_0006_0066_0066.jpg 1 29 6 66 66
0011_0014_0024_0036_0036.jpg 1 14 24 36 36
0012_0027_0008_0057_0057.jpg 1 27 8 57 57
0013_0062_0060_0028_0028.jpg 1 62 60 28 28
0014_0017_0012_0030_0030.jpg 1 17 12 30 30
0015_0034_0040_0027_0027.jpg 1 34 40 27 27
0016_0034_0056_0030_0030.jpg 1 34 56 30 30
0017_0041_0035_0027_0027.jpg 1 41 35 27 27
0018_0011_0025_0056_0056.jpg 1 11 25 56 56
0019_0053_0025_0037_0037.jpg 1 53 25 37 37
0020_0048_0017_0045_0045.jpg 1 48 17 45 45
0021_0025_0023_0048_0048.jpg 1 25 23 48 48
0022_0025_0025_0052_0052.jpg 1 25 25 52 52
0023_0015_0023_0051_0051.jpg 1 15 23 51 51
0024_0044_0047_0040_0040.jpg 1 44 47 40 40
0025_0020_0017_0058_0058.jpg 1 20 17 58 58
0026_0017_0011_0028_0028.jpg 1 17 11 28 28
0027_0007_0011_0033_0033.jpg 1 7 11 33 33
0028_0023_0030_0037_0037.jpg 1 23 30 37 37
0029_0005_0009_0050_0050.jpg 1 5 9 50 50
0030_0025_0057_0026_0026.jpg 1 25 57 26 26
0031_0034_0024_0033_0033.jpg 1 34 24 33 33
0032_0042_0019_0036_0036.jpg 1 42 19 36 36
0033_0013_0045_0032_0032.jpg 1 13 45 32 32
0034_0032_0027_0054_0054.jpg 1 32 27 54 54
0035_0056_0027_0027_0027.jpg 1 56 27 27 27
0036_0037_0044_0035_0035.jpg 1 37 44 35 35
0037_0006_0010_0050_0050.jpg 1 6 10 50 50
0038_0032_0023_0063_0063.jpg 1 32 23 63 63
0039_0033_0020_0036_0036.jpg 1 33 20 36 36
0040_0032_0018_0053_0053.jpg 1 32 18 53 53
0041_0015_0013_0058_0058.jpg 1 15 13 58 58
0042_0029_0020_0055_0055.jpg 1 29 20 55 55
0043_0011_0033_0049_0049.jpg 1 11 33 49 49
0044_0034_0042_0032_0032.jpg 1 34 42 32 32
0045_0039_0008_0049_0049.jpg 1 39 8 49 49
0046_0043_0025_0045_0045.jpg 1 43 25 45 45
0047_0032_0015_0048_0048.jpg 1 32 15 48 48
0048_0047_0014_0031_0031.jpg 1 47 14 31 31
0049_0026_0022_0066_0066.jpg 1 26 22 66 66
0050_0042_0033_0036_0036.jpg 1 42 33 36 36
0051_0015_0004_0062_0062.jpg 1 15 4 62 62
0052_0039_0028_0051_0051.jpg 1 39 28 51 51
0053_0041_0025_0033_0033.jpg 1 41 25 33 33
0054_0013_0034_0050_0050.jpg 1 13 34 50 50
0055_0038_0014_0046_0046.jpg 1 38 14 46 46
0056_0009_0035_0060_0060.jpg 1 9 35 60 60
0057_0062_0012_0026_0026.jpg 1 62 12 26 26
0058_0024_0016_0067_0067.jpg 1 24 16 67 67
0059_0024_0038_0048_0048.jpg 1 24 38 48 48
0060_0019_0013_0064_0064.jpg 1 19 13 64 64
0061_0032_0041_0046_0046.jpg 1 32 41 46 46
0062_0022_0008_0055_0055.jpg 1 22 8 55 55
0063_0020_0042_0029_0029.jpg 1 20 42 29 29
0064_0010_0013_0058_0058.jpg 1 10 13 58 58
0065_0029_0021_0040_0040.jpg 1 29 21 40 40
0066_0008_0005_0060_0060.jpg 1 8 5 60 60
0067_0021_0020_0050_0050.jpg 1 21 20 50 50
0068_0037_0033_0031_0031.jpg 1 37 33 31 31
0069_0015_0056_0029_0029.jpg 1 15 56 29 29
0070_0005_0035_0047_0047.jpg 1 5 35 47 47
0071_0048_0029_0040_0040.jpg 1 48 29 40 40
0072_0032_0027_0063_0063.jpg 1 32 27 63 63
0073_0034_0014_0054_0054.jpg 1 34 14 54 54
0074_0016_0014_0048_0048.jpg 1 16 14 48 48
0075_0014_0005_0066_0066.jpg 1 14 5 66 66
0076_0041_0019_0051_0051.jpg 1 41 19 51 51
0077_0033_0023_0042_0042.jpg 1 33 23 42 42
0078_0026_0014_0059_0059.jpg 1 26 14 59 59
0079_0048_0029_0041_0041.jpg 1 48 29 41 41
0080_0044_0025_0031_0031.jpg 1 44 25 31 31
0081_0031_0033_0031_0031.jpg 1 31 33 31 31
0082_0006_0025_0049_0049.jpg 1 6 25 49 49
0083_0027_0037_0043_0043.jpg 1 27 37 43 43
0084_0029_0012_0060_0060.jpg 1 29 12 60 60
0085_0033_0032_0026_0026.jpg 1 33 32 26 26
0086_0058_0051_0026_0026.jpg 1 58 51 26 26
0087_0009_0016_0060_0060.jpg 1 9 16 60 60
0088_0042_0031_0046_0046.jpg 1 42 31 46 46
0089_0028_0013_0063_0063.jpg 1 28 13 63 63
0090_0037_0037_0058_0058.jpg 1 37 37 58 58
0091_0027_0041_0038_0038.jpg 1 27 41 38 38
0092_0027_0028_0059_0059.jpg 1 27 28 59 59
0093_0008_0032_0055_0055.jpg 1 8 32 55 55
0094_0037_0017_0053_0053.jpg 1 37 17 53 53
0095_0005_0021_0064_0064.jpg 1 5 21 64 64
0096_0038_0018_0046_0046.jpg 1 38 18 46 46
0097_0021_0007_0067_0067.jpg 1 21 7 67 67
0098_0021_0047_0038_0038.jpg 1 21 47 38 38
0099_0029_0035_0050_0050.jpg 1 29 35 50 50
0100_0036_0041_0052_0052.jpg 1 36 41 52 52
0101_0055_0017_0033_0033.jpg 1 55 17 33 33
0102_0020_0027_0059_0059.jpg 1 20 27 59 59
0103_0047_0014_0045_0045.jpg 1 47 14 45 45
0104_0007_0008_0035_0035.jpg 1 7 8 35 35
0105_0020_0059_0033_0033.jpg 1 20 59 33 33
0106_0018_0007_0069_0069.jpg 1 18 7 69 69
0107_0023_0010_0061_0061.jpg 1 23 10 61 61
0108_0052_0062_0024_0024.jpg 1 52 62 24 24
0109_0033_0032_0056_0056.jpg 1 33 32 56 56
0110_0019_0024_0054_0054.jpg 1 19 24 54 54
0111_0015_0021_0063_0063.jpg 1 15 21 63 63
0112_0021_0004_0069_0069.jpg 1 21 4 69 69
0113_0004_0010_0064_0064.jpg 1 4 10 64 64
0114_0048_0058_0027_0027.jpg 1 48 58 27 27
0115_0009_0016_0033_0033.jpg 1 9 16 33 33
0116_0032_0008_0050_0050.jpg 1 32 8 50 50
0117_0006_0047_0043_0043.jpg 1 6 47 43 43
0118_0045_0052_0034_0034.jpg 1 45 52 34 34
0119_0066_0015_0025_0025.jpg 1 66 15 25 25
0120_0052_0048_0035_0035.jpg 1 52 48 35 35
0121_0015_0032_0041_0041.jpg 1 15 32 41 41
0122_0005_0024_0068_0068.jpg 1 5 24 68 68
0123_0008_0033_0058_0058.jpg 1 8 33 58 58
0124_0043_0022_0050_0050.jpg 1 43 22 50 50
0125_0062_0011_0026_0026.jpg 1 62 11 26 26
0126_0022_0036_0058_0058.jpg 1 22 36 58 58
0127_0024_0033_0061_0061.jpg 1 24 33 61 61
0128_0014_0015_0031_0031.jpg 1 14 15 31 31
0129_0026_0031_0050_0050.jpg 1 26 31 50 50
0130_0016_0033_0031_0031.jpg 1 16 33 31 31
0131_0021_0038_0056_0056.jpg 1 21 38 56 56
0132_0033_0041_0039_0039.jpg 1 33 41 39 39
0133_0031_0050_0031_0031.jpg 1 31 50 31 31
0134_0030_0030_0060_0060.jpg 1 30 30 60 60
0135_0048_0031_0045_0045.jpg 1 48 31 45 45
0136_0058_0055_0030_0030.jpg 1 58 55 30 30
0137_0050_0037_0030_0030.jpg 1 50 37 30 30
0138_0011_0011_0039_0039.jpg 1 11 11 39 39
0139_0023_0047_0038_0038.jpg 1 23 47 38 38
0140_0021_0029_0057_0057.jpg 1 21 29 57 57
0141_0020_0032_0050_0050.jpg 1 20 32 50 50
0142_0015_0011_0053_0053.jpg 1 15 11 53 53
0143_0009_0032_0059_0059.jpg 1 9 32 59 59
0144_0058_0053_0033_0033.jpg 1 58 53 33 33
0145_0034_0006_0045_0045.jpg 1 34 6 45 45
0146_0048_0014_0043_0043.jpg 1 48 14 43 43
0147_0037_0028_0041_0041.jpg 1 37 28 41 41
0148_0020_0022_0046_0046.jpg 1 20 22 46 46
0149_0016_0017_0068_0068.jpg 1 16 17 68 68
0150_0044_0038_0049_0049.jpg 1 44 38 49 49
0151_0019_0010_0047_0047.jpg 1 19 10 47 47
0152_0007_0029_0061_0061.jpg 1 7 29 61 61
0153_0005_0011_0061_0061.jpg 1 5 11 61 61
0154_0020_0032_0049_0049.jpg 1 20 32 49 49
0155_0010_0029_0043_0043.jpg 1 10 29 43 43
0156_0019_0045_0027_0027.jpg 1 19 45 27 27
0157_0016_0053_0034_0034.jpg 1 16 53 34 34
0158_0028_0028_0030_0030.jpg 1 28 28 30 30
0159_0043_0022_0028_0028.jpg 1 43 22 28 28
0160_0010_0053_0033_0033.jpg 1 10 53 33 33
0161_0042_0051_0042_0042.jpg 1 42 51 42 42
0162_0014_0022_0067_0067.jpg 1 14 22 67 67
0163_0038_0036_0052_0052.jpg 1 38 36 52 52
0164_0017_0033_0046_0046.jpg 1 17 33 46 46
0165_0042_0017_0042_0042.jpg 1 42 17 42 42
0166_0039_0039_0034_0034.jpg 1 39 39 34 34
0167_0010_0009_0067_0067.jpg 1 10 9 67 67
0168_0022_0009_0063_0063.jpg 1 22 9 63 63
0169_0012_0024_0065_0065.jpg 1 12 24 65 65
0170_0035_0016_0051_0051.jpg 1 35 16 51 51
0171_0022_0024_0064_0064.jpg 1 22 24 64 64
0172_0033_0031_0026_0026.jpg 1 33 31 26 26
0173_0028_0008_0038_0038.jpg 1 28 8 38 38
0174_0032_0017_0040_0040.jpg 1 32 17 40 40
0175_0013_0058_0029_0029.jpg 1 13 58 29 29
0176_0035_0032_0032_0032.jpg 1 35 32 32 32
0177_0020_0005_0067_0067.jpg 1 20 5 67 67
0178_0042_0044_0024_0024.jpg 1 42 44 24 24
0179_0027_0019_0048_0048.jpg 1 27 19 48 48
0180_0053_0032_0040_0040.jpg 1 53 32 40 40
0181_0024_0057_0033_0033.jpg 1 24 57 33 33
0182_0035_0020_0048_0048.jpg 1 35 20 48 48
0183_0008_0012_0066_0066.jpg 1 8 12 66 66
0184_0013_0004_0060_0060.jpg 1 13 4 60 60
0185_0031_0032_0044_0044.jpg 1 31 32 44 44
0186_0010_0014_0025_0025.jpg 1 10 14 25 25
0187_0041_0026_0046_0046.jpg 1 41 26 46 46
0188_0014_0059_0028_0028.jpg 1 14 59 28 28
0189_0035_0058_0032_0032.jpg 1 35 58 32 32
0190_0026_0015_0061_0061.jpg 1 26 15 61 61
0191_0025_0016_0067_0067.jpg 1 25 16 67 67
0192_0038_0008_0057_0057.jpg 1 38 8 57 57
0193_0015_0024_0037_0037.jpg 1 15 24 37 37
0194_0039_0032_0053_0053.jpg 1 39 32 53 53
0195_0020_0041_0041_0041.jpg 1 20 41 41 41
0196_0014_0015_0063_0063.jpg 1 14 15 63 63
0197_0015_0032_0045_0045.jpg 1 15 32 45 45
0198_0005_0016_0047_0047.jpg 1 5 16 47 47
0199_0036_0022_0046_0046.jpg 1 36 22 46 46
0200_0013_0024_0035_0035.jpg 1 13 24 35 35
0201_0015_0027_0066_0066.jpg 1 15 27 66 66
0202_0049_0007_0037_0037.jpg 1 49 7 37 37
0203_0006_0025_0059_0059.jpg 1 6 25 59 59
0204_0054_0025_0030_0030.jpg 1 54 25 30 30
0205_0059_0026_0029_0029.jpg 1 59 26 29 29
0206_0011_0008_0058_0058.jpg 1 11 8 58 58
0207_0018_0016_0051_0051.jpg 1 18 16 51 51
0208_0019_0017_0061_0061.jpg 1 19 17 61 61
0209_0019_0014_0043_0043.jpg 1 19 14 43 43
0210_0016_0045_0034_0034.jpg 1 16 45 34 34
0211_0022_0013_0066_0066.jpg 1 22 13 66 66
0212_0024_0043_0051_0051.jpg 1 24 43 51 51
0213_0059_0031_0031_0031.jpg 1 59 31 31 31
0214_0053_0055_0028_0028.jpg 1 53 55 28 28
0215_0033_0017_0051_0051.jpg 1 33 17 51 51
0216_0048_0045_0038_0038.jpg 1 48 45 38 38
0217_0008_0046_0037_0037.jpg 1 8 46 37 37
0218_0025_0009_0061_0061.jpg 1 25 9 61 61
0219_0011_0030_0043_0043.jpg 1 11 30 43 43
0220_0017_0027_0067_0067.jpg 1 17 27 67 67
0221_0048_0037_0036_0036.jpg 1 48 37 36 36
0222_0015_0038_0054_0054.jpg 1 15 38 54 54
0223_0010_0039_0034_0034.jpg 1 10 39 34 34
0224_0031_0026_0062_0062.jpg 1 31 26 62 62
0225_0026_0063_0026_0026.jpg 1 26 63 26 26
0226_0007_0013_0030_0030.jpg 1 7 13 30 30
0227_0014_0026_0061_0061.jpg 1 14 26 61 61
0228_0008_0032_0026_0026.jpg 1 8 32 26 26
0229_0036_0045_0041_0041.jpg 1 36 45 41 41
0230_0045_0058_0025_0025.jpg 1 45 58 25 25
0231_0020_0019_0033_0033.jpg 1 20 19 33 33
0232_0036_0021_0057_0057.jpg 1 36 21 57 57
0233_0061_0022_0031_0031.jpg 1 61 22 31 31
0234_0006_0021_0038_0038.jpg 1 6 21 38 38
0235_0037_0008_0057_0057.jpg 1 37 8 57 57
0236_0011_0056_0027_0027.jpg 1 11 56 27 27
0237_0005_0030_0052_0052.jpg 1 5 30 52 52
0238_0023_0033_0052_0052.jpg 1 23 33 52 52
0239_0020_0015_0066_0066.jpg 1 20 15 66 66
0240_0013_0018_0068_0068.jpg 1 13 18 68 68
0241_0041_0037_0048_0048.jpg 1 41 37 48 48
0242_0031_0012_0052_0052.jpg 1 31 12 52 52
0243_0007_0022_0064_0064.jpg 1 7 22 64 64
0244_0034_0018_0054_0054.jpg 1 34 18 54 54
0245_0020_0022_0060_0060.jpg 1 20 22 60 60
0246_0028_0025_0062_0062.jpg 1 28 25 62 62
0247_0033_0041_0027_0027.jpg 1 33 41 27 27
0248_0022_0024_0056_0056.jpg 1 22 24 56 56
0249_0043_0018_0024_0024.jpg 1 43 18 24 24
0250_0016_0007_0065_0065.jpg 1 16 7 65 65
0251_0030_0038_0035_0035.jpg 1 30 38 35 35
0252_0014_0019_0060_0060.jpg 1 14 19 60 60
0253_0009_0014_0029_0029.jpg 1 9 14 29 29
0254_0030_0016_0044_0044.jpg 1 30 16 44 44
0255_0035_0024_0061_0061.jpg 1 35 24 61 61
0256_0010_0027_0055_0055.jpg 1 10 27 55 55
0257_0030_0007_0028_0028.jpg 1 30 7 28 28
0258_0006_0006_0055_0055.jpg 1 6 6 55 55
0259_0060_0049_0026_0026.jpg 1 60 49 26 26
0260_0015_0020_0056_0056.jpg 1 15 20 56 56
0261_0041_0029_0034_0034.jpg 1 41 29 34 34
0262_0019_0024_0069_0069.jpg 1 19 24 69 69
0263_0005_0031_0064_0064.jpg 1 5 31 64 64
0264_0033_0016_0026_0026.jpg 1 33 16 26 26
0265_0024_0038_0048_0048.jpg 1 24 38 48 48
0266_0054_0049_0024_0024.jpg 1 54 49 24 24
0267_0012_0025_0037_0037.jpg 1 12 25 37 37
0268_0049_0049_0025_0025.jpg 1 49 49 25 25
0269_0009_0020_0027_0027.jpg 1 9 20 27 27
0270_0014_0016_0048_0048.jpg 1 14 16 48 48
0271_0012_0049_0026_0026.jpg 1 12 49 26 26
0272_0036_0007_0041_0041.jpg 1 36 7 41 41
0273_0011_0012_0049_0049.jpg 1 11 12 49 49
0274_0013_0028_0058_0058.jpg 1 13 28 58 58
0275_0025_0027_0047_0047.jpg 1 25 27 47 47
0276_0035_0007_0049_0049.jpg 1 35 7 49 49
0277_0042_0009_0047_0047.jpg 1 42 9 47 47
0278_0029_0008_0043_0043.jpg 1 29 8 43 43
0279_0025_0009_0057_0057.jpg 1 25 9 57 57
0280_0017_0007_0067_0067.jpg 1 17 7 67 67
0281_0017_0035_0060_0060.jpg 1 17 35 60 60
0282_0006_0028_0060_0060.jpg 1 6 28 60 60
0283_0013_0006_0055_0055.jpg 1 13 6 55 55
0284_0053_0011_0032_0032.jpg 1 53 11 32 32
0285_0054_0055_0027_0027.jpg 1 54 55 27 27
0286_0021_0039_0032_0032.jpg 1 21 39 32 32
0287_0017_0040_0024_0024.jpg 1 17 40 24 24
0288_0006_0025_0048_0048.jpg 1 6 25 48 48
0289_0007_0042_0035_0035.jpg 1 7 42 35 35
0290_0031_0031_0050_0050.jpg 1 31 31 50 50
0291_0010_0014_0049_0049.jpg 1 10 14 49 49
0292_0006_0019_0063_0063.jpg 1 6 19 63 63
0293_0044_0042_0042_0042.jpg 1 44 42 42 42
0294_0043_0023_0040_0040.jpg 1 43 23 40 40
0295_0041_0046_0035_0035.jpg 1 41 46 35 35
0296_0025_0025_0067_0067.jpg 1 25 25 67 67
0297_0047_0014_0047_0047.jpg 1 47 14 47 47
0298_0010_0022_0069_0069.jpg 1 10 22 69 69
0299_0021_0044_0045_0045.jpg 1 21 44 45 45
0300_0032_0009_0054_0054.jpg 1 32 9 54 54
0301_0031_0036_0047_0047.jpg 1 31 36 47 47
0302_0028_0032_0040_0040.jpg 1 28 32 40 40
0303_0012_0058_0033_0033.jpg 1 12 58 33 33
0304_0009_0028_0049_0049.jpg 1 9 28 49 49
0305_0043_0019_0035_0035.jpg 1 43 19 35 35
0306_0018_0033_0054_0054.jpg 1 18 33 54 54
0307_0034_0048_0043_0043.jpg 1 34 48 43 43
0308_0023_0053_0027_0027.jpg 1 23 53 27 27
0309_0027_0018_0026_0026.jpg 1 27 18 26 26
0310_0028_0016_0043_0043.jpg 1 28 16 43 43
0311_0037_0008_0052_0052.jpg 1 37 8 52 52
0312_0016_0017_0067_0067.jpg 1 16 17 67 67
0313_0047_0032_0044_0044.jpg 1 47 32 44 44
0314_0023_0040_0034_0034.jpg 1 23 40 34 34
0315_0034_0020_0042_0042.jpg 1 34 20 42 42
0316_0014_0023_0065_0065.jpg 1 14 23 65 65
0317_0032_0021_0050_0050.jpg 1 32 21 50 50
0318_0007_0020_0068_0068.jpg 1 7 20 68 68
0319_0053_0048_0038_0038.jpg 1 53 48 38 38
0320_0008_0026_0024_0024.jpg 1 8 26 24 24
0321_0038_0062_0024_0024.jpg 1 38 62 24 24
0322_0011_0039_0045_0045.jpg 1 11 39 45 45
0323_0008_0012_0062_0062.jpg 1 8 12 62 62
0324_0038_0031_0054_0054.jpg 1 38 31 54 54
0325_0048_0031_0040_0040.jpg 1 48 31 40 40
0326_0022_0029_0064_0064.jpg 1 22 29 64 64
0327_0017_0013_0037_0037.jpg 1 17 13 37 37
0328_0044_0006_0039_0039.jpg 1 44 6 39 39
0329_0032_0010_0063_0063.jpg 1 32 10 63 63
0330_0037_0044_0027_0027.jpg 1 37 44 27 27
0331_0009_0025_0061_0061.jpg 1 9 25 61 61
0332_0014_0016_0067_0067.jpg 1 14 16 67 67
0333_0049_0029_0033_0033.jpg 1 49 29 33 33
0334_0040_0014_0048_0048.jpg 1 40 14 48 48
0335_0028_0005_0047_0047.jpg 1 28 5 47 47
0336_0013_0016_0051_0051.jpg 1 13 16 51 51
0337_0013_0006_0059_0059.jpg 1 13 6 59 59
0338_0028_0022_0034_0034.jpg 1 28 22 34 34
0339_0007_0016_0049_0049.jpg 1 7 16 49 49
0340_0018_0018_0060_0060.jpg 1 18 18 60 60
0341_0059_0042_0032_0032.jpg 1 59 42 32 32
0342_0014_0037_0050_0050.jpg 1 14 37 50 50
0343_0027_0020_0061_0061.jpg 1 27 20 61 61
0344_0025_0021_0064_0064.jpg 1 25 21 64 64
0345_0020_0012_0047_0047.jpg 1 20 12 47 47
0346_0017_0023_0058_0058.jpg 1 17 23 58 58
0347_0010_0039_0055_0055.jpg 1 10 39 55 55
0348_0029_0024_0064_0064.jpg 1 29 24 64 64
0349_0010_0042_0037_0037.jpg 1 10 42 37 37
0350_0055_0047_0024_0024.jpg 1 55 47 24 24
0351_0046_0041_0040_0040.jpg 1 46 41 40 40
0352_0025_0032_0063_0063.jpg 1 25 32 63 63
0353_0040_0042_0043_0043.jpg 1 40 42 43 43
0354_0028_0015_0049_0049.jpg 1 28 15 49 49
0355_0017_0022_0046_0046.jpg 1 17 22 46 46
0356_0030_0065_0024_0024.jpg 1 30 65 24 24
0357_0013_0031_0059_0059.jpg 1 13 31 59 59
0358_0034_0030_0051_0051.jpg 1 34 30 51 51
0359_0023_0013_0045_0045.jpg 1 23 13 45 45
0360_0009_0038_0052_0052.jpg 1 9 38 52 52
0361_0007_0047_0032_0032.jpg 1 7 47 32 32
0362_0026_0020_0055_0055.jpg 1 26 20 55 55
0363_0012_0042_0052_0052.jpg 1 12 42 52 52
0364_0012_0025_0065_0065.jpg 1 12 25 65 65
0365_0056_0012_0036_0036.jpg 1 56 12 36 36
0366_0025_0057_0029_0029.jpg 1 25 57 29 29
0367_0022_0026_0044_0044.jpg 1 22 26 44 44
0368_0042_0010_0039_0039.jpg 1 42 10 39 39
0369_0038_0023_0056_0056.jpg 1 38 23 56 56
0370_0011_0010_0058_0058.jpg 1 11 10 58 58
0371_0008_0022_0066_0066.jpg 1 8 22 66 66
0372_0045_0029_0034_0034.jpg 1 45 29 34 34
0373_0013_0014_0041_0041.jpg 1 13 14 41 41
0374_0044_0009_0049_0049.jpg 1 44 9 49 49
0375_0037_0040_0048_0048.jpg 1 37 40 48 48
0376_0045_0052_0024_0024.jpg 1 45 52 24 24
0377_0008_0044_0028_0028.jpg 1 8 44 28 28
0378_0006_0007_0069_0069.jpg 1 6 7 69 69
0379_0042_0046_0028_0028.jpg 1 42 46 28 28
0380_0042_0042_0052_0052.jpg 1 42 42 52 52
0381_0031_0013_0034_0034.jpg 1 31 13 34 34
0382_0009_0019_0026_0026.jpg 1 9 19 26 26
0383_0056_0014_0027_0027.jpg 1 56 14 27 27
0384_0037_0056_0033_0033.jpg 1 37 56 33 33
0385_0007_0015_0044_0044.jpg 1 7 15 44 44
0386_0005_0019_0052_0052.jpg 1 5 19 52 52
0387_0042_0037_0031_0031.jpg 1 42 37 31 31
0388_0013_0043_0051_0051.jpg 1 13 43 51 51
0389_0012_0018_0027_0027.jpg 1 12 18 27 27
0390_0007_0032_0063_0063.jpg 1 7 32 63 63
0391_0056_0006_0036_0036.jpg 1 56 6 36 36
0392_0034_0041_0049_0049.jpg 1 34 41 49 49
0393_0010_0032_0064_0064.jpg 1 10 32 64 64
0394_0006_0050_0040_0040.jpg 1 6 50 40 40
0395_0017_0034_0050_0050.jpg 1 17 34 50 50
0396_0049_0042_0045_0045.jpg 1 49 42 45 45
0397_0025_0047_0029_0029.jpg 1 25 47 29 29
0398_0024_0021_0069_0069.jpg 1 24 21 69 69
0399_0034_0041_0049_0049.jpg 1 34 41 49 49
0400_0054_0042_0038_0038.jpg 1 54 42 38 38
0401_0027_0013_0067_0067.jpg 1 27 13 67 67
0402_0010_0034_0049_0049.jpg 1 10 34 49 49
0403_0037_0019_0039_0039.jpg 1 37 19 39 39
0404_0010_0046_0046_0046.jpg 1 10 46 46 46
0405_0038_0036_0048_0048.jpg 1 38 36 48 48
0406_0014_0011_0029_0029.jpg 1 14 11 29 29
0407_0024_0018_0061_0061.jpg 1 24 18 61 61
0408_0036_0014_0041_0041.jpg 1 36 14 41 41
0409_0020_0029_0035_0035.jpg 1 20 29 35 35
0410_0024_0023_0035_0035.jpg 1 24 23 35 35
0411_0043_0054_0036_0036.jpg 1 43 54 36 36
0412_0042_0011_0042_0042.jpg 1 42 11 42 42
0413_0023_0031_0061_0061.jpg 1 23 31 61 61
0414_0042_0045_0040_0040.jpg 1 42 45 40 40
0415_0031_0026_0037_0037.jpg 1 31 26 37 37
0416_0013_0038_0046_0046.jpg 1 13 38 46 46
0417_0033_0015_0053_0053.jpg 1 33 15 53 53
0418_0026_0030_0053_0053.jpg 1 26 30 53 53
0419_0013_0017_0051_0051.jpg 1 13 17 51 51
0420_0025_0009_0041_0041.jpg 1 25 9 41 41
0421_0017_0009_0064_0064.jpg 1 17 9 64 64
0422_0010_0029_0059_0059.jpg 1 10 29 59 59
0423_0046_0027_0035_0035.jpg 1 46 27 35 35
0424_0008_0032_0061_0061.jpg 1 8 32 61 61
0425_0025_0056_0033_0033.jpg 1 25 56 33 33
0426_0014_0009_0050_0050.jpg 1 14 9 50 50
0427_0019_0023_0066_0066.jpg 1 19 23 66 66
0428_0019_0028_0051_0051.jpg 1 19 28 51 51
0429_0022_0014_0064_0064.jpg 1 22 14 64 64
0430_0031_0013_0039_0039.jpg 1 31 13 39 39
0431_0014_0048_0038_0038.jpg 1 14 48 38 38
0432_0019_0011_0067_0067.jpg 1 19 11 67 67
0433_0022_0035_0050_0050.jpg 1 22 35 50 50
0434_0038_0026_0056_0056.jpg 1 38 26 56 56
0435_0005_0022_0059_0059.jpg 1 5 22 59 59
0436_0024_0014_0055_0055.jpg 1 24 14 55 55
0437_0048_0015_0040_0040.jpg 1 48 15 40 40
0438_0022_0025_0067_0067.jpg 1 22 25 67 67
0439_0009_0041_0051_0051.jpg 1 9 41 51 51
0440_0024_0015_0061_0061.jpg 1 24 15 61 61
0441_0017_0025_0054_0054.jpg 1 17 25 54 54
0442_0009_0028_0061_0061.jpg 1 9 28 61 61
0443_0029_0023_0038_0038.jpg 1 29 23 38 38
0444_0028_0016_0050_0050.jpg 1 28 16 50 50
0445_0048_0016_0034_0034.jpg 1 48 16 34 34
0446_0045_0015_0046_0046.jpg 1 45 15 46 46
0447_0030_0043_0043_0043.jpg 1 30 43 43 43
0448_0022_0026_0068_0068.jpg 1 22 26 68 68
0449_0022_0051_0029_0029.jpg 1 22 51 29 29
0450_0038_0033_0042_0042.jpg 1 38 33 42 42
0451_0027_0022_0061_0061.jpg 1 27 22 61 61
0452_0022_0020_0056_0056.jpg 1 22 20 56 56
0453_0007_0041_0030_0030.jpg 1 7 41 30 30
0454_0047_0050_0034_0034.jpg 1 47 50 34 34
0455_0016_0021_0069_0069.jpg 1 16 21 69 69
0456_0008_0029_0067_0067.jpg 1 8 29 67 67
0457_0019_0025_0062_0062.jpg 1 19 25 62 62
0458_0056_0023_0024_0024.jpg 1 56 23 24 24
0459_0050_0050_0039_0039.jpg 1 50 50 39 39
0460_0047_0015_0044_0044.jpg 1 47 15 44 44
0461_0052_0019_0038_0038.jpg 1 52 19 38 38
0462_0011_0031_0061_0061.jpg 1 11 31 61 61
0463_0009_0006_0066_0066.jpg 1 9 6 66 66
0464_0014_0014_0038_0038.jpg 1 14 14 38 38
0465_0026_0032_0041_0041.jpg 1 26 32 41 41
0466_0016_0019_0059_0059.jpg 1 16 19 59 59
0467_0034_0022_0060_0060.jpg 1 34 22 60 60
0468_0023_0035_0060_0060.jpg 1 23 35 60 60
0469_0030_0035_0051_0051.jpg 1 30 35 51 51
0470_0029_0021_0058_0058.jpg 1 29 21 58 58
0471_0019_0017_0069_0069.jpg 1 19 17 69 69
0472_0007_0006_0052_0052.jpg 1 7 6 52 52
0473_0042_0034_0036_0036.jpg 1 42 34 36 36
0474_0025_0004_0068_0068.jpg 1 25 4 68 68
0475_0057_0045_0027_0027.jpg 1 57 45 27 27
0476_0014_0025_0046_0046.jpg 1 14 25 46 46
0477_0019_0030_0061_0061.jpg 1 19 30 61 61
0478_0030_0042_0042_0042.jpg 1 30 42 42 42
0479_0045_0042_0036_0036.jpg 1 45 42 36 36
0480_0021_0021_0063_0063.jpg 1 21 21 63 63
0481_0053_0028_0027_0027.jpg 1 53 28 27 27
0482_0042_0023_0048_0048.jpg 1 42 23 48 48
0483_0030_0047_0045_0045.jpg 1 30 47 45 45
0484_0026_0036_0035_0035.jpg 1 26 36 35 35
0485_0010_0010_0064_0064.jpg 1 10 10 64 64
0486_0006_0020_0048_0048.jpg 1 6 20 48 48
0487_0022_0021_0030_0030.jpg 1 22 21 30 30
0488_0046_0045_0027_0027.jpg 1 46 45 27 27
0489_0024_0024_0056_0056.jpg 1 24 24 56 56
0490_0009_0011_0057_0057.jpg 1 9 11 57 57
0491_0032_0017_0061_0061.jpg 1 32 17 61 61
0492_0011_0030_0044_0044.jpg 1 11 30 44 44
0493_0038_0039_0054_0054.jpg 1 38 39 54 54
0494_0016_0059_0033_0033.jpg 1 16 59 33 33
0495_0014_0014_0069_0069.jpg 1 14 14 69 69
0496_0020_0028_0054_0054.jpg 1 20 28 54 54
0497_0019_0022_0066_0066.jpg 1 19 22 66 66
0498_0025_0018_0050_0050.jpg 1 25 18 50 50
0499_0057_0029_0033_0033.jpg 1 57 29 33 33
0500_0049_0047_0040_0040.jpg 1 49 47 40 40
0501_0008_0021_0041_0041.jpg 1 8 21 41 41
0502_0004_0021_0060_0060.jpg 1 4 21 60 60
0503_0010_0034_0052_0052.jpg 1 10 34 52 52
0504_0011_0058_0031_0031.jpg 1 11 58 31 31
0505_0008_0026_0069_0069.jpg 1 8 26 69 69
0506_0042_0017_0031_0031.jpg 1 42 17 31 31
0507_0008_0018_0061_0061.jpg 1 8 18 61 61
0508_0007_0031_0057_0057.jpg 1 7 31 57 57
0509_0044_0022_0035_0035.jpg 1 44 22 35 35
0510_0031_0012_0026_0026.jpg 1 31 12 26 26
0511_0028_0008_0065_0065.jpg 1 28 8 65 65
0512_0033_0034_0056_0056.jpg 1 33 34 56 56
0513_0033_0014_0061_0061.jpg 1 33 14 61 61
0514_0021_0045_0027_0027.jpg 1 21 45 27 27
0515_0007_0006_0055_0055.jpg 1 7 6 55 55
0516_0038_0008_0048_0048.jpg 1 38 8 48 48
0517_0024_0016_0057_0057.jpg 1 24 16 57 57
0518_0008_0013_0063_0063.jpg 1 8 13 63 63
0519_0022_0010_0032_0032.jpg 1 22 10 32 32
0520_0053_0046_0029_0029.jpg 1 53 46 29 29
0521_0014_0047_0027_0027.jpg 1 14 47 27 27
0522_0037_0027_0051_0051.jpg 1 37 27 51 51
0523_0012_0024_0033_0033.jpg 1 12 24 33 33
0524_0035_0037_0054_0054.jpg 1 35 37 54 54
0525_0004_0003_0066_0066.jpg 1 4 3 66 66
0526_0021_0040_0054_0054.jpg 1 21 40 54 54
0527_0010_0025_0066_0066.jpg 1 10 25 66 66
0528_0021_0013_0055_0055.jpg 1 21 13 55 55
0529_0026_0029_0062_0062.jpg 1 26 29 62 62
0530_0041_0027_0039_0039.jpg 1 41 27 39 39
0531_0036_0021_0039_0039.jpg 1 36 21 39 39
0532_0019_0013_0054_0054.jpg 1 19 13 54 54
0533_0025_0015_0044_0044.jpg 1 25 15 44 44
0534_0010_0015_0051_0051.jpg 1 10 15 51 51
0535_0010_0016_0049_0049.jpg 1 10 16 49 49
0536_0017_0039_0054_0054.jpg 1 17 39 54 54
0537_0042_0014_0025_0025.jpg 1 42 14 25 25
0538_0027_0052_0024_0024.jpg 1 27 52 24 24
0539_0016_0025_0064_0064.jpg 1 16 25 64 64
0540_0035_0030_0060_0060.jpg 1 35 30 60 60
0541_0017_0020_0064_0064.jpg 1 17 20 64 64
0542_0025_0027_0045_0045.jpg 1 25 27 45 45
0543_0029_0010_0028_0028.jpg 1 29 10 28 28
0544_0024_0045_0043_0043.jpg 1 24 45 43 43
0545_0034_0037_0055_0055.jpg 1 34 37 55 55
0546_0035_0016_0047_0047.jpg 1 35 16 47 47
0547_0017_0061_0028_0028.jpg 1 17 61 28 28
0548_0007_0015_0067_0067.jpg 1 7 15 67 67
0549_0008_0008_0067_0067.jpg 1 8 8 67 67
0550_0009_0019_0046_0046.jpg 1 9 19 46 46
0551_0026_0035_0035_0035.jpg 1 26 35 35 35
0552_0026_0010_0066_0066.jpg 1 26 10 66 66
0553_0003_0020_0066_0066.jpg 1 3 20 66 66
0554_0020_0024_0063_0063.jpg 1 20 24 63 63
0555_0029_0041_0040_0040.jpg 1 29 41 40 40
0556_0035_0033_0059_0059.jpg 1 35 33 59 59
0557_0037_0035_0032_0032.jpg 1 37 35 32 32
0558_0006_0007_0034_0034.jpg 1 6 7 34 34
0559_0037_0020_0053_0053.jpg 1 37 20 53 53
0560_0028_0016_0065_0065.jpg 1 28 16 65 65
0561_0059_0046_0030_0030.jpg 1 59 46 30 30
0562_0037_0042_0049_0049.jpg 1 37 42 49 49
0563_0039_0041_0041_0041.jpg 1 39 41 41 41
0564_0005_0012_0062_0062.jpg 1 5 12 62 62
0565_0006_0047_0036_0036.jpg 1 6 47 36 36
0566_0031_0021_0058_0058.jpg 1 31 21 58 58
0567_0022_0012_0045_0045.jpg 1 22 12 45 45
0568_0028_0009_0060_0060.jpg 1 28 9 60 60
0569_0024_0025_0041_0041.jpg 1 24 25 41 41
0570_0029_0012_0058_0058.jpg 1 29 12 58 58
0571_0013_0016_0039_0039.jpg 1 13 16 39 39
0572_0017_0011_0062_0062.jpg 1 17 11 62 62
0573_0017_0024_0068_0068.jpg 1 17 24 68 68
0574_0009_0007_0058_0058.jpg 1 9 7 58 58
0575_0034_0012_0025_0025.jpg 1 34 12 25 25
0576_0029_0042_0042_0042.jpg 1 29 42 42 42
0577_0009_0045_0047_0047.jpg 1 9 45 47 47
0578_0027_0020_0063_0063.jpg 1 27 20 63 63
0579_0017_0018_0025_0025.jpg 1 17 18 25 25
0580_0015_0009_0028_0028.jpg 1 15 9 28 28
0581_0020_0016_0043_0043.jpg 1 20 16 43 43
0582_0033_0030_0045_0045.jpg 1 33 30 45 45
0583_0025_0011_0050_0050.jpg 1 25 11 50 50
0584_0017_0013_0036_0036.jpg 1 17 13 36 36
0585_0011_0024_0067_0067.jpg 1 11 24 67 67
0586_0027_0027_0047_0047.jpg 1 27 27 47 47
0587_0016_0020_0025_0025.jpg 1 16 20 25 25
0588_0009_0039_0040_0040.jpg 1 9 39 40 40
0589_0010_0016_0034_0034.jpg 1 10 16 34 34
0590_0011_0021_0060_0060.jpg 1 11 21 60 60
0591_0035_0031_0044_0044.jpg 1 35 31 44 44
0592_0009_0012_0066_0066.jpg 1 9 12 66 66
0593_0009_0038_0032_0032.jpg 1 9 38 32 32
0594_0031_0015_0064_0064.jpg 1 31 15 64 64
0595_0030_0008_0061_0061.jpg 1 30 8 61 61
0596_0012_0014_0066_0066.jpg 1 12 14 66 66
0597_0022_0032_0046_0046.jpg 1 22 32 46 46
0598_0009_0019_0033_0033.jpg 1 9 19 33 33
0599_0040_0030_0027_0027.jpg 1 40 30 27 27
0600_0023_0058_0024_0024.jpg 1 23 58 24 24
0601_0009_0006_0069_0069.jpg 1 9 6 69 69
0602_0018_0034_0054_0054.jpg 1 18 34 54 54
0603_0024_0026_0032_0032.jpg 1 24 26 32 32
0604_0023_0032_0046_0046.jpg 1 23 32 46 46
0605_0011_0012_0060_0060.jpg 1 11 12 60 60
0606_0030_0008_0046_0046.jpg 1 30 8 46 46
0607_0033_0008_0037_0037.jpg 1 33 8 37 37
0608_0003_0010_0067_0067.jpg 1 3 10 67 67
0609_0025_0015_0024_0024.jpg 1 25 15 24 24
0610_0025_0025_0058_0058.jpg 1 25 25 58 58
0611_0004_0026_0061_0061.jpg 1 4 26 61 61
0612_0017_0042_0051_0051.jpg 1 17 42 51 51
0613_0009_0006_0065_0065.jpg 1 9 6 65 65
0614_0004_0021_0063_0063.jpg 1 4 21 63 63
0615_0052_0039_0034_0034.jpg 1 52 39 34 34
0616_0017_0020_0045_0045.jpg 1 17 20 45 45
0617_0053_0006_0036_0036.jpg 1 53 6 36 36
0618_0041_0011_0039_0039.jpg 1 41 11 39 39
0619_0034_0014_0049_0049.jpg 1 34 14 49 49
0620_0014_0053_0031_0031.jpg 1 14 53 31 31
0621_0050_0044_0044_0044.jpg 1 50 44 44 44
0622_0022_0036_0053_0053.jpg 1 22 36 53 53
0623_0018_0013_0060_0060.jpg 1 18 13 60 60
0624_0009_0010_0050_0050.jpg 1 9 10 50 50
0625_0042_0044_0046_0046.jpg 1 42 44 46 46
0626_0041_0009_0035_0035.jpg 1 41 9 35 35
0627_0008_0031_0049_0049.jpg 1 8 31 49 49
0628_0064_0034_0024_0024.jpg 1 64 34 24 24
0629_0012_0009_0060_0060.jpg 1 12 9 60 60
0630_0025_0020_0066_0066.jpg 1 25 20 66 66
0631_0052_0028_0038_0038.jpg 1 52 28 38 38
0632_0010_0057_0032_0032.jpg 1 10 57 32 32
0633_0007_0015_0060_0060.jpg 1 7 15 60 60
0634_0026_0035_0041_0041.jpg 1 26 35 41 41
0635_0046_0040_0042_0042.jpg 1 46 40 42 42
0636_0004_0026_0063_0063.jpg 1 4 26 63 63
0637_0031_0039_0043_0043.jpg 1 31 39 43 43
0638_0030_0016_0029_0029.jpg 1 30 16 29 29
0639_0039_0025_0039_0039.jpg 1 39 25 39 39
0640_0067_0013_0024_0024.jpg 1 67 13 24 24
0641_0035_0016_0037_0037.jpg 1 35 16 37 37
0642_0020_0017_0055_0055.jpg 1 20 17 55 55
0643_0005_0026_0068_0068.jpg 1 5 26 68 68
0644_0030_0016_0032_0032.jpg 1 30 16 32 32
0645_0011_0039_0051_0051.jpg 1 11 39 51 51
0646_0022_0039_0035_0035.jpg 1 22 39 35 35
0647_0016_0010_0067_0067.jpg 1 16 10 67 67
0648_0010_0010_0067_0067.jpg 1 10 10 67 67
0649_0009_0029_0066_0066.jpg 1 9 29 66 66
0650_0011_0006_0066_0066.jpg 1 11 6 66 66
0651_0048_0018_0039_0039.jpg 1 48 18 39 39
0652_0027_0054_0038_0038.jpg 1 27 54 38 38
0653_0029_0029_0053_0053.jpg 1 29 29 53 53
0654_0050_0056_0036_0036.jpg 1 50 56 36 36
0655_0014_0020_0061_0061.jpg 1 14 20 61 61
0656_0025_0015_0062_0062.jpg 1 25 15 62 62
0657_0009_0039_0049_0049.jpg 1 9 39 49 49
0658_0015_0021_0024_0024.jpg 1 15 21 24 24
0659_0064_0064_0028_0028.jpg 1 64 64 28 28
0660_0042_0037_0034_0034.jpg 1 42 37 34 34
0661_0027_0022_0057_0057.jpg 1 27 22 57 57
0662_0007_0027_0046_0046.jpg 1 7 27 46 46
0663_0035_0037_0052_0052.jpg 1 35 37 52 52
0664_0028_0041_0040_0040.jpg 1 28 41 40 40
0665_0019_0006_0068_0068.jpg 1 19 6 68 68
0666_0027_0021_0038_0038.jpg 1 27 21 38 38
0667_0016_0019_0057_0057.jpg 1 16 19 57 57
0668_0014_0027_0042_0042.jpg 1 14 27 42 42
0669_0015_0022_0047_0047.jpg 1 15 22 47 47
0670_0027_0028_0053_0053.jpg 1 27 28 53 53
0671_0046_0041_0039_0039.jpg 1 46 41 39 39
0672_0029_0019_0047_0047.jpg 1 29 19 47 47
0673_0029_0017_0064_0064.jpg 1 29 17 64 64
0674_0016_0005_0069_0069.jpg 1 16 5 69 69
0675_0012_0043_0030_0030.jpg 1 12 43 30 30
0676_0037_0020_0042_0042.jpg 1 37 20 42 42
0677_0037_0006_0051_0051.jpg 1 37 6 51 51
0678_0025_0014_0061_0061.jpg 1 25 14 61 61
0679_0020_0015_0042_0042.jpg 1 20 15 42 42
0680_0005_0021_0046_0046.jpg 1 5 21 46 46
0681_0033_0016_0054_0054.jpg 1 33 16 54 54
0682_0041_0063_0024_0024.jpg 1 41 63 24 24
0683_0012_0021_0052_0052.jpg 1 12 21 52 52
0684_0022_0004_0063_0063.jpg 1 22 4 63 63
0685_0039_0057_0027_0027.jpg 1 39 57 27 27
0686_0030_0008_0047_0047.jpg 1 30 8 47 47
0687_0005_0029_0060_0060.jpg 1 5 29 60 60
0688_0029_0020_0049_0049.jpg 1 29 20 49 49
0689_0009_0034_0052_0052.jpg 1 9 34 52 52
0690_0036_0023_0050_0050.jpg 1 36 23 50 50
0691_0020_0034_0032_0032.jpg 1 20 34 32 32
0692_0010_0006_0061_0061.jpg 1 10 6 61 61
0693_0048_0015_0031_0031.jpg 1 48 15 31 31
0694_0044_0036_0031_0031.jpg 1 44 36 31 31
0695_0006_0028_0066_0066.jpg 1 6 28 66 66
0696_0032_0016_0028_0028.jpg 1 32 16 28 28
0697_0021_0003_0069_0069.jpg 1 21 3 69 69
0698_0019_0024_0057_0057.jpg 1 19 24 57 57
0699_0011_0033_0051_0051.jpg 1 11 33 51 51
0700_0037_0025_0049_0049.jpg 1 37 25 49 49
0701_0012_0051_0032_0032.jpg 1 12 51 32 32
0702_0047_0039_0042_0042.jpg 1 47 39 42 42
0703_0027_0047_0039_0039.jpg 1 27 47 39 39
0704_0022_0038_0034_0034.jpg 1 22 38 34 34
0705_0012_0006_0065_0065.jpg 1 12 6 65 65
0706_0028_0008_0032_0032.jpg 1 28 8 32 32
0707_0011_0003_0069_0069.jpg 1 11 3 69 69
0708_0038_0045_0036_0036.jpg 1 38 45 36 36
0709_0035_0055_0024_0024.jpg 1 35 55 24 24
0710_0026_0023_0062_0062.jpg 1 26 23 62 62
0711_0028_0044_0040_0040.jpg 1 28 44 40 40
0712_0012_0003_0066_0066.jpg 1 12 3 66 66
0713_0019_0058_0025_0025.jpg 1 19 58 25 25
0714_0042_0020_0043_0043.jpg 1 42 20 43 43
0715_0052_0063_0029_0029.jpg 1 52 63 29 29
0716_0007_0043_0035_0035.jpg 1 7 43 35 35
0717_0031_0029_0039_0039.jpg 1 31 29 39 39
0718_0015_0051_0036_0036.jpg 1 15 51 36 36
0719_0022_0039_0028_0028.jpg 1 22 39 28 28
0720_0051_0040_0026_0026.jpg 1 51 40 26 26
0721_0050_0053_0026_0026.jpg 1 50 53 26 26
0722_0061_0048_0029_0029.jpg 1 61 48 29 29
0723_0025_0005_0062_0062.jpg 1 25 5 62 62
0724_0016_0031_0028_0028.jpg 1 16 31 28 28
0725_0009_0023_0049_0049.jpg 1 9 23 49 49
0726_0047_0046_0045_0045.jpg 1 47 46 45 45
0727_0043_0006_0049_0049.jpg 1 43 6 49 49
0728_0051_0032_0040_0040.jpg 1 51 32 40 40
0729_0035_0008_0058_0058.jpg 1 35 8 58 58
0730_0005_0016_0062_0062.jpg 1 5 16 62 62
0731_0027_0014_0063_0063.jpg 1 27 14 63 63
0732_0062_0032_0027_0027.jpg 1 62 32 27 27
0733_0026_0025_0049_0049.jpg 1 26 25 49 49
0734_0023_0021_0038_0038.jpg 1 23 21 38 38
0735_0038_0030_0054_0054.jpg 1 38 30 54 54
0736_0007_0031_0055_0055.jpg 1 7 31 55 55
0737_0013_0036_0049_0049.jpg 1 13 36 49 49
0738_0011_0019_0032_0032.jpg 1 11 19 32 32
0739_0035_0014_0041_0041.jpg 1 35 14 41 41
0740_0023_0037_0046_0046.jpg 1 23 37 46 46
0741_0018_0025_0054_0054.jpg 1 18 25 54 54
0742_0015_0038_0057_0057.jpg 1 15 38 57 57
0743_0010_0016_0069_0069.jpg 1 10 16 69 69
0744_0033_0033_0054_0054.jpg 1 33 33 54 54
0745_0016_0019_0060_0060.jpg 1 16 19 60 60
0746_0004_0015_0069_0069.jpg 1 4 15 69 69
0747_0018_0015_0039_0039.jpg 1 18 15 39 39
0748_0025_0028_0045_0045.jpg 1 25 28 45 45
0749_0049_0017_0024_0024.jpg 1 49 17 24 24
0750_0048_0030_0038_0038.jpg 1 48 30 38 38
0751_0009_0032_0055_0055.jpg 1 9 32 55 55
0752_0051_0028_0024_0024.jpg 1 51 28 24 24
0753_0020_0008_0024_0024.jpg 1 20 8 24 24
0754_0013_0011_0061_0061.jpg 1 13 11 61 61
0755_0030_0030_0045_0045.jpg 1 30 30 45 45
0756_0022_0016_0054_0054.jpg 1 22 16 54 54
0757_0017_0034_0059_0059.jpg 1 17 34 59 59
0758_0038_0014_0045_0045.jpg 1 38 14 45 45
0759_0009_0026_0069_0069.jpg 1 9 26 69 69
0760_0022_0019_0059_0059.jpg 1 22 19 59 59
0761_0013_0014_0046_0046.jpg 1 13 14 46 46
0762_0049_0046_0035_0035.jpg 1 49 46 35 35
0763_0042_0052_0037_0037.jpg 1 42 52 37 37
0764_0031_0025_0031_0031.jpg 1 31 25 31 31
0765_0018_0031_0046_0046.jpg 1 18 31 46 46
0766_0049_0025_0032_0032.jpg 1 49 25 32 32
0767_0012_0006_0042_0042.jpg 1 12 6 42 42
0768_0017_0009_0053_0053.jpg 1 17 9 53 53
0769_0030_0051_0024_0024.jpg 1 30 51 24 24
0770_0007_0036_0057_0057.jpg 1 7 36 57 57
0771_0026_0037_0031_0031.jpg 1 26 37 31 31
0772_0039_0018_0052_0052.jpg 1 39 18 52 52
0773_0013_0010_0067_0067.jpg 1 13 10 67 67
0774_0020_0007_0047_0047.jpg 1 20 7 47 47
0775_0014_0025_0051_0051.jpg 1 14 25 51 51
0776_0023_0018_0066_0066.jpg 1 23 18 66 66
0777_0007_0022_0067_0067.jpg 1 7 22 67 67
0778_0020_0014_0067_0067.jpg 1 20 14 67 67
0779_0026_0012_0066_0066.jpg 1 26 12 66 66
0780_0008_0031_0058_0058.jpg 1 8 31 58 58
0781_0020_0023_0057_0057.jpg 1 20 23 57 57
0782_0018_0031_0065_0065.jpg 1 18 31 65 65
0783_0016_0031_0065_0065.jpg 1 16 31 65 65
0784_0051_0009_0042_0042.jpg 1 51 9 42 42
0785_0010_0023_0038_0038.jpg 1 10 23 38 38
0786_0054_0018_0036_0036.jpg 1 54 18 36 36
0787_0022_0010_0067_0067.jpg 1 22 10 67 67
0788_0044_0027_0036_0036.jpg 1 44 27 36 36
0789_0018_0017_0028_0028.jpg 1 18 17 28 28
0790_0009_0010_0054_0054.jpg 1 9 10 54 54
0791_0029_0018_0048_0048.jpg 1 29 18 48 48
0792_0011_0020_0046_0046.jpg 1 11 20 46 46
0793_0016_0013_0065_0065.jpg 1 16 13 65 65
0794_0008_0021_0055_0055.jpg 1 8 21 55 55
0795_0007_0027_0046_0046.jpg 1 7 27 46 46
0796_0022_0039_0052_0052.jpg 1 22 39 52 52
0797_0063_0025_0026_0026.jpg 1 63 25 26 26
0798_0004_0014_0067_0067.jpg 1 4 14 67 67
0799_0049_0039_0031_0031.jpg 1 49 39 31 31
0800_0041_0041_0044_0044.jpg 1 41 41 44 44
