0001_0031_0023_0047_0047.jpg 1 31 23 47 47
0002_0019_0007_0056_0056.jpg 1 19 7 56 56
0003_0039_0013_0043_0043.jpg 1 39 13 43 43
0004_0035_0034_0051_0051.jpg 1 35 34 51 51
0005_0025_0008_0047_0047.jpg 1 25 8 47 47
0006_0010_0015_0053_0053.jpg 1 10 15 53 53
0007_0021_0014_0053_0053.jpg 1 21 14 53 53
0008_0018_0022_0065_0065.jpg 1 18 22 65 65
0009_0015_0042_0051_0051.jpg 1 15 42 51 51
0010_0041_0027_0040_0040.jpg 1 41 27 40 40
0011_0027_0007_0053_0053.jpg 1 27 7 53 53
0012_0029_0027_0042_0042.jpg 1 29 27 42 42
0013_0017_0026_0056_0056.jpg 1 17 26 56 56
0014_0029_0041_0036_0036.jpg 1 29 41 36 36
0015_0028_0032_0063_0063.jpg 1 28 32 63 63
0016_0019_0024_0065_0065.jpg 1 19 24 65 65
0017_0044_0041_0050_0050.jpg 1 44 41 50 50
0018_0044_0035_0042_0042.jpg 1 44 35 42 42
0019_0012_0024_0046_0046.jpg 1 12 24 46 46
0020_0051_0031_0032_0032.jpg 1 51 31 32 32
0021_0033_0016_0061_0061.jpg 1 33 16 61 61
0022_0008_0006_0050_0050.jpg 1 8 6 50 50
0023_0023_0007_0057_0057.jpg 1 23 7 57 57
0024_0023_0016_0061_0061.jpg 1 23 16 61 61
0025_0034_0006_0052_0052.jpg 1 34 6 52 52
0026_0021_0013_0068_0068.jpg 1 21 13 68 68
0027_0019_0013_0060_0060.jpg 1 19 13 60 60
0028_0030_0032_0043_0043.jpg 1 30 32 43 43
0029_0028_0051_0036_0036.jpg 1 28 51 36 36
0030_0039_0035_0044_0044.jpg 1 39 35 44 44
0031_0016_0011_0066_0066.jpg 1 16 11 66 66
0032_0032_0049_0033_0033.jpg 1 32 49 33 33
0033_0021_0007_0061_0061.jpg 1 21 7 61 61
0034_0011_0045_0048_0048.jpg 1 11 45 48 48
0035_0035_0031_0035_0035.jpg 1 35 31 35 35
0036_0007_0033_0054_0054.jpg 1 7 33 54 54
0037_0034_0021_0052_0052.jpg 1 34 21 52 52
0038_0012_0013_0034_0034.jpg 1 12 13 34 34
0039_0024_0013_0035_0035.jpg 1 24 13 35 35
0040_0020_0041_0045_0045.jpg 1 20 41 45 45
0041_0018_0006_0037_0037.jpg 1 18 6 37 37
0042_0036_0047_0025_0025.jpg 1 36 47 25 25
0043_0058_0053_0034_0034.jpg 1 58 53 34 34
0044_0038_0023_0035_0035.jpg 1 38 23 35 35
0045_0050_0057_0031_0031.jpg 1 50 57 31 31
0046_0017_0049_0041_0041.jpg 1 17 49 41 41
0047_0031_0020_0038_0038.jpg 1 31 20 38 38
0048_0015_0025_0058_0058.jpg 1 15 25 58 58
0049_0011_0019_0065_0065.jpg 1 11 19 65 65
0050_0017_0022_0036_0036.jpg 1 17 22 36 36
0051_0041_0058_0027_0027.jpg 1 41 58 27 27
0052_0010_0032_0044_0044.jpg 1 10 32 44 44
0053_0039_0022_0054_0054.jpg 1 39 22 54 54
0054_0021_0038_0043_0043.jpg 1 21 38 43 43
0055_0047_0016_0042_0042.jpg 1 47 16 42 42
0056_0010_0030_0049_0049.jpg 1 10 30 49 49
0057_0010_0026_0051_0051.jpg 1 10 26 51 51
0058_0025_0006_0060_0060.jpg 1 25 6 60 60
0059_0018_0045_0026_0026.jpg 1 18 45 26 26
0060_0053_0024_0025_0025.jpg 1 53 24 25 25
0061_0023_0029_0050_0050.jpg 1 23 29 50 50
0062_0044_0040_0037_0037.jpg 1 44 40 37 37
0063_0040_0030_0051_0051.jpg 1 40 30 51 51
0064_0011_0020_0028_0028.jpg 1 11 20 28 28
0065_0036_0014_0032_0032.jpg 1 36 14 32 32
0066_0051_0040_0040_0040.jpg 1 51 40 40 40
0067_0008_0035_0058_0058.jpg 1 8 35 58 58
0068_0014_0025_0062_0062.jpg 1 14 25 62 62
0069_0009_0030_0059_0059.jpg 1 9 30 59 59
0070_0032_0018_0063_0063.jpg 1 32 18 63 63
0071_0038_0023_0056_0056.jpg 1 38 23 56 56
0072_0017_0031_0049_0049.jpg 1 17 31 49 49
0073_0046_0029_0030_0030.jpg 1 46 29 30 30
0074_0017_0010_0051_0051.jpg 1 17 10 51 51
0075_0028_0033_0063_0063.jpg 1 28 33 63 63
0076_0016_0016_0045_0045.jpg 1 16 16 45 45
0077_0045_0019_0024_0024.jpg 1 45 19 24 24
0078_0027_0024_0038_0038.jpg 1 27 24 38 38
0079_0010_0034_0048_0048.jpg 1 10 34 48 48
0080_0024_0043_0039_0039.jpg 1 24 43 39 39
0081_0024_0009_0025_0025.jpg 1 24 9 25 25
0082_0006_0014_0048_0048.jpg 1 6 14 48 48
0083_0018_0026_0067_0067.jpg 1 18 26 67 67
0084_0038_0018_0052_0052.jpg 1 38 18 52 52
0085_0027_0009_0030_0030.jpg 1 27 9 30 30
0086_0022_0044_0040_0040.jpg 1 22 44 40 40
0087_0030_0011_0045_0045.jpg 1 30 11 45 45
0088_0038_0015_0055_0055.jpg 1 38 15 55 55
0089_0026_0006_0066_0066.jpg 1 26 6 66 66
0090_0065_0018_0024_0024.jpg 1 65 18 24 24
0091_0033_0024_0061_0061.jpg 1 33 24 61 61
0092_0019_0056_0026_0026.jpg 1 19 56 26 26
0093_0009_0007_0062_0062.jpg 1 9 7 62 62
0094_0016_0028_0062_0062.jpg 1 16 28 62 62
0095_0019_0036_0032_0032.jpg 1 19 36 32 32
0096_0033_0013_0061_0061.jpg 1 33 13 61 61
0097_0030_0038_0043_0043.jpg 1 30 38 43 43
0098_0007_0007_0034_0034.jpg 1 7 7 34 34
0099_0032_0009_0050_0050.jpg 1 32 9 50 50
0100_0033_0020_0049_0049.jpg 1 33 20 49 49
0101_0040_0039_0024_0024.jpg 1 40 39 24 24
0102_0030_0027_0053_0053.jpg 1 30 27 53 53
0103_0025_0009_0068_0068.jpg 1 25 9 68 68
0104_0005_0032_0044_0044.jpg 1 5 32 44 44
0105_0021_0012_0066_0066.jpg 1 21 12 66 66
0106_0021_0008_0059_0059.jpg 1 21 8 59 59
0107_0010_0014_0033_0033.jpg 1 10 14 33 33
0108_0011_0025_0062_0062.jpg 1 11 25 62 62
0109_0018_0014_0056_0056.jpg 1 18 14 56 56
0110_0015_0013_0057_0057.jpg 1 15 13 57 57
0111_0018_0015_0049_0049.jpg 1 18 15 49 49
0112_0023_0033_0040_0040.jpg 1 23 33 40 40
0113_0039_0046_0046_0046.jpg 1 39 46 46 46
0114_0015_0042_0042_0042.jpg 1 15 42 42 42
0115_0055_0020_0025_0025.jpg 1 55 20 25 25
0116_0025_0056_0029_0029.jpg 1 25 56 29 29
0117_0011_0053_0032_0032.jpg 1 11 53 32 32
0118_0005_0024_0046_0046.jpg 1 5 24 46 46
0119_0034_0019_0055_0055.jpg 1 34 19 55 55
0120_0030_0010_0050_0050.jpg 1 30 10 50 50
0121_0040_0033_0047_0047.jpg 1 40 33 47 47
0122_0036_0060_0033_0033.jpg 1 36 60 33 33
0123_0011_0015_0054_0054.jpg 1 11 15 54 54
0124_0026_0047_0045_0045.jpg 1 26 47 45 45
0125_0008_0046_0045_0045.jpg 1 8 46 45 45
0126_0027_0014_0047_0047.jpg 1 27 14 47 47
0127_0032_0042_0028_0028.jpg 1 32 42 28 28
0128_0035_0049_0027_0027.jpg 1 35 49 27 27
0129_0036_0006_0059_0059.jpg 1 36 6 59 59
0130_0028_0028_0067_0067.jpg 1 28 28 67 67
0131_0041_0007_0036_0036.jpg 1 41 7 36 36
0132_0006_0010_0047_0047.jpg 1 6 10 47 47
0133_0031_0006_0050_0050.jpg 1 31 6 50 50
0134_0042_0021_0027_0027.jpg 1 42 21 27 27
0135_0022_0004_0067_0067.jpg 1 22 4 67 67
0136_0013_0015_0036_0036.jpg 1 13 15 36 36
0137_0012_0035_0052_0052.jpg 1 12 35 52 52
0138_0046_0030_0036_0036.jpg 1 46 30 36 36
0139_0063_0029_0026_0026.jpg 1 63 29 26 26
0140_0012_0019_0026_0026.jpg 1 12 19 26 26
0141_0024_0034_0026_0026.jpg 1 24 34 26 26
0142_0038_0004_0054_0054.jpg 1 38 4 54 54
0143_0065_0064_0026_0026.jpg 1 65 64 26 26
0144_0031_0011_0058_0058.jpg 1 31 11 58 58
0145_0026_0017_0060_0060.jpg 1 26 17 60 60
0146_0014_0027_0047_0047.jpg 1 14 27 47 47
0147_0013_0025_0064_0064.jpg 1 13 25 64 64
0148_0036_0032_0049_0049.jpg 1 36 32 49 49
0149_0027_0022_0068_0068.jpg 1 27 22 68 68
0150_0022_0044_0044_0044.jpg 1 22 44 44 44
0151_0021_0014_0064_0064.jpg 1 21 14 64 64
0152_0025_0060_0029_0029.jpg 1 25 60 29 29
0153_0010_0022_0066_0066.jpg 1 10 22 66 66
0154_0012_0031_0062_0062.jpg 1 12 31 62 62
0155_0017_0008_0055_0055.jpg 1 17 8 55 55
0156_0023_0018_0042_0042.jpg 1 23 18 42 42
0157_0014_0021_0025_0025.jpg 1 14 21 25 25
0158_0018_0026_0064_0064.jpg 1 18 26 64 64
0159_0009_0014_0063_0063.jpg 1 9 14 63 63
0160_0031_0024_0062_0062.jpg 1 31 24 62 62
0161_0009_0035_0031_0031.jpg 1 9 35 31 31
0162_0025_0063_0028_0028.jpg 1 25 63 28 28
0163_0027_0004_0066_0066.jpg 1 27 4 66 66
0164_0011_0026_0065_0065.jpg 1 11 26 65 65
0165_0036_0040_0048_0048.jpg 1 36 40 48 48
0166_0022_0029_0060_0060.jpg 1 22 29 60 60
0167_0019_0013_0054_0054.jpg 1 19 13 54 54
0168_0034_0027_0054_0054.jpg 1 34 27 54 54
0169_0024_0028_0034_0034.jpg 1 24 28 34 34
0170_0027_0033_0031_0031.jpg 1 27 33 31 31
0171_0014_0029_0040_0040.jpg 1 14 29 40 40
0172_0006_0013_0058_0058.jpg 1 6 13 58 58
0173_0021_0040_0048_0048.jpg 1 21 40 48 48
0174_0018_0010_0065_0065.jpg 1 18 10 65 65
0175_0044_0010_0045_0045.jpg 1 44 10 45 45
0176_0003_0014_0065_0065.jpg 1 3 14 65 65
0177_0013_0019_0065_0065.jpg 1 13 19 65 65
0178_0009_0014_0048_0048.jpg 1 9 14 48 48
0179_0025_0054_0028_0028.jpg 1 25 54 28 28
0180_0007_0021_0060_0060.jpg 1 7 21 60 60
0181_0014_0020_0063_0063.jpg 1 14 20 63 63
0182_0024_0021_0060_0060.jpg 1 24 21 60 60
0183_0007_0041_0044_0044.jpg 1 7 41 44 44
0184_0047_0028_0027_0027.jpg 1 47 28 27 27
0185_0019_0010_0068_0068.jpg 1 19 10 68 68
0186_0047_0041_0046_0046.jpg 1 47 41 46 46
0187_0009_0005_0067_0067.jpg 1 9 5 67 67
0188_0007_0021_0041_0041.jpg 1 7 21 41 41
0189_0045_0021_0047_0047.jpg 1 45 21 47 47
0190_0013_0005_0066_0066.jpg 1 13 5 66 66
0191_0046_0012_0037_0037.jpg 1 46 12 37 37
0192_0015_0027_0057_0057.jpg 1 15 27 57 57
0193_0013_0003_0063_0063.jpg 1 13 3 63 63
0194_0037_0034_0040_0040.jpg 1 37 34 40 40
0195_0029_0020_0043_0043.jpg 1 29 20 43 43
0196_0020_0010_0047_0047.jpg 1 20 10 47 47
0197_0008_0041_0036_0036.jpg 1 8 41 36 36
0198_0039_0021_0034_0034.jpg 1 39 21 34 34
0199_0007_0025_0053_0053.jpg 1 7 25 53 53
0200_0007_0012_0046_0046.jpg 1 7 12 46 46
0201_0011_0006_0063_0063.jpg 1 11 6 63 63
0202_0036_0041_0053_0053.jpg 1 36 41 53 53
0203_0066_0063_0024_0024.jpg 1 66 63 24 24
0204_0006_0007_0055_0055.jpg 1 6 7 55 55
0205_0003_0012_0068_0068.jpg 1 3 12 68 68
0206_0011_0036_0052_0052.jpg 1 11 36 52 52
0207_0006_0037_0055_0055.jpg 1 6 37 55 55
0208_0041_0021_0038_0038.jpg 1 41 21 38 38
0209_0025_0019_0051_0051.jpg 1 25 19 51 51
0210_0008_0013_0059_0059.jpg 1 8 13 59 59
0211_0012_0026_0030_0030.jpg 1 12 26 30 30
0212_0050_0058_0032_0032.jpg 1 50 58 32 32
0213_0003_0011_0069_0069.jpg 1 3 11 69 69
0214_0024_0031_0065_0065.jpg 1 24 31 65 65
0215_0026_0024_0064_0064.jpg 1 26 24 64 64
0216_0030_0016_0061_0061.jpg 1 30 16 61 61
0217_0029_0020_0053_0053.jpg 1 29 20 53 53
0218_0036_0032_0038_0038.jpg 1 36 32 38 38
0219_0037_0038_0054_0054.jpg 1 37 38 54 54
0220_0018_0043_0048_0048.jpg 1 18 43 48 48
0221_0026_0040_0052_0052.jpg 1 26 40 52 52
0222_0024_0030_0061_0061.jpg 1 24 30 61 61
0223_0008_0029_0052_0052.jpg 1 8 29 52 52
0224_0031_0027_0055_0055.jpg 1 31 27 55 55
0225_0010_0040_0053_0053.jpg 1 10 40 53 53
0226_0016_0007_0051_0051.jpg 1 16 7 51 51
0227_0033_0036_0041_0041.jpg 1 33 36 41 41
0228_0030_0006_0062_0062.jpg 1 30 6 62 62
0229_0005_0026_0050_0050.jpg 1 5 26 50 50
0230_0033_0025_0052_0052.jpg 1 33 25 52 52
0231_0061_0056_0030_0030.jpg 1 61 56 30 30
0232_0048_0024_0043_0043.jpg 1 48 24 43 43
0233_0012_0006_0063_0063.jpg 1 12 6 63 63
0234_0006_0012_0063_0063.jpg 1 6 12 63 63
0235_0054_0029_0032_0032.jpg 1 54 29 32 32
0236_0014_0019_0038_0038.jpg 1 14 19 38 38
0237_0011_0009_0064_0064.jpg 1 11 9 64 64
0238_0028_0040_0030_0030.jpg 1 28 40 30 30
0239_0008_0030_0059_0059.jpg 1 8 30 59 59
0240_0005_0025_0050_0050.jpg 1 5 25 50 50
0241_0044_0018_0048_0048.jpg 1 44 18 48 48
0242_0017_0006_0068_0068.jpg 1 17 6 68 68
0243_0013_0027_0047_0047.jpg 1 13 27 47 47
0244_0024_0032_0057_0057.jpg 1 24 32 57 57
0245_0034_0020_0044_0044.jpg 1 34 20 44 44
0246_0017_0036_0054_0054.jpg 1 17 36 54 54
0247_0014_0024_0042_0042.jpg 1 14 24 42 42
0248_0018_0019_0057_0057.jpg 1 18 19 57 57
0249_0034_0039_0053_0053.jpg 1 34 39 53 53
0250_0035_0059_0024_0024.jpg 1 35 59 24 24
0251_0052_0014_0031_0031.jpg 1 52 14 31 31
0252_0027_0029_0061_0061.jpg 1 27 29 61 61
0253_0012_0047_0043_0043.jpg 1 12 47 43 43
0254_0015_0029_0046_0046.jpg 1 15 29 46 46
0255_0008_0046_0042_0042.jpg 1 8 46 42 42
0256_0032_0015_0046_0046.jpg 1 32 15 46 46
0257_0006_0009_0058_0058.jpg 1 6 9 58 58
0258_0019_0024_0064_0064.jpg 1 19 24 64 64
0259_0011_0042_0048_0048.jpg 1 11 42 48 48
0260_0060_0027_0025_0025.jpg 1 60 27 25 25
0261_0037_0032_0048_0048.jpg 1 37 32 48 48
0262_0035_0033_0027_0027.jpg 1 35 33 27 27
0263_0006_0021_0036_0036.jpg 1 6 21 36 36
0264_0020_0017_0064_0064.jpg 1 20 17 64 64
0265_0044_0039_0038_0038.jpg 1 44 39 38 38
0266_0057_0064_0027_0027.jpg 1 57 64 27 27
0267_0053_0035_0035_0035.jpg 1 53 35 35 35
0268_0017_0015_0068_0068.jpg 1 17 15 68 68
0269_0009_0027_0065_0065.jpg 1 9 27 65 65
0270_0026_0050_0037_0037.jpg 1 26 50 37 37
0271_0004_0024_0062_0062.jpg 1 4 24 62 62
0272_0034_0026_0040_0040.jpg 1 34 26 40 40
0273_0006_0019_0035_0035.jpg 1 6 19 35 35
0274_0023_0052_0038_0038.jpg 1 23 52 38 38
0275_0006_0003_0066_0066.jpg 1 6 3 66 66
0276_0048_0036_0034_0034.jpg 1 48 36 34 34
0277_0038_0008_0037_0037.jpg 1 38 8 37 37
0278_0012_0011_0054_0054.jpg 1 12 11 54 54
0279_0004_0013_0067_0067.jpg 1 4 13 67 67
0280_0055_0025_0030_0030.jpg 1 55 25 30 30
0281_0014_0016_0055_0055.jpg 1 14 16 55 55
0282_0018_0050_0029_0029.jpg 1 18 50 29 29
0283_0036_0022_0037_0037.jpg 1 36 22 37 37
0284_0040_0005_0043_0043.jpg 1 40 5 43 43
0285_0038_0049_0030_0030.jpg 1 38 49 30 30
0286_0033_0010_0031_0031.jpg 1 33 10 31 31
0287_0030_0015_0063_0063.jpg 1 30 15 63 63
0288_0045_0025_0045_0045.jpg 1 45 25 45 45
0289_0005_0012_0065_0065.jpg 1 5 12 65 65
0290_0005_0039_0044_0044.jpg 1 5 39 44 44
0291_0026_0056_0030_0030.jpg 1 26 56 30 30
0292_0037_0021_0043_0043.jpg 1 37 21 43 43
0293_0018_0042_0024_0024.jpg 1 18 42 24 24
0294_0007_0023_0030_0030.jpg 1 7 23 30 30
0295_0029_0016_0040_0040.jpg 1 29 16 40 40
0296_0007_0021_0061_0061.jpg 1 7 21 61 61
0297_0018_0026_0059_0059.jpg 1 18 26 59 59
0298_0016_0026_0040_0040.jpg 1 16 26 40 40
0299_0017_0016_0061_0061.jpg 1 17 16 61 61
0300_0022_0003_0069_0069.jpg 1 22 3 69 69
0301_0032_0027_0047_0047.jpg 1 32 27 47 47
0302_0027_0007_0045_0045.jpg 1 27 7 45 45
0303_0013_0018_0047_0047.jpg 1 13 18 47 47
0304_0040_0020_0051_0051.jpg 1 40 20 51 51
0305_0040_0015_0035_0035.jpg 1 40 15 35 35
0306_0030_0019_0063_0063.jpg 1 30 19 63 63
0307_0040_0026_0048_0048.jpg 1 40 26 48 48
0308_0033_0033_0041_0041.jpg 1 33 33 41 41
0309_0019_0016_0059_0059.jpg 1 19 16 59 59
0310_0035_0043_0044_0044.jpg 1 35 43 44 44
0311_0049_0049_0039_0039.jpg 1 49 49 39 39
0312_0026_0024_0065_0065.jpg 1 26 24 65 65
0313_0035_0020_0039_0039.jpg 1 35 20 39 39
0314_0024_0023_0056_0056.jpg 1 24 23 56 56
0315_0018_0040_0054_0054.jpg 1 18 40 54 54
0316_0013_0039_0035_0035.jpg 1 13 39 35 35
0317_0023_0039_0027_0027.jpg 1 23 39 27 27
0318_0023_0015_0058_0058.jpg 1 23 15 58 58
0319_0013_0031_0035_0035.jpg 1 13 31 35 35
0320_0009_0012_0066_0066.jpg 1 9 12 66 66
0321_0037_0016_0031_0031.jpg 1 37 16 31 31
0322_0018_0024_0066_0066.jpg 1 18 24 66 66
0323_0021_0033_0029_0029.jpg 1 21 33 29 29
0324_0007_0020_0066_0066.jpg 1 7 20 66 66
0325_0040_0034_0041_0041.jpg 1 40 34 41 41
0326_0009_0062_0029_0029.jpg 1 9 62 29 29
0327_0035_0046_0030_0030.jpg 1 35 46 30 30
0328_0063_0065_0026_0026.jpg 1 63 65 26 26
0329_0051_0046_0033_0033.jpg 1 51 46 33 33
0330_0034_0014_0060_0060.jpg 1 34 14 60 60
0331_0039_0016_0041_0041.jpg 1 39 16 41 41
0332_0025_0035_0059_0059.jpg 1 25 35 59 59
0333_0025_0011_0047_0047.jpg 1 25 11 47 47
0334_0045_0025_0048_0048.jpg 1 45 25 48 48
0335_0039_0021_0049_0049.jpg 1 39 21 49 49
0336_0034_0023_0040_0040.jpg 1 34 23 40 40
0337_0049_0051_0035_0035.jpg 1 49 51 35 35
0338_0011_0023_0047_0047.jpg 1 11 23 47 47
0339_0043_0007_0038_0038.jpg 1 43 7 38 38
0340_0008_0021_0064_0064.jpg 1 8 21 64 64
0341_0014_0035_0038_0038.jpg 1 14 35 38 38
0342_0027_0042_0033_0033.jpg 1 27 42 33 33
0343_0056_0039_0036_0036.jpg 1 56 39 36 36
0344_0023_0012_0062_0062.jpg 1 23 12 62 62
0345_0046_0053_0025_0025.jpg 1 46 53 25 25
0346_0023_0063_0028_0028.jpg 1 23 63 28 28
0347_0011_0053_0033_0033.jpg 1 11 53 33 33
0348_0040_0026_0053_0053.jpg 1 40 26 53 53
0349_0032_0017_0063_0063.jpg 1 32 17 63 63
0350_0011_0029_0055_0055.jpg 1 11 29 55 55
0351_0026_0024_0045_0045.jpg 1 26 24 45 45
0352_0028_0034_0047_0047.jpg 1 28 34 47 47
0353_0004_0034_0059_0059.jpg 1 4 34 59 59
0354_0045_0060_0031_0031.jpg 1 45 60 31 31
0355_0013_0016_0068_0068.jpg 1 13 16 68 68
0356_0020_0030_0062_0062.jpg 1 20 30 62 62
0357_0043_0014_0034_0034.jpg 1 43 14 34 34
0358_0044_0053_0035_0035.jpg 1 44 53 35 35
0359_0017_0008_0053_0053.jpg 1 17 8 53 53
0360_0037_0061_0024_0024.jpg 1 37 61 24 24
0361_0024_0027_0038_0038.jpg 1 24 27 38 38
0362_0016_0022_0059_0059.jpg 1 16 22 59 59
0363_0044_0048_0029_0029.jpg 1 44 48 29 29
0364_0043_0047_0031_0031.jpg 1 43 47 31 31
0365_0009_0035_0059_0059.jpg 1 9 35 59 59
0366_0037_0028_0051_0051.jpg 1 37 28 51 51
0367_0051_0050_0027_0027.jpg 1 51 50 27 27
0368_0017_0026_0066_0066.jpg 1 17 26 66 66
0369_0016_0036_0052_0052.jpg 1 16 36 52 52
0370_0005_0026_0066_0066.jpg 1 5 26 66 66
0371_0035_0040_0050_0050.jpg 1 35 40 50 50
0372_0008_0014_0051_0051.jpg 1 8 14 51 51
0373_0026_0023_0060_0060.jpg 1 26 23 60 60
0374_0035_0044_0034_0034.jpg 1 35 44 34 34
0375_0019_0009_0069_0069.jpg 1 19 9 69 69
0376_0020_0049_0041_0041.jpg 1 20 49 41 41
0377_0045_0030_0048_0048.jpg 1 45 30 48 48
0378_0021_0010_0065_0065.jpg 1 21 10 65 65
0379_0024_0024_0032_0032.jpg 1 24 24 32 32
0380_0018_0015_0051_0051.jpg 1 18 15 51 51
0381_0042_0009_0045_0045.jpg 1 42 9 45 45
0382_0010_0010_0052_0052.jpg 1 10 10 52 52
0383_0010_0020_0036_0036.jpg 1 10 20 36 36
0384_0019_0027_0059_0059.jpg 1 19 27 59 59
0385_0004_0017_0061_0061.jpg 1 4 17 61 61
0386_0041_0018_0025_0025.jpg 1 41 18 25 25
0387_0024_0030_0065_0065.jpg 1 24 30 65 65
0388_0010_0016_0068_0068.jpg 1 10 16 68 68
0389_0050_0051_0033_0033.jpg 1 50 51 33 33
0390_0009_0020_0058_0058.jpg 1 9 20 58 58
0391_0008_0004_0060_0060.jpg 1 8 4 60 60
0392_0034_0013_0051_0051.jpg 1 34 13 51 51
0393_0023_0014_0033_0033.jpg 1 23 14 33 33
0394_0005_0018_0048_0048.jpg 1 5 18 48 48
0395_0009_0019_0066_0066.jpg 1 9 19 66 66
0396_0021_0044_0049_0049.jpg 1 21 44 49 49
0397_0028_0041_0052_0052.jpg 1 28 41 52 52
0398_0028_0029_0058_0058.jpg 1 28 29 58 58
0399_0025_0021_0024_0024.jpg 1 25 21 24 24
0400_0023_0042_0048_0048.jpg 1 23 42 48 48
0401_0049_0052_0029_0029.jpg 1 49 52 29 29
0402_0031_0004_0059_0059.jpg 1 31 4 59 59
0403_0012_0020_0031_0031.jpg 1 12 20 31 31
0404_0016_0037_0057_0057.jpg 1 16 37 57 57
0405_0008_0046_0039_0039.jpg 1 8 46 39 39
0406_0053_0020_0032_0032.jpg 1 53 20 32 32
0407_0041_0026_0038_0038.jpg 1 41 26 38 38
0408_0037_0018_0052_0052.jpg 1 37 18 52 52
0409_0040_0036_0044_0044.jpg 1 40 36 44 44
0410_0038_0015_0051_0051.jpg 1 38 15 51 51
0411_0030_0006_0060_0060.jpg 1 30 6 60 60
0412_0039_0005_0056_0056.jpg 1 39 5 56 56
0413_0047_0066_0025_0025.jpg 1 47 66 25 25
0414_0033_0015_0057_0057.jpg 1 33 15 57 57
0415_0005_0012_0055_0055.jpg 1 5 12 55 55
0416_0026_0018_0036_0036.jpg 1 26 18 36 36
0417_0017_0028_0059_0059.jpg 1 17 28 59 59
0418_0037_0035_0050_0050.jpg 1 37 35 50 50
0419_0007_0040_0036_0036.jpg 1 7 40 36 36
0420_0018_0005_0069_0069.jpg 1 18 5 69 69
0421_0062_0012_0028_0028.jpg 1 62 12 28 28
0422_0013_0008_0067_0067.jpg 1 13 8 67 67
0423_0004_0004_0058_0058.jpg 1 4 4 58 58
0424_0065_0037_0027_0027.jpg 1 65 37 27 27
0425_0018_0013_0063_0063.jpg 1 18 13 63 63
0426_0006_0032_0041_0041.jpg 1 6 32 41 41
0427_0027_0011_0032_0032.jpg 1 27 11 32 32
0428_0055_0024_0031_0031.jpg 1 55 24 31 31
0429_0020_0006_0059_0059.jpg 1 20 6 59 59
0430_0027_0005_0053_0053.jpg 1 27 5 53 53
0431_0006_0015_0040_0040.jpg 1 6 15 40 40
0432_0042_0065_0026_0026.jpg 1 42 65 26 26
0433_0010_0013_0061_0061.jpg 1 10 13 61 61
0434_0054_0016_0036_0036.jpg 1 54 16 36 36
0435_0030_0029_0052_0052.jpg 1 30 29 52 52
0436_0045_0034_0043_0043.jpg 1 45 34 43 43
0437_0022_0015_0045_0045.jpg 1 22 15 45 45
0438_0043_0063_0024_0024.jpg 1 43 63 24 24
0439_0041_0010_0025_0025.jpg 1 41 10 25 25
0440_0019_0024_0037_0037.jpg 1 19 24 37 37
0441_0038_0021_0057_0057.jpg 1 38 21 57 57
0442_0019_0019_0049_0049.jpg 1 19 19 49 49
0443_0024_0013_0068_0068.jpg 1 24 13 68 68
0444_0015_0016_0025_0025.jpg 1 15 16 25 25
0445_0026_0030_0055_0055.jpg 1 26 30 55 55
0446_0009_0017_0069_0069.jpg 1 9 17 69 69
0447_0023_0060_0032_0032.jpg 1 23 60 32 32
0448_0016_0029_0048_0048.jpg 1 16 29 48 48
0449_0012_0054_0032_0032.jpg 1 12 54 32 32
0450_0009_0027_0067_0067.jpg 1 9 27 67 67
0451_0053_0032_0034_0034.jpg 1 53 32 34 34
0452_0015_0014_0059_0059.jpg 1 15 14 59 59
0453_0037_0023_0046_0046.jpg 1 37 23 46 46
0454_0034_0022_0052_0052.jpg 1 34 22 52 52
0455_0031_0039_0027_0027.jpg 1 31 39 27 27
0456_0042_0060_0024_0024.jpg 1 42 60 24 24
0457_0055_0037_0031_0031.jpg 1 55 37 31 31
0458_0023_0016_0069_0069.jpg 1 23 16 69 69
0459_0014_0027_0064_0064.jpg 1 14 27 64 64
0460_0014_0020_0058_0058.jpg 1 14 20 58 58
0461_0039_0014_0024_0024.jpg 1 39 14 24 24
0462_0019_0027_0032_0032.jpg 1 19 27 32 32
0463_0030_0040_0049_0049.jpg 1 30 40 49 49
0464_0016_0006_0050_0050.jpg 1 16 6 50 50
0465_0045_0007_0046_0046.jpg 1 45 7 46 46
0466_0063_0034_0029_0029.jpg 1 63 34 29 29
0467_0021_0017_0062_0062.jpg 1 21 17 62 62
0468_0045_0051_0034_0034.jpg 1 45 51 34 34
0469_0022_0016_0047_0047.jpg 1 22 16 47 47
0470_0028_0025_0038_0038.jpg 1 28 25 38 38
0471_0009_0031_0032_0032.jpg 1 9 31 32 32
0472_0016_0024_0068_0068.jpg 1 16 24 68 68
0473_0026_0015_0045_0045.jpg 1 26 15 45 45
0474_0014_0008_0065_0065.jpg 1 14 8 65 65
0475_0009_0008_0064_0064.jpg 1 9 8 64 64
0476_0028_0007_0059_0059.jpg 1 28 7 59 59
0477_0032_0020_0063_0063.jpg 1 32 20 63 63
0478_0033_0052_0037_0037.jpg 1 33 52 37 37
0479_0043_0015_0026_0026.jpg 1 43 15 26 26
0480_0021_0037_0032_0032.jpg 1 21 37 32 32
0481_0023_0024_0052_0052.jpg 1 23 24 52 52
0482_0014_0045_0041_0041.jpg 1 14 45 41 41
0483_0024_0014_0039_0039.jpg 1 24 14 39 39
0484_0009_0010_0062_0062.jpg 1 9 10 62 62
0485_0021_0017_0058_0058.jpg 1 21 17 58 58
0486_0005_0042_0044_0044.jpg 1 5 42 44 44
0487_0014_0014_0069_0069.jpg 1 14 14 69 69
0488_0023_0012_0047_0047.jpg 1 23 12 47 47
0489_0045_0052_0038_0038.jpg 1 45 52 38 38
0490_0045_0040_0027_0027.jpg 1 45 40 27 27
0491_0017_0029_0041_0041.jpg 1 17 29 41 41
0492_0017_0034_0037_0037.jpg 1 17 34 37 37
0493_0060_0021_0026_0026.jpg 1 60 21 26 26
0494_0025_0051_0038_0038.jpg 1 25 51 38 38
0495_0021_0020_0066_0066.jpg 1 21 20 66 66
0496_0026_0059_0024_0024.jpg 1 26 59 24 24
0497_0059_0058_0027_0027.jpg 1 59 58 27 27
0498_0013_0021_0064_0064.jpg 1 13 21 64 64
0499_0022_0013_0050_0050.jpg 1 22 13 50 50
0500_0036_0045_0036_0036.jpg 1 36 45 36 36
0501_0046_0033_0044_0044.jpg 1 46 33 44 44
0502_0053_0017_0029_0029.jpg 1 53 17 29 29
0503_0013_0017_0050_0050.jpg 1 13 17 50 50
0504_0018_0004_0065_0065.jpg 1 18 4 65 65
0505_0020_0007_0057_0057.jpg 1 20 7 57 57
0506_0023_0023_0057_0057.jpg 1 23 23 57 57
0507_0017_0060_0025_0025.jpg 1 17 60 25 25
0508_0038_0022_0055_0055.jpg 1 38 22 55 55
0509_0044_0044_0048_0048.jpg 1 44 44 48 48
0510_0012_0013_0038_0038.jpg 1 12 13 38 38
0511_0029_0010_0067_0067.jpg 1 29 10 67 67
0512_0027_0006_0067_0067.jpg 1 27 6 67 67
0513_0035_0034_0051_0051.jpg 1 35 34 51 51
0514_0026_0043_0049_0049.jpg 1 26 43 49 49
0515_0061_0037_0025_0025.jpg 1 61 37 25 25
0516_0027_0004_0054_0054.jpg 1 27 4 54 54
0517_0015_0024_0028_0028.jpg 1 15 24 28 28
0518_0005_0006_0068_0068.jpg 1 5 6 68 68
0519_0016_0044_0030_0030.jpg 1 16 44 30 30
0520_0045_0022_0049_0049.jpg 1 45 22 49 49
0521_0034_0038_0038_0038.jpg 1 34 38 38 38
0522_0044_0023_0048_0048.jpg 1 44 23 48 48
0523_0025_0003_0069_0069.jpg 1 25 3 69 69
0524_0022_0020_0053_0053.jpg 1 22 20 53 53
0525_0029_0023_0066_0066.jpg 1 29 23 66 66
0526_0019_0019_0039_0039.jpg 1 19 19 39 39
0527_0006_0004_0054_0054.jpg 1 6 4 54 54
0528_0037_0037_0024_0024.jpg 1 37 37 24 24
0529_0018_0035_0055_0055.jpg 1 18 35 55 55
0530_0023_0030_0045_0045.jpg 1 23 30 45 45
0531_0003_0017_0067_0067.jpg 1 3 17 67 67
0532_0029_0032_0061_0061.jpg 1 29 32 61 61
0533_0011_0007_0050_0050.jpg 1 11 7 50 50
0534_0005_0005_0052_0052.jpg 1 5 5 52 52
0535_0007_0029_0066_0066.jpg 1 7 29 66 66
0536_0026_0017_0066_0066.jpg 1 26 17 66 66
0537_0049_0047_0037_0037.jpg 1 49 47 37 37
0538_0031_0043_0033_0033.jpg 1 31 43 33 33
0539_0032_0011_0063_0063.jpg 1 32 11 63 63
0540_0044_0015_0036_0036.jpg 1 44 15 36 36
0541_0007_0036_0034_0034.jpg 1 7 36 34 34
0542_0034_0026_0049_0049.jpg 1 34 26 49 49
0543_0008_0023_0065_0065.jpg 1 8 23 65 65
0544_0027_0011_0051_0051.jpg 1 27 11 51 51
0545_0026_0008_0053_0053.jpg 1 26 8 53 53
0546_0055_0053_0035_0035.jpg 1 55 53 35 35
0547_0025_0009_0058_0058.jpg 1 25 9 58 58
0548_0033_0020_0037_0037.jpg 1 33 20 37 37
0549_0015_0062_0026_0026.jpg 1 15 62 26 26
0550_0029_0007_0044_0044.jpg 1 29 7 44 44
0551_0010_0012_0052_0052.jpg 1 10 12 52 52
0552_0036_0026_0058_0058.jpg 1 36 26 58 58
0553_0013_0029_0054_0054.jpg 1 13 29 54 54
0554_0015_0032_0052_0052.jpg 1 15 32 52 52
0555_0026_0021_0047_0047.jpg 1 26 21 47 47
0556_0061_0056_0029_0029.jpg 1 61 56 29 29
0557_0030_0028_0065_0065.jpg 1 30 28 65 65
0558_0008_0031_0063_0063.jpg 1 8 31 63 63
0559_0015_0030_0051_0051.jpg 1 15 30 51 51
0560_0012_0023_0044_0044.jpg 1 12 23 44 44
0561_0043_0043_0039_0039.jpg 1 43 43 39 39
0562_0021_0041_0044_0044.jpg 1 21 41 44 44
0563_0047_0020_0025_0025.jpg 1 47 20 25 25
0564_0043_0023_0045_0045.jpg 1 43 23 45 45
0565_0029_0039_0026_0026.jpg 1 29 39 26 26
0566_0061_0057_0024_0024.jpg 1 61 57 24 24
0567_0010_0022_0024_0024.jpg 1 10 22 24 24
0568_0057_0048_0035_0035.jpg 1 57 48 35 35
0569_0013_0034_0043_0043.jpg 1 13 34 43 43
0570_0029_0005_0045_0045.jpg 1 29 5 45 45
0571_0011_0053_0039_0039.jpg 1 11 53 39 39
0572_0005_0032_0059_0059.jpg 1 5 32 59 59
0573_0025_0013_0068_0068.jpg 1 25 13 68 68
0574_0044_0009_0035_0035.jpg 1 44 9 35 35
0575_0037_0006_0042_0042.jpg 1 37 6 42 42
0576_0010_0035_0034_0034.jpg 1 10 35 34 34
0577_0007_0023_0053_0053.jpg 1 7 23 53 53
0578_0022_0044_0036_0036.jpg 1 22 44 36 36
0579_0026_0043_0039_0039.jpg 1 26 43 39 39
0580_0028_0011_0062_0062.jpg 1 28 11 62 62
0581_0038_0038_0056_0056.jpg 1 38 38 56 56
0582_0023_0030_0051_0051.jpg 1 23 30 51 51
0583_0016_0027_0052_0052.jpg 1 16 27 52 52
0584_0027_0020_0052_0052.jpg 1 27 20 52 52
0585_0050_0061_0025_0025.jpg 1 50 61 25 25
0586_0021_0039_0054_0054.jpg 1 21 39 54 54
0587_0009_0031_0039_0039.jpg 1 9 31 39 39
0588_0038_0031_0056_0056.jpg 1 38 31 56 56
0589_0036_0034_0050_0050.jpg 1 36 34 50 50
0590_0026_0034_0049_0049.jpg 1 26 34 49 49
0591_0008_0020_0050_0050.jpg 1 8 20 50 50
0592_0036_0041_0024_0024.jpg 1 36 41 24 24
0593_0005_0018_0050_0050.jpg 1 5 18 50 50
0594_0008_0024_0031_0031.jpg 1 8 24 31 31
0595_0012_0029_0063_0063.jpg 1 12 29 63 63
0596_0017_0010_0063_0063.jpg 1 17 10 63 63
0597_0011_0026_0059_0059.jpg 1 11 26 59 59
0598_0023_0004_0058_0058.jpg 1 23 4 58 58
0599_0031_0009_0065_0065.jpg 1 31 9 65 65
0600_0026_0016_0068_0068.jpg 1 26 16 68 68
0601_0026_0037_0041_0041.jpg 1 26 37 41 41
0602_0024_0028_0060_0060.jpg 1 24 28 60 60
0603_0010_0005_0061_0061.jpg 1 10 5 61 61
0604_0022_0020_0047_0047.jpg 1 22 20 47 47
0605_0020_0034_0050_0050.jpg 1 20 34 50 50
0606_0018_0015_0054_0054.jpg 1 18 15 54 54
0607_0010_0026_0062_0062.jpg 1 10 26 62 62
0608_0017_0037_0038_0038.jpg 1 17 37 38 38
0609_0020_0032_0063_0063.jpg 1 20 32 63 63
0610_0032_0015_0050_0050.jpg 1 32 15 50 50
0611_0010_0012_0064_0064.jpg 1 10 12 64 64
0612_0016_0007_0053_0053.jpg 1 16 7 53 53
0613_0033_0031_0046_0046.jpg 1 33 31 46 46
0614_0035_0036_0030_0030.jpg 1 35 36 30 30
0615_0022_0029_0067_0067.jpg 1 22 29 67 67
0616_0023_0052_0037_0037.jpg 1 23 52 37 37
0617_0015_0012_0065_0065.jpg 1 15 12 65 65
0618_0012_0015_0056_0056.jpg 1 12 15 56 56
0619_0029_0011_0065_0065.jpg 1 29 11 65 65
0620_0012_0010_0057_0057.jpg 1 12 10 57 57
0621_0024_0049_0034_0034.jpg 1 24 49 34 34
0622_0003_0008_0065_0065.jpg 1 3 8 65 65
0623_0005_0004_0065_0065.jpg 1 5 4 65 65
0624_0006_0025_0051_0051.jpg 1 6 25 51 51
0625_0049_0025_0033_0033.jpg 1 49 25 33 33
0626_0022_0033_0045_0045.jpg 1 22 33 45 45
0627_0007_0016_0041_0041.jpg 1 7 16 41 41
0628_0013_0011_0065_0065.jpg 1 13 11 65 65
0629_0045_0034_0046_0046.jpg 1 45 34 46 46
0630_0014_0009_0065_0065.jpg 1 14 9 65 65
0631_0023_0043_0029_0029.jpg 1 23 43 29 29
0632_0012_0036_0033_0033.jpg 1 12 36 33 33
0633_0027_0055_0038_0038.jpg 1 27 55 38 38
0634_0043_0006_0048_0048.jpg 1 43 6 48 48
0635_0033_0012_0039_0039.jpg 1 33 12 39 39
0636_0046_0021_0047_0047.jpg 1 46 21 47 47
0637_0039_0024_0038_0038.jpg 1 39 24 38 38
0638_0019_0017_0055_0055.jpg 1 19 17 55 55
0639_0035_0014_0048_0048.jpg 1 35 14 48 48
0640_0040_0031_0033_0033.jpg 1 40 31 33 33
0641_0031_0040_0053_0053.jpg 1 31 40 53 53
0642_0008_0027_0058_0058.jpg 1 8 27 58 58
0643_0013_0033_0062_0062.jpg 1 13 33 62 62
0644_0005_0033_0049_0049.jpg 1 5 33 49 49
0645_0030_0036_0059_0059.jpg 1 30 36 59 59
0646_0009_0031_0052_0052.jpg 1 9 31 52 52
0647_0008_0035_0049_0049.jpg 1 8 35 49 49
0648_0034_0037_0037_0037.jpg 1 34 37 37 37
0649_0004_0031_0062_0062.jpg 1 4 31 62 62
0650_0056_0008_0028_0028.jpg 1 56 8 28 28
0651_0022_0027_0032_0032.jpg 1 22 27 32 32
0652_0018_0013_0063_0063.jpg 1 18 13 63 63
0653_0049_0008_0036_0036.jpg 1 49 8 36 36
0654_0007_0035_0044_0044.jpg 1 7 35 44 44
0655_0042_0041_0051_0051.jpg 1 42 41 51 51
0656_0038_0039_0054_0054.jpg 1 38 39 54 54
0657_0016_0016_0060_0060.jpg 1 16 16 60 60
0658_0037_0050_0031_0031.jpg 1 37 50 31 31
0659_0037_0022_0027_0027.jpg 1 37 22 27 27
0660_0010_0016_0029_0029.jpg 1 10 16 29 29
0661_0008_0034_0045_0045.jpg 1 8 34 45 45
0662_0050_0033_0037_0037.jpg 1 50 33 37 37
0663_0040_0028_0039_0039.jpg 1 40 28 39 39
0664_0035_0028_0031_0031.jpg 1 35 28 31 31
0665_0032_0021_0050_0050.jpg 1 32 21 50 50
0666_0014_0036_0048_0048.jpg 1 14 36 48 48
0667_0023_0012_0033_0033.jpg 1 23 12 33 33
0668_0022_0030_0034_0034.jpg 1 22 30 34 34
0669_0011_0049_0037_0037.jpg 1 11 49 37 37
0670_0057_0058_0026_0026.jpg 1 57 58 26 26
0671_0010_0054_0026_0026.jpg 1 10 54 26 26
0672_0023_0013_0057_0057.jpg 1 23 13 57 57
0673_0024_0053_0038_0038.jpg 1 24 53 38 38
0674_0028_0038_0044_0044.jpg 1 28 38 44 44
0675_0015_0011_0069_0069.jpg 1 15 11 69 69
0676_0043_0045_0028_0028.jpg 1 43 45 28 28
0677_0058_0059_0028_0028.jpg 1 58 59 28 28
0678_0034_0028_0044_0044.jpg 1 34 28 44 44
0679_0010_0043_0047_0047.jpg 1 10 43 47 47
0680_0022_0048_0039_0039.jpg 1 22 48 39 39
0681_0016_0013_0063_0063.jpg 1 16 13 63 63
0682_0033_0022_0062_0062.jpg 1 33 22 62 62
0683_0041_0030_0024_0024.jpg 1 41 30 24 24
0684_0033_0017_0052_0052.jpg 1 33 17 52 52
0685_0029_0037_0056_0056.jpg 1 29 37 56 56
0686_0024_0010_0038_0038.jpg 1 24 10 38 38
0687_0038_0034_0049_0049.jpg 1 38 34 49 49
0688_0028_0029_0064_0064.jpg 1 28 29 64 64
0689_0022_0021_0064_0064.jpg 1 22 21 64 64
0690_0046_0023_0040_0040.jpg 1 46 23 40 40
0691_0003_0015_0064_0064.jpg 1 3 15 64 64
0692_0013_0038_0043_0043.jpg 1 13 38 43 43
0693_0022_0014_0067_0067.jpg 1 22 14 67 67
0694_0021_0017_0061_0061.jpg 1 21 17 61 61
0695_0026_0031_0054_0054.jpg 1 26 31 54 54
0696_0006_0039_0054_0054.jpg 1 6 39 54 54
0697_0004_0021_0068_0068.jpg 1 4 21 68 68
0698_0042_0043_0032_0032.jpg 1 42 43 32 32
0699_0025_0023_0024_0024.jpg 1 25 23 24 24
0700_0008_0021_0051_0051.jpg 1 8 21 51 51
0701_0051_0026_0026_0026.jpg 1 51 26 26 26
0702_0056_0007_0024_0024.jpg 1 56 7 24 24
0703_0034_0044_0038_0038.jpg 1 34 44 38 38
0704_0011_0007_0039_0039.jpg 1 11 7 39 39
0705_0034_0034_0052_0052.jpg 1 34 34 52 52
0706_0033_0060_0024_0024.jpg 1 33 60 24 24
0707_0059_0015_0033_0033.jpg 1 59 15 33 33
0708_0011_0059_0033_0033.jpg 1 11 59 33 33
0709_0038_0037_0043_0043.jpg 1 38 37 43 43
0710_0041_0035_0030_0030.jpg 1 41 35 30 30
0711_0034_0029_0045_0045.jpg 1 34 29 45 45
0712_0020_0017_0067_0067.jpg 1 20 17 67 67
0713_0008_0022_0024_0024.jpg 1 8 22 24 24
0714_0044_0060_0027_0027.jpg 1 44 60 27 27
0715_0034_0046_0029_0029.jpg 1 34 46 29 29
0716_0027_0015_0060_0060.jpg 1 27 15 60 60
0717_0034_0008_0042_0042.jpg 1 34 8 42 42
0718_0012_0008_0038_0038.jpg 1 12 8 38 38
0719_0049_0016_0032_0032.jpg 1 49 16 32 32
0720_0033_0036_0048_0048.jpg 1 33 36 48 48
0721_0020_0012_0034_0034.jpg 1 20 12 34 34
0722_0026_0006_0042_0042.jpg 1 26 6 42 42
0723_0008_0023_0047_0047.jpg 1 8 23 47 47
0724_0029_0033_0062_0062.jpg 1 29 33 62 62
0725_0004_0014_0067_0067.jpg 1 4 14 67 67
0726_0012_0030_0044_0044.jpg 1 12 30 44 44
0727_0028_0008_0057_0057.jpg 1 28 8 57 57
0728_0013_0040_0042_0042.jpg 1 13 40 42 42
0729_0006_0031_0057_0057.jpg 1 6 31 57 57
0730_0026_0028_0062_0062.jpg 1 26 28 62 62
0731_0008_0025_0064_0064.jpg 1 8 25 64 64
0732_0009_0005_0058_0058.jpg 1 9 5 58 58
0733_0023_0022_0041_0041.jpg 1 23 22 41 41
0734_0042_0007_0050_0050.jpg 1 42 7 50 50
0735_0015_0023_0065_0065.jpg 1 15 23 65 65
0736_0003_0009_0067_0067.jpg 1 3 9 67 67
0737_0050_0007_0038_0038.jpg 1 50 7 38 38
0738_0027_0017_0049_0049.jpg 1 27 17 49 49
0739_0028_0038_0046_0046.jpg 1 28 38 46 46
0740_0009_0024_0046_0046.jpg 1 9 24 46 46
0741_0055_0026_0037_0037.jpg 1 55 26 37 37
0742_0032_0033_0062_0062.jpg 1 32 33 62 62
0743_0053_0047_0028_0028.jpg 1 53 47 28 28
0744_0017_0030_0034_0034.jpg 1 17 30 34 34
0745_0028_0019_0041_0041.jpg 1 28 19 41 41
0746_0013_0018_0048_0048.jpg 1 13 18 48 48
0747_0013_0007_0044_0044.jpg 1 13 7 44 44
0748_0016_0027_0063_0063.jpg 1 16 27 63 63
0749_0020_0039_0029_0029.jpg 1 20 39 29 29
0750_0033_0013_0062_0062.jpg 1 33 13 62 62
0751_0006_0004_0065_0065.jpg 1 6 4 65 65
0752_0034_0022_0053_0053.jpg 1 34 22 53 53
0753_0026_0010_0062_0062.jpg 1 26 10 62 62
0754_0041_0013_0041_0041.jpg 1 41 13 41 41
0755_0039_0023_0037_0037.jpg 1 39 23 37 37
0756_0036_0031_0054_0054.jpg 1 36 31 54 54
0757_0009_0040_0032_0032.jpg 1 9 40 32 32
0758_0027_0021_0062_0062.jpg 1 27 21 62 62
0759_0010_0047_0032_0032.jpg 1 10 47 32 32
0760_0022_0003_0068_0068.jpg 1 22 3 68 68
0761_0006_0006_0060_0060.jpg 1 6 6 60 60
0762_0013_0005_0058_0058.jpg 1 13 5 58 58
0763_0061_0066_0024_0024.jpg 1 61 66 24 24
0764_0014_0059_0033_0033.jpg 1 14 59 33 33
0765_0040_0017_0029_0029.jpg 1 40 17 29 29
0766_0019_0021_0066_0066.jpg 1 19 21 66 66
0767_0006_0036_0035_0035.jpg 1 6 36 35 35
0768_0009_0008_0048_0048.jpg 1 9 8 48 48
0769_0047_0009_0038_0038.jpg 1 47 9 38 38
0770_0010_0036_0057_0057.jpg 1 10 36 57 57
0771_0034_0015_0035_0035.jpg 1 34 15 35 35
0772_0029_0025_0059_0059.jpg 1 29 25 59 59
0773_0017_0034_0038_0038.jpg 1 17 34 38 38
0774_0027_0009_0068_0068.jpg 1 27 9 68 68
0775_0024_0014_0057_0057.jpg 1 24 14 57 57
0776_0016_0016_0050_0050.jpg 1 16 16 50 50
0777_0035_0017_0041_0041.jpg 1 35 17 41 41
0778_0045_0008_0036_0036.jpg 1 45 8 36 36
0779_0015_0011_0048_0048.jpg 1 15 11 48 48
0780_0021_0017_0038_0038.jpg 1 21 17 38 38
0781_0052_0052_0024_0024.jpg 1 52 52 24 24
0782_0047_0049_0036_0036.jpg 1 47 49 36 36
0783_0042_0012_0032_0032.jpg 1 42 12 32 32
0784_0035_0021_0058_0058.jpg 1 35 21 58 58
0785_0011_0009_0038_0038.jpg 1 11 9 38 38
0786_0041_0013_0035_0035.jpg 1 41 13 35 35
0787_0036_0024_0040_0040.jpg 1 36 24 40 40
0788_0027_0012_0051_0051.jpg 1 27 12 51 51
0789_0006_0012_0066_0066.jpg 1 6 12 66 66
0790_0015_0026_0032_0032.jpg 1 15 26 32 32
0791_0012_0028_0062_0062.jpg 1 12 28 62 62
0792_0029_0023_0066_0066.jpg 1 29 23 66 66
0793_0026_0011_0058_0058.jpg 1 26 11 58 58
0794_0046_0013_0044_0044.jpg 1 46 13 44 44
0795_0020_0006_0054_0054.jpg 1 20 6 54 54
0796_0003_0031_0063_0063.jpg 1 3 31 63 63
0797_0037_0018_0041_0041.jpg 1 37 18 41 41
0798_0028_0025_0056_0056.jpg 1 28 25 56 56
0799_0017_0014_0068_0068.jpg 1 17 14 68 68
0800_0033_0024_0048_0048.jpg 1 33 24 48 48
0801_0024_0011_0064_0064.jpg 1 24 11 64 64
0802_0014_0022_0046_0046.jpg 1 14 22 46 46
0803_0046_0057_0028_0028.jpg 1 46 57 28 28
0804_0016_0028_0064_0064.jpg 1 16 28 64 64
0805_0030_0017_0064_0064.jpg 1 30 17 64 64
0806_0041_0040_0038_0038.jpg 1 41 40 38 38
0807_0018_0042_0050_0050.jpg 1 18 42 50 50
0808_0051_0010_0029_0029.jpg 1 51 10 29 29
0809_0046_0016_0036_0036.jpg 1 46 16 36 36
0810_0029_0027_0053_0053.jpg 1 29 27 53 53
0811_0020_0049_0041_0041.jpg 1 20 49 41 41
0812_0023_0022_0064_0064.jpg 1 23 22 64 64
0813_0034_0016_0058_0058.jpg 1 34 16 58 58
0814_0012_0023_0067_0067.jpg 1 12 23 67 67
0815_0015_0015_0038_0038.jpg 1 15 15 38 38
0816_0027_0020_0066_0066.jpg 1 27 20 66 66
0817_0043_0049_0039_0039.jpg 1 43 49 39 39
0818_0057_0035_0026_0026.jpg 1 57 35 26 26
0819_0009_0021_0054_0054.jpg 1 9 21 54 54
0820_0050_0025_0041_0041.jpg 1 50 25 41 41
0821_0044_0063_0024_0024.jpg 1 44 63 24 24
0822_0021_0042_0026_0026.jpg 1 21 42 26 26
0823_0022_0049_0041_0041.jpg 1 22 49 41 41
0824_0063_0062_0025_0025.jpg 1 63 62 25 25
0825_0012_0023_0029_0029.jpg 1 12 23 29 29
0826_0013_0018_0065_0065.jpg 1 13 18 65 65
0827_0031_0039_0051_0051.jpg 1 31 39 51 51
0828_0007_0039_0039_0039.jpg 1 7 39 39 39
0829_0011_0013_0058_0058.jpg 1 11 13 58 58
0830_0015_0012_0069_0069.jpg 1 15 12 69 69
0831_0012_0014_0063_0063.jpg 1 12 14 63 63
0832_0030_0019_0060_0060.jpg 1 30 19 60 60
0833_0011_0019_0065_0065.jpg 1 11 19 65 65
0834_0034_0035_0059_0059.jpg 1 34 35 59 59
0835_0009_0012_0063_0063.jpg 1 9 12 63 63
0836_0033_0013_0042_0042.jpg 1 33 13 42 42
0837_0036_0042_0049_0049.jpg 1 36 42 49 49
0838_0011_0027_0051_0051.jpg 1 11 27 51 51
0839_0036_0010_0049_0049.jpg 1 36 10 49 49
0840_0028_0048_0025_0025.jpg 1 28 48 25 25
0841_0027_0019_0030_0030.jpg 1 27 19 30 30
0842_0015_0046_0041_0041.jpg 1 15 46 41 41
0843_0026_0028_0050_0050.jpg 1 26 28 50 50
0844_0036_0060_0028_0028.jpg 1 36 60 28 28
0845_0051_0050_0030_0030.jpg 1 51 50 30 30
0846_0038_0017_0041_0041.jpg 1 38 17 41 41
0847_0047_0047_0044_0044.jpg 1 47 47 44 44
0848_0038_0032_0026_0026.jpg 1 38 32 26 26
0849_0023_0026_0062_0062.jpg 1 23 26 62 62
0850_0015_0034_0038_0038.jpg 1 15 34 38 38
0851_0020_0003_0069_0069.jpg 1 20 3 69 69
0852_0031_0023_0054_0054.jpg 1 31 23 54 54
0853_0050_0046_0041_0041.jpg 1 50 46 41 41
0854_0003_0023_0069_0069.jpg 1 3 23 69 69
0855_0019_0033_0059_0059.jpg 1 19 33 59 59
0856_0014_0063_0029_0029.jpg 1 14 63 29 29
0857_0025_0042_0032_0032.jpg 1 25 42 32 32
0858_0017_0029_0052_0052.jpg 1 17 29 52 52
0859_0013_0009_0054_0054.jpg 1 13 9 54 54
0860_0047_0045_0039_0039.jpg 1 47 45 39 39
0861_0032_0024_0051_0051.jpg 1 32 24 51 51
0862_0035_0011_0052_0052.jpg 1 35 11 52 52
0863_0015_0011_0066_0066.jpg 1 15 11 66 66
0864_0026_0025_0069_0069.jpg 1 26 25 69 69
0865_0042_0051_0030_0030.jpg 1 42 51 30 30
0866_0016_0027_0047_0047.jpg 1 16 27 47 47
0867_0050_0051_0032_0032.jpg 1 50 51 32 32
0868_0021_0023_0043_0043.jpg 1 21 23 43 43
0869_0020_0009_0027_0027.jpg 1 20 9 27 27
0870_0010_0008_0035_0035.jpg 1 10 8 35 35
0871_0015_0026_0065_0065.jpg 1 15 26 65 65
0872_0006_0019_0050_0050.jpg 1 6 19 50 50
0873_0031_0011_0058_0058.jpg 1 31 11 58 58
0874_0027_0025_0061_0061.jpg 1 27 25 61 61
0875_0057_0016_0029_0029.jpg 1 57 16 29 29
0876_0006_0022_0056_0056.jpg 1 6 22 56 56
0877_0038_0014_0031_0031.jpg 1 38 14 31 31
0878_0018_0006_0063_0063.jpg 1 18 6 63 63
0879_0022_0025_0026_0026.jpg 1 22 25 26 26
0880_0044_0019_0043_0043.jpg 1 44 19 43 43
0881_0032_0006_0036_0036.jpg 1 32 6 36 36
0882_0018_0043_0037_0037.jpg 1 18 43 37 37
0883_0031_0015_0064_0064.jpg 1 31 15 64 64
0884_0026_0025_0063_0063.jpg 1 26 25 63 63
0885_0018_0012_0062_0062.jpg 1 18 12 62 62
0886_0020_0011_0052_0052.jpg 1 20 11 52 52
0887_0057_0016_0026_0026.jpg 1 57 16 26 26
0888_0023_0023_0069_0069.jpg 1 23 23 69 69
0889_0012_0003_0069_0069.jpg 1 12 3 69 69
0890_0054_0028_0027_0027.jpg 1 54 28 27 27
0891_0040_0049_0026_0026.jpg 1 40 49 26 26
0892_0055_0056_0031_0031.jpg 1 55 56 31 31
0893_0020_0035_0047_0047.jpg 1 20 35 47 47
0894_0027_0008_0062_0062.jpg 1 27 8 62 62
0895_0039_0035_0036_0036.jpg 1 39 35 36 36
0896_0014_0024_0046_0046.jpg 1 14 24 46 46
0897_0032_0029_0055_0055.jpg 1 32 29 55 55
0898_0031_0005_0053_0053.jpg 1 31 5 53 53
0899_0044_0021_0038_0038.jpg 1 44 21 38 38
0900_0026_0010_0056_0056.jpg 1 26 10 56 56
0901_0033_0021_0030_0030.jpg 1 33 21 30 30
0902_0024_0020_0044_0044.jpg 1 24 20 44 44
0903_0012_0022_0061_0061.jpg 1 12 22 61 61
0904_0040_0018_0037_0037.jpg 1 40 18 37 37
0905_0060_0022_0027_0027.jpg 1 60 22 27 27
0906_0010_0028_0054_0054.jpg 1 10 28 54 54
0907_0019_0009_0061_0061.jpg 1 19 9 61 61
0908_0040_0008_0049_0049.jpg 1 40 8 49 49
0909_0023_0027_0051_0051.jpg 1 23 27 51 51
0910_0018_0011_0025_0025.jpg 1 18 11 25 25
0911_0031_0053_0035_0035.jpg 1 31 53 35 35
0912_0048_0017_0039_0039.jpg 1 48 17 39 39
0913_0055_0057_0029_0029.jpg 1 55 57 29 29
0914_0007_0007_0058_0058.jpg 1 7 7 58 58
0915_0011_0031_0060_0060.jpg 1 11 31 60 60
0916_0007_0034_0045_0045.jpg 1 7 34 45 45
0917_0048_0060_0031_0031.jpg 1 48 60 31 31
0918_0039_0038_0050_0050.jpg 1 39 38 50 50
0919_0029_0011_0056_0056.jpg 1 29 11 56 56
0920_0009_0027_0038_0038.jpg 1 9 27 38 38
0921_0010_0022_0068_0068.jpg 1 10 22 68 68
0922_0023_0055_0037_0037.jpg 1 23 55 37 37
0923_0016_0019_0061_0061.jpg 1 16 19 61 61
0924_0025_0020_0053_0053.jpg 1 25 20 53 53
0925_0024_0023_0068_0068.jpg 1 24 23 68 68
0926_0020_0033_0058_0058.jpg 1 20 33 58 58
0927_0008_0039_0053_0053.jpg 1 8 39 53 53
0928_0014_0031_0041_0041.jpg 1 14 31 41 41
0929_0008_0010_0024_0024.jpg 1 8 10 24 24
0930_0029_0020_0050_0050.jpg 1 29 20 50 50
0931_0006_0042_0051_0051.jpg 1 6 42 51 51
0932_0009_0027_0062_0062.jpg 1 9 27 62 62
0933_0011_0029_0042_0042.jpg 1 11 29 42 42
0934_0061_0025_0029_0029.jpg 1 61 25 29 29
0935_0014_0009_0028_0028.jpg 1 14 9 28 28
0936_0050_0035_0041_0041.jpg 1 50 35 41 41
0937_0019_0031_0065_0065.jpg 1 19 31 65 65
0938_0028_0011_0056_0056.jpg 1 28 11 56 56
0939_0030_0031_0037_0037.jpg 1 30 31 37 37
0940_0017_0036_0043_0043.jpg 1 17 36 43 43
0941_0009_0036_0059_0059.jpg 1 9 36 59 59
0942_0034_0007_0058_0058.jpg 1 34 7 58 58
0943_0007_0023_0068_0068.jpg 1 7 23 68 68
0944_0029_0023_0062_0062.jpg 1 29 23 62 62
0945_0039_0026_0049_0049.jpg 1 39 26 49 49
0946_0026_0019_0041_0041.jpg 1 26 19 41 41
0947_0030_0061_0026_0026.jpg 1 30 61 26 26
0948_0036_0042_0037_0037.jpg 1 36 42 37 37
0949_0032_0016_0049_0049.jpg 1 32 16 49 49
0950_0020_0016_0069_0069.jpg 1 20 16 69 69
0951_0020_0014_0043_0043.jpg 1 20 14 43 43
0952_0024_0061_0026_0026.jpg 1 24 61 26 26
0953_0044_0060_0032_0032.jpg 1 44 60 32 32
0954_0030_0062_0028_0028.jpg 1 30 62 28 28
0955_0041_0029_0034_0034.jpg 1 41 29 34 34
0956_0023_0022_0061_0061.jpg 1 23 22 61 61
0957_0010_0030_0063_0063.jpg 1 10 30 63 63
0958_0027_0025_0056_0056.jpg 1 27 25 56 56
0959_0021_0018_0060_0060.jpg 1 21 18 60 60
0960_0016_0009_0027_0027.jpg 1 16 9 27 27
0961_0015_0040_0026_0026.jpg 1 15 40 26 26
0962_0018_0040_0039_0039.jpg 1 18 40 39 39
0963_0016_0037_0036_0036.jpg 1 16 37 36 36
0964_0056_0027_0028_0028.jpg 1 56 27 28 28
0965_0031_0026_0055_0055.jpg 1 31 26 55 55
0966_0029_0025_0060_0060.jpg 1 29 25 60 60
0967_0020_0010_0058_0058.jpg 1 20 10 58 58
0968_0013_0011_0056_0056.jpg 1 13 11 56 56
0969_0031_0008_0062_0062.jpg 1 31 8 62 62
0970_0036_0042_0050_0050.jpg 1 36 42 50 50
0971_0023_0024_0060_0060.jpg 1 23 24 60 60
0972_0011_0059_0030_0030.jpg 1 11 59 30 30
0973_0043_0026_0033_0033.jpg 1 43 26 33 33
0974_0008_0024_0048_0048.jpg 1 8 24 48 48
0975_0019_0023_0068_0068.jpg 1 19 23 68 68
0976_0028_0026_0067_0067.jpg 1 28 26 67 67
0977_0008_0030_0061_0061.jpg 1 8 30 61 61
0978_0048_0009_0040_0040.jpg 1 48 9 40 40
0979_0019_0022_0027_0027.jpg 1 19 22 27 27
0980_0031_0011_0063_0063.jpg 1 31 11 63 63
0981_0011_0024_0052_0052.jpg 1 11 24 52 52
0982_0023_0034_0062_0062.jpg 1 23 34 62 62
0983_0033_0039_0053_0053.jpg 1 33 39 53 53
0984_0031_0056_0033_0033.jpg 1 31 56 33 33
0985_0021_0012_0050_0050.jpg 1 21 12 50 50
0986_0008_0007_0044_0044.jpg 1 8 7 44 44
0987_0023_0005_0067_0067.jpg 1 23 5 67 67
0988_0012_0010_0061_0061.jpg 1 12 10 61 61
0989_0014_0020_0066_0066.jpg 1 14 20 66 66
0990_0036_0013_0025_0025.jpg 1 36 13 25 25
0991_0029_0012_0064_0064.jpg 1 29 12 64 64
0992_0044_0017_0047_0047.jpg 1 44 17 47 47
0993_0039_0007_0039_0039.jpg 1 39 7 39 39
0994_0043_0049_0037_0037.jpg 1 43 49 37 37
0995_0038_0025_0049_0049.jpg 1 38 25 49 49
0996_0004_0029_0061_0061.jpg 1 4 29 61 61
0997_0031_0060_0028_0028.jpg 1 31 60 28 28
0998_0040_0030_0032_0032.jpg 1 40 30 32 32
0999_0014_0016_0053_0053.jpg 1 14 16 53 53
1000_0015_0022_0032_0032.jpg 1 15 22 32 32
1001_0006_0038_0043_0043.jpg 1 6 38 43 43
1002_0041_0035_0052_0052.jpg 1 41 35 52 52
1003_0035_0017_0052_0052.jpg 1 35 17 52 52
1004_0032_0013_0058_0058.jpg 1 32 13 58 58
1005_0044_0031_0028_0028.jpg 1 44 31 28 28
1006_0027_0025_0041_0041.jpg 1 27 25 41 41
1007_0044_0035_0050_0050.jpg 1 44 35 50 50
1008_0030_0006_0057_0057.jpg 1 30 6 57 57
1009_0017_0022_0046_0046.jpg 1 17 22 46 46
1010_0020_0007_0060_0060.jpg 1 20 7 60 60
1011_0008_0025_0056_0056.jpg 1 8 25 56 56
1012_0031_0013_0039_0039.jpg 1 31 13 39 39
1013_0043_0017_0048_0048.jpg 1 43 17 48 48
1014_0007_0024_0059_0059.jpg 1 7 24 59 59
1015_0046_0012_0047_0047.jpg 1 46 12 47 47
1016_0054_0012_0038_0038.jpg 1 54 12 38 38
1017_0059_0025_0024_0024.jpg 1 59 25 24 24
1018_0007_0039_0045_0045.jpg 1 7 39 45 45
1019_0014_0011_0066_0066.jpg 1 14 11 66 66
1020_0038_0045_0034_0034.jpg 1 38 45 34 34
1021_0006_0005_0062_0062.jpg 1 6 5 62 62
1022_0028_0022_0041_0041.jpg 1 28 22 41 41
1023_0011_0013_0043_0043.jpg 1 11 13 43 43
1024_0040_0043_0047_0047.jpg 1 40 43 47 47
1025_0030_0009_0061_0061.jpg 1 30 9 61 61
1026_0026_0052_0041_0041.jpg 1 26 52 41 41
1027_0016_0015_0067_0067.jpg 1 16 15 67 67
1028_0031_0041_0045_0045.jpg 1 31 41 45 45
1029_0003_0016_0063_0063.jpg 1 3 16 63 63
1030_0012_0004_0056_0056.jpg 1 12 4 56 56
1031_0056_0015_0037_0037.jpg 1 56 15 37 37
1032_0029_0012_0028_0028.jpg 1 29 12 28 28
1033_0054_0045_0033_0033.jpg 1 54 45 33 33
1034_0008_0042_0043_0043.jpg 1 8 42 43 43
1035_0017_0028_0068_0068.jpg 1 17 28 68 68
1036_0004_0005_0055_0055.jpg 1 4 5 55 55
1037_0027_0006_0062_0062.jpg 1 27 6 62 62
1038_0029_0016_0031_0031.jpg 1 29 16 31 31
1039_0025_0020_0031_0031.jpg 1 25 20 31 31
1040_0011_0060_0031_0031.jpg 1 11 60 31 31
1041_0021_0016_0046_0046.jpg 1 21 16 46 46
1042_0007_0040_0051_0051.jpg 1 7 40 51 51
1043_0026_0016_0043_0043.jpg 1 26 16 43 43
1044_0034_0035_0053_0053.jpg 1 34 35 53 53
1045_0031_0019_0063_0063.jpg 1 31 19 63 63
1046_0018_0039_0034_0034.jpg 1 18 39 34 34
1047_0020_0043_0036_0036.jpg 1 20 43 36 36
1048_0019_0029_0036_0036.jpg 1 19 29 36 36
1049_0005_0011_0054_0054.jpg 1 5 11 54 54
1050_0009_0051_0030_0030.jpg 1 9 51 30 30
1051_0044_0046_0037_0037.jpg 1 44 46 37 37
1052_0028_0018_0063_0063.jpg 1 28 18 63 63
1053_0006_0013_0037_0037.jpg 1 6 13 37 37
1054_0006_0016_0069_0069.jpg 1 6 16 69 69
1055_0027_0029_0059_0059.jpg 1 27 29 59 59
1056_0027_0023_0067_0067.jpg 1 27 23 67 67
1057_0028_0021_0060_0060.jpg 1 28 21 60 60
1058_0030_0006_0033_0033.jpg 1 30 6 33 33
1059_0020_0021_0030_0030.jpg 1 20 21 30 30
1060_0035_0040_0054_0054.jpg 1 35 40 54 54
1061_0055_0021_0034_0034.jpg 1 55 21 34 34
1062_0005_0011_0064_0064.jpg 1 5 11 64 64
1063_0008_0026_0066_0066.jpg 1 8 26 66 66
1064_0017_0038_0043_0043.jpg 1 17 38 43 43
1065_0030_0022_0045_0045.jpg 1 30 22 45 45
1066_0024_0033_0057_0057.jpg 1 24 33 57 57
1067_0038_0045_0035_0035.jpg 1 38 45 35 35
1068_0021_0033_0053_0053.jpg 1 21 33 53 53
1069_0039_0042_0050_0050.jpg 1 39 42 50 50
1070_0038_0042_0048_0048.jpg 1 38 42 48 48
1071_0059_0045_0033_0033.jpg 1 59 45 33 33
1072_0025_0018_0026_0026.jpg 1 25 18 26 26
1073_0024_0044_0044_0044.jpg 1 24 44 44 44
1074_0027_0007_0058_0058.jpg 1 27 7 58 58
1075_0023_0053_0024_0024.jpg 1 23 53 24 24
1076_0045_0009_0041_0041.jpg 1 45 9 41 41
1077_0025_0025_0068_0068.jpg 1 25 25 68 68
1078_0032_0062_0028_0028.jpg 1 32 62 28 28
1079_0026_0020_0036_0036.jpg 1 26 20 36 36
1080_0021_0005_0069_0069.jpg 1 21 5 69 69
1081_0058_0044_0032_0032.jpg 1 58 44 32 32
1082_0011_0012_0058_0058.jpg 1 11 12 58 58
1083_0020_0027_0066_0066.jpg 1 20 27 66 66
1084_0016_0035_0043_0043.jpg 1 16 35 43 43
1085_0028_0061_0028_0028.jpg 1 28 61 28 28
1086_0011_0049_0030_0030.jpg 1 11 49 30 30
1087_0052_0023_0024_0024.jpg 1 52 23 24 24
1088_0027_0031_0059_0059.jpg 1 27 31 59 59
1089_0027_0036_0026_0026.jpg 1 27 36 26 26
1090_0005_0005_0058_0058.jpg 1 5 5 58 58
1091_0028_0034_0047_0047.jpg 1 28 34 47 47
1092_0039_0030_0048_0048.jpg 1 39 30 48 48
1093_0039_0050_0039_0039.jpg 1 39 50 39 39
1094_0009_0016_0040_0040.jpg 1 9 16 40 40
1095_0039_0029_0051_0051.jpg 1 39 29 51 51
1096_0030_0043_0039_0039.jpg 1 30 43 39 39
1097_0033_0021_0048_0048.jpg 1 33 21 48 48
1098_0061_0054_0031_0031.jpg 1 61 54 31 31
1099_0043_0031_0033_0033.jpg 1 43 31 33 33
1100_0039_0054_0026_0026.jpg 1 39 54 26 26
1101_0011_0031_0033_0033.jpg 1 11 31 33 33
1102_0018_0009_0068_0068.jpg 1 18 9 68 68
1103_0034_0022_0033_0033.jpg 1 34 22 33 33
1104_0033_0033_0055_0055.jpg 1 33 33 55 55
1105_0023_0038_0054_0054.jpg 1 23 38 54 54
1106_0024_0046_0037_0037.jpg 1 24 46 37 37
1107_0017_0010_0029_0029.jpg 1 17 10 29 29
1108_0025_0006_0062_0062.jpg 1 25 6 62 62
1109_0022_0021_0044_0044.jpg 1 22 21 44 44
1110_0025_0013_0062_0062.jpg 1 25 13 62 62
1111_0004_0007_0052_0052.jpg 1 4 7 52 52
1112_0019_0006_0054_0054.jpg 1 19 6 54 54
1113_0027_0004_0058_0058.jpg 1 27 4 58 58
1114_0052_0022_0028_0028.jpg 1 52 22 28 28
1115_0017_0009_0057_0057.jpg 1 17 9 57 57
1116_0022_0005_0060_0060.jpg 1 22 5 60 60
1117_0038_0031_0025_0025.jpg 1 38 31 25 25
1118_0033_0046_0029_0029.jpg 1 33 46 29 29
1119_0011_0021_0060_0060.jpg 1 11 21 60 60
1120_0014_0050_0026_0026.jpg 1 14 50 26 26
1121_0052_0026_0039_0039.jpg 1 52 26 39 39
1122_0015_0013_0064_0064.jpg 1 15 13 64 64
1123_0034_0040_0035_0035.jpg 1 34 40 35 35
1124_0025_0007_0057_0057.jpg 1 25 7 57 57
1125_0012_0058_0030_0030.jpg 1 12 58 30 30
1126_0016_0016_0057_0057.jpg 1 16 16 57 57
1127_0028_0022_0040_0040.jpg 1 28 22 40 40
1128_0018_0038_0047_0047.jpg 1 18 38 47 47
1129_0017_0025_0064_0064.jpg 1 17 25 64 64
1130_0046_0018_0030_0030.jpg 1 46 18 30 30
1131_0038_0037_0049_0049.jpg 1 38 37 49 49
1132_0038_0019_0047_0047.jpg 1 38 19 47 47
1133_0005_0014_0048_0048.jpg 1 5 14 48 48
1134_0009_0007_0069_0069.jpg 1 9 7 69 69
1135_0016_0031_0058_0058.jpg 1 16 31 58 58
1136_0017_0037_0039_0039.jpg 1 17 37 39 39
1137_0036_0040_0051_0051.jpg 1 36 40 51 51
1138_0045_0021_0042_0042.jpg 1 45 21 42 42
1139_0045_0043_0043_0043.jpg 1 45 43 43 43
1140_0041_0027_0050_0050.jpg 1 41 27 50 50
1141_0016_0052_0036_0036.jpg 1 16 52 36 36
1142_0015_0030_0039_0039.jpg 1 15 30 39 39
1143_0041_0041_0028_0028.jpg 1 41 41 28 28
1144_0043_0018_0027_0027.jpg 1 43 18 27 27
1145_0029_0036_0054_0054.jpg 1 29 36 54 54
1146_0016_0019_0063_0063.jpg 1 16 19 63 63
1147_0032_0041_0053_0053.jpg 1 32 41 53 53
1148_0014_0009_0047_0047.jpg 1 14 9 47 47
1149_0015_0009_0069_0069.jpg 1 15 9 69 69
1150_0010_0010_0041_0041.jpg 1 10 10 41 41
1151_0039_0041_0024_0024.jpg 1 39 41 24 24
1152_0009_0012_0053_0053.jpg 1 9 12 53 53
1153_0025_0009_0069_0069.jpg 1 25 9 69 69
1154_0052_0043_0038_0038.jpg 1 52 43 38 38
1155_0030_0024_0057_0057.jpg 1 30 24 57 57
1156_0010_0017_0061_0061.jpg 1 10 17 61 61
1157_0014_0031_0062_0062.jpg 1 14 31 62 62
1158_0045_0026_0028_0028.jpg 1 45 26 28 28
1159_0051_0053_0031_0031.jpg 1 51 53 31 31
1160_0017_0005_0059_0059.jpg 1 17 5 59 59
1161_0016_0006_0069_0069.jpg 1 16 6 69 69
1162_0021_0049_0040_0040.jpg 1 21 49 40 40
1163_0055_0057_0025_0025.jpg 1 55 57 25 25
1164_0043_0005_0047_0047.jpg 1 43 5 47 47
1165_0030_0014_0052_0052.jpg 1 30 14 52 52
1166_0008_0027_0042_0042.jpg 1 8 27 42 42
1167_0047_0012_0036_0036.jpg 1 47 12 36 36
1168_0017_0017_0040_0040.jpg 1 17 17 40 40
1169_0014_0037_0055_0055.jpg 1 14 37 55 55
1170_0038_0040_0052_0052.jpg 1 38 40 52 52
1171_0022_0006_0061_0061.jpg 1 22 6 61 61
1172_0036_0044_0040_0040.jpg 1 36 44 40 40
1173_0007_0027_0053_0053.jpg 1 7 27 53 53
1174_0036_0025_0045_0045.jpg 1 36 25 45 45
1175_0012_0031_0060_0060.jpg 1 12 31 60 60
1176_0035_0020_0048_0048.jpg 1 35 20 48 48
1177_0009_0015_0064_0064.jpg 1 9 15 64 64
1178_0031_0021_0064_0064.jpg 1 31 21 64 64
1179_0026_0021_0053_0053.jpg 1 26 21 53 53
1180_0056_0030_0026_0026.jpg 1 56 30 26 26
1181_0060_0041_0024_0024.jpg 1 60 41 24 24
1182_0006_0005_0065_0065.jpg 1 6 5 65 65
1183_0062_0007_0024_0024.jpg 1 62 7 24 24
1184_0023_0016_0024_0024.jpg 1 23 16 24 24
1185_0064_0013_0028_0028.jpg 1 64 13 28 28
1186_0024_0014_0062_0062.jpg 1 24 14 62 62
1187_0014_0024_0068_0068.jpg 1 14 24 68 68
1188_0050_0025_0035_0035.jpg 1 50 25 35 35
1189_0023_0043_0049_0049.jpg 1 23 43 49 49
1190_0058_0006_0034_0034.jpg 1 58 6 34 34
1191_0053_0034_0031_0031.jpg 1 53 34 31 31
1192_0013_0044_0039_0039.jpg 1 13 44 39 39
1193_0012_0024_0064_0064.jpg 1 12 24 64 64
1194_0043_0036_0027_0027.jpg 1 43 36 27 27
1195_0024_0026_0036_0036.jpg 1 24 26 36 36
1196_0035_0046_0044_0044.jpg 1 35 46 44 44
1197_0017_0021_0069_0069.jpg 1 17 21 69 69
1198_0027_0013_0062_0062.jpg 1 27 13 62 62
1199_0015_0050_0037_0037.jpg 1 15 50 37 37
1200_0028_0020_0045_0045.jpg 1 28 20 45 45
1201_0013_0024_0061_0061.jpg 1 13 24 61 61
1202_0039_0034_0045_0045.jpg 1 39 34 45 45
1203_0031_0019_0062_0062.jpg 1 31 19 62 62
1204_0014_0027_0068_0068.jpg 1 14 27 68 68
1205_0016_0055_0030_0030.jpg 1 16 55 30 30
1206_0010_0018_0050_0050.jpg 1 10 18 50 50
1207_0026_0024_0062_0062.jpg 1 26 24 62 62
1208_0040_0028_0050_0050.jpg 1 40 28 50 50
1209_0008_0013_0046_0046.jpg 1 8 13 46 46
1210_0029_0006_0052_0052.jpg 1 29 6 52 52
1211_0010_0037_0024_0024.jpg 1 10 37 24 24
1212_0039_0034_0044_0044.jpg 1 39 34 44 44
1213_0016_0046_0042_0042.jpg 1 16 46 42 42
1214_0020_0006_0032_0032.jpg 1 20 6 32 32
1215_0067_0055_0024_0024.jpg 1 67 55 24 24
1216_0026_0024_0030_0030.jpg 1 26 24 30 30
1217_0017_0038_0054_0054.jpg 1 17 38 54 54
1218_0010_0007_0052_0052.jpg 1 10 7 52 52
1219_0019_0041_0047_0047.jpg 1 19 41 47 47
1220_0013_0030_0065_0065.jpg 1 13 30 65 65
1221_0052_0032_0038_0038.jpg 1 52 32 38 38
1222_0030_0023_0027_0027.jpg 1 30 23 27 27
1223_0009_0007_0060_0060.jpg 1 9 7 60 60
1224_0030_0015_0064_0064.jpg 1 30 15 64 64
1225_0020_0026_0048_0048.jpg 1 20 26 48 48
1226_0005_0022_0069_0069.jpg 1 5 22 69 69
1227_0006_0042_0034_0034.jpg 1 6 42 34 34
1228_0017_0037_0044_0044.jpg 1 17 37 44 44
1229_0045_0017_0044_0044.jpg 1 45 17 44 44
1230_0011_0010_0068_0068.jpg 1 11 10 68 68
1231_0013_0040_0052_0052.jpg 1 13 40 52 52
1232_0030_0016_0045_0045.jpg 1 30 16 45 45
1233_0007_0012_0066_0066.jpg 1 7 12 66 66
1234_0037_0026_0057_0057.jpg 1 37 26 57 57
1235_0044_0026_0033_0033.jpg 1 44 26 33 33
1236_0033_0027_0024_0024.jpg 1 33 27 24 24
1237_0022_0065_0026_0026.jpg 1 22 65 26 26
1238_0036_0034_0045_0045.jpg 1 36 34 45 45
1239_0017_0045_0030_0030.jpg 1 17 45 30 30
1240_0047_0012_0036_0036.jpg 1 47 12 36 36
1241_0029_0006_0058_0058.jpg 1 29 6 58 58
1242_0011_0026_0040_0040.jpg 1 11 26 40 40
1243_0010_0022_0068_0068.jpg 1 10 22 68 68
1244_0022_0041_0053_0053.jpg 1 22 41 53 53
1245_0012_0019_0066_0066.jpg 1 12 19 66 66
1246_0030_0037_0031_0031.jpg 1 30 37 31 31
1247_0035_0033_0044_0044.jpg 1 35 33 44 44
1248_0024_0027_0057_0057.jpg 1 24 27 57 57
1249_0013_0035_0047_0047.jpg 1 13 35 47 47
1250_0034_0021_0033_0033.jpg 1 34 21 33 33
1251_0013_0017_0068_0068.jpg 1 13 17 68 68
1252_0016_0004_0068_0068.jpg 1 16 4 68 68
1253_0012_0035_0060_0060.jpg 1 12 35 60 60
1254_0029_0029_0052_0052.jpg 1 29 29 52 52
1255_0008_0013_0068_0068.jpg 1 8 13 68 68
1256_0050_0029_0036_0036.jpg 1 50 29 36 36
1257_0019_0031_0030_0030.jpg 1 19 31 30 30
1258_0032_0023_0063_0063.jpg 1 32 23 63 63
1259_0038_0032_0041_0041.jpg 1 38 32 41 41
1260_0018_0046_0037_0037.jpg 1 18 46 37 37
1261_0062_0024_0027_0027.jpg 1 62 24 27 27
1262_0035_0039_0055_0055.jpg 1 35 39 55 55
1263_0017_0007_0067_0067.jpg 1 17 7 67 67
1264_0010_0004_0068_0068.jpg 1 10 4 68 68
1265_0011_0029_0063_0063.jpg 1 11 29 63 63
1266_0016_0057_0033_0033.jpg 1 16 57 33 33
1267_0043_0024_0051_0051.jpg 1 43 24 51 51
1268_0045_0056_0025_0025.jpg 1 45 56 25 25
1269_0009_0020_0027_0027.jpg 1 9 20 27 27
1270_0031_0011_0064_0064.jpg 1 31 11 64 64
1271_0015_0013_0026_0026.jpg 1 15 13 26 26
1272_0026_0020_0069_0069.jpg 1 26 20 69 69
1273_0012_0034_0046_0046.jpg 1 12 34 46 46
1274_0012_0023_0067_0067.jpg 1 12 23 67 67
1275_0022_0030_0052_0052.jpg 1 22 30 52 52
1276_0010_0024_0042_0042.jpg 1 10 24 42 42
1277_0036_0065_0026_0026.jpg 1 36 65 26 26
1278_0034_0005_0054_0054.jpg 1 34 5 54 54
1279_0005_0008_0056_0056.jpg 1 5 8 56 56
1280_0022_0022_0064_0064.jpg 1 22 22 64 64
1281_0007_0005_0068_0068.jpg 1 7 5 68 68
1282_0016_0036_0040_0040.jpg 1 16 36 40 40
1283_0023_0025_0063_0063.jpg 1 23 25 63 63
1284_0033_0015_0056_0056.jpg 1 33 15 56 56
1285_0036_0037_0037_0037.jpg 1 36 37 37 37
1286_0028_0037_0033_0033.jpg 1 28 37 33 33
1287_0018_0025_0061_0061.jpg 1 18 25 61 61
1288_0045_0027_0043_0043.jpg 1 45 27 43 43
1289_0016_0021_0046_0046.jpg 1 16 21 46 46
1290_0035_0030_0049_0049.jpg 1 35 30 49 49
1291_0023_0040_0039_0039.jpg 1 23 40 39 39
1292_0029_0039_0040_0040.jpg 1 29 39 40 40
1293_0012_0017_0039_0039.jpg 1 12 17 39 39
1294_0022_0034_0061_0061.jpg 1 22 34 61 61
1295_0017_0034_0045_0045.jpg 1 17 34 45 45
1296_0044_0038_0049_0049.jpg 1 44 38 49 49
1297_0046_0020_0039_0039.jpg 1 46 20 39 39
1298_0016_0009_0054_0054.jpg 1 16 9 54 54
1299_0004_0030_0065_0065.jpg 1 4 30 65 65
1300_0012_0015_0047_0047.jpg 1 12 15 47 47
1301_0051_0048_0042_0042.jpg 1 51 48 42 42
1302_0004_0004_0068_0068.jpg 1 4 4 68 68
1303_0024_0011_0067_0067.jpg 1 24 11 67 67
1304_0029_0037_0027_0027.jpg 1 29 37 27 27
1305_0042_0045_0025_0025.jpg 1 42 45 25 25
1306_0021_0016_0066_0066.jpg 1 21 16 66 66
1307_0010_0011_0065_0065.jpg 1 10 11 65 65
1308_0021_0021_0061_0061.jpg 1 21 21 61 61
1309_0053_0006_0038_0038.jpg 1 53 6 38 38
1310_0026_0033_0041_0041.jpg 1 26 33 41 41
1311_0007_0025_0044_0044.jpg 1 7 25 44 44
1312_0007_0031_0059_0059.jpg 1 7 31 59 59
1313_0023_0018_0048_0048.jpg 1 23 18 48 48
1314_0024_0013_0026_0026.jpg 1 24 13 26 26
1315_0052_0019_0024_0024.jpg 1 52 19 24 24
1316_0053_0015_0026_0026.jpg 1 53 15 26 26
1317_0026_0042_0051_0051.jpg 1 26 42 51 51
1318_0048_0034_0027_0027.jpg 1 48 34 27 27
1319_0050_0021_0041_0041.jpg 1 50 21 41 41
1320_0043_0053_0030_0030.jpg 1 43 53 30 30
1321_0052_0007_0041_0041.jpg 1 52 7 41 41
1322_0041_0035_0041_0041.jpg 1 41 35 41 41
1323_0020_0023_0054_0054.jpg 1 20 23 54 54
1324_0011_0039_0044_0044.jpg 1 11 39 44 44
1325_0046_0013_0039_0039.jpg 1 46 13 39 39
1326_0005_0034_0049_0049.jpg 1 5 34 49 49
1327_0017_0005_0067_0067.jpg 1 17 5 67 67
1328_0031_0051_0030_0030.jpg 1 31 51 30 30
1329_0008_0046_0041_0041.jpg 1 8 46 41 41
1330_0041_0061_0026_0026.jpg 1 41 61 26 26
1331_0006_0026_0042_0042.jpg 1 6 26 42 42
1332_0015_0010_0054_0054.jpg 1 15 10 54 54
1333_0029_0038_0048_0048.jpg 1 29 38 48 48
1334_0018_0010_0063_0063.jpg 1 18 10 63 63
1335_0017_0024_0064_0064.jpg 1 17 24 64 64
1336_0025_0021_0040_0040.jpg 1 25 21 40 40
1337_0031_0013_0063_0063.jpg 1 31 13 63 63
1338_0020_0008_0054_0054.jpg 1 20 8 54 54
1339_0046_0031_0024_0024.jpg 1 46 31 24 24
1340_0013_0008_0068_0068.jpg 1 13 8 68 68
1341_0031_0017_0036_0036.jpg 1 31 17 36 36
1342_0010_0008_0069_0069.jpg 1 10 8 69 69
1343_0016_0047_0037_0037.jpg 1 16 47 37 37
1344_0034_0055_0037_0037.jpg 1 34 55 37 37
1345_0009_0004_0065_0065.jpg 1 9 4 65 65
1346_0034_0031_0058_0058.jpg 1 34 31 58 58
1347_0018_0043_0050_0050.jpg 1 18 43 50 50
1348_0025_0013_0057_0057.jpg 1 25 13 57 57
1349_0049_0047_0044_0044.jpg 1 49 47 44 44
1350_0047_0030_0045_0045.jpg 1 47 30 45 45
1351_0021_0016_0069_0069.jpg 1 21 16 69 69
1352_0046_0042_0031_0031.jpg 1 46 42 31 31
1353_0014_0013_0050_0050.jpg 1 14 13 50 50
1354_0003_0022_0063_0063.jpg 1 3 22 63 63
1355_0040_0006_0047_0047.jpg 1 40 6 47 47
1356_0033_0028_0041_0041.jpg 1 33 28 41 41
1357_0015_0016_0063_0063.jpg 1 15 16 63 63
1358_0036_0038_0025_0025.jpg 1 36 38 25 25
1359_0014_0011_0060_0060.jpg 1 14 11 60 60
1360_0015_0042_0050_0050.jpg 1 15 42 50 50
1361_0021_0018_0042_0042.jpg 1 21 18 42 42
1362_0041_0044_0029_0029.jpg 1 41 44 29 29
1363_0015_0018_0059_0059.jpg 1 15 18 59 59
1364_0030_0014_0053_0053.jpg 1 30 14 53 53
1365_0028_0049_0044_0044.jpg 1 28 49 44 44
1366_0004_0004_0068_0068.jpg 1 4 4 68 68
1367_0037_0043_0047_0047.jpg 1 37 43 47 47
1368_0035_0027_0055_0055.jpg 1 35 27 55 55
1369_0011_0021_0069_0069.jpg 1 11 21 69 69
1370_0007_0006_0046_0046.jpg 1 7 6 46 46
1371_0015_0039_0043_0043.jpg 1 15 39 43 43
1372_0009_0027_0038_0038.jpg 1 9 27 38 38
1373_0055_0053_0030_0030.jpg 1 55 53 30 30
1374_0022_0015_0067_0067.jpg 1 22 15 67 67
1375_0010_0014_0048_0048.jpg 1 10 14 48 48
1376_0049_0016_0031_0031.jpg 1 49 16 31 31
1377_0006_0013_0068_0068.jpg 1 6 13 68 68
1378_0041_0045_0043_0043.jpg 1 41 45 43 43
1379_0032_0035_0049_0049.jpg 1 32 35 49 49
1380_0018_0025_0066_0066.jpg 1 18 25 66 66
1381_0024_0027_0063_0063.jpg 1 24 27 63 63
1382_0048_0036_0035_0035.jpg 1 48 36 35 35
1383_0013_0016_0069_0069.jpg 1 13 16 69 69
1384_0033_0020_0044_0044.jpg 1 33 20 44 44
1385_0008_0048_0046_0046.jpg 1 8 48 46 46
1386_0013_0007_0043_0043.jpg 1 13 7 43 43
1387_0026_0005_0067_0067.jpg 1 26 5 67 67
1388_0039_0042_0026_0026.jpg 1 39 42 26 26
1389_0044_0044_0032_0032.jpg 1 44 44 32 32
1390_0020_0015_0068_0068.jpg 1 20 15 68 68
1391_0023_0030_0058_0058.jpg 1 23 30 58 58
1392_0005_0013_0062_0062.jpg 1 5 13 62 62
1393_0043_0024_0039_0039.jpg 1 43 24 39 39
1394_0016_0009_0067_0067.jpg 1 16 9 67 67
1395_0029_0059_0029_0029.jpg 1 29 59 29 29
1396_0028_0025_0060_0060.jpg 1 28 25 60 60
1397_0028_0015_0036_0036.jpg 1 28 15 36 36
1398_0012_0023_0056_0056.jpg 1 12 23 56 56
1399_0010_0005_0063_0063.jpg 1 10 5 63 63
1400_0051_0037_0042_0042.jpg 1 51 37 42 42
1401_0009_0038_0056_0056.jpg 1 9 38 56 56
1402_0025_0050_0026_0026.jpg 1 25 50 26 26
1403_0035_0007_0038_0038.jpg 1 35 7 38 38
1404_0010_0007_0051_0051.jpg 1 10 7 51 51
1405_0014_0012_0047_0047.jpg 1 14 12 47 47
1406_0028_0005_0064_0064.jpg 1 28 5 64 64
1407_0042_0023_0042_0042.jpg 1 42 23 42 42
1408_0016_0026_0040_0040.jpg 1 16 26 40 40
1409_0009_0059_0030_0030.jpg 1 9 59 30 30
1410_0024_0033_0062_0062.jpg 1 24 33 62 62
1411_0056_0044_0029_0029.jpg 1 56 44 29 29
1412_0036_0021_0052_0052.jpg 1 36 21 52 52
1413_0022_0005_0045_0045.jpg 1 22 5 45 45
1414_0019_0012_0062_0062.jpg 1 19 12 62 62
1415_0019_0023_0057_0057.jpg 1 19 23 57 57
1416_0032_0050_0043_0043.jpg 1 32 50 43 43
1417_0028_0024_0041_0041.jpg 1 28 24 41 41
1418_0017_0030_0059_0059.jpg 1 17 30 59 59
1419_0058_0056_0029_0029.jpg 1 58 56 29 29
1420_0039_0029_0055_0055.jpg 1 39 29 55 55
1421_0018_0050_0026_0026.jpg 1 18 50 26 26
1422_0034_0030_0052_0052.jpg 1 34 30 52 52
1423_0030_0030_0048_0048.jpg 1 30 30 48 48
1424_0007_0031_0064_0064.jpg 1 7 31 64 64
1425_0021_0019_0025_0025.jpg 1 21 19 25 25
1426_0008_0030_0055_0055.jpg 1 8 30 55 55
1427_0026_0025_0036_0036.jpg 1 26 25 36 36
1428_0016_0055_0038_0038.jpg 1 16 55 38 38
1429_0053_0044_0025_0025.jpg 1 53 44 25 25
1430_0007_0019_0044_0044.jpg 1 7 19 44 44
1431_0040_0040_0045_0045.jpg 1 40 40 45 45
1432_0015_0017_0055_0055.jpg 1 15 17 55 55
1433_0007_0032_0060_0060.jpg 1 7 32 60 60
1434_0026_0046_0038_0038.jpg 1 26 46 38 38
1435_0033_0027_0042_0042.jpg 1 33 27 42 42
1436_0033_0037_0032_0032.jpg 1 33 37 32 32
1437_0035_0059_0030_0030.jpg 1 35 59 30 30
1438_0039_0031_0034_0034.jpg 1 39 31 34 34
1439_0031_0042_0030_0030.jpg 1 31 42 30 30
1440_0023_0008_0060_0060.jpg 1 23 8 60 60
1441_0044_0024_0040_0040.jpg 1 44 24 40 40
1442_0028_0016_0057_0057.jpg 1 28 16 57 57
1443_0039_0019_0051_0051.jpg 1 39 19 51 51
1444_0028_0013_0057_0057.jpg 1 28 13 57 57
1445_0028_0026_0067_0067.jpg 1 28 26 67 67
1446_0014_0029_0064_0064.jpg 1 14 29 64 64
1447_0003_0004_0069_0069.jpg 1 3 4 69 69
1448_0015_0022_0039_0039.jpg 1 15 22 39 39
1449_0034_0028_0026_0026.jpg 1 34 28 26 26
1450_0008_0015_0036_0036.jpg 1 8 15 36 36
1451_0027_0013_0061_0061.jpg 1 27 13 61 61
1452_0023_0025_0047_0047.jpg 1 23 25 47 47
1453_0048_0032_0046_0046.jpg 1 48 32 46 46
1454_0028_0017_0052_0052.jpg 1 28 17 52 52
1455_0062_0017_0026_0026.jpg 1 62 17 26 26
1456_0006_0023_0041_0041.jpg 1 6 23 41 41
1457_0013_0032_0061_0061.jpg 1 13 32 61 61
1458_0039_0013_0041_0041.jpg 1 39 13 41 41
1459_0008_0027_0061_0061.jpg 1 8 27 61 61
1460_0047_0009_0035_0035.jpg 1 47 9 35 35
1461_0016_0047_0025_0025.jpg 1 16 47 25 25
1462_0030_0019_0030_0030.jpg 1 30 19 30 30
1463_0013_0045_0044_0044.jpg 1 13 45 44 44
1464_0027_0016_0047_0047.jpg 1 27 16 47 47
1465_0004_0011_0058_0058.jpg 1 4 11 58 58
1466_0040_0029_0033_0033.jpg 1 40 29 33 33
1467_0030_0022_0049_0049.jpg 1 30 22 49 49
1468_0012_0046_0040_0040.jpg 1 12 46 40 40
1469_0023_0026_0065_0065.jpg 1 23 26 65 65
1470_0020_0023_0068_0068.jpg 1 20 23 68 68
1471_0022_0023_0067_0067.jpg 1 22 23 67 67
1472_0027_0019_0063_0063.jpg 1 27 19 63 63
1473_0036_0036_0054_0054.jpg 1 36 36 54 54
1474_0016_0016_0052_0052.jpg 1 16 16 52 52
1475_0003_0009_0069_0069.jpg 1 3 9 69 69
1476_0020_0031_0044_0044.jpg 1 20 31 44 44
1477_0009_0022_0026_0026.jpg 1 9 22 26 26
1478_0023_0046_0045_0045.jpg 1 23 46 45 45
1479_0045_0032_0049_0049.jpg 1 45 32 49 49
1480_0018_0061_0031_0031.jpg 1 18 61 31 31
1481_0015_0018_0067_0067.jpg 1 15 18 67 67
1482_0035_0039_0036_0036.jpg 1 35 39 36 36
1483_0005_0023_0063_0063.jpg 1 5 23 63 63
1484_0013_0017_0051_0051.jpg 1 13 17 51 51
1485_0016_0020_0053_0053.jpg 1 16 20 53 53
1486_0015_0017_0057_0057.jpg 1 15 17 57 57
1487_0036_0058_0029_0029.jpg 1 36 58 29 29
1488_0025_0015_0053_0053.jpg 1 25 15 53 53
1489_0014_0014_0055_0055.jpg 1 14 14 55 55
1490_0059_0045_0031_0031.jpg 1 59 45 31 31
1491_0037_0052_0037_0037.jpg 1 37 52 37 37
1492_0010_0034_0053_0053.jpg 1 10 34 53 53
1493_0028_0057_0025_0025.jpg 1 28 57 25 25
1494_0040_0035_0025_0025.jpg 1 40 35 25 25
1495_0058_0020_0035_0035.jpg 1 58 20 35 35
1496_0021_0030_0064_0064.jpg 1 21 30 64 64
1497_0030_0025_0032_0032.jpg 1 30 25 32 32
1498_0032_0052_0024_0024.jpg 1 32 52 24 24
1499_0006_0007_0052_0052.jpg 1 6 7 52 52
1500_0020_0012_0031_0031.jpg 1 20 12 31 31
1501_0037_0024_0054_0054.jpg 1 37 24 54 54
1502_0044_0017_0036_0036.jpg 1 44 17 36 36
1503_0047_0021_0036_0036.jpg 1 47 21 36 36
1504_0023_0020_0061_0061.jpg 1 23 20 61 61
1505_0043_0045_0043_0043.jpg 1 43 45 43 43
1506_0010_0050_0031_0031.jpg 1 10 50 31 31
1507_0047_0052_0033_0033.jpg 1 47 52 33 33
1508_0009_0019_0064_0064.jpg 1 9 19 64 64
1509_0017_0025_0065_0065.jpg 1 17 25 65 65
1510_0052_0061_0027_0027.jpg 1 52 61 27 27
1511_0013_0034_0032_0032.jpg 1 13 34 32 32
1512_0051_0040_0035_0035.jpg 1 51 40 35 35
1513_0033_0011_0062_0062.jpg 1 33 11 62 62
1514_0027_0006_0060_0060.jpg 1 27 6 60 60
1515_0057_0048_0030_0030.jpg 1 57 48 30 30
1516_0053_0065_0026_0026.jpg 1 53 65 26 26
1517_0028_0035_0052_0052.jpg 1 28 35 52 52
1518_0005_0027_0063_0063.jpg 1 5 27 63 63
1519_0028_0053_0033_0033.jpg 1 28 53 33 33
1520_0037_0041_0037_0037.jpg 1 37 41 37 37
1521_0025_0027_0065_0065.jpg 1 25 27 65 65
1522_0039_0026_0029_0029.jpg 1 39 26 29 29
1523_0004_0024_0059_0059.jpg 1 4 24 59 59
1524_0013_0029_0050_0050.jpg 1 13 29 50 50
1525_0048_0016_0032_0032.jpg 1 48 16 32 32
1526_0032_0022_0051_0051.jpg 1 32 22 51 51
1527_0013_0045_0045_0045.jpg 1 13 45 45 45
1528_0028_0033_0049_0049.jpg 1 28 33 49 49
1529_0018_0019_0047_0047.jpg 1 18 19 47 47
1530_0011_0015_0054_0054.jpg 1 11 15 54 54
1531_0003_0019_0068_0068.jpg 1 3 19 68 68
1532_0019_0029_0058_0058.jpg 1 19 29 58 58
1533_0037_0020_0036_0036.jpg 1 37 20 36 36
1534_0023_0037_0050_0050.jpg 1 23 37 50 50
1535_0011_0033_0057_0057.jpg 1 11 33 57 57
1536_0024_0006_0063_0063.jpg 1 24 6 63 63
1537_0045_0040_0031_0031.jpg 1 45 40 31 31
1538_0031_0041_0037_0037.jpg 1 31 41 37 37
1539_0029_0019_0061_0061.jpg 1 29 19 61 61
1540_0010_0024_0049_0049.jpg 1 10 24 49 49
1541_0005_0013_0062_0062.jpg 1 5 13 62 62
1542_0030_0017_0028_0028.jpg 1 30 17 28 28
1543_0009_0008_0045_0045.jpg 1 9 8 45 45
1544_0031_0032_0046_0046.jpg 1 31 32 46 46
1545_0007_0025_0046_0046.jpg 1 7 25 46 46
1546_0026_0032_0060_0060.jpg 1 26 32 60 60
1547_0029_0051_0027_0027.jpg 1 29 51 27 27
1548_0005_0031_0057_0057.jpg 1 5 31 57 57
1549_0024_0035_0026_0026.jpg 1 24 35 26 26
1550_0029_0016_0032_0032.jpg 1 29 16 32 32
1551_0035_0015_0044_0044.jpg 1 35 15 44 44
1552_0036_0040_0024_0024.jpg 1 36 40 24 24
1553_0003_0013_0069_0069.jpg 1 3 13 69 69
1554_0012_0044_0043_0043.jpg 1 12 44 43 43
1555_0017_0038_0027_0027.jpg 1 17 38 27 27
1556_0029_0027_0055_0055.jpg 1 29 27 55 55
1557_0016_0009_0062_0062.jpg 1 16 9 62 62
1558_0013_0033_0059_0059.jpg 1 13 33 59 59
1559_0044_0012_0031_0031.jpg 1 44 12 31 31
1560_0020_0007_0046_0046.jpg 1 20 7 46 46
1561_0032_0048_0037_0037.jpg 1 32 48 37 37
1562_0026_0030_0060_0060.jpg 1 26 30 60 60
1563_0030_0031_0053_0053.jpg 1 30 31 53 53
1564_0041_0009_0024_0024.jpg 1 41 9 24 24
1565_0038_0018_0051_0051.jpg 1 38 18 51 51
1566_0014_0016_0068_0068.jpg 1 14 16 68 68
1567_0033_0011_0026_0026.jpg 1 33 11 26 26
1568_0025_0038_0043_0043.jpg 1 25 38 43 43
1569_0036_0030_0045_0045.jpg 1 36 30 45 45
1570_0039_0037_0052_0052.jpg 1 39 37 52 52
1571_0007_0055_0030_0030.jpg 1 7 55 30 30
1572_0007_0027_0054_0054.jpg 1 7 27 54 54
1573_0015_0023_0065_0065.jpg 1 15 23 65 65
1574_0037_0026_0038_0038.jpg 1 37 26 38 38
1575_0030_0027_0051_0051.jpg 1 30 27 51 51
1576_0022_0020_0055_0055.jpg 1 22 20 55 55
1577_0051_0012_0038_0038.jpg 1 51 12 38 38
1578_0007_0049_0042_0042.jpg 1 7 49 42 42
1579_0019_0019_0069_0069.jpg 1 19 19 69 69
1580_0009_0040_0053_0053.jpg 1 9 40 53 53
1581_0039_0043_0027_0027.jpg 1 39 43 27 27
1582_0035_0060_0026_0026.jpg 1 35 60 26 26
1583_0028_0026_0038_0038.jpg 1 28 26 38 38
1584_0056_0024_0025_0025.jpg 1 56 24 25 25
1585_0022_0014_0064_0064.jpg 1 22 14 64 64
1586_0027_0044_0024_0024.jpg 1 27 44 24 24
1587_0036_0056_0025_0025.jpg 1 36 56 25 25
1588_0030_0022_0051_0051.jpg 1 30 22 51 51
1589_0025_0030_0052_0052.jpg 1 25 30 52 52
1590_0044_0036_0044_0044.jpg 1 44 36 44 44
1591_0026_0039_0024_0024.jpg 1 26 39 24 24
1592_0030_0022_0063_0063.jpg 1 30 22 63 63
1593_0018_0012_0056_0056.jpg 1 18 12 56 56
1594_0012_0023_0052_0052.jpg 1 12 23 52 52
1595_0016_0008_0060_0060.jpg 1 16 8 60 60
1596_0024_0010_0049_0049.jpg 1 24 10 49 49
1597_0012_0019_0064_0064.jpg 1 12 19 64 64
1598_0030_0020_0044_0044.jpg 1 30 20 44 44
1599_0023_0012_0053_0053.jpg 1 23 12 53 53
1600_0018_0045_0048_0048.jpg 1 18 45 48 48
1601_0048_0017_0024_0024.jpg 1 48 17 24 24
1602_0041_0040_0051_0051.jpg 1 41 40 51 51
1603_0011_0014_0038_0038.jpg 1 11 14 38 38
1604_0058_0026_0029_0029.jpg 1 58 26 29 29
1605_0047_0049_0037_0037.jpg 1 47 49 37 37
1606_0019_0006_0065_0065.jpg 1 19 6 65 65
1607_0039_0005_0047_0047.jpg 1 39 5 47 47
1608_0017_0013_0066_0066.jpg 1 17 13 66 66
1609_0060_0027_0029_0029.jpg 1 60 27 29 29
1610_0026_0008_0060_0060.jpg 1 26 8 60 60
1611_0055_0007_0028_0028.jpg 1 55 7 28 28
1612_0032_0004_0057_0057.jpg 1 32 4 57 57
1613_0008_0044_0036_0036.jpg 1 8 44 36 36
1614_0024_0029_0056_0056.jpg 1 24 29 56 56
1615_0037_0038_0031_0031.jpg 1 37 38 31 31
1616_0040_0036_0039_0039.jpg 1 40 36 39 39
1617_0029_0047_0042_0042.jpg 1 29 47 42 42
1618_0054_0040_0039_0039.jpg 1 54 40 39 39
1619_0047_0009_0032_0032.jpg 1 47 9 32 32
1620_0055_0055_0038_0038.jpg 1 55 55 38 38
1621_0008_0009_0040_0040.jpg 1 8 9 40 40
1622_0012_0044_0041_0041.jpg 1 12 44 41 41
1623_0048_0037_0024_0024.jpg 1 48 37 24 24
1624_0048_0011_0042_0042.jpg 1 48 11 42 42
1625_0040_0037_0048_0048.jpg 1 40 37 48 48
1626_0015_0016_0048_0048.jpg 1 15 16 48 48
1627_0014_0030_0062_0062.jpg 1 14 30 62 62
1628_0014_0019_0067_0067.jpg 1 14 19 67 67
1629_0023_0028_0048_0048.jpg 1 23 28 48 48
1630_0039_0013_0047_0047.jpg 1 39 13 47 47
1631_0051_0051_0037_0037.jpg 1 51 51 37 37
1632_0023_0008_0061_0061.jpg 1 23 8 61 61
1633_0011_0028_0053_0053.jpg 1 11 28 53 53
1634_0057_0059_0024_0024.jpg 1 57 59 24 24
1635_0057_0050_0030_0030.jpg 1 57 50 30 30
1636_0030_0021_0030_0030.jpg 1 30 21 30 30
1637_0026_0037_0057_0057.jpg 1 26 37 57 57
1638_0017_0035_0058_0058.jpg 1 17 35 58 58
1639_0020_0028_0047_0047.jpg 1 20 28 47 47
1640_0016_0015_0056_0056.jpg 1 16 15 56 56
1641_0028_0056_0032_0032.jpg 1 28 56 32 32
1642_0032_0014_0063_0063.jpg 1 32 14 63 63
1643_0012_0022_0028_0028.jpg 1 12 22 28 28
1644_0046_0030_0045_0045.jpg 1 46 30 45 45
1645_0047_0021_0032_0032.jpg 1 47 21 32 32
1646_0019_0036_0047_0047.jpg 1 19 36 47 47
1647_0022_0019_0048_0048.jpg 1 22 19 48 48
1648_0020_0023_0062_0062.jpg 1 20 23 62 62
1649_0015_0014_0033_0033.jpg 1 15 14 33 33
1650_0003_0005_0063_0063.jpg 1 3 5 63 63
1651_0013_0023_0059_0059.jpg 1 13 23 59 59
1652_0054_0038_0029_0029.jpg 1 54 38 29 29
1653_0021_0020_0024_0024.jpg 1 21 20 24 24
1654_0027_0030_0052_0052.jpg 1 27 30 52 52
1655_0051_0033_0041_0041.jpg 1 51 33 41 41
1656_0025_0028_0050_0050.jpg 1 25 28 50 50
1657_0008_0008_0050_0050.jpg 1 8 8 50 50
1658_0031_0024_0058_0058.jpg 1 31 24 58 58
1659_0012_0018_0054_0054.jpg 1 12 18 54 54
1660_0010_0026_0060_0060.jpg 1 10 26 60 60
1661_0026_0035_0026_0026.jpg 1 26 35 26 26
1662_0007_0025_0058_0058.jpg 1 7 25 58 58
1663_0032_0032_0052_0052.jpg 1 32 32 52 52
1664_0041_0026_0045_0045.jpg 1 41 26 45 45
1665_0006_0007_0058_0058.jpg 1 6 7 58 58
1666_0030_0034_0037_0037.jpg 1 30 34 37 37
1667_0052_0047_0031_0031.jpg 1 52 47 31 31
1668_0028_0007_0033_0033.jpg 1 28 7 33 33
1669_0029_0007_0064_0064.jpg 1 29 7 64 64
1670_0007_0010_0051_0051.jpg 1 7 10 51 51
1671_0022_0020_0069_0069.jpg 1 22 20 69 69
1672_0013_0032_0050_0050.jpg 1 13 32 50 50
1673_0017_0044_0045_0045.jpg 1 17 44 45 45
1674_0049_0023_0042_0042.jpg 1 49 23 42 42
1675_0025_0020_0036_0036.jpg 1 25 20 36 36
1676_0029_0028_0051_0051.jpg 1 29 28 51 51
1677_0013_0022_0044_0044.jpg 1 13 22 44 44
1678_0022_0026_0051_0051.jpg 1 22 26 51 51
1679_0033_0023_0037_0037.jpg 1 33 23 37 37
1680_0007_0007_0040_0040.jpg 1 7 7 40 40
1681_0023_0033_0049_0049.jpg 1 23 33 49 49
1682_0021_0026_0048_0048.jpg 1 21 26 48 48
1683_0008_0041_0042_0042.jpg 1 8 41 42 42
1684_0023_0021_0054_0054.jpg 1 23 21 54 54
1685_0025_0011_0056_0056.jpg 1 25 11 56 56
1686_0020_0015_0061_0061.jpg 1 20 15 61 61
1687_0048_0050_0028_0028.jpg 1 48 50 28 28
1688_0007_0051_0043_0043.jpg 1 7 51 43 43
1689_0039_0019_0050_0050.jpg 1 39 19 50 50
1690_0024_0019_0066_0066.jpg 1 24 19 66 66
1691_0026_0017_0047_0047.jpg 1 26 17 47 47
1692_0045_0037_0043_0043.jpg 1 45 37 43 43
1693_0023_0034_0053_0053.jpg 1 23 34 53 53
1694_0017_0038_0031_0031.jpg 1 17 38 31 31
1695_0035_0030_0051_0051.jpg 1 35 30 51 51
1696_0022_0024_0044_0044.jpg 1 22 24 44 44
1697_0024_0050_0042_0042.jpg 1 24 50 42 42
1698_0047_0037_0031_0031.jpg 1 47 37 31 31
1699_0012_0029_0032_0032.jpg 1 12 29 32 32
1700_0025_0023_0064_0064.jpg 1 25 23 64 64
1701_0025_0023_0051_0051.jpg 1 25 23 51 51
1702_0005_0031_0062_0062.jpg 1 5 31 62 62
1703_0020_0008_0028_0028.jpg 1 20 8 28 28
1704_0026_0036_0055_0055.jpg 1 26 36 55 55
1705_0024_0047_0031_0031.jpg 1 24 47 31 31
1706_0024_0007_0054_0054.jpg 1 24 7 54 54
1707_0058_0034_0027_0027.jpg 1 58 34 27 27
1708_0006_0006_0040_0040.jpg 1 6 6 40 40
1709_0030_0052_0040_0040.jpg 1 30 52 40 40
1710_0014_0037_0036_0036.jpg 1 14 37 36 36
1711_0023_0020_0027_0027.jpg 1 23 20 27 27
1712_0030_0007_0058_0058.jpg 1 30 7 58 58
1713_0041_0061_0030_0030.jpg 1 41 61 30 30
1714_0026_0023_0047_0047.jpg 1 26 23 47 47
1715_0027_0031_0043_0043.jpg 1 27 31 43 43
1716_0031_0050_0032_0032.jpg 1 31 50 32 32
1717_0040_0029_0051_0051.jpg 1 40 29 51 51
1718_0013_0047_0026_0026.jpg 1 13 47 26 26
1719_0033_0044_0047_0047.jpg 1 33 44 47 47
1720_0017_0035_0041_0041.jpg 1 17 35 41 41
1721_0039_0065_0024_0024.jpg 1 39 65 24 24
1722_0007_0035_0053_0053.jpg 1 7 35 53 53
1723_0029_0056_0037_0037.jpg 1 29 56 37 37
1724_0021_0049_0028_0028.jpg 1 21 49 28 28
1725_0024_0008_0065_0065.jpg 1 24 8 65 65
1726_0008_0011_0037_0037.jpg 1 8 11 37 37
1727_0007_0055_0033_0033.jpg 1 7 55 33 33
1728_0019_0018_0035_0035.jpg 1 19 18 35 35
1729_0024_0019_0068_0068.jpg 1 24 19 68 68
1730_0022_0010_0067_0067.jpg 1 22 10 67 67
1731_0030_0035_0056_0056.jpg 1 30 35 56 56
1732_0052_0008_0038_0038.jpg 1 52 8 38 38
1733_0004_0022_0069_0069.jpg 1 4 22 69 69
1734_0009_0021_0068_0068.jpg 1 9 21 68 68
1735_0043_0023_0028_0028.jpg 1 43 23 28 28
1736_0022_0011_0042_0042.jpg 1 22 11 42 42
1737_0033_0039_0037_0037.jpg 1 33 39 37 37
1738_0027_0017_0038_0038.jpg 1 27 17 38 38
1739_0026_0055_0036_0036.jpg 1 26 55 36 36
1740_0018_0028_0059_0059.jpg 1 18 28 59 59
1741_0018_0021_0039_0039.jpg 1 18 21 39 39
1742_0018_0017_0069_0069.jpg 1 18 17 69 69
1743_0040_0028_0032_0032.jpg 1 40 28 32 32
1744_0005_0029_0058_0058.jpg 1 5 29 58 58
1745_0037_0035_0042_0042.jpg 1 37 35 42 42
1746_0012_0027_0069_0069.jpg 1 12 27 69 69
1747_0011_0007_0032_0032.jpg 1 11 7 32 32
1748_0034_0042_0025_0025.jpg 1 34 42 25 25
1749_0005_0016_0050_0050.jpg 1 5 16 50 50
1750_0026_0020_0034_0034.jpg 1 26 20 34 34
1751_0046_0041_0028_0028.jpg 1 46 41 28 28
1752_0009_0034_0046_0046.jpg 1 9 34 46 46
1753_0042_0039_0038_0038.jpg 1 42 39 38 38
1754_0016_0024_0051_0051.jpg 1 16 24 51 51
1755_0033_0030_0060_0060.jpg 1 33 30 60 60
1756_0004_0011_0066_0066.jpg 1 4 11 66 66
1757_0008_0020_0048_0048.jpg 1 8 20 48 48
1758_0017_0045_0048_0048.jpg 1 17 45 48 48
1759_0051_0046_0033_0033.jpg 1 51 46 33 33
1760_0056_0028_0035_0035.jpg 1 56 28 35 35
1761_0035_0032_0025_0025.jpg 1 35 32 25 25
1762_0006_0022_0044_0044.jpg 1 6 22 44 44
1763_0028_0045_0042_0042.jpg 1 28 45 42 42
1764_0037_0030_0050_0050.jpg 1 37 30 50 50
1765_0054_0026_0039_0039.jpg 1 54 26 39 39
1766_0030_0015_0037_0037.jpg 1 30 15 37 37
1767_0011_0033_0026_0026.jpg 1 11 33 26 26
1768_0015_0018_0055_0055.jpg 1 15 18 55 55
1769_0009_0042_0034_0034.jpg 1 9 42 34 34
1770_0024_0011_0038_0038.jpg 1 24 11 38 38
1771_0014_0043_0028_0028.jpg 1 14 43 28 28
1772_0052_0040_0031_0031.jpg 1 52 40 31 31
1773_0029_0036_0046_0046.jpg 1 29 36 46 46
1774_0006_0004_0056_0056.jpg 1 6 4 56 56
1775_0027_0022_0066_0066.jpg 1 27 22 66 66
1776_0023_0028_0050_0050.jpg 1 23 28 50 50
1777_0013_0013_0035_0035.jpg 1 13 13 35 35
1778_0018_0021_0061_0061.jpg 1 18 21 61 61
1779_0060_0020_0028_0028.jpg 1 60 20 28 28
1780_0011_0022_0042_0042.jpg 1 11 22 42 42
1781_0032_0019_0053_0053.jpg 1 32 19 53 53
1782_0044_0061_0027_0027.jpg 1 44 61 27 27
1783_0036_0021_0036_0036.jpg 1 36 21 36 36
1784_0033_0008_0061_0061.jpg 1 33 8 61 61
1785_0021_0027_0066_0066.jpg 1 21 27 66 66
1786_0040_0053_0033_0033.jpg 1 40 53 33 33
1787_0019_0010_0064_0064.jpg 1 19 10 64 64
1788_0048_0013_0043_0043.jpg 1 48 13 43 43
1789_0035_0006_0050_0050.jpg 1 35 6 50 50
1790_0007_0039_0035_0035.jpg 1 7 39 35 35
1791_0041_0039_0036_0036.jpg 1 41 39 36 36
1792_0040_0021_0047_0047.jpg 1 40 21 47 47
1793_0016_0029_0045_0045.jpg 1 16 29 45 45
1794_0009_0017_0061_0061.jpg 1 9 17 61 61
1795_0050_0046_0042_0042.jpg 1 50 46 42 42
1796_0039_0037_0029_0029.jpg 1 39 37 29 29
1797_0013_0009_0065_0065.jpg 1 13 9 65 65
1798_0030_0024_0054_0054.jpg 1 30 24 54 54
1799_0019_0011_0052_0052.jpg 1 19 11 52 52
1800_0023_0014_0059_0059.jpg 1 23 14 59 59
1801_0038_0031_0039_0039.jpg 1 38 31 39 39
1802_0030_0020_0058_0058.jpg 1 30 20 58 58
1803_0031_0030_0064_0064.jpg 1 31 30 64 64
1804_0014_0012_0034_0034.jpg 1 14 12 34 34
1805_0017_0020_0061_0061.jpg 1 17 20 61 61
1806_0013_0034_0051_0051.jpg 1 13 34 51 51
1807_0016_0009_0041_0041.jpg 1 16 9 41 41
1808_0010_0038_0057_0057.jpg 1 10 38 57 57
1809_0012_0039_0034_0034.jpg 1 12 39 34 34
1810_0021_0010_0068_0068.jpg 1 21 10 68 68
1811_0006_0015_0055_0055.jpg 1 6 15 55 55
1812_0048_0046_0043_0043.jpg 1 48 46 43 43
1813_0017_0011_0030_0030.jpg 1 17 11 30 30
1814_0015_0012_0061_0061.jpg 1 15 12 61 61
1815_0014_0013_0047_0047.jpg 1 14 13 47 47
1816_0020_0027_0053_0053.jpg 1 20 27 53 53
1817_0046_0048_0026_0026.jpg 1 46 48 26 26
1818_0040_0047_0024_0024.jpg 1 40 47 24 24
1819_0015_0023_0030_0030.jpg 1 15 23 30 30
1820_0038_0051_0037_0037.jpg 1 38 51 37 37
1821_0012_0018_0065_0065.jpg 1 12 18 65 65
1822_0010_0019_0049_0049.jpg 1 10 19 49 49
1823_0006_0037_0039_0039.jpg 1 6 37 39 39
1824_0006_0022_0065_0065.jpg 1 6 22 65 65
1825_0011_0052_0040_0040.jpg 1 11 52 40 40
1826_0055_0058_0033_0033.jpg 1 55 58 33 33
1827_0009_0021_0056_0056.jpg 1 9 21 56 56
1828_0037_0031_0052_0052.jpg 1 37 31 52 52
1829_0006_0028_0049_0049.jpg 1 6 28 49 49
1830_0029_0025_0055_0055.jpg 1 29 25 55 55
1831_0009_0031_0045_0045.jpg 1 9 31 45 45
1832_0009_0043_0050_0050.jpg 1 9 43 50 50
1833_0039_0040_0041_0041.jpg 1 39 40 41 41
1834_0038_0009_0044_0044.jpg 1 38 9 44 44
1835_0050_0028_0043_0043.jpg 1 50 28 43 43
1836_0027_0036_0043_0043.jpg 1 27 36 43 43
1837_0005_0035_0060_0060.jpg 1 5 35 60 60
1838_0029_0053_0028_0028.jpg 1 29 53 28 28
1839_0032_0045_0040_0040.jpg 1 32 45 40 40
1840_0032_0025_0058_0058.jpg 1 32 25 58 58
1841_0044_0027_0041_0041.jpg 1 44 27 41 41
1842_0025_0013_0067_0067.jpg 1 25 13 67 67
1843_0025_0020_0067_0067.jpg 1 25 20 67 67
1844_0058_0041_0032_0032.jpg 1 58 41 32 32
1845_0040_0060_0024_0024.jpg 1 40 60 24 24
1846_0010_0005_0064_0064.jpg 1 10 5 64 64
1847_0016_0028_0065_0065.jpg 1 16 28 65 65
1848_0004_0028_0067_0067.jpg 1 4 28 67 67
1849_0024_0022_0051_0051.jpg 1 24 22 51 51
1850_0013_0015_0048_0048.jpg 1 13 15 48 48
1851_0035_0015_0054_0054.jpg 1 35 15 54 54
1852_0015_0018_0065_0065.jpg 1 15 18 65 65
1853_0038_0012_0032_0032.jpg 1 38 12 32 32
1854_0016_0009_0064_0064.jpg 1 16 9 64 64
1855_0034_0008_0060_0060.jpg 1 34 8 60 60
1856_0016_0006_0051_0051.jpg 1 16 6 51 51
1857_0011_0020_0029_0029.jpg 1 11 20 29 29
1858_0010_0008_0054_0054.jpg 1 10 8 54 54
1859_0041_0025_0051_0051.jpg 1 41 25 51 51
1860_0025_0015_0055_0055.jpg 1 25 15 55 55
1861_0043_0020_0047_0047.jpg 1 43 20 47 47
1862_0048_0046_0034_0034.jpg 1 48 46 34 34
1863_0024_0032_0058_0058.jpg 1 24 32 58 58
1864_0014_0052_0038_0038.jpg 1 14 52 38 38
1865_0031_0058_0028_0028.jpg 1 31 58 28 28
1866_0027_0033_0056_0056.jpg 1 27 33 56 56
1867_0023_0033_0035_0035.jpg 1 23 33 35 35
1868_0008_0013_0034_0034.jpg 1 8 13 34 34
1869_0017_0025_0046_0046.jpg 1 17 25 46 46
1870_0019_0011_0058_0058.jpg 1 19 11 58 58
1871_0008_0023_0060_0060.jpg 1 8 23 60 60
1872_0034_0010_0038_0038.jpg 1 34 10 38 38
1873_0046_0031_0043_0043.jpg 1 46 31 43 43
1874_0047_0040_0036_0036.jpg 1 47 40 36 36
1875_0041_0025_0049_0049.jpg 1 41 25 49 49
1876_0020_0051_0030_0030.jpg 1 20 51 30 30
1877_0042_0009_0048_0048.jpg 1 42 9 48 48
1878_0014_0017_0050_0050.jpg 1 14 17 50 50
1879_0008_0022_0069_0069.jpg 1 8 22 69 69
1880_0040_0034_0043_0043.jpg 1 40 34 43 43
1881_0049_0008_0036_0036.jpg 1 49 8 36 36
1882_0036_0016_0050_0050.jpg 1 36 16 50 50
1883_0022_0018_0040_0040.jpg 1 22 18 40 40
1884_0006_0020_0066_0066.jpg 1 6 20 66 66
1885_0049_0032_0039_0039.jpg 1 49 32 39 39
1886_0012_0013_0057_0057.jpg 1 12 13 57 57
1887_0027_0025_0054_0054.jpg 1 27 25 54 54
1888_0010_0031_0059_0059.jpg 1 10 31 59 59
1889_0050_0043_0042_0042.jpg 1 50 43 42 42
1890_0025_0032_0046_0046.jpg 1 25 32 46 46
1891_0033_0028_0042_0042.jpg 1 33 28 42 42
1892_0035_0010_0027_0027.jpg 1 35 10 27 27
1893_0023_0027_0044_0044.jpg 1 23 27 44 44
1894_0008_0017_0037_0037.jpg 1 8 17 37 37
1895_0026_0015_0060_0060.jpg 1 26 15 60 60
1896_0028_0042_0026_0026.jpg 1 28 42 26 26
1897_0016_0045_0028_0028.jpg 1 16 45 28 28
1898_0045_0046_0048_0048.jpg 1 45 46 48 48
1899_0022_0037_0049_0049.jpg 1 22 37 49 49
1900_0009_0013_0061_0061.jpg 1 9 13 61 61
1901_0028_0010_0057_0057.jpg 1 28 10 57 57
1902_0042_0012_0050_0050.jpg 1 42 12 50 50
1903_0027_0008_0053_0053.jpg 1 27 8 53 53
1904_0039_0011_0055_0055.jpg 1 39 11 55 55
1905_0051_0034_0039_0039.jpg 1 51 34 39 39
1906_0026_0017_0041_0041.jpg 1 26 17 41 41
1907_0022_0006_0067_0067.jpg 1 22 6 67 67
1908_0052_0015_0036_0036.jpg 1 52 15 36 36
1909_0043_0031_0048_0048.jpg 1 43 31 48 48
1910_0050_0066_0025_0025.jpg 1 50 66 25 25
1911_0005_0011_0044_0044.jpg 1 5 11 44 44
1912_0018_0012_0063_0063.jpg 1 18 12 63 63
1913_0053_0047_0024_0024.jpg 1 53 47 24 24
1914_0012_0028_0050_0050.jpg 1 12 28 50 50
1915_0025_0028_0056_0056.jpg 1 25 28 56 56
1916_0007_0027_0062_0062.jpg 1 7 27 62 62
1917_0018_0021_0036_0036.jpg 1 18 21 36 36
1918_0035_0059_0024_0024.jpg 1 35 59 24 24
1919_0031_0045_0037_0037.jpg 1 31 45 37 37
1920_0030_0016_0063_0063.jpg 1 30 16 63 63
1921_0036_0034_0052_0052.jpg 1 36 34 52 52
1922_0024_0025_0062_0062.jpg 1 24 25 62 62
1923_0019_0048_0037_0037.jpg 1 19 48 37 37
1924_0044_0016_0033_0033.jpg 1 44 16 33 33
1925_0039_0013_0047_0047.jpg 1 39 13 47 47
1926_0041_0046_0044_0044.jpg 1 41 46 44 44
1927_0014_0042_0031_0031.jpg 1 14 42 31 31
1928_0028_0015_0058_0058.jpg 1 28 15 58 58
1929_0023_0027_0069_0069.jpg 1 23 27 69 69
1930_0027_0042_0040_0040.jpg 1 27 42 40 40
1931_0045_0042_0046_0046.jpg 1 45 42 46 46
1932_0022_0041_0027_0027.jpg 1 22 41 27 27
1933_0044_0007_0039_0039.jpg 1 44 7 39 39
1934_0013_0019_0061_0061.jpg 1 13 19 61 61
1935_0058_0057_0027_0027.jpg 1 58 57 27 27
1936_0047_0050_0037_0037.jpg 1 47 50 37 37
1937_0004_0020_0051_0051.jpg 1 4 20 51 51
1938_0035_0036_0059_0059.jpg 1 35 36 59 59
1939_0023_0004_0065_0065.jpg 1 23 4 65 65
1940_0036_0013_0044_0044.jpg 1 36 13 44 44
1941_0030_0020_0063_0063.jpg 1 30 20 63 63
1942_0032_0005_0058_0058.jpg 1 32 5 58 58
1943_0016_0013_0047_0047.jpg 1 16 13 47 47
1944_0019_0033_0035_0035.jpg 1 19 33 35 35
1945_0052_0009_0040_0040.jpg 1 52 9 40 40
1946_0023_0008_0068_0068.jpg 1 23 8 68 68
1947_0036_0030_0049_0049.jpg 1 36 30 49 49
1948_0018_0043_0045_0045.jpg 1 18 43 45 45
1949_0026_0026_0060_0060.jpg 1 26 26 60 60
1950_0022_0030_0055_0055.jpg 1 22 30 55 55
