0001_0037_0026_0055_0055.jpg 1 37 26 55 55
0002_0018_0032_0063_0063.jpg 1 18 32 63 63
0003_0012_0061_0031_0031.jpg 1 12 61 31 31
0004_0031_0047_0025_0025.jpg 1 31 47 25 25
0005_0025_0057_0029_0029.jpg 1 25 57 29 29
0006_0014_0005_0066_0066.jpg 1 14 5 66 66
0007_0034_0014_0031_0031.jpg 1 34 14 31 31
0008_0039_0009_0030_0030.jpg 1 39 9 30 30
0009_0035_0006_0042_0042.jpg 1 35 6 42 42
0010_0034_0050_0036_0036.jpg 1 34 50 36 36
0011_0007_0034_0059_0059.jpg 1 7 34 59 59
0012_0045_0029_0036_0036.jpg 1 45 29 36 36
0013_0014_0027_0041_0041.jpg 1 14 27 41 41
0014_0032_0030_0035_0035.jpg 1 32 30 35 35
0015_0046_0016_0031_0031.jpg 1 46 16 31 31
0016_0024_0005_0060_0060.jpg 1 24 5 60 60
0017_0021_0028_0066_0066.jpg 1 21 28 66 66
0018_0036_0059_0024_0024.jpg 1 36 59 24 24
0019_0022_0044_0028_0028.jpg 1 22 44 28 28
0020_0021_0031_0063_0063.jpg 1 21 31 63 63
0021_0044_0022_0045_0045.jpg 1 44 22 45 45
0022_0043_0031_0045_0045.jpg 1 43 31 45 45
0023_0024_0009_0046_0046.jpg 1 24 9 46 46
0024_0037_0053_0033_0033.jpg 1 37 53 33 33
0025_0029_0015_0044_0044.jpg 1 29 15 44 44
0026_0064_0033_0024_0024.jpg 1 64 33 24 24
0027_0021_0044_0026_0026.jpg 1 21 44 26 26
0028_0012_0007_0045_0045.jpg 1 12 7 45 45
0029_0020_0007_0068_0068.jpg 1 20 7 68 68
0030_0039_0017_0031_0031.jpg 1 39 17 31 31
0031_0007_0004_0054_0054.jpg 1 7 4 54 54
0032_0044_0016_0043_0043.jpg 1 44 16 43 43
0033_0041_0019_0053_0053.jpg 1 41 19 53 53
0034_0007_0008_0069_0069.jpg 1 7 8 69 69
0035_0025_0011_0065_0065.jpg 1 25 11 65 65
0036_0024_0005_0065_0065.jpg 1 24 5 65 65
0037_0007_0029_0063_0063.jpg 1 7 29 63 63
0038_0013_0010_0039_0039.jpg 1 13 10 39 39
0039_0031_0038_0057_0057.jpg 1 31 38 57 57
0040_0013_0041_0026_0026.jpg 1 13 41 26 26
0041_0029_0019_0062_0062.jpg 1 29 19 62 62
0042_0051_0047_0035_0035.jpg 1 51 47 35 35
0043_0019_0003_0069_0069.jpg 1 19 3 69 69
0044_0036_0044_0048_0048.jpg 1 36 44 48 48
0045_0006_0036_0051_0051.jpg 1 6 36 51 51
0046_0044_0017_0033_0033.jpg 1 44 17 33 33
0047_0030_0012_0064_0064.jpg 1 30 12 64 64
0048_0034_0037_0057_0057.jpg 1 34 37 57 57
0049_0010_0062_0028_0028.jpg 1 10 62 28 28
0050_0034_0027_0055_0055.jpg 1 34 27 55 55
0051_0020_0019_0059_0059.jpg 1 20 19 59 59
0052_0056_0019_0035_0035.jpg 1 56 19 35 35
0053_0026_0011_0059_0059.jpg 1 26 11 59 59
0054_0039_0025_0053_0053.jpg 1 39 25 53 53
0055_0023_0012_0030_0030.jpg 1 23 12 30 30
0056_0048_0017_0043_0043.jpg 1 48 17 43 43
0057_0007_0022_0045_0045.jpg 1 7 22 45 45
0058_0030_0018_0049_0049.jpg 1 30 18 49 49
0059_0010_0005_0056_0056.jpg 1 10 5 56 56
0060_0023_0026_0069_0069.jpg 1 23 26 69 69
0061_0037_0034_0040_0040.jpg 1 37 34 40 40
0062_0015_0025_0058_0058.jpg 1 15 25 58 58
0063_0043_0007_0041_0041.jpg 1 43 7 41 41
0064_0021_0014_0062_0062.jpg 1 21 14 62 62
0065_0010_0012_0044_0044.jpg 1 10 12 44 44
0066_0007_0020_0064_0064.jpg 1 7 20 64 64
0067_0027_0028_0042_0042.jpg 1 27 28 42 42
0068_0018_0020_0049_0049.jpg 1 18 20 49 49
0069_0042_0014_0025_0025.jpg 1 42 14 25 25
0070_0043_0026_0037_0037.jpg 1 43 26 37 37
0071_0018_0024_0032_0032.jpg 1 18 24 32 32
0072_0011_0023_0066_0066.jpg 1 11 23 66 66
0073_0025_0007_0066_0066.jpg 1 25 7 66 66
0074_0030_0022_0025_0025.jpg 1 30 22 25 25
0075_0009_0011_0049_0049.jpg 1 9 11 49 49
0076_0040_0037_0054_0054.jpg 1 40 37 54 54
0077_0045_0038_0025_0025.jpg 1 45 38 25 25
0078_0010_0008_0060_0060.jpg 1 10 8 60 60
0079_0007_0032_0039_0039.jpg 1 7 32 39 39
0080_0017_0004_0069_0069.jpg 1 17 4 69 69
0081_0057_0011_0024_0024.jpg 1 57 11 24 24
0082_0025_0018_0048_0048.jpg 1 25 18 48 48
0083_0006_0041_0053_0053.jpg 1 6 41 53 53
0084_0049_0027_0038_0038.jpg 1 49 27 38 38
0085_0037_0042_0037_0037.jpg 1 37 42 37 37
0086_0025_0031_0052_0052.jpg 1 25 31 52 52
0087_0033_0026_0053_0053.jpg 1 33 26 53 53
0088_0012_0025_0032_0032.jpg 1 12 25 32 32
0089_0012_0022_0067_0067.jpg 1 12 22 67 67
0090_0039_0005_0054_0054.jpg 1 39 5 54 54
0091_0004_0029_0065_0065.jpg 1 4 29 65 65
0092_0010_0021_0053_0053.jpg 1 10 21 53 53
0093_0014_0010_0040_0040.jpg 1 14 10 40 40
0094_0007_0007_0055_0055.jpg 1 7 7 55 55
0095_0030_0031_0061_0061.jpg 1 30 31 61 61
0096_0007_0025_0058_0058.jpg 1 7 25 58 58
0097_0042_0045_0036_0036.jpg 1 42 45 36 36
0098_0007_0024_0063_0063.jpg 1 7 24 63 63
0099_0052_0045_0032_0032.jpg 1 52 45 32 32
0100_0012_0023_0041_0041.jpg 1 12 23 41 41
0101_0017_0037_0054_0054.jpg 1 17 37 54 54
0102_0008_0006_0043_0043.jpg 1 8 6 43 43
0103_0016_0029_0045_0045.jpg 1 16 29 45 45
0104_0050_0055_0033_0033.jpg 1 50 55 33 33
0105_0019_0007_0053_0053.jpg 1 19 7 53 53
0106_0028_0012_0066_0066.jpg 1 28 12 66 66
0107_0008_0030_0064_0064.jpg 1 8 30 64 64
0108_0008_0012_0065_0065.jpg 1 8 12 65 65
0109_0016_0035_0058_0058.jpg 1 16 35 58 58
0110_0041_0012_0040_0040.jpg 1 41 12 40 40
0111_0025_0037_0048_0048.jpg 1 25 37 48 48
0112_0011_0029_0065_0065.jpg 1 11 29 65 65
0113_0039_0036_0041_0041.jpg 1 39 36 41 41
0114_0062_0051_0026_0026.jpg 1 62 51 26 26
0115_0043_0047_0033_0033.jpg 1 43 47 33 33
0116_0015_0046_0030_0030.jpg 1 15 46 30 30
0117_0048_0048_0043_0043.jpg 1 48 48 43 43
0118_0018_0009_0057_0057.jpg 1 18 9 57 57
0119_0026_0022_0059_0059.jpg 1 26 22 59 59
0120_0025_0023_0062_0062.jpg 1 25 23 62 62
0121_0029_0032_0058_0058.jpg 1 29 32 58 58
0122_0013_0052_0033_0033.jpg 1 13 52 33 33
0123_0047_0029_0035_0035.jpg 1 47 29 35 35
0124_0042_0049_0027_0027.jpg 1 42 49 27 27
0125_0042_0009_0044_0044.jpg 1 42 9 44 44
0126_0008_0034_0048_0048.jpg 1 8 34 48 48
0127_0033_0054_0031_0031.jpg 1 33 54 31 31
0128_0026_0020_0049_0049.jpg 1 26 20 49 49
0129_0018_0017_0067_0067.jpg 1 18 17 67 67
0130_0017_0011_0039_0039.jpg 1 17 11 39 39
0131_0005_0021_0065_0065.jpg 1 5 21 65 65
0132_0003_0009_0066_0066.jpg 1 3 9 66 66
0133_0046_0042_0048_0048.jpg 1 46 42 48 48
0134_0019_0026_0069_0069.jpg 1 19 26 69 69
0135_0027_0020_0057_0057.jpg 1 27 20 57 57
0136_0023_0012_0062_0062.jpg 1 23 12 62 62
0137_0013_0031_0057_0057.jpg 1 13 31 57 57
0138_0037_0005_0058_0058.jpg 1 37 5 58 58
0139_0052_0043_0039_0039.jpg 1 52 43 39 39
0140_0011_0008_0041_0041.jpg 1 11 8 41 41
0141_0017_0044_0049_0049.jpg 1 17 44 49 49
0142_0045_0038_0041_0041.jpg 1 45 38 41 41
0143_0026_0055_0026_0026.jpg 1 26 55 26 26
0144_0024_0052_0033_0033.jpg 1 24 52 33 33
0145_0027_0004_0069_0069.jpg 1 27 4 69 69
0146_0041_0035_0045_0045.jpg 1 41 35 45 45
0147_0038_0027_0051_0051.jpg 1 38 27 51 51
0148_0029_0009_0032_0032.jpg 1 29 9 32 32
0149_0010_0015_0037_0037.jpg 1 10 15 37 37
0150_0013_0032_0034_0034.jpg 1 13 32 34 34
0151_0020_0040_0041_0041.jpg 1 20 40 41 41
0152_0036_0015_0055_0055.jpg 1 36 15 55 55
0153_0034_0025_0049_0049.jpg 1 34 25 49 49
0154_0030_0034_0049_0049.jpg 1 30 34 49 49
0155_0010_0008_0050_0050.jpg 1 10 8 50 50
0156_0013_0029_0046_0046.jpg 1 13 29 46 46
0157_0012_0050_0043_0043.jpg 1 12 50 43 43
0158_0026_0038_0041_0041.jpg 1 26 38 41 41
0159_0021_0015_0064_0064.jpg 1 21 15 64 64
0160_0016_0016_0063_0063.jpg 1 16 16 63 63
0161_0030_0015_0025_0025.jpg 1 30 15 25 25
0162_0034_0033_0062_0062.jpg 1 34 33 62 62
0163_0015_0051_0039_0039.jpg 1 15 51 39 39
0164_0020_0019_0063_0063.jpg 1 20 19 63 63
0165_0039_0040_0041_0041.jpg 1 39 40 41 41
0166_0036_0027_0033_0033.jpg 1 36 27 33 33
0167_0025_0031_0034_0034.jpg 1 25 31 34 34
0168_0060_0007_0031_0031.jpg 1 60 7 31 31
0169_0032_0051_0029_0029.jpg 1 32 51 29 29
0170_0012_0014_0037_0037.jpg 1 12 14 37 37
0171_0021_0007_0066_0066.jpg 1 21 7 66 66
0172_0027_0027_0060_0060.jpg 1 27 27 60 60
0173_0006_0028_0061_0061.jpg 1 6 28 61 61
0174_0053_0020_0030_0030.jpg 1 53 20 30 30
0175_0011_0033_0039_0039.jpg 1 11 33 39 39
0176_0024_0029_0047_0047.jpg 1 24 29 47 47
0177_0011_0045_0026_0026.jpg 1 11 45 26 26
0178_0024_0054_0026_0026.jpg 1 24 54 26 26
0179_0028_0051_0039_0039.jpg 1 28 51 39 39
0180_0004_0029_0057_0057.jpg 1 4 29 57 57
0181_0011_0012_0038_0038.jpg 1 11 12 38 38
0182_0037_0022_0052_0052.jpg 1 37 22 52 52
0183_0018_0018_0047_0047.jpg 1 18 18 47 47
0184_0007_0033_0063_0063.jpg 1 7 33 63 63
0185_0026_0011_0067_0067.jpg 1 26 11 67 67
0186_0032_0025_0058_0058.jpg 1 32 25 58 58
0187_0026_0046_0048_0048.jpg 1 26 46 48 48
0188_0018_0023_0033_0033.jpg 1 18 23 33 33
0189_0018_0059_0025_0025.jpg 1 18 59 25 25
0190_0009_0024_0043_0043.jpg 1 9 24 43 43
0191_0011_0037_0024_0024.jpg 1 11 37 24 24
0192_0039_0023_0041_0041.jpg 1 39 23 41 41
0193_0024_0038_0055_0055.jpg 1 24 38 55 55
0194_0013_0028_0051_0051.jpg 1 13 28 51 51
0195_0026_0019_0038_0038.jpg 1 26 19 38 38
0196_0043_0052_0035_0035.jpg 1 43 52 35 35
0197_0029_0032_0051_0051.jpg 1 29 32 51 51
0198_0052_0023_0038_0038.jpg 1 52 23 38 38
0199_0041_0041_0047_0047.jpg 1 41 41 47 47
0200_0012_0015_0062_0062.jpg 1 12 15 62 62
0201_0008_0027_0051_0051.jpg 1 8 27 51 51
0202_0016_0035_0058_0058.jpg 1 16 35 58 58
0203_0026_0039_0046_0046.jpg 1 26 39 46 46
0204_0019_0038_0044_0044.jpg 1 19 38 44 44
0205_0014_0041_0053_0053.jpg 1 14 41 53 53
0206_0012_0019_0053_0053.jpg 1 12 19 53 53
0207_0035_0021_0052_0052.jpg 1 35 21 52 52
0208_0018_0043_0042_0042.jpg 1 18 43 42 42
0209_0024_0031_0056_0056.jpg 1 24 31 56 56
0210_0041_0040_0051_0051.jpg 1 41 40 51 51
0211_0031_0033_0039_0039.jpg 1 31 33 39 39
0212_0016_0009_0068_0068.jpg 1 16 9 68 68
0213_0021_0017_0066_0066.jpg 1 21 17 66 66
0214_0058_0009_0028_0028.jpg 1 58 9 28 28
0215_0025_0006_0062_0062.jpg 1 25 6 62 62
0216_0025_0039_0045_0045.jpg 1 25 39 45 45
0217_0040_0037_0051_0051.jpg 1 40 37 51 51
0218_0010_0021_0060_0060.jpg 1 10 21 60 60
0219_0039_0015_0043_0043.jpg 1 39 15 43 43
0220_0010_0038_0044_0044.jpg 1 10 38 44 44
0221_0011_0049_0040_0040.jpg 1 11 49 40 40
0222_0026_0012_0040_0040.jpg 1 26 12 40 40
0223_0035_0023_0059_0059.jpg 1 35 23 59 59
0224_0005_0003_0067_0067.jpg 1 5 3 67 67
0225_0060_0007_0032_0032.jpg 1 60 7 32 32
0226_0028_0043_0041_0041.jpg 1 28 43 41 41
0227_0052_0035_0036_0036.jpg 1 52 35 36 36
0228_0026_0031_0052_0052.jpg 1 26 31 52 52
0229_0035_0019_0052_0052.jpg 1 35 19 52 52
0230_0011_0016_0047_0047.jpg 1 11 16 47 47
0231_0029_0013_0037_0037.jpg 1 29 13 37 37
0232_0024_0021_0063_0063.jpg 1 24 21 63 63
0233_0034_0048_0043_0043.jpg 1 34 48 43 43
0234_0008_0027_0044_0044.jpg 1 8 27 44 44
0235_0025_0009_0069_0069.jpg 1 25 9 69 69
0236_0007_0037_0053_0053.jpg 1 7 37 53 53
0237_0048_0044_0043_0043.jpg 1 48 44 43 43
0238_0029_0027_0064_0064.jpg 1 29 27 64 64
0239_0017_0013_0051_0051.jpg 1 17 13 51 51
0240_0030_0053_0035_0035.jpg 1 30 53 35 35
0241_0022_0027_0062_0062.jpg 1 22 27 62 62
0242_0028_0035_0038_0038.jpg 1 28 35 38 38
0243_0038_0062_0030_0030.jpg 1 38 62 30 30
0244_0048_0037_0038_0038.jpg 1 48 37 38 38
0245_0008_0022_0044_0044.jpg 1 8 22 44 44
0246_0032_0022_0059_0059.jpg 1 32 22 59 59
0247_0008_0020_0050_0050.jpg 1 8 20 50 50
0248_0032_0030_0061_0061.jpg 1 32 30 61 61
0249_0021_0019_0069_0069.jpg 1 21 19 69 69
0250_0047_0031_0039_0039.jpg 1 47 31 39 39
0251_0041_0065_0024_0024.jpg 1 41 65 24 24
0252_0009_0023_0057_0057.jpg 1 9 23 57 57
0253_0006_0013_0068_0068.jpg 1 6 13 68 68
0254_0024_0027_0036_0036.jpg 1 24 27 36 36
0255_0031_0042_0049_0049.jpg 1 31 42 49 49
0256_0030_0007_0064_0064.jpg 1 30 7 64 64
0257_0006_0047_0042_0042.jpg 1 6 47 42 42
0258_0037_0026_0049_0049.jpg 1 37 26 49 49
0259_0019_0056_0036_0036.jpg 1 19 56 36 36
0260_0014_0022_0028_0028.jpg 1 14 22 28 28
0261_0056_0030_0029_0029.jpg 1 56 30 29 29
0262_0029_0034_0058_0058.jpg 1 29 34 58 58
0263_0011_0012_0063_0063.jpg 1 11 12 63 63
0264_0048_0020_0040_0040.jpg 1 48 20 40 40
0265_0025_0025_0069_0069.jpg 1 25 25 69 69
0266_0046_0047_0036_0036.jpg 1 46 47 36 36
0267_0046_0026_0028_0028.jpg 1 46 26 28 28
0268_0036_0017_0033_0033.jpg 1 36 17 33 33
0269_0033_0005_0046_0046.jpg 1 33 5 46 46
0270_0014_0006_0067_0067.jpg 1 14 6 67 67
0271_0036_0052_0041_0041.jpg 1 36 52 41 41
0272_0010_0028_0055_0055.jpg 1 10 28 55 55
0273_0034_0007_0043_0043.jpg 1 34 7 43 43
0274_0014_0012_0033_0033.jpg 1 14 12 33 33
0275_0018_0031_0039_0039.jpg 1 18 31 39 39
0276_0010_0031_0036_0036.jpg 1 10 31 36 36
0277_0039_0022_0038_0038.jpg 1 39 22 38 38
0278_0047_0024_0045_0045.jpg 1 47 24 45 45
0279_0023_0039_0054_0054.jpg 1 23 39 54 54
0280_0012_0039_0035_0035.jpg 1 12 39 35 35
0281_0011_0023_0062_0062.jpg 1 11 23 62 62
0282_0012_0020_0041_0041.jpg 1 12 20 41 41
0283_0009_0042_0040_0040.jpg 1 9 42 40 40
0284_0048_0036_0036_0036.jpg 1 48 36 36 36
0285_0037_0046_0040_0040.jpg 1 37 46 40 40
0286_0018_0045_0033_0033.jpg 1 18 45 33 33
0287_0021_0014_0067_0067.jpg 1 21 14 67 67
0288_0029_0039_0036_0036.jpg 1 29 39 36 36
0289_0020_0019_0069_0069.jpg 1 20 19 69 69
0290_0007_0021_0061_0061.jpg 1 7 21 61 61
0291_0041_0031_0046_0046.jpg 1 41 31 46 46
0292_0031_0032_0063_0063.jpg 1 31 32 63 63
0293_0020_0028_0060_0060.jpg 1 20 28 60 60
0294_0009_0014_0063_0063.jpg 1 9 14 63 63
0295_0016_0012_0044_0044.jpg 1 16 12 44 44
0296_0016_0019_0063_0063.jpg 1 16 19 63 63
0297_0022_0020_0058_0058.jpg 1 22 20 58 58
0298_0017_0011_0051_0051.jpg 1 17 11 51 51
0299_0007_0011_0064_0064.jpg 1 7 11 64 64
0300_0018_0020_0069_0069.jpg 1 18 20 69 69
0301_0031_0039_0041_0041.jpg 1 31 39 41 41
0302_0051_0012_0042_0042.jpg 1 51 12 42 42
0303_0014_0045_0034_0034.jpg 1 14 45 34 34
0304_0030_0020_0060_0060.jpg 1 30 20 60 60
0305_0025_0049_0045_0045.jpg 1 25 49 45 45
0306_0014_0021_0026_0026.jpg 1 14 21 26 26
0307_0023_0031_0051_0051.jpg 1 23 31 51 51
0308_0010_0039_0055_0055.jpg 1 10 39 55 55
0309_0034_0014_0061_0061.jpg 1 34 14 61 61
0310_0016_0038_0050_0050.jpg 1 16 38 50 50
0311_0011_0035_0044_0044.jpg 1 11 35 44 44
0312_0010_0025_0039_0039.jpg 1 10 25 39 39
0313_0014_0026_0062_0062.jpg 1 14 26 62 62
0314_0039_0013_0049_0049.jpg 1 39 13 49 49
0315_0004_0007_0060_0060.jpg 1 4 7 60 60
0316_0006_0041_0050_0050.jpg 1 6 41 50 50
0317_0053_0022_0033_0033.jpg 1 53 22 33 33
0318_0008_0026_0052_0052.jpg 1 8 26 52 52
0319_0023_0059_0028_0028.jpg 1 23 59 28 28
0320_0009_0017_0036_0036.jpg 1 9 17 36 36
0321_0023_0010_0065_0065.jpg 1 23 10 65 65
0322_0008_0013_0066_0066.jpg 1 8 13 66 66
0323_0015_0034_0037_0037.jpg 1 15 34 37 37
0324_0012_0027_0066_0066.jpg 1 12 27 66 66
0325_0018_0043_0047_0047.jpg 1 18 43 47 47
0326_0052_0054_0024_0024.jpg 1 52 54 24 24
0327_0023_0015_0059_0059.jpg 1 23 15 59 59
0328_0045_0036_0039_0039.jpg 1 45 36 39 39
0329_0023_0016_0068_0068.jpg 1 23 16 68 68
0330_0042_0045_0042_0042.jpg 1 42 45 42 42
0331_0037_0060_0027_0027.jpg 1 37 60 27 27
0332_0019_0031_0056_0056.jpg 1 19 31 56 56
0333_0033_0035_0031_0031.jpg 1 33 35 31 31
0334_0021_0037_0037_0037.jpg 1 21 37 37 37
0335_0014_0009_0048_0048.jpg 1 14 9 48 48
0336_0023_0044_0045_0045.jpg 1 23 44 45 45
0337_0041_0039_0039_0039.jpg 1 41 39 39 39
0338_0029_0037_0046_0046.jpg 1 29 37 46 46
0339_0046_0022_0041_0041.jpg 1 46 22 41 41
0340_0027_0039_0055_0055.jpg 1 27 39 55 55
0341_0026_0008_0061_0061.jpg 1 26 8 61 61
0342_0037_0035_0027_0027.jpg 1 37 35 27 27
0343_0031_0009_0047_0047.jpg 1 31 9 47 47
0344_0056_0026_0027_0027.jpg 1 56 26 27 27
0345_0022_0050_0030_0030.jpg 1 22 50 30 30
0346_0023_0013_0063_0063.jpg 1 23 13 63 63
0347_0039_0048_0037_0037.jpg 1 39 48 37 37
0348_0049_0050_0034_0034.jpg 1 49 50 34 34
0349_0019_0006_0066_0066.jpg 1 19 6 66 66
0350_0049_0042_0038_0038.jpg 1 49 42 38 38
0351_0030_0006_0063_0063.jpg 1 30 6 63 63
0352_0016_0036_0051_0051.jpg 1 16 36 51 51
0353_0014_0033_0062_0062.jpg 1 14 33 62 62
0354_0012_0040_0053_0053.jpg 1 12 40 53 53
0355_0022_0060_0029_0029.jpg 1 22 60 29 29
0356_0062_0046_0028_0028.jpg 1 62 46 28 28
0357_0044_0043_0050_0050.jpg 1 44 43 50 50
0358_0016_0051_0042_0042.jpg 1 16 51 42 42
0359_0020_0030_0065_0065.jpg 1 20 30 65 65
0360_0036_0012_0042_0042.jpg 1 36 12 42 42
0361_0016_0008_0038_0038.jpg 1 16 8 38 38
0362_0058_0011_0032_0032.jpg 1 58 11 32 32
0363_0009_0006_0059_0059.jpg 1 9 6 59 59
0364_0036_0008_0054_0054.jpg 1 36 8 54 54
0365_0040_0008_0036_0036.jpg 1 40 8 36 36
0366_0027_0051_0027_0027.jpg 1 27 51 27 27
0367_0026_0015_0037_0037.jpg 1 26 15 37 37
0368_0020_0007_0064_0064.jpg 1 20 7 64 64
0369_0043_0020_0050_0050.jpg 1 43 20 50 50
0370_0014_0048_0042_0042.jpg 1 14 48 42 42
0371_0050_0015_0042_0042.jpg 1 50 15 42 42
0372_0009_0016_0069_0069.jpg 1 9 16 69 69
0373_0010_0045_0028_0028.jpg 1 10 45 28 28
0374_0034_0025_0057_0057.jpg 1 34 25 57 57
0375_0041_0013_0026_0026.jpg 1 41 13 26 26
0376_0052_0061_0027_0027.jpg 1 52 61 27 27
0377_0007_0017_0063_0063.jpg 1 7 17 63 63
0378_0020_0010_0037_0037.jpg 1 20 10 37 37
0379_0028_0035_0044_0044.jpg 1 28 35 44 44
0380_0011_0017_0065_0065.jpg 1 11 17 65 65
0381_0008_0023_0068_0068.jpg 1 8 23 68 68
0382_0017_0054_0035_0035.jpg 1 17 54 35 35
0383_0052_0031_0031_0031.jpg 1 52 31 31 31
0384_0024_0029_0049_0049.jpg 1 24 29 49 49
0385_0050_0006_0044_0044.jpg 1 50 6 44 44
0386_0009_0026_0064_0064.jpg 1 9 26 64 64
0387_0036_0018_0041_0041.jpg 1 36 18 41 41
0388_0005_0005_0064_0064.jpg 1 5 5 64 64
0389_0019_0016_0067_0067.jpg 1 19 16 67 67
0390_0014_0031_0050_0050.jpg 1 14 31 50 50
0391_0021_0018_0061_0061.jpg 1 21 18 61 61
0392_0023_0011_0054_0054.jpg 1 23 11 54 54
0393_0019_0030_0030_0030.jpg 1 19 30 30 30
0394_0015_0006_0033_0033.jpg 1 15 6 33 33
0395_0023_0046_0041_0041.jpg 1 23 46 41 41
0396_0018_0040_0036_0036.jpg 1 18 40 36 36
0397_0021_0014_0056_0056.jpg 1 21 14 56 56
0398_0019_0024_0065_0065.jpg 1 19 24 65 65
0399_0052_0019_0024_0024.jpg 1 52 19 24 24
0400_0014_0035_0059_0059.jpg 1 14 35 59 59
0401_0007_0008_0053_0053.jpg 1 7 8 53 53
0402_0042_0037_0034_0034.jpg 1 42 37 34 34
0403_0020_0015_0067_0067.jpg 1 20 15 67 67
0404_0012_0038_0050_0050.jpg 1 12 38 50 50
0405_0034_0023_0034_0034.jpg 1 34 23 34 34
0406_0032_0027_0026_0026.jpg 1 32 27 26 26
0407_0040_0014_0027_0027.jpg 1 40 14 27 27
0408_0035_0022_0025_0025.jpg 1 35 22 25 25
0409_0027_0009_0064_0064.jpg 1 27 9 64 64
0410_0024_0018_0066_0066.jpg 1 24 18 66 66
0411_0064_0025_0024_0024.jpg 1 64 25 24 24
0412_0008_0027_0049_0049.jpg 1 8 27 49 49
0413_0047_0021_0041_0041.jpg 1 47 21 41 41
0414_0025_0004_0056_0056.jpg 1 25 4 56 56
0415_0037_0056_0027_0027.jpg 1 37 56 27 27
0416_0027_0023_0047_0047.jpg 1 27 23 47 47
0417_0034_0045_0048_0048.jpg 1 34 45 48 48
0418_0004_0011_0061_0061.jpg 1 4 11 61 61
0419_0009_0004_0063_0063.jpg 1 9 4 63 63
0420_0038_0017_0040_0040.jpg 1 38 17 40 40
0421_0038_0046_0037_0037.jpg 1 38 46 37 37
0422_0015_0031_0062_0062.jpg 1 15 31 62 62
0423_0020_0026_0067_0067.jpg 1 20 26 67 67
0424_0020_0038_0051_0051.jpg 1 20 38 51 51
0425_0026_0025_0033_0033.jpg 1 26 25 33 33
0426_0045_0031_0033_0033.jpg 1 45 31 33 33
0427_0014_0016_0047_0047.jpg 1 14 16 47 47
0428_0057_0053_0034_0034.jpg 1 57 53 34 34
0429_0012_0022_0058_0058.jpg 1 12 22 58 58
0430_0034_0042_0050_0050.jpg 1 34 42 50 50
0431_0044_0015_0042_0042.jpg 1 44 15 42 42
0432_0027_0015_0066_0066.jpg 1 27 15 66 66
0433_0014_0028_0065_0065.jpg 1 14 28 65 65
0434_0018_0026_0055_0055.jpg 1 18 26 55 55
0435_0054_0039_0035_0035.jpg 1 54 39 35 35
0436_0035_0042_0042_0042.jpg 1 35 42 42 42
0437_0010_0022_0055_0055.jpg 1 10 22 55 55
0438_0015_0030_0041_0041.jpg 1 15 30 41 41
0439_0008_0008_0068_0068.jpg 1 8 8 68 68
0440_0020_0014_0040_0040.jpg 1 20 14 40 40
0441_0061_0050_0025_0025.jpg 1 61 50 25 25
0442_0009_0018_0060_0060.jpg 1 9 18 60 60
0443_0033_0031_0033_0033.jpg 1 33 31 33 33
0444_0033_0034_0048_0048.jpg 1 33 34 48 48
0445_0020_0028_0056_0056.jpg 1 20 28 56 56
0446_0014_0012_0038_0038.jpg 1 14 12 38 38
0447_0044_0036_0027_0027.jpg 1 44 36 27 27
0448_0035_0009_0037_0037.jpg 1 35 9 37 37
0449_0033_0021_0062_0062.jpg 1 33 21 62 62
0450_0013_0023_0046_0046.jpg 1 13 23 46 46
0451_0061_0036_0028_0028.jpg 1 61 36 28 28
0452_0031_0028_0027_0027.jpg 1 31 28 27 27
0453_0062_0039_0028_0028.jpg 1 62 39 28 28
0454_0023_0048_0032_0032.jpg 1 23 48 32 32
0455_0028_0014_0040_0040.jpg 1 28 14 40 40
0456_0007_0040_0051_0051.jpg 1 7 40 51 51
0457_0028_0012_0064_0064.jpg 1 28 12 64 64
0458_0006_0022_0041_0041.jpg 1 6 22 41 41
0459_0059_0039_0030_0030.jpg 1 59 39 30 30
0460_0050_0029_0025_0025.jpg 1 50 29 25 25
0461_0049_0007_0033_0033.jpg 1 49 7 33 33
0462_0025_0015_0063_0063.jpg 1 25 15 63 63
0463_0026_0044_0037_0037.jpg 1 26 44 37 37
0464_0012_0039_0047_0047.jpg 1 12 39 47 47
0465_0006_0028_0051_0051.jpg 1 6 28 51 51
0466_0026_0011_0059_0059.jpg 1 26 11 59 59
0467_0006_0052_0040_0040.jpg 1 6 52 40 40
0468_0057_0038_0035_0035.jpg 1 57 38 35 35
0469_0023_0038_0033_0033.jpg 1 23 38 33 33
0470_0044_0039_0048_0048.jpg 1 44 39 48 48
0471_0028_0019_0060_0060.jpg 1 28 19 60 60
0472_0015_0025_0069_0069.jpg 1 15 25 69 69
0473_0024_0029_0066_0066.jpg 1 24 29 66 66
0474_0015_0011_0065_0065.jpg 1 15 11 65 65
0475_0015_0053_0027_0027.jpg 1 15 53 27 27
0476_0035_0026_0044_0044.jpg 1 35 26 44 44
0477_0029_0034_0061_0061.jpg 1 29 34 61 61
0478_0018_0035_0055_0055.jpg 1 18 35 55 55
0479_0010_0012_0060_0060.jpg 1 10 12 60 60
0480_0013_0032_0032_0032.jpg 1 13 32 32 32
0481_0005_0039_0051_0051.jpg 1 5 39 51 51
0482_0027_0033_0055_0055.jpg 1 27 33 55 55
0483_0011_0016_0069_0069.jpg 1 11 16 69 69
0484_0012_0017_0057_0057.jpg 1 12 17 57 57
0485_0007_0028_0065_0065.jpg 1 7 28 65 65
0486_0026_0017_0069_0069.jpg 1 26 17 69 69
0487_0033_0013_0029_0029.jpg 1 33 13 29 29
0488_0019_0033_0044_0044.jpg 1 19 33 44 44
0489_0030_0017_0059_0059.jpg 1 30 17 59 59
0490_0012_0057_0030_0030.jpg 1 12 57 30 30
0491_0040_0018_0030_0030.jpg 1 40 18 30 30
0492_0037_0032_0058_0058.jpg 1 37 32 58 58
0493_0039_0032_0055_0055.jpg 1 39 32 55 55
0494_0053_0049_0038_0038.jpg 1 53 49 38 38
0495_0020_0013_0029_0029.jpg 1 20 13 29 29
0496_0018_0047_0038_0038.jpg 1 18 47 38 38
0497_0031_0040_0045_0045.jpg 1 31 40 45 45
0498_0008_0050_0035_0035.jpg 1 8 50 35 35
0499_0011_0011_0052_0052.jpg 1 11 11 52 52
0500_0009_0062_0030_0030.jpg 1 9 62 30 30
0501_0019_0005_0052_0052.jpg 1 19 5 52 52
0502_0007_0028_0045_0045.jpg 1 7 28 45 45
0503_0063_0042_0029_0029.jpg 1 63 42 29 29
0504_0013_0005_0058_0058.jpg 1 13 5 58 58
0505_0019_0039_0048_0048.jpg 1 19 39 48 48
0506_0044_0024_0045_0045.jpg 1 44 24 45 45
0507_0014_0036_0032_0032.jpg 1 14 36 32 32
0508_0009_0006_0061_0061.jpg 1 9 6 61 61
0509_0062_0038_0024_0024.jpg 1 62 38 24 24
0510_0039_0023_0055_0055.jpg 1 39 23 55 55
0511_0026_0028_0040_0040.jpg 1 26 28 40 40
0512_0010_0023_0025_0025.jpg 1 10 23 25 25
0513_0055_0008_0035_0035.jpg 1 55 8 35 35
0514_0036_0036_0042_0042.jpg 1 36 36 42 42
0515_0026_0062_0026_0026.jpg 1 26 62 26 26
0516_0043_0043_0035_0035.jpg 1 43 43 35 35
0517_0057_0018_0024_0024.jpg 1 57 18 24 24
0518_0044_0018_0031_0031.jpg 1 44 18 31 31
0519_0033_0034_0055_0055.jpg 1 33 34 55 55
0520_0038_0035_0044_0044.jpg 1 38 35 44 44
0521_0034_0033_0034_0034.jpg 1 34 33 34 34
0522_0021_0006_0054_0054.jpg 1 21 6 54 54
0523_0021_0025_0066_0066.jpg 1 21 25 66 66
0524_0010_0014_0064_0064.jpg 1 10 14 64 64
0525_0026_0008_0058_0058.jpg 1 26 8 58 58
0526_0009_0054_0038_0038.jpg 1 9 54 38 38
0527_0011_0016_0066_0066.jpg 1 11 16 66 66
0528_0046_0007_0038_0038.jpg 1 46 7 38 38
0529_0013_0012_0049_0049.jpg 1 13 12 49 49
0530_0024_0050_0038_0038.jpg 1 24 50 38 38
0531_0021_0025_0057_0057.jpg 1 21 25 57 57
0532_0037_0005_0048_0048.jpg 1 37 5 48 48
0533_0041_0005_0053_0053.jpg 1 41 5 53 53
0534_0050_0011_0034_0034.jpg 1 50 11 34 34
0535_0020_0041_0042_0042.jpg 1 20 41 42 42
0536_0034_0045_0048_0048.jpg 1 34 45 48 48
0537_0034_0054_0029_0029.jpg 1 34 54 29 29
0538_0037_0014_0030_0030.jpg 1 37 14 30 30
0539_0017_0010_0029_0029.jpg 1 17 10 29 29
0540_0037_0027_0031_0031.jpg 1 37 27 31 31
0541_0027_0018_0068_0068.jpg 1 27 18 68 68
0542_0048_0016_0040_0040.jpg 1 48 16 40 40
0543_0016_0014_0061_0061.jpg 1 16 14 61 61
0544_0030_0009_0053_0053.jpg 1 30 9 53 53
0545_0023_0025_0027_0027.jpg 1 23 25 27 27
0546_0006_0041_0047_0047.jpg 1 6 41 47 47
0547_0029_0046_0038_0038.jpg 1 29 46 38 38
0548_0010_0028_0042_0042.jpg 1 10 28 42 42
0549_0035_0021_0032_0032.jpg 1 35 21 32 32
0550_0021_0041_0053_0053.jpg 1 21 41 53 53
0551_0034_0029_0032_0032.jpg 1 34 29 32 32
0552_0019_0005_0061_0061.jpg 1 19 5 61 61
0553_0024_0033_0062_0062.jpg 1 24 33 62 62
0554_0029_0024_0034_0034.jpg 1 29 24 34 34
0555_0053_0023_0040_0040.jpg 1 53 23 40 40
0556_0011_0009_0069_0069.jpg 1 11 9 69 69
0557_0028_0031_0037_0037.jpg 1 28 31 37 37
0558_0025_0024_0068_0068.jpg 1 25 24 68 68
0559_0015_0009_0044_0044.jpg 1 15 9 44 44
0560_0008_0009_0055_0055.jpg 1 8 9 55 55
0561_0022_0038_0032_0032.jpg 1 22 38 32 32
0562_0011_0010_0068_0068.jpg 1 11 10 68 68
0563_0016_0038_0054_0054.jpg 1 16 38 54 54
0564_0016_0022_0066_0066.jpg 1 16 22 66 66
0565_0011_0004_0059_0059.jpg 1 11 4 59 59
0566_0034_0013_0035_0035.jpg 1 34 13 35 35
0567_0010_0020_0054_0054.jpg 1 10 20 54 54
0568_0022_0045_0038_0038.jpg 1 22 45 38 38
0569_0035_0030_0038_0038.jpg 1 35 30 38 38
0570_0041_0009_0047_0047.jpg 1 41 9 47 47
0571_0027_0009_0069_0069.jpg 1 27 9 69 69
0572_0009_0024_0069_0069.jpg 1 9 24 69 69
0573_0021_0037_0035_0035.jpg 1 21 37 35 35
0574_0020_0054_0031_0031.jpg 1 20 54 31 31
0575_0032_0011_0054_0054.jpg 1 32 11 54 54
0576_0014_0015_0027_0027.jpg 1 14 15 27 27
0577_0015_0027_0049_0049.jpg 1 15 27 49 49
0578_0038_0023_0052_0052.jpg 1 38 23 52 52
0579_0014_0026_0069_0069.jpg 1 14 26 69 69
0580_0021_0013_0067_0067.jpg 1 21 13 67 67
0581_0040_0047_0039_0039.jpg 1 40 47 39 39
0582_0013_0015_0067_0067.jpg 1 13 15 67 67
0583_0021_0015_0059_0059.jpg 1 21 15 59 59
0584_0029_0022_0045_0045.jpg 1 29 22 45 45
0585_0029_0026_0041_0041.jpg 1 29 26 41 41
0586_0027_0030_0030_0030.jpg 1 27 30 30 30
0587_0018_0023_0036_0036.jpg 1 18 23 36 36
0588_0022_0023_0064_0064.jpg 1 22 23 64 64
0589_0014_0004_0063_0063.jpg 1 14 4 63 63
0590_0021_0011_0062_0062.jpg 1 21 11 62 62
0591_0007_0018_0048_0048.jpg 1 7 18 48 48
0592_0047_0032_0032_0032.jpg 1 47 32 32 32
0593_0015_0032_0042_0042.jpg 1 15 32 42 42
0594_0011_0050_0035_0035.jpg 1 11 50 35 35
0595_0054_0061_0025_0025.jpg 1 54 61 25 25
0596_0031_0014_0035_0035.jpg 1 31 14 35 35
0597_0008_0029_0054_0054.jpg 1 8 29 54 54
0598_0013_0031_0043_0043.jpg 1 13 31 43 43
0599_0052_0023_0024_0024.jpg 1 52 23 24 24
0600_0030_0018_0030_0030.jpg 1 30 18 30 30
0601_0022_0031_0048_0048.jpg 1 22 31 48 48
0602_0019_0031_0055_0055.jpg 1 19 31 55 55
0603_0014_0018_0066_0066.jpg 1 14 18 66 66
0604_0006_0008_0051_0051.jpg 1 6 8 51 51
0605_0037_0009_0055_0055.jpg 1 37 9 55 55
0606_0017_0012_0039_0039.jpg 1 17 12 39 39
0607_0014_0004_0068_0068.jpg 1 14 4 68 68
0608_0009_0025_0063_0063.jpg 1 9 25 63 63
0609_0040_0038_0051_0051.jpg 1 40 38 51 51
0610_0019_0037_0024_0024.jpg 1 19 37 24 24
0611_0008_0006_0043_0043.jpg 1 8 6 43 43
0612_0025_0004_0059_0059.jpg 1 25 4 59 59
0613_0029_0036_0055_0055.jpg 1 29 36 55 55
0614_0023_0039_0049_0049.jpg 1 23 39 49 49
0615_0064_0020_0028_0028.jpg 1 64 20 28 28
0616_0015_0009_0032_0032.jpg 1 15 9 32 32
0617_0044_0043_0028_0028.jpg 1 44 43 28 28
0618_0022_0010_0038_0038.jpg 1 22 10 38 38
0619_0030_0019_0032_0032.jpg 1 30 19 32 32
0620_0028_0034_0052_0052.jpg 1 28 34 52 52
0621_0007_0010_0068_0068.jpg 1 7 10 68 68
0622_0023_0021_0036_0036.jpg 1 23 21 36 36
0623_0029_0032_0057_0057.jpg 1 29 32 57 57
0624_0052_0040_0032_0032.jpg 1 52 40 32 32
0625_0024_0060_0033_0033.jpg 1 24 60 33 33
0626_0021_0024_0057_0057.jpg 1 21 24 57 57
0627_0028_0030_0057_0057.jpg 1 28 30 57 57
0628_0044_0026_0036_0036.jpg 1 44 26 36 36
0629_0023_0040_0042_0042.jpg 1 23 40 42 42
0630_0035_0025_0060_0060.jpg 1 35 25 60 60
0631_0055_0047_0038_0038.jpg 1 55 47 38 38
0632_0010_0044_0030_0030.jpg 1 10 44 30 30
0633_0025_0006_0046_0046.jpg 1 25 6 46 46
0634_0010_0008_0036_0036.jpg 1 10 8 36 36
0635_0026_0031_0043_0043.jpg 1 26 31 43 43
0636_0020_0015_0035_0035.jpg 1 20 15 35 35
0637_0032_0018_0049_0049.jpg 1 32 18 49 49
0638_0030_0015_0050_0050.jpg 1 30 15 50 50
0639_0024_0025_0066_0066.jpg 1 24 25 66 66
0640_0019_0032_0030_0030.jpg 1 19 32 30 30
0641_0007_0033_0060_0060.jpg 1 7 33 60 60
0642_0021_0015_0024_0024.jpg 1 21 15 24 24
0643_0039_0027_0038_0038.jpg 1 39 27 38 38
0644_0010_0024_0066_0066.jpg 1 10 24 66 66
0645_0032_0049_0029_0029.jpg 1 32 49 29 29
0646_0032_0016_0054_0054.jpg 1 32 16 54 54
0647_0044_0063_0026_0026.jpg 1 44 63 26 26
0648_0032_0024_0044_0044.jpg 1 32 24 44 44
0649_0007_0027_0068_0068.jpg 1 7 27 68 68
0650_0017_0011_0056_0056.jpg 1 17 11 56 56
0651_0017_0021_0057_0057.jpg 1 17 21 57 57
0652_0016_0011_0062_0062.jpg 1 16 11 62 62
0653_0046_0033_0039_0039.jpg 1 46 33 39 39
0654_0023_0037_0046_0046.jpg 1 23 37 46 46
0655_0014_0037_0054_0054.jpg 1 14 37 54 54
0656_0036_0033_0046_0046.jpg 1 36 33 46 46
0657_0063_0050_0024_0024.jpg 1 63 50 24 24
0658_0014_0016_0048_0048.jpg 1 14 16 48 48
0659_0008_0031_0032_0032.jpg 1 8 31 32 32
0660_0010_0028_0065_0065.jpg 1 10 28 65 65
0661_0034_0021_0052_0052.jpg 1 34 21 52 52
0662_0027_0038_0055_0055.jpg 1 27 38 55 55
0663_0025_0030_0065_0065.jpg 1 25 30 65 65
0664_0041_0032_0043_0043.jpg 1 41 32 43 43
0665_0027_0018_0053_0053.jpg 1 27 18 53 53
0666_0005_0040_0046_0046.jpg 1 5 40 46 46
0667_0024_0040_0055_0055.jpg 1 24 40 55 55
0668_0036_0007_0031_0031.jpg 1 36 7 31 31
0669_0020_0025_0064_0064.jpg 1 20 25 64 64
0670_0013_0046_0032_0032.jpg 1 13 46 32 32
0671_0013_0007_0062_0062.jpg 1 13 7 62 62
0672_0011_0007_0056_0056.jpg 1 11 7 56 56
0673_0024_0015_0059_0059.jpg 1 24 15 59 59
0674_0004_0003_0069_0069.jpg 1 4 3 69 69
0675_0022_0025_0040_0040.jpg 1 22 25 40 40
0676_0008_0004_0061_0061.jpg 1 8 4 61 61
0677_0021_0013_0061_0061.jpg 1 21 13 61 61
0678_0024_0026_0048_0048.jpg 1 24 26 48 48
0679_0017_0022_0041_0041.jpg 1 17 22 41 41
0680_0010_0004_0061_0061.jpg 1 10 4 61 61
0681_0035_0011_0040_0040.jpg 1 35 11 40 40
0682_0015_0038_0055_0055.jpg 1 15 38 55 55
0683_0021_0031_0036_0036.jpg 1 21 31 36 36
0684_0030_0020_0060_0060.jpg 1 30 20 60 60
0685_0061_0049_0024_0024.jpg 1 61 49 24 24
0686_0028_0024_0043_0043.jpg 1 28 24 43 43
0687_0026_0027_0029_0029.jpg 1 26 27 29 29
0688_0018_0021_0067_0067.jpg 1 18 21 67 67
0689_0038_0006_0044_0044.jpg 1 38 6 44 44
0690_0038_0027_0051_0051.jpg 1 38 27 51 51
0691_0005_0012_0067_0067.jpg 1 5 12 67 67
0692_0024_0026_0059_0059.jpg 1 24 26 59 59
0693_0047_0060_0024_0024.jpg 1 47 60 24 24
0694_0024_0021_0056_0056.jpg 1 24 21 56 56
0695_0015_0021_0069_0069.jpg 1 15 21 69 69
0696_0033_0006_0048_0048.jpg 1 33 6 48 48
0697_0050_0046_0030_0030.jpg 1 50 46 30 30
0698_0013_0006_0067_0067.jpg 1 13 6 67 67
0699_0008_0057_0024_0024.jpg 1 8 57 24 24
0700_0011_0018_0065_0065.jpg 1 11 18 65 65
0701_0039_0014_0043_0043.jpg 1 39 14 43 43
0702_0044_0027_0024_0024.jpg 1 44 27 24 24
0703_0040_0044_0050_0050.jpg 1 40 44 50 50
0704_0047_0062_0029_0029.jpg 1 47 62 29 29
0705_0018_0034_0061_0061.jpg 1 18 34 61 61
0706_0023_0024_0027_0027.jpg 1 23 24 27 27
0707_0052_0046_0024_0024.jpg 1 52 46 24 24
0708_0047_0010_0033_0033.jpg 1 47 10 33 33
0709_0032_0025_0030_0030.jpg 1 32 25 30 30
0710_0036_0057_0025_0025.jpg 1 36 57 25 25
0711_0020_0009_0068_0068.jpg 1 20 9 68 68
0712_0007_0045_0037_0037.jpg 1 7 45 37 37
0713_0025_0011_0067_0067.jpg 1 25 11 67 67
0714_0053_0031_0038_0038.jpg 1 53 31 38 38
0715_0014_0006_0067_0067.jpg 1 14 6 67 67
0716_0014_0052_0030_0030.jpg 1 14 52 30 30
0717_0034_0027_0052_0052.jpg 1 34 27 52 52
0718_0047_0053_0025_0025.jpg 1 47 53 25 25
0719_0019_0008_0067_0067.jpg 1 19 8 67 67
0720_0033_0011_0046_0046.jpg 1 33 11 46 46
0721_0052_0011_0038_0038.jpg 1 52 11 38 38
0722_0023_0005_0049_0049.jpg 1 23 5 49 49
0723_0007_0007_0058_0058.jpg 1 7 7 58 58
0724_0053_0045_0030_0030.jpg 1 53 45 30 30
0725_0028_0039_0052_0052.jpg 1 28 39 52 52
0726_0027_0035_0055_0055.jpg 1 27 35 55 55
0727_0052_0054_0027_0027.jpg 1 52 54 27 27
0728_0009_0029_0055_0055.jpg 1 9 29 55 55
0729_0006_0023_0064_0064.jpg 1 6 23 64 64
0730_0023_0035_0034_0034.jpg 1 23 35 34 34
0731_0022_0037_0054_0054.jpg 1 22 37 54 54
0732_0021_0044_0037_0037.jpg 1 21 44 37 37
0733_0013_0006_0063_0063.jpg 1 13 6 63 63
0734_0009_0023_0060_0060.jpg 1 9 23 60 60
0735_0026_0009_0026_0026.jpg 1 26 9 26 26
0736_0056_0016_0035_0035.jpg 1 56 16 35 35
0737_0009_0025_0067_0067.jpg 1 9 25 67 67
0738_0010_0019_0063_0063.jpg 1 10 19 63 63
0739_0007_0028_0065_0065.jpg 1 7 28 65 65
0740_0034_0011_0030_0030.jpg 1 34 11 30 30
0741_0006_0042_0050_0050.jpg 1 6 42 50 50
0742_0024_0018_0057_0057.jpg 1 24 18 57 57
0743_0038_0026_0045_0045.jpg 1 38 26 45 45
0744_0040_0024_0051_0051.jpg 1 40 24 51 51
0745_0056_0019_0031_0031.jpg 1 56 19 31 31
0746_0034_0017_0053_0053.jpg 1 34 17 53 53
0747_0045_0055_0037_0037.jpg 1 45 55 37 37
0748_0008_0053_0029_0029.jpg 1 8 53 29 29
0749_0019_0034_0048_0048.jpg 1 19 34 48 48
0750_0014_0045_0045_0045.jpg 1 14 45 45 45
0751_0035_0039_0047_0047.jpg 1 35 39 47 47
0752_0019_0029_0060_0060.jpg 1 19 29 60 60
0753_0019_0041_0025_0025.jpg 1 19 41 25 25
0754_0010_0005_0060_0060.jpg 1 10 5 60 60
0755_0033_0027_0054_0054.jpg 1 33 27 54 54
0756_0008_0042_0051_0051.jpg 1 8 42 51 51
0757_0045_0032_0049_0049.jpg 1 45 32 49 49
0758_0013_0007_0060_0060.jpg 1 13 7 60 60
0759_0003_0004_0065_0065.jpg 1 3 4 65 65
0760_0039_0023_0051_0051.jpg 1 39 23 51 51
0761_0047_0030_0044_0044.jpg 1 47 30 44 44
0762_0037_0023_0046_0046.jpg 1 37 23 46 46
0763_0042_0046_0031_0031.jpg 1 42 46 31 31
0764_0022_0022_0066_0066.jpg 1 22 22 66 66
0765_0011_0018_0062_0062.jpg 1 11 18 62 62
0766_0007_0004_0061_0061.jpg 1 7 4 61 61
0767_0033_0008_0053_0053.jpg 1 33 8 53 53
0768_0005_0013_0061_0061.jpg 1 5 13 61 61
0769_0026_0030_0062_0062.jpg 1 26 30 62 62
0770_0057_0032_0033_0033.jpg 1 57 32 33 33
0771_0029_0031_0058_0058.jpg 1 29 31 58 58
0772_0053_0020_0028_0028.jpg 1 53 20 28 28
0773_0042_0022_0038_0038.jpg 1 42 22 38 38
0774_0035_0056_0037_0037.jpg 1 35 56 37 37
0775_0029_0014_0064_0064.jpg 1 29 14 64 64
0776_0011_0031_0053_0053.jpg 1 11 31 53 53
0777_0046_0024_0039_0039.jpg 1 46 24 39 39
0778_0013_0016_0068_0068.jpg 1 13 16 68 68
0779_0035_0034_0027_0027.jpg 1 35 34 27 27
0780_0050_0013_0036_0036.jpg 1 50 13 36 36
0781_0005_0006_0060_0060.jpg 1 5 6 60 60
0782_0051_0049_0024_0024.jpg 1 51 49 24 24
0783_0010_0014_0068_0068.jpg 1 10 14 68 68
0784_0007_0023_0063_0063.jpg 1 7 23 63 63
0785_0012_0019_0057_0057.jpg 1 12 19 57 57
0786_0012_0017_0049_0049.jpg 1 12 17 49 49
0787_0025_0066_0026_0026.jpg 1 25 66 26 26
0788_0018_0017_0066_0066.jpg 1 18 17 66 66
0789_0008_0042_0044_0044.jpg 1 8 42 44 44
0790_0021_0011_0060_0060.jpg 1 21 11 60 60
0791_0029_0008_0046_0046.jpg 1 29 8 46 46
0792_0032_0022_0059_0059.jpg 1 32 22 59 59
0793_0021_0009_0045_0045.jpg 1 21 9 45 45
0794_0047_0025_0038_0038.jpg 1 47 25 38 38
0795_0006_0018_0059_0059.jpg 1 6 18 59 59
0796_0055_0021_0034_0034.jpg 1 55 21 34 34
0797_0035_0049_0041_0041.jpg 1 35 49 41 41
0798_0029_0024_0066_0066.jpg 1 29 24 66 66
0799_0029_0031_0059_0059.jpg 1 29 31 59 59
0800_0016_0035_0059_0059.jpg 1 16 35 59 59
