0001_0005_0027_0064_0064.jpg 1 5 27 64 64
0002_0034_0015_0026_0026.jpg 1 34 15 26 26
0003_0021_0027_0036_0036.jpg 1 21 27 36 36
0004_0025_0007_0065_0065.jpg 1 25 7 65 65
0005_0021_0023_0045_0045.jpg 1 21 23 45 45
0006_0022_0011_0027_0027.jpg 1 22 11 27 27
0007_0016_0012_0064_0064.jpg 1 16 12 64 64
0008_0017_0010_0068_0068.jpg 1 17 10 68 68
0009_0011_0003_0066_0066.jpg 1 11 3 66 66
0010_0013_0028_0032_0032.jpg 1 13 28 32 32
0011_0004_0014_0068_0068.jpg 1 4 14 68 68
0012_0037_0022_0024_0024.jpg 1 37 22 24 24
0013_0023_0009_0065_0065.jpg 1 23 9 65 65
0014_0013_0011_0065_0065.jpg 1 13 11 65 65
0015_0008_0029_0066_0066.jpg 1 8 29 66 66
0016_0033_0033_0043_0043.jpg 1 33 33 43 43
0017_0026_0022_0057_0057.jpg 1 26 22 57 57
0018_0012_0021_0050_0050.jpg 1 12 21 50 50
0019_0011_0052_0028_0028.jpg 1 11 52 28 28
0020_0049_0041_0042_0042.jpg 1 49 41 42 42
0021_0017_0007_0059_0059.jpg 1 17 7 59 59
0022_0038_0018_0033_0033.jpg 1 38 18 33 33
0023_0028_0041_0035_0035.jpg 1 28 41 35 35
0024_0031_0046_0026_0026.jpg 1 31 46 26 26
0025_0041_0046_0048_0048.jpg 1 41 46 48 48
0026_0013_0050_0029_0029.jpg 1 13 50 29 29
0027_0037_0015_0043_0043.jpg 1 37 15 43 43
0028_0028_0030_0052_0052.jpg 1 28 30 52 52
0029_0021_0027_0054_0054.jpg 1 21 27 54 54
0030_0064_0049_0028_0028.jpg 1 64 49 28 28
0031_0005_0009_0049_0049.jpg 1 5 9 49 49
0032_0017_0029_0058_0058.jpg 1 17 29 58 58
0033_0027_0028_0068_0068.jpg 1 27 28 68 68
0034_0048_0050_0043_0043.jpg 1 48 50 43 43
0035_0013_0010_0038_0038.jpg 1 13 10 38 38
0036_0031_0018_0039_0039.jpg 1 31 18 39 39
0037_0028_0011_0059_0059.jpg 1 28 11 59 59
0038_0032_0024_0053_0053.jpg 1 32 24 53 53
0039_0017_0011_0029_0029.jpg 1 17 11 29 29
0040_0053_0024_0026_0026.jpg 1 53 24 26 26
0041_0031_0034_0043_0043.jpg 1 31 34 43 43
0042_0025_0021_0056_0056.jpg 1 25 21 56 56
0043_0046_0030_0025_0025.jpg 1 46 30 25 25
0044_0044_0011_0035_0035.jpg 1 44 11 35 35
0045_0014_0025_0063_0063.jpg 1 14 25 63 63
0046_0025_0028_0041_0041.jpg 1 25 28 41 41
0047_0023_0035_0037_0037.jpg 1 23 35 37 37
0048_0037_0030_0039_0039.jpg 1 37 30 39 39
0049_0037_0052_0034_0034.jpg 1 37 52 34 34
0050_0053_0009_0040_0040.jpg 1 53 9 40 40
0051_0034_0047_0029_0029.jpg 1 34 47 29 29
0052_0024_0032_0055_0055.jpg 1 24 32 55 55
0053_0048_0024_0044_0044.jpg 1 48 24 44 44
0054_0010_0015_0066_0066.jpg 1 10 15 66 66
0055_0015_0033_0054_0054.jpg 1 15 33 54 54
0056_0026_0034_0043_0043.jpg 1 26 34 43 43
0057_0057_0049_0030_0030.jpg 1 57 49 30 30
0058_0045_0010_0039_0039.jpg 1 45 10 39 39
0059_0053_0029_0035_0035.jpg 1 53 29 35 35
0060_0036_0022_0039_0039.jpg 1 36 22 39 39
0061_0056_0051_0031_0031.jpg 1 56 51 31 31
0062_0005_0026_0063_0063.jpg 1 5 26 63 63
0063_0008_0042_0048_0048.jpg 1 8 42 48 48
0064_0008_0009_0067_0067.jpg 1 8 9 67 67
0065_0031_0028_0048_0048.jpg 1 31 28 48 48
0066_0038_0044_0050_0050.jpg 1 38 44 50 50
0067_0034_0033_0049_0049.jpg 1 34 33 49 49
0068_0010_0024_0045_0045.jpg 1 10 24 45 45
0069_0046_0010_0044_0044.jpg 1 46 10 44 44
0070_0024_0008_0061_0061.jpg 1 24 8 61 61
0071_0025_0008_0055_0055.jpg 1 25 8 55 55
0072_0041_0006_0047_0047.jpg 1 41 6 47 47
0073_0047_0019_0030_0030.jpg 1 47 19 30 30
0074_0016_0020_0051_0051.jpg 1 16 20 51 51
0075_0031_0047_0032_0032.jpg 1 31 47 32 32
0076_0027_0038_0055_0055.jpg 1 27 38 55 55
0077_0041_0026_0047_0047.jpg 1 41 26 47 47
0078_0007_0019_0069_0069.jpg 1 7 19 69 69
0079_0030_0046_0031_0031.jpg 1 30 46 31 31
0080_0022_0042_0043_0043.jpg 1 22 42 43 43
0081_0045_0046_0034_0034.jpg 1 45 46 34 34
0082_0031_0029_0025_0025.jpg 1 31 29 25 25
0083_0003_0027_0065_0065.jpg 1 3 27 65 65
0084_0020_0018_0064_0064.jpg 1 20 18 64 64
0085_0025_0016_0064_0064.jpg 1 25 16 64 64
0086_0015_0051_0040_0040.jpg 1 15 51 40 40
0087_0031_0045_0047_0047.jpg 1 31 45 47 47
0088_0021_0047_0033_0033.jpg 1 21 47 33 33
0089_0063_0035_0029_0029.jpg 1 63 35 29 29
0090_0007_0036_0059_0059.jpg 1 7 36 59 59
0091_0038_0044_0037_0037.jpg 1 38 44 37 37
0092_0051_0017_0040_0040.jpg 1 51 17 40 40
0093_0014_0061_0030_0030.jpg 1 14 61 30 30
0094_0022_0028_0036_0036.jpg 1 22 28 36 36
0095_0021_0011_0058_0058.jpg 1 21 11 58 58
0096_0034_0025_0058_0058.jpg 1 34 25 58 58
0097_0009_0021_0040_0040.jpg 1 9 21 40 40
0098_0038_0065_0024_0024.jpg 1 38 65 24 24
0099_0021_0007_0037_0037.jpg 1 21 7 37 37
0100_0050_0053_0033_0033.jpg 1 50 53 33 33
0101_0022_0020_0068_0068.jpg 1 22 20 68 68
0102_0035_0061_0030_0030.jpg 1 35 61 30 30
0103_0022_0013_0052_0052.jpg 1 22 13 52 52
0104_0030_0032_0049_0049.jpg 1 30 32 49 49
0105_0038_0010_0030_0030.jpg 1 38 10 30 30
0106_0043_0039_0039_0039.jpg 1 43 39 39 39
0107_0023_0029_0059_0059.jpg 1 23 29 59 59
0108_0050_0054_0028_0028.jpg 1 50 54 28 28
0109_0007_0038_0036_0036.jpg 1 7 38 36 36
0110_0018_0061_0030_0030.jpg 1 18 61 30 30
0111_0030_0032_0048_0048.jpg 1 30 32 48 48
0112_0018_0014_0062_0062.jpg 1 18 14 62 62
0113_0014_0023_0066_0066.jpg 1 14 23 66 66
0114_0026_0018_0058_0058.jpg 1 26 18 58 58
0115_0029_0017_0064_0064.jpg 1 29 17 64 64
0116_0016_0013_0052_0052.jpg 1 16 13 52 52
0117_0066_0057_0024_0024.jpg 1 66 57 24 24
0118_0010_0033_0027_0027.jpg 1 10 33 27 27
0119_0043_0043_0029_0029.jpg 1 43 43 29 29
0120_0022_0013_0069_0069.jpg 1 22 13 69 69
0121_0020_0054_0037_0037.jpg 1 20 54 37 37
0122_0049_0028_0039_0039.jpg 1 49 28 39 39
0123_0050_0020_0028_0028.jpg 1 50 20 28 28
0124_0030_0050_0030_0030.jpg 1 30 50 30 30
0125_0035_0025_0053_0053.jpg 1 35 25 53 53
0126_0055_0048_0029_0029.jpg 1 55 48 29 29
0127_0036_0035_0029_0029.jpg 1 36 35 29 29
0128_0034_0015_0032_0032.jpg 1 34 15 32 32
0129_0015_0011_0065_0065.jpg 1 15 11 65 65
0130_0067_0039_0024_0024.jpg 1 67 39 24 24
0131_0037_0022_0051_0051.jpg 1 37 22 51 51
0132_0018_0005_0066_0066.jpg 1 18 5 66 66
0133_0034_0041_0034_0034.jpg 1 34 41 34 34
0134_0020_0027_0064_0064.jpg 1 20 27 64 64
0135_0049_0041_0034_0034.jpg 1 49 41 34 34
0136_0053_0053_0032_0032.jpg 1 53 53 32 32
0137_0021_0011_0043_0043.jpg 1 21 11 43 43
0138_0032_0032_0045_0045.jpg 1 32 32 45 45
0139_0044_0036_0042_0042.jpg 1 44 36 42 42
0140_0033_0058_0027_0027.jpg 1 33 58 27 27
0141_0055_0027_0033_0033.jpg 1 55 27 33 33
0142_0029_0027_0052_0052.jpg 1 29 27 52 52
0143_0043_0058_0031_0031.jpg 1 43 58 31 31
0144_0017_0008_0063_0063.jpg 1 17 8 63 63
0145_0004_0007_0053_0053.jpg 1 4 7 53 53
0146_0014_0009_0034_0034.jpg 1 14 9 34 34
0147_0010_0008_0068_0068.jpg 1 10 8 68 68
0148_0031_0025_0047_0047.jpg 1 31 25 47 47
0149_0010_0030_0060_0060.jpg 1 10 30 60 60
0150_0024_0030_0049_0049.jpg 1 24 30 49 49
0151_0015_0011_0047_0047.jpg 1 15 11 47 47
0152_0025_0013_0058_0058.jpg 1 25 13 58 58
0153_0035_0021_0053_0053.jpg 1 35 21 53 53
0154_0008_0045_0046_0046.jpg 1 8 45 46 46
0155_0023_0054_0039_0039.jpg 1 23 54 39 39
0156_0055_0016_0031_0031.jpg 1 55 16 31 31
0157_0021_0018_0060_0060.jpg 1 21 18 60 60
0158_0020_0019_0063_0063.jpg 1 20 19 63 63
0159_0006_0031_0058_0058.jpg 1 6 31 58 58
0160_0037_0050_0037_0037.jpg 1 37 50 37 37
0161_0029_0024_0064_0064.jpg 1 29 24 64 64
0162_0005_0023_0056_0056.jpg 1 5 23 56 56
0163_0016_0032_0027_0027.jpg 1 16 32 27 27
0164_0018_0011_0036_0036.jpg 1 18 11 36 36
0165_0014_0013_0045_0045.jpg 1 14 13 45 45
0166_0038_0045_0024_0024.jpg 1 38 45 24 24
0167_0045_0030_0032_0032.jpg 1 45 30 32 32
0168_0029_0014_0064_0064.jpg 1 29 14 64 64
0169_0026_0031_0050_0050.jpg 1 26 31 50 50
0170_0012_0013_0069_0069.jpg 1 12 13 69 69
0171_0052_0009_0029_0029.jpg 1 52 9 29 29
0172_0006_0022_0040_0040.jpg 1 6 22 40 40
0173_0038_0028_0029_0029.jpg 1 38 28 29 29
0174_0004_0006_0055_0055.jpg 1 4 6 55 55
0175_0016_0009_0056_0056.jpg 1 16 9 56 56
0176_0024_0038_0032_0032.jpg 1 24 38 32 32
0177_0030_0034_0059_0059.jpg 1 30 34 59 59
0178_0031_0036_0044_0044.jpg 1 31 36 44 44
0179_0059_0037_0024_0024.jpg 1 59 37 24 24
0180_0008_0030_0065_0065.jpg 1 8 30 65 65
0181_0034_0032_0034_0034.jpg 1 34 32 34 34
0182_0041_0036_0044_0044.jpg 1 41 36 44 44
0183_0011_0014_0030_0030.jpg 1 11 14 30 30
0184_0046_0056_0024_0024.jpg 1 46 56 24 24
0185_0021_0032_0064_0064.jpg 1 21 32 64 64
0186_0035_0014_0050_0050.jpg 1 35 14 50 50
0187_0005_0031_0057_0057.jpg 1 5 31 57 57
0188_0007_0012_0061_0061.jpg 1 7 12 61 61
0189_0055_0026_0036_0036.jpg 1 55 26 36 36
0190_0055_0014_0036_0036.jpg 1 55 14 36 36
0191_0013_0040_0034_0034.jpg 1 13 40 34 34
0192_0030_0027_0039_0039.jpg 1 30 27 39 39
0193_0036_0005_0059_0059.jpg 1 36 5 59 59
0194_0026_0061_0031_0031.jpg 1 26 61 31 31
0195_0054_0042_0039_0039.jpg 1 54 42 39 39
0196_0044_0027_0047_0047.jpg 1 44 27 47 47
0197_0047_0050_0041_0041.jpg 1 47 50 41 41
0198_0052_0041_0029_0029.jpg 1 52 41 29 29
0199_0021_0022_0034_0034.jpg 1 21 22 34 34
0200_0023_0021_0059_0059.jpg 1 23 21 59 59
0201_0024_0013_0062_0062.jpg 1 24 13 62 62
0202_0008_0021_0064_0064.jpg 1 8 21 64 64
0203_0027_0015_0059_0059.jpg 1 27 15 59 59
0204_0010_0067_0025_0025.jpg 1 10 67 25 25
0205_0027_0046_0041_0041.jpg 1 27 46 41 41
0206_0034_0052_0037_0037.jpg 1 34 52 37 37
0207_0010_0020_0059_0059.jpg 1 10 20 59 59
0208_0036_0008_0039_0039.jpg 1 36 8 39 39
0209_0024_0060_0024_0024.jpg 1 24 60 24 24
0210_0055_0036_0030_0030.jpg 1 55 36 30 30
0211_0020_0024_0062_0062.jpg 1 20 24 62 62
0212_0008_0026_0058_0058.jpg 1 8 26 58 58
0213_0008_0011_0064_0064.jpg 1 8 11 64 64
0214_0019_0022_0037_0037.jpg 1 19 22 37 37
0215_0041_0043_0025_0025.jpg 1 41 43 25 25
0216_0027_0016_0051_0051.jpg 1 27 16 51 51
0217_0046_0057_0029_0029.jpg 1 46 57 29 29
0218_0009_0039_0055_0055.jpg 1 9 39 55 55
0219_0021_0040_0040_0040.jpg 1 21 40 40 40
0220_0016_0037_0049_0049.jpg 1 16 37 49 49
0221_0007_0039_0054_0054.jpg 1 7 39 54 54
0222_0024_0039_0051_0051.jpg 1 24 39 51 51
0223_0034_0021_0044_0044.jpg 1 34 21 44 44
0224_0020_0010_0065_0065.jpg 1 20 10 65 65
0225_0016_0034_0046_0046.jpg 1 16 34 46 46
0226_0021_0051_0024_0024.jpg 1 21 51 24 24
0227_0009_0022_0059_0059.jpg 1 9 22 59 59
0228_0029_0031_0058_0058.jpg 1 29 31 58 58
0229_0053_0010_0024_0024.jpg 1 53 10 24 24
0230_0009_0028_0066_0066.jpg 1 9 28 66 66
0231_0030_0031_0037_0037.jpg 1 30 31 37 37
0232_0028_0021_0063_0063.jpg 1 28 21 63 63
0233_0038_0013_0051_0051.jpg 1 38 13 51 51
0234_0019_0039_0056_0056.jpg 1 19 39 56 56
0235_0040_0010_0053_0053.jpg 1 40 10 53 53
0236_0020_0024_0048_0048.jpg 1 20 24 48 48
0237_0005_0023_0062_0062.jpg 1 5 23 62 62
0238_0017_0050_0027_0027.jpg 1 17 50 27 27
0239_0050_0036_0044_0044.jpg 1 50 36 44 44
0240_0013_0026_0048_0048.jpg 1 13 26 48 48
0241_0032_0011_0058_0058.jpg 1 32 11 58 58
0242_0042_0045_0036_0036.jpg 1 42 45 36 36
0243_0004_0028_0062_0062.jpg 1 4 28 62 62
0244_0016_0008_0055_0055.jpg 1 16 8 55 55
0245_0049_0051_0034_0034.jpg 1 49 51 34 34
0246_0014_0024_0069_0069.jpg 1 14 24 69 69
0247_0039_0028_0049_0049.jpg 1 39 28 49 49
0248_0030_0014_0059_0059.jpg 1 30 14 59 59
0249_0011_0009_0068_0068.jpg 1 11 9 68 68
0250_0020_0031_0057_0057.jpg 1 20 31 57 57
0251_0013_0020_0068_0068.jpg 1 13 20 68 68
0252_0009_0036_0029_0029.jpg 1 9 36 29 29
0253_0037_0031_0052_0052.jpg 1 37 31 52 52
0254_0013_0021_0065_0065.jpg 1 13 21 65 65
0255_0024_0004_0069_0069.jpg 1 24 4 69 69
0256_0021_0037_0055_0055.jpg 1 21 37 55 55
0257_0046_0007_0039_0039.jpg 1 46 7 39 39
0258_0046_0057_0031_0031.jpg 1 46 57 31 31
0259_0042_0067_0025_0025.jpg 1 42 67 25 25
0260_0040_0038_0037_0037.jpg 1 40 38 37 37
0261_0006_0007_0043_0043.jpg 1 6 7 43 43
0262_0008_0017_0059_0059.jpg 1 8 17 59 59
0263_0038_0019_0055_0055.jpg 1 38 19 55 55
0264_0061_0029_0026_0026.jpg 1 61 29 26 26
0265_0010_0034_0059_0059.jpg 1 10 34 59 59
0266_0025_0005_0064_0064.jpg 1 25 5 64 64
0267_0025_0023_0066_0066.jpg 1 25 23 66 66
0268_0044_0033_0044_0044.jpg 1 44 33 44 44
0269_0013_0031_0051_0051.jpg 1 13 31 51 51
0270_0041_0039_0049_0049.jpg 1 41 39 49 49
0271_0004_0007_0057_0057.jpg 1 4 7 57 57
0272_0022_0012_0068_0068.jpg 1 22 12 68 68
0273_0014_0064_0025_0025.jpg 1 14 64 25 25
0274_0012_0036_0030_0030.jpg 1 12 36 30 30
0275_0013_0016_0066_0066.jpg 1 13 16 66 66
0276_0045_0026_0039_0039.jpg 1 45 26 39 39
0277_0033_0018_0035_0035.jpg 1 33 18 35 35
0278_0030_0056_0034_0034.jpg 1 30 56 34 34
0279_0038_0034_0057_0057.jpg 1 38 34 57 57
0280_0019_0047_0024_0024.jpg 1 19 47 24 24
0281_0029_0035_0060_0060.jpg 1 29 35 60 60
0282_0042_0038_0046_0046.jpg 1 42 38 46 46
0283_0037_0020_0049_0049.jpg 1 37 20 49 49
0284_0019_0007_0039_0039.jpg 1 19 7 39 39
0285_0020_0038_0040_0040.jpg 1 20 38 40 40
0286_0018_0007_0042_0042.jpg 1 18 7 42 42
0287_0017_0020_0068_0068.jpg 1 17 20 68 68
0288_0029_0042_0041_0041.jpg 1 29 42 41 41
0289_0024_0065_0027_0027.jpg 1 24 65 27 27
0290_0035_0021_0054_0054.jpg 1 35 21 54 54
0291_0056_0025_0025_0025.jpg 1 56 25 25 25
0292_0025_0020_0037_0037.jpg 1 25 20 37 37
0293_0041_0015_0037_0037.jpg 1 41 15 37 37
0294_0010_0029_0050_0050.jpg 1 10 29 50 50
0295_0009_0015_0045_0045.jpg 1 9 15 45 45
0296_0055_0043_0034_0034.jpg 1 55 43 34 34
0297_0051_0040_0031_0031.jpg 1 51 40 31 31
0298_0017_0051_0024_0024.jpg 1 17 51 24 24
0299_0022_0012_0032_0032.jpg 1 22 12 32 32
0300_0005_0009_0069_0069.jpg 1 5 9 69 69
0301_0028_0028_0050_0050.jpg 1 28 28 50 50
0302_0021_0032_0055_0055.jpg 1 21 32 55 55
0303_0009_0019_0066_0066.jpg 1 9 19 66 66
0304_0028_0019_0030_0030.jpg 1 28 19 30 30
0305_0031_0029_0047_0047.jpg 1 31 29 47 47
0306_0025_0005_0068_0068.jpg 1 25 5 68 68
0307_0014_0005_0061_0061.jpg 1 14 5 61 61
0308_0030_0015_0061_0061.jpg 1 30 15 61 61
0309_0031_0034_0032_0032.jpg 1 31 34 32 32
0310_0030_0039_0035_0035.jpg 1 30 39 35 35
0311_0014_0008_0055_0055.jpg 1 14 8 55 55
0312_0008_0014_0056_0056.jpg 1 8 14 56 56
0313_0040_0013_0050_0050.jpg 1 40 13 50 50
0314_0053_0047_0039_0039.jpg 1 53 47 39 39
0315_0025_0019_0065_0065.jpg 1 25 19 65 65
0316_0007_0031_0064_0064.jpg 1 7 31 64 64
0317_0026_0031_0051_0051.jpg 1 26 31 51 51
0318_0005_0037_0057_0057.jpg 1 5 37 57 57
0319_0044_0051_0027_0027.jpg 1 44 51 27 27
0320_0019_0013_0068_0068.jpg 1 19 13 68 68
0321_0006_0012_0055_0055.jpg 1 6 12 55 55
0322_0024_0031_0053_0053.jpg 1 24 31 53 53
0323_0023_0009_0060_0060.jpg 1 23 9 60 60
0324_0024_0044_0030_0030.jpg 1 24 44 30 30
0325_0006_0011_0064_0064.jpg 1 6 11 64 64
0326_0021_0053_0024_0024.jpg 1 21 53 24 24
0327_0009_0026_0061_0061.jpg 1 9 26 61 61
0328_0014_0029_0065_0065.jpg 1 14 29 65 65
0329_0038_0010_0040_0040.jpg 1 38 10 40 40
0330_0022_0004_0067_0067.jpg 1 22 4 67 67
0331_0013_0053_0037_0037.jpg 1 13 53 37 37
0332_0017_0058_0032_0032.jpg 1 17 58 32 32
0333_0008_0025_0050_0050.jpg 1 8 25 50 50
0334_0055_0057_0036_0036.jpg 1 55 57 36 36
0335_0038_0044_0045_0045.jpg 1 38 44 45 45
0336_0045_0023_0038_0038.jpg 1 45 23 38 38
0337_0017_0022_0033_0033.jpg 1 17 22 33 33
0338_0039_0061_0030_0030.jpg 1 39 61 30 30
0339_0023_0016_0033_0033.jpg 1 23 16 33 33
0340_0025_0023_0039_0039.jpg 1 25 23 39 39
0341_0015_0014_0047_0047.jpg 1 15 14 47 47
0342_0055_0027_0027_0027.jpg 1 55 27 27 27
0343_0016_0009_0049_0049.jpg 1 16 9 49 49
0344_0008_0014_0046_0046.jpg 1 8 14 46 46
0345_0042_0025_0051_0051.jpg 1 42 25 51 51
0346_0044_0054_0025_0025.jpg 1 44 54 25 25
0347_0010_0040_0054_0054.jpg 1 10 40 54 54
0348_0020_0039_0030_0030.jpg 1 20 39 30 30
0349_0008_0029_0027_0027.jpg 1 8 29 27 27
0350_0025_0010_0031_0031.jpg 1 25 10 31 31
0351_0056_0015_0032_0032.jpg 1 56 15 32 32
0352_0053_0043_0040_0040.jpg 1 53 43 40 40
0353_0010_0024_0067_0067.jpg 1 10 24 67 67
0354_0039_0008_0040_0040.jpg 1 39 8 40 40
0355_0013_0025_0067_0067.jpg 1 13 25 67 67
0356_0032_0009_0062_0062.jpg 1 32 9 62 62
0357_0037_0022_0036_0036.jpg 1 37 22 36 36
0358_0039_0020_0055_0055.jpg 1 39 20 55 55
0359_0020_0024_0044_0044.jpg 1 20 24 44 44
0360_0051_0062_0024_0024.jpg 1 51 62 24 24
0361_0033_0021_0049_0049.jpg 1 33 21 49 49
0362_0010_0006_0061_0061.jpg 1 10 6 61 61
0363_0039_0042_0048_0048.jpg 1 39 42 48 48
0364_0011_0004_0069_0069.jpg 1 11 4 69 69
0365_0013_0030_0066_0066.jpg 1 13 30 66 66
0366_0026_0031_0062_0062.jpg 1 26 31 62 62
0367_0031_0044_0047_0047.jpg 1 31 44 47 47
0368_0011_0048_0029_0029.jpg 1 11 48 29 29
0369_0034_0013_0059_0059.jpg 1 34 13 59 59
0370_0018_0032_0031_0031.jpg 1 18 32 31 31
0371_0050_0026_0035_0035.jpg 1 50 26 35 35
0372_0019_0021_0054_0054.jpg 1 19 21 54 54
0373_0006_0028_0065_0065.jpg 1 6 28 65 65
0374_0038_0026_0035_0035.jpg 1 38 26 35 35
0375_0006_0034_0058_0058.jpg 1 6 34 58 58
0376_0007_0044_0040_0040.jpg 1 7 44 40 40
0377_0057_0035_0029_0029.jpg 1 57 35 29 29
0378_0017_0015_0067_0067.jpg 1 17 15 67 67
0379_0024_0049_0035_0035.jpg 1 24 49 35 35
0380_0007_0017_0038_0038.jpg 1 7 17 38 38
0381_0008_0050_0028_0028.jpg 1 8 50 28 28
0382_0019_0029_0063_0063.jpg 1 19 29 63 63
0383_0054_0040_0027_0027.jpg 1 54 40 27 27
0384_0017_0018_0069_0069.jpg 1 17 18 69 69
0385_0016_0010_0050_0050.jpg 1 16 10 50 50
0386_0007_0037_0044_0044.jpg 1 7 37 44 44
0387_0009_0011_0026_0026.jpg 1 9 11 26 26
0388_0015_0062_0028_0028.jpg 1 15 62 28 28
0389_0056_0040_0034_0034.jpg 1 56 40 34 34
0390_0056_0050_0031_0031.jpg 1 56 50 31 31
0391_0028_0015_0054_0054.jpg 1 28 15 54 54
0392_0059_0050_0032_0032.jpg 1 59 50 32 32
0393_0031_0007_0030_0030.jpg 1 31 7 30 30
0394_0007_0038_0057_0057.jpg 1 7 38 57 57
0395_0027_0012_0044_0044.jpg 1 27 12 44 44
0396_0035_0014_0041_0041.jpg 1 35 14 41 41
0397_0038_0024_0056_0056.jpg 1 38 24 56 56
0398_0026_0040_0055_0055.jpg 1 26 40 55 55
0399_0016_0029_0037_0037.jpg 1 16 29 37 37
0400_0029_0020_0065_0065.jpg 1 29 20 65 65
0401_0042_0044_0044_0044.jpg 1 42 44 44 44
0402_0027_0008_0067_0067.jpg 1 27 8 67 67
0403_0022_0023_0056_0056.jpg 1 22 23 56 56
0404_0027_0033_0061_0061.jpg 1 27 33 61 61
0405_0038_0033_0049_0049.jpg 1 38 33 49 49
0406_0010_0029_0052_0052.jpg 1 10 29 52 52
0407_0039_0050_0036_0036.jpg 1 39 50 36 36
0408_0019_0014_0054_0054.jpg 1 19 14 54 54
0409_0046_0008_0026_0026.jpg 1 46 8 26 26
0410_0025_0019_0053_0053.jpg 1 25 19 53 53
0411_0013_0029_0063_0063.jpg 1 13 29 63 63
0412_0039_0022_0033_0033.jpg 1 39 22 33 33
0413_0008_0026_0061_0061.jpg 1 8 26 61 61
0414_0012_0024_0062_0062.jpg 1 12 24 62 62
0415_0022_0049_0035_0035.jpg 1 22 49 35 35
0416_0010_0027_0055_0055.jpg 1 10 27 55 55
0417_0024_0015_0058_0058.jpg 1 24 15 58 58
0418_0007_0040_0052_0052.jpg 1 7 40 52 52
0419_0026_0013_0054_0054.jpg 1 26 13 54 54
0420_0008_0047_0031_0031.jpg 1 8 47 31 31
0421_0039_0025_0025_0025.jpg 1 39 25 25 25
0422_0039_0047_0044_0044.jpg 1 39 47 44 44
0423_0033_0049_0039_0039.jpg 1 33 49 39 39
0424_0018_0018_0059_0059.jpg 1 18 18 59 59
0425_0027_0025_0030_0030.jpg 1 27 25 30 30
0426_0018_0032_0030_0030.jpg 1 18 32 30 30
0427_0054_0044_0039_0039.jpg 1 54 44 39 39
0428_0033_0005_0054_0054.jpg 1 33 5 54 54
0429_0016_0033_0060_0060.jpg 1 16 33 60 60
0430_0031_0037_0047_0047.jpg 1 31 37 47 47
0431_0020_0015_0032_0032.jpg 1 20 15 32 32
0432_0023_0023_0059_0059.jpg 1 23 23 59 59
0433_0011_0038_0051_0051.jpg 1 11 38 51 51
0434_0030_0028_0053_0053.jpg 1 30 28 53 53
0435_0042_0044_0027_0027.jpg 1 42 44 27 27
0436_0049_0019_0032_0032.jpg 1 49 19 32 32
0437_0028_0016_0061_0061.jpg 1 28 16 61 61
0438_0062_0040_0027_0027.jpg 1 62 40 27 27
0439_0010_0011_0067_0067.jpg 1 10 11 67 67
0440_0023_0015_0061_0061.jpg 1 23 15 61 61
0441_0043_0029_0027_0027.jpg 1 43 29 27 27
0442_0013_0048_0044_0044.jpg 1 13 48 44 44
0443_0055_0012_0036_0036.jpg 1 55 12 36 36
0444_0027_0021_0061_0061.jpg 1 27 21 61 61
0445_0044_0055_0032_0032.jpg 1 44 55 32 32
0446_0027_0024_0062_0062.jpg 1 27 24 62 62
0447_0032_0033_0026_0026.jpg 1 32 33 26 26
0448_0014_0011_0043_0043.jpg 1 14 11 43 43
0449_0013_0014_0032_0032.jpg 1 13 14 32 32
0450_0041_0042_0049_0049.jpg 1 41 42 49 49
0451_0055_0024_0032_0032.jpg 1 55 24 32 32
0452_0007_0049_0031_0031.jpg 1 7 49 31 31
0453_0058_0066_0026_0026.jpg 1 58 66 26 26
0454_0034_0048_0042_0042.jpg 1 34 48 42 42
0455_0009_0016_0044_0044.jpg 1 9 16 44 44
0456_0056_0043_0025_0025.jpg 1 56 43 25 25
0457_0031_0048_0041_0041.jpg 1 31 48 41 41
0458_0026_0027_0059_0059.jpg 1 26 27 59 59
0459_0007_0023_0052_0052.jpg 1 7 23 52 52
0460_0006_0004_0067_0067.jpg 1 6 4 67 67
0461_0030_0041_0042_0042.jpg 1 30 41 42 42
0462_0020_0019_0068_0068.jpg 1 20 19 68 68
0463_0008_0014_0060_0060.jpg 1 8 14 60 60
0464_0006_0022_0052_0052.jpg 1 6 22 52 52
0465_0021_0024_0052_0052.jpg 1 21 24 52 52
0466_0029_0016_0065_0065.jpg 1 29 16 65 65
0467_0044_0021_0048_0048.jpg 1 44 21 48 48
0468_0036_0005_0055_0055.jpg 1 36 5 55 55
0469_0028_0017_0056_0056.jpg 1 28 17 56 56
0470_0041_0010_0054_0054.jpg 1 41 10 54 54
0471_0044_0015_0040_0040.jpg 1 44 15 40 40
0472_0025_0007_0029_0029.jpg 1 25 7 29 29
0473_0025_0036_0046_0046.jpg 1 25 36 46 46
0474_0064_0017_0028_0028.jpg 1 64 17 28 28
0475_0021_0013_0060_0060.jpg 1 21 13 60 60
0476_0018_0013_0063_0063.jpg 1 18 13 63 63
0477_0020_0034_0045_0045.jpg 1 20 34 45 45
0478_0034_0032_0060_0060.jpg 1 34 32 60 60
0479_0034_0054_0033_0033.jpg 1 34 54 33 33
0480_0040_0049_0040_0040.jpg 1 40 49 40 40
0481_0018_0009_0069_0069.jpg 1 18 9 69 69
0482_0062_0028_0025_0025.jpg 1 62 28 25 25
0483_0056_0010_0032_0032.jpg 1 56 10 32 32
0484_0015_0032_0029_0029.jpg 1 15 32 29 29
0485_0021_0036_0033_0033.jpg 1 21 36 33 33
0486_0011_0024_0025_0025.jpg 1 11 24 25 25
0487_0010_0021_0055_0055.jpg 1 10 21 55 55
0488_0028_0010_0062_0062.jpg 1 28 10 62 62
0489_0005_0012_0067_0067.jpg 1 5 12 67 67
0490_0009_0008_0066_0066.jpg 1 9 8 66 66
0491_0025_0035_0058_0058.jpg 1 25 35 58 58
0492_0009_0027_0031_0031.jpg 1 9 27 31 31
0493_0025_0018_0054_0054.jpg 1 25 18 54 54
0494_0029_0032_0033_0033.jpg 1 29 32 33 33
0495_0057_0056_0031_0031.jpg 1 57 56 31 31
0496_0021_0032_0060_0060.jpg 1 21 32 60 60
0497_0027_0041_0054_0054.jpg 1 27 41 54 54
0498_0026_0018_0061_0061.jpg 1 26 18 61 61
0499_0024_0019_0066_0066.jpg 1 24 19 66 66
0500_0030_0017_0056_0056.jpg 1 30 17 56 56
0501_0006_0019_0038_0038.jpg 1 6 19 38 38
0502_0038_0010_0049_0049.jpg 1 38 10 49 49
0503_0016_0020_0067_0067.jpg 1 16 20 67 67
0504_0009_0026_0055_0055.jpg 1 9 26 55 55
0505_0012_0011_0057_0057.jpg 1 12 11 57 57
0506_0010_0009_0060_0060.jpg 1 10 9 60 60
0507_0045_0033_0033_0033.jpg 1 45 33 33 33
0508_0025_0008_0032_0032.jpg 1 25 8 32 32
0509_0029_0031_0040_0040.jpg 1 29 31 40 40
0510_0051_0009_0030_0030.jpg 1 51 9 30 30
0511_0034_0010_0059_0059.jpg 1 34 10 59 59
0512_0026_0013_0068_0068.jpg 1 26 13 68 68
0513_0017_0006_0062_0062.jpg 1 17 6 62 62
0514_0034_0022_0055_0055.jpg 1 34 22 55 55
0515_0040_0063_0028_0028.jpg 1 40 63 28 28
0516_0054_0028_0039_0039.jpg 1 54 28 39 39
0517_0046_0034_0043_0043.jpg 1 46 34 43 43
0518_0018_0062_0031_0031.jpg 1 18 62 31 31
0519_0024_0035_0040_0040.jpg 1 24 35 40 40
0520_0009_0017_0062_0062.jpg 1 9 17 62 62
0521_0035_0007_0040_0040.jpg 1 35 7 40 40
0522_0026_0015_0056_0056.jpg 1 26 15 56 56
0523_0039_0050_0038_0038.jpg 1 39 50 38 38
0524_0043_0009_0036_0036.jpg 1 43 9 36 36
0525_0009_0030_0059_0059.jpg 1 9 30 59 59
0526_0017_0033_0056_0056.jpg 1 17 33 56 56
0527_0015_0039_0032_0032.jpg 1 15 39 32 32
0528_0027_0050_0038_0038.jpg 1 27 50 38 38
0529_0027_0034_0057_0057.jpg 1 27 34 57 57
0530_0040_0025_0050_0050.jpg 1 40 25 50 50
0531_0034_0022_0056_0056.jpg 1 34 22 56 56
0532_0017_0007_0059_0059.jpg 1 17 7 59 59
0533_0030_0019_0064_0064.jpg 1 30 19 64 64
0534_0045_0035_0040_0040.jpg 1 45 35 40 40
0535_0026_0034_0044_0044.jpg 1 26 34 44 44
0536_0034_0025_0047_0047.jpg 1 34 25 47 47
0537_0044_0040_0038_0038.jpg 1 44 40 38 38
0538_0056_0043_0028_0028.jpg 1 56 43 28 28
0539_0024_0037_0055_0055.jpg 1 24 37 55 55
0540_0014_0004_0067_0067.jpg 1 14 4 67 67
0541_0031_0035_0060_0060.jpg 1 31 35 60 60
0542_0007_0010_0028_0028.jpg 1 7 10 28 28
0543_0017_0025_0053_0053.jpg 1 17 25 53 53
0544_0009_0030_0065_0065.jpg 1 9 30 65 65
0545_0027_0019_0066_0066.jpg 1 27 19 66 66
0546_0013_0004_0066_0066.jpg 1 13 4 66 66
0547_0033_0039_0037_0037.jpg 1 33 39 37 37
0548_0053_0029_0035_0035.jpg 1 53 29 35 35
0549_0012_0029_0035_0035.jpg 1 12 29 35 35
0550_0050_0040_0028_0028.jpg 1 50 40 28 28
0551_0024_0016_0059_0059.jpg 1 24 16 59 59
0552_0010_0045_0035_0035.jpg 1 10 45 35 35
0553_0018_0030_0064_0064.jpg 1 18 30 64 64
0554_0056_0033_0032_0032.jpg 1 56 33 32 32
0555_0016_0038_0045_0045.jpg 1 16 38 45 45
0556_0040_0040_0039_0039.jpg 1 40 40 39 39
0557_0024_0022_0029_0029.jpg 1 24 22 29 29
0558_0008_0019_0045_0045.jpg 1 8 19 45 45
0559_0019_0053_0040_0040.jpg 1 19 53 40 40
0560_0014_0007_0062_0062.jpg 1 14 7 62 62
0561_0043_0013_0052_0052.jpg 1 43 13 52 52
0562_0006_0042_0052_0052.jpg 1 6 42 52 52
0563_0039_0005_0054_0054.jpg 1 39 5 54 54
0564_0030_0022_0057_0057.jpg 1 30 22 57 57
0565_0053_0012_0031_0031.jpg 1 53 12 31 31
0566_0027_0023_0039_0039.jpg 1 27 23 39 39
0567_0024_0016_0040_0040.jpg 1 24 16 40 40
0568_0012_0018_0060_0060.jpg 1 12 18 60 60
0569_0042_0059_0030_0030.jpg 1 42 59 30 30
0570_0025_0008_0055_0055.jpg 1 25 8 55 55
0571_0048_0038_0039_0039.jpg 1 48 38 39 39
0572_0014_0032_0064_0064.jpg 1 14 32 64 64
0573_0034_0007_0055_0055.jpg 1 34 7 55 55
0574_0014_0012_0067_0067.jpg 1 14 12 67 67
0575_0036_0023_0041_0041.jpg 1 36 23 41 41
0576_0014_0023_0053_0053.jpg 1 14 23 53 53
0577_0025_0007_0035_0035.jpg 1 25 7 35 35
0578_0025_0026_0059_0059.jpg 1 25 26 59 59
0579_0031_0014_0064_0064.jpg 1 31 14 64 64
0580_0051_0049_0036_0036.jpg 1 51 49 36 36
0581_0022_0028_0060_0060.jpg 1 22 28 60 60
0582_0024_0014_0040_0040.jpg 1 24 14 40 40
0583_0022_0062_0027_0027.jpg 1 22 62 27 27
0584_0038_0037_0047_0047.jpg 1 38 37 47 47
0585_0032_0027_0033_0033.jpg 1 32 27 33 33
0586_0042_0005_0048_0048.jpg 1 42 5 48 48
0587_0011_0009_0046_0046.jpg 1 11 9 46 46
0588_0012_0007_0059_0059.jpg 1 12 7 59 59
0589_0022_0010_0067_0067.jpg 1 22 10 67 67
0590_0030_0008_0057_0057.jpg 1 30 8 57 57
0591_0023_0014_0045_0045.jpg 1 23 14 45 45
0592_0021_0028_0042_0042.jpg 1 21 28 42 42
0593_0025_0011_0069_0069.jpg 1 25 11 69 69
0594_0026_0037_0057_0057.jpg 1 26 37 57 57
0595_0005_0019_0062_0062.jpg 1 5 19 62 62
0596_0009_0024_0064_0064.jpg 1 9 24 64 64
0597_0024_0035_0045_0045.jpg 1 24 35 45 45
0598_0021_0011_0063_0063.jpg 1 21 11 63 63
0599_0015_0014_0035_0035.jpg 1 15 14 35 35
0600_0051_0008_0029_0029.jpg 1 51 8 29 29
0601_0038_0035_0052_0052.jpg 1 38 35 52 52
0602_0005_0014_0068_0068.jpg 1 5 14 68 68
0603_0021_0020_0043_0043.jpg 1 21 20 43 43
0604_0059_0013_0029_0029.jpg 1 59 13 29 29
0605_0029_0025_0064_0064.jpg 1 29 25 64 64
0606_0037_0008_0038_0038.jpg 1 37 8 38 38
0607_0008_0015_0069_0069.jpg 1 8 15 69 69
0608_0006_0010_0050_0050.jpg 1 6 10 50 50
0609_0016_0013_0058_0058.jpg 1 16 13 58 58
0610_0055_0008_0036_0036.jpg 1 55 8 36 36
0611_0023_0040_0025_0025.jpg 1 23 40 25 25
0612_0036_0047_0030_0030.jpg 1 36 47 30 30
0613_0021_0020_0024_0024.jpg 1 21 20 24 24
0614_0023_0026_0035_0035.jpg 1 23 26 35 35
0615_0013_0032_0056_0056.jpg 1 13 32 56 56
0616_0026_0005_0054_0054.jpg 1 26 5 54 54
0617_0028_0025_0045_0045.jpg 1 28 25 45 45
0618_0055_0058_0026_0026.jpg 1 55 58 26 26
0619_0011_0025_0067_0067.jpg 1 11 25 67 67
0620_0025_0048_0044_0044.jpg 1 25 48 44 44
0621_0039_0026_0045_0045.jpg 1 39 26 45 45
0622_0018_0007_0065_0065.jpg 1 18 7 65 65
0623_0023_0033_0054_0054.jpg 1 23 33 54 54
0624_0005_0037_0053_0053.jpg 1 5 37 53 53
0625_0018_0034_0057_0057.jpg 1 18 34 57 57
0626_0052_0034_0033_0033.jpg 1 52 34 33 33
0627_0019_0037_0046_0046.jpg 1 19 37 46 46
0628_0033_0007_0052_0052.jpg 1 33 7 52 52
0629_0026_0021_0069_0069.jpg 1 26 21 69 69
0630_0038_0022_0038_0038.jpg 1 38 22 38 38
0631_0013_0025_0068_0068.jpg 1 13 25 68 68
0632_0032_0021_0062_0062.jpg 1 32 21 62 62
0633_0044_0017_0048_0048.jpg 1 44 17 48 48
0634_0034_0017_0058_0058.jpg 1 34 17 58 58
0635_0041_0037_0033_0033.jpg 1 41 37 33 33
0636_0048_0007_0041_0041.jpg 1 48 7 41 41
0637_0016_0017_0040_0040.jpg 1 16 17 40 40
0638_0015_0045_0048_0048.jpg 1 15 45 48 48
0639_0046_0045_0047_0047.jpg 1 46 45 47 47
0640_0005_0012_0066_0066.jpg 1 5 12 66 66
0641_0011_0005_0069_0069.jpg 1 11 5 69 69
0642_0030_0019_0040_0040.jpg 1 30 19 40 40
0643_0028_0012_0067_0067.jpg 1 28 12 67 67
0644_0016_0010_0041_0041.jpg 1 16 10 41 41
0645_0023_0019_0033_0033.jpg 1 23 19 33 33
0646_0025_0005_0066_0066.jpg 1 25 5 66 66
0647_0026_0027_0053_0053.jpg 1 26 27 53 53
0648_0050_0019_0040_0040.jpg 1 50 19 40 40
0649_0033_0026_0048_0048.jpg 1 33 26 48 48
0650_0012_0023_0028_0028.jpg 1 12 23 28 28
0651_0037_0015_0042_0042.jpg 1 37 15 42 42
0652_0034_0018_0055_0055.jpg 1 34 18 55 55
0653_0055_0038_0029_0029.jpg 1 55 38 29 29
0654_0030_0028_0045_0045.jpg 1 30 28 45 45
0655_0024_0021_0054_0054.jpg 1 24 21 54 54
0656_0045_0018_0041_0041.jpg 1 45 18 41 41
0657_0021_0004_0066_0066.jpg 1 21 4 66 66
0658_0037_0009_0056_0056.jpg 1 37 9 56 56
0659_0017_0028_0031_0031.jpg 1 17 28 31 31
0660_0008_0014_0057_0057.jpg 1 8 14 57 57
0661_0038_0032_0051_0051.jpg 1 38 32 51 51
0662_0011_0022_0069_0069.jpg 1 11 22 69 69
0663_0033_0023_0033_0033.jpg 1 33 23 33 33
0664_0029_0018_0026_0026.jpg 1 29 18 26 26
0665_0029_0026_0062_0062.jpg 1 29 26 62 62
0666_0010_0004_0065_0065.jpg 1 10 4 65 65
0667_0005_0029_0050_0050.jpg 1 5 29 50 50
0668_0033_0025_0058_0058.jpg 1 33 25 58 58
0669_0035_0042_0048_0048.jpg 1 35 42 48 48
0670_0004_0031_0062_0062.jpg 1 4 31 62 62
0671_0012_0010_0044_0044.jpg 1 12 10 44 44
0672_0047_0020_0030_0030.jpg 1 47 20 30 30
0673_0029_0027_0064_0064.jpg 1 29 27 64 64
0674_0010_0015_0063_0063.jpg 1 10 15 63 63
0675_0005_0031_0063_0063.jpg 1 5 31 63 63
0676_0039_0007_0044_0044.jpg 1 39 7 44 44
0677_0032_0035_0046_0046.jpg 1 32 35 46 46
0678_0009_0030_0066_0066.jpg 1 9 30 66 66
0679_0014_0012_0055_0055.jpg 1 14 12 55 55
0680_0031_0046_0029_0029.jpg 1 31 46 29 29
0681_0011_0026_0060_0060.jpg 1 11 26 60 60
0682_0019_0021_0066_0066.jpg 1 19 21 66 66
0683_0012_0008_0060_0060.jpg 1 12 8 60 60
0684_0048_0054_0038_0038.jpg 1 48 54 38 38
0685_0018_0032_0060_0060.jpg 1 18 32 60 60
0686_0014_0040_0053_0053.jpg 1 14 40 53 53
0687_0026_0015_0045_0045.jpg 1 26 15 45 45
0688_0024_0019_0055_0055.jpg 1 24 19 55 55
0689_0028_0016_0059_0059.jpg 1 28 16 59 59
0690_0033_0022_0045_0045.jpg 1 33 22 45 45
0691_0018_0032_0054_0054.jpg 1 18 32 54 54
0692_0016_0012_0050_0050.jpg 1 16 12 50 50
0693_0045_0010_0046_0046.jpg 1 45 10 46 46
0694_0036_0048_0031_0031.jpg 1 36 48 31 31
0695_0011_0029_0048_0048.jpg 1 11 29 48 48
0696_0010_0033_0035_0035.jpg 1 10 33 35 35
0697_0025_0012_0064_0064.jpg 1 25 12 64 64
0698_0007_0028_0053_0053.jpg 1 7 28 53 53
0699_0007_0033_0040_0040.jpg 1 7 33 40 40
0700_0018_0046_0044_0044.jpg 1 18 46 44 44
0701_0019_0042_0037_0037.jpg 1 19 42 37 37
0702_0051_0008_0038_0038.jpg 1 51 8 38 38
0703_0011_0014_0060_0060.jpg 1 11 14 60 60
0704_0005_0039_0050_0050.jpg 1 5 39 50 50
0705_0046_0043_0028_0028.jpg 1 46 43 28 28
0706_0006_0038_0056_0056.jpg 1 6 38 56 56
0707_0037_0016_0051_0051.jpg 1 37 16 51 51
0708_0015_0025_0058_0058.jpg 1 15 25 58 58
0709_0054_0060_0026_0026.jpg 1 54 60 26 26
0710_0040_0032_0026_0026.jpg 1 40 32 26 26
0711_0051_0008_0042_0042.jpg 1 51 8 42 42
0712_0050_0032_0041_0041.jpg 1 50 32 41 41
0713_0034_0039_0051_0051.jpg 1 34 39 51 51
0714_0044_0040_0041_0041.jpg 1 44 40 41 41
0715_0007_0032_0061_0061.jpg 1 7 32 61 61
0716_0053_0046_0026_0026.jpg 1 53 46 26 26
0717_0051_0049_0040_0040.jpg 1 51 49 40 40
0718_0011_0008_0057_0057.jpg 1 11 8 57 57
0719_0008_0018_0043_0043.jpg 1 8 18 43 43
0720_0013_0012_0050_0050.jpg 1 13 12 50 50
0721_0015_0008_0048_0048.jpg 1 15 8 48 48
0722_0019_0044_0045_0045.jpg 1 19 44 45 45
0723_0015_0025_0041_0041.jpg 1 15 25 41 41
0724_0026_0011_0063_0063.jpg 1 26 11 63 63
0725_0017_0052_0035_0035.jpg 1 17 52 35 35
0726_0028_0018_0065_0065.jpg 1 28 18 65 65
0727_0046_0043_0044_0044.jpg 1 46 43 44 44
0728_0042_0029_0042_0042.jpg 1 42 29 42 42
0729_0011_0015_0067_0067.jpg 1 11 15 67 67
0730_0018_0021_0059_0059.jpg 1 18 21 59 59
0731_0013_0023_0030_0030.jpg 1 13 23 30 30
0732_0024_0033_0063_0063.jpg 1 24 33 63 63
0733_0028_0016_0062_0062.jpg 1 28 16 62 62
0734_0022_0012_0055_0055.jpg 1 22 12 55 55
0735_0049_0026_0041_0041.jpg 1 49 26 41 41
0736_0027_0022_0052_0052.jpg 1 27 22 52 52
0737_0021_0035_0046_0046.jpg 1 21 35 46 46
0738_0047_0014_0041_0041.jpg 1 47 14 41 41
0739_0016_0015_0038_0038.jpg 1 16 15 38 38
0740_0037_0029_0037_0037.jpg 1 37 29 37 37
0741_0041_0021_0047_0047.jpg 1 41 21 47 47
0742_0019_0034_0027_0027.jpg 1 19 34 27 27
0743_0036_0022_0055_0055.jpg 1 36 22 55 55
0744_0051_0029_0031_0031.jpg 1 51 29 31 31
0745_0017_0049_0031_0031.jpg 1 17 49 31 31
0746_0046_0015_0024_0024.jpg 1 46 15 24 24
0747_0013_0027_0050_0050.jpg 1 13 27 50 50
0748_0030_0029_0058_0058.jpg 1 30 29 58 58
0749_0011_0043_0038_0038.jpg 1 11 43 38 38
0750_0016_0028_0048_0048.jpg 1 16 28 48 48
0751_0016_0005_0067_0067.jpg 1 16 5 67 67
0752_0020_0023_0039_0039.jpg 1 20 23 39 39
0753_0013_0028_0068_0068.jpg 1 13 28 68 68
0754_0015_0021_0062_0062.jpg 1 15 21 62 62
0755_0011_0029_0035_0035.jpg 1 11 29 35 35
0756_0044_0044_0038_0038.jpg 1 44 44 38 38
0757_0049_0036_0038_0038.jpg 1 49 36 38 38
0758_0040_0031_0045_0045.jpg 1 40 31 45 45
0759_0012_0045_0032_0032.jpg 1 12 45 32 32
0760_0036_0029_0053_0053.jpg 1 36 29 53 53
0761_0026_0006_0041_0041.jpg 1 26 6 41 41
0762_0015_0046_0038_0038.jpg 1 15 46 38 38
0763_0041_0009_0035_0035.jpg 1 41 9 35 35
0764_0004_0011_0066_0066.jpg 1 4 11 66 66
0765_0052_0043_0034_0034.jpg 1 52 43 34 34
0766_0004_0015_0060_0060.jpg 1 4 15 60 60
0767_0014_0053_0026_0026.jpg 1 14 53 26 26
0768_0020_0024_0069_0069.jpg 1 20 24 69 69
0769_0038_0034_0032_0032.jpg 1 38 34 32 32
0770_0011_0007_0061_0061.jpg 1 11 7 61 61
0771_0035_0037_0050_0050.jpg 1 35 37 50 50
0772_0029_0034_0056_0056.jpg 1 29 34 56 56
0773_0019_0022_0059_0059.jpg 1 19 22 59 59
0774_0043_0020_0051_0051.jpg 1 43 20 51 51
0775_0006_0028_0068_0068.jpg 1 6 28 68 68
0776_0038_0036_0035_0035.jpg 1 38 36 35 35
0777_0016_0006_0057_0057.jpg 1 16 6 57 57
0778_0037_0026_0046_0046.jpg 1 37 26 46 46
0779_0040_0030_0048_0048.jpg 1 40 30 48 48
0780_0013_0006_0056_0056.jpg 1 13 6 56 56
0781_0015_0026_0060_0060.jpg 1 15 26 60 60
0782_0022_0018_0039_0039.jpg 1 22 18 39 39
0783_0017_0015_0044_0044.jpg 1 17 15 44 44
0784_0027_0035_0037_0037.jpg 1 27 35 37 37
0785_0042_0015_0024_0024.jpg 1 42 15 24 24
0786_0012_0021_0065_0065.jpg 1 12 21 65 65
0787_0032_0005_0056_0056.jpg 1 32 5 56 56
0788_0029_0045_0031_0031.jpg 1 29 45 31 31
0789_0010_0028_0028_0028.jpg 1 10 28 28 28
0790_0031_0032_0059_0059.jpg 1 31 32 59 59
0791_0014_0014_0026_0026.jpg 1 14 14 26 26
0792_0024_0023_0068_0068.jpg 1 24 23 68 68
0793_0047_0057_0030_0030.jpg 1 47 57 30 30
0794_0020_0017_0049_0049.jpg 1 20 17 49 49
0795_0024_0023_0035_0035.jpg 1 24 23 35 35
0796_0054_0042_0036_0036.jpg 1 54 42 36 36
0797_0047_0008_0031_0031.jpg 1 47 8 31 31
0798_0019_0034_0036_0036.jpg 1 19 34 36 36
0799_0025_0027_0067_0067.jpg 1 25 27 67 67
0800_0006_0039_0048_0048.jpg 1 6 39 48 48
