0001_0039_0014_0047_0047.jpg 1 39 14 47 47
0002_0036_0038_0052_0052.jpg 1 36 38 52 52
0003_0017_0022_0044_0044.jpg 1 17 22 44 44
0004_0022_0042_0049_0049.jpg 1 22 42 49 49
0005_0026_0034_0049_0049.jpg 1 26 34 49 49
0006_0010_0006_0065_0065.jpg 1 10 6 65 65
0007_0024_0039_0053_0053.jpg 1 24 39 53 53
0008_0020_0033_0044_0044.jpg 1 20 33 44 44
0009_0018_0031_0060_0060.jpg 1 18 31 60 60
0010_0031_0035_0054_0054.jpg 1 31 35 54 54
0011_0052_0049_0027_0027.jpg 1 52 49 27 27
0012_0067_0041_0025_0025.jpg 1 67 41 25 25
0013_0017_0033_0059_0059.jpg 1 17 33 59 59
0014_0010_0016_0062_0062.jpg 1 10 16 62 62
0015_0036_0029_0028_0028.jpg 1 36 29 28 28
0016_0050_0019_0029_0029.jpg 1 50 19 29 29
0017_0019_0011_0062_0062.jpg 1 19 11 62 62
0018_0030_0026_0041_0041.jpg 1 30 26 41 41
0019_0014_0029_0029_0029.jpg 1 14 29 29 29
0020_0034_0024_0050_0050.jpg 1 34 24 50 50
0021_0007_0016_0065_0065.jpg 1 7 16 65 65
0022_0052_0009_0037_0037.jpg 1 52 9 37 37
0023_0003_0012_0067_0067.jpg 1 3 12 67 67
0024_0023_0021_0025_0025.jpg 1 23 21 25 25
0025_0012_0016_0038_0038.jpg 1 12 16 38 38
0026_0048_0045_0042_0042.jpg 1 48 45 42 42
0027_0038_0042_0038_0038.jpg 1 38 42 38 38
0028_0052_0045_0025_0025.jpg 1 52 45 25 25
0029_0017_0040_0035_0035.jpg 1 17 40 35 35
0030_0015_0010_0069_0069.jpg 1 15 10 69 69
0031_0021_0027_0064_0064.jpg 1 21 27 64 64
0032_0037_0040_0031_0031.jpg 1 37 40 31 31
0033_0047_0036_0032_0032.jpg 1 47 36 32 32
0034_0009_0010_0033_0033.jpg 1 9 10 33 33
0035_0030_0035_0040_0040.jpg 1 30 35 40 40
0036_0014_0040_0049_0049.jpg 1 14 40 49 49
0037_0012_0020_0042_0042.jpg 1 12 20 42 42
0038_0046_0029_0024_0024.jpg 1 46 29 24 24
0039_0027_0029_0050_0050.jpg 1 27 29 50 50
0040_0028_0050_0037_0037.jpg 1 28 50 37 37
0041_0024_0028_0068_0068.jpg 1 24 28 68 68
0042_0006_0018_0050_0050.jpg 1 6 18 50 50
0043_0040_0023_0050_0050.jpg 1 40 23 50 50
0044_0026_0042_0026_0026.jpg 1 26 42 26 26
0045_0020_0014_0035_0035.jpg 1 20 14 35 35
0046_0028_0031_0060_0060.jpg 1 28 31 60 60
0047_0025_0010_0065_0065.jpg 1 25 10 65 65
0048_0018_0022_0067_0067.jpg 1 18 22 67 67
0049_0047_0006_0039_0039.jpg 1 47 6 39 39
0050_0032_0015_0056_0056.jpg 1 32 15 56 56
0051_0009_0049_0041_0041.jpg 1 9 49 41 41
0052_0034_0038_0028_0028.jpg 1 34 38 28 28
0053_0012_0009_0055_0055.jpg 1 12 9 55 55
0054_0031_0008_0053_0053.jpg 1 31 8 53 53
0055_0025_0009_0067_0067.jpg 1 25 9 67 67
0056_0022_0014_0058_0058.jpg 1 22 14 58 58
0057_0033_0042_0041_0041.jpg 1 33 42 41 41
0058_0012_0032_0046_0046.jpg 1 12 32 46 46
0059_0018_0021_0034_0034.jpg 1 18 21 34 34
0060_0008_0057_0030_0030.jpg 1 8 57 30 30
0061_0007_0018_0068_0068.jpg 1 7 18 68 68
0062_0019_0032_0056_0056.jpg 1 19 32 56 56
0063_0043_0006_0044_0044.jpg 1 43 6 44 44
0064_0005_0004_0067_0067.jpg 1 5 4 67 67
0065_0019_0020_0027_0027.jpg 1 19 20 27 27
0066_0004_0005_0054_0054.jpg 1 4 5 54 54
0067_0045_0036_0029_0029.jpg 1 45 36 29 29
0068_0047_0007_0039_0039.jpg 1 47 7 39 39
0069_0018_0017_0061_0061.jpg 1 18 17 61 61
0070_0022_0022_0053_0053.jpg 1 22 22 53 53
0071_0024_0014_0068_0068.jpg 1 24 14 68 68
0072_0017_0056_0036_0036.jpg 1 17 56 36 36
0073_0025_0037_0054_0054.jpg 1 25 37 54 54
0074_0028_0020_0061_0061.jpg 1 28 20 61 61
0075_0035_0033_0061_0061.jpg 1 35 33 61 61
0076_0046_0029_0037_0037.jpg 1 46 29 37 37
0077_0023_0007_0033_0033.jpg 1 23 7 33 33
0078_0027_0023_0040_0040.jpg 1 27 23 40 40
0079_0050_0015_0038_0038.jpg 1 50 15 38 38
0080_0041_0040_0046_0046.jpg 1 41 40 46 46
0081_0019_0032_0059_0059.jpg 1 19 32 59 59
0082_0032_0037_0024_0024.jpg 1 32 37 24 24
0083_0010_0018_0034_0034.jpg 1 10 18 34 34
0084_0006_0014_0054_0054.jpg 1 6 14 54 54
0085_0037_0032_0044_0044.jpg 1 37 32 44 44
0086_0032_0031_0044_0044.jpg 1 32 31 44 44
0087_0015_0010_0044_0044.jpg 1 15 10 44 44
0088_0030_0008_0062_0062.jpg 1 30 8 62 62
0089_0016_0024_0062_0062.jpg 1 16 24 62 62
0090_0059_0046_0030_0030.jpg 1 59 46 30 30
0091_0007_0030_0047_0047.jpg 1 7 30 47 47
0092_0009_0004_0056_0056.jpg 1 9 4 56 56
0093_0027_0024_0059_0059.jpg 1 27 24 59 59
0094_0042_0021_0033_0033.jpg 1 42 21 33 33
0095_0007_0047_0035_0035.jpg 1 7 47 35 35
0096_0027_0038_0049_0049.jpg 1 27 38 49 49
0097_0043_0029_0032_0032.jpg 1 43 29 32 32
0098_0008_0021_0066_0066.jpg 1 8 21 66 66
0099_0055_0037_0034_0034.jpg 1 55 37 34 34
0100_0021_0021_0065_0065.jpg 1 21 21 65 65
0101_0055_0007_0029_0029.jpg 1 55 7 29 29
0102_0017_0029_0036_0036.jpg 1 17 29 36 36
0103_0029_0030_0041_0041.jpg 1 29 30 41 41
0104_0051_0032_0039_0039.jpg 1 51 32 39 39
0105_0008_0009_0057_0057.jpg 1 8 9 57 57
0106_0035_0009_0058_0058.jpg 1 35 9 58 58
0107_0011_0043_0041_0041.jpg 1 11 43 41 41
0108_0037_0046_0032_0032.jpg 1 37 46 32 32
0109_0026_0013_0062_0062.jpg 1 26 13 62 62
0110_0004_0022_0064_0064.jpg 1 4 22 64 64
0111_0019_0025_0024_0024.jpg 1 19 25 24 24
0112_0030_0049_0038_0038.jpg 1 30 49 38 38
0113_0026_0037_0024_0024.jpg 1 26 37 24 24
0114_0009_0033_0035_0035.jpg 1 9 33 35 35
0115_0029_0028_0063_0063.jpg 1 29 28 63 63
0116_0033_0041_0029_0029.jpg 1 33 41 29 29
0117_0033_0021_0061_0061.jpg 1 33 21 61 61
0118_0039_0008_0033_0033.jpg 1 39 8 33 33
0119_0017_0033_0053_0053.jpg 1 17 33 53 53
0120_0018_0009_0066_0066.jpg 1 18 9 66 66
0121_0025_0031_0057_0057.jpg 1 25 31 57 57
0122_0012_0009_0066_0066.jpg 1 12 9 66 66
0123_0015_0041_0028_0028.jpg 1 15 41 28 28
0124_0010_0007_0059_0059.jpg 1 10 7 59 59
0125_0008_0016_0033_0033.jpg 1 8 16 33 33
0126_0038_0030_0056_0056.jpg 1 38 30 56 56
0127_0013_0028_0036_0036.jpg 1 13 28 36 36
0128_0024_0017_0037_0037.jpg 1 24 17 37 37
0129_0028_0027_0046_0046.jpg 1 28 27 46 46
0130_0047_0018_0028_0028.jpg 1 47 18 28 28
0131_0039_0023_0052_0052.jpg 1 39 23 52 52
0132_0044_0032_0043_0043.jpg 1 44 32 43 43
0133_0019_0004_0051_0051.jpg 1 19 4 51 51
0134_0051_0041_0040_0040.jpg 1 51 41 40 40
0135_0014_0021_0051_0051.jpg 1 14 21 51 51
0136_0043_0018_0031_0031.jpg 1 43 18 31 31
0137_0059_0015_0033_0033.jpg 1 59 15 33 33
0138_0059_0062_0028_0028.jpg 1 59 62 28 28
0139_0023_0016_0047_0047.jpg 1 23 16 47 47
0140_0060_0044_0030_0030.jpg 1 60 44 30 30
0141_0032_0056_0034_0034.jpg 1 32 56 34 34
0142_0023_0028_0047_0047.jpg 1 23 28 47 47
0143_0004_0017_0056_0056.jpg 1 4 17 56 56
0144_0007_0014_0039_0039.jpg 1 7 14 39 39
0145_0014_0023_0068_0068.jpg 1 14 23 68 68
0146_0029_0043_0050_0050.jpg 1 29 43 50 50
0147_0006_0038_0047_0047.jpg 1 6 38 47 47
0148_0010_0027_0042_0042.jpg 1 10 27 42 42
0149_0030_0020_0041_0041.jpg 1 30 20 41 41
0150_0017_0033_0032_0032.jpg 1 17 33 32 32
0151_0034_0029_0030_0030.jpg 1 34 29 30 30
0152_0033_0025_0051_0051.jpg 1 33 25 51 51
0153_0019_0004_0061_0061.jpg 1 19 4 61 61
0154_0022_0020_0051_0051.jpg 1 22 20 51 51
0155_0014_0013_0049_0049.jpg 1 14 13 49 49
0156_0021_0063_0029_0029.jpg 1 21 63 29 29
0157_0016_0027_0069_0069.jpg 1 16 27 69 69
0158_0008_0038_0040_0040.jpg 1 8 38 40 40
0159_0025_0029_0043_0043.jpg 1 25 29 43 43
0160_0021_0023_0041_0041.jpg 1 21 23 41 41
0161_0049_0030_0035_0035.jpg 1 49 30 35 35
0162_0035_0026_0043_0043.jpg 1 35 26 43 43
0163_0007_0023_0065_0065.jpg 1 7 23 65 65
0164_0061_0026_0030_0030.jpg 1 61 26 30 30
0165_0037_0030_0031_0031.jpg 1 37 30 31 31
0166_0018_0022_0069_0069.jpg 1 18 22 69 69
0167_0022_0031_0062_0062.jpg 1 22 31 62 62
0168_0007_0027_0053_0053.jpg 1 7 27 53 53
0169_0023_0022_0050_0050.jpg 1 23 22 50 50
0170_0023_0009_0039_0039.jpg 1 23 9 39 39
0171_0022_0033_0029_0029.jpg 1 22 33 29 29
0172_0022_0013_0066_0066.jpg 1 22 13 66 66
0173_0035_0005_0056_0056.jpg 1 35 5 56 56
0174_0031_0012_0027_0027.jpg 1 31 12 27 27
0175_0050_0043_0043_0043.jpg 1 50 43 43 43
0176_0032_0019_0031_0031.jpg 1 32 19 31 31
0177_0009_0015_0055_0055.jpg 1 9 15 55 55
0178_0022_0015_0050_0050.jpg 1 22 15 50 50
0179_0021_0012_0068_0068.jpg 1 21 12 68 68
0180_0007_0008_0060_0060.jpg 1 7 8 60 60
0181_0013_0022_0069_0069.jpg 1 13 22 69 69
0182_0006_0006_0063_0063.jpg 1 6 6 63 63
0183_0030_0021_0054_0054.jpg 1 30 21 54 54
0184_0012_0015_0034_0034.jpg 1 12 15 34 34
0185_0019_0013_0058_0058.jpg 1 19 13 58 58
0186_0019_0042_0046_0046.jpg 1 19 42 46 46
0187_0053_0060_0027_0027.jpg 1 53 60 27 27
0188_0038_0013_0057_0057.jpg 1 38 13 57 57
0189_0036_0034_0053_0053.jpg 1 36 34 53 53
0190_0028_0030_0065_0065.jpg 1 28 30 65 65
0191_0020_0006_0064_0064.jpg 1 20 6 64 64
0192_0035_0039_0055_0055.jpg 1 35 39 55 55
0193_0029_0031_0039_0039.jpg 1 29 31 39 39
0194_0024_0030_0065_0065.jpg 1 24 30 65 65
0195_0034_0018_0055_0055.jpg 1 34 18 55 55
0196_0038_0015_0042_0042.jpg 1 38 15 42 42
0197_0030_0029_0062_0062.jpg 1 30 29 62 62
0198_0023_0034_0047_0047.jpg 1 23 34 47 47
0199_0031_0029_0042_0042.jpg 1 31 29 42 42
0200_0035_0016_0038_0038.jpg 1 35 16 38 38
0201_0017_0062_0027_0027.jpg 1 17 62 27 27
0202_0015_0013_0049_0049.jpg 1 15 13 49 49
0203_0043_0030_0048_0048.jpg 1 43 30 48 48
0204_0011_0051_0026_0026.jpg 1 11 51 26 26
0205_0039_0037_0052_0052.jpg 1 39 37 52 52
0206_0039_0035_0051_0051.jpg 1 39 35 51 51
0207_0055_0057_0027_0027.jpg 1 55 57 27 27
0208_0006_0039_0042_0042.jpg 1 6 39 42 42
0209_0015_0006_0064_0064.jpg 1 15 6 64 64
0210_0031_0040_0040_0040.jpg 1 31 40 40 40
0211_0007_0013_0063_0063.jpg 1 7 13 63 63
0212_0049_0049_0041_0041.jpg 1 49 49 41 41
0213_0027_0044_0039_0039.jpg 1 27 44 39 39
0214_0032_0020_0037_0037.jpg 1 32 20 37 37
0215_0013_0016_0027_0027.jpg 1 13 16 27 27
0216_0055_0050_0024_0024.jpg 1 55 50 24 24
0217_0012_0026_0069_0069.jpg 1 12 26 69 69
0218_0056_0046_0037_0037.jpg 1 56 46 37 37
0219_0042_0034_0037_0037.jpg 1 42 34 37 37
0220_0042_0029_0029_0029.jpg 1 42 29 29 29
0221_0050_0041_0041_0041.jpg 1 50 41 41 41
0222_0006_0027_0060_0060.jpg 1 6 27 60 60
0223_0015_0043_0046_0046.jpg 1 15 43 46 46
0224_0025_0015_0062_0062.jpg 1 25 15 62 62
0225_0036_0021_0059_0059.jpg 1 36 21 59 59
0226_0036_0009_0034_0034.jpg 1 36 9 34 34
0227_0024_0018_0050_0050.jpg 1 24 18 50 50
0228_0038_0005_0056_0056.jpg 1 38 5 56 56
0229_0008_0045_0037_0037.jpg 1 8 45 37 37
0230_0062_0044_0026_0026.jpg 1 62 44 26 26
0231_0011_0004_0067_0067.jpg 1 11 4 67 67
0232_0031_0034_0060_0060.jpg 1 31 34 60 60
0233_0024_0027_0045_0045.jpg 1 24 27 45 45
0234_0016_0013_0050_0050.jpg 1 16 13 50 50
0235_0042_0015_0050_0050.jpg 1 42 15 50 50
0236_0008_0018_0064_0064.jpg 1 8 18 64 64
0237_0026_0019_0061_0061.jpg 1 26 19 61 61
0238_0049_0037_0043_0043.jpg 1 49 37 43 43
0239_0018_0038_0053_0053.jpg 1 18 38 53 53
0240_0028_0006_0051_0051.jpg 1 28 6 51 51
0241_0007_0017_0057_0057.jpg 1 7 17 57 57
0242_0028_0022_0061_0061.jpg 1 28 22 61 61
0243_0023_0033_0059_0059.jpg 1 23 33 59 59
0244_0011_0042_0034_0034.jpg 1 11 42 34 34
0245_0030_0045_0044_0044.jpg 1 30 45 44 44
0246_0029_0032_0031_0031.jpg 1 29 32 31 31
0247_0004_0020_0061_0061.jpg 1 4 20 61 61
0248_0048_0049_0043_0043.jpg 1 48 49 43 43
0249_0028_0009_0057_0057.jpg 1 28 9 57 57
0250_0009_0030_0034_0034.jpg 1 9 30 34 34
0251_0032_0012_0051_0051.jpg 1 32 12 51 51
0252_0055_0027_0028_0028.jpg 1 55 27 28 28
0253_0046_0045_0042_0042.jpg 1 46 45 42 42
0254_0016_0006_0063_0063.jpg 1 16 6 63 63
0255_0012_0020_0065_0065.jpg 1 12 20 65 65
0256_0029_0031_0036_0036.jpg 1 29 31 36 36
0257_0053_0054_0036_0036.jpg 1 53 54 36 36
0258_0017_0010_0050_0050.jpg 1 17 10 50 50
0259_0048_0010_0042_0042.jpg 1 48 10 42 42
0260_0026_0019_0067_0067.jpg 1 26 19 67 67
0261_0055_0035_0030_0030.jpg 1 55 35 30 30
0262_0030_0031_0059_0059.jpg 1 30 31 59 59
0263_0019_0023_0050_0050.jpg 1 19 23 50 50
0264_0010_0036_0042_0042.jpg 1 10 36 42 42
0265_0009_0058_0035_0035.jpg 1 9 58 35 35
0266_0048_0018_0025_0025.jpg 1 48 18 25 25
0267_0050_0028_0035_0035.jpg 1 50 28 35 35
0268_0012_0014_0033_0033.jpg 1 12 14 33 33
0269_0031_0050_0037_0037.jpg 1 31 50 37 37
0270_0016_0011_0048_0048.jpg 1 16 11 48 48
0271_0028_0006_0068_0068.jpg 1 28 6 68 68
0272_0022_0015_0030_0030.jpg 1 22 15 30 30
0273_0023_0031_0053_0053.jpg 1 23 31 53 53
0274_0029_0042_0052_0052.jpg 1 29 42 52 52
0275_0052_0056_0025_0025.jpg 1 52 56 25 25
0276_0008_0038_0033_0033.jpg 1 8 38 33 33
0277_0006_0023_0062_0062.jpg 1 6 23 62 62
0278_0004_0017_0063_0063.jpg 1 4 17 63 63
0279_0024_0030_0058_0058.jpg 1 24 30 58 58
0280_0029_0009_0054_0054.jpg 1 29 9 54 54
0281_0013_0021_0057_0057.jpg 1 13 21 57 57
0282_0027_0027_0053_0053.jpg 1 27 27 53 53
0283_0016_0005_0064_0064.jpg 1 16 5 64 64
0284_0025_0038_0031_0031.jpg 1 25 38 31 31
0285_0020_0020_0059_0059.jpg 1 20 20 59 59
0286_0030_0038_0056_0056.jpg 1 30 38 56 56
0287_0006_0014_0048_0048.jpg 1 6 14 48 48
0288_0048_0028_0041_0041.jpg 1 48 28 41 41
0289_0026_0009_0049_0049.jpg 1 26 9 49 49
0290_0052_0029_0028_0028.jpg 1 52 29 28 28
0291_0024_0045_0031_0031.jpg 1 24 45 31 31
0292_0024_0025_0060_0060.jpg 1 24 25 60 60
0293_0026_0013_0041_0041.jpg 1 26 13 41 41
0294_0020_0040_0049_0049.jpg 1 20 40 49 49
0295_0027_0021_0024_0024.jpg 1 27 21 24 24
0296_0017_0010_0041_0041.jpg 1 17 10 41 41
0297_0022_0022_0040_0040.jpg 1 22 22 40 40
0298_0056_0030_0028_0028.jpg 1 56 30 28 28
0299_0044_0016_0027_0027.jpg 1 44 16 27 27
0300_0017_0023_0068_0068.jpg 1 17 23 68 68
0301_0030_0038_0038_0038.jpg 1 30 38 38 38
0302_0020_0020_0064_0064.jpg 1 20 20 64 64
0303_0049_0031_0044_0044.jpg 1 49 31 44 44
0304_0018_0005_0042_0042.jpg 1 18 5 42 42
0305_0027_0016_0068_0068.jpg 1 27 16 68 68
0306_0046_0035_0044_0044.jpg 1 46 35 44 44
0307_0008_0005_0069_0069.jpg 1 8 5 69 69
0308_0032_0030_0050_0050.jpg 1 32 30 50 50
0309_0030_0046_0033_0033.jpg 1 30 46 33 33
0310_0038_0013_0040_0040.jpg 1 38 13 40 40
0311_0007_0021_0060_0060.jpg 1 7 21 60 60
0312_0036_0011_0058_0058.jpg 1 36 11 58 58
0313_0024_0016_0044_0044.jpg 1 24 16 44 44
0314_0013_0046_0044_0044.jpg 1 13 46 44 44
0315_0009_0021_0033_0033.jpg 1 9 21 33 33
0316_0037_0019_0053_0053.jpg 1 37 19 53 53
0317_0026_0046_0040_0040.jpg 1 26 46 40 40
0318_0022_0012_0057_0057.jpg 1 22 12 57 57
0319_0013_0012_0028_0028.jpg 1 13 12 28 28
0320_0021_0018_0042_0042.jpg 1 21 18 42 42
0321_0025_0016_0054_0054.jpg 1 25 16 54 54
0322_0016_0035_0026_0026.jpg 1 16 35 26 26
0323_0038_0022_0027_0027.jpg 1 38 22 27 27
0324_0021_0004_0066_0066.jpg 1 21 4 66 66
0325_0009_0038_0052_0052.jpg 1 9 38 52 52
0326_0020_0012_0064_0064.jpg 1 20 12 64 64
0327_0057_0034_0033_0033.jpg 1 57 34 33 33
0328_0039_0035_0025_0025.jpg 1 39 35 25 25
0329_0031_0009_0054_0054.jpg 1 31 9 54 54
0330_0015_0034_0061_0061.jpg 1 15 34 61 61
0331_0026_0035_0058_0058.jpg 1 26 35 58 58
0332_0056_0020_0025_0025.jpg 1 56 20 25 25
0333_0024_0029_0031_0031.jpg 1 24 29 31 31
0334_0029_0054_0037_0037.jpg 1 29 54 37 37
0335_0020_0020_0061_0061.jpg 1 20 20 61 61
0336_0025_0032_0025_0025.jpg 1 25 32 25 25
0337_0051_0058_0026_0026.jpg 1 51 58 26 26
0338_0038_0010_0047_0047.jpg 1 38 10 47 47
0339_0016_0010_0056_0056.jpg 1 16 10 56 56
0340_0013_0011_0066_0066.jpg 1 13 11 66 66
0341_0065_0033_0026_0026.jpg 1 65 33 26 26
0342_0021_0042_0032_0032.jpg 1 21 42 32 32
0343_0030_0029_0060_0060.jpg 1 30 29 60 60
0344_0010_0031_0064_0064.jpg 1 10 31 64 64
0345_0013_0027_0039_0039.jpg 1 13 27 39 39
0346_0025_0011_0065_0065.jpg 1 25 11 65 65
0347_0023_0032_0051_0051.jpg 1 23 32 51 51
0348_0040_0018_0049_0049.jpg 1 40 18 49 49
0349_0039_0040_0036_0036.jpg 1 39 40 36 36
0350_0049_0055_0031_0031.jpg 1 49 55 31 31
0351_0020_0026_0068_0068.jpg 1 20 26 68 68
0352_0042_0010_0049_0049.jpg 1 42 10 49 49
0353_0022_0024_0062_0062.jpg 1 22 24 62 62
0354_0048_0043_0031_0031.jpg 1 48 43 31 31
0355_0014_0015_0028_0028.jpg 1 14 15 28 28
0356_0020_0022_0032_0032.jpg 1 20 22 32 32
0357_0020_0023_0061_0061.jpg 1 20 23 61 61
0358_0016_0062_0028_0028.jpg 1 16 62 28 28
0359_0010_0029_0056_0056.jpg 1 10 29 56 56
0360_0040_0019_0043_0043.jpg 1 40 19 43 43
0361_0029_0010_0040_0040.jpg 1 29 10 40 40
0362_0032_0034_0047_0047.jpg 1 32 34 47 47
0363_0035_0015_0059_0059.jpg 1 35 15 59 59
0364_0031_0016_0064_0064.jpg 1 31 16 64 64
0365_0025_0038_0056_0056.jpg 1 25 38 56 56
0366_0025_0058_0033_0033.jpg 1 25 58 33 33
0367_0057_0031_0032_0032.jpg 1 57 31 32 32
0368_0026_0034_0052_0052.jpg 1 26 34 52 52
0369_0031_0026_0048_0048.jpg 1 31 26 48 48
0370_0032_0011_0034_0034.jpg 1 32 11 34 34
0371_0034_0009_0046_0046.jpg 1 34 9 46 46
0372_0020_0025_0057_0057.jpg 1 20 25 57 57
0373_0039_0050_0035_0035.jpg 1 39 50 35 35
0374_0036_0015_0059_0059.jpg 1 36 15 59 59
0375_0017_0026_0056_0056.jpg 1 17 26 56 56
0376_0023_0006_0058_0058.jpg 1 23 6 58 58
0377_0012_0020_0038_0038.jpg 1 12 20 38 38
0378_0025_0024_0049_0049.jpg 1 25 24 49 49
0379_0045_0032_0043_0043.jpg 1 45 32 43 43
0380_0055_0049_0026_0026.jpg 1 55 49 26 26
0381_0029_0028_0066_0066.jpg 1 29 28 66 66
0382_0027_0035_0053_0053.jpg 1 27 35 53 53
0383_0018_0020_0053_0053.jpg 1 18 20 53 53
0384_0019_0020_0069_0069.jpg 1 19 20 69 69
0385_0020_0016_0025_0025.jpg 1 20 16 25 25
0386_0016_0028_0060_0060.jpg 1 16 28 60 60
0387_0024_0016_0038_0038.jpg 1 24 16 38 38
0388_0014_0043_0028_0028.jpg 1 14 43 28 28
0389_0008_0027_0057_0057.jpg 1 8 27 57 57
0390_0021_0051_0040_0040.jpg 1 21 51 40 40
0391_0035_0064_0025_0025.jpg 1 35 64 25 25
0392_0039_0059_0024_0024.jpg 1 39 59 24 24
0393_0061_0021_0028_0028.jpg 1 61 21 28 28
0394_0036_0038_0052_0052.jpg 1 36 38 52 52
0395_0011_0042_0050_0050.jpg 1 11 42 50 50
0396_0026_0006_0067_0067.jpg 1 26 6 67 67
0397_0009_0019_0030_0030.jpg 1 9 19 30 30
0398_0038_0050_0032_0032.jpg 1 38 50 32 32
0399_0027_0004_0067_0067.jpg 1 27 4 67 67
0400_0022_0043_0037_0037.jpg 1 22 43 37 37
0401_0008_0033_0061_0061.jpg 1 8 33 61 61
0402_0024_0035_0038_0038.jpg 1 24 35 38 38
0403_0003_0016_0064_0064.jpg 1 3 16 64 64
0404_0026_0018_0060_0060.jpg 1 26 18 60 60
0405_0061_0020_0031_0031.jpg 1 61 20 31 31
0406_0020_0022_0030_0030.jpg 1 20 22 30 30
0407_0042_0049_0035_0035.jpg 1 42 49 35 35
0408_0042_0021_0049_0049.jpg 1 42 21 49 49
0409_0007_0013_0028_0028.jpg 1 7 13 28 28
0410_0051_0026_0027_0027.jpg 1 51 26 27 27
0411_0045_0031_0028_0028.jpg 1 45 31 28 28
0412_0017_0009_0058_0058.jpg 1 17 9 58 58
0413_0021_0024_0069_0069.jpg 1 21 24 69 69
0414_0015_0021_0050_0050.jpg 1 15 21 50 50
0415_0006_0017_0060_0060.jpg 1 6 17 60 60
0416_0013_0021_0048_0048.jpg 1 13 21 48 48
0417_0026_0030_0026_0026.jpg 1 26 30 26 26
0418_0047_0012_0042_0042.jpg 1 47 12 42 42
0419_0040_0039_0038_0038.jpg 1 40 39 38 38
0420_0010_0024_0048_0048.jpg 1 10 24 48 48
0421_0021_0038_0041_0041.jpg 1 21 38 41 41
0422_0012_0055_0032_0032.jpg 1 12 55 32 32
0423_0052_0034_0037_0037.jpg 1 52 34 37 37
0424_0012_0015_0052_0052.jpg 1 12 15 52 52
0425_0008_0032_0039_0039.jpg 1 8 32 39 39
0426_0048_0006_0043_0043.jpg 1 48 6 43 43
0427_0043_0019_0044_0044.jpg 1 43 19 44 44
0428_0018_0041_0035_0035.jpg 1 18 41 35 35
0429_0014_0033_0037_0037.jpg 1 14 33 37 37
0430_0033_0015_0063_0063.jpg 1 33 15 63 63
0431_0031_0007_0045_0045.jpg 1 31 7 45 45
0432_0032_0004_0056_0056.jpg 1 32 4 56 56
0433_0040_0040_0038_0038.jpg 1 40 40 38 38
0434_0013_0021_0044_0044.jpg 1 13 21 44 44
0435_0022_0006_0065_0065.jpg 1 22 6 65 65
0436_0030_0059_0029_0029.jpg 1 30 59 29 29
0437_0006_0016_0069_0069.jpg 1 6 16 69 69
0438_0044_0050_0043_0043.jpg 1 44 50 43 43
0439_0026_0038_0039_0039.jpg 1 26 38 39 39
0440_0038_0015_0056_0056.jpg 1 38 15 56 56
0441_0013_0012_0067_0067.jpg 1 13 12 67 67
0442_0006_0016_0055_0055.jpg 1 6 16 55 55
0443_0033_0023_0062_0062.jpg 1 33 23 62 62
0444_0021_0025_0065_0065.jpg 1 21 25 65 65
0445_0017_0019_0036_0036.jpg 1 17 19 36 36
0446_0054_0015_0038_0038.jpg 1 54 15 38 38
0447_0036_0023_0030_0030.jpg 1 36 23 30 30
0448_0023_0007_0044_0044.jpg 1 23 7 44 44
0449_0040_0053_0037_0037.jpg 1 40 53 37 37
0450_0012_0020_0050_0050.jpg 1 12 20 50 50
0451_0009_0022_0064_0064.jpg 1 9 22 64 64
0452_0035_0006_0058_0058.jpg 1 35 6 58 58
0453_0010_0048_0034_0034.jpg 1 10 48 34 34
0454_0025_0045_0048_0048.jpg 1 25 45 48 48
0455_0026_0007_0039_0039.jpg 1 26 7 39 39
0456_0042_0023_0053_0053.jpg 1 42 23 53 53
0457_0020_0050_0040_0040.jpg 1 20 50 40 40
0458_0012_0048_0025_0025.jpg 1 12 48 25 25
0459_0061_0009_0024_0024.jpg 1 61 9 24 24
0460_0036_0030_0057_0057.jpg 1 36 30 57 57
0461_0019_0035_0058_0058.jpg 1 19 35 58 58
0462_0026_0021_0050_0050.jpg 1 26 21 50 50
0463_0008_0027_0032_0032.jpg 1 8 27 32 32
0464_0030_0030_0041_0041.jpg 1 30 30 41 41
0465_0029_0034_0056_0056.jpg 1 29 34 56 56
0466_0042_0009_0028_0028.jpg 1 42 9 28 28
0467_0040_0056_0036_0036.jpg 1 40 56 36 36
0468_0055_0041_0034_0034.jpg 1 55 41 34 34
0469_0053_0040_0038_0038.jpg 1 53 40 38 38
0470_0043_0051_0034_0034.jpg 1 43 51 34 34
0471_0013_0021_0066_0066.jpg 1 13 21 66 66
0472_0039_0013_0027_0027.jpg 1 39 13 27 27
0473_0014_0013_0052_0052.jpg 1 14 13 52 52
0474_0042_0061_0032_0032.jpg 1 42 61 32 32
0475_0048_0017_0029_0029.jpg 1 48 17 29 29
0476_0042_0046_0032_0032.jpg 1 42 46 32 32
0477_0044_0046_0039_0039.jpg 1 44 46 39 39
0478_0009_0014_0053_0053.jpg 1 9 14 53 53
0479_0022_0021_0060_0060.jpg 1 22 21 60 60
0480_0024_0033_0045_0045.jpg 1 24 33 45 45
0481_0016_0010_0044_0044.jpg 1 16 10 44 44
0482_0038_0025_0026_0026.jpg 1 38 25 26 26
0483_0006_0016_0057_0057.jpg 1 6 16 57 57
0484_0026_0011_0062_0062.jpg 1 26 11 62 62
0485_0025_0049_0030_0030.jpg 1 25 49 30 30
0486_0020_0025_0031_0031.jpg 1 20 25 31 31
0487_0024_0011_0066_0066.jpg 1 24 11 66 66
0488_0020_0011_0058_0058.jpg 1 20 11 58 58
0489_0030_0058_0026_0026.jpg 1 30 58 26 26
0490_0016_0009_0053_0053.jpg 1 16 9 53 53
0491_0027_0023_0069_0069.jpg 1 27 23 69 69
0492_0018_0056_0035_0035.jpg 1 18 56 35 35
0493_0018_0006_0052_0052.jpg 1 18 6 52 52
0494_0031_0006_0053_0053.jpg 1 31 6 53 53
0495_0030_0019_0063_0063.jpg 1 30 19 63 63
0496_0011_0025_0029_0029.jpg 1 11 25 29 29
0497_0047_0022_0026_0026.jpg 1 47 22 26 26
0498_0033_0017_0062_0062.jpg 1 33 17 62 62
0499_0025_0050_0037_0037.jpg 1 25 50 37 37
0500_0004_0021_0064_0064.jpg 1 4 21 64 64
0501_0005_0013_0048_0048.jpg 1 5 13 48 48
0502_0023_0026_0068_0068.jpg 1 23 26 68 68
0503_0030_0012_0053_0053.jpg 1 30 12 53 53
0504_0013_0025_0032_0032.jpg 1 13 25 32 32
0505_0037_0009_0028_0028.jpg 1 37 9 28 28
0506_0036_0025_0055_0055.jpg 1 36 25 55 55
0507_0015_0025_0058_0058.jpg 1 15 25 58 58
0508_0003_0015_0064_0064.jpg 1 3 15 64 64
0509_0016_0003_0069_0069.jpg 1 16 3 69 69
0510_0004_0027_0063_0063.jpg 1 4 27 63 63
0511_0029_0013_0061_0061.jpg 1 29 13 61 61
0512_0033_0017_0056_0056.jpg 1 33 17 56 56
0513_0031_0053_0031_0031.jpg 1 31 53 31 31
0514_0035_0044_0041_0041.jpg 1 35 44 41 41
0515_0029_0006_0066_0066.jpg 1 29 6 66 66
0516_0010_0012_0041_0041.jpg 1 10 12 41 41
0517_0015_0009_0065_0065.jpg 1 15 9 65 65
0518_0029_0033_0048_0048.jpg 1 29 33 48 48
0519_0024_0020_0068_0068.jpg 1 24 20 68 68
0520_0048_0047_0030_0030.jpg 1 48 47 30 30
0521_0048_0036_0026_0026.jpg 1 48 36 26 26
0522_0036_0029_0053_0053.jpg 1 36 29 53 53
0523_0023_0036_0052_0052.jpg 1 23 36 52 52
0524_0017_0052_0025_0025.jpg 1 17 52 25 25
0525_0026_0019_0040_0040.jpg 1 26 19 40 40
0526_0018_0041_0052_0052.jpg 1 18 41 52 52
0527_0037_0008_0057_0057.jpg 1 37 8 57 57
0528_0033_0027_0061_0061.jpg 1 33 27 61 61
0529_0017_0025_0064_0064.jpg 1 17 25 64 64
0530_0024_0005_0052_0052.jpg 1 24 5 52 52
0531_0045_0019_0029_0029.jpg 1 45 19 29 29
0532_0026_0022_0034_0034.jpg 1 26 22 34 34
0533_0022_0044_0040_0040.jpg 1 22 44 40 40
0534_0021_0024_0056_0056.jpg 1 21 24 56 56
0535_0039_0043_0038_0038.jpg 1 39 43 38 38
0536_0019_0018_0063_0063.jpg 1 19 18 63 63
0537_0026_0040_0033_0033.jpg 1 26 40 33 33
0538_0032_0016_0047_0047.jpg 1 32 16 47 47
0539_0019_0017_0059_0059.jpg 1 19 17 59 59
0540_0027_0004_0065_0065.jpg 1 27 4 65 65
0541_0030_0049_0037_0037.jpg 1 30 49 37 37
0542_0026_0023_0065_0065.jpg 1 26 23 65 65
0543_0013_0025_0051_0051.jpg 1 13 25 51 51
0544_0030_0046_0048_0048.jpg 1 30 46 48 48
0545_0018_0043_0048_0048.jpg 1 18 43 48 48
0546_0038_0039_0040_0040.jpg 1 38 39 40 40
0547_0015_0028_0062_0062.jpg 1 15 28 62 62
0548_0034_0035_0026_0026.jpg 1 34 35 26 26
0549_0033_0024_0040_0040.jpg 1 33 24 40 40
0550_0043_0026_0049_0049.jpg 1 43 26 49 49
0551_0020_0012_0065_0065.jpg 1 20 12 65 65
0552_0024_0004_0058_0058.jpg 1 24 4 58 58
0553_0044_0035_0042_0042.jpg 1 44 35 42 42
0554_0030_0015_0038_0038.jpg 1 30 15 38 38
0555_0038_0010_0034_0034.jpg 1 38 10 34 34
0556_0048_0025_0042_0042.jpg 1 48 25 42 42
0557_0025_0006_0064_0064.jpg 1 25 6 64 64
0558_0012_0025_0049_0049.jpg 1 12 25 49 49
0559_0018_0050_0033_0033.jpg 1 18 50 33 33
0560_0009_0014_0067_0067.jpg 1 9 14 67 67
0561_0039_0031_0049_0049.jpg 1 39 31 49 49
0562_0017_0027_0067_0067.jpg 1 17 27 67 67
0563_0017_0025_0039_0039.jpg 1 17 25 39 39
0564_0040_0055_0035_0035.jpg 1 40 55 35 35
0565_0015_0031_0063_0063.jpg 1 15 31 63 63
0566_0020_0026_0059_0059.jpg 1 20 26 59 59
0567_0003_0022_0068_0068.jpg 1 3 22 68 68
0568_0004_0018_0067_0067.jpg 1 4 18 67 67
0569_0018_0007_0045_0045.jpg 1 18 7 45 45
0570_0027_0014_0064_0064.jpg 1 27 14 64 64
0571_0016_0020_0037_0037.jpg 1 16 20 37 37
0572_0026_0031_0032_0032.jpg 1 26 31 32 32
0573_0054_0037_0038_0038.jpg 1 54 37 38 38
0574_0007_0040_0030_0030.jpg 1 7 40 30 30
0575_0017_0025_0052_0052.jpg 1 17 25 52 52
0576_0030_0020_0054_0054.jpg 1 30 20 54 54
0577_0015_0017_0061_0061.jpg 1 15 17 61 61
0578_0018_0018_0066_0066.jpg 1 18 18 66 66
0579_0010_0034_0026_0026.jpg 1 10 34 26 26
0580_0013_0018_0064_0064.jpg 1 13 18 64 64
0581_0044_0011_0043_0043.jpg 1 44 11 43 43
0582_0028_0044_0033_0033.jpg 1 28 44 33 33
0583_0020_0022_0054_0054.jpg 1 20 22 54 54
0584_0015_0028_0052_0052.jpg 1 15 28 52 52
0585_0033_0019_0054_0054.jpg 1 33 19 54 54
0586_0035_0026_0060_0060.jpg 1 35 26 60 60
0587_0013_0028_0064_0064.jpg 1 13 28 64 64
0588_0028_0018_0040_0040.jpg 1 28 18 40 40
0589_0018_0034_0050_0050.jpg 1 18 34 50 50
0590_0018_0018_0068_0068.jpg 1 18 18 68 68
0591_0041_0046_0048_0048.jpg 1 41 46 48 48
0592_0028_0007_0064_0064.jpg 1 28 7 64 64
0593_0017_0048_0035_0035.jpg 1 17 48 35 35
0594_0020_0011_0030_0030.jpg 1 20 11 30 30
0595_0031_0016_0045_0045.jpg 1 31 16 45 45
0596_0015_0037_0051_0051.jpg 1 15 37 51 51
0597_0037_0030_0050_0050.jpg 1 37 30 50 50
0598_0046_0053_0027_0027.jpg 1 46 53 27 27
0599_0032_0018_0057_0057.jpg 1 32 18 57 57
0600_0026_0017_0039_0039.jpg 1 26 17 39 39
0601_0014_0062_0029_0029.jpg 1 14 62 29 29
0602_0024_0028_0041_0041.jpg 1 24 28 41 41
0603_0025_0023_0065_0065.jpg 1 25 23 65 65
0604_0030_0029_0065_0065.jpg 1 30 29 65 65
0605_0019_0003_0064_0064.jpg 1 19 3 64 64
0606_0029_0031_0043_0043.jpg 1 29 31 43 43
0607_0028_0010_0046_0046.jpg 1 28 10 46 46
0608_0050_0021_0031_0031.jpg 1 50 21 31 31
0609_0016_0036_0052_0052.jpg 1 16 36 52 52
0610_0017_0021_0048_0048.jpg 1 17 21 48 48
0611_0033_0029_0044_0044.jpg 1 33 29 44 44
0612_0037_0011_0050_0050.jpg 1 37 11 50 50
0613_0053_0039_0038_0038.jpg 1 53 39 38 38
0614_0025_0033_0062_0062.jpg 1 25 33 62 62
0615_0036_0016_0056_0056.jpg 1 36 16 56 56
0616_0016_0014_0038_0038.jpg 1 16 14 38 38
0617_0014_0009_0053_0053.jpg 1 14 9 53 53
0618_0005_0026_0065_0065.jpg 1 5 26 65 65
0619_0035_0008_0058_0058.jpg 1 35 8 58 58
0620_0033_0016_0060_0060.jpg 1 33 16 60 60
0621_0014_0042_0041_0041.jpg 1 14 42 41 41
0622_0039_0021_0040_0040.jpg 1 39 21 40 40
0623_0008_0051_0036_0036.jpg 1 8 51 36 36
0624_0016_0011_0067_0067.jpg 1 16 11 67 67
0625_0044_0044_0025_0025.jpg 1 44 44 25 25
0626_0013_0037_0055_0055.jpg 1 13 37 55 55
0627_0034_0026_0053_0053.jpg 1 34 26 53 53
0628_0011_0047_0044_0044.jpg 1 11 47 44 44
0629_0010_0009_0065_0065.jpg 1 10 9 65 65
0630_0010_0049_0034_0034.jpg 1 10 49 34 34
0631_0009_0011_0045_0045.jpg 1 9 11 45 45
0632_0038_0024_0029_0029.jpg 1 38 24 29 29
0633_0046_0027_0045_0045.jpg 1 46 27 45 45
0634_0026_0022_0024_0024.jpg 1 26 22 24 24
0635_0029_0010_0042_0042.jpg 1 29 10 42 42
0636_0030_0021_0032_0032.jpg 1 30 21 32 32
0637_0030_0034_0053_0053.jpg 1 30 34 53 53
0638_0042_0054_0037_0037.jpg 1 42 54 37 37
0639_0016_0029_0031_0031.jpg 1 16 29 31 31
0640_0030_0006_0064_0064.jpg 1 30 6 64 64
0641_0028_0032_0060_0060.jpg 1 28 32 60 60
0642_0025_0037_0035_0035.jpg 1 25 37 35 35
0643_0025_0012_0024_0024.jpg 1 25 12 24 24
0644_0036_0035_0054_0054.jpg 1 36 35 54 54
0645_0011_0026_0051_0051.jpg 1 11 26 51 51
0646_0032_0021_0035_0035.jpg 1 32 21 35 35
0647_0017_0023_0056_0056.jpg 1 17 23 56 56
0648_0017_0012_0061_0061.jpg 1 17 12 61 61
0649_0025_0019_0039_0039.jpg 1 25 19 39 39
0650_0011_0019_0041_0041.jpg 1 11 19 41 41
0651_0034_0050_0028_0028.jpg 1 34 50 28 28
0652_0014_0012_0056_0056.jpg 1 14 12 56 56
0653_0011_0035_0056_0056.jpg 1 11 35 56 56
0654_0024_0015_0053_0053.jpg 1 24 15 53 53
0655_0033_0030_0063_0063.jpg 1 33 30 63 63
0656_0023_0003_0065_0065.jpg 1 23 3 65 65
0657_0024_0035_0053_0053.jpg 1 24 35 53 53
0658_0023_0007_0056_0056.jpg 1 23 7 56 56
0659_0032_0024_0035_0035.jpg 1 32 24 35 35
0660_0056_0022_0036_0036.jpg 1 56 22 36 36
0661_0017_0016_0066_0066.jpg 1 17 16 66 66
0662_0014_0013_0069_0069.jpg 1 14 13 69 69
0663_0015_0006_0069_0069.jpg 1 15 6 69 69
0664_0014_0030_0054_0054.jpg 1 14 30 54 54
0665_0054_0012_0032_0032.jpg 1 54 12 32 32
0666_0026_0033_0027_0027.jpg 1 26 33 27 27
0667_0018_0017_0064_0064.jpg 1 18 17 64 64
0668_0035_0041_0036_0036.jpg 1 35 41 36 36
0669_0035_0024_0059_0059.jpg 1 35 24 59 59
0670_0029_0012_0062_0062.jpg 1 29 12 62 62
0671_0010_0028_0032_0032.jpg 1 10 28 32 32
0672_0026_0009_0061_0061.jpg 1 26 9 61 61
0673_0020_0025_0064_0064.jpg 1 20 25 64 64
0674_0008_0019_0066_0066.jpg 1 8 19 66 66
0675_0014_0015_0066_0066.jpg 1 14 15 66 66
0676_0023_0036_0047_0047.jpg 1 23 36 47 47
0677_0024_0010_0062_0062.jpg 1 24 10 62 62
0678_0012_0033_0032_0032.jpg 1 12 33 32 32
0679_0044_0052_0029_0029.jpg 1 44 52 29 29
0680_0003_0015_0062_0062.jpg 1 3 15 62 62
0681_0015_0025_0059_0059.jpg 1 15 25 59 59
0682_0018_0020_0035_0035.jpg 1 18 20 35 35
0683_0029_0037_0026_0026.jpg 1 29 37 26 26
0684_0034_0041_0041_0041.jpg 1 34 41 41 41
0685_0012_0024_0024_0024.jpg 1 12 24 24 24
0686_0050_0051_0025_0025.jpg 1 50 51 25 25
0687_0008_0021_0059_0059.jpg 1 8 21 59 59
0688_0011_0045_0026_0026.jpg 1 11 45 26 26
0689_0050_0033_0039_0039.jpg 1 50 33 39 39
0690_0043_0019_0039_0039.jpg 1 43 19 39 39
0691_0004_0018_0063_0063.jpg 1 4 18 63 63
0692_0034_0034_0054_0054.jpg 1 34 34 54 54
0693_0006_0025_0064_0064.jpg 1 6 25 64 64
0694_0013_0013_0069_0069.jpg 1 13 13 69 69
0695_0048_0025_0025_0025.jpg 1 48 25 25 25
0696_0050_0011_0034_0034.jpg 1 50 11 34 34
0697_0039_0035_0039_0039.jpg 1 39 35 39 39
0698_0059_0057_0031_0031.jpg 1 59 57 31 31
0699_0032_0040_0040_0040.jpg 1 32 40 40 40
0700_0004_0004_0068_0068.jpg 1 4 4 68 68
0701_0036_0008_0024_0024.jpg 1 36 8 24 24
0702_0013_0019_0036_0036.jpg 1 13 19 36 36
0703_0024_0043_0049_0049.jpg 1 24 43 49 49
0704_0028_0014_0043_0043.jpg 1 28 14 43 43
0705_0039_0008_0054_0054.jpg 1 39 8 54 54
0706_0011_0026_0059_0059.jpg 1 11 26 59 59
0707_0032_0021_0056_0056.jpg 1 32 21 56 56
0708_0009_0054_0029_0029.jpg 1 9 54 29 29
0709_0011_0040_0052_0052.jpg 1 11 40 52 52
0710_0018_0004_0069_0069.jpg 1 18 4 69 69
0711_0011_0004_0067_0067.jpg 1 11 4 67 67
0712_0050_0019_0024_0024.jpg 1 50 19 24 24
0713_0025_0013_0040_0040.jpg 1 25 13 40 40
0714_0035_0020_0038_0038.jpg 1 35 20 38 38
0715_0026_0006_0065_0065.jpg 1 26 6 65 65
0716_0013_0005_0069_0069.jpg 1 13 5 69 69
0717_0019_0015_0066_0066.jpg 1 19 15 66 66
0718_0013_0036_0038_0038.jpg 1 13 36 38 38
0719_0012_0006_0039_0039.jpg 1 12 6 39 39
0720_0008_0033_0054_0054.jpg 1 8 33 54 54
0721_0009_0044_0048_0048.jpg 1 9 44 48 48
0722_0003_0023_0064_0064.jpg 1 3 23 64 64
0723_0014_0009_0044_0044.jpg 1 14 9 44 44
0724_0039_0048_0024_0024.jpg 1 39 48 24 24
0725_0044_0038_0034_0034.jpg 1 44 38 34 34
0726_0046_0029_0041_0041.jpg 1 46 29 41 41
0727_0014_0036_0051_0051.jpg 1 14 36 51 51
0728_0048_0045_0031_0031.jpg 1 48 45 31 31
0729_0023_0027_0060_0060.jpg 1 23 27 60 60
0730_0028_0031_0044_0044.jpg 1 28 31 44 44
0731_0052_0060_0027_0027.jpg 1 52 60 27 27
0732_0036_0036_0050_0050.jpg 1 36 36 50 50
0733_0011_0010_0069_0069.jpg 1 11 10 69 69
0734_0035_0053_0028_0028.jpg 1 35 53 28 28
0735_0011_0005_0069_0069.jpg 1 11 5 69 69
0736_0019_0027_0040_0040.jpg 1 19 27 40 40
0737_0016_0039_0024_0024.jpg 1 16 39 24 24
0738_0014_0042_0039_0039.jpg 1 14 42 39 39
0739_0024_0031_0064_0064.jpg 1 24 31 64 64
0740_0042_0011_0043_0043.jpg 1 42 11 43 43
0741_0042_0023_0038_0038.jpg 1 42 23 38 38
0742_0023_0020_0065_0065.jpg 1 23 20 65 65
0743_0013_0040_0034_0034.jpg 1 13 40 34 34
0744_0008_0032_0060_0060.jpg 1 8 32 60 60
0745_0030_0013_0025_0025.jpg 1 30 13 25 25
0746_0017_0012_0053_0053.jpg 1 17 12 53 53
0747_0046_0028_0030_0030.jpg 1 46 28 30 30
0748_0032_0033_0053_0053.jpg 1 32 33 53 53
0749_0057_0048_0028_0028.jpg 1 57 48 28 28
0750_0015_0011_0026_0026.jpg 1 15 11 26 26
0751_0034_0011_0034_0034.jpg 1 34 11 34 34
0752_0013_0006_0052_0052.jpg 1 13 6 52 52
0753_0011_0023_0056_0056.jpg 1 11 23 56 56
0754_0039_0023_0052_0052.jpg 1 39 23 52 52
0755_0021_0025_0053_0053.jpg 1 21 25 53 53
0756_0018_0027_0050_0050.jpg 1 18 27 50 50
0757_0045_0062_0026_0026.jpg 1 45 62 26 26
0758_0009_0034_0033_0033.jpg 1 9 34 33 33
0759_0014_0022_0068_0068.jpg 1 14 22 68 68
0760_0008_0019_0065_0065.jpg 1 8 19 65 65
0761_0038_0042_0041_0041.jpg 1 38 42 41 41
0762_0008_0029_0058_0058.jpg 1 8 29 58 58
0763_0016_0007_0058_0058.jpg 1 16 7 58 58
0764_0009_0038_0033_0033.jpg 1 9 38 33 33
0765_0029_0018_0059_0059.jpg 1 29 18 59 59
0766_0020_0016_0053_0053.jpg 1 20 16 53 53
0767_0029_0031_0063_0063.jpg 1 29 31 63 63
0768_0051_0056_0029_0029.jpg 1 51 56 29 29
0769_0023_0028_0055_0055.jpg 1 23 28 55 55
0770_0008_0026_0066_0066.jpg 1 8 26 66 66
0771_0011_0020_0034_0034.jpg 1 11 20 34 34
0772_0021_0036_0038_0038.jpg 1 21 36 38 38
0773_0018_0019_0045_0045.jpg 1 18 19 45 45
0774_0038_0013_0054_0054.jpg 1 38 13 54 54
0775_0010_0018_0058_0058.jpg 1 10 18 58 58
0776_0006_0004_0068_0068.jpg 1 6 4 68 68
0777_0004_0029_0065_0065.jpg 1 4 29 65 65
0778_0042_0016_0048_0048.jpg 1 42 16 48 48
0779_0007_0026_0064_0064.jpg 1 7 26 64 64
0780_0049_0014_0042_0042.jpg 1 49 14 42 42
0781_0012_0039_0048_0048.jpg 1 12 39 48 48
0782_0027_0042_0051_0051.jpg 1 27 42 51 51
0783_0030_0044_0047_0047.jpg 1 30 44 47 47
0784_0020_0030_0065_0065.jpg 1 20 30 65 65
0785_0009_0020_0037_0037.jpg 1 9 20 37 37
0786_0050_0022_0035_0035.jpg 1 50 22 35 35
0787_0047_0017_0041_0041.jpg 1 47 17 41 41
0788_0012_0005_0061_0061.jpg 1 12 5 61 61
0789_0029_0014_0064_0064.jpg 1 29 14 64 64
0790_0025_0011_0069_0069.jpg 1 25 11 69 69
0791_0061_0011_0024_0024.jpg 1 61 11 24 24
0792_0016_0037_0037_0037.jpg 1 16 37 37 37
0793_0030_0036_0052_0052.jpg 1 30 36 52 52
0794_0026_0048_0037_0037.jpg 1 26 48 37 37
0795_0013_0008_0069_0069.jpg 1 13 8 69 69
0796_0034_0025_0033_0033.jpg 1 34 25 33 33
0797_0025_0043_0046_0046.jpg 1 25 43 46 46
0798_0063_0015_0026_0026.jpg 1 63 15 26 26
0799_0010_0026_0054_0054.jpg 1 10 26 54 54
0800_0010_0027_0063_0063.jpg 1 10 27 63 63
